[2022-07-26 09:31:35,517] {taskinstance.py:1179} INFO - Dependencies all met for <TaskInstance: dataquality_pipeline_v1.upload_to_s3_2019-01 manual__2022-07-26T09:31:20.211065+00:00 [queued]>
[2022-07-26 09:31:35,591] {taskinstance.py:1179} INFO - Dependencies all met for <TaskInstance: dataquality_pipeline_v1.upload_to_s3_2019-01 manual__2022-07-26T09:31:20.211065+00:00 [queued]>
[2022-07-26 09:31:35,591] {taskinstance.py:1376} INFO - 
--------------------------------------------------------------------------------
[2022-07-26 09:31:35,591] {taskinstance.py:1377} INFO - Starting attempt 1 of 1
[2022-07-26 09:31:35,591] {taskinstance.py:1378} INFO - 
--------------------------------------------------------------------------------
[2022-07-26 09:31:35,711] {taskinstance.py:1397} INFO - Executing <Task(LocalFilesystemToS3Operator): upload_to_s3_2019-01> on 2022-07-26 09:31:20.211065+00:00
[2022-07-26 09:31:35,765] {standard_task_runner.py:52} INFO - Started process 1542 to run task
[2022-07-26 09:31:35,795] {standard_task_runner.py:79} INFO - Running: ['***', 'tasks', 'run', 'dataquality_pipeline_v1', 'upload_to_s3_2019-01', 'manual__2022-07-26T09:31:20.211065+00:00', '--job-id', '108', '--raw', '--subdir', 'DAGS_FOLDER/dataquality_pipeline_v1.py', '--cfg-path', '/tmp/tmpqc4wdsn3', '--error-file', '/tmp/tmpcfugp9hr']
[2022-07-26 09:31:35,810] {standard_task_runner.py:80} INFO - Job 108: Subtask upload_to_s3_2019-01
[2022-07-26 09:31:36,233] {task_command.py:371} INFO - Running <TaskInstance: dataquality_pipeline_v1.upload_to_s3_2019-01 manual__2022-07-26T09:31:20.211065+00:00 [running]> on host d19767594dfa
[2022-07-26 09:31:36,775] {taskinstance.py:1591} INFO - Exporting the following env vars:
AIRFLOW_CTX_DAG_OWNER=***
AIRFLOW_CTX_DAG_ID=dataquality_pipeline_v1
AIRFLOW_CTX_TASK_ID=upload_to_s3_2019-01
AIRFLOW_CTX_EXECUTION_DATE=2022-07-26T09:31:20.211065+00:00
AIRFLOW_CTX_TRY_NUMBER=1
AIRFLOW_CTX_DAG_RUN_ID=manual__2022-07-26T09:31:20.211065+00:00
[2022-07-26 09:31:36,841] {base.py:68} INFO - Using connection ID 'aws-conn' for task execution.
[2022-07-26 09:31:36,847] {base_aws.py:206} INFO - Credentials retrieved from login
[2022-07-26 09:31:39,005] {taskinstance.py:1420} INFO - Marking task as SUCCESS. dag_id=dataquality_pipeline_v1, task_id=upload_to_s3_2019-01, execution_date=20220726T093120, start_date=20220726T093135, end_date=20220726T093139
[2022-07-26 09:31:39,079] {local_task_job.py:156} INFO - Task exited with return code 0
[2022-07-26 09:31:39,280] {local_task_job.py:273} INFO - 0 downstream tasks scheduled from follow-on schedule check
