[2022-07-27 18:46:23,401] {taskinstance.py:1179} INFO - Dependencies all met for <TaskInstance: dataquality_pipeline_v3.row_quality_checks.row_quality_check manual__2022-07-27T18:45:32.236182+00:00 [queued]>
[2022-07-27 18:46:23,515] {taskinstance.py:1179} INFO - Dependencies all met for <TaskInstance: dataquality_pipeline_v3.row_quality_checks.row_quality_check manual__2022-07-27T18:45:32.236182+00:00 [queued]>
[2022-07-27 18:46:23,516] {taskinstance.py:1376} INFO - 
--------------------------------------------------------------------------------
[2022-07-27 18:46:23,516] {taskinstance.py:1377} INFO - Starting attempt 1 of 1
[2022-07-27 18:46:23,516] {taskinstance.py:1378} INFO - 
--------------------------------------------------------------------------------
[2022-07-27 18:46:23,623] {taskinstance.py:1397} INFO - Executing <Task(SnowflakeCheckOperator): row_quality_checks.row_quality_check> on 2022-07-27 18:45:32.236182+00:00
[2022-07-27 18:46:23,644] {standard_task_runner.py:52} INFO - Started process 8002 to run task
[2022-07-27 18:46:23,676] {standard_task_runner.py:79} INFO - Running: ['***', 'tasks', 'run', 'dataquality_pipeline_v3', 'row_quality_checks.row_quality_check', 'manual__2022-07-27T18:45:32.236182+00:00', '--job-id', '154', '--raw', '--subdir', 'DAGS_FOLDER/dataquality_pipeline_v3.py', '--cfg-path', '/tmp/tmpg_puqu_g', '--error-file', '/tmp/tmpic24dkr3']
[2022-07-27 18:46:23,678] {standard_task_runner.py:80} INFO - Job 154: Subtask row_quality_checks.row_quality_check
[2022-07-27 18:46:24,200] {task_command.py:371} INFO - Running <TaskInstance: dataquality_pipeline_v3.row_quality_checks.row_quality_check manual__2022-07-27T18:45:32.236182+00:00 [running]> on host 2c2de32fb47f
[2022-07-27 18:46:26,399] {taskinstance.py:1591} INFO - Exporting the following env vars:
AIRFLOW_CTX_DAG_EMAIL=abin404@yopmail.com
AIRFLOW_CTX_DAG_OWNER=***
AIRFLOW_CTX_DAG_ID=dataquality_pipeline_v3
AIRFLOW_CTX_TASK_ID=row_quality_checks.row_quality_check
AIRFLOW_CTX_EXECUTION_DATE=2022-07-27T18:45:32.236182+00:00
AIRFLOW_CTX_TRY_NUMBER=1
AIRFLOW_CTX_DAG_RUN_ID=manual__2022-07-27T18:45:32.236182+00:00
[2022-07-27 18:46:26,401] {sql.py:139} INFO - Executing SQL check: -- Query to check row items
SELECT vendor_id, pickup_datetime,
  CASE WHEN dropoff_datetime > pickup_datetime THEN 1 ELSE 0 END AS date_check,
  CASE WHEN passenger_count >= 0 THEN 1 ELSE 0 END AS passenger_count_check,
  CASE WHEN trip_distance >= 0 AND trip_distance <= 100 THEN 1 ELSE 0 END AS trip_distance_check,
  CASE WHEN ROUND((fare_amount + extra + mta_tax + tip_amount + improvement_surcharge + COALESCE(congestion_surcharge, 0)), 1) = ROUND(total_amount, 1) THEN 1
       WHEN ROUND(fare_amount + extra + mta_tax + tip_amount + improvement_surcharge, 1) = ROUND(total_amount, 1) THEN 1 ELSE 0 END AS fare_check
FROM YELLOW_TRIPDATA
WHERE pickup_datetime IN (SELECT pickup_datetime FROM YELLOW_TRIPDATA ORDER BY RANDOM() LIMIT 1)
[2022-07-27 18:46:26,506] {base.py:68} INFO - Using connection ID 'snowflake_default' for task execution.
[2022-07-27 18:46:26,546] {connection.py:262} INFO - Snowflake Connector for Python Version: 2.7.9, Python Version: 3.7.13, Platform: Linux-5.15.0-1014-azure-x86_64-with-debian-11.4
[2022-07-27 18:46:26,600] {connection.py:877} INFO - This connection is in OCSP Fail Open Mode. TLS Certificates would be checked for validity and revocation status. Any other Certificate Revocation related exceptions or OCSP Responder failures would be disregarded in favor of connectivity.
[2022-07-27 18:46:26,601] {connection.py:894} INFO - Setting use_openssl_only mode to False
[2022-07-27 18:46:31,063] {cursor.py:710} INFO - query: [-- Query to check row items SELECT vendor_id, pickup_datetime, CASE WHEN dropoff...]
[2022-07-27 18:46:31,775] {cursor.py:734} INFO - query execution done
[2022-07-27 18:46:31,777] {connection.py:507} INFO - closed
[2022-07-27 18:46:32,031] {connection.py:510} INFO - No async queries seem to be running, deleting session
[2022-07-27 18:46:32,343] {sql.py:142} INFO - Record: (1, datetime.datetime(2020, 5, 1, 0, 23, 8), 1, 1, 1, 1)
[2022-07-27 18:46:32,345] {sql.py:148} INFO - Success.
[2022-07-27 18:46:33,165] {taskinstance.py:1420} INFO - Marking task as SUCCESS. dag_id=dataquality_pipeline_v3, task_id=row_quality_checks.row_quality_check, execution_date=20220727T184532, start_date=20220727T184623, end_date=20220727T184633
[2022-07-27 18:46:33,377] {local_task_job.py:156} INFO - Task exited with return code 0
[2022-07-27 18:46:33,946] {local_task_job.py:273} INFO - 0 downstream tasks scheduled from follow-on schedule check
