[2022-07-23 09:20:50,693] {taskinstance.py:1179} INFO - Dependencies all met for <TaskInstance: local_to_snowflake.add_upload_date__1 manual__2022-07-23T09:20:46.397960+00:00 [queued]>
[2022-07-23 09:20:50,726] {taskinstance.py:1179} INFO - Dependencies all met for <TaskInstance: local_to_snowflake.add_upload_date__1 manual__2022-07-23T09:20:46.397960+00:00 [queued]>
[2022-07-23 09:20:50,727] {taskinstance.py:1376} INFO - 
--------------------------------------------------------------------------------
[2022-07-23 09:20:50,727] {taskinstance.py:1377} INFO - Starting attempt 1 of 1
[2022-07-23 09:20:50,727] {taskinstance.py:1378} INFO - 
--------------------------------------------------------------------------------
[2022-07-23 09:20:50,776] {taskinstance.py:1397} INFO - Executing <Task(_PythonDecoratedOperator): add_upload_date__1> on 2022-07-23 09:20:46.397960+00:00
[2022-07-23 09:20:50,786] {standard_task_runner.py:52} INFO - Started process 799 to run task
[2022-07-23 09:20:50,797] {standard_task_runner.py:79} INFO - Running: ['***', 'tasks', 'run', 'local_to_snowflake', 'add_upload_date__1', 'manual__2022-07-23T09:20:46.397960+00:00', '--job-id', '55', '--raw', '--subdir', 'DAGS_FOLDER/localtosnowflake.py', '--cfg-path', '/tmp/tmpizsway06', '--error-file', '/tmp/tmpm6dpv0oi']
[2022-07-23 09:20:50,800] {standard_task_runner.py:80} INFO - Job 55: Subtask add_upload_date__1
[2022-07-23 09:20:50,982] {task_command.py:371} INFO - Running <TaskInstance: local_to_snowflake.add_upload_date__1 manual__2022-07-23T09:20:46.397960+00:00 [running]> on host cbd64c50b1d6
[2022-07-23 09:20:51,211] {taskinstance.py:1591} INFO - Exporting the following env vars:
AIRFLOW_CTX_DAG_OWNER=***
AIRFLOW_CTX_DAG_ID=local_to_snowflake
AIRFLOW_CTX_TASK_ID=add_upload_date__1
AIRFLOW_CTX_EXECUTION_DATE=2022-07-23T09:20:46.397960+00:00
AIRFLOW_CTX_TRY_NUMBER=1
AIRFLOW_CTX_DAG_RUN_ID=manual__2022-07-23T09:20:46.397960+00:00
[2022-07-23 09:20:51,480] {python.py:173} INFO - Done. Returned value was: None
[2022-07-23 09:20:51,565] {taskinstance.py:1420} INFO - Marking task as SUCCESS. dag_id=local_to_snowflake, task_id=add_upload_date__1, execution_date=20220723T092046, start_date=20220723T092050, end_date=20220723T092051
[2022-07-23 09:20:51,655] {local_task_job.py:156} INFO - Task exited with return code 0
[2022-07-23 09:20:51,893] {local_task_job.py:273} INFO - 0 downstream tasks scheduled from follow-on schedule check
