[2022-07-27 18:45:35,643] {taskinstance.py:1179} INFO - Dependencies all met for <TaskInstance: dataquality_pipeline_v3.add_upload_date manual__2022-07-27T18:45:32.236182+00:00 [queued]>
[2022-07-27 18:45:35,703] {taskinstance.py:1179} INFO - Dependencies all met for <TaskInstance: dataquality_pipeline_v3.add_upload_date manual__2022-07-27T18:45:32.236182+00:00 [queued]>
[2022-07-27 18:45:35,703] {taskinstance.py:1376} INFO - 
--------------------------------------------------------------------------------
[2022-07-27 18:45:35,703] {taskinstance.py:1377} INFO - Starting attempt 1 of 1
[2022-07-27 18:45:35,704] {taskinstance.py:1378} INFO - 
--------------------------------------------------------------------------------
[2022-07-27 18:45:35,759] {taskinstance.py:1397} INFO - Executing <Task(_PythonDecoratedOperator): add_upload_date> on 2022-07-27 18:45:32.236182+00:00
[2022-07-27 18:45:35,778] {standard_task_runner.py:52} INFO - Started process 7931 to run task
[2022-07-27 18:45:35,801] {standard_task_runner.py:79} INFO - Running: ['***', 'tasks', 'run', 'dataquality_pipeline_v3', 'add_upload_date', 'manual__2022-07-27T18:45:32.236182+00:00', '--job-id', '146', '--raw', '--subdir', 'DAGS_FOLDER/dataquality_pipeline_v3.py', '--cfg-path', '/tmp/tmpsl5oa_rr', '--error-file', '/tmp/tmp8nzsjf42']
[2022-07-27 18:45:35,806] {standard_task_runner.py:80} INFO - Job 146: Subtask add_upload_date
[2022-07-27 18:45:36,033] {task_command.py:371} INFO - Running <TaskInstance: dataquality_pipeline_v3.add_upload_date manual__2022-07-27T18:45:32.236182+00:00 [running]> on host 2c2de32fb47f
[2022-07-27 18:45:36,313] {taskinstance.py:1591} INFO - Exporting the following env vars:
AIRFLOW_CTX_DAG_EMAIL=abin404@yopmail.com
AIRFLOW_CTX_DAG_OWNER=***
AIRFLOW_CTX_DAG_ID=dataquality_pipeline_v3
AIRFLOW_CTX_TASK_ID=add_upload_date
AIRFLOW_CTX_EXECUTION_DATE=2022-07-27T18:45:32.236182+00:00
AIRFLOW_CTX_TRY_NUMBER=1
AIRFLOW_CTX_DAG_RUN_ID=manual__2022-07-27T18:45:32.236182+00:00
[2022-07-27 18:45:36,819] {python.py:173} INFO - Done. Returned value was: None
[2022-07-27 18:45:36,860] {taskinstance.py:1420} INFO - Marking task as SUCCESS. dag_id=dataquality_pipeline_v3, task_id=add_upload_date, execution_date=20220727T184532, start_date=20220727T184535, end_date=20220727T184536
[2022-07-27 18:45:36,995] {local_task_job.py:156} INFO - Task exited with return code 0
[2022-07-27 18:45:37,170] {local_task_job.py:273} INFO - 1 downstream tasks scheduled from follow-on schedule check
