[2022-07-28 09:52:09,578] {taskinstance.py:1179} INFO - Dependencies all met for <TaskInstance: dataquality_pipeline_v4.row_quality_checks.trip_distance_check manual__2022-07-28T09:51:01.397439+00:00 [queued]>
[2022-07-28 09:52:09,683] {taskinstance.py:1179} INFO - Dependencies all met for <TaskInstance: dataquality_pipeline_v4.row_quality_checks.trip_distance_check manual__2022-07-28T09:51:01.397439+00:00 [queued]>
[2022-07-28 09:52:09,683] {taskinstance.py:1376} INFO - 
--------------------------------------------------------------------------------
[2022-07-28 09:52:09,683] {taskinstance.py:1377} INFO - Starting attempt 1 of 1
[2022-07-28 09:52:09,683] {taskinstance.py:1378} INFO - 
--------------------------------------------------------------------------------
[2022-07-28 09:52:09,804] {taskinstance.py:1397} INFO - Executing <Task(SnowflakeCheckOperator): row_quality_checks.trip_distance_check> on 2022-07-28 09:51:01.397439+00:00
[2022-07-28 09:52:09,842] {standard_task_runner.py:52} INFO - Started process 1526 to run task
[2022-07-28 09:52:09,883] {standard_task_runner.py:79} INFO - Running: ['***', 'tasks', 'run', 'dataquality_pipeline_v4', 'row_quality_checks.trip_distance_check', 'manual__2022-07-28T09:51:01.397439+00:00', '--job-id', '211', '--raw', '--subdir', 'DAGS_FOLDER/dataquality_pipeline_v4.py', '--cfg-path', '/tmp/tmpk5uco6t6', '--error-file', '/tmp/tmphzdjubp_']
[2022-07-28 09:52:09,898] {standard_task_runner.py:80} INFO - Job 211: Subtask row_quality_checks.trip_distance_check
[2022-07-28 09:52:10,827] {task_command.py:371} INFO - Running <TaskInstance: dataquality_pipeline_v4.row_quality_checks.trip_distance_check manual__2022-07-28T09:51:01.397439+00:00 [running]> on host 2c2de32fb47f
[2022-07-28 09:52:12,253] {taskinstance.py:1591} INFO - Exporting the following env vars:
AIRFLOW_CTX_DAG_EMAIL=abin404@yopmail.com
AIRFLOW_CTX_DAG_OWNER=***
AIRFLOW_CTX_DAG_ID=dataquality_pipeline_v4
AIRFLOW_CTX_TASK_ID=row_quality_checks.trip_distance_check
AIRFLOW_CTX_EXECUTION_DATE=2022-07-28T09:51:01.397439+00:00
AIRFLOW_CTX_TRY_NUMBER=1
AIRFLOW_CTX_DAG_RUN_ID=manual__2022-07-28T09:51:01.397439+00:00
[2022-07-28 09:52:12,255] {sql.py:139} INFO - Executing SQL check: -- Template to check various columns in the yellow tripdata data set.
SELECT MIN(trip_distance_check)
FROM(
  SELECT
    CASE WHEN trip_distance >= 0 AND trip_distance <= 100 THEN 1 ELSE 0 END AS trip_distance_check
  FROM YELLOW_TRIPDATA
)
[2022-07-28 09:52:12,325] {base.py:68} INFO - Using connection ID 'snowflake_default' for task execution.
[2022-07-28 09:52:12,391] {connection.py:262} INFO - Snowflake Connector for Python Version: 2.7.9, Python Version: 3.7.13, Platform: Linux-5.15.0-1014-azure-x86_64-with-debian-11.4
[2022-07-28 09:52:12,418] {connection.py:877} INFO - This connection is in OCSP Fail Open Mode. TLS Certificates would be checked for validity and revocation status. Any other Certificate Revocation related exceptions or OCSP Responder failures would be disregarded in favor of connectivity.
[2022-07-28 09:52:12,418] {connection.py:894} INFO - Setting use_openssl_only mode to False
[2022-07-28 09:52:18,434] {cursor.py:710} INFO - query: [-- Template to check various columns in the yellow tripdata data set. SELECT MIN...]
[2022-07-28 09:52:18,881] {cursor.py:734} INFO - query execution done
[2022-07-28 09:52:18,883] {connection.py:507} INFO - closed
[2022-07-28 09:52:19,184] {connection.py:510} INFO - No async queries seem to be running, deleting session
[2022-07-28 09:52:19,470] {sql.py:142} INFO - Record: (1,)
[2022-07-28 09:52:19,471] {sql.py:148} INFO - Success.
[2022-07-28 09:52:20,141] {taskinstance.py:1420} INFO - Marking task as SUCCESS. dag_id=dataquality_pipeline_v4, task_id=row_quality_checks.trip_distance_check, execution_date=20220728T095101, start_date=20220728T095209, end_date=20220728T095220
[2022-07-28 09:52:20,398] {local_task_job.py:156} INFO - Task exited with return code 0
[2022-07-28 09:52:20,800] {local_task_job.py:273} INFO - 0 downstream tasks scheduled from follow-on schedule check
