[2022-07-23 05:27:51,366] {taskinstance.py:1179} INFO - Dependencies all met for <TaskInstance: Data_Quality_Pipeline.add_upload_date manual__2022-07-23T05:27:47.881604+00:00 [queued]>
[2022-07-23 05:27:51,383] {taskinstance.py:1179} INFO - Dependencies all met for <TaskInstance: Data_Quality_Pipeline.add_upload_date manual__2022-07-23T05:27:47.881604+00:00 [queued]>
[2022-07-23 05:27:51,383] {taskinstance.py:1376} INFO - 
--------------------------------------------------------------------------------
[2022-07-23 05:27:51,383] {taskinstance.py:1377} INFO - Starting attempt 1 of 1
[2022-07-23 05:27:51,383] {taskinstance.py:1378} INFO - 
--------------------------------------------------------------------------------
[2022-07-23 05:27:51,413] {taskinstance.py:1397} INFO - Executing <Task(_PythonDecoratedOperator): add_upload_date> on 2022-07-23 05:27:47.881604+00:00
[2022-07-23 05:27:51,421] {standard_task_runner.py:52} INFO - Started process 38758 to run task
[2022-07-23 05:27:51,431] {standard_task_runner.py:79} INFO - Running: ['***', 'tasks', 'run', 'Data_Quality_Pipeline', 'add_upload_date', 'manual__2022-07-23T05:27:47.881604+00:00', '--job-id', '33', '--raw', '--subdir', 'DAGS_FOLDER/localtos3.py', '--cfg-path', '/tmp/tmpdy718hrc', '--error-file', '/tmp/tmpcltpxzkm']
[2022-07-23 05:27:51,445] {standard_task_runner.py:80} INFO - Job 33: Subtask add_upload_date
[2022-07-23 05:27:51,587] {task_command.py:371} INFO - Running <TaskInstance: Data_Quality_Pipeline.add_upload_date manual__2022-07-23T05:27:47.881604+00:00 [running]> on host d30608300872
[2022-07-23 05:27:51,757] {taskinstance.py:1591} INFO - Exporting the following env vars:
AIRFLOW_CTX_DAG_OWNER=***
AIRFLOW_CTX_DAG_ID=Data_Quality_Pipeline
AIRFLOW_CTX_TASK_ID=add_upload_date
AIRFLOW_CTX_EXECUTION_DATE=2022-07-23T05:27:47.881604+00:00
AIRFLOW_CTX_TRY_NUMBER=1
AIRFLOW_CTX_DAG_RUN_ID=manual__2022-07-23T05:27:47.881604+00:00
[2022-07-23 05:27:51,990] {python.py:173} INFO - Done. Returned value was: None
[2022-07-23 05:27:52,012] {taskinstance.py:1420} INFO - Marking task as SUCCESS. dag_id=Data_Quality_Pipeline, task_id=add_upload_date, execution_date=20220723T052747, start_date=20220723T052751, end_date=20220723T052752
[2022-07-23 05:27:52,097] {local_task_job.py:156} INFO - Task exited with return code 0
[2022-07-23 05:27:52,176] {local_task_job.py:273} INFO - 1 downstream tasks scheduled from follow-on schedule check
