[2022-07-27 18:45:36,074] {taskinstance.py:1179} INFO - Dependencies all met for <TaskInstance: dataquality_pipeline_v3.add_upload_date__1 manual__2022-07-27T18:45:32.236182+00:00 [queued]>
[2022-07-27 18:45:36,096] {taskinstance.py:1179} INFO - Dependencies all met for <TaskInstance: dataquality_pipeline_v3.add_upload_date__1 manual__2022-07-27T18:45:32.236182+00:00 [queued]>
[2022-07-27 18:45:36,097] {taskinstance.py:1376} INFO - 
--------------------------------------------------------------------------------
[2022-07-27 18:45:36,097] {taskinstance.py:1377} INFO - Starting attempt 1 of 1
[2022-07-27 18:45:36,097] {taskinstance.py:1378} INFO - 
--------------------------------------------------------------------------------
[2022-07-27 18:45:36,131] {taskinstance.py:1397} INFO - Executing <Task(_PythonDecoratedOperator): add_upload_date__1> on 2022-07-27 18:45:32.236182+00:00
[2022-07-27 18:45:36,156] {standard_task_runner.py:52} INFO - Started process 7932 to run task
[2022-07-27 18:45:36,173] {standard_task_runner.py:79} INFO - Running: ['***', 'tasks', 'run', 'dataquality_pipeline_v3', 'add_upload_date__1', 'manual__2022-07-27T18:45:32.236182+00:00', '--job-id', '147', '--raw', '--subdir', 'DAGS_FOLDER/dataquality_pipeline_v3.py', '--cfg-path', '/tmp/tmpadk_o0ii', '--error-file', '/tmp/tmpewsewhu_']
[2022-07-27 18:45:36,187] {standard_task_runner.py:80} INFO - Job 147: Subtask add_upload_date__1
[2022-07-27 18:45:36,324] {task_command.py:371} INFO - Running <TaskInstance: dataquality_pipeline_v3.add_upload_date__1 manual__2022-07-27T18:45:32.236182+00:00 [running]> on host 2c2de32fb47f
[2022-07-27 18:45:36,535] {taskinstance.py:1591} INFO - Exporting the following env vars:
AIRFLOW_CTX_DAG_EMAIL=abin404@yopmail.com
AIRFLOW_CTX_DAG_OWNER=***
AIRFLOW_CTX_DAG_ID=dataquality_pipeline_v3
AIRFLOW_CTX_TASK_ID=add_upload_date__1
AIRFLOW_CTX_EXECUTION_DATE=2022-07-27T18:45:32.236182+00:00
AIRFLOW_CTX_TRY_NUMBER=1
AIRFLOW_CTX_DAG_RUN_ID=manual__2022-07-27T18:45:32.236182+00:00
[2022-07-27 18:45:36,853] {python.py:173} INFO - Done. Returned value was: None
[2022-07-27 18:45:36,957] {taskinstance.py:1420} INFO - Marking task as SUCCESS. dag_id=dataquality_pipeline_v3, task_id=add_upload_date__1, execution_date=20220727T184532, start_date=20220727T184536, end_date=20220727T184536
[2022-07-27 18:45:37,057] {local_task_job.py:156} INFO - Task exited with return code 0
[2022-07-27 18:45:37,247] {local_task_job.py:273} INFO - 0 downstream tasks scheduled from follow-on schedule check
