[2022-07-28 09:38:03,590] {taskinstance.py:1179} INFO - Dependencies all met for <TaskInstance: dataquality_pipeline_v4.add_upload_date__1 manual__2022-07-28T09:37:55.889580+00:00 [queued]>
[2022-07-28 09:38:03,621] {taskinstance.py:1179} INFO - Dependencies all met for <TaskInstance: dataquality_pipeline_v4.add_upload_date__1 manual__2022-07-28T09:37:55.889580+00:00 [queued]>
[2022-07-28 09:38:03,621] {taskinstance.py:1376} INFO - 
--------------------------------------------------------------------------------
[2022-07-28 09:38:03,621] {taskinstance.py:1377} INFO - Starting attempt 1 of 1
[2022-07-28 09:38:03,621] {taskinstance.py:1378} INFO - 
--------------------------------------------------------------------------------
[2022-07-28 09:38:03,688] {taskinstance.py:1397} INFO - Executing <Task(_PythonDecoratedOperator): add_upload_date__1> on 2022-07-28 09:37:55.889580+00:00
[2022-07-28 09:38:03,718] {standard_task_runner.py:52} INFO - Started process 891 to run task
[2022-07-28 09:38:03,756] {standard_task_runner.py:79} INFO - Running: ['***', 'tasks', 'run', 'dataquality_pipeline_v4', 'add_upload_date__1', 'manual__2022-07-28T09:37:55.889580+00:00', '--job-id', '182', '--raw', '--subdir', 'DAGS_FOLDER/dataquality_pipeline_v4.py', '--cfg-path', '/tmp/tmpnj2e3y2r', '--error-file', '/tmp/tmp9e2kklje']
[2022-07-28 09:38:03,767] {standard_task_runner.py:80} INFO - Job 182: Subtask add_upload_date__1
[2022-07-28 09:38:04,166] {task_command.py:371} INFO - Running <TaskInstance: dataquality_pipeline_v4.add_upload_date__1 manual__2022-07-28T09:37:55.889580+00:00 [running]> on host 2c2de32fb47f
[2022-07-28 09:38:04,580] {taskinstance.py:1591} INFO - Exporting the following env vars:
AIRFLOW_CTX_DAG_EMAIL=abin404@yopmail.com
AIRFLOW_CTX_DAG_OWNER=***
AIRFLOW_CTX_DAG_ID=dataquality_pipeline_v4
AIRFLOW_CTX_TASK_ID=add_upload_date__1
AIRFLOW_CTX_EXECUTION_DATE=2022-07-28T09:37:55.889580+00:00
AIRFLOW_CTX_TRY_NUMBER=1
AIRFLOW_CTX_DAG_RUN_ID=manual__2022-07-28T09:37:55.889580+00:00
[2022-07-28 09:38:05,220] {python.py:173} INFO - Done. Returned value was: None
[2022-07-28 09:38:05,275] {taskinstance.py:1420} INFO - Marking task as SUCCESS. dag_id=dataquality_pipeline_v4, task_id=add_upload_date__1, execution_date=20220728T093755, start_date=20220728T093803, end_date=20220728T093805
[2022-07-28 09:38:05,380] {local_task_job.py:156} INFO - Task exited with return code 0
[2022-07-28 09:38:05,555] {local_task_job.py:273} INFO - 1 downstream tasks scheduled from follow-on schedule check
