[2022-07-27 19:45:02,789] {taskinstance.py:1179} INFO - Dependencies all met for <TaskInstance: dataquality_pipeline_v3.add_upload_date manual__2022-07-27T19:44:56.114008+00:00 [queued]>
[2022-07-27 19:45:02,838] {taskinstance.py:1179} INFO - Dependencies all met for <TaskInstance: dataquality_pipeline_v3.add_upload_date manual__2022-07-27T19:44:56.114008+00:00 [queued]>
[2022-07-27 19:45:02,839] {taskinstance.py:1376} INFO - 
--------------------------------------------------------------------------------
[2022-07-27 19:45:02,839] {taskinstance.py:1377} INFO - Starting attempt 1 of 1
[2022-07-27 19:45:02,839] {taskinstance.py:1378} INFO - 
--------------------------------------------------------------------------------
[2022-07-27 19:45:02,902] {taskinstance.py:1397} INFO - Executing <Task(_PythonDecoratedOperator): add_upload_date> on 2022-07-27 19:44:56.114008+00:00
[2022-07-27 19:45:02,934] {standard_task_runner.py:52} INFO - Started process 10565 to run task
[2022-07-27 19:45:02,959] {standard_task_runner.py:79} INFO - Running: ['***', 'tasks', 'run', 'dataquality_pipeline_v3', 'add_upload_date', 'manual__2022-07-27T19:44:56.114008+00:00', '--job-id', '164', '--raw', '--subdir', 'DAGS_FOLDER/dataquality_pipeline_v3.py', '--cfg-path', '/tmp/tmpc__6mwyv', '--error-file', '/tmp/tmpt953m8rd']
[2022-07-27 19:45:02,976] {standard_task_runner.py:80} INFO - Job 164: Subtask add_upload_date
[2022-07-27 19:45:03,440] {task_command.py:371} INFO - Running <TaskInstance: dataquality_pipeline_v3.add_upload_date manual__2022-07-27T19:44:56.114008+00:00 [running]> on host 2c2de32fb47f
[2022-07-27 19:45:03,868] {taskinstance.py:1591} INFO - Exporting the following env vars:
AIRFLOW_CTX_DAG_EMAIL=abin404@yopmail.com
AIRFLOW_CTX_DAG_OWNER=***
AIRFLOW_CTX_DAG_ID=dataquality_pipeline_v3
AIRFLOW_CTX_TASK_ID=add_upload_date
AIRFLOW_CTX_EXECUTION_DATE=2022-07-27T19:44:56.114008+00:00
AIRFLOW_CTX_TRY_NUMBER=1
AIRFLOW_CTX_DAG_RUN_ID=manual__2022-07-27T19:44:56.114008+00:00
[2022-07-27 19:45:04,505] {python.py:173} INFO - Done. Returned value was: None
[2022-07-27 19:45:04,661] {taskinstance.py:1420} INFO - Marking task as SUCCESS. dag_id=dataquality_pipeline_v3, task_id=add_upload_date, execution_date=20220727T194456, start_date=20220727T194502, end_date=20220727T194504
[2022-07-27 19:45:04,767] {local_task_job.py:156} INFO - Task exited with return code 0
[2022-07-27 19:45:04,934] {local_task_job.py:273} INFO - 1 downstream tasks scheduled from follow-on schedule check
