[2022-07-29 02:17:30,608] {processor.py:153} INFO - Started process (PID=97) to work on /home/airflow/.local/lib/python3.7/site-packages/airflow/example_dags/example_dag_decorator.py
[2022-07-29 02:17:30,609] {processor.py:641} INFO - Processing file /home/airflow/.local/lib/python3.7/site-packages/airflow/example_dags/example_dag_decorator.py for tasks to queue
[2022-07-29 02:17:30,610] {logging_mixin.py:115} INFO - [2022-07-29 02:17:30,610] {dagbag.py:508} INFO - Filling up the DagBag from /home/airflow/.local/lib/python3.7/site-packages/airflow/example_dags/example_dag_decorator.py
[2022-07-29 02:17:30,690] {processor.py:651} INFO - DAG(s) dict_keys(['example_dag_decorator']) retrieved from /home/airflow/.local/lib/python3.7/site-packages/airflow/example_dags/example_dag_decorator.py
[2022-07-29 02:17:31,135] {logging_mixin.py:115} INFO - [2022-07-29 02:17:31,135] {dag.py:2420} INFO - Sync 1 DAGs
[2022-07-29 02:17:31,182] {logging_mixin.py:115} INFO - [2022-07-29 02:17:31,182] {dag.py:2972} INFO - Setting next_dagrun for example_dag_decorator to None, run_after=None
[2022-07-29 02:17:31,233] {processor.py:161} INFO - Processing /home/airflow/.local/lib/python3.7/site-packages/airflow/example_dags/example_dag_decorator.py took 0.639 seconds
[2022-07-29 02:18:01,289] {processor.py:153} INFO - Started process (PID=170) to work on /home/airflow/.local/lib/python3.7/site-packages/airflow/example_dags/example_dag_decorator.py
[2022-07-29 02:18:01,290] {processor.py:641} INFO - Processing file /home/airflow/.local/lib/python3.7/site-packages/airflow/example_dags/example_dag_decorator.py for tasks to queue
[2022-07-29 02:18:01,291] {logging_mixin.py:115} INFO - [2022-07-29 02:18:01,291] {dagbag.py:508} INFO - Filling up the DagBag from /home/airflow/.local/lib/python3.7/site-packages/airflow/example_dags/example_dag_decorator.py
[2022-07-29 02:18:01,368] {processor.py:651} INFO - DAG(s) dict_keys(['example_dag_decorator']) retrieved from /home/airflow/.local/lib/python3.7/site-packages/airflow/example_dags/example_dag_decorator.py
[2022-07-29 02:18:01,696] {logging_mixin.py:115} INFO - [2022-07-29 02:18:01,696] {dag.py:2420} INFO - Sync 1 DAGs
[2022-07-29 02:18:01,730] {logging_mixin.py:115} INFO - [2022-07-29 02:18:01,729] {dag.py:2972} INFO - Setting next_dagrun for example_dag_decorator to None, run_after=None
[2022-07-29 02:18:01,753] {processor.py:161} INFO - Processing /home/airflow/.local/lib/python3.7/site-packages/airflow/example_dags/example_dag_decorator.py took 0.470 seconds
[2022-07-29 02:18:33,089] {processor.py:153} INFO - Started process (PID=243) to work on /home/airflow/.local/lib/python3.7/site-packages/airflow/example_dags/example_dag_decorator.py
[2022-07-29 02:18:33,092] {processor.py:641} INFO - Processing file /home/airflow/.local/lib/python3.7/site-packages/airflow/example_dags/example_dag_decorator.py for tasks to queue
[2022-07-29 02:18:33,093] {logging_mixin.py:115} INFO - [2022-07-29 02:18:33,093] {dagbag.py:508} INFO - Filling up the DagBag from /home/airflow/.local/lib/python3.7/site-packages/airflow/example_dags/example_dag_decorator.py
[2022-07-29 02:18:33,161] {processor.py:651} INFO - DAG(s) dict_keys(['example_dag_decorator']) retrieved from /home/airflow/.local/lib/python3.7/site-packages/airflow/example_dags/example_dag_decorator.py
[2022-07-29 02:18:33,568] {logging_mixin.py:115} INFO - [2022-07-29 02:18:33,568] {dag.py:2420} INFO - Sync 1 DAGs
[2022-07-29 02:18:33,602] {logging_mixin.py:115} INFO - [2022-07-29 02:18:33,602] {dag.py:2972} INFO - Setting next_dagrun for example_dag_decorator to None, run_after=None
[2022-07-29 02:18:33,625] {processor.py:161} INFO - Processing /home/airflow/.local/lib/python3.7/site-packages/airflow/example_dags/example_dag_decorator.py took 0.551 seconds
[2022-07-29 02:19:04,274] {processor.py:153} INFO - Started process (PID=316) to work on /home/airflow/.local/lib/python3.7/site-packages/airflow/example_dags/example_dag_decorator.py
[2022-07-29 02:19:04,275] {processor.py:641} INFO - Processing file /home/airflow/.local/lib/python3.7/site-packages/airflow/example_dags/example_dag_decorator.py for tasks to queue
[2022-07-29 02:19:04,276] {logging_mixin.py:115} INFO - [2022-07-29 02:19:04,276] {dagbag.py:508} INFO - Filling up the DagBag from /home/airflow/.local/lib/python3.7/site-packages/airflow/example_dags/example_dag_decorator.py
[2022-07-29 02:19:04,324] {processor.py:651} INFO - DAG(s) dict_keys(['example_dag_decorator']) retrieved from /home/airflow/.local/lib/python3.7/site-packages/airflow/example_dags/example_dag_decorator.py
[2022-07-29 02:19:04,702] {logging_mixin.py:115} INFO - [2022-07-29 02:19:04,702] {dag.py:2420} INFO - Sync 1 DAGs
[2022-07-29 02:19:04,749] {logging_mixin.py:115} INFO - [2022-07-29 02:19:04,749] {dag.py:2972} INFO - Setting next_dagrun for example_dag_decorator to None, run_after=None
[2022-07-29 02:19:04,774] {processor.py:161} INFO - Processing /home/airflow/.local/lib/python3.7/site-packages/airflow/example_dags/example_dag_decorator.py took 0.506 seconds
[2022-07-29 02:19:35,754] {processor.py:153} INFO - Started process (PID=399) to work on /home/airflow/.local/lib/python3.7/site-packages/airflow/example_dags/example_dag_decorator.py
[2022-07-29 02:19:35,764] {processor.py:641} INFO - Processing file /home/airflow/.local/lib/python3.7/site-packages/airflow/example_dags/example_dag_decorator.py for tasks to queue
[2022-07-29 02:19:35,765] {logging_mixin.py:115} INFO - [2022-07-29 02:19:35,765] {dagbag.py:508} INFO - Filling up the DagBag from /home/airflow/.local/lib/python3.7/site-packages/airflow/example_dags/example_dag_decorator.py
[2022-07-29 02:19:35,904] {processor.py:651} INFO - DAG(s) dict_keys(['example_dag_decorator']) retrieved from /home/airflow/.local/lib/python3.7/site-packages/airflow/example_dags/example_dag_decorator.py
[2022-07-29 02:19:36,603] {logging_mixin.py:115} INFO - [2022-07-29 02:19:36,603] {dag.py:2420} INFO - Sync 1 DAGs
[2022-07-29 02:19:36,669] {logging_mixin.py:115} INFO - [2022-07-29 02:19:36,669] {dag.py:2972} INFO - Setting next_dagrun for example_dag_decorator to None, run_after=None
[2022-07-29 02:19:36,715] {processor.py:161} INFO - Processing /home/airflow/.local/lib/python3.7/site-packages/airflow/example_dags/example_dag_decorator.py took 0.966 seconds
[2022-07-29 02:20:07,146] {processor.py:153} INFO - Started process (PID=473) to work on /home/airflow/.local/lib/python3.7/site-packages/airflow/example_dags/example_dag_decorator.py
[2022-07-29 02:20:07,147] {processor.py:641} INFO - Processing file /home/airflow/.local/lib/python3.7/site-packages/airflow/example_dags/example_dag_decorator.py for tasks to queue
[2022-07-29 02:20:07,148] {logging_mixin.py:115} INFO - [2022-07-29 02:20:07,148] {dagbag.py:508} INFO - Filling up the DagBag from /home/airflow/.local/lib/python3.7/site-packages/airflow/example_dags/example_dag_decorator.py
[2022-07-29 02:20:07,216] {processor.py:651} INFO - DAG(s) dict_keys(['example_dag_decorator']) retrieved from /home/airflow/.local/lib/python3.7/site-packages/airflow/example_dags/example_dag_decorator.py
[2022-07-29 02:20:07,501] {logging_mixin.py:115} INFO - [2022-07-29 02:20:07,501] {dag.py:2420} INFO - Sync 1 DAGs
[2022-07-29 02:20:07,523] {logging_mixin.py:115} INFO - [2022-07-29 02:20:07,523] {dag.py:2972} INFO - Setting next_dagrun for example_dag_decorator to None, run_after=None
[2022-07-29 02:20:07,541] {processor.py:161} INFO - Processing /home/airflow/.local/lib/python3.7/site-packages/airflow/example_dags/example_dag_decorator.py took 0.401 seconds
[2022-07-29 02:20:37,620] {processor.py:153} INFO - Started process (PID=554) to work on /home/airflow/.local/lib/python3.7/site-packages/airflow/example_dags/example_dag_decorator.py
[2022-07-29 02:20:37,621] {processor.py:641} INFO - Processing file /home/airflow/.local/lib/python3.7/site-packages/airflow/example_dags/example_dag_decorator.py for tasks to queue
[2022-07-29 02:20:37,622] {logging_mixin.py:115} INFO - [2022-07-29 02:20:37,622] {dagbag.py:508} INFO - Filling up the DagBag from /home/airflow/.local/lib/python3.7/site-packages/airflow/example_dags/example_dag_decorator.py
[2022-07-29 02:20:37,732] {processor.py:651} INFO - DAG(s) dict_keys(['example_dag_decorator']) retrieved from /home/airflow/.local/lib/python3.7/site-packages/airflow/example_dags/example_dag_decorator.py
[2022-07-29 02:20:38,353] {logging_mixin.py:115} INFO - [2022-07-29 02:20:38,353] {dag.py:2420} INFO - Sync 1 DAGs
[2022-07-29 02:20:38,386] {logging_mixin.py:115} INFO - [2022-07-29 02:20:38,385] {dag.py:2972} INFO - Setting next_dagrun for example_dag_decorator to None, run_after=None
[2022-07-29 02:20:38,407] {processor.py:161} INFO - Processing /home/airflow/.local/lib/python3.7/site-packages/airflow/example_dags/example_dag_decorator.py took 0.802 seconds
[2022-07-29 02:21:09,458] {processor.py:153} INFO - Started process (PID=628) to work on /home/airflow/.local/lib/python3.7/site-packages/airflow/example_dags/example_dag_decorator.py
[2022-07-29 02:21:09,459] {processor.py:641} INFO - Processing file /home/airflow/.local/lib/python3.7/site-packages/airflow/example_dags/example_dag_decorator.py for tasks to queue
[2022-07-29 02:21:09,460] {logging_mixin.py:115} INFO - [2022-07-29 02:21:09,460] {dagbag.py:508} INFO - Filling up the DagBag from /home/airflow/.local/lib/python3.7/site-packages/airflow/example_dags/example_dag_decorator.py
[2022-07-29 02:21:09,631] {processor.py:651} INFO - DAG(s) dict_keys(['example_dag_decorator']) retrieved from /home/airflow/.local/lib/python3.7/site-packages/airflow/example_dags/example_dag_decorator.py
[2022-07-29 02:21:10,784] {logging_mixin.py:115} INFO - [2022-07-29 02:21:10,784] {dag.py:2420} INFO - Sync 1 DAGs
[2022-07-29 02:21:10,880] {logging_mixin.py:115} INFO - [2022-07-29 02:21:10,880] {dag.py:2972} INFO - Setting next_dagrun for example_dag_decorator to None, run_after=None
[2022-07-29 02:21:10,992] {processor.py:161} INFO - Processing /home/airflow/.local/lib/python3.7/site-packages/airflow/example_dags/example_dag_decorator.py took 1.569 seconds
[2022-07-29 02:21:43,463] {processor.py:153} INFO - Started process (PID=709) to work on /home/airflow/.local/lib/python3.7/site-packages/airflow/example_dags/example_dag_decorator.py
[2022-07-29 02:21:43,468] {processor.py:641} INFO - Processing file /home/airflow/.local/lib/python3.7/site-packages/airflow/example_dags/example_dag_decorator.py for tasks to queue
[2022-07-29 02:21:43,469] {logging_mixin.py:115} INFO - [2022-07-29 02:21:43,469] {dagbag.py:508} INFO - Filling up the DagBag from /home/airflow/.local/lib/python3.7/site-packages/airflow/example_dags/example_dag_decorator.py
[2022-07-29 02:21:43,564] {processor.py:651} INFO - DAG(s) dict_keys(['example_dag_decorator']) retrieved from /home/airflow/.local/lib/python3.7/site-packages/airflow/example_dags/example_dag_decorator.py
[2022-07-29 02:21:43,968] {logging_mixin.py:115} INFO - [2022-07-29 02:21:43,968] {dag.py:2420} INFO - Sync 1 DAGs
[2022-07-29 02:21:44,004] {logging_mixin.py:115} INFO - [2022-07-29 02:21:44,004] {dag.py:2972} INFO - Setting next_dagrun for example_dag_decorator to None, run_after=None
[2022-07-29 02:21:44,031] {processor.py:161} INFO - Processing /home/airflow/.local/lib/python3.7/site-packages/airflow/example_dags/example_dag_decorator.py took 0.583 seconds
[2022-07-29 02:22:15,446] {processor.py:153} INFO - Started process (PID=783) to work on /home/airflow/.local/lib/python3.7/site-packages/airflow/example_dags/example_dag_decorator.py
[2022-07-29 02:22:15,447] {processor.py:641} INFO - Processing file /home/airflow/.local/lib/python3.7/site-packages/airflow/example_dags/example_dag_decorator.py for tasks to queue
[2022-07-29 02:22:15,448] {logging_mixin.py:115} INFO - [2022-07-29 02:22:15,448] {dagbag.py:508} INFO - Filling up the DagBag from /home/airflow/.local/lib/python3.7/site-packages/airflow/example_dags/example_dag_decorator.py
[2022-07-29 02:22:15,817] {processor.py:651} INFO - DAG(s) dict_keys(['example_dag_decorator']) retrieved from /home/airflow/.local/lib/python3.7/site-packages/airflow/example_dags/example_dag_decorator.py
[2022-07-29 02:22:15,936] {logging_mixin.py:115} INFO - [2022-07-29 02:22:15,936] {dag.py:2420} INFO - Sync 1 DAGs
[2022-07-29 02:22:15,972] {logging_mixin.py:115} INFO - [2022-07-29 02:22:15,972] {dag.py:2972} INFO - Setting next_dagrun for example_dag_decorator to None, run_after=None
[2022-07-29 02:22:15,999] {processor.py:161} INFO - Processing /home/airflow/.local/lib/python3.7/site-packages/airflow/example_dags/example_dag_decorator.py took 0.560 seconds
[2022-07-29 02:22:51,164] {processor.py:153} INFO - Started process (PID=865) to work on /home/airflow/.local/lib/python3.7/site-packages/airflow/example_dags/example_dag_decorator.py
[2022-07-29 02:22:51,172] {processor.py:641} INFO - Processing file /home/airflow/.local/lib/python3.7/site-packages/airflow/example_dags/example_dag_decorator.py for tasks to queue
[2022-07-29 02:22:51,173] {logging_mixin.py:115} INFO - [2022-07-29 02:22:51,173] {dagbag.py:508} INFO - Filling up the DagBag from /home/airflow/.local/lib/python3.7/site-packages/airflow/example_dags/example_dag_decorator.py
[2022-07-29 02:22:51,585] {processor.py:651} INFO - DAG(s) dict_keys(['example_dag_decorator']) retrieved from /home/airflow/.local/lib/python3.7/site-packages/airflow/example_dags/example_dag_decorator.py
[2022-07-29 02:22:51,655] {logging_mixin.py:115} INFO - [2022-07-29 02:22:51,654] {dag.py:2420} INFO - Sync 1 DAGs
[2022-07-29 02:22:51,699] {logging_mixin.py:115} INFO - [2022-07-29 02:22:51,699] {dag.py:2972} INFO - Setting next_dagrun for example_dag_decorator to None, run_after=None
[2022-07-29 02:22:51,719] {processor.py:161} INFO - Processing /home/airflow/.local/lib/python3.7/site-packages/airflow/example_dags/example_dag_decorator.py took 0.570 seconds
[2022-07-29 02:23:22,186] {processor.py:153} INFO - Started process (PID=938) to work on /home/airflow/.local/lib/python3.7/site-packages/airflow/example_dags/example_dag_decorator.py
[2022-07-29 02:23:22,187] {processor.py:641} INFO - Processing file /home/airflow/.local/lib/python3.7/site-packages/airflow/example_dags/example_dag_decorator.py for tasks to queue
[2022-07-29 02:23:22,188] {logging_mixin.py:115} INFO - [2022-07-29 02:23:22,187] {dagbag.py:508} INFO - Filling up the DagBag from /home/airflow/.local/lib/python3.7/site-packages/airflow/example_dags/example_dag_decorator.py
[2022-07-29 02:23:22,651] {processor.py:651} INFO - DAG(s) dict_keys(['example_dag_decorator']) retrieved from /home/airflow/.local/lib/python3.7/site-packages/airflow/example_dags/example_dag_decorator.py
[2022-07-29 02:23:22,875] {logging_mixin.py:115} INFO - [2022-07-29 02:23:22,875] {dag.py:2420} INFO - Sync 1 DAGs
[2022-07-29 02:23:22,939] {logging_mixin.py:115} INFO - [2022-07-29 02:23:22,939] {dag.py:2972} INFO - Setting next_dagrun for example_dag_decorator to None, run_after=None
[2022-07-29 02:23:22,984] {processor.py:161} INFO - Processing /home/airflow/.local/lib/python3.7/site-packages/airflow/example_dags/example_dag_decorator.py took 0.817 seconds
[2022-07-29 02:23:55,626] {processor.py:153} INFO - Started process (PID=1018) to work on /home/airflow/.local/lib/python3.7/site-packages/airflow/example_dags/example_dag_decorator.py
[2022-07-29 02:23:55,632] {processor.py:641} INFO - Processing file /home/airflow/.local/lib/python3.7/site-packages/airflow/example_dags/example_dag_decorator.py for tasks to queue
[2022-07-29 02:23:55,633] {logging_mixin.py:115} INFO - [2022-07-29 02:23:55,633] {dagbag.py:508} INFO - Filling up the DagBag from /home/airflow/.local/lib/python3.7/site-packages/airflow/example_dags/example_dag_decorator.py
[2022-07-29 02:23:56,168] {processor.py:651} INFO - DAG(s) dict_keys(['example_dag_decorator']) retrieved from /home/airflow/.local/lib/python3.7/site-packages/airflow/example_dags/example_dag_decorator.py
[2022-07-29 02:23:56,341] {logging_mixin.py:115} INFO - [2022-07-29 02:23:56,341] {dag.py:2420} INFO - Sync 1 DAGs
[2022-07-29 02:23:56,412] {logging_mixin.py:115} INFO - [2022-07-29 02:23:56,412] {dag.py:2972} INFO - Setting next_dagrun for example_dag_decorator to None, run_after=None
[2022-07-29 02:23:56,456] {processor.py:161} INFO - Processing /home/airflow/.local/lib/python3.7/site-packages/airflow/example_dags/example_dag_decorator.py took 0.844 seconds
[2022-07-29 02:24:27,828] {processor.py:153} INFO - Started process (PID=1093) to work on /home/airflow/.local/lib/python3.7/site-packages/airflow/example_dags/example_dag_decorator.py
[2022-07-29 02:24:27,829] {processor.py:641} INFO - Processing file /home/airflow/.local/lib/python3.7/site-packages/airflow/example_dags/example_dag_decorator.py for tasks to queue
[2022-07-29 02:24:27,830] {logging_mixin.py:115} INFO - [2022-07-29 02:24:27,829] {dagbag.py:508} INFO - Filling up the DagBag from /home/airflow/.local/lib/python3.7/site-packages/airflow/example_dags/example_dag_decorator.py
[2022-07-29 02:24:28,161] {processor.py:651} INFO - DAG(s) dict_keys(['example_dag_decorator']) retrieved from /home/airflow/.local/lib/python3.7/site-packages/airflow/example_dags/example_dag_decorator.py
[2022-07-29 02:24:28,241] {logging_mixin.py:115} INFO - [2022-07-29 02:24:28,241] {dag.py:2420} INFO - Sync 1 DAGs
[2022-07-29 02:24:28,286] {logging_mixin.py:115} INFO - [2022-07-29 02:24:28,286] {dag.py:2972} INFO - Setting next_dagrun for example_dag_decorator to None, run_after=None
[2022-07-29 02:24:28,305] {processor.py:161} INFO - Processing /home/airflow/.local/lib/python3.7/site-packages/airflow/example_dags/example_dag_decorator.py took 0.484 seconds
[2022-07-29 02:24:59,376] {processor.py:153} INFO - Started process (PID=1165) to work on /home/airflow/.local/lib/python3.7/site-packages/airflow/example_dags/example_dag_decorator.py
[2022-07-29 02:24:59,377] {processor.py:641} INFO - Processing file /home/airflow/.local/lib/python3.7/site-packages/airflow/example_dags/example_dag_decorator.py for tasks to queue
[2022-07-29 02:24:59,378] {logging_mixin.py:115} INFO - [2022-07-29 02:24:59,378] {dagbag.py:508} INFO - Filling up the DagBag from /home/airflow/.local/lib/python3.7/site-packages/airflow/example_dags/example_dag_decorator.py
[2022-07-29 02:24:59,643] {processor.py:651} INFO - DAG(s) dict_keys(['example_dag_decorator']) retrieved from /home/airflow/.local/lib/python3.7/site-packages/airflow/example_dags/example_dag_decorator.py
[2022-07-29 02:24:59,696] {logging_mixin.py:115} INFO - [2022-07-29 02:24:59,696] {dag.py:2420} INFO - Sync 1 DAGs
[2022-07-29 02:24:59,738] {logging_mixin.py:115} INFO - [2022-07-29 02:24:59,738] {dag.py:2972} INFO - Setting next_dagrun for example_dag_decorator to None, run_after=None
[2022-07-29 02:24:59,756] {processor.py:161} INFO - Processing /home/airflow/.local/lib/python3.7/site-packages/airflow/example_dags/example_dag_decorator.py took 0.386 seconds
[2022-07-29 02:25:31,924] {processor.py:153} INFO - Started process (PID=1247) to work on /home/airflow/.local/lib/python3.7/site-packages/airflow/example_dags/example_dag_decorator.py
[2022-07-29 02:25:31,944] {processor.py:641} INFO - Processing file /home/airflow/.local/lib/python3.7/site-packages/airflow/example_dags/example_dag_decorator.py for tasks to queue
[2022-07-29 02:25:31,945] {logging_mixin.py:115} INFO - [2022-07-29 02:25:31,945] {dagbag.py:508} INFO - Filling up the DagBag from /home/airflow/.local/lib/python3.7/site-packages/airflow/example_dags/example_dag_decorator.py
[2022-07-29 02:25:32,442] {processor.py:651} INFO - DAG(s) dict_keys(['example_dag_decorator']) retrieved from /home/airflow/.local/lib/python3.7/site-packages/airflow/example_dags/example_dag_decorator.py
[2022-07-29 02:25:32,512] {logging_mixin.py:115} INFO - [2022-07-29 02:25:32,512] {dag.py:2420} INFO - Sync 1 DAGs
[2022-07-29 02:25:32,583] {logging_mixin.py:115} INFO - [2022-07-29 02:25:32,582] {dag.py:2972} INFO - Setting next_dagrun for example_dag_decorator to None, run_after=None
[2022-07-29 02:25:32,619] {processor.py:161} INFO - Processing /home/airflow/.local/lib/python3.7/site-packages/airflow/example_dags/example_dag_decorator.py took 0.705 seconds
[2022-07-29 02:26:03,663] {processor.py:153} INFO - Started process (PID=1320) to work on /home/airflow/.local/lib/python3.7/site-packages/airflow/example_dags/example_dag_decorator.py
[2022-07-29 02:26:03,664] {processor.py:641} INFO - Processing file /home/airflow/.local/lib/python3.7/site-packages/airflow/example_dags/example_dag_decorator.py for tasks to queue
[2022-07-29 02:26:03,664] {logging_mixin.py:115} INFO - [2022-07-29 02:26:03,664] {dagbag.py:508} INFO - Filling up the DagBag from /home/airflow/.local/lib/python3.7/site-packages/airflow/example_dags/example_dag_decorator.py
[2022-07-29 02:26:03,920] {processor.py:651} INFO - DAG(s) dict_keys(['example_dag_decorator']) retrieved from /home/airflow/.local/lib/python3.7/site-packages/airflow/example_dags/example_dag_decorator.py
[2022-07-29 02:26:03,956] {logging_mixin.py:115} INFO - [2022-07-29 02:26:03,956] {dag.py:2420} INFO - Sync 1 DAGs
[2022-07-29 02:26:03,993] {logging_mixin.py:115} INFO - [2022-07-29 02:26:03,993] {dag.py:2972} INFO - Setting next_dagrun for example_dag_decorator to None, run_after=None
[2022-07-29 02:26:04,062] {processor.py:161} INFO - Processing /home/airflow/.local/lib/python3.7/site-packages/airflow/example_dags/example_dag_decorator.py took 0.405 seconds
[2022-07-29 02:26:35,664] {processor.py:153} INFO - Started process (PID=1402) to work on /home/airflow/.local/lib/python3.7/site-packages/airflow/example_dags/example_dag_decorator.py
[2022-07-29 02:26:35,665] {processor.py:641} INFO - Processing file /home/airflow/.local/lib/python3.7/site-packages/airflow/example_dags/example_dag_decorator.py for tasks to queue
[2022-07-29 02:26:35,666] {logging_mixin.py:115} INFO - [2022-07-29 02:26:35,666] {dagbag.py:508} INFO - Filling up the DagBag from /home/airflow/.local/lib/python3.7/site-packages/airflow/example_dags/example_dag_decorator.py
[2022-07-29 02:26:36,154] {processor.py:651} INFO - DAG(s) dict_keys(['example_dag_decorator']) retrieved from /home/airflow/.local/lib/python3.7/site-packages/airflow/example_dags/example_dag_decorator.py
[2022-07-29 02:26:36,240] {logging_mixin.py:115} INFO - [2022-07-29 02:26:36,240] {dag.py:2420} INFO - Sync 1 DAGs
[2022-07-29 02:26:36,312] {logging_mixin.py:115} INFO - [2022-07-29 02:26:36,312] {dag.py:2972} INFO - Setting next_dagrun for example_dag_decorator to None, run_after=None
[2022-07-29 02:26:36,340] {processor.py:161} INFO - Processing /home/airflow/.local/lib/python3.7/site-packages/airflow/example_dags/example_dag_decorator.py took 0.690 seconds
[2022-07-29 02:27:08,561] {processor.py:153} INFO - Started process (PID=1475) to work on /home/airflow/.local/lib/python3.7/site-packages/airflow/example_dags/example_dag_decorator.py
[2022-07-29 02:27:08,572] {processor.py:641} INFO - Processing file /home/airflow/.local/lib/python3.7/site-packages/airflow/example_dags/example_dag_decorator.py for tasks to queue
[2022-07-29 02:27:08,573] {logging_mixin.py:115} INFO - [2022-07-29 02:27:08,573] {dagbag.py:508} INFO - Filling up the DagBag from /home/airflow/.local/lib/python3.7/site-packages/airflow/example_dags/example_dag_decorator.py
[2022-07-29 02:27:09,036] {processor.py:651} INFO - DAG(s) dict_keys(['example_dag_decorator']) retrieved from /home/airflow/.local/lib/python3.7/site-packages/airflow/example_dags/example_dag_decorator.py
[2022-07-29 02:27:09,254] {logging_mixin.py:115} INFO - [2022-07-29 02:27:09,254] {dag.py:2420} INFO - Sync 1 DAGs
[2022-07-29 02:27:09,342] {logging_mixin.py:115} INFO - [2022-07-29 02:27:09,341] {dag.py:2972} INFO - Setting next_dagrun for example_dag_decorator to None, run_after=None
[2022-07-29 02:27:09,380] {processor.py:161} INFO - Processing /home/airflow/.local/lib/python3.7/site-packages/airflow/example_dags/example_dag_decorator.py took 0.830 seconds
[2022-07-29 02:27:40,068] {processor.py:153} INFO - Started process (PID=1554) to work on /home/airflow/.local/lib/python3.7/site-packages/airflow/example_dags/example_dag_decorator.py
[2022-07-29 02:27:40,069] {processor.py:641} INFO - Processing file /home/airflow/.local/lib/python3.7/site-packages/airflow/example_dags/example_dag_decorator.py for tasks to queue
[2022-07-29 02:27:40,070] {logging_mixin.py:115} INFO - [2022-07-29 02:27:40,069] {dagbag.py:508} INFO - Filling up the DagBag from /home/airflow/.local/lib/python3.7/site-packages/airflow/example_dags/example_dag_decorator.py
[2022-07-29 02:27:40,578] {processor.py:651} INFO - DAG(s) dict_keys(['example_dag_decorator']) retrieved from /home/airflow/.local/lib/python3.7/site-packages/airflow/example_dags/example_dag_decorator.py
[2022-07-29 02:27:40,805] {logging_mixin.py:115} INFO - [2022-07-29 02:27:40,805] {dag.py:2420} INFO - Sync 1 DAGs
[2022-07-29 02:27:40,849] {logging_mixin.py:115} INFO - [2022-07-29 02:27:40,849] {dag.py:2972} INFO - Setting next_dagrun for example_dag_decorator to None, run_after=None
[2022-07-29 02:27:40,886] {processor.py:161} INFO - Processing /home/airflow/.local/lib/python3.7/site-packages/airflow/example_dags/example_dag_decorator.py took 0.825 seconds
[2022-07-29 02:28:14,821] {processor.py:153} INFO - Started process (PID=1630) to work on /home/airflow/.local/lib/python3.7/site-packages/airflow/example_dags/example_dag_decorator.py
[2022-07-29 02:28:14,822] {processor.py:641} INFO - Processing file /home/airflow/.local/lib/python3.7/site-packages/airflow/example_dags/example_dag_decorator.py for tasks to queue
[2022-07-29 02:28:14,823] {logging_mixin.py:115} INFO - [2022-07-29 02:28:14,823] {dagbag.py:508} INFO - Filling up the DagBag from /home/airflow/.local/lib/python3.7/site-packages/airflow/example_dags/example_dag_decorator.py
[2022-07-29 02:28:15,291] {processor.py:651} INFO - DAG(s) dict_keys(['example_dag_decorator']) retrieved from /home/airflow/.local/lib/python3.7/site-packages/airflow/example_dags/example_dag_decorator.py
[2022-07-29 02:28:15,420] {logging_mixin.py:115} INFO - [2022-07-29 02:28:15,420] {dag.py:2420} INFO - Sync 1 DAGs
[2022-07-29 02:28:15,491] {logging_mixin.py:115} INFO - [2022-07-29 02:28:15,491] {dag.py:2972} INFO - Setting next_dagrun for example_dag_decorator to None, run_after=None
[2022-07-29 02:28:15,517] {processor.py:161} INFO - Processing /home/airflow/.local/lib/python3.7/site-packages/airflow/example_dags/example_dag_decorator.py took 0.727 seconds
[2022-07-29 02:28:45,907] {processor.py:153} INFO - Started process (PID=1712) to work on /home/airflow/.local/lib/python3.7/site-packages/airflow/example_dags/example_dag_decorator.py
[2022-07-29 02:28:45,916] {processor.py:641} INFO - Processing file /home/airflow/.local/lib/python3.7/site-packages/airflow/example_dags/example_dag_decorator.py for tasks to queue
[2022-07-29 02:28:45,917] {logging_mixin.py:115} INFO - [2022-07-29 02:28:45,917] {dagbag.py:508} INFO - Filling up the DagBag from /home/airflow/.local/lib/python3.7/site-packages/airflow/example_dags/example_dag_decorator.py
[2022-07-29 02:28:46,292] {processor.py:651} INFO - DAG(s) dict_keys(['example_dag_decorator']) retrieved from /home/airflow/.local/lib/python3.7/site-packages/airflow/example_dags/example_dag_decorator.py
[2022-07-29 02:28:46,406] {logging_mixin.py:115} INFO - [2022-07-29 02:28:46,406] {dag.py:2420} INFO - Sync 1 DAGs
[2022-07-29 02:28:46,441] {logging_mixin.py:115} INFO - [2022-07-29 02:28:46,441] {dag.py:2972} INFO - Setting next_dagrun for example_dag_decorator to None, run_after=None
[2022-07-29 02:28:46,463] {processor.py:161} INFO - Processing /home/airflow/.local/lib/python3.7/site-packages/airflow/example_dags/example_dag_decorator.py took 0.567 seconds
[2022-07-29 02:29:16,529] {processor.py:153} INFO - Started process (PID=1786) to work on /home/airflow/.local/lib/python3.7/site-packages/airflow/example_dags/example_dag_decorator.py
[2022-07-29 02:29:16,530] {processor.py:641} INFO - Processing file /home/airflow/.local/lib/python3.7/site-packages/airflow/example_dags/example_dag_decorator.py for tasks to queue
[2022-07-29 02:29:16,531] {logging_mixin.py:115} INFO - [2022-07-29 02:29:16,531] {dagbag.py:508} INFO - Filling up the DagBag from /home/airflow/.local/lib/python3.7/site-packages/airflow/example_dags/example_dag_decorator.py
[2022-07-29 02:29:16,793] {processor.py:651} INFO - DAG(s) dict_keys(['example_dag_decorator']) retrieved from /home/airflow/.local/lib/python3.7/site-packages/airflow/example_dags/example_dag_decorator.py
[2022-07-29 02:29:16,909] {logging_mixin.py:115} INFO - [2022-07-29 02:29:16,909] {dag.py:2420} INFO - Sync 1 DAGs
[2022-07-29 02:29:16,943] {logging_mixin.py:115} INFO - [2022-07-29 02:29:16,943] {dag.py:2972} INFO - Setting next_dagrun for example_dag_decorator to None, run_after=None
[2022-07-29 02:29:17,036] {processor.py:161} INFO - Processing /home/airflow/.local/lib/python3.7/site-packages/airflow/example_dags/example_dag_decorator.py took 0.514 seconds
[2022-07-29 02:29:51,114] {processor.py:153} INFO - Started process (PID=1868) to work on /home/airflow/.local/lib/python3.7/site-packages/airflow/example_dags/example_dag_decorator.py
[2022-07-29 02:29:51,124] {processor.py:641} INFO - Processing file /home/airflow/.local/lib/python3.7/site-packages/airflow/example_dags/example_dag_decorator.py for tasks to queue
[2022-07-29 02:29:51,125] {logging_mixin.py:115} INFO - [2022-07-29 02:29:51,125] {dagbag.py:508} INFO - Filling up the DagBag from /home/airflow/.local/lib/python3.7/site-packages/airflow/example_dags/example_dag_decorator.py
[2022-07-29 02:29:51,448] {processor.py:651} INFO - DAG(s) dict_keys(['example_dag_decorator']) retrieved from /home/airflow/.local/lib/python3.7/site-packages/airflow/example_dags/example_dag_decorator.py
[2022-07-29 02:29:51,677] {logging_mixin.py:115} INFO - [2022-07-29 02:29:51,676] {dag.py:2420} INFO - Sync 1 DAGs
[2022-07-29 02:29:51,756] {logging_mixin.py:115} INFO - [2022-07-29 02:29:51,756] {dag.py:2972} INFO - Setting next_dagrun for example_dag_decorator to None, run_after=None
[2022-07-29 02:29:51,783] {processor.py:161} INFO - Processing /home/airflow/.local/lib/python3.7/site-packages/airflow/example_dags/example_dag_decorator.py took 0.683 seconds
[2022-07-29 02:30:22,400] {processor.py:153} INFO - Started process (PID=1939) to work on /home/airflow/.local/lib/python3.7/site-packages/airflow/example_dags/example_dag_decorator.py
[2022-07-29 02:30:22,401] {processor.py:641} INFO - Processing file /home/airflow/.local/lib/python3.7/site-packages/airflow/example_dags/example_dag_decorator.py for tasks to queue
[2022-07-29 02:30:22,402] {logging_mixin.py:115} INFO - [2022-07-29 02:30:22,402] {dagbag.py:508} INFO - Filling up the DagBag from /home/airflow/.local/lib/python3.7/site-packages/airflow/example_dags/example_dag_decorator.py
[2022-07-29 02:30:22,681] {processor.py:651} INFO - DAG(s) dict_keys(['example_dag_decorator']) retrieved from /home/airflow/.local/lib/python3.7/site-packages/airflow/example_dags/example_dag_decorator.py
[2022-07-29 02:30:22,816] {logging_mixin.py:115} INFO - [2022-07-29 02:30:22,816] {dag.py:2420} INFO - Sync 1 DAGs
[2022-07-29 02:30:22,856] {logging_mixin.py:115} INFO - [2022-07-29 02:30:22,856] {dag.py:2972} INFO - Setting next_dagrun for example_dag_decorator to None, run_after=None
[2022-07-29 02:30:22,900] {processor.py:161} INFO - Processing /home/airflow/.local/lib/python3.7/site-packages/airflow/example_dags/example_dag_decorator.py took 0.507 seconds
[2022-07-29 02:30:54,125] {processor.py:153} INFO - Started process (PID=2012) to work on /home/airflow/.local/lib/python3.7/site-packages/airflow/example_dags/example_dag_decorator.py
[2022-07-29 02:30:54,126] {processor.py:641} INFO - Processing file /home/airflow/.local/lib/python3.7/site-packages/airflow/example_dags/example_dag_decorator.py for tasks to queue
[2022-07-29 02:30:54,127] {logging_mixin.py:115} INFO - [2022-07-29 02:30:54,127] {dagbag.py:508} INFO - Filling up the DagBag from /home/airflow/.local/lib/python3.7/site-packages/airflow/example_dags/example_dag_decorator.py
[2022-07-29 02:30:54,383] {processor.py:651} INFO - DAG(s) dict_keys(['example_dag_decorator']) retrieved from /home/airflow/.local/lib/python3.7/site-packages/airflow/example_dags/example_dag_decorator.py
[2022-07-29 02:30:54,527] {logging_mixin.py:115} INFO - [2022-07-29 02:30:54,527] {dag.py:2420} INFO - Sync 1 DAGs
[2022-07-29 02:30:54,562] {logging_mixin.py:115} INFO - [2022-07-29 02:30:54,562] {dag.py:2972} INFO - Setting next_dagrun for example_dag_decorator to None, run_after=None
[2022-07-29 02:30:54,582] {processor.py:161} INFO - Processing /home/airflow/.local/lib/python3.7/site-packages/airflow/example_dags/example_dag_decorator.py took 0.463 seconds
[2022-07-29 02:31:26,914] {processor.py:153} INFO - Started process (PID=2095) to work on /home/airflow/.local/lib/python3.7/site-packages/airflow/example_dags/example_dag_decorator.py
[2022-07-29 02:31:26,920] {processor.py:641} INFO - Processing file /home/airflow/.local/lib/python3.7/site-packages/airflow/example_dags/example_dag_decorator.py for tasks to queue
[2022-07-29 02:31:26,921] {logging_mixin.py:115} INFO - [2022-07-29 02:31:26,921] {dagbag.py:508} INFO - Filling up the DagBag from /home/airflow/.local/lib/python3.7/site-packages/airflow/example_dags/example_dag_decorator.py
[2022-07-29 02:31:27,765] {processor.py:651} INFO - DAG(s) dict_keys(['example_dag_decorator']) retrieved from /home/airflow/.local/lib/python3.7/site-packages/airflow/example_dags/example_dag_decorator.py
[2022-07-29 02:31:28,099] {logging_mixin.py:115} INFO - [2022-07-29 02:31:28,099] {dag.py:2420} INFO - Sync 1 DAGs
[2022-07-29 02:31:28,209] {logging_mixin.py:115} INFO - [2022-07-29 02:31:28,209] {dag.py:2972} INFO - Setting next_dagrun for example_dag_decorator to None, run_after=None
[2022-07-29 02:31:28,252] {processor.py:161} INFO - Processing /home/airflow/.local/lib/python3.7/site-packages/airflow/example_dags/example_dag_decorator.py took 1.353 seconds
[2022-07-29 02:31:58,326] {processor.py:153} INFO - Started process (PID=2168) to work on /home/airflow/.local/lib/python3.7/site-packages/airflow/example_dags/example_dag_decorator.py
[2022-07-29 02:31:58,327] {processor.py:641} INFO - Processing file /home/airflow/.local/lib/python3.7/site-packages/airflow/example_dags/example_dag_decorator.py for tasks to queue
[2022-07-29 02:31:58,328] {logging_mixin.py:115} INFO - [2022-07-29 02:31:58,328] {dagbag.py:508} INFO - Filling up the DagBag from /home/airflow/.local/lib/python3.7/site-packages/airflow/example_dags/example_dag_decorator.py
[2022-07-29 02:31:58,618] {processor.py:651} INFO - DAG(s) dict_keys(['example_dag_decorator']) retrieved from /home/airflow/.local/lib/python3.7/site-packages/airflow/example_dags/example_dag_decorator.py
[2022-07-29 02:31:58,741] {logging_mixin.py:115} INFO - [2022-07-29 02:31:58,741] {dag.py:2420} INFO - Sync 1 DAGs
[2022-07-29 02:31:58,779] {logging_mixin.py:115} INFO - [2022-07-29 02:31:58,779] {dag.py:2972} INFO - Setting next_dagrun for example_dag_decorator to None, run_after=None
[2022-07-29 02:31:58,817] {processor.py:161} INFO - Processing /home/airflow/.local/lib/python3.7/site-packages/airflow/example_dags/example_dag_decorator.py took 0.499 seconds
[2022-07-29 02:32:30,343] {processor.py:153} INFO - Started process (PID=2241) to work on /home/airflow/.local/lib/python3.7/site-packages/airflow/example_dags/example_dag_decorator.py
[2022-07-29 02:32:30,344] {processor.py:641} INFO - Processing file /home/airflow/.local/lib/python3.7/site-packages/airflow/example_dags/example_dag_decorator.py for tasks to queue
[2022-07-29 02:32:30,344] {logging_mixin.py:115} INFO - [2022-07-29 02:32:30,344] {dagbag.py:508} INFO - Filling up the DagBag from /home/airflow/.local/lib/python3.7/site-packages/airflow/example_dags/example_dag_decorator.py
[2022-07-29 02:32:30,619] {processor.py:651} INFO - DAG(s) dict_keys(['example_dag_decorator']) retrieved from /home/airflow/.local/lib/python3.7/site-packages/airflow/example_dags/example_dag_decorator.py
[2022-07-29 02:32:30,749] {logging_mixin.py:115} INFO - [2022-07-29 02:32:30,749] {dag.py:2420} INFO - Sync 1 DAGs
[2022-07-29 02:32:30,796] {logging_mixin.py:115} INFO - [2022-07-29 02:32:30,796] {dag.py:2972} INFO - Setting next_dagrun for example_dag_decorator to None, run_after=None
[2022-07-29 02:32:30,833] {processor.py:161} INFO - Processing /home/airflow/.local/lib/python3.7/site-packages/airflow/example_dags/example_dag_decorator.py took 0.498 seconds
[2022-07-29 02:33:03,052] {processor.py:153} INFO - Started process (PID=2323) to work on /home/airflow/.local/lib/python3.7/site-packages/airflow/example_dags/example_dag_decorator.py
[2022-07-29 02:33:03,064] {processor.py:641} INFO - Processing file /home/airflow/.local/lib/python3.7/site-packages/airflow/example_dags/example_dag_decorator.py for tasks to queue
[2022-07-29 02:33:03,065] {logging_mixin.py:115} INFO - [2022-07-29 02:33:03,065] {dagbag.py:508} INFO - Filling up the DagBag from /home/airflow/.local/lib/python3.7/site-packages/airflow/example_dags/example_dag_decorator.py
[2022-07-29 02:33:03,434] {processor.py:651} INFO - DAG(s) dict_keys(['example_dag_decorator']) retrieved from /home/airflow/.local/lib/python3.7/site-packages/airflow/example_dags/example_dag_decorator.py
[2022-07-29 02:33:03,470] {logging_mixin.py:115} INFO - [2022-07-29 02:33:03,470] {dag.py:2420} INFO - Sync 1 DAGs
[2022-07-29 02:33:03,524] {logging_mixin.py:115} INFO - [2022-07-29 02:33:03,524] {dag.py:2972} INFO - Setting next_dagrun for example_dag_decorator to None, run_after=None
[2022-07-29 02:33:03,554] {processor.py:161} INFO - Processing /home/airflow/.local/lib/python3.7/site-packages/airflow/example_dags/example_dag_decorator.py took 0.517 seconds
[2022-07-29 02:33:36,194] {processor.py:153} INFO - Started process (PID=2396) to work on /home/airflow/.local/lib/python3.7/site-packages/airflow/example_dags/example_dag_decorator.py
[2022-07-29 02:33:36,195] {processor.py:641} INFO - Processing file /home/airflow/.local/lib/python3.7/site-packages/airflow/example_dags/example_dag_decorator.py for tasks to queue
[2022-07-29 02:33:36,196] {logging_mixin.py:115} INFO - [2022-07-29 02:33:36,195] {dagbag.py:508} INFO - Filling up the DagBag from /home/airflow/.local/lib/python3.7/site-packages/airflow/example_dags/example_dag_decorator.py
[2022-07-29 02:33:36,472] {processor.py:651} INFO - DAG(s) dict_keys(['example_dag_decorator']) retrieved from /home/airflow/.local/lib/python3.7/site-packages/airflow/example_dags/example_dag_decorator.py
[2022-07-29 02:33:36,582] {logging_mixin.py:115} INFO - [2022-07-29 02:33:36,582] {dag.py:2420} INFO - Sync 1 DAGs
[2022-07-29 02:33:36,620] {logging_mixin.py:115} INFO - [2022-07-29 02:33:36,620] {dag.py:2972} INFO - Setting next_dagrun for example_dag_decorator to None, run_after=None
[2022-07-29 02:33:36,644] {processor.py:161} INFO - Processing /home/airflow/.local/lib/python3.7/site-packages/airflow/example_dags/example_dag_decorator.py took 0.457 seconds
[2022-07-29 02:34:09,163] {processor.py:153} INFO - Started process (PID=2478) to work on /home/airflow/.local/lib/python3.7/site-packages/airflow/example_dags/example_dag_decorator.py
[2022-07-29 02:34:09,172] {processor.py:641} INFO - Processing file /home/airflow/.local/lib/python3.7/site-packages/airflow/example_dags/example_dag_decorator.py for tasks to queue
[2022-07-29 02:34:09,173] {logging_mixin.py:115} INFO - [2022-07-29 02:34:09,173] {dagbag.py:508} INFO - Filling up the DagBag from /home/airflow/.local/lib/python3.7/site-packages/airflow/example_dags/example_dag_decorator.py
[2022-07-29 02:34:09,906] {processor.py:651} INFO - DAG(s) dict_keys(['example_dag_decorator']) retrieved from /home/airflow/.local/lib/python3.7/site-packages/airflow/example_dags/example_dag_decorator.py
[2022-07-29 02:34:10,148] {logging_mixin.py:115} INFO - [2022-07-29 02:34:10,148] {dag.py:2420} INFO - Sync 1 DAGs
[2022-07-29 02:34:10,200] {logging_mixin.py:115} INFO - [2022-07-29 02:34:10,200] {dag.py:2972} INFO - Setting next_dagrun for example_dag_decorator to None, run_after=None
[2022-07-29 02:34:10,241] {processor.py:161} INFO - Processing /home/airflow/.local/lib/python3.7/site-packages/airflow/example_dags/example_dag_decorator.py took 1.084 seconds
[2022-07-29 02:34:41,405] {processor.py:153} INFO - Started process (PID=2551) to work on /home/airflow/.local/lib/python3.7/site-packages/airflow/example_dags/example_dag_decorator.py
[2022-07-29 02:34:41,406] {processor.py:641} INFO - Processing file /home/airflow/.local/lib/python3.7/site-packages/airflow/example_dags/example_dag_decorator.py for tasks to queue
[2022-07-29 02:34:41,407] {logging_mixin.py:115} INFO - [2022-07-29 02:34:41,407] {dagbag.py:508} INFO - Filling up the DagBag from /home/airflow/.local/lib/python3.7/site-packages/airflow/example_dags/example_dag_decorator.py
[2022-07-29 02:34:41,685] {processor.py:651} INFO - DAG(s) dict_keys(['example_dag_decorator']) retrieved from /home/airflow/.local/lib/python3.7/site-packages/airflow/example_dags/example_dag_decorator.py
[2022-07-29 02:34:41,794] {logging_mixin.py:115} INFO - [2022-07-29 02:34:41,794] {dag.py:2420} INFO - Sync 1 DAGs
[2022-07-29 02:34:41,831] {logging_mixin.py:115} INFO - [2022-07-29 02:34:41,831] {dag.py:2972} INFO - Setting next_dagrun for example_dag_decorator to None, run_after=None
[2022-07-29 02:34:41,853] {processor.py:161} INFO - Processing /home/airflow/.local/lib/python3.7/site-packages/airflow/example_dags/example_dag_decorator.py took 0.456 seconds
[2022-07-29 02:35:13,838] {processor.py:153} INFO - Started process (PID=2635) to work on /home/airflow/.local/lib/python3.7/site-packages/airflow/example_dags/example_dag_decorator.py
[2022-07-29 02:35:13,838] {processor.py:641} INFO - Processing file /home/airflow/.local/lib/python3.7/site-packages/airflow/example_dags/example_dag_decorator.py for tasks to queue
[2022-07-29 02:35:13,839] {logging_mixin.py:115} INFO - [2022-07-29 02:35:13,839] {dagbag.py:508} INFO - Filling up the DagBag from /home/airflow/.local/lib/python3.7/site-packages/airflow/example_dags/example_dag_decorator.py
[2022-07-29 02:35:14,138] {processor.py:651} INFO - DAG(s) dict_keys(['example_dag_decorator']) retrieved from /home/airflow/.local/lib/python3.7/site-packages/airflow/example_dags/example_dag_decorator.py
[2022-07-29 02:35:14,250] {logging_mixin.py:115} INFO - [2022-07-29 02:35:14,249] {dag.py:2420} INFO - Sync 1 DAGs
[2022-07-29 02:35:14,283] {logging_mixin.py:115} INFO - [2022-07-29 02:35:14,283] {dag.py:2972} INFO - Setting next_dagrun for example_dag_decorator to None, run_after=None
[2022-07-29 02:35:14,304] {processor.py:161} INFO - Processing /home/airflow/.local/lib/python3.7/site-packages/airflow/example_dags/example_dag_decorator.py took 0.480 seconds
[2022-07-29 02:35:47,638] {processor.py:153} INFO - Started process (PID=2708) to work on /home/airflow/.local/lib/python3.7/site-packages/airflow/example_dags/example_dag_decorator.py
[2022-07-29 02:35:47,639] {processor.py:641} INFO - Processing file /home/airflow/.local/lib/python3.7/site-packages/airflow/example_dags/example_dag_decorator.py for tasks to queue
[2022-07-29 02:35:47,640] {logging_mixin.py:115} INFO - [2022-07-29 02:35:47,640] {dagbag.py:508} INFO - Filling up the DagBag from /home/airflow/.local/lib/python3.7/site-packages/airflow/example_dags/example_dag_decorator.py
[2022-07-29 02:35:47,912] {processor.py:651} INFO - DAG(s) dict_keys(['example_dag_decorator']) retrieved from /home/airflow/.local/lib/python3.7/site-packages/airflow/example_dags/example_dag_decorator.py
[2022-07-29 02:35:48,026] {logging_mixin.py:115} INFO - [2022-07-29 02:35:48,025] {dag.py:2420} INFO - Sync 1 DAGs
[2022-07-29 02:35:48,062] {logging_mixin.py:115} INFO - [2022-07-29 02:35:48,061] {dag.py:2972} INFO - Setting next_dagrun for example_dag_decorator to None, run_after=None
[2022-07-29 02:35:48,082] {processor.py:161} INFO - Processing /home/airflow/.local/lib/python3.7/site-packages/airflow/example_dags/example_dag_decorator.py took 0.451 seconds
[2022-07-29 02:36:19,346] {processor.py:153} INFO - Started process (PID=2790) to work on /home/airflow/.local/lib/python3.7/site-packages/airflow/example_dags/example_dag_decorator.py
[2022-07-29 02:36:19,347] {processor.py:641} INFO - Processing file /home/airflow/.local/lib/python3.7/site-packages/airflow/example_dags/example_dag_decorator.py for tasks to queue
[2022-07-29 02:36:19,347] {logging_mixin.py:115} INFO - [2022-07-29 02:36:19,347] {dagbag.py:508} INFO - Filling up the DagBag from /home/airflow/.local/lib/python3.7/site-packages/airflow/example_dags/example_dag_decorator.py
[2022-07-29 02:36:19,782] {processor.py:651} INFO - DAG(s) dict_keys(['example_dag_decorator']) retrieved from /home/airflow/.local/lib/python3.7/site-packages/airflow/example_dags/example_dag_decorator.py
[2022-07-29 02:36:19,964] {logging_mixin.py:115} INFO - [2022-07-29 02:36:19,964] {dag.py:2420} INFO - Sync 1 DAGs
[2022-07-29 02:36:20,001] {logging_mixin.py:115} INFO - [2022-07-29 02:36:20,001] {dag.py:2972} INFO - Setting next_dagrun for example_dag_decorator to None, run_after=None
[2022-07-29 02:36:20,026] {processor.py:161} INFO - Processing /home/airflow/.local/lib/python3.7/site-packages/airflow/example_dags/example_dag_decorator.py took 0.687 seconds
[2022-07-29 02:36:50,168] {processor.py:153} INFO - Started process (PID=2861) to work on /home/airflow/.local/lib/python3.7/site-packages/airflow/example_dags/example_dag_decorator.py
[2022-07-29 02:36:50,169] {processor.py:641} INFO - Processing file /home/airflow/.local/lib/python3.7/site-packages/airflow/example_dags/example_dag_decorator.py for tasks to queue
[2022-07-29 02:36:50,170] {logging_mixin.py:115} INFO - [2022-07-29 02:36:50,170] {dagbag.py:508} INFO - Filling up the DagBag from /home/airflow/.local/lib/python3.7/site-packages/airflow/example_dags/example_dag_decorator.py
[2022-07-29 02:36:50,446] {processor.py:651} INFO - DAG(s) dict_keys(['example_dag_decorator']) retrieved from /home/airflow/.local/lib/python3.7/site-packages/airflow/example_dags/example_dag_decorator.py
[2022-07-29 02:36:50,559] {logging_mixin.py:115} INFO - [2022-07-29 02:36:50,559] {dag.py:2420} INFO - Sync 1 DAGs
[2022-07-29 02:36:50,597] {logging_mixin.py:115} INFO - [2022-07-29 02:36:50,597] {dag.py:2972} INFO - Setting next_dagrun for example_dag_decorator to None, run_after=None
[2022-07-29 02:36:50,618] {processor.py:161} INFO - Processing /home/airflow/.local/lib/python3.7/site-packages/airflow/example_dags/example_dag_decorator.py took 0.457 seconds
[2022-07-29 02:37:21,481] {processor.py:153} INFO - Started process (PID=2934) to work on /home/airflow/.local/lib/python3.7/site-packages/airflow/example_dags/example_dag_decorator.py
[2022-07-29 02:37:21,482] {processor.py:641} INFO - Processing file /home/airflow/.local/lib/python3.7/site-packages/airflow/example_dags/example_dag_decorator.py for tasks to queue
[2022-07-29 02:37:21,483] {logging_mixin.py:115} INFO - [2022-07-29 02:37:21,483] {dagbag.py:508} INFO - Filling up the DagBag from /home/airflow/.local/lib/python3.7/site-packages/airflow/example_dags/example_dag_decorator.py
[2022-07-29 02:37:21,905] {processor.py:651} INFO - DAG(s) dict_keys(['example_dag_decorator']) retrieved from /home/airflow/.local/lib/python3.7/site-packages/airflow/example_dags/example_dag_decorator.py
[2022-07-29 02:37:22,137] {logging_mixin.py:115} INFO - [2022-07-29 02:37:22,137] {dag.py:2420} INFO - Sync 1 DAGs
[2022-07-29 02:37:22,218] {logging_mixin.py:115} INFO - [2022-07-29 02:37:22,218] {dag.py:2972} INFO - Setting next_dagrun for example_dag_decorator to None, run_after=None
[2022-07-29 02:37:22,268] {processor.py:161} INFO - Processing /home/airflow/.local/lib/python3.7/site-packages/airflow/example_dags/example_dag_decorator.py took 0.793 seconds
[2022-07-29 02:37:53,428] {processor.py:153} INFO - Started process (PID=3016) to work on /home/airflow/.local/lib/python3.7/site-packages/airflow/example_dags/example_dag_decorator.py
[2022-07-29 02:37:53,429] {processor.py:641} INFO - Processing file /home/airflow/.local/lib/python3.7/site-packages/airflow/example_dags/example_dag_decorator.py for tasks to queue
[2022-07-29 02:37:53,430] {logging_mixin.py:115} INFO - [2022-07-29 02:37:53,430] {dagbag.py:508} INFO - Filling up the DagBag from /home/airflow/.local/lib/python3.7/site-packages/airflow/example_dags/example_dag_decorator.py
[2022-07-29 02:37:53,847] {processor.py:651} INFO - DAG(s) dict_keys(['example_dag_decorator']) retrieved from /home/airflow/.local/lib/python3.7/site-packages/airflow/example_dags/example_dag_decorator.py
[2022-07-29 02:37:54,006] {logging_mixin.py:115} INFO - [2022-07-29 02:37:54,006] {dag.py:2420} INFO - Sync 1 DAGs
[2022-07-29 02:37:54,053] {logging_mixin.py:115} INFO - [2022-07-29 02:37:54,053] {dag.py:2972} INFO - Setting next_dagrun for example_dag_decorator to None, run_after=None
[2022-07-29 02:37:54,081] {processor.py:161} INFO - Processing /home/airflow/.local/lib/python3.7/site-packages/airflow/example_dags/example_dag_decorator.py took 0.667 seconds
[2022-07-29 02:38:24,914] {processor.py:153} INFO - Started process (PID=3088) to work on /home/airflow/.local/lib/python3.7/site-packages/airflow/example_dags/example_dag_decorator.py
[2022-07-29 02:38:24,915] {processor.py:641} INFO - Processing file /home/airflow/.local/lib/python3.7/site-packages/airflow/example_dags/example_dag_decorator.py for tasks to queue
[2022-07-29 02:38:24,916] {logging_mixin.py:115} INFO - [2022-07-29 02:38:24,916] {dagbag.py:508} INFO - Filling up the DagBag from /home/airflow/.local/lib/python3.7/site-packages/airflow/example_dags/example_dag_decorator.py
[2022-07-29 02:38:25,303] {processor.py:651} INFO - DAG(s) dict_keys(['example_dag_decorator']) retrieved from /home/airflow/.local/lib/python3.7/site-packages/airflow/example_dags/example_dag_decorator.py
[2022-07-29 02:38:25,530] {logging_mixin.py:115} INFO - [2022-07-29 02:38:25,530] {dag.py:2420} INFO - Sync 1 DAGs
[2022-07-29 02:38:25,599] {logging_mixin.py:115} INFO - [2022-07-29 02:38:25,599] {dag.py:2972} INFO - Setting next_dagrun for example_dag_decorator to None, run_after=None
[2022-07-29 02:38:25,634] {processor.py:161} INFO - Processing /home/airflow/.local/lib/python3.7/site-packages/airflow/example_dags/example_dag_decorator.py took 0.728 seconds
[2022-07-29 02:38:56,249] {processor.py:153} INFO - Started process (PID=3160) to work on /home/airflow/.local/lib/python3.7/site-packages/airflow/example_dags/example_dag_decorator.py
[2022-07-29 02:38:56,250] {processor.py:641} INFO - Processing file /home/airflow/.local/lib/python3.7/site-packages/airflow/example_dags/example_dag_decorator.py for tasks to queue
[2022-07-29 02:38:56,250] {logging_mixin.py:115} INFO - [2022-07-29 02:38:56,250] {dagbag.py:508} INFO - Filling up the DagBag from /home/airflow/.local/lib/python3.7/site-packages/airflow/example_dags/example_dag_decorator.py
[2022-07-29 02:38:56,479] {processor.py:651} INFO - DAG(s) dict_keys(['example_dag_decorator']) retrieved from /home/airflow/.local/lib/python3.7/site-packages/airflow/example_dags/example_dag_decorator.py
[2022-07-29 02:38:56,599] {logging_mixin.py:115} INFO - [2022-07-29 02:38:56,599] {dag.py:2420} INFO - Sync 1 DAGs
[2022-07-29 02:38:56,637] {logging_mixin.py:115} INFO - [2022-07-29 02:38:56,637] {dag.py:2972} INFO - Setting next_dagrun for example_dag_decorator to None, run_after=None
[2022-07-29 02:38:56,658] {processor.py:161} INFO - Processing /home/airflow/.local/lib/python3.7/site-packages/airflow/example_dags/example_dag_decorator.py took 0.414 seconds
[2022-07-29 02:39:26,987] {processor.py:153} INFO - Started process (PID=3232) to work on /home/airflow/.local/lib/python3.7/site-packages/airflow/example_dags/example_dag_decorator.py
[2022-07-29 02:39:26,988] {processor.py:641} INFO - Processing file /home/airflow/.local/lib/python3.7/site-packages/airflow/example_dags/example_dag_decorator.py for tasks to queue
[2022-07-29 02:39:26,989] {logging_mixin.py:115} INFO - [2022-07-29 02:39:26,989] {dagbag.py:508} INFO - Filling up the DagBag from /home/airflow/.local/lib/python3.7/site-packages/airflow/example_dags/example_dag_decorator.py
[2022-07-29 02:39:27,257] {processor.py:651} INFO - DAG(s) dict_keys(['example_dag_decorator']) retrieved from /home/airflow/.local/lib/python3.7/site-packages/airflow/example_dags/example_dag_decorator.py
[2022-07-29 02:39:27,293] {logging_mixin.py:115} INFO - [2022-07-29 02:39:27,292] {dag.py:2420} INFO - Sync 1 DAGs
[2022-07-29 02:39:27,328] {logging_mixin.py:115} INFO - [2022-07-29 02:39:27,328] {dag.py:2972} INFO - Setting next_dagrun for example_dag_decorator to None, run_after=None
[2022-07-29 02:39:27,352] {processor.py:161} INFO - Processing /home/airflow/.local/lib/python3.7/site-packages/airflow/example_dags/example_dag_decorator.py took 0.372 seconds
[2022-07-29 02:39:57,593] {processor.py:153} INFO - Started process (PID=3314) to work on /home/airflow/.local/lib/python3.7/site-packages/airflow/example_dags/example_dag_decorator.py
[2022-07-29 02:39:57,596] {processor.py:641} INFO - Processing file /home/airflow/.local/lib/python3.7/site-packages/airflow/example_dags/example_dag_decorator.py for tasks to queue
[2022-07-29 02:39:57,597] {logging_mixin.py:115} INFO - [2022-07-29 02:39:57,597] {dagbag.py:508} INFO - Filling up the DagBag from /home/airflow/.local/lib/python3.7/site-packages/airflow/example_dags/example_dag_decorator.py
[2022-07-29 02:39:58,114] {processor.py:651} INFO - DAG(s) dict_keys(['example_dag_decorator']) retrieved from /home/airflow/.local/lib/python3.7/site-packages/airflow/example_dags/example_dag_decorator.py
[2022-07-29 02:39:58,390] {logging_mixin.py:115} INFO - [2022-07-29 02:39:58,390] {dag.py:2420} INFO - Sync 1 DAGs
[2022-07-29 02:39:58,460] {logging_mixin.py:115} INFO - [2022-07-29 02:39:58,460] {dag.py:2972} INFO - Setting next_dagrun for example_dag_decorator to None, run_after=None
[2022-07-29 02:39:58,499] {processor.py:161} INFO - Processing /home/airflow/.local/lib/python3.7/site-packages/airflow/example_dags/example_dag_decorator.py took 0.920 seconds
[2022-07-29 02:40:29,192] {processor.py:153} INFO - Started process (PID=3386) to work on /home/airflow/.local/lib/python3.7/site-packages/airflow/example_dags/example_dag_decorator.py
[2022-07-29 02:40:29,193] {processor.py:641} INFO - Processing file /home/airflow/.local/lib/python3.7/site-packages/airflow/example_dags/example_dag_decorator.py for tasks to queue
[2022-07-29 02:40:29,194] {logging_mixin.py:115} INFO - [2022-07-29 02:40:29,193] {dagbag.py:508} INFO - Filling up the DagBag from /home/airflow/.local/lib/python3.7/site-packages/airflow/example_dags/example_dag_decorator.py
[2022-07-29 02:40:29,472] {processor.py:651} INFO - DAG(s) dict_keys(['example_dag_decorator']) retrieved from /home/airflow/.local/lib/python3.7/site-packages/airflow/example_dags/example_dag_decorator.py
[2022-07-29 02:40:29,589] {logging_mixin.py:115} INFO - [2022-07-29 02:40:29,589] {dag.py:2420} INFO - Sync 1 DAGs
[2022-07-29 02:40:29,627] {logging_mixin.py:115} INFO - [2022-07-29 02:40:29,627] {dag.py:2972} INFO - Setting next_dagrun for example_dag_decorator to None, run_after=None
[2022-07-29 02:40:29,654] {processor.py:161} INFO - Processing /home/airflow/.local/lib/python3.7/site-packages/airflow/example_dags/example_dag_decorator.py took 0.470 seconds
[2022-07-29 02:41:00,022] {processor.py:153} INFO - Started process (PID=3466) to work on /home/airflow/.local/lib/python3.7/site-packages/airflow/example_dags/example_dag_decorator.py
[2022-07-29 02:41:00,023] {processor.py:641} INFO - Processing file /home/airflow/.local/lib/python3.7/site-packages/airflow/example_dags/example_dag_decorator.py for tasks to queue
[2022-07-29 02:41:00,023] {logging_mixin.py:115} INFO - [2022-07-29 02:41:00,023] {dagbag.py:508} INFO - Filling up the DagBag from /home/airflow/.local/lib/python3.7/site-packages/airflow/example_dags/example_dag_decorator.py
[2022-07-29 02:41:00,229] {processor.py:651} INFO - DAG(s) dict_keys(['example_dag_decorator']) retrieved from /home/airflow/.local/lib/python3.7/site-packages/airflow/example_dags/example_dag_decorator.py
[2022-07-29 02:41:00,302] {logging_mixin.py:115} INFO - [2022-07-29 02:41:00,302] {dag.py:2420} INFO - Sync 1 DAGs
[2022-07-29 02:41:00,325] {logging_mixin.py:115} INFO - [2022-07-29 02:41:00,325] {dag.py:2972} INFO - Setting next_dagrun for example_dag_decorator to None, run_after=None
[2022-07-29 02:41:00,343] {processor.py:161} INFO - Processing /home/airflow/.local/lib/python3.7/site-packages/airflow/example_dags/example_dag_decorator.py took 0.326 seconds
[2022-07-29 02:41:36,579] {processor.py:153} INFO - Started process (PID=3550) to work on /home/airflow/.local/lib/python3.7/site-packages/airflow/example_dags/example_dag_decorator.py
[2022-07-29 02:41:36,584] {processor.py:641} INFO - Processing file /home/airflow/.local/lib/python3.7/site-packages/airflow/example_dags/example_dag_decorator.py for tasks to queue
[2022-07-29 02:41:36,585] {logging_mixin.py:115} INFO - [2022-07-29 02:41:36,585] {dagbag.py:508} INFO - Filling up the DagBag from /home/airflow/.local/lib/python3.7/site-packages/airflow/example_dags/example_dag_decorator.py
[2022-07-29 02:41:37,034] {processor.py:651} INFO - DAG(s) dict_keys(['example_dag_decorator']) retrieved from /home/airflow/.local/lib/python3.7/site-packages/airflow/example_dags/example_dag_decorator.py
[2022-07-29 02:41:37,286] {logging_mixin.py:115} INFO - [2022-07-29 02:41:37,286] {dag.py:2420} INFO - Sync 1 DAGs
[2022-07-29 02:41:37,322] {logging_mixin.py:115} INFO - [2022-07-29 02:41:37,322] {dag.py:2972} INFO - Setting next_dagrun for example_dag_decorator to None, run_after=None
[2022-07-29 02:41:37,357] {processor.py:161} INFO - Processing /home/airflow/.local/lib/python3.7/site-packages/airflow/example_dags/example_dag_decorator.py took 0.787 seconds
[2022-07-29 02:42:07,463] {processor.py:153} INFO - Started process (PID=3623) to work on /home/airflow/.local/lib/python3.7/site-packages/airflow/example_dags/example_dag_decorator.py
[2022-07-29 02:42:07,464] {processor.py:641} INFO - Processing file /home/airflow/.local/lib/python3.7/site-packages/airflow/example_dags/example_dag_decorator.py for tasks to queue
[2022-07-29 02:42:07,465] {logging_mixin.py:115} INFO - [2022-07-29 02:42:07,465] {dagbag.py:508} INFO - Filling up the DagBag from /home/airflow/.local/lib/python3.7/site-packages/airflow/example_dags/example_dag_decorator.py
[2022-07-29 02:42:07,745] {processor.py:651} INFO - DAG(s) dict_keys(['example_dag_decorator']) retrieved from /home/airflow/.local/lib/python3.7/site-packages/airflow/example_dags/example_dag_decorator.py
[2022-07-29 02:42:07,857] {logging_mixin.py:115} INFO - [2022-07-29 02:42:07,857] {dag.py:2420} INFO - Sync 1 DAGs
[2022-07-29 02:42:07,894] {logging_mixin.py:115} INFO - [2022-07-29 02:42:07,894] {dag.py:2972} INFO - Setting next_dagrun for example_dag_decorator to None, run_after=None
[2022-07-29 02:42:07,916] {processor.py:161} INFO - Processing /home/airflow/.local/lib/python3.7/site-packages/airflow/example_dags/example_dag_decorator.py took 0.460 seconds
[2022-07-29 02:42:38,336] {processor.py:153} INFO - Started process (PID=3695) to work on /home/airflow/.local/lib/python3.7/site-packages/airflow/example_dags/example_dag_decorator.py
[2022-07-29 02:42:38,337] {processor.py:641} INFO - Processing file /home/airflow/.local/lib/python3.7/site-packages/airflow/example_dags/example_dag_decorator.py for tasks to queue
[2022-07-29 02:42:38,338] {logging_mixin.py:115} INFO - [2022-07-29 02:42:38,338] {dagbag.py:508} INFO - Filling up the DagBag from /home/airflow/.local/lib/python3.7/site-packages/airflow/example_dags/example_dag_decorator.py
[2022-07-29 02:42:38,614] {processor.py:651} INFO - DAG(s) dict_keys(['example_dag_decorator']) retrieved from /home/airflow/.local/lib/python3.7/site-packages/airflow/example_dags/example_dag_decorator.py
[2022-07-29 02:42:38,782] {logging_mixin.py:115} INFO - [2022-07-29 02:42:38,782] {dag.py:2420} INFO - Sync 1 DAGs
[2022-07-29 02:42:38,889] {logging_mixin.py:115} INFO - [2022-07-29 02:42:38,889] {dag.py:2972} INFO - Setting next_dagrun for example_dag_decorator to None, run_after=None
[2022-07-29 02:42:38,938] {processor.py:161} INFO - Processing /home/airflow/.local/lib/python3.7/site-packages/airflow/example_dags/example_dag_decorator.py took 0.608 seconds
[2022-07-29 02:43:12,661] {processor.py:153} INFO - Started process (PID=3776) to work on /home/airflow/.local/lib/python3.7/site-packages/airflow/example_dags/example_dag_decorator.py
[2022-07-29 02:43:12,662] {processor.py:641} INFO - Processing file /home/airflow/.local/lib/python3.7/site-packages/airflow/example_dags/example_dag_decorator.py for tasks to queue
[2022-07-29 02:43:12,663] {logging_mixin.py:115} INFO - [2022-07-29 02:43:12,663] {dagbag.py:508} INFO - Filling up the DagBag from /home/airflow/.local/lib/python3.7/site-packages/airflow/example_dags/example_dag_decorator.py
[2022-07-29 02:43:13,084] {processor.py:651} INFO - DAG(s) dict_keys(['example_dag_decorator']) retrieved from /home/airflow/.local/lib/python3.7/site-packages/airflow/example_dags/example_dag_decorator.py
[2022-07-29 02:43:13,299] {logging_mixin.py:115} INFO - [2022-07-29 02:43:13,299] {dag.py:2420} INFO - Sync 1 DAGs
[2022-07-29 02:43:13,368] {logging_mixin.py:115} INFO - [2022-07-29 02:43:13,367] {dag.py:2972} INFO - Setting next_dagrun for example_dag_decorator to None, run_after=None
[2022-07-29 02:43:13,401] {processor.py:161} INFO - Processing /home/airflow/.local/lib/python3.7/site-packages/airflow/example_dags/example_dag_decorator.py took 0.754 seconds
[2022-07-29 02:43:43,904] {processor.py:153} INFO - Started process (PID=3849) to work on /home/airflow/.local/lib/python3.7/site-packages/airflow/example_dags/example_dag_decorator.py
[2022-07-29 02:43:43,905] {processor.py:641} INFO - Processing file /home/airflow/.local/lib/python3.7/site-packages/airflow/example_dags/example_dag_decorator.py for tasks to queue
[2022-07-29 02:43:43,905] {logging_mixin.py:115} INFO - [2022-07-29 02:43:43,905] {dagbag.py:508} INFO - Filling up the DagBag from /home/airflow/.local/lib/python3.7/site-packages/airflow/example_dags/example_dag_decorator.py
[2022-07-29 02:43:44,166] {processor.py:651} INFO - DAG(s) dict_keys(['example_dag_decorator']) retrieved from /home/airflow/.local/lib/python3.7/site-packages/airflow/example_dags/example_dag_decorator.py
[2022-07-29 02:43:44,282] {logging_mixin.py:115} INFO - [2022-07-29 02:43:44,282] {dag.py:2420} INFO - Sync 1 DAGs
[2022-07-29 02:43:44,320] {logging_mixin.py:115} INFO - [2022-07-29 02:43:44,320] {dag.py:2972} INFO - Setting next_dagrun for example_dag_decorator to None, run_after=None
[2022-07-29 02:43:44,341] {processor.py:161} INFO - Processing /home/airflow/.local/lib/python3.7/site-packages/airflow/example_dags/example_dag_decorator.py took 0.444 seconds
[2022-07-29 02:44:16,679] {processor.py:153} INFO - Started process (PID=3922) to work on /home/airflow/.local/lib/python3.7/site-packages/airflow/example_dags/example_dag_decorator.py
[2022-07-29 02:44:16,684] {processor.py:641} INFO - Processing file /home/airflow/.local/lib/python3.7/site-packages/airflow/example_dags/example_dag_decorator.py for tasks to queue
[2022-07-29 02:44:16,685] {logging_mixin.py:115} INFO - [2022-07-29 02:44:16,685] {dagbag.py:508} INFO - Filling up the DagBag from /home/airflow/.local/lib/python3.7/site-packages/airflow/example_dags/example_dag_decorator.py
[2022-07-29 02:44:17,219] {processor.py:651} INFO - DAG(s) dict_keys(['example_dag_decorator']) retrieved from /home/airflow/.local/lib/python3.7/site-packages/airflow/example_dags/example_dag_decorator.py
[2022-07-29 02:44:17,540] {logging_mixin.py:115} INFO - [2022-07-29 02:44:17,540] {dag.py:2420} INFO - Sync 1 DAGs
[2022-07-29 02:44:17,642] {logging_mixin.py:115} INFO - [2022-07-29 02:44:17,642] {dag.py:2972} INFO - Setting next_dagrun for example_dag_decorator to None, run_after=None
[2022-07-29 02:44:17,701] {processor.py:161} INFO - Processing /home/airflow/.local/lib/python3.7/site-packages/airflow/example_dags/example_dag_decorator.py took 1.036 seconds
[2022-07-29 02:44:48,533] {processor.py:153} INFO - Started process (PID=4005) to work on /home/airflow/.local/lib/python3.7/site-packages/airflow/example_dags/example_dag_decorator.py
[2022-07-29 02:44:48,534] {processor.py:641} INFO - Processing file /home/airflow/.local/lib/python3.7/site-packages/airflow/example_dags/example_dag_decorator.py for tasks to queue
[2022-07-29 02:44:48,535] {logging_mixin.py:115} INFO - [2022-07-29 02:44:48,535] {dagbag.py:508} INFO - Filling up the DagBag from /home/airflow/.local/lib/python3.7/site-packages/airflow/example_dags/example_dag_decorator.py
[2022-07-29 02:44:48,799] {processor.py:651} INFO - DAG(s) dict_keys(['example_dag_decorator']) retrieved from /home/airflow/.local/lib/python3.7/site-packages/airflow/example_dags/example_dag_decorator.py
[2022-07-29 02:44:48,916] {logging_mixin.py:115} INFO - [2022-07-29 02:44:48,916] {dag.py:2420} INFO - Sync 1 DAGs
[2022-07-29 02:44:48,950] {logging_mixin.py:115} INFO - [2022-07-29 02:44:48,950] {dag.py:2972} INFO - Setting next_dagrun for example_dag_decorator to None, run_after=None
[2022-07-29 02:44:48,974] {processor.py:161} INFO - Processing /home/airflow/.local/lib/python3.7/site-packages/airflow/example_dags/example_dag_decorator.py took 0.448 seconds
[2022-07-29 02:45:20,101] {processor.py:153} INFO - Started process (PID=4077) to work on /home/airflow/.local/lib/python3.7/site-packages/airflow/example_dags/example_dag_decorator.py
[2022-07-29 02:45:20,104] {processor.py:641} INFO - Processing file /home/airflow/.local/lib/python3.7/site-packages/airflow/example_dags/example_dag_decorator.py for tasks to queue
[2022-07-29 02:45:20,105] {logging_mixin.py:115} INFO - [2022-07-29 02:45:20,105] {dagbag.py:508} INFO - Filling up the DagBag from /home/airflow/.local/lib/python3.7/site-packages/airflow/example_dags/example_dag_decorator.py
[2022-07-29 02:45:20,635] {processor.py:651} INFO - DAG(s) dict_keys(['example_dag_decorator']) retrieved from /home/airflow/.local/lib/python3.7/site-packages/airflow/example_dags/example_dag_decorator.py
[2022-07-29 02:45:20,859] {logging_mixin.py:115} INFO - [2022-07-29 02:45:20,858] {dag.py:2420} INFO - Sync 1 DAGs
[2022-07-29 02:45:20,984] {logging_mixin.py:115} INFO - [2022-07-29 02:45:20,984] {dag.py:2972} INFO - Setting next_dagrun for example_dag_decorator to None, run_after=None
[2022-07-29 02:45:21,044] {processor.py:161} INFO - Processing /home/airflow/.local/lib/python3.7/site-packages/airflow/example_dags/example_dag_decorator.py took 0.951 seconds
[2022-07-29 02:45:51,197] {processor.py:153} INFO - Started process (PID=4158) to work on /home/airflow/.local/lib/python3.7/site-packages/airflow/example_dags/example_dag_decorator.py
[2022-07-29 02:45:51,197] {processor.py:641} INFO - Processing file /home/airflow/.local/lib/python3.7/site-packages/airflow/example_dags/example_dag_decorator.py for tasks to queue
[2022-07-29 02:45:51,198] {logging_mixin.py:115} INFO - [2022-07-29 02:45:51,198] {dagbag.py:508} INFO - Filling up the DagBag from /home/airflow/.local/lib/python3.7/site-packages/airflow/example_dags/example_dag_decorator.py
[2022-07-29 02:45:51,993] {processor.py:651} INFO - DAG(s) dict_keys(['example_dag_decorator']) retrieved from /home/airflow/.local/lib/python3.7/site-packages/airflow/example_dags/example_dag_decorator.py
[2022-07-29 02:45:52,416] {logging_mixin.py:115} INFO - [2022-07-29 02:45:52,416] {dag.py:2420} INFO - Sync 1 DAGs
[2022-07-29 02:45:52,524] {logging_mixin.py:115} INFO - [2022-07-29 02:45:52,524] {dag.py:2972} INFO - Setting next_dagrun for example_dag_decorator to None, run_after=None
[2022-07-29 02:45:52,584] {processor.py:161} INFO - Processing /home/airflow/.local/lib/python3.7/site-packages/airflow/example_dags/example_dag_decorator.py took 1.403 seconds
[2022-07-29 02:46:22,957] {processor.py:153} INFO - Started process (PID=4230) to work on /home/airflow/.local/lib/python3.7/site-packages/airflow/example_dags/example_dag_decorator.py
[2022-07-29 02:46:22,958] {processor.py:641} INFO - Processing file /home/airflow/.local/lib/python3.7/site-packages/airflow/example_dags/example_dag_decorator.py for tasks to queue
[2022-07-29 02:46:22,959] {logging_mixin.py:115} INFO - [2022-07-29 02:46:22,959] {dagbag.py:508} INFO - Filling up the DagBag from /home/airflow/.local/lib/python3.7/site-packages/airflow/example_dags/example_dag_decorator.py
[2022-07-29 02:46:23,235] {processor.py:651} INFO - DAG(s) dict_keys(['example_dag_decorator']) retrieved from /home/airflow/.local/lib/python3.7/site-packages/airflow/example_dags/example_dag_decorator.py
[2022-07-29 02:46:23,414] {logging_mixin.py:115} INFO - [2022-07-29 02:46:23,414] {dag.py:2420} INFO - Sync 1 DAGs
[2022-07-29 02:46:23,474] {logging_mixin.py:115} INFO - [2022-07-29 02:46:23,474] {dag.py:2972} INFO - Setting next_dagrun for example_dag_decorator to None, run_after=None
[2022-07-29 02:46:23,525] {processor.py:161} INFO - Processing /home/airflow/.local/lib/python3.7/site-packages/airflow/example_dags/example_dag_decorator.py took 0.574 seconds
[2022-07-29 02:46:54,998] {processor.py:153} INFO - Started process (PID=4303) to work on /home/airflow/.local/lib/python3.7/site-packages/airflow/example_dags/example_dag_decorator.py
[2022-07-29 02:46:55,000] {processor.py:641} INFO - Processing file /home/airflow/.local/lib/python3.7/site-packages/airflow/example_dags/example_dag_decorator.py for tasks to queue
[2022-07-29 02:46:55,001] {logging_mixin.py:115} INFO - [2022-07-29 02:46:55,001] {dagbag.py:508} INFO - Filling up the DagBag from /home/airflow/.local/lib/python3.7/site-packages/airflow/example_dags/example_dag_decorator.py
[2022-07-29 02:46:55,642] {processor.py:651} INFO - DAG(s) dict_keys(['example_dag_decorator']) retrieved from /home/airflow/.local/lib/python3.7/site-packages/airflow/example_dags/example_dag_decorator.py
[2022-07-29 02:46:55,888] {logging_mixin.py:115} INFO - [2022-07-29 02:46:55,888] {dag.py:2420} INFO - Sync 1 DAGs
[2022-07-29 02:46:55,976] {logging_mixin.py:115} INFO - [2022-07-29 02:46:55,976] {dag.py:2972} INFO - Setting next_dagrun for example_dag_decorator to None, run_after=None
[2022-07-29 02:46:56,023] {processor.py:161} INFO - Processing /home/airflow/.local/lib/python3.7/site-packages/airflow/example_dags/example_dag_decorator.py took 1.031 seconds
[2022-07-29 02:47:26,148] {processor.py:153} INFO - Started process (PID=4385) to work on /home/airflow/.local/lib/python3.7/site-packages/airflow/example_dags/example_dag_decorator.py
[2022-07-29 02:47:26,149] {processor.py:641} INFO - Processing file /home/airflow/.local/lib/python3.7/site-packages/airflow/example_dags/example_dag_decorator.py for tasks to queue
[2022-07-29 02:47:26,150] {logging_mixin.py:115} INFO - [2022-07-29 02:47:26,150] {dagbag.py:508} INFO - Filling up the DagBag from /home/airflow/.local/lib/python3.7/site-packages/airflow/example_dags/example_dag_decorator.py
[2022-07-29 02:47:26,192] {processor.py:651} INFO - DAG(s) dict_keys(['example_dag_decorator']) retrieved from /home/airflow/.local/lib/python3.7/site-packages/airflow/example_dags/example_dag_decorator.py
[2022-07-29 02:47:26,332] {logging_mixin.py:115} INFO - [2022-07-29 02:47:26,332] {dag.py:2420} INFO - Sync 1 DAGs
[2022-07-29 02:47:26,366] {logging_mixin.py:115} INFO - [2022-07-29 02:47:26,366] {dag.py:2972} INFO - Setting next_dagrun for example_dag_decorator to None, run_after=None
[2022-07-29 02:47:26,400] {processor.py:161} INFO - Processing /home/airflow/.local/lib/python3.7/site-packages/airflow/example_dags/example_dag_decorator.py took 0.259 seconds
[2022-07-29 02:47:57,222] {processor.py:153} INFO - Started process (PID=4459) to work on /home/airflow/.local/lib/python3.7/site-packages/airflow/example_dags/example_dag_decorator.py
[2022-07-29 02:47:57,223] {processor.py:641} INFO - Processing file /home/airflow/.local/lib/python3.7/site-packages/airflow/example_dags/example_dag_decorator.py for tasks to queue
[2022-07-29 02:47:57,223] {logging_mixin.py:115} INFO - [2022-07-29 02:47:57,223] {dagbag.py:508} INFO - Filling up the DagBag from /home/airflow/.local/lib/python3.7/site-packages/airflow/example_dags/example_dag_decorator.py
[2022-07-29 02:47:57,265] {processor.py:651} INFO - DAG(s) dict_keys(['example_dag_decorator']) retrieved from /home/airflow/.local/lib/python3.7/site-packages/airflow/example_dags/example_dag_decorator.py
[2022-07-29 02:47:57,396] {logging_mixin.py:115} INFO - [2022-07-29 02:47:57,396] {dag.py:2420} INFO - Sync 1 DAGs
[2022-07-29 02:47:57,433] {logging_mixin.py:115} INFO - [2022-07-29 02:47:57,433] {dag.py:2972} INFO - Setting next_dagrun for example_dag_decorator to None, run_after=None
[2022-07-29 02:47:57,463] {processor.py:161} INFO - Processing /home/airflow/.local/lib/python3.7/site-packages/airflow/example_dags/example_dag_decorator.py took 0.248 seconds
[2022-07-29 02:48:27,791] {processor.py:153} INFO - Started process (PID=4539) to work on /home/airflow/.local/lib/python3.7/site-packages/airflow/example_dags/example_dag_decorator.py
[2022-07-29 02:48:27,791] {processor.py:641} INFO - Processing file /home/airflow/.local/lib/python3.7/site-packages/airflow/example_dags/example_dag_decorator.py for tasks to queue
[2022-07-29 02:48:27,792] {logging_mixin.py:115} INFO - [2022-07-29 02:48:27,792] {dagbag.py:508} INFO - Filling up the DagBag from /home/airflow/.local/lib/python3.7/site-packages/airflow/example_dags/example_dag_decorator.py
[2022-07-29 02:48:27,834] {processor.py:651} INFO - DAG(s) dict_keys(['example_dag_decorator']) retrieved from /home/airflow/.local/lib/python3.7/site-packages/airflow/example_dags/example_dag_decorator.py
[2022-07-29 02:48:28,040] {logging_mixin.py:115} INFO - [2022-07-29 02:48:28,040] {dag.py:2420} INFO - Sync 1 DAGs
[2022-07-29 02:48:28,092] {logging_mixin.py:115} INFO - [2022-07-29 02:48:28,092] {dag.py:2972} INFO - Setting next_dagrun for example_dag_decorator to None, run_after=None
[2022-07-29 02:48:28,131] {processor.py:161} INFO - Processing /home/airflow/.local/lib/python3.7/site-packages/airflow/example_dags/example_dag_decorator.py took 0.347 seconds
[2022-07-29 02:48:58,360] {processor.py:153} INFO - Started process (PID=4612) to work on /home/airflow/.local/lib/python3.7/site-packages/airflow/example_dags/example_dag_decorator.py
[2022-07-29 02:48:58,367] {processor.py:641} INFO - Processing file /home/airflow/.local/lib/python3.7/site-packages/airflow/example_dags/example_dag_decorator.py for tasks to queue
[2022-07-29 02:48:58,368] {logging_mixin.py:115} INFO - [2022-07-29 02:48:58,368] {dagbag.py:508} INFO - Filling up the DagBag from /home/airflow/.local/lib/python3.7/site-packages/airflow/example_dags/example_dag_decorator.py
[2022-07-29 02:48:58,421] {processor.py:651} INFO - DAG(s) dict_keys(['example_dag_decorator']) retrieved from /home/airflow/.local/lib/python3.7/site-packages/airflow/example_dags/example_dag_decorator.py
[2022-07-29 02:48:58,690] {logging_mixin.py:115} INFO - [2022-07-29 02:48:58,690] {dag.py:2420} INFO - Sync 1 DAGs
[2022-07-29 02:48:58,727] {logging_mixin.py:115} INFO - [2022-07-29 02:48:58,727] {dag.py:2972} INFO - Setting next_dagrun for example_dag_decorator to None, run_after=None
[2022-07-29 02:48:58,755] {processor.py:161} INFO - Processing /home/airflow/.local/lib/python3.7/site-packages/airflow/example_dags/example_dag_decorator.py took 0.410 seconds
[2022-07-29 02:49:29,350] {processor.py:153} INFO - Started process (PID=4692) to work on /home/airflow/.local/lib/python3.7/site-packages/airflow/example_dags/example_dag_decorator.py
[2022-07-29 02:49:29,351] {processor.py:641} INFO - Processing file /home/airflow/.local/lib/python3.7/site-packages/airflow/example_dags/example_dag_decorator.py for tasks to queue
[2022-07-29 02:49:29,351] {logging_mixin.py:115} INFO - [2022-07-29 02:49:29,351] {dagbag.py:508} INFO - Filling up the DagBag from /home/airflow/.local/lib/python3.7/site-packages/airflow/example_dags/example_dag_decorator.py
[2022-07-29 02:49:29,393] {processor.py:651} INFO - DAG(s) dict_keys(['example_dag_decorator']) retrieved from /home/airflow/.local/lib/python3.7/site-packages/airflow/example_dags/example_dag_decorator.py
[2022-07-29 02:49:29,530] {logging_mixin.py:115} INFO - [2022-07-29 02:49:29,530] {dag.py:2420} INFO - Sync 1 DAGs
[2022-07-29 02:49:29,568] {logging_mixin.py:115} INFO - [2022-07-29 02:49:29,568] {dag.py:2972} INFO - Setting next_dagrun for example_dag_decorator to None, run_after=None
[2022-07-29 02:49:29,592] {processor.py:161} INFO - Processing /home/airflow/.local/lib/python3.7/site-packages/airflow/example_dags/example_dag_decorator.py took 0.249 seconds
[2022-07-29 02:49:59,733] {processor.py:153} INFO - Started process (PID=4763) to work on /home/airflow/.local/lib/python3.7/site-packages/airflow/example_dags/example_dag_decorator.py
[2022-07-29 02:49:59,734] {processor.py:641} INFO - Processing file /home/airflow/.local/lib/python3.7/site-packages/airflow/example_dags/example_dag_decorator.py for tasks to queue
[2022-07-29 02:49:59,735] {logging_mixin.py:115} INFO - [2022-07-29 02:49:59,735] {dagbag.py:508} INFO - Filling up the DagBag from /home/airflow/.local/lib/python3.7/site-packages/airflow/example_dags/example_dag_decorator.py
[2022-07-29 02:49:59,776] {processor.py:651} INFO - DAG(s) dict_keys(['example_dag_decorator']) retrieved from /home/airflow/.local/lib/python3.7/site-packages/airflow/example_dags/example_dag_decorator.py
[2022-07-29 02:49:59,909] {logging_mixin.py:115} INFO - [2022-07-29 02:49:59,908] {dag.py:2420} INFO - Sync 1 DAGs
[2022-07-29 02:49:59,946] {logging_mixin.py:115} INFO - [2022-07-29 02:49:59,946] {dag.py:2972} INFO - Setting next_dagrun for example_dag_decorator to None, run_after=None
[2022-07-29 02:49:59,970] {processor.py:161} INFO - Processing /home/airflow/.local/lib/python3.7/site-packages/airflow/example_dags/example_dag_decorator.py took 0.244 seconds
[2022-07-29 02:50:30,413] {processor.py:153} INFO - Started process (PID=4846) to work on /home/airflow/.local/lib/python3.7/site-packages/airflow/example_dags/example_dag_decorator.py
[2022-07-29 02:50:30,414] {processor.py:641} INFO - Processing file /home/airflow/.local/lib/python3.7/site-packages/airflow/example_dags/example_dag_decorator.py for tasks to queue
[2022-07-29 02:50:30,415] {logging_mixin.py:115} INFO - [2022-07-29 02:50:30,415] {dagbag.py:508} INFO - Filling up the DagBag from /home/airflow/.local/lib/python3.7/site-packages/airflow/example_dags/example_dag_decorator.py
[2022-07-29 02:50:30,458] {processor.py:651} INFO - DAG(s) dict_keys(['example_dag_decorator']) retrieved from /home/airflow/.local/lib/python3.7/site-packages/airflow/example_dags/example_dag_decorator.py
[2022-07-29 02:50:30,681] {logging_mixin.py:115} INFO - [2022-07-29 02:50:30,681] {dag.py:2420} INFO - Sync 1 DAGs
[2022-07-29 02:50:30,764] {logging_mixin.py:115} INFO - [2022-07-29 02:50:30,764] {dag.py:2972} INFO - Setting next_dagrun for example_dag_decorator to None, run_after=None
[2022-07-29 02:50:30,795] {processor.py:161} INFO - Processing /home/airflow/.local/lib/python3.7/site-packages/airflow/example_dags/example_dag_decorator.py took 0.388 seconds
[2022-07-29 02:51:01,251] {processor.py:153} INFO - Started process (PID=4919) to work on /home/airflow/.local/lib/python3.7/site-packages/airflow/example_dags/example_dag_decorator.py
[2022-07-29 02:51:01,252] {processor.py:641} INFO - Processing file /home/airflow/.local/lib/python3.7/site-packages/airflow/example_dags/example_dag_decorator.py for tasks to queue
[2022-07-29 02:51:01,253] {logging_mixin.py:115} INFO - [2022-07-29 02:51:01,253] {dagbag.py:508} INFO - Filling up the DagBag from /home/airflow/.local/lib/python3.7/site-packages/airflow/example_dags/example_dag_decorator.py
[2022-07-29 02:51:01,295] {processor.py:651} INFO - DAG(s) dict_keys(['example_dag_decorator']) retrieved from /home/airflow/.local/lib/python3.7/site-packages/airflow/example_dags/example_dag_decorator.py
[2022-07-29 02:51:01,352] {logging_mixin.py:115} INFO - [2022-07-29 02:51:01,352] {dag.py:2420} INFO - Sync 1 DAGs
[2022-07-29 02:51:01,426] {logging_mixin.py:115} INFO - [2022-07-29 02:51:01,426] {dag.py:2972} INFO - Setting next_dagrun for example_dag_decorator to None, run_after=None
[2022-07-29 02:51:01,454] {processor.py:161} INFO - Processing /home/airflow/.local/lib/python3.7/site-packages/airflow/example_dags/example_dag_decorator.py took 0.210 seconds
[2022-07-29 02:51:31,576] {processor.py:153} INFO - Started process (PID=4999) to work on /home/airflow/.local/lib/python3.7/site-packages/airflow/example_dags/example_dag_decorator.py
[2022-07-29 02:51:31,584] {processor.py:641} INFO - Processing file /home/airflow/.local/lib/python3.7/site-packages/airflow/example_dags/example_dag_decorator.py for tasks to queue
[2022-07-29 02:51:31,585] {logging_mixin.py:115} INFO - [2022-07-29 02:51:31,585] {dagbag.py:508} INFO - Filling up the DagBag from /home/airflow/.local/lib/python3.7/site-packages/airflow/example_dags/example_dag_decorator.py
[2022-07-29 02:51:31,636] {processor.py:651} INFO - DAG(s) dict_keys(['example_dag_decorator']) retrieved from /home/airflow/.local/lib/python3.7/site-packages/airflow/example_dags/example_dag_decorator.py
[2022-07-29 02:51:31,768] {logging_mixin.py:115} INFO - [2022-07-29 02:51:31,768] {dag.py:2420} INFO - Sync 1 DAGs
[2022-07-29 02:51:31,805] {logging_mixin.py:115} INFO - [2022-07-29 02:51:31,805] {dag.py:2972} INFO - Setting next_dagrun for example_dag_decorator to None, run_after=None
[2022-07-29 02:51:31,834] {processor.py:161} INFO - Processing /home/airflow/.local/lib/python3.7/site-packages/airflow/example_dags/example_dag_decorator.py took 0.289 seconds
[2022-07-29 02:52:02,235] {processor.py:153} INFO - Started process (PID=5072) to work on /home/airflow/.local/lib/python3.7/site-packages/airflow/example_dags/example_dag_decorator.py
[2022-07-29 02:52:02,240] {processor.py:641} INFO - Processing file /home/airflow/.local/lib/python3.7/site-packages/airflow/example_dags/example_dag_decorator.py for tasks to queue
[2022-07-29 02:52:02,241] {logging_mixin.py:115} INFO - [2022-07-29 02:52:02,241] {dagbag.py:508} INFO - Filling up the DagBag from /home/airflow/.local/lib/python3.7/site-packages/airflow/example_dags/example_dag_decorator.py
[2022-07-29 02:52:02,318] {processor.py:651} INFO - DAG(s) dict_keys(['example_dag_decorator']) retrieved from /home/airflow/.local/lib/python3.7/site-packages/airflow/example_dags/example_dag_decorator.py
[2022-07-29 02:52:02,575] {logging_mixin.py:115} INFO - [2022-07-29 02:52:02,575] {dag.py:2420} INFO - Sync 1 DAGs
[2022-07-29 02:52:02,643] {logging_mixin.py:115} INFO - [2022-07-29 02:52:02,643] {dag.py:2972} INFO - Setting next_dagrun for example_dag_decorator to None, run_after=None
[2022-07-29 02:52:02,717] {processor.py:161} INFO - Processing /home/airflow/.local/lib/python3.7/site-packages/airflow/example_dags/example_dag_decorator.py took 0.492 seconds
[2022-07-29 02:52:33,546] {processor.py:153} INFO - Started process (PID=5154) to work on /home/airflow/.local/lib/python3.7/site-packages/airflow/example_dags/example_dag_decorator.py
[2022-07-29 02:52:33,553] {processor.py:641} INFO - Processing file /home/airflow/.local/lib/python3.7/site-packages/airflow/example_dags/example_dag_decorator.py for tasks to queue
[2022-07-29 02:52:33,554] {logging_mixin.py:115} INFO - [2022-07-29 02:52:33,554] {dagbag.py:508} INFO - Filling up the DagBag from /home/airflow/.local/lib/python3.7/site-packages/airflow/example_dags/example_dag_decorator.py
[2022-07-29 02:52:33,641] {processor.py:651} INFO - DAG(s) dict_keys(['example_dag_decorator']) retrieved from /home/airflow/.local/lib/python3.7/site-packages/airflow/example_dags/example_dag_decorator.py
[2022-07-29 02:52:33,903] {logging_mixin.py:115} INFO - [2022-07-29 02:52:33,903] {dag.py:2420} INFO - Sync 1 DAGs
[2022-07-29 02:52:33,976] {logging_mixin.py:115} INFO - [2022-07-29 02:52:33,975] {dag.py:2972} INFO - Setting next_dagrun for example_dag_decorator to None, run_after=None
[2022-07-29 02:52:34,015] {processor.py:161} INFO - Processing /home/airflow/.local/lib/python3.7/site-packages/airflow/example_dags/example_dag_decorator.py took 0.480 seconds
[2022-07-29 02:53:04,137] {processor.py:153} INFO - Started process (PID=5226) to work on /home/airflow/.local/lib/python3.7/site-packages/airflow/example_dags/example_dag_decorator.py
[2022-07-29 02:53:04,138] {processor.py:641} INFO - Processing file /home/airflow/.local/lib/python3.7/site-packages/airflow/example_dags/example_dag_decorator.py for tasks to queue
[2022-07-29 02:53:04,139] {logging_mixin.py:115} INFO - [2022-07-29 02:53:04,139] {dagbag.py:508} INFO - Filling up the DagBag from /home/airflow/.local/lib/python3.7/site-packages/airflow/example_dags/example_dag_decorator.py
[2022-07-29 02:53:04,176] {processor.py:651} INFO - DAG(s) dict_keys(['example_dag_decorator']) retrieved from /home/airflow/.local/lib/python3.7/site-packages/airflow/example_dags/example_dag_decorator.py
[2022-07-29 02:53:04,262] {logging_mixin.py:115} INFO - [2022-07-29 02:53:04,262] {dag.py:2420} INFO - Sync 1 DAGs
[2022-07-29 02:53:04,287] {logging_mixin.py:115} INFO - [2022-07-29 02:53:04,287] {dag.py:2972} INFO - Setting next_dagrun for example_dag_decorator to None, run_after=None
[2022-07-29 02:53:04,304] {processor.py:161} INFO - Processing /home/airflow/.local/lib/python3.7/site-packages/airflow/example_dags/example_dag_decorator.py took 0.174 seconds
[2022-07-29 02:53:37,685] {processor.py:153} INFO - Started process (PID=5311) to work on /home/airflow/.local/lib/python3.7/site-packages/airflow/example_dags/example_dag_decorator.py
[2022-07-29 02:53:37,687] {processor.py:641} INFO - Processing file /home/airflow/.local/lib/python3.7/site-packages/airflow/example_dags/example_dag_decorator.py for tasks to queue
[2022-07-29 02:53:37,688] {logging_mixin.py:115} INFO - [2022-07-29 02:53:37,688] {dagbag.py:508} INFO - Filling up the DagBag from /home/airflow/.local/lib/python3.7/site-packages/airflow/example_dags/example_dag_decorator.py
[2022-07-29 02:53:37,734] {processor.py:651} INFO - DAG(s) dict_keys(['example_dag_decorator']) retrieved from /home/airflow/.local/lib/python3.7/site-packages/airflow/example_dags/example_dag_decorator.py
[2022-07-29 02:53:37,812] {logging_mixin.py:115} INFO - [2022-07-29 02:53:37,812] {dag.py:2420} INFO - Sync 1 DAGs
[2022-07-29 02:53:37,888] {logging_mixin.py:115} INFO - [2022-07-29 02:53:37,888] {dag.py:2972} INFO - Setting next_dagrun for example_dag_decorator to None, run_after=None
[2022-07-29 02:53:37,920] {processor.py:161} INFO - Processing /home/airflow/.local/lib/python3.7/site-packages/airflow/example_dags/example_dag_decorator.py took 0.250 seconds
[2022-07-29 02:54:08,223] {processor.py:153} INFO - Started process (PID=5382) to work on /home/airflow/.local/lib/python3.7/site-packages/airflow/example_dags/example_dag_decorator.py
[2022-07-29 02:54:08,224] {processor.py:641} INFO - Processing file /home/airflow/.local/lib/python3.7/site-packages/airflow/example_dags/example_dag_decorator.py for tasks to queue
[2022-07-29 02:54:08,225] {logging_mixin.py:115} INFO - [2022-07-29 02:54:08,225] {dagbag.py:508} INFO - Filling up the DagBag from /home/airflow/.local/lib/python3.7/site-packages/airflow/example_dags/example_dag_decorator.py
[2022-07-29 02:54:08,257] {processor.py:651} INFO - DAG(s) dict_keys(['example_dag_decorator']) retrieved from /home/airflow/.local/lib/python3.7/site-packages/airflow/example_dags/example_dag_decorator.py
[2022-07-29 02:54:08,290] {logging_mixin.py:115} INFO - [2022-07-29 02:54:08,290] {dag.py:2420} INFO - Sync 1 DAGs
[2022-07-29 02:54:08,316] {logging_mixin.py:115} INFO - [2022-07-29 02:54:08,316] {dag.py:2972} INFO - Setting next_dagrun for example_dag_decorator to None, run_after=None
[2022-07-29 02:54:08,332] {processor.py:161} INFO - Processing /home/airflow/.local/lib/python3.7/site-packages/airflow/example_dags/example_dag_decorator.py took 0.116 seconds
[2022-07-29 02:54:39,304] {processor.py:153} INFO - Started process (PID=5457) to work on /home/airflow/.local/lib/python3.7/site-packages/airflow/example_dags/example_dag_decorator.py
[2022-07-29 02:54:39,305] {processor.py:641} INFO - Processing file /home/airflow/.local/lib/python3.7/site-packages/airflow/example_dags/example_dag_decorator.py for tasks to queue
[2022-07-29 02:54:39,306] {logging_mixin.py:115} INFO - [2022-07-29 02:54:39,306] {dagbag.py:508} INFO - Filling up the DagBag from /home/airflow/.local/lib/python3.7/site-packages/airflow/example_dags/example_dag_decorator.py
[2022-07-29 02:54:39,347] {processor.py:651} INFO - DAG(s) dict_keys(['example_dag_decorator']) retrieved from /home/airflow/.local/lib/python3.7/site-packages/airflow/example_dags/example_dag_decorator.py
[2022-07-29 02:54:39,499] {logging_mixin.py:115} INFO - [2022-07-29 02:54:39,499] {dag.py:2420} INFO - Sync 1 DAGs
[2022-07-29 02:54:39,572] {logging_mixin.py:115} INFO - [2022-07-29 02:54:39,572] {dag.py:2972} INFO - Setting next_dagrun for example_dag_decorator to None, run_after=None
[2022-07-29 02:54:39,603] {processor.py:161} INFO - Processing /home/airflow/.local/lib/python3.7/site-packages/airflow/example_dags/example_dag_decorator.py took 0.306 seconds
[2022-07-29 02:55:13,893] {processor.py:153} INFO - Started process (PID=5540) to work on /home/airflow/.local/lib/python3.7/site-packages/airflow/example_dags/example_dag_decorator.py
[2022-07-29 02:55:13,896] {processor.py:641} INFO - Processing file /home/airflow/.local/lib/python3.7/site-packages/airflow/example_dags/example_dag_decorator.py for tasks to queue
[2022-07-29 02:55:13,897] {logging_mixin.py:115} INFO - [2022-07-29 02:55:13,897] {dagbag.py:508} INFO - Filling up the DagBag from /home/airflow/.local/lib/python3.7/site-packages/airflow/example_dags/example_dag_decorator.py
[2022-07-29 02:55:13,987] {processor.py:651} INFO - DAG(s) dict_keys(['example_dag_decorator']) retrieved from /home/airflow/.local/lib/python3.7/site-packages/airflow/example_dags/example_dag_decorator.py
[2022-07-29 02:55:14,468] {logging_mixin.py:115} INFO - [2022-07-29 02:55:14,468] {dag.py:2420} INFO - Sync 1 DAGs
[2022-07-29 02:55:14,534] {logging_mixin.py:115} INFO - [2022-07-29 02:55:14,534] {dag.py:2972} INFO - Setting next_dagrun for example_dag_decorator to None, run_after=None
[2022-07-29 02:55:14,580] {processor.py:161} INFO - Processing /home/airflow/.local/lib/python3.7/site-packages/airflow/example_dags/example_dag_decorator.py took 0.702 seconds
[2022-07-29 02:55:45,103] {processor.py:153} INFO - Started process (PID=5611) to work on /home/airflow/.local/lib/python3.7/site-packages/airflow/example_dags/example_dag_decorator.py
[2022-07-29 02:55:45,104] {processor.py:641} INFO - Processing file /home/airflow/.local/lib/python3.7/site-packages/airflow/example_dags/example_dag_decorator.py for tasks to queue
[2022-07-29 02:55:45,105] {logging_mixin.py:115} INFO - [2022-07-29 02:55:45,104] {dagbag.py:508} INFO - Filling up the DagBag from /home/airflow/.local/lib/python3.7/site-packages/airflow/example_dags/example_dag_decorator.py
[2022-07-29 02:55:45,148] {processor.py:651} INFO - DAG(s) dict_keys(['example_dag_decorator']) retrieved from /home/airflow/.local/lib/python3.7/site-packages/airflow/example_dags/example_dag_decorator.py
[2022-07-29 02:55:45,280] {logging_mixin.py:115} INFO - [2022-07-29 02:55:45,280] {dag.py:2420} INFO - Sync 1 DAGs
[2022-07-29 02:55:45,319] {logging_mixin.py:115} INFO - [2022-07-29 02:55:45,319] {dag.py:2972} INFO - Setting next_dagrun for example_dag_decorator to None, run_after=None
[2022-07-29 02:55:45,346] {processor.py:161} INFO - Processing /home/airflow/.local/lib/python3.7/site-packages/airflow/example_dags/example_dag_decorator.py took 0.251 seconds
[2022-07-29 02:56:15,505] {processor.py:153} INFO - Started process (PID=5685) to work on /home/airflow/.local/lib/python3.7/site-packages/airflow/example_dags/example_dag_decorator.py
[2022-07-29 02:56:15,506] {processor.py:641} INFO - Processing file /home/airflow/.local/lib/python3.7/site-packages/airflow/example_dags/example_dag_decorator.py for tasks to queue
[2022-07-29 02:56:15,507] {logging_mixin.py:115} INFO - [2022-07-29 02:56:15,507] {dagbag.py:508} INFO - Filling up the DagBag from /home/airflow/.local/lib/python3.7/site-packages/airflow/example_dags/example_dag_decorator.py
[2022-07-29 02:56:15,553] {processor.py:651} INFO - DAG(s) dict_keys(['example_dag_decorator']) retrieved from /home/airflow/.local/lib/python3.7/site-packages/airflow/example_dags/example_dag_decorator.py
[2022-07-29 02:56:15,609] {logging_mixin.py:115} INFO - [2022-07-29 02:56:15,609] {dag.py:2420} INFO - Sync 1 DAGs
[2022-07-29 02:56:15,646] {logging_mixin.py:115} INFO - [2022-07-29 02:56:15,646] {dag.py:2972} INFO - Setting next_dagrun for example_dag_decorator to None, run_after=None
[2022-07-29 02:56:15,662] {processor.py:161} INFO - Processing /home/airflow/.local/lib/python3.7/site-packages/airflow/example_dags/example_dag_decorator.py took 0.164 seconds
[2022-07-29 02:56:47,116] {processor.py:153} INFO - Started process (PID=5767) to work on /home/airflow/.local/lib/python3.7/site-packages/airflow/example_dags/example_dag_decorator.py
[2022-07-29 02:56:47,117] {processor.py:641} INFO - Processing file /home/airflow/.local/lib/python3.7/site-packages/airflow/example_dags/example_dag_decorator.py for tasks to queue
[2022-07-29 02:56:47,118] {logging_mixin.py:115} INFO - [2022-07-29 02:56:47,118] {dagbag.py:508} INFO - Filling up the DagBag from /home/airflow/.local/lib/python3.7/site-packages/airflow/example_dags/example_dag_decorator.py
[2022-07-29 02:56:47,161] {processor.py:651} INFO - DAG(s) dict_keys(['example_dag_decorator']) retrieved from /home/airflow/.local/lib/python3.7/site-packages/airflow/example_dags/example_dag_decorator.py
[2022-07-29 02:56:47,208] {logging_mixin.py:115} INFO - [2022-07-29 02:56:47,208] {dag.py:2420} INFO - Sync 1 DAGs
[2022-07-29 02:56:47,249] {logging_mixin.py:115} INFO - [2022-07-29 02:56:47,249] {dag.py:2972} INFO - Setting next_dagrun for example_dag_decorator to None, run_after=None
[2022-07-29 02:56:47,269] {processor.py:161} INFO - Processing /home/airflow/.local/lib/python3.7/site-packages/airflow/example_dags/example_dag_decorator.py took 0.161 seconds
[2022-07-29 02:57:18,899] {processor.py:153} INFO - Started process (PID=5840) to work on /home/airflow/.local/lib/python3.7/site-packages/airflow/example_dags/example_dag_decorator.py
[2022-07-29 02:57:18,900] {processor.py:641} INFO - Processing file /home/airflow/.local/lib/python3.7/site-packages/airflow/example_dags/example_dag_decorator.py for tasks to queue
[2022-07-29 02:57:18,901] {logging_mixin.py:115} INFO - [2022-07-29 02:57:18,901] {dagbag.py:508} INFO - Filling up the DagBag from /home/airflow/.local/lib/python3.7/site-packages/airflow/example_dags/example_dag_decorator.py
[2022-07-29 02:57:18,943] {processor.py:651} INFO - DAG(s) dict_keys(['example_dag_decorator']) retrieved from /home/airflow/.local/lib/python3.7/site-packages/airflow/example_dags/example_dag_decorator.py
[2022-07-29 02:57:19,193] {logging_mixin.py:115} INFO - [2022-07-29 02:57:19,193] {dag.py:2420} INFO - Sync 1 DAGs
[2022-07-29 02:57:19,228] {logging_mixin.py:115} INFO - [2022-07-29 02:57:19,228] {dag.py:2972} INFO - Setting next_dagrun for example_dag_decorator to None, run_after=None
[2022-07-29 02:57:19,251] {processor.py:161} INFO - Processing /home/airflow/.local/lib/python3.7/site-packages/airflow/example_dags/example_dag_decorator.py took 0.358 seconds
[2022-07-29 02:57:50,556] {processor.py:153} INFO - Started process (PID=5913) to work on /home/airflow/.local/lib/python3.7/site-packages/airflow/example_dags/example_dag_decorator.py
[2022-07-29 02:57:50,562] {processor.py:641} INFO - Processing file /home/airflow/.local/lib/python3.7/site-packages/airflow/example_dags/example_dag_decorator.py for tasks to queue
[2022-07-29 02:57:50,563] {logging_mixin.py:115} INFO - [2022-07-29 02:57:50,563] {dagbag.py:508} INFO - Filling up the DagBag from /home/airflow/.local/lib/python3.7/site-packages/airflow/example_dags/example_dag_decorator.py
[2022-07-29 02:57:50,630] {processor.py:651} INFO - DAG(s) dict_keys(['example_dag_decorator']) retrieved from /home/airflow/.local/lib/python3.7/site-packages/airflow/example_dags/example_dag_decorator.py
[2022-07-29 02:57:50,899] {logging_mixin.py:115} INFO - [2022-07-29 02:57:50,898] {dag.py:2420} INFO - Sync 1 DAGs
[2022-07-29 02:57:50,962] {logging_mixin.py:115} INFO - [2022-07-29 02:57:50,962] {dag.py:2972} INFO - Setting next_dagrun for example_dag_decorator to None, run_after=None
[2022-07-29 02:57:51,020] {processor.py:161} INFO - Processing /home/airflow/.local/lib/python3.7/site-packages/airflow/example_dags/example_dag_decorator.py took 0.480 seconds
