[2022-07-29 02:17:31,820] {processor.py:153} INFO - Started process (PID=101) to work on /home/airflow/.local/lib/python3.7/site-packages/airflow/example_dags/example_latest_only.py
[2022-07-29 02:17:31,821] {processor.py:641} INFO - Processing file /home/airflow/.local/lib/python3.7/site-packages/airflow/example_dags/example_latest_only.py for tasks to queue
[2022-07-29 02:17:31,822] {logging_mixin.py:115} INFO - [2022-07-29 02:17:31,821] {dagbag.py:508} INFO - Filling up the DagBag from /home/airflow/.local/lib/python3.7/site-packages/airflow/example_dags/example_latest_only.py
[2022-07-29 02:17:31,839] {processor.py:651} INFO - DAG(s) dict_keys(['latest_only']) retrieved from /home/airflow/.local/lib/python3.7/site-packages/airflow/example_dags/example_latest_only.py
[2022-07-29 02:17:31,938] {logging_mixin.py:115} INFO - [2022-07-29 02:17:31,938] {dag.py:2420} INFO - Sync 1 DAGs
[2022-07-29 02:17:32,351] {logging_mixin.py:115} INFO - [2022-07-29 02:17:32,351] {dag.py:2972} INFO - Setting next_dagrun for latest_only to 2022-07-28T22:17:32.351131+00:00, run_after=2022-07-29T02:17:32.351131+00:00
[2022-07-29 02:17:32,396] {processor.py:161} INFO - Processing /home/airflow/.local/lib/python3.7/site-packages/airflow/example_dags/example_latest_only.py took 0.590 seconds
[2022-07-29 02:18:03,067] {processor.py:153} INFO - Started process (PID=174) to work on /home/airflow/.local/lib/python3.7/site-packages/airflow/example_dags/example_latest_only.py
[2022-07-29 02:18:03,068] {processor.py:641} INFO - Processing file /home/airflow/.local/lib/python3.7/site-packages/airflow/example_dags/example_latest_only.py for tasks to queue
[2022-07-29 02:18:03,073] {logging_mixin.py:115} INFO - [2022-07-29 02:18:03,072] {dagbag.py:508} INFO - Filling up the DagBag from /home/airflow/.local/lib/python3.7/site-packages/airflow/example_dags/example_latest_only.py
[2022-07-29 02:18:03,103] {processor.py:651} INFO - DAG(s) dict_keys(['latest_only']) retrieved from /home/airflow/.local/lib/python3.7/site-packages/airflow/example_dags/example_latest_only.py
[2022-07-29 02:18:03,190] {logging_mixin.py:115} INFO - [2022-07-29 02:18:03,189] {dag.py:2420} INFO - Sync 1 DAGs
[2022-07-29 02:18:03,482] {logging_mixin.py:115} INFO - [2022-07-29 02:18:03,482] {dag.py:2972} INFO - Setting next_dagrun for latest_only to 2022-07-28T22:18:03.481741+00:00, run_after=2022-07-29T02:18:03.481741+00:00
[2022-07-29 02:18:03,499] {processor.py:161} INFO - Processing /home/airflow/.local/lib/python3.7/site-packages/airflow/example_dags/example_latest_only.py took 0.458 seconds
[2022-07-29 02:18:33,938] {processor.py:153} INFO - Started process (PID=247) to work on /home/airflow/.local/lib/python3.7/site-packages/airflow/example_dags/example_latest_only.py
[2022-07-29 02:18:33,939] {processor.py:641} INFO - Processing file /home/airflow/.local/lib/python3.7/site-packages/airflow/example_dags/example_latest_only.py for tasks to queue
[2022-07-29 02:18:33,940] {logging_mixin.py:115} INFO - [2022-07-29 02:18:33,940] {dagbag.py:508} INFO - Filling up the DagBag from /home/airflow/.local/lib/python3.7/site-packages/airflow/example_dags/example_latest_only.py
[2022-07-29 02:18:33,949] {processor.py:651} INFO - DAG(s) dict_keys(['latest_only']) retrieved from /home/airflow/.local/lib/python3.7/site-packages/airflow/example_dags/example_latest_only.py
[2022-07-29 02:18:34,001] {logging_mixin.py:115} INFO - [2022-07-29 02:18:34,000] {dag.py:2420} INFO - Sync 1 DAGs
[2022-07-29 02:18:34,324] {logging_mixin.py:115} INFO - [2022-07-29 02:18:34,324] {dag.py:2972} INFO - Setting next_dagrun for latest_only to 2022-07-28T22:18:34.324374+00:00, run_after=2022-07-29T02:18:34.324374+00:00
[2022-07-29 02:18:34,344] {processor.py:161} INFO - Processing /home/airflow/.local/lib/python3.7/site-packages/airflow/example_dags/example_latest_only.py took 0.412 seconds
[2022-07-29 02:19:05,499] {processor.py:153} INFO - Started process (PID=327) to work on /home/airflow/.local/lib/python3.7/site-packages/airflow/example_dags/example_latest_only.py
[2022-07-29 02:19:05,504] {processor.py:641} INFO - Processing file /home/airflow/.local/lib/python3.7/site-packages/airflow/example_dags/example_latest_only.py for tasks to queue
[2022-07-29 02:19:05,505] {logging_mixin.py:115} INFO - [2022-07-29 02:19:05,505] {dagbag.py:508} INFO - Filling up the DagBag from /home/airflow/.local/lib/python3.7/site-packages/airflow/example_dags/example_latest_only.py
[2022-07-29 02:19:05,522] {processor.py:651} INFO - DAG(s) dict_keys(['latest_only']) retrieved from /home/airflow/.local/lib/python3.7/site-packages/airflow/example_dags/example_latest_only.py
[2022-07-29 02:19:05,596] {logging_mixin.py:115} INFO - [2022-07-29 02:19:05,596] {dag.py:2420} INFO - Sync 1 DAGs
[2022-07-29 02:19:05,993] {logging_mixin.py:115} INFO - [2022-07-29 02:19:05,993] {dag.py:2972} INFO - Setting next_dagrun for latest_only to 2022-07-28T22:19:05.993160+00:00, run_after=2022-07-29T02:19:05.993160+00:00
[2022-07-29 02:19:06,033] {processor.py:161} INFO - Processing /home/airflow/.local/lib/python3.7/site-packages/airflow/example_dags/example_latest_only.py took 0.548 seconds
[2022-07-29 02:19:37,357] {processor.py:153} INFO - Started process (PID=403) to work on /home/airflow/.local/lib/python3.7/site-packages/airflow/example_dags/example_latest_only.py
[2022-07-29 02:19:37,367] {processor.py:641} INFO - Processing file /home/airflow/.local/lib/python3.7/site-packages/airflow/example_dags/example_latest_only.py for tasks to queue
[2022-07-29 02:19:37,368] {logging_mixin.py:115} INFO - [2022-07-29 02:19:37,368] {dagbag.py:508} INFO - Filling up the DagBag from /home/airflow/.local/lib/python3.7/site-packages/airflow/example_dags/example_latest_only.py
[2022-07-29 02:19:37,387] {processor.py:651} INFO - DAG(s) dict_keys(['latest_only']) retrieved from /home/airflow/.local/lib/python3.7/site-packages/airflow/example_dags/example_latest_only.py
[2022-07-29 02:19:37,497] {logging_mixin.py:115} INFO - [2022-07-29 02:19:37,497] {dag.py:2420} INFO - Sync 1 DAGs
[2022-07-29 02:19:37,980] {logging_mixin.py:115} INFO - [2022-07-29 02:19:37,979] {dag.py:2972} INFO - Setting next_dagrun for latest_only to 2022-07-28T22:19:37.979539+00:00, run_after=2022-07-29T02:19:37.979539+00:00
[2022-07-29 02:19:38,016] {processor.py:161} INFO - Processing /home/airflow/.local/lib/python3.7/site-packages/airflow/example_dags/example_latest_only.py took 0.677 seconds
[2022-07-29 02:20:08,964] {processor.py:153} INFO - Started process (PID=476) to work on /home/airflow/.local/lib/python3.7/site-packages/airflow/example_dags/example_latest_only.py
[2022-07-29 02:20:08,965] {processor.py:641} INFO - Processing file /home/airflow/.local/lib/python3.7/site-packages/airflow/example_dags/example_latest_only.py for tasks to queue
[2022-07-29 02:20:08,966] {logging_mixin.py:115} INFO - [2022-07-29 02:20:08,966] {dagbag.py:508} INFO - Filling up the DagBag from /home/airflow/.local/lib/python3.7/site-packages/airflow/example_dags/example_latest_only.py
[2022-07-29 02:20:08,976] {processor.py:651} INFO - DAG(s) dict_keys(['latest_only']) retrieved from /home/airflow/.local/lib/python3.7/site-packages/airflow/example_dags/example_latest_only.py
[2022-07-29 02:20:09,037] {logging_mixin.py:115} INFO - [2022-07-29 02:20:09,037] {dag.py:2420} INFO - Sync 1 DAGs
[2022-07-29 02:20:09,334] {logging_mixin.py:115} INFO - [2022-07-29 02:20:09,333] {dag.py:2972} INFO - Setting next_dagrun for latest_only to 2022-07-28T22:20:09.333564+00:00, run_after=2022-07-29T02:20:09.333564+00:00
[2022-07-29 02:20:09,352] {processor.py:161} INFO - Processing /home/airflow/.local/lib/python3.7/site-packages/airflow/example_dags/example_latest_only.py took 0.395 seconds
[2022-07-29 02:20:39,819] {processor.py:153} INFO - Started process (PID=558) to work on /home/airflow/.local/lib/python3.7/site-packages/airflow/example_dags/example_latest_only.py
[2022-07-29 02:20:39,820] {processor.py:641} INFO - Processing file /home/airflow/.local/lib/python3.7/site-packages/airflow/example_dags/example_latest_only.py for tasks to queue
[2022-07-29 02:20:39,821] {logging_mixin.py:115} INFO - [2022-07-29 02:20:39,821] {dagbag.py:508} INFO - Filling up the DagBag from /home/airflow/.local/lib/python3.7/site-packages/airflow/example_dags/example_latest_only.py
[2022-07-29 02:20:39,831] {processor.py:651} INFO - DAG(s) dict_keys(['latest_only']) retrieved from /home/airflow/.local/lib/python3.7/site-packages/airflow/example_dags/example_latest_only.py
[2022-07-29 02:20:39,886] {logging_mixin.py:115} INFO - [2022-07-29 02:20:39,886] {dag.py:2420} INFO - Sync 1 DAGs
[2022-07-29 02:20:40,147] {logging_mixin.py:115} INFO - [2022-07-29 02:20:40,147] {dag.py:2972} INFO - Setting next_dagrun for latest_only to 2022-07-28T22:20:40.147133+00:00, run_after=2022-07-29T02:20:40.147133+00:00
[2022-07-29 02:20:40,168] {processor.py:161} INFO - Processing /home/airflow/.local/lib/python3.7/site-packages/airflow/example_dags/example_latest_only.py took 0.356 seconds
[2022-07-29 02:21:12,008] {processor.py:153} INFO - Started process (PID=632) to work on /home/airflow/.local/lib/python3.7/site-packages/airflow/example_dags/example_latest_only.py
[2022-07-29 02:21:12,011] {processor.py:641} INFO - Processing file /home/airflow/.local/lib/python3.7/site-packages/airflow/example_dags/example_latest_only.py for tasks to queue
[2022-07-29 02:21:12,017] {logging_mixin.py:115} INFO - [2022-07-29 02:21:12,016] {dagbag.py:508} INFO - Filling up the DagBag from /home/airflow/.local/lib/python3.7/site-packages/airflow/example_dags/example_latest_only.py
[2022-07-29 02:21:12,033] {processor.py:651} INFO - DAG(s) dict_keys(['latest_only']) retrieved from /home/airflow/.local/lib/python3.7/site-packages/airflow/example_dags/example_latest_only.py
[2022-07-29 02:21:12,176] {logging_mixin.py:115} INFO - [2022-07-29 02:21:12,176] {dag.py:2420} INFO - Sync 1 DAGs
[2022-07-29 02:21:12,633] {logging_mixin.py:115} INFO - [2022-07-29 02:21:12,632] {dag.py:2972} INFO - Setting next_dagrun for latest_only to 2022-07-28T22:21:12.632627+00:00, run_after=2022-07-29T02:21:12.632627+00:00
[2022-07-29 02:21:12,664] {processor.py:161} INFO - Processing /home/airflow/.local/lib/python3.7/site-packages/airflow/example_dags/example_latest_only.py took 0.672 seconds
[2022-07-29 02:21:44,465] {processor.py:153} INFO - Started process (PID=713) to work on /home/airflow/.local/lib/python3.7/site-packages/airflow/example_dags/example_latest_only.py
[2022-07-29 02:21:44,466] {processor.py:641} INFO - Processing file /home/airflow/.local/lib/python3.7/site-packages/airflow/example_dags/example_latest_only.py for tasks to queue
[2022-07-29 02:21:44,467] {logging_mixin.py:115} INFO - [2022-07-29 02:21:44,467] {dagbag.py:508} INFO - Filling up the DagBag from /home/airflow/.local/lib/python3.7/site-packages/airflow/example_dags/example_latest_only.py
[2022-07-29 02:21:44,477] {processor.py:651} INFO - DAG(s) dict_keys(['latest_only']) retrieved from /home/airflow/.local/lib/python3.7/site-packages/airflow/example_dags/example_latest_only.py
[2022-07-29 02:21:44,531] {logging_mixin.py:115} INFO - [2022-07-29 02:21:44,530] {dag.py:2420} INFO - Sync 1 DAGs
[2022-07-29 02:21:44,794] {logging_mixin.py:115} INFO - [2022-07-29 02:21:44,793] {dag.py:2972} INFO - Setting next_dagrun for latest_only to 2022-07-28T22:21:44.793533+00:00, run_after=2022-07-29T02:21:44.793533+00:00
[2022-07-29 02:21:44,820] {processor.py:161} INFO - Processing /home/airflow/.local/lib/python3.7/site-packages/airflow/example_dags/example_latest_only.py took 0.361 seconds
[2022-07-29 02:22:16,518] {processor.py:153} INFO - Started process (PID=787) to work on /home/airflow/.local/lib/python3.7/site-packages/airflow/example_dags/example_latest_only.py
[2022-07-29 02:22:16,525] {processor.py:641} INFO - Processing file /home/airflow/.local/lib/python3.7/site-packages/airflow/example_dags/example_latest_only.py for tasks to queue
[2022-07-29 02:22:16,525] {logging_mixin.py:115} INFO - [2022-07-29 02:22:16,525] {dagbag.py:508} INFO - Filling up the DagBag from /home/airflow/.local/lib/python3.7/site-packages/airflow/example_dags/example_latest_only.py
[2022-07-29 02:22:16,534] {processor.py:651} INFO - DAG(s) dict_keys(['latest_only']) retrieved from /home/airflow/.local/lib/python3.7/site-packages/airflow/example_dags/example_latest_only.py
[2022-07-29 02:22:16,584] {logging_mixin.py:115} INFO - [2022-07-29 02:22:16,584] {dag.py:2420} INFO - Sync 1 DAGs
[2022-07-29 02:22:16,835] {logging_mixin.py:115} INFO - [2022-07-29 02:22:16,835] {dag.py:2972} INFO - Setting next_dagrun for latest_only to 2022-07-28T22:22:16.835106+00:00, run_after=2022-07-29T02:22:16.835106+00:00
[2022-07-29 02:22:16,857] {processor.py:161} INFO - Processing /home/airflow/.local/lib/python3.7/site-packages/airflow/example_dags/example_latest_only.py took 0.348 seconds
[2022-07-29 02:22:52,449] {processor.py:153} INFO - Started process (PID=869) to work on /home/airflow/.local/lib/python3.7/site-packages/airflow/example_dags/example_latest_only.py
[2022-07-29 02:22:52,450] {processor.py:641} INFO - Processing file /home/airflow/.local/lib/python3.7/site-packages/airflow/example_dags/example_latest_only.py for tasks to queue
[2022-07-29 02:22:52,451] {logging_mixin.py:115} INFO - [2022-07-29 02:22:52,450] {dagbag.py:508} INFO - Filling up the DagBag from /home/airflow/.local/lib/python3.7/site-packages/airflow/example_dags/example_latest_only.py
[2022-07-29 02:22:52,468] {processor.py:651} INFO - DAG(s) dict_keys(['latest_only']) retrieved from /home/airflow/.local/lib/python3.7/site-packages/airflow/example_dags/example_latest_only.py
[2022-07-29 02:22:52,533] {logging_mixin.py:115} INFO - [2022-07-29 02:22:52,533] {dag.py:2420} INFO - Sync 1 DAGs
[2022-07-29 02:22:53,113] {logging_mixin.py:115} INFO - [2022-07-29 02:22:53,113] {dag.py:2972} INFO - Setting next_dagrun for latest_only to 2022-07-28T22:22:53.112665+00:00, run_after=2022-07-29T02:22:53.112665+00:00
[2022-07-29 02:22:53,152] {processor.py:161} INFO - Processing /home/airflow/.local/lib/python3.7/site-packages/airflow/example_dags/example_latest_only.py took 0.749 seconds
[2022-07-29 02:23:23,675] {processor.py:153} INFO - Started process (PID=942) to work on /home/airflow/.local/lib/python3.7/site-packages/airflow/example_dags/example_latest_only.py
[2022-07-29 02:23:23,676] {processor.py:641} INFO - Processing file /home/airflow/.local/lib/python3.7/site-packages/airflow/example_dags/example_latest_only.py for tasks to queue
[2022-07-29 02:23:23,677] {logging_mixin.py:115} INFO - [2022-07-29 02:23:23,677] {dagbag.py:508} INFO - Filling up the DagBag from /home/airflow/.local/lib/python3.7/site-packages/airflow/example_dags/example_latest_only.py
[2022-07-29 02:23:23,697] {processor.py:651} INFO - DAG(s) dict_keys(['latest_only']) retrieved from /home/airflow/.local/lib/python3.7/site-packages/airflow/example_dags/example_latest_only.py
[2022-07-29 02:23:23,801] {logging_mixin.py:115} INFO - [2022-07-29 02:23:23,801] {dag.py:2420} INFO - Sync 1 DAGs
[2022-07-29 02:23:24,239] {logging_mixin.py:115} INFO - [2022-07-29 02:23:24,239] {dag.py:2972} INFO - Setting next_dagrun for latest_only to 2022-07-28T22:23:24.238964+00:00, run_after=2022-07-29T02:23:24.238964+00:00
[2022-07-29 02:23:24,257] {processor.py:161} INFO - Processing /home/airflow/.local/lib/python3.7/site-packages/airflow/example_dags/example_latest_only.py took 0.600 seconds
[2022-07-29 02:23:56,856] {processor.py:153} INFO - Started process (PID=1024) to work on /home/airflow/.local/lib/python3.7/site-packages/airflow/example_dags/example_latest_only.py
[2022-07-29 02:23:56,857] {processor.py:641} INFO - Processing file /home/airflow/.local/lib/python3.7/site-packages/airflow/example_dags/example_latest_only.py for tasks to queue
[2022-07-29 02:23:56,858] {logging_mixin.py:115} INFO - [2022-07-29 02:23:56,858] {dagbag.py:508} INFO - Filling up the DagBag from /home/airflow/.local/lib/python3.7/site-packages/airflow/example_dags/example_latest_only.py
[2022-07-29 02:23:56,868] {processor.py:651} INFO - DAG(s) dict_keys(['latest_only']) retrieved from /home/airflow/.local/lib/python3.7/site-packages/airflow/example_dags/example_latest_only.py
[2022-07-29 02:23:56,920] {logging_mixin.py:115} INFO - [2022-07-29 02:23:56,920] {dag.py:2420} INFO - Sync 1 DAGs
[2022-07-29 02:23:57,315] {logging_mixin.py:115} INFO - [2022-07-29 02:23:57,315] {dag.py:2972} INFO - Setting next_dagrun for latest_only to 2022-07-28T22:23:57.315059+00:00, run_after=2022-07-29T02:23:57.315059+00:00
[2022-07-29 02:23:57,361] {processor.py:161} INFO - Processing /home/airflow/.local/lib/python3.7/site-packages/airflow/example_dags/example_latest_only.py took 0.512 seconds
[2022-07-29 02:24:28,727] {processor.py:153} INFO - Started process (PID=1097) to work on /home/airflow/.local/lib/python3.7/site-packages/airflow/example_dags/example_latest_only.py
[2022-07-29 02:24:28,735] {processor.py:641} INFO - Processing file /home/airflow/.local/lib/python3.7/site-packages/airflow/example_dags/example_latest_only.py for tasks to queue
[2022-07-29 02:24:28,736] {logging_mixin.py:115} INFO - [2022-07-29 02:24:28,736] {dagbag.py:508} INFO - Filling up the DagBag from /home/airflow/.local/lib/python3.7/site-packages/airflow/example_dags/example_latest_only.py
[2022-07-29 02:24:28,755] {processor.py:651} INFO - DAG(s) dict_keys(['latest_only']) retrieved from /home/airflow/.local/lib/python3.7/site-packages/airflow/example_dags/example_latest_only.py
[2022-07-29 02:24:28,896] {logging_mixin.py:115} INFO - [2022-07-29 02:24:28,896] {dag.py:2420} INFO - Sync 1 DAGs
[2022-07-29 02:24:29,186] {logging_mixin.py:115} INFO - [2022-07-29 02:24:29,186] {dag.py:2972} INFO - Setting next_dagrun for latest_only to 2022-07-28T22:24:29.186126+00:00, run_after=2022-07-29T02:24:29.186126+00:00
[2022-07-29 02:24:29,206] {processor.py:161} INFO - Processing /home/airflow/.local/lib/python3.7/site-packages/airflow/example_dags/example_latest_only.py took 0.486 seconds
[2022-07-29 02:25:00,253] {processor.py:153} INFO - Started process (PID=1169) to work on /home/airflow/.local/lib/python3.7/site-packages/airflow/example_dags/example_latest_only.py
[2022-07-29 02:25:00,264] {processor.py:641} INFO - Processing file /home/airflow/.local/lib/python3.7/site-packages/airflow/example_dags/example_latest_only.py for tasks to queue
[2022-07-29 02:25:00,265] {logging_mixin.py:115} INFO - [2022-07-29 02:25:00,265] {dagbag.py:508} INFO - Filling up the DagBag from /home/airflow/.local/lib/python3.7/site-packages/airflow/example_dags/example_latest_only.py
[2022-07-29 02:25:00,296] {processor.py:651} INFO - DAG(s) dict_keys(['latest_only']) retrieved from /home/airflow/.local/lib/python3.7/site-packages/airflow/example_dags/example_latest_only.py
[2022-07-29 02:25:00,358] {logging_mixin.py:115} INFO - [2022-07-29 02:25:00,358] {dag.py:2420} INFO - Sync 1 DAGs
[2022-07-29 02:25:00,801] {logging_mixin.py:115} INFO - [2022-07-29 02:25:00,800] {dag.py:2972} INFO - Setting next_dagrun for latest_only to 2022-07-28T22:25:00.800624+00:00, run_after=2022-07-29T02:25:00.800624+00:00
[2022-07-29 02:25:00,840] {processor.py:161} INFO - Processing /home/airflow/.local/lib/python3.7/site-packages/airflow/example_dags/example_latest_only.py took 0.593 seconds
[2022-07-29 02:25:33,493] {processor.py:153} INFO - Started process (PID=1251) to work on /home/airflow/.local/lib/python3.7/site-packages/airflow/example_dags/example_latest_only.py
[2022-07-29 02:25:33,508] {processor.py:641} INFO - Processing file /home/airflow/.local/lib/python3.7/site-packages/airflow/example_dags/example_latest_only.py for tasks to queue
[2022-07-29 02:25:33,509] {logging_mixin.py:115} INFO - [2022-07-29 02:25:33,509] {dagbag.py:508} INFO - Filling up the DagBag from /home/airflow/.local/lib/python3.7/site-packages/airflow/example_dags/example_latest_only.py
[2022-07-29 02:25:33,526] {processor.py:651} INFO - DAG(s) dict_keys(['latest_only']) retrieved from /home/airflow/.local/lib/python3.7/site-packages/airflow/example_dags/example_latest_only.py
[2022-07-29 02:25:33,673] {logging_mixin.py:115} INFO - [2022-07-29 02:25:33,673] {dag.py:2420} INFO - Sync 1 DAGs
[2022-07-29 02:25:34,286] {logging_mixin.py:115} INFO - [2022-07-29 02:25:34,286] {dag.py:2972} INFO - Setting next_dagrun for latest_only to 2022-07-28T22:25:34.286271+00:00, run_after=2022-07-29T02:25:34.286271+00:00
[2022-07-29 02:25:34,323] {processor.py:161} INFO - Processing /home/airflow/.local/lib/python3.7/site-packages/airflow/example_dags/example_latest_only.py took 0.857 seconds
[2022-07-29 02:26:04,558] {processor.py:153} INFO - Started process (PID=1324) to work on /home/airflow/.local/lib/python3.7/site-packages/airflow/example_dags/example_latest_only.py
[2022-07-29 02:26:04,559] {processor.py:641} INFO - Processing file /home/airflow/.local/lib/python3.7/site-packages/airflow/example_dags/example_latest_only.py for tasks to queue
[2022-07-29 02:26:04,560] {logging_mixin.py:115} INFO - [2022-07-29 02:26:04,559] {dagbag.py:508} INFO - Filling up the DagBag from /home/airflow/.local/lib/python3.7/site-packages/airflow/example_dags/example_latest_only.py
[2022-07-29 02:26:04,568] {processor.py:651} INFO - DAG(s) dict_keys(['latest_only']) retrieved from /home/airflow/.local/lib/python3.7/site-packages/airflow/example_dags/example_latest_only.py
[2022-07-29 02:26:04,619] {logging_mixin.py:115} INFO - [2022-07-29 02:26:04,619] {dag.py:2420} INFO - Sync 1 DAGs
[2022-07-29 02:26:04,876] {logging_mixin.py:115} INFO - [2022-07-29 02:26:04,876] {dag.py:2972} INFO - Setting next_dagrun for latest_only to 2022-07-28T22:26:04.876110+00:00, run_after=2022-07-29T02:26:04.876110+00:00
[2022-07-29 02:26:04,896] {processor.py:161} INFO - Processing /home/airflow/.local/lib/python3.7/site-packages/airflow/example_dags/example_latest_only.py took 0.345 seconds
[2022-07-29 02:26:36,985] {processor.py:153} INFO - Started process (PID=1406) to work on /home/airflow/.local/lib/python3.7/site-packages/airflow/example_dags/example_latest_only.py
[2022-07-29 02:26:36,986] {processor.py:641} INFO - Processing file /home/airflow/.local/lib/python3.7/site-packages/airflow/example_dags/example_latest_only.py for tasks to queue
[2022-07-29 02:26:36,987] {logging_mixin.py:115} INFO - [2022-07-29 02:26:36,987] {dagbag.py:508} INFO - Filling up the DagBag from /home/airflow/.local/lib/python3.7/site-packages/airflow/example_dags/example_latest_only.py
[2022-07-29 02:26:37,010] {processor.py:651} INFO - DAG(s) dict_keys(['latest_only']) retrieved from /home/airflow/.local/lib/python3.7/site-packages/airflow/example_dags/example_latest_only.py
[2022-07-29 02:26:37,108] {logging_mixin.py:115} INFO - [2022-07-29 02:26:37,108] {dag.py:2420} INFO - Sync 1 DAGs
[2022-07-29 02:26:37,449] {logging_mixin.py:115} INFO - [2022-07-29 02:26:37,448] {dag.py:2972} INFO - Setting next_dagrun for latest_only to 2022-07-28T22:26:37.448564+00:00, run_after=2022-07-29T02:26:37.448564+00:00
[2022-07-29 02:26:37,468] {processor.py:161} INFO - Processing /home/airflow/.local/lib/python3.7/site-packages/airflow/example_dags/example_latest_only.py took 0.498 seconds
[2022-07-29 02:27:10,192] {processor.py:153} INFO - Started process (PID=1479) to work on /home/airflow/.local/lib/python3.7/site-packages/airflow/example_dags/example_latest_only.py
[2022-07-29 02:27:10,200] {processor.py:641} INFO - Processing file /home/airflow/.local/lib/python3.7/site-packages/airflow/example_dags/example_latest_only.py for tasks to queue
[2022-07-29 02:27:10,201] {logging_mixin.py:115} INFO - [2022-07-29 02:27:10,201] {dagbag.py:508} INFO - Filling up the DagBag from /home/airflow/.local/lib/python3.7/site-packages/airflow/example_dags/example_latest_only.py
[2022-07-29 02:27:10,222] {processor.py:651} INFO - DAG(s) dict_keys(['latest_only']) retrieved from /home/airflow/.local/lib/python3.7/site-packages/airflow/example_dags/example_latest_only.py
[2022-07-29 02:27:10,636] {logging_mixin.py:115} INFO - [2022-07-29 02:27:10,636] {dag.py:2420} INFO - Sync 1 DAGs
[2022-07-29 02:27:10,675] {logging_mixin.py:115} INFO - [2022-07-29 02:27:10,675] {dag.py:2972} INFO - Setting next_dagrun for latest_only to 2022-07-28T22:27:10.675264+00:00, run_after=2022-07-29T02:27:10.675264+00:00
[2022-07-29 02:27:10,695] {processor.py:161} INFO - Processing /home/airflow/.local/lib/python3.7/site-packages/airflow/example_dags/example_latest_only.py took 0.513 seconds
[2022-07-29 02:27:41,508] {processor.py:153} INFO - Started process (PID=1561) to work on /home/airflow/.local/lib/python3.7/site-packages/airflow/example_dags/example_latest_only.py
[2022-07-29 02:27:41,516] {processor.py:641} INFO - Processing file /home/airflow/.local/lib/python3.7/site-packages/airflow/example_dags/example_latest_only.py for tasks to queue
[2022-07-29 02:27:41,517] {logging_mixin.py:115} INFO - [2022-07-29 02:27:41,517] {dagbag.py:508} INFO - Filling up the DagBag from /home/airflow/.local/lib/python3.7/site-packages/airflow/example_dags/example_latest_only.py
[2022-07-29 02:27:41,534] {processor.py:651} INFO - DAG(s) dict_keys(['latest_only']) retrieved from /home/airflow/.local/lib/python3.7/site-packages/airflow/example_dags/example_latest_only.py
[2022-07-29 02:27:42,142] {logging_mixin.py:115} INFO - [2022-07-29 02:27:42,142] {dag.py:2420} INFO - Sync 1 DAGs
[2022-07-29 02:27:42,214] {logging_mixin.py:115} INFO - [2022-07-29 02:27:42,214] {dag.py:2972} INFO - Setting next_dagrun for latest_only to 2022-07-28T22:27:42.213889+00:00, run_after=2022-07-29T02:27:42.213889+00:00
[2022-07-29 02:27:42,260] {processor.py:161} INFO - Processing /home/airflow/.local/lib/python3.7/site-packages/airflow/example_dags/example_latest_only.py took 0.766 seconds
[2022-07-29 02:28:16,013] {processor.py:153} INFO - Started process (PID=1634) to work on /home/airflow/.local/lib/python3.7/site-packages/airflow/example_dags/example_latest_only.py
[2022-07-29 02:28:16,014] {processor.py:641} INFO - Processing file /home/airflow/.local/lib/python3.7/site-packages/airflow/example_dags/example_latest_only.py for tasks to queue
[2022-07-29 02:28:16,015] {logging_mixin.py:115} INFO - [2022-07-29 02:28:16,015] {dagbag.py:508} INFO - Filling up the DagBag from /home/airflow/.local/lib/python3.7/site-packages/airflow/example_dags/example_latest_only.py
[2022-07-29 02:28:16,032] {processor.py:651} INFO - DAG(s) dict_keys(['latest_only']) retrieved from /home/airflow/.local/lib/python3.7/site-packages/airflow/example_dags/example_latest_only.py
[2022-07-29 02:28:16,324] {logging_mixin.py:115} INFO - [2022-07-29 02:28:16,324] {dag.py:2420} INFO - Sync 1 DAGs
[2022-07-29 02:28:16,363] {logging_mixin.py:115} INFO - [2022-07-29 02:28:16,363] {dag.py:2972} INFO - Setting next_dagrun for latest_only to 2022-07-28T22:28:16.363159+00:00, run_after=2022-07-29T02:28:16.363159+00:00
[2022-07-29 02:28:16,383] {processor.py:161} INFO - Processing /home/airflow/.local/lib/python3.7/site-packages/airflow/example_dags/example_latest_only.py took 0.387 seconds
[2022-07-29 02:28:46,902] {processor.py:153} INFO - Started process (PID=1716) to work on /home/airflow/.local/lib/python3.7/site-packages/airflow/example_dags/example_latest_only.py
[2022-07-29 02:28:46,903] {processor.py:641} INFO - Processing file /home/airflow/.local/lib/python3.7/site-packages/airflow/example_dags/example_latest_only.py for tasks to queue
[2022-07-29 02:28:46,904] {logging_mixin.py:115} INFO - [2022-07-29 02:28:46,904] {dagbag.py:508} INFO - Filling up the DagBag from /home/airflow/.local/lib/python3.7/site-packages/airflow/example_dags/example_latest_only.py
[2022-07-29 02:28:46,914] {processor.py:651} INFO - DAG(s) dict_keys(['latest_only']) retrieved from /home/airflow/.local/lib/python3.7/site-packages/airflow/example_dags/example_latest_only.py
[2022-07-29 02:28:47,195] {logging_mixin.py:115} INFO - [2022-07-29 02:28:47,195] {dag.py:2420} INFO - Sync 1 DAGs
[2022-07-29 02:28:47,234] {logging_mixin.py:115} INFO - [2022-07-29 02:28:47,234] {dag.py:2972} INFO - Setting next_dagrun for latest_only to 2022-07-28T22:28:47.234063+00:00, run_after=2022-07-29T02:28:47.234063+00:00
[2022-07-29 02:28:47,254] {processor.py:161} INFO - Processing /home/airflow/.local/lib/python3.7/site-packages/airflow/example_dags/example_latest_only.py took 0.358 seconds
[2022-07-29 02:29:17,496] {processor.py:153} INFO - Started process (PID=1790) to work on /home/airflow/.local/lib/python3.7/site-packages/airflow/example_dags/example_latest_only.py
[2022-07-29 02:29:17,497] {processor.py:641} INFO - Processing file /home/airflow/.local/lib/python3.7/site-packages/airflow/example_dags/example_latest_only.py for tasks to queue
[2022-07-29 02:29:17,498] {logging_mixin.py:115} INFO - [2022-07-29 02:29:17,497] {dagbag.py:508} INFO - Filling up the DagBag from /home/airflow/.local/lib/python3.7/site-packages/airflow/example_dags/example_latest_only.py
[2022-07-29 02:29:17,507] {processor.py:651} INFO - DAG(s) dict_keys(['latest_only']) retrieved from /home/airflow/.local/lib/python3.7/site-packages/airflow/example_dags/example_latest_only.py
[2022-07-29 02:29:17,811] {logging_mixin.py:115} INFO - [2022-07-29 02:29:17,810] {dag.py:2420} INFO - Sync 1 DAGs
[2022-07-29 02:29:17,886] {logging_mixin.py:115} INFO - [2022-07-29 02:29:17,886] {dag.py:2972} INFO - Setting next_dagrun for latest_only to 2022-07-28T22:29:17.885713+00:00, run_after=2022-07-29T02:29:17.885713+00:00
[2022-07-29 02:29:17,938] {processor.py:161} INFO - Processing /home/airflow/.local/lib/python3.7/site-packages/airflow/example_dags/example_latest_only.py took 0.449 seconds
[2022-07-29 02:29:52,822] {processor.py:153} INFO - Started process (PID=1872) to work on /home/airflow/.local/lib/python3.7/site-packages/airflow/example_dags/example_latest_only.py
[2022-07-29 02:29:52,832] {processor.py:641} INFO - Processing file /home/airflow/.local/lib/python3.7/site-packages/airflow/example_dags/example_latest_only.py for tasks to queue
[2022-07-29 02:29:52,833] {logging_mixin.py:115} INFO - [2022-07-29 02:29:52,833] {dagbag.py:508} INFO - Filling up the DagBag from /home/airflow/.local/lib/python3.7/site-packages/airflow/example_dags/example_latest_only.py
[2022-07-29 02:29:52,846] {processor.py:651} INFO - DAG(s) dict_keys(['latest_only']) retrieved from /home/airflow/.local/lib/python3.7/site-packages/airflow/example_dags/example_latest_only.py
[2022-07-29 02:29:53,319] {logging_mixin.py:115} INFO - [2022-07-29 02:29:53,319] {dag.py:2420} INFO - Sync 1 DAGs
[2022-07-29 02:29:53,358] {logging_mixin.py:115} INFO - [2022-07-29 02:29:53,357] {dag.py:2972} INFO - Setting next_dagrun for latest_only to 2022-07-28T22:29:53.357609+00:00, run_after=2022-07-29T02:29:53.357609+00:00
[2022-07-29 02:29:53,376] {processor.py:161} INFO - Processing /home/airflow/.local/lib/python3.7/site-packages/airflow/example_dags/example_latest_only.py took 0.560 seconds
[2022-07-29 02:30:23,563] {processor.py:153} INFO - Started process (PID=1943) to work on /home/airflow/.local/lib/python3.7/site-packages/airflow/example_dags/example_latest_only.py
[2022-07-29 02:30:23,564] {processor.py:641} INFO - Processing file /home/airflow/.local/lib/python3.7/site-packages/airflow/example_dags/example_latest_only.py for tasks to queue
[2022-07-29 02:30:23,565] {logging_mixin.py:115} INFO - [2022-07-29 02:30:23,565] {dagbag.py:508} INFO - Filling up the DagBag from /home/airflow/.local/lib/python3.7/site-packages/airflow/example_dags/example_latest_only.py
[2022-07-29 02:30:23,575] {processor.py:651} INFO - DAG(s) dict_keys(['latest_only']) retrieved from /home/airflow/.local/lib/python3.7/site-packages/airflow/example_dags/example_latest_only.py
[2022-07-29 02:30:23,862] {logging_mixin.py:115} INFO - [2022-07-29 02:30:23,862] {dag.py:2420} INFO - Sync 1 DAGs
[2022-07-29 02:30:23,899] {logging_mixin.py:115} INFO - [2022-07-29 02:30:23,899] {dag.py:2972} INFO - Setting next_dagrun for latest_only to 2022-07-28T22:30:23.899107+00:00, run_after=2022-07-29T02:30:23.899107+00:00
[2022-07-29 02:30:23,917] {processor.py:161} INFO - Processing /home/airflow/.local/lib/python3.7/site-packages/airflow/example_dags/example_latest_only.py took 0.361 seconds
[2022-07-29 02:30:54,991] {processor.py:153} INFO - Started process (PID=2016) to work on /home/airflow/.local/lib/python3.7/site-packages/airflow/example_dags/example_latest_only.py
[2022-07-29 02:30:54,992] {processor.py:641} INFO - Processing file /home/airflow/.local/lib/python3.7/site-packages/airflow/example_dags/example_latest_only.py for tasks to queue
[2022-07-29 02:30:54,993] {logging_mixin.py:115} INFO - [2022-07-29 02:30:54,993] {dagbag.py:508} INFO - Filling up the DagBag from /home/airflow/.local/lib/python3.7/site-packages/airflow/example_dags/example_latest_only.py
[2022-07-29 02:30:55,013] {processor.py:651} INFO - DAG(s) dict_keys(['latest_only']) retrieved from /home/airflow/.local/lib/python3.7/site-packages/airflow/example_dags/example_latest_only.py
[2022-07-29 02:30:55,372] {logging_mixin.py:115} INFO - [2022-07-29 02:30:55,372] {dag.py:2420} INFO - Sync 1 DAGs
[2022-07-29 02:30:55,441] {logging_mixin.py:115} INFO - [2022-07-29 02:30:55,440] {dag.py:2972} INFO - Setting next_dagrun for latest_only to 2022-07-28T22:30:55.440566+00:00, run_after=2022-07-29T02:30:55.440566+00:00
[2022-07-29 02:30:55,475] {processor.py:161} INFO - Processing /home/airflow/.local/lib/python3.7/site-packages/airflow/example_dags/example_latest_only.py took 0.490 seconds
[2022-07-29 02:31:29,117] {processor.py:153} INFO - Started process (PID=2099) to work on /home/airflow/.local/lib/python3.7/site-packages/airflow/example_dags/example_latest_only.py
[2022-07-29 02:31:29,120] {processor.py:641} INFO - Processing file /home/airflow/.local/lib/python3.7/site-packages/airflow/example_dags/example_latest_only.py for tasks to queue
[2022-07-29 02:31:29,121] {logging_mixin.py:115} INFO - [2022-07-29 02:31:29,121] {dagbag.py:508} INFO - Filling up the DagBag from /home/airflow/.local/lib/python3.7/site-packages/airflow/example_dags/example_latest_only.py
[2022-07-29 02:31:29,138] {processor.py:651} INFO - DAG(s) dict_keys(['latest_only']) retrieved from /home/airflow/.local/lib/python3.7/site-packages/airflow/example_dags/example_latest_only.py
[2022-07-29 02:31:29,675] {logging_mixin.py:115} INFO - [2022-07-29 02:31:29,675] {dag.py:2420} INFO - Sync 1 DAGs
[2022-07-29 02:31:29,752] {logging_mixin.py:115} INFO - [2022-07-29 02:31:29,752] {dag.py:2972} INFO - Setting next_dagrun for latest_only to 2022-07-28T22:31:29.752179+00:00, run_after=2022-07-29T02:31:29.752179+00:00
[2022-07-29 02:31:29,805] {processor.py:161} INFO - Processing /home/airflow/.local/lib/python3.7/site-packages/airflow/example_dags/example_latest_only.py took 0.703 seconds
[2022-07-29 02:31:59,919] {processor.py:153} INFO - Started process (PID=2172) to work on /home/airflow/.local/lib/python3.7/site-packages/airflow/example_dags/example_latest_only.py
[2022-07-29 02:31:59,920] {processor.py:641} INFO - Processing file /home/airflow/.local/lib/python3.7/site-packages/airflow/example_dags/example_latest_only.py for tasks to queue
[2022-07-29 02:31:59,921] {logging_mixin.py:115} INFO - [2022-07-29 02:31:59,921] {dagbag.py:508} INFO - Filling up the DagBag from /home/airflow/.local/lib/python3.7/site-packages/airflow/example_dags/example_latest_only.py
[2022-07-29 02:31:59,937] {processor.py:651} INFO - DAG(s) dict_keys(['latest_only']) retrieved from /home/airflow/.local/lib/python3.7/site-packages/airflow/example_dags/example_latest_only.py
[2022-07-29 02:32:00,195] {logging_mixin.py:115} INFO - [2022-07-29 02:32:00,194] {dag.py:2420} INFO - Sync 1 DAGs
[2022-07-29 02:32:00,230] {logging_mixin.py:115} INFO - [2022-07-29 02:32:00,230] {dag.py:2972} INFO - Setting next_dagrun for latest_only to 2022-07-28T22:32:00.230209+00:00, run_after=2022-07-29T02:32:00.230209+00:00
[2022-07-29 02:32:00,256] {processor.py:161} INFO - Processing /home/airflow/.local/lib/python3.7/site-packages/airflow/example_dags/example_latest_only.py took 0.344 seconds
[2022-07-29 02:32:31,645] {processor.py:153} INFO - Started process (PID=2245) to work on /home/airflow/.local/lib/python3.7/site-packages/airflow/example_dags/example_latest_only.py
[2022-07-29 02:32:31,646] {processor.py:641} INFO - Processing file /home/airflow/.local/lib/python3.7/site-packages/airflow/example_dags/example_latest_only.py for tasks to queue
[2022-07-29 02:32:31,647] {logging_mixin.py:115} INFO - [2022-07-29 02:32:31,647] {dagbag.py:508} INFO - Filling up the DagBag from /home/airflow/.local/lib/python3.7/site-packages/airflow/example_dags/example_latest_only.py
[2022-07-29 02:32:31,663] {processor.py:651} INFO - DAG(s) dict_keys(['latest_only']) retrieved from /home/airflow/.local/lib/python3.7/site-packages/airflow/example_dags/example_latest_only.py
[2022-07-29 02:32:31,923] {logging_mixin.py:115} INFO - [2022-07-29 02:32:31,922] {dag.py:2420} INFO - Sync 1 DAGs
[2022-07-29 02:32:31,963] {logging_mixin.py:115} INFO - [2022-07-29 02:32:31,963] {dag.py:2972} INFO - Setting next_dagrun for latest_only to 2022-07-28T22:32:31.962732+00:00, run_after=2022-07-29T02:32:31.962732+00:00
[2022-07-29 02:32:32,015] {processor.py:161} INFO - Processing /home/airflow/.local/lib/python3.7/site-packages/airflow/example_dags/example_latest_only.py took 0.376 seconds
[2022-07-29 02:33:04,532] {processor.py:153} INFO - Started process (PID=2327) to work on /home/airflow/.local/lib/python3.7/site-packages/airflow/example_dags/example_latest_only.py
[2022-07-29 02:33:04,539] {processor.py:641} INFO - Processing file /home/airflow/.local/lib/python3.7/site-packages/airflow/example_dags/example_latest_only.py for tasks to queue
[2022-07-29 02:33:04,540] {logging_mixin.py:115} INFO - [2022-07-29 02:33:04,540] {dagbag.py:508} INFO - Filling up the DagBag from /home/airflow/.local/lib/python3.7/site-packages/airflow/example_dags/example_latest_only.py
[2022-07-29 02:33:04,593] {processor.py:651} INFO - DAG(s) dict_keys(['latest_only']) retrieved from /home/airflow/.local/lib/python3.7/site-packages/airflow/example_dags/example_latest_only.py
[2022-07-29 02:33:05,235] {logging_mixin.py:115} INFO - [2022-07-29 02:33:05,234] {dag.py:2420} INFO - Sync 1 DAGs
[2022-07-29 02:33:05,308] {logging_mixin.py:115} INFO - [2022-07-29 02:33:05,308] {dag.py:2972} INFO - Setting next_dagrun for latest_only to 2022-07-28T22:33:05.307646+00:00, run_after=2022-07-29T02:33:05.307646+00:00
[2022-07-29 02:33:05,345] {processor.py:161} INFO - Processing /home/airflow/.local/lib/python3.7/site-packages/airflow/example_dags/example_latest_only.py took 0.827 seconds
[2022-07-29 02:33:37,068] {processor.py:153} INFO - Started process (PID=2400) to work on /home/airflow/.local/lib/python3.7/site-packages/airflow/example_dags/example_latest_only.py
[2022-07-29 02:33:37,069] {processor.py:641} INFO - Processing file /home/airflow/.local/lib/python3.7/site-packages/airflow/example_dags/example_latest_only.py for tasks to queue
[2022-07-29 02:33:37,070] {logging_mixin.py:115} INFO - [2022-07-29 02:33:37,070] {dagbag.py:508} INFO - Filling up the DagBag from /home/airflow/.local/lib/python3.7/site-packages/airflow/example_dags/example_latest_only.py
[2022-07-29 02:33:37,087] {processor.py:651} INFO - DAG(s) dict_keys(['latest_only']) retrieved from /home/airflow/.local/lib/python3.7/site-packages/airflow/example_dags/example_latest_only.py
[2022-07-29 02:33:37,369] {logging_mixin.py:115} INFO - [2022-07-29 02:33:37,369] {dag.py:2420} INFO - Sync 1 DAGs
[2022-07-29 02:33:37,408] {logging_mixin.py:115} INFO - [2022-07-29 02:33:37,408] {dag.py:2972} INFO - Setting next_dagrun for latest_only to 2022-07-28T22:33:37.407695+00:00, run_after=2022-07-29T02:33:37.407695+00:00
[2022-07-29 02:33:37,430] {processor.py:161} INFO - Processing /home/airflow/.local/lib/python3.7/site-packages/airflow/example_dags/example_latest_only.py took 0.370 seconds
[2022-07-29 02:34:11,082] {processor.py:153} INFO - Started process (PID=2482) to work on /home/airflow/.local/lib/python3.7/site-packages/airflow/example_dags/example_latest_only.py
[2022-07-29 02:34:11,083] {processor.py:641} INFO - Processing file /home/airflow/.local/lib/python3.7/site-packages/airflow/example_dags/example_latest_only.py for tasks to queue
[2022-07-29 02:34:11,084] {logging_mixin.py:115} INFO - [2022-07-29 02:34:11,083] {dagbag.py:508} INFO - Filling up the DagBag from /home/airflow/.local/lib/python3.7/site-packages/airflow/example_dags/example_latest_only.py
[2022-07-29 02:34:11,131] {processor.py:651} INFO - DAG(s) dict_keys(['latest_only']) retrieved from /home/airflow/.local/lib/python3.7/site-packages/airflow/example_dags/example_latest_only.py
[2022-07-29 02:34:11,692] {logging_mixin.py:115} INFO - [2022-07-29 02:34:11,692] {dag.py:2420} INFO - Sync 1 DAGs
[2022-07-29 02:34:11,761] {logging_mixin.py:115} INFO - [2022-07-29 02:34:11,760] {dag.py:2972} INFO - Setting next_dagrun for latest_only to 2022-07-28T22:34:11.760574+00:00, run_after=2022-07-29T02:34:11.760574+00:00
[2022-07-29 02:34:11,795] {processor.py:161} INFO - Processing /home/airflow/.local/lib/python3.7/site-packages/airflow/example_dags/example_latest_only.py took 0.730 seconds
[2022-07-29 02:34:42,281] {processor.py:153} INFO - Started process (PID=2555) to work on /home/airflow/.local/lib/python3.7/site-packages/airflow/example_dags/example_latest_only.py
[2022-07-29 02:34:42,282] {processor.py:641} INFO - Processing file /home/airflow/.local/lib/python3.7/site-packages/airflow/example_dags/example_latest_only.py for tasks to queue
[2022-07-29 02:34:42,283] {logging_mixin.py:115} INFO - [2022-07-29 02:34:42,283] {dagbag.py:508} INFO - Filling up the DagBag from /home/airflow/.local/lib/python3.7/site-packages/airflow/example_dags/example_latest_only.py
[2022-07-29 02:34:42,301] {processor.py:651} INFO - DAG(s) dict_keys(['latest_only']) retrieved from /home/airflow/.local/lib/python3.7/site-packages/airflow/example_dags/example_latest_only.py
[2022-07-29 02:34:42,555] {logging_mixin.py:115} INFO - [2022-07-29 02:34:42,555] {dag.py:2420} INFO - Sync 1 DAGs
[2022-07-29 02:34:42,592] {logging_mixin.py:115} INFO - [2022-07-29 02:34:42,592] {dag.py:2972} INFO - Setting next_dagrun for latest_only to 2022-07-28T22:34:42.592459+00:00, run_after=2022-07-29T02:34:42.592459+00:00
[2022-07-29 02:34:42,615] {processor.py:161} INFO - Processing /home/airflow/.local/lib/python3.7/site-packages/airflow/example_dags/example_latest_only.py took 0.341 seconds
[2022-07-29 02:35:14,756] {processor.py:153} INFO - Started process (PID=2639) to work on /home/airflow/.local/lib/python3.7/site-packages/airflow/example_dags/example_latest_only.py
[2022-07-29 02:35:14,757] {processor.py:641} INFO - Processing file /home/airflow/.local/lib/python3.7/site-packages/airflow/example_dags/example_latest_only.py for tasks to queue
[2022-07-29 02:35:14,758] {logging_mixin.py:115} INFO - [2022-07-29 02:35:14,758] {dagbag.py:508} INFO - Filling up the DagBag from /home/airflow/.local/lib/python3.7/site-packages/airflow/example_dags/example_latest_only.py
[2022-07-29 02:35:14,775] {processor.py:651} INFO - DAG(s) dict_keys(['latest_only']) retrieved from /home/airflow/.local/lib/python3.7/site-packages/airflow/example_dags/example_latest_only.py
[2022-07-29 02:35:15,042] {logging_mixin.py:115} INFO - [2022-07-29 02:35:15,042] {dag.py:2420} INFO - Sync 1 DAGs
[2022-07-29 02:35:15,077] {logging_mixin.py:115} INFO - [2022-07-29 02:35:15,077] {dag.py:2972} INFO - Setting next_dagrun for latest_only to 2022-07-28T22:35:15.077319+00:00, run_after=2022-07-29T02:35:15.077319+00:00
[2022-07-29 02:35:15,095] {processor.py:161} INFO - Processing /home/airflow/.local/lib/python3.7/site-packages/airflow/example_dags/example_latest_only.py took 0.346 seconds
[2022-07-29 02:35:48,593] {processor.py:153} INFO - Started process (PID=2712) to work on /home/airflow/.local/lib/python3.7/site-packages/airflow/example_dags/example_latest_only.py
[2022-07-29 02:35:48,593] {processor.py:641} INFO - Processing file /home/airflow/.local/lib/python3.7/site-packages/airflow/example_dags/example_latest_only.py for tasks to queue
[2022-07-29 02:35:48,594] {logging_mixin.py:115} INFO - [2022-07-29 02:35:48,594] {dagbag.py:508} INFO - Filling up the DagBag from /home/airflow/.local/lib/python3.7/site-packages/airflow/example_dags/example_latest_only.py
[2022-07-29 02:35:48,612] {processor.py:651} INFO - DAG(s) dict_keys(['latest_only']) retrieved from /home/airflow/.local/lib/python3.7/site-packages/airflow/example_dags/example_latest_only.py
[2022-07-29 02:35:48,884] {logging_mixin.py:115} INFO - [2022-07-29 02:35:48,884] {dag.py:2420} INFO - Sync 1 DAGs
[2022-07-29 02:35:48,923] {logging_mixin.py:115} INFO - [2022-07-29 02:35:48,923] {dag.py:2972} INFO - Setting next_dagrun for latest_only to 2022-07-28T22:35:48.922649+00:00, run_after=2022-07-29T02:35:48.922649+00:00
[2022-07-29 02:35:48,942] {processor.py:161} INFO - Processing /home/airflow/.local/lib/python3.7/site-packages/airflow/example_dags/example_latest_only.py took 0.372 seconds
[2022-07-29 02:36:20,442] {processor.py:153} INFO - Started process (PID=2794) to work on /home/airflow/.local/lib/python3.7/site-packages/airflow/example_dags/example_latest_only.py
[2022-07-29 02:36:20,443] {processor.py:641} INFO - Processing file /home/airflow/.local/lib/python3.7/site-packages/airflow/example_dags/example_latest_only.py for tasks to queue
[2022-07-29 02:36:20,444] {logging_mixin.py:115} INFO - [2022-07-29 02:36:20,444] {dagbag.py:508} INFO - Filling up the DagBag from /home/airflow/.local/lib/python3.7/site-packages/airflow/example_dags/example_latest_only.py
[2022-07-29 02:36:20,460] {processor.py:651} INFO - DAG(s) dict_keys(['latest_only']) retrieved from /home/airflow/.local/lib/python3.7/site-packages/airflow/example_dags/example_latest_only.py
[2022-07-29 02:36:20,818] {logging_mixin.py:115} INFO - [2022-07-29 02:36:20,818] {dag.py:2420} INFO - Sync 1 DAGs
[2022-07-29 02:36:20,870] {logging_mixin.py:115} INFO - [2022-07-29 02:36:20,870] {dag.py:2972} INFO - Setting next_dagrun for latest_only to 2022-07-28T22:36:20.869026+00:00, run_after=2022-07-29T02:36:20.869026+00:00
[2022-07-29 02:36:20,895] {processor.py:161} INFO - Processing /home/airflow/.local/lib/python3.7/site-packages/airflow/example_dags/example_latest_only.py took 0.459 seconds
[2022-07-29 02:36:51,078] {processor.py:153} INFO - Started process (PID=2865) to work on /home/airflow/.local/lib/python3.7/site-packages/airflow/example_dags/example_latest_only.py
[2022-07-29 02:36:51,078] {processor.py:641} INFO - Processing file /home/airflow/.local/lib/python3.7/site-packages/airflow/example_dags/example_latest_only.py for tasks to queue
[2022-07-29 02:36:51,079] {logging_mixin.py:115} INFO - [2022-07-29 02:36:51,079] {dagbag.py:508} INFO - Filling up the DagBag from /home/airflow/.local/lib/python3.7/site-packages/airflow/example_dags/example_latest_only.py
[2022-07-29 02:36:51,096] {processor.py:651} INFO - DAG(s) dict_keys(['latest_only']) retrieved from /home/airflow/.local/lib/python3.7/site-packages/airflow/example_dags/example_latest_only.py
[2022-07-29 02:36:51,363] {logging_mixin.py:115} INFO - [2022-07-29 02:36:51,363] {dag.py:2420} INFO - Sync 1 DAGs
[2022-07-29 02:36:51,448] {logging_mixin.py:115} INFO - [2022-07-29 02:36:51,448] {dag.py:2972} INFO - Setting next_dagrun for latest_only to 2022-07-28T22:36:51.447779+00:00, run_after=2022-07-29T02:36:51.447779+00:00
[2022-07-29 02:36:51,482] {processor.py:161} INFO - Processing /home/airflow/.local/lib/python3.7/site-packages/airflow/example_dags/example_latest_only.py took 0.410 seconds
[2022-07-29 02:37:23,003] {processor.py:153} INFO - Started process (PID=2938) to work on /home/airflow/.local/lib/python3.7/site-packages/airflow/example_dags/example_latest_only.py
[2022-07-29 02:37:23,008] {processor.py:641} INFO - Processing file /home/airflow/.local/lib/python3.7/site-packages/airflow/example_dags/example_latest_only.py for tasks to queue
[2022-07-29 02:37:23,012] {logging_mixin.py:115} INFO - [2022-07-29 02:37:23,012] {dagbag.py:508} INFO - Filling up the DagBag from /home/airflow/.local/lib/python3.7/site-packages/airflow/example_dags/example_latest_only.py
[2022-07-29 02:37:23,031] {processor.py:651} INFO - DAG(s) dict_keys(['latest_only']) retrieved from /home/airflow/.local/lib/python3.7/site-packages/airflow/example_dags/example_latest_only.py
[2022-07-29 02:37:23,828] {logging_mixin.py:115} INFO - [2022-07-29 02:37:23,828] {dag.py:2420} INFO - Sync 1 DAGs
[2022-07-29 02:37:23,933] {logging_mixin.py:115} INFO - [2022-07-29 02:37:23,933] {dag.py:2972} INFO - Setting next_dagrun for latest_only to 2022-07-28T22:37:23.932692+00:00, run_after=2022-07-29T02:37:23.932692+00:00
[2022-07-29 02:37:23,980] {processor.py:161} INFO - Processing /home/airflow/.local/lib/python3.7/site-packages/airflow/example_dags/example_latest_only.py took 0.993 seconds
[2022-07-29 02:37:54,958] {processor.py:153} INFO - Started process (PID=3020) to work on /home/airflow/.local/lib/python3.7/site-packages/airflow/example_dags/example_latest_only.py
[2022-07-29 02:37:54,968] {processor.py:641} INFO - Processing file /home/airflow/.local/lib/python3.7/site-packages/airflow/example_dags/example_latest_only.py for tasks to queue
[2022-07-29 02:37:54,969] {logging_mixin.py:115} INFO - [2022-07-29 02:37:54,969] {dagbag.py:508} INFO - Filling up the DagBag from /home/airflow/.local/lib/python3.7/site-packages/airflow/example_dags/example_latest_only.py
[2022-07-29 02:37:54,995] {processor.py:651} INFO - DAG(s) dict_keys(['latest_only']) retrieved from /home/airflow/.local/lib/python3.7/site-packages/airflow/example_dags/example_latest_only.py
[2022-07-29 02:37:55,576] {logging_mixin.py:115} INFO - [2022-07-29 02:37:55,576] {dag.py:2420} INFO - Sync 1 DAGs
[2022-07-29 02:37:55,630] {logging_mixin.py:115} INFO - [2022-07-29 02:37:55,630] {dag.py:2972} INFO - Setting next_dagrun for latest_only to 2022-07-28T22:37:55.630385+00:00, run_after=2022-07-29T02:37:55.630385+00:00
[2022-07-29 02:37:55,672] {processor.py:161} INFO - Processing /home/airflow/.local/lib/python3.7/site-packages/airflow/example_dags/example_latest_only.py took 0.735 seconds
[2022-07-29 02:38:27,358] {processor.py:153} INFO - Started process (PID=3093) to work on /home/airflow/.local/lib/python3.7/site-packages/airflow/example_dags/example_latest_only.py
[2022-07-29 02:38:27,359] {processor.py:641} INFO - Processing file /home/airflow/.local/lib/python3.7/site-packages/airflow/example_dags/example_latest_only.py for tasks to queue
[2022-07-29 02:38:27,359] {logging_mixin.py:115} INFO - [2022-07-29 02:38:27,359] {dagbag.py:508} INFO - Filling up the DagBag from /home/airflow/.local/lib/python3.7/site-packages/airflow/example_dags/example_latest_only.py
[2022-07-29 02:38:27,392] {processor.py:651} INFO - DAG(s) dict_keys(['latest_only']) retrieved from /home/airflow/.local/lib/python3.7/site-packages/airflow/example_dags/example_latest_only.py
[2022-07-29 02:38:27,925] {logging_mixin.py:115} INFO - [2022-07-29 02:38:27,925] {dag.py:2420} INFO - Sync 1 DAGs
[2022-07-29 02:38:27,981] {logging_mixin.py:115} INFO - [2022-07-29 02:38:27,980] {dag.py:2972} INFO - Setting next_dagrun for latest_only to 2022-07-28T22:38:27.980545+00:00, run_after=2022-07-29T02:38:27.980545+00:00
[2022-07-29 02:38:28,014] {processor.py:161} INFO - Processing /home/airflow/.local/lib/python3.7/site-packages/airflow/example_dags/example_latest_only.py took 0.675 seconds
[2022-07-29 02:38:59,722] {processor.py:153} INFO - Started process (PID=3172) to work on /home/airflow/.local/lib/python3.7/site-packages/airflow/example_dags/example_latest_only.py
[2022-07-29 02:38:59,736] {processor.py:641} INFO - Processing file /home/airflow/.local/lib/python3.7/site-packages/airflow/example_dags/example_latest_only.py for tasks to queue
[2022-07-29 02:38:59,737] {logging_mixin.py:115} INFO - [2022-07-29 02:38:59,737] {dagbag.py:508} INFO - Filling up the DagBag from /home/airflow/.local/lib/python3.7/site-packages/airflow/example_dags/example_latest_only.py
[2022-07-29 02:38:59,778] {processor.py:651} INFO - DAG(s) dict_keys(['latest_only']) retrieved from /home/airflow/.local/lib/python3.7/site-packages/airflow/example_dags/example_latest_only.py
[2022-07-29 02:39:00,582] {logging_mixin.py:115} INFO - [2022-07-29 02:39:00,581] {dag.py:2420} INFO - Sync 1 DAGs
[2022-07-29 02:39:00,697] {logging_mixin.py:115} INFO - [2022-07-29 02:39:00,697] {dag.py:2972} INFO - Setting next_dagrun for latest_only to 2022-07-28T22:39:00.696642+00:00, run_after=2022-07-29T02:39:00.696642+00:00
[2022-07-29 02:39:00,744] {processor.py:161} INFO - Processing /home/airflow/.local/lib/python3.7/site-packages/airflow/example_dags/example_latest_only.py took 1.033 seconds
[2022-07-29 02:39:31,465] {processor.py:153} INFO - Started process (PID=3246) to work on /home/airflow/.local/lib/python3.7/site-packages/airflow/example_dags/example_latest_only.py
[2022-07-29 02:39:31,465] {processor.py:641} INFO - Processing file /home/airflow/.local/lib/python3.7/site-packages/airflow/example_dags/example_latest_only.py for tasks to queue
[2022-07-29 02:39:31,466] {logging_mixin.py:115} INFO - [2022-07-29 02:39:31,466] {dagbag.py:508} INFO - Filling up the DagBag from /home/airflow/.local/lib/python3.7/site-packages/airflow/example_dags/example_latest_only.py
[2022-07-29 02:39:31,490] {processor.py:651} INFO - DAG(s) dict_keys(['latest_only']) retrieved from /home/airflow/.local/lib/python3.7/site-packages/airflow/example_dags/example_latest_only.py
[2022-07-29 02:39:32,028] {logging_mixin.py:115} INFO - [2022-07-29 02:39:32,028] {dag.py:2420} INFO - Sync 1 DAGs
[2022-07-29 02:39:32,091] {logging_mixin.py:115} INFO - [2022-07-29 02:39:32,091] {dag.py:2972} INFO - Setting next_dagrun for latest_only to 2022-07-28T22:39:32.091049+00:00, run_after=2022-07-29T02:39:32.091049+00:00
[2022-07-29 02:39:32,129] {processor.py:161} INFO - Processing /home/airflow/.local/lib/python3.7/site-packages/airflow/example_dags/example_latest_only.py took 0.679 seconds
[2022-07-29 02:40:02,459] {processor.py:153} INFO - Started process (PID=3318) to work on /home/airflow/.local/lib/python3.7/site-packages/airflow/example_dags/example_latest_only.py
[2022-07-29 02:40:02,460] {processor.py:641} INFO - Processing file /home/airflow/.local/lib/python3.7/site-packages/airflow/example_dags/example_latest_only.py for tasks to queue
[2022-07-29 02:40:02,460] {logging_mixin.py:115} INFO - [2022-07-29 02:40:02,460] {dagbag.py:508} INFO - Filling up the DagBag from /home/airflow/.local/lib/python3.7/site-packages/airflow/example_dags/example_latest_only.py
[2022-07-29 02:40:02,467] {processor.py:651} INFO - DAG(s) dict_keys(['latest_only']) retrieved from /home/airflow/.local/lib/python3.7/site-packages/airflow/example_dags/example_latest_only.py
[2022-07-29 02:40:02,679] {logging_mixin.py:115} INFO - [2022-07-29 02:40:02,679] {dag.py:2420} INFO - Sync 1 DAGs
[2022-07-29 02:40:02,704] {logging_mixin.py:115} INFO - [2022-07-29 02:40:02,704] {dag.py:2972} INFO - Setting next_dagrun for latest_only to 2022-07-28T22:40:02.703994+00:00, run_after=2022-07-29T02:40:02.703994+00:00
[2022-07-29 02:40:02,724] {processor.py:161} INFO - Processing /home/airflow/.local/lib/python3.7/site-packages/airflow/example_dags/example_latest_only.py took 0.270 seconds
[2022-07-29 02:40:33,663] {processor.py:153} INFO - Started process (PID=3399) to work on /home/airflow/.local/lib/python3.7/site-packages/airflow/example_dags/example_latest_only.py
[2022-07-29 02:40:33,664] {processor.py:641} INFO - Processing file /home/airflow/.local/lib/python3.7/site-packages/airflow/example_dags/example_latest_only.py for tasks to queue
[2022-07-29 02:40:33,665] {logging_mixin.py:115} INFO - [2022-07-29 02:40:33,665] {dagbag.py:508} INFO - Filling up the DagBag from /home/airflow/.local/lib/python3.7/site-packages/airflow/example_dags/example_latest_only.py
[2022-07-29 02:40:33,675] {processor.py:651} INFO - DAG(s) dict_keys(['latest_only']) retrieved from /home/airflow/.local/lib/python3.7/site-packages/airflow/example_dags/example_latest_only.py
[2022-07-29 02:40:33,949] {logging_mixin.py:115} INFO - [2022-07-29 02:40:33,949] {dag.py:2420} INFO - Sync 1 DAGs
[2022-07-29 02:40:33,987] {logging_mixin.py:115} INFO - [2022-07-29 02:40:33,987] {dag.py:2972} INFO - Setting next_dagrun for latest_only to 2022-07-28T22:40:33.987278+00:00, run_after=2022-07-29T02:40:33.987278+00:00
[2022-07-29 02:40:34,006] {processor.py:161} INFO - Processing /home/airflow/.local/lib/python3.7/site-packages/airflow/example_dags/example_latest_only.py took 0.351 seconds
[2022-07-29 02:41:04,534] {processor.py:153} INFO - Started process (PID=3472) to work on /home/airflow/.local/lib/python3.7/site-packages/airflow/example_dags/example_latest_only.py
[2022-07-29 02:41:04,535] {processor.py:641} INFO - Processing file /home/airflow/.local/lib/python3.7/site-packages/airflow/example_dags/example_latest_only.py for tasks to queue
[2022-07-29 02:41:04,536] {logging_mixin.py:115} INFO - [2022-07-29 02:41:04,536] {dagbag.py:508} INFO - Filling up the DagBag from /home/airflow/.local/lib/python3.7/site-packages/airflow/example_dags/example_latest_only.py
[2022-07-29 02:41:04,570] {processor.py:651} INFO - DAG(s) dict_keys(['latest_only']) retrieved from /home/airflow/.local/lib/python3.7/site-packages/airflow/example_dags/example_latest_only.py
[2022-07-29 02:41:05,451] {logging_mixin.py:115} INFO - [2022-07-29 02:41:05,451] {dag.py:2420} INFO - Sync 1 DAGs
[2022-07-29 02:41:05,559] {logging_mixin.py:115} INFO - [2022-07-29 02:41:05,559] {dag.py:2972} INFO - Setting next_dagrun for latest_only to 2022-07-28T22:41:05.558720+00:00, run_after=2022-07-29T02:41:05.558720+00:00
[2022-07-29 02:41:05,612] {processor.py:161} INFO - Processing /home/airflow/.local/lib/python3.7/site-packages/airflow/example_dags/example_latest_only.py took 1.098 seconds
[2022-07-29 02:41:37,773] {processor.py:153} INFO - Started process (PID=3554) to work on /home/airflow/.local/lib/python3.7/site-packages/airflow/example_dags/example_latest_only.py
[2022-07-29 02:41:37,774] {processor.py:641} INFO - Processing file /home/airflow/.local/lib/python3.7/site-packages/airflow/example_dags/example_latest_only.py for tasks to queue
[2022-07-29 02:41:37,775] {logging_mixin.py:115} INFO - [2022-07-29 02:41:37,775] {dagbag.py:508} INFO - Filling up the DagBag from /home/airflow/.local/lib/python3.7/site-packages/airflow/example_dags/example_latest_only.py
[2022-07-29 02:41:37,785] {processor.py:651} INFO - DAG(s) dict_keys(['latest_only']) retrieved from /home/airflow/.local/lib/python3.7/site-packages/airflow/example_dags/example_latest_only.py
[2022-07-29 02:41:38,063] {logging_mixin.py:115} INFO - [2022-07-29 02:41:38,063] {dag.py:2420} INFO - Sync 1 DAGs
[2022-07-29 02:41:38,101] {logging_mixin.py:115} INFO - [2022-07-29 02:41:38,101] {dag.py:2972} INFO - Setting next_dagrun for latest_only to 2022-07-28T22:41:38.101316+00:00, run_after=2022-07-29T02:41:38.101316+00:00
[2022-07-29 02:41:38,120] {processor.py:161} INFO - Processing /home/airflow/.local/lib/python3.7/site-packages/airflow/example_dags/example_latest_only.py took 0.354 seconds
[2022-07-29 02:42:08,282] {processor.py:153} INFO - Started process (PID=3627) to work on /home/airflow/.local/lib/python3.7/site-packages/airflow/example_dags/example_latest_only.py
[2022-07-29 02:42:08,283] {processor.py:641} INFO - Processing file /home/airflow/.local/lib/python3.7/site-packages/airflow/example_dags/example_latest_only.py for tasks to queue
[2022-07-29 02:42:08,284] {logging_mixin.py:115} INFO - [2022-07-29 02:42:08,284] {dagbag.py:508} INFO - Filling up the DagBag from /home/airflow/.local/lib/python3.7/site-packages/airflow/example_dags/example_latest_only.py
[2022-07-29 02:42:08,576] {processor.py:651} INFO - DAG(s) dict_keys(['latest_only']) retrieved from /home/airflow/.local/lib/python3.7/site-packages/airflow/example_dags/example_latest_only.py
[2022-07-29 02:42:08,610] {logging_mixin.py:115} INFO - [2022-07-29 02:42:08,610] {dag.py:2420} INFO - Sync 1 DAGs
[2022-07-29 02:42:08,649] {logging_mixin.py:115} INFO - [2022-07-29 02:42:08,649] {dag.py:2972} INFO - Setting next_dagrun for latest_only to 2022-07-28T22:42:08.649342+00:00, run_after=2022-07-29T02:42:08.649342+00:00
[2022-07-29 02:42:08,671] {processor.py:161} INFO - Processing /home/airflow/.local/lib/python3.7/site-packages/airflow/example_dags/example_latest_only.py took 0.395 seconds
[2022-07-29 02:42:39,778] {processor.py:153} INFO - Started process (PID=3699) to work on /home/airflow/.local/lib/python3.7/site-packages/airflow/example_dags/example_latest_only.py
[2022-07-29 02:42:39,782] {processor.py:641} INFO - Processing file /home/airflow/.local/lib/python3.7/site-packages/airflow/example_dags/example_latest_only.py for tasks to queue
[2022-07-29 02:42:39,783] {logging_mixin.py:115} INFO - [2022-07-29 02:42:39,783] {dagbag.py:508} INFO - Filling up the DagBag from /home/airflow/.local/lib/python3.7/site-packages/airflow/example_dags/example_latest_only.py
[2022-07-29 02:42:40,489] {processor.py:651} INFO - DAG(s) dict_keys(['latest_only']) retrieved from /home/airflow/.local/lib/python3.7/site-packages/airflow/example_dags/example_latest_only.py
[2022-07-29 02:42:40,596] {logging_mixin.py:115} INFO - [2022-07-29 02:42:40,596] {dag.py:2420} INFO - Sync 1 DAGs
[2022-07-29 02:42:40,737] {logging_mixin.py:115} INFO - [2022-07-29 02:42:40,736] {dag.py:2972} INFO - Setting next_dagrun for latest_only to 2022-07-28T22:42:40.736609+00:00, run_after=2022-07-29T02:42:40.736609+00:00
[2022-07-29 02:42:40,797] {processor.py:161} INFO - Processing /home/airflow/.local/lib/python3.7/site-packages/airflow/example_dags/example_latest_only.py took 1.039 seconds
[2022-07-29 02:43:14,067] {processor.py:153} INFO - Started process (PID=3780) to work on /home/airflow/.local/lib/python3.7/site-packages/airflow/example_dags/example_latest_only.py
[2022-07-29 02:43:14,079] {processor.py:641} INFO - Processing file /home/airflow/.local/lib/python3.7/site-packages/airflow/example_dags/example_latest_only.py for tasks to queue
[2022-07-29 02:43:14,080] {logging_mixin.py:115} INFO - [2022-07-29 02:43:14,080] {dagbag.py:508} INFO - Filling up the DagBag from /home/airflow/.local/lib/python3.7/site-packages/airflow/example_dags/example_latest_only.py
[2022-07-29 02:43:14,467] {processor.py:651} INFO - DAG(s) dict_keys(['latest_only']) retrieved from /home/airflow/.local/lib/python3.7/site-packages/airflow/example_dags/example_latest_only.py
[2022-07-29 02:43:14,534] {logging_mixin.py:115} INFO - [2022-07-29 02:43:14,534] {dag.py:2420} INFO - Sync 1 DAGs
[2022-07-29 02:43:14,625] {logging_mixin.py:115} INFO - [2022-07-29 02:43:14,624] {dag.py:2972} INFO - Setting next_dagrun for latest_only to 2022-07-28T22:43:14.624610+00:00, run_after=2022-07-29T02:43:14.624610+00:00
[2022-07-29 02:43:14,656] {processor.py:161} INFO - Processing /home/airflow/.local/lib/python3.7/site-packages/airflow/example_dags/example_latest_only.py took 0.606 seconds
[2022-07-29 02:43:45,086] {processor.py:153} INFO - Started process (PID=3853) to work on /home/airflow/.local/lib/python3.7/site-packages/airflow/example_dags/example_latest_only.py
[2022-07-29 02:43:45,086] {processor.py:641} INFO - Processing file /home/airflow/.local/lib/python3.7/site-packages/airflow/example_dags/example_latest_only.py for tasks to queue
[2022-07-29 02:43:45,087] {logging_mixin.py:115} INFO - [2022-07-29 02:43:45,087] {dagbag.py:508} INFO - Filling up the DagBag from /home/airflow/.local/lib/python3.7/site-packages/airflow/example_dags/example_latest_only.py
[2022-07-29 02:43:45,335] {processor.py:651} INFO - DAG(s) dict_keys(['latest_only']) retrieved from /home/airflow/.local/lib/python3.7/site-packages/airflow/example_dags/example_latest_only.py
[2022-07-29 02:43:45,370] {logging_mixin.py:115} INFO - [2022-07-29 02:43:45,370] {dag.py:2420} INFO - Sync 1 DAGs
[2022-07-29 02:43:45,405] {logging_mixin.py:115} INFO - [2022-07-29 02:43:45,405] {dag.py:2972} INFO - Setting next_dagrun for latest_only to 2022-07-28T22:43:45.405062+00:00, run_after=2022-07-29T02:43:45.405062+00:00
[2022-07-29 02:43:45,423] {processor.py:161} INFO - Processing /home/airflow/.local/lib/python3.7/site-packages/airflow/example_dags/example_latest_only.py took 0.344 seconds
[2022-07-29 02:44:18,495] {processor.py:153} INFO - Started process (PID=3933) to work on /home/airflow/.local/lib/python3.7/site-packages/airflow/example_dags/example_latest_only.py
[2022-07-29 02:44:18,501] {processor.py:641} INFO - Processing file /home/airflow/.local/lib/python3.7/site-packages/airflow/example_dags/example_latest_only.py for tasks to queue
[2022-07-29 02:44:18,501] {logging_mixin.py:115} INFO - [2022-07-29 02:44:18,501] {dagbag.py:508} INFO - Filling up the DagBag from /home/airflow/.local/lib/python3.7/site-packages/airflow/example_dags/example_latest_only.py
[2022-07-29 02:44:18,940] {processor.py:651} INFO - DAG(s) dict_keys(['latest_only']) retrieved from /home/airflow/.local/lib/python3.7/site-packages/airflow/example_dags/example_latest_only.py
[2022-07-29 02:44:18,977] {logging_mixin.py:115} INFO - [2022-07-29 02:44:18,977] {dag.py:2420} INFO - Sync 1 DAGs
[2022-07-29 02:44:19,017] {logging_mixin.py:115} INFO - [2022-07-29 02:44:19,017] {dag.py:2972} INFO - Setting next_dagrun for latest_only to 2022-07-28T22:44:19.017380+00:00, run_after=2022-07-29T02:44:19.017380+00:00
[2022-07-29 02:44:19,037] {processor.py:161} INFO - Processing /home/airflow/.local/lib/python3.7/site-packages/airflow/example_dags/example_latest_only.py took 0.559 seconds
[2022-07-29 02:44:49,839] {processor.py:153} INFO - Started process (PID=4009) to work on /home/airflow/.local/lib/python3.7/site-packages/airflow/example_dags/example_latest_only.py
[2022-07-29 02:44:49,840] {processor.py:641} INFO - Processing file /home/airflow/.local/lib/python3.7/site-packages/airflow/example_dags/example_latest_only.py for tasks to queue
[2022-07-29 02:44:49,841] {logging_mixin.py:115} INFO - [2022-07-29 02:44:49,841] {dagbag.py:508} INFO - Filling up the DagBag from /home/airflow/.local/lib/python3.7/site-packages/airflow/example_dags/example_latest_only.py
[2022-07-29 02:44:50,299] {processor.py:651} INFO - DAG(s) dict_keys(['latest_only']) retrieved from /home/airflow/.local/lib/python3.7/site-packages/airflow/example_dags/example_latest_only.py
[2022-07-29 02:44:50,367] {logging_mixin.py:115} INFO - [2022-07-29 02:44:50,366] {dag.py:2420} INFO - Sync 1 DAGs
[2022-07-29 02:44:50,408] {logging_mixin.py:115} INFO - [2022-07-29 02:44:50,406] {dag.py:2972} INFO - Setting next_dagrun for latest_only to 2022-07-28T22:44:50.405725+00:00, run_after=2022-07-29T02:44:50.405725+00:00
[2022-07-29 02:44:50,436] {processor.py:161} INFO - Processing /home/airflow/.local/lib/python3.7/site-packages/airflow/example_dags/example_latest_only.py took 0.611 seconds
[2022-07-29 02:45:22,307] {processor.py:153} INFO - Started process (PID=4082) to work on /home/airflow/.local/lib/python3.7/site-packages/airflow/example_dags/example_latest_only.py
[2022-07-29 02:45:22,316] {processor.py:641} INFO - Processing file /home/airflow/.local/lib/python3.7/site-packages/airflow/example_dags/example_latest_only.py for tasks to queue
[2022-07-29 02:45:22,317] {logging_mixin.py:115} INFO - [2022-07-29 02:45:22,317] {dagbag.py:508} INFO - Filling up the DagBag from /home/airflow/.local/lib/python3.7/site-packages/airflow/example_dags/example_latest_only.py
[2022-07-29 02:45:22,623] {processor.py:651} INFO - DAG(s) dict_keys(['latest_only']) retrieved from /home/airflow/.local/lib/python3.7/site-packages/airflow/example_dags/example_latest_only.py
[2022-07-29 02:45:22,700] {logging_mixin.py:115} INFO - [2022-07-29 02:45:22,700] {dag.py:2420} INFO - Sync 1 DAGs
[2022-07-29 02:45:22,791] {logging_mixin.py:115} INFO - [2022-07-29 02:45:22,790] {dag.py:2972} INFO - Setting next_dagrun for latest_only to 2022-07-28T22:45:22.790491+00:00, run_after=2022-07-29T02:45:22.790491+00:00
[2022-07-29 02:45:22,825] {processor.py:161} INFO - Processing /home/airflow/.local/lib/python3.7/site-packages/airflow/example_dags/example_latest_only.py took 0.536 seconds
[2022-07-29 02:45:55,059] {processor.py:153} INFO - Started process (PID=4164) to work on /home/airflow/.local/lib/python3.7/site-packages/airflow/example_dags/example_latest_only.py
[2022-07-29 02:45:55,059] {processor.py:641} INFO - Processing file /home/airflow/.local/lib/python3.7/site-packages/airflow/example_dags/example_latest_only.py for tasks to queue
[2022-07-29 02:45:55,060] {logging_mixin.py:115} INFO - [2022-07-29 02:45:55,060] {dagbag.py:508} INFO - Filling up the DagBag from /home/airflow/.local/lib/python3.7/site-packages/airflow/example_dags/example_latest_only.py
[2022-07-29 02:45:55,377] {processor.py:651} INFO - DAG(s) dict_keys(['latest_only']) retrieved from /home/airflow/.local/lib/python3.7/site-packages/airflow/example_dags/example_latest_only.py
[2022-07-29 02:45:55,411] {logging_mixin.py:115} INFO - [2022-07-29 02:45:55,411] {dag.py:2420} INFO - Sync 1 DAGs
[2022-07-29 02:45:55,444] {logging_mixin.py:115} INFO - [2022-07-29 02:45:55,444] {dag.py:2972} INFO - Setting next_dagrun for latest_only to 2022-07-28T22:45:55.444345+00:00, run_after=2022-07-29T02:45:55.444345+00:00
[2022-07-29 02:45:55,463] {processor.py:161} INFO - Processing /home/airflow/.local/lib/python3.7/site-packages/airflow/example_dags/example_latest_only.py took 0.417 seconds
[2022-07-29 02:46:26,195] {processor.py:153} INFO - Started process (PID=4236) to work on /home/airflow/.local/lib/python3.7/site-packages/airflow/example_dags/example_latest_only.py
[2022-07-29 02:46:26,196] {processor.py:641} INFO - Processing file /home/airflow/.local/lib/python3.7/site-packages/airflow/example_dags/example_latest_only.py for tasks to queue
[2022-07-29 02:46:26,197] {logging_mixin.py:115} INFO - [2022-07-29 02:46:26,197] {dagbag.py:508} INFO - Filling up the DagBag from /home/airflow/.local/lib/python3.7/site-packages/airflow/example_dags/example_latest_only.py
[2022-07-29 02:46:26,457] {processor.py:651} INFO - DAG(s) dict_keys(['latest_only']) retrieved from /home/airflow/.local/lib/python3.7/site-packages/airflow/example_dags/example_latest_only.py
[2022-07-29 02:46:26,490] {logging_mixin.py:115} INFO - [2022-07-29 02:46:26,490] {dag.py:2420} INFO - Sync 1 DAGs
[2022-07-29 02:46:26,528] {logging_mixin.py:115} INFO - [2022-07-29 02:46:26,528] {dag.py:2972} INFO - Setting next_dagrun for latest_only to 2022-07-28T22:46:26.527901+00:00, run_after=2022-07-29T02:46:26.527901+00:00
[2022-07-29 02:46:26,552] {processor.py:161} INFO - Processing /home/airflow/.local/lib/python3.7/site-packages/airflow/example_dags/example_latest_only.py took 0.363 seconds
[2022-07-29 02:46:56,667] {processor.py:153} INFO - Started process (PID=4307) to work on /home/airflow/.local/lib/python3.7/site-packages/airflow/example_dags/example_latest_only.py
[2022-07-29 02:46:56,668] {processor.py:641} INFO - Processing file /home/airflow/.local/lib/python3.7/site-packages/airflow/example_dags/example_latest_only.py for tasks to queue
[2022-07-29 02:46:56,668] {logging_mixin.py:115} INFO - [2022-07-29 02:46:56,668] {dagbag.py:508} INFO - Filling up the DagBag from /home/airflow/.local/lib/python3.7/site-packages/airflow/example_dags/example_latest_only.py
[2022-07-29 02:46:56,675] {processor.py:651} INFO - DAG(s) dict_keys(['latest_only']) retrieved from /home/airflow/.local/lib/python3.7/site-packages/airflow/example_dags/example_latest_only.py
[2022-07-29 02:46:56,874] {logging_mixin.py:115} INFO - [2022-07-29 02:46:56,874] {dag.py:2420} INFO - Sync 1 DAGs
[2022-07-29 02:46:56,898] {logging_mixin.py:115} INFO - [2022-07-29 02:46:56,898] {dag.py:2972} INFO - Setting next_dagrun for latest_only to 2022-07-28T22:46:56.898384+00:00, run_after=2022-07-29T02:46:56.898384+00:00
[2022-07-29 02:46:56,917] {processor.py:161} INFO - Processing /home/airflow/.local/lib/python3.7/site-packages/airflow/example_dags/example_latest_only.py took 0.256 seconds
[2022-07-29 02:47:27,484] {processor.py:153} INFO - Started process (PID=4389) to work on /home/airflow/.local/lib/python3.7/site-packages/airflow/example_dags/example_latest_only.py
[2022-07-29 02:47:27,492] {processor.py:641} INFO - Processing file /home/airflow/.local/lib/python3.7/site-packages/airflow/example_dags/example_latest_only.py for tasks to queue
[2022-07-29 02:47:27,493] {logging_mixin.py:115} INFO - [2022-07-29 02:47:27,493] {dagbag.py:508} INFO - Filling up the DagBag from /home/airflow/.local/lib/python3.7/site-packages/airflow/example_dags/example_latest_only.py
[2022-07-29 02:47:27,503] {processor.py:651} INFO - DAG(s) dict_keys(['latest_only']) retrieved from /home/airflow/.local/lib/python3.7/site-packages/airflow/example_dags/example_latest_only.py
[2022-07-29 02:47:27,584] {logging_mixin.py:115} INFO - [2022-07-29 02:47:27,583] {dag.py:2420} INFO - Sync 1 DAGs
[2022-07-29 02:47:27,627] {logging_mixin.py:115} INFO - [2022-07-29 02:47:27,627] {dag.py:2972} INFO - Setting next_dagrun for latest_only to 2022-07-28T22:47:27.626947+00:00, run_after=2022-07-29T02:47:27.626947+00:00
[2022-07-29 02:47:27,672] {processor.py:161} INFO - Processing /home/airflow/.local/lib/python3.7/site-packages/airflow/example_dags/example_latest_only.py took 0.208 seconds
[2022-07-29 02:47:57,735] {processor.py:153} INFO - Started process (PID=4461) to work on /home/airflow/.local/lib/python3.7/site-packages/airflow/example_dags/example_latest_only.py
[2022-07-29 02:47:57,735] {processor.py:641} INFO - Processing file /home/airflow/.local/lib/python3.7/site-packages/airflow/example_dags/example_latest_only.py for tasks to queue
[2022-07-29 02:47:57,736] {logging_mixin.py:115} INFO - [2022-07-29 02:47:57,736] {dagbag.py:508} INFO - Filling up the DagBag from /home/airflow/.local/lib/python3.7/site-packages/airflow/example_dags/example_latest_only.py
[2022-07-29 02:47:57,743] {processor.py:651} INFO - DAG(s) dict_keys(['latest_only']) retrieved from /home/airflow/.local/lib/python3.7/site-packages/airflow/example_dags/example_latest_only.py
[2022-07-29 02:47:57,777] {logging_mixin.py:115} INFO - [2022-07-29 02:47:57,777] {dag.py:2420} INFO - Sync 1 DAGs
[2022-07-29 02:47:57,805] {logging_mixin.py:115} INFO - [2022-07-29 02:47:57,805] {dag.py:2972} INFO - Setting next_dagrun for latest_only to 2022-07-28T22:47:57.804858+00:00, run_after=2022-07-29T02:47:57.804858+00:00
[2022-07-29 02:47:57,820] {processor.py:161} INFO - Processing /home/airflow/.local/lib/python3.7/site-packages/airflow/example_dags/example_latest_only.py took 0.090 seconds
[2022-07-29 02:48:28,553] {processor.py:153} INFO - Started process (PID=4545) to work on /home/airflow/.local/lib/python3.7/site-packages/airflow/example_dags/example_latest_only.py
[2022-07-29 02:48:28,554] {processor.py:641} INFO - Processing file /home/airflow/.local/lib/python3.7/site-packages/airflow/example_dags/example_latest_only.py for tasks to queue
[2022-07-29 02:48:28,555] {logging_mixin.py:115} INFO - [2022-07-29 02:48:28,555] {dagbag.py:508} INFO - Filling up the DagBag from /home/airflow/.local/lib/python3.7/site-packages/airflow/example_dags/example_latest_only.py
[2022-07-29 02:48:28,565] {processor.py:651} INFO - DAG(s) dict_keys(['latest_only']) retrieved from /home/airflow/.local/lib/python3.7/site-packages/airflow/example_dags/example_latest_only.py
[2022-07-29 02:48:28,612] {logging_mixin.py:115} INFO - [2022-07-29 02:48:28,612] {dag.py:2420} INFO - Sync 1 DAGs
[2022-07-29 02:48:28,663] {logging_mixin.py:115} INFO - [2022-07-29 02:48:28,662] {dag.py:2972} INFO - Setting next_dagrun for latest_only to 2022-07-28T22:48:28.662344+00:00, run_after=2022-07-29T02:48:28.662344+00:00
[2022-07-29 02:48:28,685] {processor.py:161} INFO - Processing /home/airflow/.local/lib/python3.7/site-packages/airflow/example_dags/example_latest_only.py took 0.138 seconds
[2022-07-29 02:48:58,809] {processor.py:153} INFO - Started process (PID=4616) to work on /home/airflow/.local/lib/python3.7/site-packages/airflow/example_dags/example_latest_only.py
[2022-07-29 02:48:58,810] {processor.py:641} INFO - Processing file /home/airflow/.local/lib/python3.7/site-packages/airflow/example_dags/example_latest_only.py for tasks to queue
[2022-07-29 02:48:58,811] {logging_mixin.py:115} INFO - [2022-07-29 02:48:58,810] {dagbag.py:508} INFO - Filling up the DagBag from /home/airflow/.local/lib/python3.7/site-packages/airflow/example_dags/example_latest_only.py
[2022-07-29 02:48:58,821] {processor.py:651} INFO - DAG(s) dict_keys(['latest_only']) retrieved from /home/airflow/.local/lib/python3.7/site-packages/airflow/example_dags/example_latest_only.py
[2022-07-29 02:48:58,871] {logging_mixin.py:115} INFO - [2022-07-29 02:48:58,870] {dag.py:2420} INFO - Sync 1 DAGs
[2022-07-29 02:48:58,914] {logging_mixin.py:115} INFO - [2022-07-29 02:48:58,913] {dag.py:2972} INFO - Setting next_dagrun for latest_only to 2022-07-28T22:48:58.913457+00:00, run_after=2022-07-29T02:48:58.913457+00:00
[2022-07-29 02:48:58,935] {processor.py:161} INFO - Processing /home/airflow/.local/lib/python3.7/site-packages/airflow/example_dags/example_latest_only.py took 0.133 seconds
[2022-07-29 02:49:29,965] {processor.py:153} INFO - Started process (PID=4696) to work on /home/airflow/.local/lib/python3.7/site-packages/airflow/example_dags/example_latest_only.py
[2022-07-29 02:49:29,966] {processor.py:641} INFO - Processing file /home/airflow/.local/lib/python3.7/site-packages/airflow/example_dags/example_latest_only.py for tasks to queue
[2022-07-29 02:49:29,967] {logging_mixin.py:115} INFO - [2022-07-29 02:49:29,967] {dagbag.py:508} INFO - Filling up the DagBag from /home/airflow/.local/lib/python3.7/site-packages/airflow/example_dags/example_latest_only.py
[2022-07-29 02:49:29,977] {processor.py:651} INFO - DAG(s) dict_keys(['latest_only']) retrieved from /home/airflow/.local/lib/python3.7/site-packages/airflow/example_dags/example_latest_only.py
[2022-07-29 02:49:30,026] {logging_mixin.py:115} INFO - [2022-07-29 02:49:30,026] {dag.py:2420} INFO - Sync 1 DAGs
[2022-07-29 02:49:30,068] {logging_mixin.py:115} INFO - [2022-07-29 02:49:30,068] {dag.py:2972} INFO - Setting next_dagrun for latest_only to 2022-07-28T22:49:30.067975+00:00, run_after=2022-07-29T02:49:30.067975+00:00
[2022-07-29 02:49:30,090] {processor.py:161} INFO - Processing /home/airflow/.local/lib/python3.7/site-packages/airflow/example_dags/example_latest_only.py took 0.132 seconds
[2022-07-29 02:50:01,075] {processor.py:153} INFO - Started process (PID=4769) to work on /home/airflow/.local/lib/python3.7/site-packages/airflow/example_dags/example_latest_only.py
[2022-07-29 02:50:01,088] {processor.py:641} INFO - Processing file /home/airflow/.local/lib/python3.7/site-packages/airflow/example_dags/example_latest_only.py for tasks to queue
[2022-07-29 02:50:01,089] {logging_mixin.py:115} INFO - [2022-07-29 02:50:01,089] {dagbag.py:508} INFO - Filling up the DagBag from /home/airflow/.local/lib/python3.7/site-packages/airflow/example_dags/example_latest_only.py
[2022-07-29 02:50:01,132] {processor.py:651} INFO - DAG(s) dict_keys(['latest_only']) retrieved from /home/airflow/.local/lib/python3.7/site-packages/airflow/example_dags/example_latest_only.py
[2022-07-29 02:50:01,251] {logging_mixin.py:115} INFO - [2022-07-29 02:50:01,251] {dag.py:2420} INFO - Sync 1 DAGs
[2022-07-29 02:50:01,325] {logging_mixin.py:115} INFO - [2022-07-29 02:50:01,325] {dag.py:2972} INFO - Setting next_dagrun for latest_only to 2022-07-28T22:50:01.324762+00:00, run_after=2022-07-29T02:50:01.324762+00:00
[2022-07-29 02:50:01,368] {processor.py:161} INFO - Processing /home/airflow/.local/lib/python3.7/site-packages/airflow/example_dags/example_latest_only.py took 0.312 seconds
[2022-07-29 02:50:32,139] {processor.py:153} INFO - Started process (PID=4852) to work on /home/airflow/.local/lib/python3.7/site-packages/airflow/example_dags/example_latest_only.py
[2022-07-29 02:50:32,140] {processor.py:641} INFO - Processing file /home/airflow/.local/lib/python3.7/site-packages/airflow/example_dags/example_latest_only.py for tasks to queue
[2022-07-29 02:50:32,141] {logging_mixin.py:115} INFO - [2022-07-29 02:50:32,141] {dagbag.py:508} INFO - Filling up the DagBag from /home/airflow/.local/lib/python3.7/site-packages/airflow/example_dags/example_latest_only.py
[2022-07-29 02:50:32,151] {processor.py:651} INFO - DAG(s) dict_keys(['latest_only']) retrieved from /home/airflow/.local/lib/python3.7/site-packages/airflow/example_dags/example_latest_only.py
[2022-07-29 02:50:32,199] {logging_mixin.py:115} INFO - [2022-07-29 02:50:32,199] {dag.py:2420} INFO - Sync 1 DAGs
[2022-07-29 02:50:32,243] {logging_mixin.py:115} INFO - [2022-07-29 02:50:32,243] {dag.py:2972} INFO - Setting next_dagrun for latest_only to 2022-07-28T22:50:32.242706+00:00, run_after=2022-07-29T02:50:32.242706+00:00
[2022-07-29 02:50:32,263] {processor.py:161} INFO - Processing /home/airflow/.local/lib/python3.7/site-packages/airflow/example_dags/example_latest_only.py took 0.131 seconds
[2022-07-29 02:51:02,396] {processor.py:153} INFO - Started process (PID=4923) to work on /home/airflow/.local/lib/python3.7/site-packages/airflow/example_dags/example_latest_only.py
[2022-07-29 02:51:02,397] {processor.py:641} INFO - Processing file /home/airflow/.local/lib/python3.7/site-packages/airflow/example_dags/example_latest_only.py for tasks to queue
[2022-07-29 02:51:02,398] {logging_mixin.py:115} INFO - [2022-07-29 02:51:02,398] {dagbag.py:508} INFO - Filling up the DagBag from /home/airflow/.local/lib/python3.7/site-packages/airflow/example_dags/example_latest_only.py
[2022-07-29 02:51:02,416] {processor.py:651} INFO - DAG(s) dict_keys(['latest_only']) retrieved from /home/airflow/.local/lib/python3.7/site-packages/airflow/example_dags/example_latest_only.py
[2022-07-29 02:51:02,500] {logging_mixin.py:115} INFO - [2022-07-29 02:51:02,500] {dag.py:2420} INFO - Sync 1 DAGs
[2022-07-29 02:51:02,601] {logging_mixin.py:115} INFO - [2022-07-29 02:51:02,601] {dag.py:2972} INFO - Setting next_dagrun for latest_only to 2022-07-28T22:51:02.600827+00:00, run_after=2022-07-29T02:51:02.600827+00:00
[2022-07-29 02:51:02,658] {processor.py:161} INFO - Processing /home/airflow/.local/lib/python3.7/site-packages/airflow/example_dags/example_latest_only.py took 0.284 seconds
[2022-07-29 02:51:33,257] {processor.py:153} INFO - Started process (PID=5005) to work on /home/airflow/.local/lib/python3.7/site-packages/airflow/example_dags/example_latest_only.py
[2022-07-29 02:51:33,258] {processor.py:641} INFO - Processing file /home/airflow/.local/lib/python3.7/site-packages/airflow/example_dags/example_latest_only.py for tasks to queue
[2022-07-29 02:51:33,259] {logging_mixin.py:115} INFO - [2022-07-29 02:51:33,259] {dagbag.py:508} INFO - Filling up the DagBag from /home/airflow/.local/lib/python3.7/site-packages/airflow/example_dags/example_latest_only.py
[2022-07-29 02:51:33,270] {processor.py:651} INFO - DAG(s) dict_keys(['latest_only']) retrieved from /home/airflow/.local/lib/python3.7/site-packages/airflow/example_dags/example_latest_only.py
[2022-07-29 02:51:33,317] {logging_mixin.py:115} INFO - [2022-07-29 02:51:33,317] {dag.py:2420} INFO - Sync 1 DAGs
[2022-07-29 02:51:33,360] {logging_mixin.py:115} INFO - [2022-07-29 02:51:33,360] {dag.py:2972} INFO - Setting next_dagrun for latest_only to 2022-07-28T22:51:33.360257+00:00, run_after=2022-07-29T02:51:33.360257+00:00
[2022-07-29 02:51:33,382] {processor.py:161} INFO - Processing /home/airflow/.local/lib/python3.7/site-packages/airflow/example_dags/example_latest_only.py took 0.131 seconds
[2022-07-29 02:52:04,447] {processor.py:153} INFO - Started process (PID=5078) to work on /home/airflow/.local/lib/python3.7/site-packages/airflow/example_dags/example_latest_only.py
[2022-07-29 02:52:04,448] {processor.py:641} INFO - Processing file /home/airflow/.local/lib/python3.7/site-packages/airflow/example_dags/example_latest_only.py for tasks to queue
[2022-07-29 02:52:04,449] {logging_mixin.py:115} INFO - [2022-07-29 02:52:04,448] {dagbag.py:508} INFO - Filling up the DagBag from /home/airflow/.local/lib/python3.7/site-packages/airflow/example_dags/example_latest_only.py
[2022-07-29 02:52:04,474] {processor.py:651} INFO - DAG(s) dict_keys(['latest_only']) retrieved from /home/airflow/.local/lib/python3.7/site-packages/airflow/example_dags/example_latest_only.py
[2022-07-29 02:52:04,559] {logging_mixin.py:115} INFO - [2022-07-29 02:52:04,559] {dag.py:2420} INFO - Sync 1 DAGs
[2022-07-29 02:52:04,693] {logging_mixin.py:115} INFO - [2022-07-29 02:52:04,693] {dag.py:2972} INFO - Setting next_dagrun for latest_only to 2022-07-28T22:52:04.692901+00:00, run_after=2022-07-29T02:52:04.692901+00:00
[2022-07-29 02:52:04,747] {processor.py:161} INFO - Processing /home/airflow/.local/lib/python3.7/site-packages/airflow/example_dags/example_latest_only.py took 0.319 seconds
[2022-07-29 02:52:34,982] {processor.py:153} INFO - Started process (PID=5159) to work on /home/airflow/.local/lib/python3.7/site-packages/airflow/example_dags/example_latest_only.py
[2022-07-29 02:52:34,983] {processor.py:641} INFO - Processing file /home/airflow/.local/lib/python3.7/site-packages/airflow/example_dags/example_latest_only.py for tasks to queue
[2022-07-29 02:52:34,984] {logging_mixin.py:115} INFO - [2022-07-29 02:52:34,984] {dagbag.py:508} INFO - Filling up the DagBag from /home/airflow/.local/lib/python3.7/site-packages/airflow/example_dags/example_latest_only.py
[2022-07-29 02:52:34,993] {processor.py:651} INFO - DAG(s) dict_keys(['latest_only']) retrieved from /home/airflow/.local/lib/python3.7/site-packages/airflow/example_dags/example_latest_only.py
[2022-07-29 02:52:35,062] {logging_mixin.py:115} INFO - [2022-07-29 02:52:35,061] {dag.py:2420} INFO - Sync 1 DAGs
[2022-07-29 02:52:35,096] {logging_mixin.py:115} INFO - [2022-07-29 02:52:35,096] {dag.py:2972} INFO - Setting next_dagrun for latest_only to 2022-07-28T22:52:35.096493+00:00, run_after=2022-07-29T02:52:35.096493+00:00
[2022-07-29 02:52:35,114] {processor.py:161} INFO - Processing /home/airflow/.local/lib/python3.7/site-packages/airflow/example_dags/example_latest_only.py took 0.139 seconds
[2022-07-29 02:53:05,863] {processor.py:153} INFO - Started process (PID=5232) to work on /home/airflow/.local/lib/python3.7/site-packages/airflow/example_dags/example_latest_only.py
[2022-07-29 02:53:05,864] {processor.py:641} INFO - Processing file /home/airflow/.local/lib/python3.7/site-packages/airflow/example_dags/example_latest_only.py for tasks to queue
[2022-07-29 02:53:05,865] {logging_mixin.py:115} INFO - [2022-07-29 02:53:05,865] {dagbag.py:508} INFO - Filling up the DagBag from /home/airflow/.local/lib/python3.7/site-packages/airflow/example_dags/example_latest_only.py
[2022-07-29 02:53:05,874] {processor.py:651} INFO - DAG(s) dict_keys(['latest_only']) retrieved from /home/airflow/.local/lib/python3.7/site-packages/airflow/example_dags/example_latest_only.py
[2022-07-29 02:53:05,924] {logging_mixin.py:115} INFO - [2022-07-29 02:53:05,923] {dag.py:2420} INFO - Sync 1 DAGs
[2022-07-29 02:53:05,975] {logging_mixin.py:115} INFO - [2022-07-29 02:53:05,975] {dag.py:2972} INFO - Setting next_dagrun for latest_only to 2022-07-28T22:53:05.975074+00:00, run_after=2022-07-29T02:53:05.975074+00:00
[2022-07-29 02:53:06,018] {processor.py:161} INFO - Processing /home/airflow/.local/lib/python3.7/site-packages/airflow/example_dags/example_latest_only.py took 0.162 seconds
[2022-07-29 02:53:38,536] {processor.py:153} INFO - Started process (PID=5315) to work on /home/airflow/.local/lib/python3.7/site-packages/airflow/example_dags/example_latest_only.py
[2022-07-29 02:53:38,544] {processor.py:641} INFO - Processing file /home/airflow/.local/lib/python3.7/site-packages/airflow/example_dags/example_latest_only.py for tasks to queue
[2022-07-29 02:53:38,545] {logging_mixin.py:115} INFO - [2022-07-29 02:53:38,545] {dagbag.py:508} INFO - Filling up the DagBag from /home/airflow/.local/lib/python3.7/site-packages/airflow/example_dags/example_latest_only.py
[2022-07-29 02:53:38,561] {processor.py:651} INFO - DAG(s) dict_keys(['latest_only']) retrieved from /home/airflow/.local/lib/python3.7/site-packages/airflow/example_dags/example_latest_only.py
[2022-07-29 02:53:38,639] {logging_mixin.py:115} INFO - [2022-07-29 02:53:38,639] {dag.py:2420} INFO - Sync 1 DAGs
[2022-07-29 02:53:38,728] {logging_mixin.py:115} INFO - [2022-07-29 02:53:38,728] {dag.py:2972} INFO - Setting next_dagrun for latest_only to 2022-07-28T22:53:38.727618+00:00, run_after=2022-07-29T02:53:38.727618+00:00
[2022-07-29 02:53:38,758] {processor.py:161} INFO - Processing /home/airflow/.local/lib/python3.7/site-packages/airflow/example_dags/example_latest_only.py took 0.236 seconds
[2022-07-29 02:54:09,725] {processor.py:153} INFO - Started process (PID=5388) to work on /home/airflow/.local/lib/python3.7/site-packages/airflow/example_dags/example_latest_only.py
[2022-07-29 02:54:09,726] {processor.py:641} INFO - Processing file /home/airflow/.local/lib/python3.7/site-packages/airflow/example_dags/example_latest_only.py for tasks to queue
[2022-07-29 02:54:09,727] {logging_mixin.py:115} INFO - [2022-07-29 02:54:09,727] {dagbag.py:508} INFO - Filling up the DagBag from /home/airflow/.local/lib/python3.7/site-packages/airflow/example_dags/example_latest_only.py
[2022-07-29 02:54:09,736] {processor.py:651} INFO - DAG(s) dict_keys(['latest_only']) retrieved from /home/airflow/.local/lib/python3.7/site-packages/airflow/example_dags/example_latest_only.py
[2022-07-29 02:54:09,786] {logging_mixin.py:115} INFO - [2022-07-29 02:54:09,785] {dag.py:2420} INFO - Sync 1 DAGs
[2022-07-29 02:54:09,830] {logging_mixin.py:115} INFO - [2022-07-29 02:54:09,830] {dag.py:2972} INFO - Setting next_dagrun for latest_only to 2022-07-28T22:54:09.829745+00:00, run_after=2022-07-29T02:54:09.829745+00:00
[2022-07-29 02:54:09,852] {processor.py:161} INFO - Processing /home/airflow/.local/lib/python3.7/site-packages/airflow/example_dags/example_latest_only.py took 0.134 seconds
[2022-07-29 02:54:40,781] {processor.py:153} INFO - Started process (PID=5462) to work on /home/airflow/.local/lib/python3.7/site-packages/airflow/example_dags/example_latest_only.py
[2022-07-29 02:54:40,782] {processor.py:641} INFO - Processing file /home/airflow/.local/lib/python3.7/site-packages/airflow/example_dags/example_latest_only.py for tasks to queue
[2022-07-29 02:54:40,783] {logging_mixin.py:115} INFO - [2022-07-29 02:54:40,782] {dagbag.py:508} INFO - Filling up the DagBag from /home/airflow/.local/lib/python3.7/site-packages/airflow/example_dags/example_latest_only.py
[2022-07-29 02:54:40,792] {processor.py:651} INFO - DAG(s) dict_keys(['latest_only']) retrieved from /home/airflow/.local/lib/python3.7/site-packages/airflow/example_dags/example_latest_only.py
[2022-07-29 02:54:40,841] {logging_mixin.py:115} INFO - [2022-07-29 02:54:40,841] {dag.py:2420} INFO - Sync 1 DAGs
[2022-07-29 02:54:40,886] {logging_mixin.py:115} INFO - [2022-07-29 02:54:40,886] {dag.py:2972} INFO - Setting next_dagrun for latest_only to 2022-07-28T22:54:40.885687+00:00, run_after=2022-07-29T02:54:40.885687+00:00
[2022-07-29 02:54:40,907] {processor.py:161} INFO - Processing /home/airflow/.local/lib/python3.7/site-packages/airflow/example_dags/example_latest_only.py took 0.134 seconds
[2022-07-29 02:55:15,388] {processor.py:153} INFO - Started process (PID=5544) to work on /home/airflow/.local/lib/python3.7/site-packages/airflow/example_dags/example_latest_only.py
[2022-07-29 02:55:15,396] {processor.py:641} INFO - Processing file /home/airflow/.local/lib/python3.7/site-packages/airflow/example_dags/example_latest_only.py for tasks to queue
[2022-07-29 02:55:15,397] {logging_mixin.py:115} INFO - [2022-07-29 02:55:15,397] {dagbag.py:508} INFO - Filling up the DagBag from /home/airflow/.local/lib/python3.7/site-packages/airflow/example_dags/example_latest_only.py
[2022-07-29 02:55:15,414] {processor.py:651} INFO - DAG(s) dict_keys(['latest_only']) retrieved from /home/airflow/.local/lib/python3.7/site-packages/airflow/example_dags/example_latest_only.py
[2022-07-29 02:55:15,473] {logging_mixin.py:115} INFO - [2022-07-29 02:55:15,473] {dag.py:2420} INFO - Sync 1 DAGs
[2022-07-29 02:55:15,553] {logging_mixin.py:115} INFO - [2022-07-29 02:55:15,553] {dag.py:2972} INFO - Setting next_dagrun for latest_only to 2022-07-28T22:55:15.552801+00:00, run_after=2022-07-29T02:55:15.552801+00:00
[2022-07-29 02:55:15,602] {processor.py:161} INFO - Processing /home/airflow/.local/lib/python3.7/site-packages/airflow/example_dags/example_latest_only.py took 0.228 seconds
[2022-07-29 02:55:46,152] {processor.py:153} INFO - Started process (PID=5617) to work on /home/airflow/.local/lib/python3.7/site-packages/airflow/example_dags/example_latest_only.py
[2022-07-29 02:55:46,153] {processor.py:641} INFO - Processing file /home/airflow/.local/lib/python3.7/site-packages/airflow/example_dags/example_latest_only.py for tasks to queue
[2022-07-29 02:55:46,154] {logging_mixin.py:115} INFO - [2022-07-29 02:55:46,154] {dagbag.py:508} INFO - Filling up the DagBag from /home/airflow/.local/lib/python3.7/site-packages/airflow/example_dags/example_latest_only.py
[2022-07-29 02:55:46,163] {processor.py:651} INFO - DAG(s) dict_keys(['latest_only']) retrieved from /home/airflow/.local/lib/python3.7/site-packages/airflow/example_dags/example_latest_only.py
[2022-07-29 02:55:46,215] {logging_mixin.py:115} INFO - [2022-07-29 02:55:46,215] {dag.py:2420} INFO - Sync 1 DAGs
[2022-07-29 02:55:46,258] {logging_mixin.py:115} INFO - [2022-07-29 02:55:46,258] {dag.py:2972} INFO - Setting next_dagrun for latest_only to 2022-07-28T22:55:46.257876+00:00, run_after=2022-07-29T02:55:46.257876+00:00
[2022-07-29 02:55:46,284] {processor.py:161} INFO - Processing /home/airflow/.local/lib/python3.7/site-packages/airflow/example_dags/example_latest_only.py took 0.139 seconds
[2022-07-29 02:56:17,073] {processor.py:153} INFO - Started process (PID=5690) to work on /home/airflow/.local/lib/python3.7/site-packages/airflow/example_dags/example_latest_only.py
[2022-07-29 02:56:17,084] {processor.py:641} INFO - Processing file /home/airflow/.local/lib/python3.7/site-packages/airflow/example_dags/example_latest_only.py for tasks to queue
[2022-07-29 02:56:17,085] {logging_mixin.py:115} INFO - [2022-07-29 02:56:17,085] {dagbag.py:508} INFO - Filling up the DagBag from /home/airflow/.local/lib/python3.7/site-packages/airflow/example_dags/example_latest_only.py
[2022-07-29 02:56:17,095] {processor.py:651} INFO - DAG(s) dict_keys(['latest_only']) retrieved from /home/airflow/.local/lib/python3.7/site-packages/airflow/example_dags/example_latest_only.py
[2022-07-29 02:56:17,192] {logging_mixin.py:115} INFO - [2022-07-29 02:56:17,192] {dag.py:2420} INFO - Sync 1 DAGs
[2022-07-29 02:56:17,287] {logging_mixin.py:115} INFO - [2022-07-29 02:56:17,287] {dag.py:2972} INFO - Setting next_dagrun for latest_only to 2022-07-28T22:56:17.287066+00:00, run_after=2022-07-29T02:56:17.287066+00:00
[2022-07-29 02:56:17,349] {processor.py:161} INFO - Processing /home/airflow/.local/lib/python3.7/site-packages/airflow/example_dags/example_latest_only.py took 0.288 seconds
[2022-07-29 02:56:47,417] {processor.py:153} INFO - Started process (PID=5771) to work on /home/airflow/.local/lib/python3.7/site-packages/airflow/example_dags/example_latest_only.py
[2022-07-29 02:56:47,418] {processor.py:641} INFO - Processing file /home/airflow/.local/lib/python3.7/site-packages/airflow/example_dags/example_latest_only.py for tasks to queue
[2022-07-29 02:56:47,419] {logging_mixin.py:115} INFO - [2022-07-29 02:56:47,419] {dagbag.py:508} INFO - Filling up the DagBag from /home/airflow/.local/lib/python3.7/site-packages/airflow/example_dags/example_latest_only.py
[2022-07-29 02:56:47,429] {processor.py:651} INFO - DAG(s) dict_keys(['latest_only']) retrieved from /home/airflow/.local/lib/python3.7/site-packages/airflow/example_dags/example_latest_only.py
[2022-07-29 02:56:47,485] {logging_mixin.py:115} INFO - [2022-07-29 02:56:47,485] {dag.py:2420} INFO - Sync 1 DAGs
[2022-07-29 02:56:47,566] {logging_mixin.py:115} INFO - [2022-07-29 02:56:47,566] {dag.py:2972} INFO - Setting next_dagrun for latest_only to 2022-07-28T22:56:47.566288+00:00, run_after=2022-07-29T02:56:47.566288+00:00
[2022-07-29 02:56:47,586] {processor.py:161} INFO - Processing /home/airflow/.local/lib/python3.7/site-packages/airflow/example_dags/example_latest_only.py took 0.176 seconds
[2022-07-29 02:57:19,393] {processor.py:153} INFO - Started process (PID=5844) to work on /home/airflow/.local/lib/python3.7/site-packages/airflow/example_dags/example_latest_only.py
[2022-07-29 02:57:19,394] {processor.py:641} INFO - Processing file /home/airflow/.local/lib/python3.7/site-packages/airflow/example_dags/example_latest_only.py for tasks to queue
[2022-07-29 02:57:19,395] {logging_mixin.py:115} INFO - [2022-07-29 02:57:19,395] {dagbag.py:508} INFO - Filling up the DagBag from /home/airflow/.local/lib/python3.7/site-packages/airflow/example_dags/example_latest_only.py
[2022-07-29 02:57:19,405] {processor.py:651} INFO - DAG(s) dict_keys(['latest_only']) retrieved from /home/airflow/.local/lib/python3.7/site-packages/airflow/example_dags/example_latest_only.py
[2022-07-29 02:57:19,453] {logging_mixin.py:115} INFO - [2022-07-29 02:57:19,453] {dag.py:2420} INFO - Sync 1 DAGs
[2022-07-29 02:57:19,497] {logging_mixin.py:115} INFO - [2022-07-29 02:57:19,497] {dag.py:2972} INFO - Setting next_dagrun for latest_only to 2022-07-28T22:57:19.496953+00:00, run_after=2022-07-29T02:57:19.496953+00:00
[2022-07-29 02:57:19,524] {processor.py:161} INFO - Processing /home/airflow/.local/lib/python3.7/site-packages/airflow/example_dags/example_latest_only.py took 0.140 seconds
[2022-07-29 02:57:51,400] {processor.py:153} INFO - Started process (PID=5917) to work on /home/airflow/.local/lib/python3.7/site-packages/airflow/example_dags/example_latest_only.py
[2022-07-29 02:57:51,401] {processor.py:641} INFO - Processing file /home/airflow/.local/lib/python3.7/site-packages/airflow/example_dags/example_latest_only.py for tasks to queue
[2022-07-29 02:57:51,402] {logging_mixin.py:115} INFO - [2022-07-29 02:57:51,402] {dagbag.py:508} INFO - Filling up the DagBag from /home/airflow/.local/lib/python3.7/site-packages/airflow/example_dags/example_latest_only.py
[2022-07-29 02:57:51,427] {processor.py:651} INFO - DAG(s) dict_keys(['latest_only']) retrieved from /home/airflow/.local/lib/python3.7/site-packages/airflow/example_dags/example_latest_only.py
[2022-07-29 02:57:51,544] {logging_mixin.py:115} INFO - [2022-07-29 02:57:51,544] {dag.py:2420} INFO - Sync 1 DAGs
[2022-07-29 02:57:51,649] {logging_mixin.py:115} INFO - [2022-07-29 02:57:51,649] {dag.py:2972} INFO - Setting next_dagrun for latest_only to 2022-07-28T22:57:51.649050+00:00, run_after=2022-07-29T02:57:51.649050+00:00
[2022-07-29 02:57:51,695] {processor.py:161} INFO - Processing /home/airflow/.local/lib/python3.7/site-packages/airflow/example_dags/example_latest_only.py took 0.301 seconds
