[2022-07-29 02:17:32,426] {processor.py:153} INFO - Started process (PID=102) to work on /home/airflow/.local/lib/python3.7/site-packages/airflow/example_dags/example_sla_dag.py
[2022-07-29 02:17:32,427] {processor.py:641} INFO - Processing file /home/airflow/.local/lib/python3.7/site-packages/airflow/example_dags/example_sla_dag.py for tasks to queue
[2022-07-29 02:17:32,436] {logging_mixin.py:115} INFO - [2022-07-29 02:17:32,436] {dagbag.py:508} INFO - Filling up the DagBag from /home/airflow/.local/lib/python3.7/site-packages/airflow/example_dags/example_sla_dag.py
[2022-07-29 02:17:32,574] {processor.py:651} INFO - DAG(s) dict_keys(['example_sla_dag']) retrieved from /home/airflow/.local/lib/python3.7/site-packages/airflow/example_dags/example_sla_dag.py
[2022-07-29 02:17:32,962] {logging_mixin.py:115} INFO - [2022-07-29 02:17:32,961] {dag.py:2420} INFO - Sync 1 DAGs
[2022-07-29 02:17:33,055] {logging_mixin.py:115} INFO - [2022-07-29 02:17:33,055] {dag.py:2972} INFO - Setting next_dagrun for example_sla_dag to 2022-07-29T02:14:00+00:00, run_after=2022-07-29T02:16:00+00:00
[2022-07-29 02:17:33,124] {processor.py:161} INFO - Processing /home/airflow/.local/lib/python3.7/site-packages/airflow/example_dags/example_sla_dag.py took 0.729 seconds
[2022-07-29 02:18:03,511] {processor.py:153} INFO - Started process (PID=175) to work on /home/airflow/.local/lib/python3.7/site-packages/airflow/example_dags/example_sla_dag.py
[2022-07-29 02:18:03,512] {processor.py:641} INFO - Processing file /home/airflow/.local/lib/python3.7/site-packages/airflow/example_dags/example_sla_dag.py for tasks to queue
[2022-07-29 02:18:03,513] {logging_mixin.py:115} INFO - [2022-07-29 02:18:03,512] {dagbag.py:508} INFO - Filling up the DagBag from /home/airflow/.local/lib/python3.7/site-packages/airflow/example_dags/example_sla_dag.py
[2022-07-29 02:18:03,552] {processor.py:651} INFO - DAG(s) dict_keys(['example_sla_dag']) retrieved from /home/airflow/.local/lib/python3.7/site-packages/airflow/example_dags/example_sla_dag.py
[2022-07-29 02:18:03,815] {logging_mixin.py:115} INFO - [2022-07-29 02:18:03,815] {dag.py:2420} INFO - Sync 1 DAGs
[2022-07-29 02:18:03,859] {logging_mixin.py:115} INFO - [2022-07-29 02:18:03,859] {dag.py:2972} INFO - Setting next_dagrun for example_sla_dag to 2022-07-29T02:16:00+00:00, run_after=2022-07-29T02:18:00+00:00
[2022-07-29 02:18:03,878] {processor.py:161} INFO - Processing /home/airflow/.local/lib/python3.7/site-packages/airflow/example_dags/example_sla_dag.py took 0.374 seconds
[2022-07-29 02:18:34,100] {processor.py:153} INFO - Started process (PID=248) to work on /home/airflow/.local/lib/python3.7/site-packages/airflow/example_dags/example_sla_dag.py
[2022-07-29 02:18:34,106] {processor.py:641} INFO - Processing file /home/airflow/.local/lib/python3.7/site-packages/airflow/example_dags/example_sla_dag.py for tasks to queue
[2022-07-29 02:18:34,107] {logging_mixin.py:115} INFO - [2022-07-29 02:18:34,107] {dagbag.py:508} INFO - Filling up the DagBag from /home/airflow/.local/lib/python3.7/site-packages/airflow/example_dags/example_sla_dag.py
[2022-07-29 02:18:34,166] {processor.py:651} INFO - DAG(s) dict_keys(['example_sla_dag']) retrieved from /home/airflow/.local/lib/python3.7/site-packages/airflow/example_dags/example_sla_dag.py
[2022-07-29 02:18:34,457] {logging_mixin.py:115} INFO - [2022-07-29 02:18:34,457] {dag.py:2420} INFO - Sync 1 DAGs
[2022-07-29 02:18:34,504] {logging_mixin.py:115} INFO - [2022-07-29 02:18:34,504] {dag.py:2972} INFO - Setting next_dagrun for example_sla_dag to 2022-07-29T02:16:00+00:00, run_after=2022-07-29T02:18:00+00:00
[2022-07-29 02:18:34,525] {processor.py:161} INFO - Processing /home/airflow/.local/lib/python3.7/site-packages/airflow/example_dags/example_sla_dag.py took 0.432 seconds
[2022-07-29 02:19:06,079] {processor.py:153} INFO - Started process (PID=330) to work on /home/airflow/.local/lib/python3.7/site-packages/airflow/example_dags/example_sla_dag.py
[2022-07-29 02:19:06,080] {processor.py:641} INFO - Processing file /home/airflow/.local/lib/python3.7/site-packages/airflow/example_dags/example_sla_dag.py for tasks to queue
[2022-07-29 02:19:06,081] {logging_mixin.py:115} INFO - [2022-07-29 02:19:06,080] {dagbag.py:508} INFO - Filling up the DagBag from /home/airflow/.local/lib/python3.7/site-packages/airflow/example_dags/example_sla_dag.py
[2022-07-29 02:19:06,118] {processor.py:651} INFO - DAG(s) dict_keys(['example_sla_dag']) retrieved from /home/airflow/.local/lib/python3.7/site-packages/airflow/example_dags/example_sla_dag.py
[2022-07-29 02:19:06,374] {logging_mixin.py:115} INFO - [2022-07-29 02:19:06,374] {dag.py:2420} INFO - Sync 1 DAGs
[2022-07-29 02:19:06,424] {logging_mixin.py:115} INFO - [2022-07-29 02:19:06,424] {dag.py:2972} INFO - Setting next_dagrun for example_sla_dag to 2022-07-29T02:16:00+00:00, run_after=2022-07-29T02:18:00+00:00
[2022-07-29 02:19:06,442] {processor.py:161} INFO - Processing /home/airflow/.local/lib/python3.7/site-packages/airflow/example_dags/example_sla_dag.py took 0.369 seconds
[2022-07-29 02:19:37,525] {processor.py:153} INFO - Started process (PID=404) to work on /home/airflow/.local/lib/python3.7/site-packages/airflow/example_dags/example_sla_dag.py
[2022-07-29 02:19:37,530] {processor.py:641} INFO - Processing file /home/airflow/.local/lib/python3.7/site-packages/airflow/example_dags/example_sla_dag.py for tasks to queue
[2022-07-29 02:19:37,531] {logging_mixin.py:115} INFO - [2022-07-29 02:19:37,531] {dagbag.py:508} INFO - Filling up the DagBag from /home/airflow/.local/lib/python3.7/site-packages/airflow/example_dags/example_sla_dag.py
[2022-07-29 02:19:37,610] {processor.py:651} INFO - DAG(s) dict_keys(['example_sla_dag']) retrieved from /home/airflow/.local/lib/python3.7/site-packages/airflow/example_dags/example_sla_dag.py
[2022-07-29 02:19:38,139] {logging_mixin.py:115} INFO - [2022-07-29 02:19:38,139] {dag.py:2420} INFO - Sync 1 DAGs
[2022-07-29 02:19:38,209] {logging_mixin.py:115} INFO - [2022-07-29 02:19:38,209] {dag.py:2972} INFO - Setting next_dagrun for example_sla_dag to 2022-07-29T02:16:00+00:00, run_after=2022-07-29T02:18:00+00:00
[2022-07-29 02:19:38,228] {processor.py:161} INFO - Processing /home/airflow/.local/lib/python3.7/site-packages/airflow/example_dags/example_sla_dag.py took 0.716 seconds
[2022-07-29 02:20:08,976] {processor.py:153} INFO - Started process (PID=477) to work on /home/airflow/.local/lib/python3.7/site-packages/airflow/example_dags/example_sla_dag.py
[2022-07-29 02:20:08,977] {processor.py:641} INFO - Processing file /home/airflow/.local/lib/python3.7/site-packages/airflow/example_dags/example_sla_dag.py for tasks to queue
[2022-07-29 02:20:08,978] {logging_mixin.py:115} INFO - [2022-07-29 02:20:08,977] {dagbag.py:508} INFO - Filling up the DagBag from /home/airflow/.local/lib/python3.7/site-packages/airflow/example_dags/example_sla_dag.py
[2022-07-29 02:20:09,046] {processor.py:651} INFO - DAG(s) dict_keys(['example_sla_dag']) retrieved from /home/airflow/.local/lib/python3.7/site-packages/airflow/example_dags/example_sla_dag.py
[2022-07-29 02:20:09,316] {logging_mixin.py:115} INFO - [2022-07-29 02:20:09,316] {dag.py:2420} INFO - Sync 1 DAGs
[2022-07-29 02:20:09,358] {logging_mixin.py:115} INFO - [2022-07-29 02:20:09,358] {dag.py:2972} INFO - Setting next_dagrun for example_sla_dag to 2022-07-29T02:18:00+00:00, run_after=2022-07-29T02:20:00+00:00
[2022-07-29 02:20:09,374] {processor.py:161} INFO - Processing /home/airflow/.local/lib/python3.7/site-packages/airflow/example_dags/example_sla_dag.py took 0.405 seconds
[2022-07-29 02:20:39,829] {processor.py:153} INFO - Started process (PID=559) to work on /home/airflow/.local/lib/python3.7/site-packages/airflow/example_dags/example_sla_dag.py
[2022-07-29 02:20:39,830] {processor.py:641} INFO - Processing file /home/airflow/.local/lib/python3.7/site-packages/airflow/example_dags/example_sla_dag.py for tasks to queue
[2022-07-29 02:20:39,830] {logging_mixin.py:115} INFO - [2022-07-29 02:20:39,830] {dagbag.py:508} INFO - Filling up the DagBag from /home/airflow/.local/lib/python3.7/site-packages/airflow/example_dags/example_sla_dag.py
[2022-07-29 02:20:39,877] {processor.py:651} INFO - DAG(s) dict_keys(['example_sla_dag']) retrieved from /home/airflow/.local/lib/python3.7/site-packages/airflow/example_dags/example_sla_dag.py
[2022-07-29 02:20:40,156] {logging_mixin.py:115} INFO - [2022-07-29 02:20:40,156] {dag.py:2420} INFO - Sync 1 DAGs
[2022-07-29 02:20:40,195] {logging_mixin.py:115} INFO - [2022-07-29 02:20:40,195] {dag.py:2972} INFO - Setting next_dagrun for example_sla_dag to 2022-07-29T02:18:00+00:00, run_after=2022-07-29T02:20:00+00:00
[2022-07-29 02:20:40,212] {processor.py:161} INFO - Processing /home/airflow/.local/lib/python3.7/site-packages/airflow/example_dags/example_sla_dag.py took 0.391 seconds
[2022-07-29 02:21:12,408] {processor.py:153} INFO - Started process (PID=633) to work on /home/airflow/.local/lib/python3.7/site-packages/airflow/example_dags/example_sla_dag.py
[2022-07-29 02:21:12,416] {processor.py:641} INFO - Processing file /home/airflow/.local/lib/python3.7/site-packages/airflow/example_dags/example_sla_dag.py for tasks to queue
[2022-07-29 02:21:12,417] {logging_mixin.py:115} INFO - [2022-07-29 02:21:12,417] {dagbag.py:508} INFO - Filling up the DagBag from /home/airflow/.local/lib/python3.7/site-packages/airflow/example_dags/example_sla_dag.py
[2022-07-29 02:21:12,492] {processor.py:651} INFO - DAG(s) dict_keys(['example_sla_dag']) retrieved from /home/airflow/.local/lib/python3.7/site-packages/airflow/example_dags/example_sla_dag.py
[2022-07-29 02:21:12,949] {logging_mixin.py:115} INFO - [2022-07-29 02:21:12,949] {dag.py:2420} INFO - Sync 1 DAGs
[2022-07-29 02:21:12,990] {logging_mixin.py:115} INFO - [2022-07-29 02:21:12,989] {dag.py:2972} INFO - Setting next_dagrun for example_sla_dag to 2022-07-29T02:18:00+00:00, run_after=2022-07-29T02:20:00+00:00
[2022-07-29 02:21:13,006] {processor.py:161} INFO - Processing /home/airflow/.local/lib/python3.7/site-packages/airflow/example_dags/example_sla_dag.py took 0.612 seconds
[2022-07-29 02:21:44,482] {processor.py:153} INFO - Started process (PID=714) to work on /home/airflow/.local/lib/python3.7/site-packages/airflow/example_dags/example_sla_dag.py
[2022-07-29 02:21:44,483] {processor.py:641} INFO - Processing file /home/airflow/.local/lib/python3.7/site-packages/airflow/example_dags/example_sla_dag.py for tasks to queue
[2022-07-29 02:21:44,484] {logging_mixin.py:115} INFO - [2022-07-29 02:21:44,483] {dagbag.py:508} INFO - Filling up the DagBag from /home/airflow/.local/lib/python3.7/site-packages/airflow/example_dags/example_sla_dag.py
[2022-07-29 02:21:44,523] {processor.py:651} INFO - DAG(s) dict_keys(['example_sla_dag']) retrieved from /home/airflow/.local/lib/python3.7/site-packages/airflow/example_dags/example_sla_dag.py
[2022-07-29 02:21:44,786] {logging_mixin.py:115} INFO - [2022-07-29 02:21:44,786] {dag.py:2420} INFO - Sync 1 DAGs
[2022-07-29 02:21:44,855] {logging_mixin.py:115} INFO - [2022-07-29 02:21:44,855] {dag.py:2972} INFO - Setting next_dagrun for example_sla_dag to 2022-07-29T02:18:00+00:00, run_after=2022-07-29T02:20:00+00:00
[2022-07-29 02:21:44,873] {processor.py:161} INFO - Processing /home/airflow/.local/lib/python3.7/site-packages/airflow/example_dags/example_sla_dag.py took 0.398 seconds
[2022-07-29 02:22:16,717] {processor.py:153} INFO - Started process (PID=788) to work on /home/airflow/.local/lib/python3.7/site-packages/airflow/example_dags/example_sla_dag.py
[2022-07-29 02:22:16,718] {processor.py:641} INFO - Processing file /home/airflow/.local/lib/python3.7/site-packages/airflow/example_dags/example_sla_dag.py for tasks to queue
[2022-07-29 02:22:16,719] {logging_mixin.py:115} INFO - [2022-07-29 02:22:16,718] {dagbag.py:508} INFO - Filling up the DagBag from /home/airflow/.local/lib/python3.7/site-packages/airflow/example_dags/example_sla_dag.py
[2022-07-29 02:22:16,755] {processor.py:651} INFO - DAG(s) dict_keys(['example_sla_dag']) retrieved from /home/airflow/.local/lib/python3.7/site-packages/airflow/example_dags/example_sla_dag.py
[2022-07-29 02:22:17,009] {logging_mixin.py:115} INFO - [2022-07-29 02:22:17,008] {dag.py:2420} INFO - Sync 1 DAGs
[2022-07-29 02:22:17,054] {logging_mixin.py:115} INFO - [2022-07-29 02:22:17,054] {dag.py:2972} INFO - Setting next_dagrun for example_sla_dag to 2022-07-29T02:20:00+00:00, run_after=2022-07-29T02:22:00+00:00
[2022-07-29 02:22:17,073] {processor.py:161} INFO - Processing /home/airflow/.local/lib/python3.7/site-packages/airflow/example_dags/example_sla_dag.py took 0.362 seconds
[2022-07-29 02:22:52,926] {processor.py:153} INFO - Started process (PID=870) to work on /home/airflow/.local/lib/python3.7/site-packages/airflow/example_dags/example_sla_dag.py
[2022-07-29 02:22:52,937] {processor.py:641} INFO - Processing file /home/airflow/.local/lib/python3.7/site-packages/airflow/example_dags/example_sla_dag.py for tasks to queue
[2022-07-29 02:22:52,939] {logging_mixin.py:115} INFO - [2022-07-29 02:22:52,939] {dagbag.py:508} INFO - Filling up the DagBag from /home/airflow/.local/lib/python3.7/site-packages/airflow/example_dags/example_sla_dag.py
[2022-07-29 02:22:52,991] {processor.py:651} INFO - DAG(s) dict_keys(['example_sla_dag']) retrieved from /home/airflow/.local/lib/python3.7/site-packages/airflow/example_dags/example_sla_dag.py
[2022-07-29 02:22:53,317] {logging_mixin.py:115} INFO - [2022-07-29 02:22:53,317] {dag.py:2420} INFO - Sync 1 DAGs
[2022-07-29 02:22:53,361] {logging_mixin.py:115} INFO - [2022-07-29 02:22:53,360] {dag.py:2972} INFO - Setting next_dagrun for example_sla_dag to 2022-07-29T02:20:00+00:00, run_after=2022-07-29T02:22:00+00:00
[2022-07-29 02:22:53,378] {processor.py:161} INFO - Processing /home/airflow/.local/lib/python3.7/site-packages/airflow/example_dags/example_sla_dag.py took 0.470 seconds
[2022-07-29 02:23:23,827] {processor.py:153} INFO - Started process (PID=943) to work on /home/airflow/.local/lib/python3.7/site-packages/airflow/example_dags/example_sla_dag.py
[2022-07-29 02:23:23,832] {processor.py:641} INFO - Processing file /home/airflow/.local/lib/python3.7/site-packages/airflow/example_dags/example_sla_dag.py for tasks to queue
[2022-07-29 02:23:23,833] {logging_mixin.py:115} INFO - [2022-07-29 02:23:23,833] {dagbag.py:508} INFO - Filling up the DagBag from /home/airflow/.local/lib/python3.7/site-packages/airflow/example_dags/example_sla_dag.py
[2022-07-29 02:23:23,935] {processor.py:651} INFO - DAG(s) dict_keys(['example_sla_dag']) retrieved from /home/airflow/.local/lib/python3.7/site-packages/airflow/example_dags/example_sla_dag.py
[2022-07-29 02:23:24,331] {logging_mixin.py:115} INFO - [2022-07-29 02:23:24,331] {dag.py:2420} INFO - Sync 1 DAGs
[2022-07-29 02:23:24,375] {logging_mixin.py:115} INFO - [2022-07-29 02:23:24,375] {dag.py:2972} INFO - Setting next_dagrun for example_sla_dag to 2022-07-29T02:20:00+00:00, run_after=2022-07-29T02:22:00+00:00
[2022-07-29 02:23:24,392] {processor.py:161} INFO - Processing /home/airflow/.local/lib/python3.7/site-packages/airflow/example_dags/example_sla_dag.py took 0.594 seconds
[2022-07-29 02:23:57,304] {processor.py:153} INFO - Started process (PID=1025) to work on /home/airflow/.local/lib/python3.7/site-packages/airflow/example_dags/example_sla_dag.py
[2022-07-29 02:23:57,305] {processor.py:641} INFO - Processing file /home/airflow/.local/lib/python3.7/site-packages/airflow/example_dags/example_sla_dag.py for tasks to queue
[2022-07-29 02:23:57,306] {logging_mixin.py:115} INFO - [2022-07-29 02:23:57,305] {dagbag.py:508} INFO - Filling up the DagBag from /home/airflow/.local/lib/python3.7/site-packages/airflow/example_dags/example_sla_dag.py
[2022-07-29 02:23:57,413] {processor.py:651} INFO - DAG(s) dict_keys(['example_sla_dag']) retrieved from /home/airflow/.local/lib/python3.7/site-packages/airflow/example_dags/example_sla_dag.py
[2022-07-29 02:23:57,799] {logging_mixin.py:115} INFO - [2022-07-29 02:23:57,799] {dag.py:2420} INFO - Sync 1 DAGs
[2022-07-29 02:23:57,851] {logging_mixin.py:115} INFO - [2022-07-29 02:23:57,851] {dag.py:2972} INFO - Setting next_dagrun for example_sla_dag to 2022-07-29T02:20:00+00:00, run_after=2022-07-29T02:22:00+00:00
[2022-07-29 02:23:57,889] {processor.py:161} INFO - Processing /home/airflow/.local/lib/python3.7/site-packages/airflow/example_dags/example_sla_dag.py took 0.596 seconds
[2022-07-29 02:24:28,845] {processor.py:153} INFO - Started process (PID=1098) to work on /home/airflow/.local/lib/python3.7/site-packages/airflow/example_dags/example_sla_dag.py
[2022-07-29 02:24:28,852] {processor.py:641} INFO - Processing file /home/airflow/.local/lib/python3.7/site-packages/airflow/example_dags/example_sla_dag.py for tasks to queue
[2022-07-29 02:24:28,853] {logging_mixin.py:115} INFO - [2022-07-29 02:24:28,853] {dagbag.py:508} INFO - Filling up the DagBag from /home/airflow/.local/lib/python3.7/site-packages/airflow/example_dags/example_sla_dag.py
[2022-07-29 02:24:28,918] {processor.py:651} INFO - DAG(s) dict_keys(['example_sla_dag']) retrieved from /home/airflow/.local/lib/python3.7/site-packages/airflow/example_dags/example_sla_dag.py
[2022-07-29 02:24:29,200] {logging_mixin.py:115} INFO - [2022-07-29 02:24:29,199] {dag.py:2420} INFO - Sync 1 DAGs
[2022-07-29 02:24:29,245] {logging_mixin.py:115} INFO - [2022-07-29 02:24:29,244] {dag.py:2972} INFO - Setting next_dagrun for example_sla_dag to 2022-07-29T02:22:00+00:00, run_after=2022-07-29T02:24:00+00:00
[2022-07-29 02:24:29,266] {processor.py:161} INFO - Processing /home/airflow/.local/lib/python3.7/site-packages/airflow/example_dags/example_sla_dag.py took 0.428 seconds
[2022-07-29 02:25:00,443] {processor.py:153} INFO - Started process (PID=1170) to work on /home/airflow/.local/lib/python3.7/site-packages/airflow/example_dags/example_sla_dag.py
[2022-07-29 02:25:00,448] {processor.py:641} INFO - Processing file /home/airflow/.local/lib/python3.7/site-packages/airflow/example_dags/example_sla_dag.py for tasks to queue
[2022-07-29 02:25:00,456] {logging_mixin.py:115} INFO - [2022-07-29 02:25:00,456] {dagbag.py:508} INFO - Filling up the DagBag from /home/airflow/.local/lib/python3.7/site-packages/airflow/example_dags/example_sla_dag.py
[2022-07-29 02:25:00,513] {processor.py:651} INFO - DAG(s) dict_keys(['example_sla_dag']) retrieved from /home/airflow/.local/lib/python3.7/site-packages/airflow/example_dags/example_sla_dag.py
[2022-07-29 02:25:00,980] {logging_mixin.py:115} INFO - [2022-07-29 02:25:00,980] {dag.py:2420} INFO - Sync 1 DAGs
[2022-07-29 02:25:01,047] {logging_mixin.py:115} INFO - [2022-07-29 02:25:01,047] {dag.py:2972} INFO - Setting next_dagrun for example_sla_dag to 2022-07-29T02:22:00+00:00, run_after=2022-07-29T02:24:00+00:00
[2022-07-29 02:25:01,080] {processor.py:161} INFO - Processing /home/airflow/.local/lib/python3.7/site-packages/airflow/example_dags/example_sla_dag.py took 0.645 seconds
[2022-07-29 02:25:33,892] {processor.py:153} INFO - Started process (PID=1252) to work on /home/airflow/.local/lib/python3.7/site-packages/airflow/example_dags/example_sla_dag.py
[2022-07-29 02:25:33,900] {processor.py:641} INFO - Processing file /home/airflow/.local/lib/python3.7/site-packages/airflow/example_dags/example_sla_dag.py for tasks to queue
[2022-07-29 02:25:33,901] {logging_mixin.py:115} INFO - [2022-07-29 02:25:33,901] {dagbag.py:508} INFO - Filling up the DagBag from /home/airflow/.local/lib/python3.7/site-packages/airflow/example_dags/example_sla_dag.py
[2022-07-29 02:25:34,003] {processor.py:651} INFO - DAG(s) dict_keys(['example_sla_dag']) retrieved from /home/airflow/.local/lib/python3.7/site-packages/airflow/example_dags/example_sla_dag.py
[2022-07-29 02:25:34,536] {logging_mixin.py:115} INFO - [2022-07-29 02:25:34,536] {dag.py:2420} INFO - Sync 1 DAGs
[2022-07-29 02:25:34,623] {logging_mixin.py:115} INFO - [2022-07-29 02:25:34,623] {dag.py:2972} INFO - Setting next_dagrun for example_sla_dag to 2022-07-29T02:22:00+00:00, run_after=2022-07-29T02:24:00+00:00
[2022-07-29 02:25:34,656] {processor.py:161} INFO - Processing /home/airflow/.local/lib/python3.7/site-packages/airflow/example_dags/example_sla_dag.py took 0.790 seconds
[2022-07-29 02:26:04,710] {processor.py:153} INFO - Started process (PID=1325) to work on /home/airflow/.local/lib/python3.7/site-packages/airflow/example_dags/example_sla_dag.py
[2022-07-29 02:26:04,711] {processor.py:641} INFO - Processing file /home/airflow/.local/lib/python3.7/site-packages/airflow/example_dags/example_sla_dag.py for tasks to queue
[2022-07-29 02:26:04,712] {logging_mixin.py:115} INFO - [2022-07-29 02:26:04,712] {dagbag.py:508} INFO - Filling up the DagBag from /home/airflow/.local/lib/python3.7/site-packages/airflow/example_dags/example_sla_dag.py
[2022-07-29 02:26:04,749] {processor.py:651} INFO - DAG(s) dict_keys(['example_sla_dag']) retrieved from /home/airflow/.local/lib/python3.7/site-packages/airflow/example_dags/example_sla_dag.py
[2022-07-29 02:26:04,975] {logging_mixin.py:115} INFO - [2022-07-29 02:26:04,975] {dag.py:2420} INFO - Sync 1 DAGs
[2022-07-29 02:26:05,005] {logging_mixin.py:115} INFO - [2022-07-29 02:26:05,005] {dag.py:2972} INFO - Setting next_dagrun for example_sla_dag to 2022-07-29T02:24:00+00:00, run_after=2022-07-29T02:26:00+00:00
[2022-07-29 02:26:05,024] {processor.py:161} INFO - Processing /home/airflow/.local/lib/python3.7/site-packages/airflow/example_dags/example_sla_dag.py took 0.322 seconds
[2022-07-29 02:26:37,388] {processor.py:153} INFO - Started process (PID=1407) to work on /home/airflow/.local/lib/python3.7/site-packages/airflow/example_dags/example_sla_dag.py
[2022-07-29 02:26:37,389] {processor.py:641} INFO - Processing file /home/airflow/.local/lib/python3.7/site-packages/airflow/example_dags/example_sla_dag.py for tasks to queue
[2022-07-29 02:26:37,390] {logging_mixin.py:115} INFO - [2022-07-29 02:26:37,390] {dagbag.py:508} INFO - Filling up the DagBag from /home/airflow/.local/lib/python3.7/site-packages/airflow/example_dags/example_sla_dag.py
[2022-07-29 02:26:37,458] {processor.py:651} INFO - DAG(s) dict_keys(['example_sla_dag']) retrieved from /home/airflow/.local/lib/python3.7/site-packages/airflow/example_dags/example_sla_dag.py
[2022-07-29 02:26:37,979] {logging_mixin.py:115} INFO - [2022-07-29 02:26:37,978] {dag.py:2420} INFO - Sync 1 DAGs
[2022-07-29 02:26:38,105] {logging_mixin.py:115} INFO - [2022-07-29 02:26:38,105] {dag.py:2972} INFO - Setting next_dagrun for example_sla_dag to 2022-07-29T02:24:00+00:00, run_after=2022-07-29T02:26:00+00:00
[2022-07-29 02:26:38,176] {processor.py:161} INFO - Processing /home/airflow/.local/lib/python3.7/site-packages/airflow/example_dags/example_sla_dag.py took 0.806 seconds
[2022-07-29 02:27:10,702] {processor.py:153} INFO - Started process (PID=1480) to work on /home/airflow/.local/lib/python3.7/site-packages/airflow/example_dags/example_sla_dag.py
[2022-07-29 02:27:10,712] {processor.py:641} INFO - Processing file /home/airflow/.local/lib/python3.7/site-packages/airflow/example_dags/example_sla_dag.py for tasks to queue
[2022-07-29 02:27:10,713] {logging_mixin.py:115} INFO - [2022-07-29 02:27:10,713] {dagbag.py:508} INFO - Filling up the DagBag from /home/airflow/.local/lib/python3.7/site-packages/airflow/example_dags/example_sla_dag.py
[2022-07-29 02:27:11,350] {processor.py:651} INFO - DAG(s) dict_keys(['example_sla_dag']) retrieved from /home/airflow/.local/lib/python3.7/site-packages/airflow/example_dags/example_sla_dag.py
[2022-07-29 02:27:11,380] {logging_mixin.py:115} INFO - [2022-07-29 02:27:11,380] {dag.py:2420} INFO - Sync 1 DAGs
[2022-07-29 02:27:11,422] {logging_mixin.py:115} INFO - [2022-07-29 02:27:11,421] {dag.py:2972} INFO - Setting next_dagrun for example_sla_dag to 2022-07-29T02:24:00+00:00, run_after=2022-07-29T02:26:00+00:00
[2022-07-29 02:27:11,442] {processor.py:161} INFO - Processing /home/airflow/.local/lib/python3.7/site-packages/airflow/example_dags/example_sla_dag.py took 0.755 seconds
[2022-07-29 02:27:41,910] {processor.py:153} INFO - Started process (PID=1562) to work on /home/airflow/.local/lib/python3.7/site-packages/airflow/example_dags/example_sla_dag.py
[2022-07-29 02:27:41,918] {processor.py:641} INFO - Processing file /home/airflow/.local/lib/python3.7/site-packages/airflow/example_dags/example_sla_dag.py for tasks to queue
[2022-07-29 02:27:41,919] {logging_mixin.py:115} INFO - [2022-07-29 02:27:41,919] {dagbag.py:508} INFO - Filling up the DagBag from /home/airflow/.local/lib/python3.7/site-packages/airflow/example_dags/example_sla_dag.py
[2022-07-29 02:27:42,395] {processor.py:651} INFO - DAG(s) dict_keys(['example_sla_dag']) retrieved from /home/airflow/.local/lib/python3.7/site-packages/airflow/example_dags/example_sla_dag.py
[2022-07-29 02:27:42,475] {logging_mixin.py:115} INFO - [2022-07-29 02:27:42,475] {dag.py:2420} INFO - Sync 1 DAGs
[2022-07-29 02:27:42,598] {logging_mixin.py:115} INFO - [2022-07-29 02:27:42,598] {dag.py:2972} INFO - Setting next_dagrun for example_sla_dag to 2022-07-29T02:24:00+00:00, run_after=2022-07-29T02:26:00+00:00
[2022-07-29 02:27:42,641] {processor.py:161} INFO - Processing /home/airflow/.local/lib/python3.7/site-packages/airflow/example_dags/example_sla_dag.py took 0.743 seconds
[2022-07-29 02:28:16,265] {processor.py:153} INFO - Started process (PID=1635) to work on /home/airflow/.local/lib/python3.7/site-packages/airflow/example_dags/example_sla_dag.py
[2022-07-29 02:28:16,266] {processor.py:641} INFO - Processing file /home/airflow/.local/lib/python3.7/site-packages/airflow/example_dags/example_sla_dag.py for tasks to queue
[2022-07-29 02:28:16,267] {logging_mixin.py:115} INFO - [2022-07-29 02:28:16,266] {dagbag.py:508} INFO - Filling up the DagBag from /home/airflow/.local/lib/python3.7/site-packages/airflow/example_dags/example_sla_dag.py
[2022-07-29 02:28:16,551] {processor.py:651} INFO - DAG(s) dict_keys(['example_sla_dag']) retrieved from /home/airflow/.local/lib/python3.7/site-packages/airflow/example_dags/example_sla_dag.py
[2022-07-29 02:28:16,584] {logging_mixin.py:115} INFO - [2022-07-29 02:28:16,584] {dag.py:2420} INFO - Sync 1 DAGs
[2022-07-29 02:28:16,623] {logging_mixin.py:115} INFO - [2022-07-29 02:28:16,623] {dag.py:2972} INFO - Setting next_dagrun for example_sla_dag to 2022-07-29T02:26:00+00:00, run_after=2022-07-29T02:28:00+00:00
[2022-07-29 02:28:16,643] {processor.py:161} INFO - Processing /home/airflow/.local/lib/python3.7/site-packages/airflow/example_dags/example_sla_dag.py took 0.384 seconds
[2022-07-29 02:28:46,915] {processor.py:153} INFO - Started process (PID=1717) to work on /home/airflow/.local/lib/python3.7/site-packages/airflow/example_dags/example_sla_dag.py
[2022-07-29 02:28:46,916] {processor.py:641} INFO - Processing file /home/airflow/.local/lib/python3.7/site-packages/airflow/example_dags/example_sla_dag.py for tasks to queue
[2022-07-29 02:28:46,916] {logging_mixin.py:115} INFO - [2022-07-29 02:28:46,916] {dagbag.py:508} INFO - Filling up the DagBag from /home/airflow/.local/lib/python3.7/site-packages/airflow/example_dags/example_sla_dag.py
[2022-07-29 02:28:47,188] {processor.py:651} INFO - DAG(s) dict_keys(['example_sla_dag']) retrieved from /home/airflow/.local/lib/python3.7/site-packages/airflow/example_dags/example_sla_dag.py
[2022-07-29 02:28:47,221] {logging_mixin.py:115} INFO - [2022-07-29 02:28:47,221] {dag.py:2420} INFO - Sync 1 DAGs
[2022-07-29 02:28:47,263] {logging_mixin.py:115} INFO - [2022-07-29 02:28:47,263] {dag.py:2972} INFO - Setting next_dagrun for example_sla_dag to 2022-07-29T02:26:00+00:00, run_after=2022-07-29T02:28:00+00:00
[2022-07-29 02:28:47,281] {processor.py:161} INFO - Processing /home/airflow/.local/lib/python3.7/site-packages/airflow/example_dags/example_sla_dag.py took 0.374 seconds
[2022-07-29 02:29:17,581] {processor.py:153} INFO - Started process (PID=1791) to work on /home/airflow/.local/lib/python3.7/site-packages/airflow/example_dags/example_sla_dag.py
[2022-07-29 02:29:17,582] {processor.py:641} INFO - Processing file /home/airflow/.local/lib/python3.7/site-packages/airflow/example_dags/example_sla_dag.py for tasks to queue
[2022-07-29 02:29:17,583] {logging_mixin.py:115} INFO - [2022-07-29 02:29:17,583] {dagbag.py:508} INFO - Filling up the DagBag from /home/airflow/.local/lib/python3.7/site-packages/airflow/example_dags/example_sla_dag.py
[2022-07-29 02:29:17,880] {processor.py:651} INFO - DAG(s) dict_keys(['example_sla_dag']) retrieved from /home/airflow/.local/lib/python3.7/site-packages/airflow/example_dags/example_sla_dag.py
[2022-07-29 02:29:17,930] {logging_mixin.py:115} INFO - [2022-07-29 02:29:17,930] {dag.py:2420} INFO - Sync 1 DAGs
[2022-07-29 02:29:18,032] {logging_mixin.py:115} INFO - [2022-07-29 02:29:18,032] {dag.py:2972} INFO - Setting next_dagrun for example_sla_dag to 2022-07-29T02:26:00+00:00, run_after=2022-07-29T02:28:00+00:00
[2022-07-29 02:29:18,080] {processor.py:161} INFO - Processing /home/airflow/.local/lib/python3.7/site-packages/airflow/example_dags/example_sla_dag.py took 0.507 seconds
[2022-07-29 02:29:52,843] {processor.py:153} INFO - Started process (PID=1873) to work on /home/airflow/.local/lib/python3.7/site-packages/airflow/example_dags/example_sla_dag.py
[2022-07-29 02:29:52,852] {processor.py:641} INFO - Processing file /home/airflow/.local/lib/python3.7/site-packages/airflow/example_dags/example_sla_dag.py for tasks to queue
[2022-07-29 02:29:52,853] {logging_mixin.py:115} INFO - [2022-07-29 02:29:52,853] {dagbag.py:508} INFO - Filling up the DagBag from /home/airflow/.local/lib/python3.7/site-packages/airflow/example_dags/example_sla_dag.py
[2022-07-29 02:29:53,320] {processor.py:651} INFO - DAG(s) dict_keys(['example_sla_dag']) retrieved from /home/airflow/.local/lib/python3.7/site-packages/airflow/example_dags/example_sla_dag.py
[2022-07-29 02:29:53,352] {logging_mixin.py:115} INFO - [2022-07-29 02:29:53,352] {dag.py:2420} INFO - Sync 1 DAGs
[2022-07-29 02:29:53,393] {logging_mixin.py:115} INFO - [2022-07-29 02:29:53,393] {dag.py:2972} INFO - Setting next_dagrun for example_sla_dag to 2022-07-29T02:26:00+00:00, run_after=2022-07-29T02:28:00+00:00
[2022-07-29 02:29:53,410] {processor.py:161} INFO - Processing /home/airflow/.local/lib/python3.7/site-packages/airflow/example_dags/example_sla_dag.py took 0.581 seconds
[2022-07-29 02:30:23,572] {processor.py:153} INFO - Started process (PID=1944) to work on /home/airflow/.local/lib/python3.7/site-packages/airflow/example_dags/example_sla_dag.py
[2022-07-29 02:30:23,573] {processor.py:641} INFO - Processing file /home/airflow/.local/lib/python3.7/site-packages/airflow/example_dags/example_sla_dag.py for tasks to queue
[2022-07-29 02:30:23,574] {logging_mixin.py:115} INFO - [2022-07-29 02:30:23,574] {dagbag.py:508} INFO - Filling up the DagBag from /home/airflow/.local/lib/python3.7/site-packages/airflow/example_dags/example_sla_dag.py
[2022-07-29 02:30:23,844] {processor.py:651} INFO - DAG(s) dict_keys(['example_sla_dag']) retrieved from /home/airflow/.local/lib/python3.7/site-packages/airflow/example_dags/example_sla_dag.py
[2022-07-29 02:30:23,877] {logging_mixin.py:115} INFO - [2022-07-29 02:30:23,877] {dag.py:2420} INFO - Sync 1 DAGs
[2022-07-29 02:30:23,918] {logging_mixin.py:115} INFO - [2022-07-29 02:30:23,918] {dag.py:2972} INFO - Setting next_dagrun for example_sla_dag to 2022-07-29T02:28:00+00:00, run_after=2022-07-29T02:30:00+00:00
[2022-07-29 02:30:23,934] {processor.py:161} INFO - Processing /home/airflow/.local/lib/python3.7/site-packages/airflow/example_dags/example_sla_dag.py took 0.369 seconds
[2022-07-29 02:30:55,211] {processor.py:153} INFO - Started process (PID=2017) to work on /home/airflow/.local/lib/python3.7/site-packages/airflow/example_dags/example_sla_dag.py
[2022-07-29 02:30:55,212] {processor.py:641} INFO - Processing file /home/airflow/.local/lib/python3.7/site-packages/airflow/example_dags/example_sla_dag.py for tasks to queue
[2022-07-29 02:30:55,213] {logging_mixin.py:115} INFO - [2022-07-29 02:30:55,213] {dagbag.py:508} INFO - Filling up the DagBag from /home/airflow/.local/lib/python3.7/site-packages/airflow/example_dags/example_sla_dag.py
[2022-07-29 02:30:55,818] {processor.py:651} INFO - DAG(s) dict_keys(['example_sla_dag']) retrieved from /home/airflow/.local/lib/python3.7/site-packages/airflow/example_dags/example_sla_dag.py
[2022-07-29 02:30:55,907] {logging_mixin.py:115} INFO - [2022-07-29 02:30:55,907] {dag.py:2420} INFO - Sync 1 DAGs
[2022-07-29 02:30:56,007] {logging_mixin.py:115} INFO - [2022-07-29 02:30:56,007] {dag.py:2972} INFO - Setting next_dagrun for example_sla_dag to 2022-07-29T02:28:00+00:00, run_after=2022-07-29T02:30:00+00:00
[2022-07-29 02:30:56,048] {processor.py:161} INFO - Processing /home/airflow/.local/lib/python3.7/site-packages/airflow/example_dags/example_sla_dag.py took 0.850 seconds
[2022-07-29 02:31:29,300] {processor.py:153} INFO - Started process (PID=2100) to work on /home/airflow/.local/lib/python3.7/site-packages/airflow/example_dags/example_sla_dag.py
[2022-07-29 02:31:29,302] {processor.py:641} INFO - Processing file /home/airflow/.local/lib/python3.7/site-packages/airflow/example_dags/example_sla_dag.py for tasks to queue
[2022-07-29 02:31:29,302] {logging_mixin.py:115} INFO - [2022-07-29 02:31:29,302] {dagbag.py:508} INFO - Filling up the DagBag from /home/airflow/.local/lib/python3.7/site-packages/airflow/example_dags/example_sla_dag.py
[2022-07-29 02:31:29,847] {processor.py:651} INFO - DAG(s) dict_keys(['example_sla_dag']) retrieved from /home/airflow/.local/lib/python3.7/site-packages/airflow/example_dags/example_sla_dag.py
[2022-07-29 02:31:29,904] {logging_mixin.py:115} INFO - [2022-07-29 02:31:29,904] {dag.py:2420} INFO - Sync 1 DAGs
[2022-07-29 02:31:30,026] {logging_mixin.py:115} INFO - [2022-07-29 02:31:30,025] {dag.py:2972} INFO - Setting next_dagrun for example_sla_dag to 2022-07-29T02:28:00+00:00, run_after=2022-07-29T02:30:00+00:00
[2022-07-29 02:31:30,105] {processor.py:161} INFO - Processing /home/airflow/.local/lib/python3.7/site-packages/airflow/example_dags/example_sla_dag.py took 0.827 seconds
[2022-07-29 02:32:00,297] {processor.py:153} INFO - Started process (PID=2173) to work on /home/airflow/.local/lib/python3.7/site-packages/airflow/example_dags/example_sla_dag.py
[2022-07-29 02:32:00,298] {processor.py:641} INFO - Processing file /home/airflow/.local/lib/python3.7/site-packages/airflow/example_dags/example_sla_dag.py for tasks to queue
[2022-07-29 02:32:00,298] {logging_mixin.py:115} INFO - [2022-07-29 02:32:00,298] {dagbag.py:508} INFO - Filling up the DagBag from /home/airflow/.local/lib/python3.7/site-packages/airflow/example_dags/example_sla_dag.py
[2022-07-29 02:32:00,604] {processor.py:651} INFO - DAG(s) dict_keys(['example_sla_dag']) retrieved from /home/airflow/.local/lib/python3.7/site-packages/airflow/example_dags/example_sla_dag.py
[2022-07-29 02:32:00,638] {logging_mixin.py:115} INFO - [2022-07-29 02:32:00,638] {dag.py:2420} INFO - Sync 1 DAGs
[2022-07-29 02:32:00,682] {logging_mixin.py:115} INFO - [2022-07-29 02:32:00,682] {dag.py:2972} INFO - Setting next_dagrun for example_sla_dag to 2022-07-29T02:30:00+00:00, run_after=2022-07-29T02:32:00+00:00
[2022-07-29 02:32:00,701] {processor.py:161} INFO - Processing /home/airflow/.local/lib/python3.7/site-packages/airflow/example_dags/example_sla_dag.py took 0.414 seconds
[2022-07-29 02:32:31,943] {processor.py:153} INFO - Started process (PID=2246) to work on /home/airflow/.local/lib/python3.7/site-packages/airflow/example_dags/example_sla_dag.py
[2022-07-29 02:32:31,959] {processor.py:641} INFO - Processing file /home/airflow/.local/lib/python3.7/site-packages/airflow/example_dags/example_sla_dag.py for tasks to queue
[2022-07-29 02:32:31,959] {logging_mixin.py:115} INFO - [2022-07-29 02:32:31,959] {dagbag.py:508} INFO - Filling up the DagBag from /home/airflow/.local/lib/python3.7/site-packages/airflow/example_dags/example_sla_dag.py
[2022-07-29 02:32:32,381] {processor.py:651} INFO - DAG(s) dict_keys(['example_sla_dag']) retrieved from /home/airflow/.local/lib/python3.7/site-packages/airflow/example_dags/example_sla_dag.py
[2022-07-29 02:32:32,504] {logging_mixin.py:115} INFO - [2022-07-29 02:32:32,504] {dag.py:2420} INFO - Sync 1 DAGs
[2022-07-29 02:32:32,616] {logging_mixin.py:115} INFO - [2022-07-29 02:32:32,616] {dag.py:2972} INFO - Setting next_dagrun for example_sla_dag to 2022-07-29T02:30:00+00:00, run_after=2022-07-29T02:32:00+00:00
[2022-07-29 02:32:32,644] {processor.py:161} INFO - Processing /home/airflow/.local/lib/python3.7/site-packages/airflow/example_dags/example_sla_dag.py took 0.712 seconds
[2022-07-29 02:33:05,273] {processor.py:153} INFO - Started process (PID=2328) to work on /home/airflow/.local/lib/python3.7/site-packages/airflow/example_dags/example_sla_dag.py
[2022-07-29 02:33:05,276] {processor.py:641} INFO - Processing file /home/airflow/.local/lib/python3.7/site-packages/airflow/example_dags/example_sla_dag.py for tasks to queue
[2022-07-29 02:33:05,277] {logging_mixin.py:115} INFO - [2022-07-29 02:33:05,277] {dagbag.py:508} INFO - Filling up the DagBag from /home/airflow/.local/lib/python3.7/site-packages/airflow/example_dags/example_sla_dag.py
[2022-07-29 02:33:05,831] {processor.py:651} INFO - DAG(s) dict_keys(['example_sla_dag']) retrieved from /home/airflow/.local/lib/python3.7/site-packages/airflow/example_dags/example_sla_dag.py
[2022-07-29 02:33:05,909] {logging_mixin.py:115} INFO - [2022-07-29 02:33:05,909] {dag.py:2420} INFO - Sync 1 DAGs
[2022-07-29 02:33:06,002] {logging_mixin.py:115} INFO - [2022-07-29 02:33:06,001] {dag.py:2972} INFO - Setting next_dagrun for example_sla_dag to 2022-07-29T02:30:00+00:00, run_after=2022-07-29T02:32:00+00:00
[2022-07-29 02:33:06,028] {processor.py:161} INFO - Processing /home/airflow/.local/lib/python3.7/site-packages/airflow/example_dags/example_sla_dag.py took 0.761 seconds
[2022-07-29 02:33:37,380] {processor.py:153} INFO - Started process (PID=2401) to work on /home/airflow/.local/lib/python3.7/site-packages/airflow/example_dags/example_sla_dag.py
[2022-07-29 02:33:37,380] {processor.py:641} INFO - Processing file /home/airflow/.local/lib/python3.7/site-packages/airflow/example_dags/example_sla_dag.py for tasks to queue
[2022-07-29 02:33:37,381] {logging_mixin.py:115} INFO - [2022-07-29 02:33:37,381] {dagbag.py:508} INFO - Filling up the DagBag from /home/airflow/.local/lib/python3.7/site-packages/airflow/example_dags/example_sla_dag.py
[2022-07-29 02:33:37,651] {processor.py:651} INFO - DAG(s) dict_keys(['example_sla_dag']) retrieved from /home/airflow/.local/lib/python3.7/site-packages/airflow/example_dags/example_sla_dag.py
[2022-07-29 02:33:37,683] {logging_mixin.py:115} INFO - [2022-07-29 02:33:37,683] {dag.py:2420} INFO - Sync 1 DAGs
[2022-07-29 02:33:37,725] {logging_mixin.py:115} INFO - [2022-07-29 02:33:37,725] {dag.py:2972} INFO - Setting next_dagrun for example_sla_dag to 2022-07-29T02:30:00+00:00, run_after=2022-07-29T02:32:00+00:00
[2022-07-29 02:33:37,742] {processor.py:161} INFO - Processing /home/airflow/.local/lib/python3.7/site-packages/airflow/example_dags/example_sla_dag.py took 0.369 seconds
[2022-07-29 02:34:11,624] {processor.py:153} INFO - Started process (PID=2483) to work on /home/airflow/.local/lib/python3.7/site-packages/airflow/example_dags/example_sla_dag.py
[2022-07-29 02:34:11,625] {processor.py:641} INFO - Processing file /home/airflow/.local/lib/python3.7/site-packages/airflow/example_dags/example_sla_dag.py for tasks to queue
[2022-07-29 02:34:11,626] {logging_mixin.py:115} INFO - [2022-07-29 02:34:11,626] {dagbag.py:508} INFO - Filling up the DagBag from /home/airflow/.local/lib/python3.7/site-packages/airflow/example_dags/example_sla_dag.py
[2022-07-29 02:34:12,142] {processor.py:651} INFO - DAG(s) dict_keys(['example_sla_dag']) retrieved from /home/airflow/.local/lib/python3.7/site-packages/airflow/example_dags/example_sla_dag.py
[2022-07-29 02:34:12,200] {logging_mixin.py:115} INFO - [2022-07-29 02:34:12,200] {dag.py:2420} INFO - Sync 1 DAGs
[2022-07-29 02:34:12,279] {logging_mixin.py:115} INFO - [2022-07-29 02:34:12,279] {dag.py:2972} INFO - Setting next_dagrun for example_sla_dag to 2022-07-29T02:32:00+00:00, run_after=2022-07-29T02:34:00+00:00
[2022-07-29 02:34:12,313] {processor.py:161} INFO - Processing /home/airflow/.local/lib/python3.7/site-packages/airflow/example_dags/example_sla_dag.py took 0.707 seconds
[2022-07-29 02:34:42,573] {processor.py:153} INFO - Started process (PID=2556) to work on /home/airflow/.local/lib/python3.7/site-packages/airflow/example_dags/example_sla_dag.py
[2022-07-29 02:34:42,574] {processor.py:641} INFO - Processing file /home/airflow/.local/lib/python3.7/site-packages/airflow/example_dags/example_sla_dag.py for tasks to queue
[2022-07-29 02:34:42,575] {logging_mixin.py:115} INFO - [2022-07-29 02:34:42,575] {dagbag.py:508} INFO - Filling up the DagBag from /home/airflow/.local/lib/python3.7/site-packages/airflow/example_dags/example_sla_dag.py
[2022-07-29 02:34:42,844] {processor.py:651} INFO - DAG(s) dict_keys(['example_sla_dag']) retrieved from /home/airflow/.local/lib/python3.7/site-packages/airflow/example_dags/example_sla_dag.py
[2022-07-29 02:34:42,875] {logging_mixin.py:115} INFO - [2022-07-29 02:34:42,875] {dag.py:2420} INFO - Sync 1 DAGs
[2022-07-29 02:34:42,917] {logging_mixin.py:115} INFO - [2022-07-29 02:34:42,917] {dag.py:2972} INFO - Setting next_dagrun for example_sla_dag to 2022-07-29T02:32:00+00:00, run_after=2022-07-29T02:34:00+00:00
[2022-07-29 02:34:42,936] {processor.py:161} INFO - Processing /home/airflow/.local/lib/python3.7/site-packages/airflow/example_dags/example_sla_dag.py took 0.370 seconds
[2022-07-29 02:35:14,868] {processor.py:153} INFO - Started process (PID=2640) to work on /home/airflow/.local/lib/python3.7/site-packages/airflow/example_dags/example_sla_dag.py
[2022-07-29 02:35:14,869] {processor.py:641} INFO - Processing file /home/airflow/.local/lib/python3.7/site-packages/airflow/example_dags/example_sla_dag.py for tasks to queue
[2022-07-29 02:35:14,870] {logging_mixin.py:115} INFO - [2022-07-29 02:35:14,870] {dagbag.py:508} INFO - Filling up the DagBag from /home/airflow/.local/lib/python3.7/site-packages/airflow/example_dags/example_sla_dag.py
[2022-07-29 02:35:15,139] {processor.py:651} INFO - DAG(s) dict_keys(['example_sla_dag']) retrieved from /home/airflow/.local/lib/python3.7/site-packages/airflow/example_dags/example_sla_dag.py
[2022-07-29 02:35:15,172] {logging_mixin.py:115} INFO - [2022-07-29 02:35:15,172] {dag.py:2420} INFO - Sync 1 DAGs
[2022-07-29 02:35:15,215] {logging_mixin.py:115} INFO - [2022-07-29 02:35:15,215] {dag.py:2972} INFO - Setting next_dagrun for example_sla_dag to 2022-07-29T02:32:00+00:00, run_after=2022-07-29T02:34:00+00:00
[2022-07-29 02:35:15,242] {processor.py:161} INFO - Processing /home/airflow/.local/lib/python3.7/site-packages/airflow/example_dags/example_sla_dag.py took 0.381 seconds
[2022-07-29 02:35:48,604] {processor.py:153} INFO - Started process (PID=2713) to work on /home/airflow/.local/lib/python3.7/site-packages/airflow/example_dags/example_sla_dag.py
[2022-07-29 02:35:48,605] {processor.py:641} INFO - Processing file /home/airflow/.local/lib/python3.7/site-packages/airflow/example_dags/example_sla_dag.py for tasks to queue
[2022-07-29 02:35:48,606] {logging_mixin.py:115} INFO - [2022-07-29 02:35:48,605] {dagbag.py:508} INFO - Filling up the DagBag from /home/airflow/.local/lib/python3.7/site-packages/airflow/example_dags/example_sla_dag.py
[2022-07-29 02:35:48,877] {processor.py:651} INFO - DAG(s) dict_keys(['example_sla_dag']) retrieved from /home/airflow/.local/lib/python3.7/site-packages/airflow/example_dags/example_sla_dag.py
[2022-07-29 02:35:48,911] {logging_mixin.py:115} INFO - [2022-07-29 02:35:48,911] {dag.py:2420} INFO - Sync 1 DAGs
[2022-07-29 02:35:48,951] {logging_mixin.py:115} INFO - [2022-07-29 02:35:48,951] {dag.py:2972} INFO - Setting next_dagrun for example_sla_dag to 2022-07-29T02:32:00+00:00, run_after=2022-07-29T02:34:00+00:00
[2022-07-29 02:35:48,975] {processor.py:161} INFO - Processing /home/airflow/.local/lib/python3.7/site-packages/airflow/example_dags/example_sla_dag.py took 0.379 seconds
[2022-07-29 02:36:20,507] {processor.py:153} INFO - Started process (PID=2795) to work on /home/airflow/.local/lib/python3.7/site-packages/airflow/example_dags/example_sla_dag.py
[2022-07-29 02:36:20,508] {processor.py:641} INFO - Processing file /home/airflow/.local/lib/python3.7/site-packages/airflow/example_dags/example_sla_dag.py for tasks to queue
[2022-07-29 02:36:20,509] {logging_mixin.py:115} INFO - [2022-07-29 02:36:20,509] {dagbag.py:508} INFO - Filling up the DagBag from /home/airflow/.local/lib/python3.7/site-packages/airflow/example_dags/example_sla_dag.py
[2022-07-29 02:36:20,879] {processor.py:651} INFO - DAG(s) dict_keys(['example_sla_dag']) retrieved from /home/airflow/.local/lib/python3.7/site-packages/airflow/example_dags/example_sla_dag.py
[2022-07-29 02:36:20,911] {logging_mixin.py:115} INFO - [2022-07-29 02:36:20,911] {dag.py:2420} INFO - Sync 1 DAGs
[2022-07-29 02:36:20,954] {logging_mixin.py:115} INFO - [2022-07-29 02:36:20,954] {dag.py:2972} INFO - Setting next_dagrun for example_sla_dag to 2022-07-29T02:34:00+00:00, run_after=2022-07-29T02:36:00+00:00
[2022-07-29 02:36:20,972] {processor.py:161} INFO - Processing /home/airflow/.local/lib/python3.7/site-packages/airflow/example_dags/example_sla_dag.py took 0.472 seconds
[2022-07-29 02:36:51,126] {processor.py:153} INFO - Started process (PID=2866) to work on /home/airflow/.local/lib/python3.7/site-packages/airflow/example_dags/example_sla_dag.py
[2022-07-29 02:36:51,127] {processor.py:641} INFO - Processing file /home/airflow/.local/lib/python3.7/site-packages/airflow/example_dags/example_sla_dag.py for tasks to queue
[2022-07-29 02:36:51,128] {logging_mixin.py:115} INFO - [2022-07-29 02:36:51,128] {dagbag.py:508} INFO - Filling up the DagBag from /home/airflow/.local/lib/python3.7/site-packages/airflow/example_dags/example_sla_dag.py
[2022-07-29 02:36:51,440] {processor.py:651} INFO - DAG(s) dict_keys(['example_sla_dag']) retrieved from /home/airflow/.local/lib/python3.7/site-packages/airflow/example_dags/example_sla_dag.py
[2022-07-29 02:36:51,477] {logging_mixin.py:115} INFO - [2022-07-29 02:36:51,477] {dag.py:2420} INFO - Sync 1 DAGs
[2022-07-29 02:36:51,539] {logging_mixin.py:115} INFO - [2022-07-29 02:36:51,539] {dag.py:2972} INFO - Setting next_dagrun for example_sla_dag to 2022-07-29T02:34:00+00:00, run_after=2022-07-29T02:36:00+00:00
[2022-07-29 02:36:51,568] {processor.py:161} INFO - Processing /home/airflow/.local/lib/python3.7/site-packages/airflow/example_dags/example_sla_dag.py took 0.449 seconds
[2022-07-29 02:37:23,510] {processor.py:153} INFO - Started process (PID=2939) to work on /home/airflow/.local/lib/python3.7/site-packages/airflow/example_dags/example_sla_dag.py
[2022-07-29 02:37:23,524] {processor.py:641} INFO - Processing file /home/airflow/.local/lib/python3.7/site-packages/airflow/example_dags/example_sla_dag.py for tasks to queue
[2022-07-29 02:37:23,525] {logging_mixin.py:115} INFO - [2022-07-29 02:37:23,525] {dagbag.py:508} INFO - Filling up the DagBag from /home/airflow/.local/lib/python3.7/site-packages/airflow/example_dags/example_sla_dag.py
[2022-07-29 02:37:24,314] {processor.py:651} INFO - DAG(s) dict_keys(['example_sla_dag']) retrieved from /home/airflow/.local/lib/python3.7/site-packages/airflow/example_dags/example_sla_dag.py
[2022-07-29 02:37:24,396] {logging_mixin.py:115} INFO - [2022-07-29 02:37:24,396] {dag.py:2420} INFO - Sync 1 DAGs
[2022-07-29 02:37:24,513] {logging_mixin.py:115} INFO - [2022-07-29 02:37:24,513] {dag.py:2972} INFO - Setting next_dagrun for example_sla_dag to 2022-07-29T02:34:00+00:00, run_after=2022-07-29T02:36:00+00:00
[2022-07-29 02:37:24,575] {processor.py:161} INFO - Processing /home/airflow/.local/lib/python3.7/site-packages/airflow/example_dags/example_sla_dag.py took 1.084 seconds
[2022-07-29 02:37:55,520] {processor.py:153} INFO - Started process (PID=3021) to work on /home/airflow/.local/lib/python3.7/site-packages/airflow/example_dags/example_sla_dag.py
[2022-07-29 02:37:55,524] {processor.py:641} INFO - Processing file /home/airflow/.local/lib/python3.7/site-packages/airflow/example_dags/example_sla_dag.py for tasks to queue
[2022-07-29 02:37:55,525] {logging_mixin.py:115} INFO - [2022-07-29 02:37:55,525] {dagbag.py:508} INFO - Filling up the DagBag from /home/airflow/.local/lib/python3.7/site-packages/airflow/example_dags/example_sla_dag.py
[2022-07-29 02:37:55,918] {processor.py:651} INFO - DAG(s) dict_keys(['example_sla_dag']) retrieved from /home/airflow/.local/lib/python3.7/site-packages/airflow/example_dags/example_sla_dag.py
[2022-07-29 02:37:55,973] {logging_mixin.py:115} INFO - [2022-07-29 02:37:55,973] {dag.py:2420} INFO - Sync 1 DAGs
[2022-07-29 02:37:56,055] {logging_mixin.py:115} INFO - [2022-07-29 02:37:56,055] {dag.py:2972} INFO - Setting next_dagrun for example_sla_dag to 2022-07-29T02:34:00+00:00, run_after=2022-07-29T02:36:00+00:00
[2022-07-29 02:37:56,088] {processor.py:161} INFO - Processing /home/airflow/.local/lib/python3.7/site-packages/airflow/example_dags/example_sla_dag.py took 0.587 seconds
[2022-07-29 02:38:27,915] {processor.py:153} INFO - Started process (PID=3094) to work on /home/airflow/.local/lib/python3.7/site-packages/airflow/example_dags/example_sla_dag.py
[2022-07-29 02:38:27,920] {processor.py:641} INFO - Processing file /home/airflow/.local/lib/python3.7/site-packages/airflow/example_dags/example_sla_dag.py for tasks to queue
[2022-07-29 02:38:27,921] {logging_mixin.py:115} INFO - [2022-07-29 02:38:27,921] {dagbag.py:508} INFO - Filling up the DagBag from /home/airflow/.local/lib/python3.7/site-packages/airflow/example_dags/example_sla_dag.py
[2022-07-29 02:38:28,471] {processor.py:651} INFO - DAG(s) dict_keys(['example_sla_dag']) retrieved from /home/airflow/.local/lib/python3.7/site-packages/airflow/example_dags/example_sla_dag.py
[2022-07-29 02:38:28,505] {logging_mixin.py:115} INFO - [2022-07-29 02:38:28,505] {dag.py:2420} INFO - Sync 1 DAGs
[2022-07-29 02:38:28,548] {logging_mixin.py:115} INFO - [2022-07-29 02:38:28,548] {dag.py:2972} INFO - Setting next_dagrun for example_sla_dag to 2022-07-29T02:36:00+00:00, run_after=2022-07-29T02:38:00+00:00
[2022-07-29 02:38:28,565] {processor.py:161} INFO - Processing /home/airflow/.local/lib/python3.7/site-packages/airflow/example_dags/example_sla_dag.py took 0.669 seconds
[2022-07-29 02:39:00,836] {processor.py:153} INFO - Started process (PID=3175) to work on /home/airflow/.local/lib/python3.7/site-packages/airflow/example_dags/example_sla_dag.py
[2022-07-29 02:39:00,837] {processor.py:641} INFO - Processing file /home/airflow/.local/lib/python3.7/site-packages/airflow/example_dags/example_sla_dag.py for tasks to queue
[2022-07-29 02:39:00,838] {logging_mixin.py:115} INFO - [2022-07-29 02:39:00,838] {dagbag.py:508} INFO - Filling up the DagBag from /home/airflow/.local/lib/python3.7/site-packages/airflow/example_dags/example_sla_dag.py
[2022-07-29 02:39:01,255] {processor.py:651} INFO - DAG(s) dict_keys(['example_sla_dag']) retrieved from /home/airflow/.local/lib/python3.7/site-packages/airflow/example_dags/example_sla_dag.py
[2022-07-29 02:39:01,289] {logging_mixin.py:115} INFO - [2022-07-29 02:39:01,286] {dag.py:2420} INFO - Sync 1 DAGs
[2022-07-29 02:39:01,331] {logging_mixin.py:115} INFO - [2022-07-29 02:39:01,331] {dag.py:2972} INFO - Setting next_dagrun for example_sla_dag to 2022-07-29T02:36:00+00:00, run_after=2022-07-29T02:38:00+00:00
[2022-07-29 02:39:01,347] {processor.py:161} INFO - Processing /home/airflow/.local/lib/python3.7/site-packages/airflow/example_dags/example_sla_dag.py took 0.540 seconds
[2022-07-29 02:39:32,188] {processor.py:153} INFO - Started process (PID=3247) to work on /home/airflow/.local/lib/python3.7/site-packages/airflow/example_dags/example_sla_dag.py
[2022-07-29 02:39:32,189] {processor.py:641} INFO - Processing file /home/airflow/.local/lib/python3.7/site-packages/airflow/example_dags/example_sla_dag.py for tasks to queue
[2022-07-29 02:39:32,190] {logging_mixin.py:115} INFO - [2022-07-29 02:39:32,189] {dagbag.py:508} INFO - Filling up the DagBag from /home/airflow/.local/lib/python3.7/site-packages/airflow/example_dags/example_sla_dag.py
[2022-07-29 02:39:32,465] {processor.py:651} INFO - DAG(s) dict_keys(['example_sla_dag']) retrieved from /home/airflow/.local/lib/python3.7/site-packages/airflow/example_dags/example_sla_dag.py
[2022-07-29 02:39:32,505] {logging_mixin.py:115} INFO - [2022-07-29 02:39:32,504] {dag.py:2420} INFO - Sync 1 DAGs
[2022-07-29 02:39:32,549] {logging_mixin.py:115} INFO - [2022-07-29 02:39:32,549] {dag.py:2972} INFO - Setting next_dagrun for example_sla_dag to 2022-07-29T02:36:00+00:00, run_after=2022-07-29T02:38:00+00:00
[2022-07-29 02:39:32,571] {processor.py:161} INFO - Processing /home/airflow/.local/lib/python3.7/site-packages/airflow/example_dags/example_sla_dag.py took 0.394 seconds
[2022-07-29 02:40:02,749] {processor.py:153} INFO - Started process (PID=3319) to work on /home/airflow/.local/lib/python3.7/site-packages/airflow/example_dags/example_sla_dag.py
[2022-07-29 02:40:02,749] {processor.py:641} INFO - Processing file /home/airflow/.local/lib/python3.7/site-packages/airflow/example_dags/example_sla_dag.py for tasks to queue
[2022-07-29 02:40:02,750] {logging_mixin.py:115} INFO - [2022-07-29 02:40:02,750] {dagbag.py:508} INFO - Filling up the DagBag from /home/airflow/.local/lib/python3.7/site-packages/airflow/example_dags/example_sla_dag.py
[2022-07-29 02:40:02,948] {processor.py:651} INFO - DAG(s) dict_keys(['example_sla_dag']) retrieved from /home/airflow/.local/lib/python3.7/site-packages/airflow/example_dags/example_sla_dag.py
[2022-07-29 02:40:02,972] {logging_mixin.py:115} INFO - [2022-07-29 02:40:02,972] {dag.py:2420} INFO - Sync 1 DAGs
[2022-07-29 02:40:02,999] {logging_mixin.py:115} INFO - [2022-07-29 02:40:02,999] {dag.py:2972} INFO - Setting next_dagrun for example_sla_dag to 2022-07-29T02:38:00+00:00, run_after=2022-07-29T02:40:00+00:00
[2022-07-29 02:40:03,015] {processor.py:161} INFO - Processing /home/airflow/.local/lib/python3.7/site-packages/airflow/example_dags/example_sla_dag.py took 0.272 seconds
[2022-07-29 02:40:33,673] {processor.py:153} INFO - Started process (PID=3400) to work on /home/airflow/.local/lib/python3.7/site-packages/airflow/example_dags/example_sla_dag.py
[2022-07-29 02:40:33,674] {processor.py:641} INFO - Processing file /home/airflow/.local/lib/python3.7/site-packages/airflow/example_dags/example_sla_dag.py for tasks to queue
[2022-07-29 02:40:33,675] {logging_mixin.py:115} INFO - [2022-07-29 02:40:33,675] {dagbag.py:508} INFO - Filling up the DagBag from /home/airflow/.local/lib/python3.7/site-packages/airflow/example_dags/example_sla_dag.py
[2022-07-29 02:40:33,976] {processor.py:651} INFO - DAG(s) dict_keys(['example_sla_dag']) retrieved from /home/airflow/.local/lib/python3.7/site-packages/airflow/example_dags/example_sla_dag.py
[2022-07-29 02:40:34,009] {logging_mixin.py:115} INFO - [2022-07-29 02:40:34,009] {dag.py:2420} INFO - Sync 1 DAGs
[2022-07-29 02:40:34,051] {logging_mixin.py:115} INFO - [2022-07-29 02:40:34,051] {dag.py:2972} INFO - Setting next_dagrun for example_sla_dag to 2022-07-29T02:38:00+00:00, run_after=2022-07-29T02:40:00+00:00
[2022-07-29 02:40:34,069] {processor.py:161} INFO - Processing /home/airflow/.local/lib/python3.7/site-packages/airflow/example_dags/example_sla_dag.py took 0.402 seconds
[2022-07-29 02:41:04,571] {processor.py:153} INFO - Started process (PID=3473) to work on /home/airflow/.local/lib/python3.7/site-packages/airflow/example_dags/example_sla_dag.py
[2022-07-29 02:41:04,572] {processor.py:641} INFO - Processing file /home/airflow/.local/lib/python3.7/site-packages/airflow/example_dags/example_sla_dag.py for tasks to queue
[2022-07-29 02:41:04,573] {logging_mixin.py:115} INFO - [2022-07-29 02:41:04,573] {dagbag.py:508} INFO - Filling up the DagBag from /home/airflow/.local/lib/python3.7/site-packages/airflow/example_dags/example_sla_dag.py
[2022-07-29 02:41:05,421] {processor.py:651} INFO - DAG(s) dict_keys(['example_sla_dag']) retrieved from /home/airflow/.local/lib/python3.7/site-packages/airflow/example_dags/example_sla_dag.py
[2022-07-29 02:41:05,482] {logging_mixin.py:115} INFO - [2022-07-29 02:41:05,482] {dag.py:2420} INFO - Sync 1 DAGs
[2022-07-29 02:41:05,624] {logging_mixin.py:115} INFO - [2022-07-29 02:41:05,611] {dag.py:2972} INFO - Setting next_dagrun for example_sla_dag to 2022-07-29T02:38:00+00:00, run_after=2022-07-29T02:40:00+00:00
[2022-07-29 02:41:05,672] {processor.py:161} INFO - Processing /home/airflow/.local/lib/python3.7/site-packages/airflow/example_dags/example_sla_dag.py took 1.116 seconds
[2022-07-29 02:41:37,811] {processor.py:153} INFO - Started process (PID=3555) to work on /home/airflow/.local/lib/python3.7/site-packages/airflow/example_dags/example_sla_dag.py
[2022-07-29 02:41:37,812] {processor.py:641} INFO - Processing file /home/airflow/.local/lib/python3.7/site-packages/airflow/example_dags/example_sla_dag.py for tasks to queue
[2022-07-29 02:41:37,813] {logging_mixin.py:115} INFO - [2022-07-29 02:41:37,813] {dagbag.py:508} INFO - Filling up the DagBag from /home/airflow/.local/lib/python3.7/site-packages/airflow/example_dags/example_sla_dag.py
[2022-07-29 02:41:38,118] {processor.py:651} INFO - DAG(s) dict_keys(['example_sla_dag']) retrieved from /home/airflow/.local/lib/python3.7/site-packages/airflow/example_dags/example_sla_dag.py
[2022-07-29 02:41:38,150] {logging_mixin.py:115} INFO - [2022-07-29 02:41:38,150] {dag.py:2420} INFO - Sync 1 DAGs
[2022-07-29 02:41:38,195] {logging_mixin.py:115} INFO - [2022-07-29 02:41:38,194] {dag.py:2972} INFO - Setting next_dagrun for example_sla_dag to 2022-07-29T02:38:00+00:00, run_after=2022-07-29T02:40:00+00:00
[2022-07-29 02:41:38,213] {processor.py:161} INFO - Processing /home/airflow/.local/lib/python3.7/site-packages/airflow/example_dags/example_sla_dag.py took 0.409 seconds
[2022-07-29 02:42:08,370] {processor.py:153} INFO - Started process (PID=3628) to work on /home/airflow/.local/lib/python3.7/site-packages/airflow/example_dags/example_sla_dag.py
[2022-07-29 02:42:08,371] {processor.py:641} INFO - Processing file /home/airflow/.local/lib/python3.7/site-packages/airflow/example_dags/example_sla_dag.py for tasks to queue
[2022-07-29 02:42:08,372] {logging_mixin.py:115} INFO - [2022-07-29 02:42:08,372] {dagbag.py:508} INFO - Filling up the DagBag from /home/airflow/.local/lib/python3.7/site-packages/airflow/example_dags/example_sla_dag.py
[2022-07-29 02:42:08,647] {processor.py:651} INFO - DAG(s) dict_keys(['example_sla_dag']) retrieved from /home/airflow/.local/lib/python3.7/site-packages/airflow/example_dags/example_sla_dag.py
[2022-07-29 02:42:08,680] {logging_mixin.py:115} INFO - [2022-07-29 02:42:08,680] {dag.py:2420} INFO - Sync 1 DAGs
[2022-07-29 02:42:08,728] {logging_mixin.py:115} INFO - [2022-07-29 02:42:08,728] {dag.py:2972} INFO - Setting next_dagrun for example_sla_dag to 2022-07-29T02:40:00+00:00, run_after=2022-07-29T02:42:00+00:00
[2022-07-29 02:42:08,750] {processor.py:161} INFO - Processing /home/airflow/.local/lib/python3.7/site-packages/airflow/example_dags/example_sla_dag.py took 0.387 seconds
[2022-07-29 02:42:39,834] {processor.py:153} INFO - Started process (PID=3700) to work on /home/airflow/.local/lib/python3.7/site-packages/airflow/example_dags/example_sla_dag.py
[2022-07-29 02:42:39,836] {processor.py:641} INFO - Processing file /home/airflow/.local/lib/python3.7/site-packages/airflow/example_dags/example_sla_dag.py for tasks to queue
[2022-07-29 02:42:39,837] {logging_mixin.py:115} INFO - [2022-07-29 02:42:39,836] {dagbag.py:508} INFO - Filling up the DagBag from /home/airflow/.local/lib/python3.7/site-packages/airflow/example_dags/example_sla_dag.py
[2022-07-29 02:42:40,563] {processor.py:651} INFO - DAG(s) dict_keys(['example_sla_dag']) retrieved from /home/airflow/.local/lib/python3.7/site-packages/airflow/example_dags/example_sla_dag.py
[2022-07-29 02:42:40,682] {logging_mixin.py:115} INFO - [2022-07-29 02:42:40,682] {dag.py:2420} INFO - Sync 1 DAGs
[2022-07-29 02:42:40,815] {logging_mixin.py:115} INFO - [2022-07-29 02:42:40,815] {dag.py:2972} INFO - Setting next_dagrun for example_sla_dag to 2022-07-29T02:40:00+00:00, run_after=2022-07-29T02:42:00+00:00
[2022-07-29 02:42:40,872] {processor.py:161} INFO - Processing /home/airflow/.local/lib/python3.7/site-packages/airflow/example_dags/example_sla_dag.py took 1.058 seconds
[2022-07-29 02:43:14,298] {processor.py:153} INFO - Started process (PID=3781) to work on /home/airflow/.local/lib/python3.7/site-packages/airflow/example_dags/example_sla_dag.py
[2022-07-29 02:43:14,299] {processor.py:641} INFO - Processing file /home/airflow/.local/lib/python3.7/site-packages/airflow/example_dags/example_sla_dag.py for tasks to queue
[2022-07-29 02:43:14,300] {logging_mixin.py:115} INFO - [2022-07-29 02:43:14,300] {dagbag.py:508} INFO - Filling up the DagBag from /home/airflow/.local/lib/python3.7/site-packages/airflow/example_dags/example_sla_dag.py
[2022-07-29 02:43:14,610] {processor.py:651} INFO - DAG(s) dict_keys(['example_sla_dag']) retrieved from /home/airflow/.local/lib/python3.7/site-packages/airflow/example_dags/example_sla_dag.py
[2022-07-29 02:43:14,643] {logging_mixin.py:115} INFO - [2022-07-29 02:43:14,642] {dag.py:2420} INFO - Sync 1 DAGs
[2022-07-29 02:43:14,715] {logging_mixin.py:115} INFO - [2022-07-29 02:43:14,715] {dag.py:2972} INFO - Setting next_dagrun for example_sla_dag to 2022-07-29T02:40:00+00:00, run_after=2022-07-29T02:42:00+00:00
[2022-07-29 02:43:14,748] {processor.py:161} INFO - Processing /home/airflow/.local/lib/python3.7/site-packages/airflow/example_dags/example_sla_dag.py took 0.466 seconds
[2022-07-29 02:43:45,231] {processor.py:153} INFO - Started process (PID=3854) to work on /home/airflow/.local/lib/python3.7/site-packages/airflow/example_dags/example_sla_dag.py
[2022-07-29 02:43:45,232] {processor.py:641} INFO - Processing file /home/airflow/.local/lib/python3.7/site-packages/airflow/example_dags/example_sla_dag.py for tasks to queue
[2022-07-29 02:43:45,233] {logging_mixin.py:115} INFO - [2022-07-29 02:43:45,233] {dagbag.py:508} INFO - Filling up the DagBag from /home/airflow/.local/lib/python3.7/site-packages/airflow/example_dags/example_sla_dag.py
[2022-07-29 02:43:45,488] {processor.py:651} INFO - DAG(s) dict_keys(['example_sla_dag']) retrieved from /home/airflow/.local/lib/python3.7/site-packages/airflow/example_dags/example_sla_dag.py
[2022-07-29 02:43:45,523] {logging_mixin.py:115} INFO - [2022-07-29 02:43:45,522] {dag.py:2420} INFO - Sync 1 DAGs
[2022-07-29 02:43:45,581] {logging_mixin.py:115} INFO - [2022-07-29 02:43:45,581] {dag.py:2972} INFO - Setting next_dagrun for example_sla_dag to 2022-07-29T02:40:00+00:00, run_after=2022-07-29T02:42:00+00:00
[2022-07-29 02:43:45,599] {processor.py:161} INFO - Processing /home/airflow/.local/lib/python3.7/site-packages/airflow/example_dags/example_sla_dag.py took 0.374 seconds
[2022-07-29 02:44:19,048] {processor.py:153} INFO - Started process (PID=3936) to work on /home/airflow/.local/lib/python3.7/site-packages/airflow/example_dags/example_sla_dag.py
[2022-07-29 02:44:19,053] {processor.py:641} INFO - Processing file /home/airflow/.local/lib/python3.7/site-packages/airflow/example_dags/example_sla_dag.py for tasks to queue
[2022-07-29 02:44:19,054] {logging_mixin.py:115} INFO - [2022-07-29 02:44:19,054] {dagbag.py:508} INFO - Filling up the DagBag from /home/airflow/.local/lib/python3.7/site-packages/airflow/example_dags/example_sla_dag.py
[2022-07-29 02:44:19,422] {processor.py:651} INFO - DAG(s) dict_keys(['example_sla_dag']) retrieved from /home/airflow/.local/lib/python3.7/site-packages/airflow/example_dags/example_sla_dag.py
[2022-07-29 02:44:19,452] {logging_mixin.py:115} INFO - [2022-07-29 02:44:19,452] {dag.py:2420} INFO - Sync 1 DAGs
[2022-07-29 02:44:19,493] {logging_mixin.py:115} INFO - [2022-07-29 02:44:19,493] {dag.py:2972} INFO - Setting next_dagrun for example_sla_dag to 2022-07-29T02:42:00+00:00, run_after=2022-07-29T02:44:00+00:00
[2022-07-29 02:44:19,516] {processor.py:161} INFO - Processing /home/airflow/.local/lib/python3.7/site-packages/airflow/example_dags/example_sla_dag.py took 0.474 seconds
[2022-07-29 02:44:50,421] {processor.py:153} INFO - Started process (PID=4010) to work on /home/airflow/.local/lib/python3.7/site-packages/airflow/example_dags/example_sla_dag.py
[2022-07-29 02:44:50,422] {processor.py:641} INFO - Processing file /home/airflow/.local/lib/python3.7/site-packages/airflow/example_dags/example_sla_dag.py for tasks to queue
[2022-07-29 02:44:50,428] {logging_mixin.py:115} INFO - [2022-07-29 02:44:50,428] {dagbag.py:508} INFO - Filling up the DagBag from /home/airflow/.local/lib/python3.7/site-packages/airflow/example_dags/example_sla_dag.py
[2022-07-29 02:44:50,968] {processor.py:651} INFO - DAG(s) dict_keys(['example_sla_dag']) retrieved from /home/airflow/.local/lib/python3.7/site-packages/airflow/example_dags/example_sla_dag.py
[2022-07-29 02:44:51,036] {logging_mixin.py:115} INFO - [2022-07-29 02:44:51,036] {dag.py:2420} INFO - Sync 1 DAGs
[2022-07-29 02:44:51,111] {logging_mixin.py:115} INFO - [2022-07-29 02:44:51,111] {dag.py:2972} INFO - Setting next_dagrun for example_sla_dag to 2022-07-29T02:42:00+00:00, run_after=2022-07-29T02:44:00+00:00
[2022-07-29 02:44:51,148] {processor.py:161} INFO - Processing /home/airflow/.local/lib/python3.7/site-packages/airflow/example_dags/example_sla_dag.py took 0.750 seconds
[2022-07-29 02:45:22,597] {processor.py:153} INFO - Started process (PID=4083) to work on /home/airflow/.local/lib/python3.7/site-packages/airflow/example_dags/example_sla_dag.py
[2022-07-29 02:45:22,598] {processor.py:641} INFO - Processing file /home/airflow/.local/lib/python3.7/site-packages/airflow/example_dags/example_sla_dag.py for tasks to queue
[2022-07-29 02:45:22,599] {logging_mixin.py:115} INFO - [2022-07-29 02:45:22,598] {dagbag.py:508} INFO - Filling up the DagBag from /home/airflow/.local/lib/python3.7/site-packages/airflow/example_dags/example_sla_dag.py
[2022-07-29 02:45:22,990] {processor.py:651} INFO - DAG(s) dict_keys(['example_sla_dag']) retrieved from /home/airflow/.local/lib/python3.7/site-packages/airflow/example_dags/example_sla_dag.py
[2022-07-29 02:45:23,040] {logging_mixin.py:115} INFO - [2022-07-29 02:45:23,040] {dag.py:2420} INFO - Sync 1 DAGs
[2022-07-29 02:45:23,080] {logging_mixin.py:115} INFO - [2022-07-29 02:45:23,080] {dag.py:2972} INFO - Setting next_dagrun for example_sla_dag to 2022-07-29T02:42:00+00:00, run_after=2022-07-29T02:44:00+00:00
[2022-07-29 02:45:23,097] {processor.py:161} INFO - Processing /home/airflow/.local/lib/python3.7/site-packages/airflow/example_dags/example_sla_dag.py took 0.507 seconds
[2022-07-29 02:45:55,463] {processor.py:153} INFO - Started process (PID=4165) to work on /home/airflow/.local/lib/python3.7/site-packages/airflow/example_dags/example_sla_dag.py
[2022-07-29 02:45:55,464] {processor.py:641} INFO - Processing file /home/airflow/.local/lib/python3.7/site-packages/airflow/example_dags/example_sla_dag.py for tasks to queue
[2022-07-29 02:45:55,465] {logging_mixin.py:115} INFO - [2022-07-29 02:45:55,465] {dagbag.py:508} INFO - Filling up the DagBag from /home/airflow/.local/lib/python3.7/site-packages/airflow/example_dags/example_sla_dag.py
[2022-07-29 02:45:55,736] {processor.py:651} INFO - DAG(s) dict_keys(['example_sla_dag']) retrieved from /home/airflow/.local/lib/python3.7/site-packages/airflow/example_dags/example_sla_dag.py
[2022-07-29 02:45:55,770] {logging_mixin.py:115} INFO - [2022-07-29 02:45:55,770] {dag.py:2420} INFO - Sync 1 DAGs
[2022-07-29 02:45:55,813] {logging_mixin.py:115} INFO - [2022-07-29 02:45:55,813] {dag.py:2972} INFO - Setting next_dagrun for example_sla_dag to 2022-07-29T02:42:00+00:00, run_after=2022-07-29T02:44:00+00:00
[2022-07-29 02:45:55,833] {processor.py:161} INFO - Processing /home/airflow/.local/lib/python3.7/site-packages/airflow/example_dags/example_sla_dag.py took 0.376 seconds
[2022-07-29 02:46:26,590] {processor.py:153} INFO - Started process (PID=4237) to work on /home/airflow/.local/lib/python3.7/site-packages/airflow/example_dags/example_sla_dag.py
[2022-07-29 02:46:26,591] {processor.py:641} INFO - Processing file /home/airflow/.local/lib/python3.7/site-packages/airflow/example_dags/example_sla_dag.py for tasks to queue
[2022-07-29 02:46:26,592] {logging_mixin.py:115} INFO - [2022-07-29 02:46:26,592] {dagbag.py:508} INFO - Filling up the DagBag from /home/airflow/.local/lib/python3.7/site-packages/airflow/example_dags/example_sla_dag.py
[2022-07-29 02:46:26,839] {processor.py:651} INFO - DAG(s) dict_keys(['example_sla_dag']) retrieved from /home/airflow/.local/lib/python3.7/site-packages/airflow/example_dags/example_sla_dag.py
[2022-07-29 02:46:26,872] {logging_mixin.py:115} INFO - [2022-07-29 02:46:26,872] {dag.py:2420} INFO - Sync 1 DAGs
[2022-07-29 02:46:26,914] {logging_mixin.py:115} INFO - [2022-07-29 02:46:26,914] {dag.py:2972} INFO - Setting next_dagrun for example_sla_dag to 2022-07-29T02:44:00+00:00, run_after=2022-07-29T02:46:00+00:00
[2022-07-29 02:46:26,931] {processor.py:161} INFO - Processing /home/airflow/.local/lib/python3.7/site-packages/airflow/example_dags/example_sla_dag.py took 0.347 seconds
[2022-07-29 02:46:57,689] {processor.py:153} INFO - Started process (PID=4309) to work on /home/airflow/.local/lib/python3.7/site-packages/airflow/example_dags/example_sla_dag.py
[2022-07-29 02:46:57,690] {processor.py:641} INFO - Processing file /home/airflow/.local/lib/python3.7/site-packages/airflow/example_dags/example_sla_dag.py for tasks to queue
[2022-07-29 02:46:57,691] {logging_mixin.py:115} INFO - [2022-07-29 02:46:57,690] {dagbag.py:508} INFO - Filling up the DagBag from /home/airflow/.local/lib/python3.7/site-packages/airflow/example_dags/example_sla_dag.py
[2022-07-29 02:46:57,972] {processor.py:651} INFO - DAG(s) dict_keys(['example_sla_dag']) retrieved from /home/airflow/.local/lib/python3.7/site-packages/airflow/example_dags/example_sla_dag.py
[2022-07-29 02:46:58,012] {logging_mixin.py:115} INFO - [2022-07-29 02:46:58,012] {dag.py:2420} INFO - Sync 1 DAGs
[2022-07-29 02:46:58,056] {logging_mixin.py:115} INFO - [2022-07-29 02:46:58,056] {dag.py:2972} INFO - Setting next_dagrun for example_sla_dag to 2022-07-29T02:44:00+00:00, run_after=2022-07-29T02:46:00+00:00
[2022-07-29 02:46:58,078] {processor.py:161} INFO - Processing /home/airflow/.local/lib/python3.7/site-packages/airflow/example_dags/example_sla_dag.py took 0.396 seconds
[2022-07-29 02:47:28,717] {processor.py:153} INFO - Started process (PID=4390) to work on /home/airflow/.local/lib/python3.7/site-packages/airflow/example_dags/example_sla_dag.py
[2022-07-29 02:47:28,718] {processor.py:641} INFO - Processing file /home/airflow/.local/lib/python3.7/site-packages/airflow/example_dags/example_sla_dag.py for tasks to queue
[2022-07-29 02:47:28,718] {logging_mixin.py:115} INFO - [2022-07-29 02:47:28,718] {dagbag.py:508} INFO - Filling up the DagBag from /home/airflow/.local/lib/python3.7/site-packages/airflow/example_dags/example_sla_dag.py
[2022-07-29 02:47:28,752] {processor.py:651} INFO - DAG(s) dict_keys(['example_sla_dag']) retrieved from /home/airflow/.local/lib/python3.7/site-packages/airflow/example_dags/example_sla_dag.py
[2022-07-29 02:47:28,801] {logging_mixin.py:115} INFO - [2022-07-29 02:47:28,801] {dag.py:2420} INFO - Sync 1 DAGs
[2022-07-29 02:47:28,850] {logging_mixin.py:115} INFO - [2022-07-29 02:47:28,850] {dag.py:2972} INFO - Setting next_dagrun for example_sla_dag to 2022-07-29T02:44:00+00:00, run_after=2022-07-29T02:46:00+00:00
[2022-07-29 02:47:28,870] {processor.py:161} INFO - Processing /home/airflow/.local/lib/python3.7/site-packages/airflow/example_dags/example_sla_dag.py took 0.160 seconds
[2022-07-29 02:47:59,038] {processor.py:153} INFO - Started process (PID=4463) to work on /home/airflow/.local/lib/python3.7/site-packages/airflow/example_dags/example_sla_dag.py
[2022-07-29 02:47:59,038] {processor.py:641} INFO - Processing file /home/airflow/.local/lib/python3.7/site-packages/airflow/example_dags/example_sla_dag.py for tasks to queue
[2022-07-29 02:47:59,039] {logging_mixin.py:115} INFO - [2022-07-29 02:47:59,039] {dagbag.py:508} INFO - Filling up the DagBag from /home/airflow/.local/lib/python3.7/site-packages/airflow/example_dags/example_sla_dag.py
[2022-07-29 02:47:59,073] {processor.py:651} INFO - DAG(s) dict_keys(['example_sla_dag']) retrieved from /home/airflow/.local/lib/python3.7/site-packages/airflow/example_dags/example_sla_dag.py
[2022-07-29 02:47:59,119] {logging_mixin.py:115} INFO - [2022-07-29 02:47:59,118] {dag.py:2420} INFO - Sync 1 DAGs
[2022-07-29 02:47:59,167] {logging_mixin.py:115} INFO - [2022-07-29 02:47:59,167] {dag.py:2972} INFO - Setting next_dagrun for example_sla_dag to 2022-07-29T02:44:00+00:00, run_after=2022-07-29T02:46:00+00:00
[2022-07-29 02:47:59,184] {processor.py:161} INFO - Processing /home/airflow/.local/lib/python3.7/site-packages/airflow/example_dags/example_sla_dag.py took 0.153 seconds
[2022-07-29 02:48:29,739] {processor.py:153} INFO - Started process (PID=4546) to work on /home/airflow/.local/lib/python3.7/site-packages/airflow/example_dags/example_sla_dag.py
[2022-07-29 02:48:29,740] {processor.py:641} INFO - Processing file /home/airflow/.local/lib/python3.7/site-packages/airflow/example_dags/example_sla_dag.py for tasks to queue
[2022-07-29 02:48:29,741] {logging_mixin.py:115} INFO - [2022-07-29 02:48:29,741] {dagbag.py:508} INFO - Filling up the DagBag from /home/airflow/.local/lib/python3.7/site-packages/airflow/example_dags/example_sla_dag.py
[2022-07-29 02:48:29,801] {processor.py:651} INFO - DAG(s) dict_keys(['example_sla_dag']) retrieved from /home/airflow/.local/lib/python3.7/site-packages/airflow/example_dags/example_sla_dag.py
[2022-07-29 02:48:29,896] {logging_mixin.py:115} INFO - [2022-07-29 02:48:29,896] {dag.py:2420} INFO - Sync 1 DAGs
[2022-07-29 02:48:30,001] {logging_mixin.py:115} INFO - [2022-07-29 02:48:30,001] {dag.py:2972} INFO - Setting next_dagrun for example_sla_dag to 2022-07-29T02:46:00+00:00, run_after=2022-07-29T02:48:00+00:00
[2022-07-29 02:48:30,056] {processor.py:161} INFO - Processing /home/airflow/.local/lib/python3.7/site-packages/airflow/example_dags/example_sla_dag.py took 0.339 seconds
[2022-07-29 02:49:00,584] {processor.py:153} INFO - Started process (PID=4619) to work on /home/airflow/.local/lib/python3.7/site-packages/airflow/example_dags/example_sla_dag.py
[2022-07-29 02:49:00,585] {processor.py:641} INFO - Processing file /home/airflow/.local/lib/python3.7/site-packages/airflow/example_dags/example_sla_dag.py for tasks to queue
[2022-07-29 02:49:00,586] {logging_mixin.py:115} INFO - [2022-07-29 02:49:00,586] {dagbag.py:508} INFO - Filling up the DagBag from /home/airflow/.local/lib/python3.7/site-packages/airflow/example_dags/example_sla_dag.py
[2022-07-29 02:49:00,619] {processor.py:651} INFO - DAG(s) dict_keys(['example_sla_dag']) retrieved from /home/airflow/.local/lib/python3.7/site-packages/airflow/example_dags/example_sla_dag.py
[2022-07-29 02:49:00,665] {logging_mixin.py:115} INFO - [2022-07-29 02:49:00,665] {dag.py:2420} INFO - Sync 1 DAGs
[2022-07-29 02:49:00,715] {logging_mixin.py:115} INFO - [2022-07-29 02:49:00,715] {dag.py:2972} INFO - Setting next_dagrun for example_sla_dag to 2022-07-29T02:46:00+00:00, run_after=2022-07-29T02:48:00+00:00
[2022-07-29 02:49:00,736] {processor.py:161} INFO - Processing /home/airflow/.local/lib/python3.7/site-packages/airflow/example_dags/example_sla_dag.py took 0.159 seconds
[2022-07-29 02:49:31,152] {processor.py:153} INFO - Started process (PID=4698) to work on /home/airflow/.local/lib/python3.7/site-packages/airflow/example_dags/example_sla_dag.py
[2022-07-29 02:49:31,156] {processor.py:641} INFO - Processing file /home/airflow/.local/lib/python3.7/site-packages/airflow/example_dags/example_sla_dag.py for tasks to queue
[2022-07-29 02:49:31,157] {logging_mixin.py:115} INFO - [2022-07-29 02:49:31,157] {dagbag.py:508} INFO - Filling up the DagBag from /home/airflow/.local/lib/python3.7/site-packages/airflow/example_dags/example_sla_dag.py
[2022-07-29 02:49:31,225] {processor.py:651} INFO - DAG(s) dict_keys(['example_sla_dag']) retrieved from /home/airflow/.local/lib/python3.7/site-packages/airflow/example_dags/example_sla_dag.py
[2022-07-29 02:49:31,304] {logging_mixin.py:115} INFO - [2022-07-29 02:49:31,304] {dag.py:2420} INFO - Sync 1 DAGs
[2022-07-29 02:49:31,400] {logging_mixin.py:115} INFO - [2022-07-29 02:49:31,400] {dag.py:2972} INFO - Setting next_dagrun for example_sla_dag to 2022-07-29T02:46:00+00:00, run_after=2022-07-29T02:48:00+00:00
[2022-07-29 02:49:31,432] {processor.py:161} INFO - Processing /home/airflow/.local/lib/python3.7/site-packages/airflow/example_dags/example_sla_dag.py took 0.294 seconds
[2022-07-29 02:50:01,703] {processor.py:153} INFO - Started process (PID=4770) to work on /home/airflow/.local/lib/python3.7/site-packages/airflow/example_dags/example_sla_dag.py
[2022-07-29 02:50:01,703] {processor.py:641} INFO - Processing file /home/airflow/.local/lib/python3.7/site-packages/airflow/example_dags/example_sla_dag.py for tasks to queue
[2022-07-29 02:50:01,704] {logging_mixin.py:115} INFO - [2022-07-29 02:50:01,704] {dagbag.py:508} INFO - Filling up the DagBag from /home/airflow/.local/lib/python3.7/site-packages/airflow/example_dags/example_sla_dag.py
[2022-07-29 02:50:01,727] {processor.py:651} INFO - DAG(s) dict_keys(['example_sla_dag']) retrieved from /home/airflow/.local/lib/python3.7/site-packages/airflow/example_dags/example_sla_dag.py
[2022-07-29 02:50:01,759] {logging_mixin.py:115} INFO - [2022-07-29 02:50:01,759] {dag.py:2420} INFO - Sync 1 DAGs
[2022-07-29 02:50:01,792] {logging_mixin.py:115} INFO - [2022-07-29 02:50:01,792] {dag.py:2972} INFO - Setting next_dagrun for example_sla_dag to 2022-07-29T02:48:00+00:00, run_after=2022-07-29T02:50:00+00:00
[2022-07-29 02:50:01,807] {processor.py:161} INFO - Processing /home/airflow/.local/lib/python3.7/site-packages/airflow/example_dags/example_sla_dag.py took 0.109 seconds
[2022-07-29 02:50:32,297] {processor.py:153} INFO - Started process (PID=4853) to work on /home/airflow/.local/lib/python3.7/site-packages/airflow/example_dags/example_sla_dag.py
[2022-07-29 02:50:32,298] {processor.py:641} INFO - Processing file /home/airflow/.local/lib/python3.7/site-packages/airflow/example_dags/example_sla_dag.py for tasks to queue
[2022-07-29 02:50:32,299] {logging_mixin.py:115} INFO - [2022-07-29 02:50:32,298] {dagbag.py:508} INFO - Filling up the DagBag from /home/airflow/.local/lib/python3.7/site-packages/airflow/example_dags/example_sla_dag.py
[2022-07-29 02:50:32,331] {processor.py:651} INFO - DAG(s) dict_keys(['example_sla_dag']) retrieved from /home/airflow/.local/lib/python3.7/site-packages/airflow/example_dags/example_sla_dag.py
[2022-07-29 02:50:32,378] {logging_mixin.py:115} INFO - [2022-07-29 02:50:32,378] {dag.py:2420} INFO - Sync 1 DAGs
[2022-07-29 02:50:32,428] {logging_mixin.py:115} INFO - [2022-07-29 02:50:32,428] {dag.py:2972} INFO - Setting next_dagrun for example_sla_dag to 2022-07-29T02:48:00+00:00, run_after=2022-07-29T02:50:00+00:00
[2022-07-29 02:50:32,447] {processor.py:161} INFO - Processing /home/airflow/.local/lib/python3.7/site-packages/airflow/example_dags/example_sla_dag.py took 0.157 seconds
[2022-07-29 02:51:02,703] {processor.py:153} INFO - Started process (PID=4924) to work on /home/airflow/.local/lib/python3.7/site-packages/airflow/example_dags/example_sla_dag.py
[2022-07-29 02:51:02,721] {processor.py:641} INFO - Processing file /home/airflow/.local/lib/python3.7/site-packages/airflow/example_dags/example_sla_dag.py for tasks to queue
[2022-07-29 02:51:02,722] {logging_mixin.py:115} INFO - [2022-07-29 02:51:02,721] {dagbag.py:508} INFO - Filling up the DagBag from /home/airflow/.local/lib/python3.7/site-packages/airflow/example_dags/example_sla_dag.py
[2022-07-29 02:51:02,776] {processor.py:651} INFO - DAG(s) dict_keys(['example_sla_dag']) retrieved from /home/airflow/.local/lib/python3.7/site-packages/airflow/example_dags/example_sla_dag.py
[2022-07-29 02:51:02,844] {logging_mixin.py:115} INFO - [2022-07-29 02:51:02,844] {dag.py:2420} INFO - Sync 1 DAGs
[2022-07-29 02:51:02,980] {logging_mixin.py:115} INFO - [2022-07-29 02:51:02,980] {dag.py:2972} INFO - Setting next_dagrun for example_sla_dag to 2022-07-29T02:48:00+00:00, run_after=2022-07-29T02:50:00+00:00
[2022-07-29 02:51:03,036] {processor.py:161} INFO - Processing /home/airflow/.local/lib/python3.7/site-packages/airflow/example_dags/example_sla_dag.py took 0.340 seconds
[2022-07-29 02:51:33,414] {processor.py:153} INFO - Started process (PID=5006) to work on /home/airflow/.local/lib/python3.7/site-packages/airflow/example_dags/example_sla_dag.py
[2022-07-29 02:51:33,415] {processor.py:641} INFO - Processing file /home/airflow/.local/lib/python3.7/site-packages/airflow/example_dags/example_sla_dag.py for tasks to queue
[2022-07-29 02:51:33,416] {logging_mixin.py:115} INFO - [2022-07-29 02:51:33,416] {dagbag.py:508} INFO - Filling up the DagBag from /home/airflow/.local/lib/python3.7/site-packages/airflow/example_dags/example_sla_dag.py
[2022-07-29 02:51:33,448] {processor.py:651} INFO - DAG(s) dict_keys(['example_sla_dag']) retrieved from /home/airflow/.local/lib/python3.7/site-packages/airflow/example_dags/example_sla_dag.py
[2022-07-29 02:51:33,494] {logging_mixin.py:115} INFO - [2022-07-29 02:51:33,494] {dag.py:2420} INFO - Sync 1 DAGs
[2022-07-29 02:51:33,549] {logging_mixin.py:115} INFO - [2022-07-29 02:51:33,549] {dag.py:2972} INFO - Setting next_dagrun for example_sla_dag to 2022-07-29T02:48:00+00:00, run_after=2022-07-29T02:50:00+00:00
[2022-07-29 02:51:33,580] {processor.py:161} INFO - Processing /home/airflow/.local/lib/python3.7/site-packages/airflow/example_dags/example_sla_dag.py took 0.172 seconds
[2022-07-29 02:52:04,832] {processor.py:153} INFO - Started process (PID=5079) to work on /home/airflow/.local/lib/python3.7/site-packages/airflow/example_dags/example_sla_dag.py
[2022-07-29 02:52:04,835] {processor.py:641} INFO - Processing file /home/airflow/.local/lib/python3.7/site-packages/airflow/example_dags/example_sla_dag.py for tasks to queue
[2022-07-29 02:52:04,835] {logging_mixin.py:115} INFO - [2022-07-29 02:52:04,835] {dagbag.py:508} INFO - Filling up the DagBag from /home/airflow/.local/lib/python3.7/site-packages/airflow/example_dags/example_sla_dag.py
[2022-07-29 02:52:04,895] {processor.py:651} INFO - DAG(s) dict_keys(['example_sla_dag']) retrieved from /home/airflow/.local/lib/python3.7/site-packages/airflow/example_dags/example_sla_dag.py
[2022-07-29 02:52:04,990] {logging_mixin.py:115} INFO - [2022-07-29 02:52:04,990] {dag.py:2420} INFO - Sync 1 DAGs
[2022-07-29 02:52:05,090] {logging_mixin.py:115} INFO - [2022-07-29 02:52:05,090] {dag.py:2972} INFO - Setting next_dagrun for example_sla_dag to 2022-07-29T02:50:00+00:00, run_after=2022-07-29T02:52:00+00:00
[2022-07-29 02:52:05,123] {processor.py:161} INFO - Processing /home/airflow/.local/lib/python3.7/site-packages/airflow/example_dags/example_sla_dag.py took 0.312 seconds
[2022-07-29 02:52:36,102] {processor.py:153} INFO - Started process (PID=5160) to work on /home/airflow/.local/lib/python3.7/site-packages/airflow/example_dags/example_sla_dag.py
[2022-07-29 02:52:36,103] {processor.py:641} INFO - Processing file /home/airflow/.local/lib/python3.7/site-packages/airflow/example_dags/example_sla_dag.py for tasks to queue
[2022-07-29 02:52:36,104] {logging_mixin.py:115} INFO - [2022-07-29 02:52:36,103] {dagbag.py:508} INFO - Filling up the DagBag from /home/airflow/.local/lib/python3.7/site-packages/airflow/example_dags/example_sla_dag.py
[2022-07-29 02:52:36,137] {processor.py:651} INFO - DAG(s) dict_keys(['example_sla_dag']) retrieved from /home/airflow/.local/lib/python3.7/site-packages/airflow/example_dags/example_sla_dag.py
[2022-07-29 02:52:36,183] {logging_mixin.py:115} INFO - [2022-07-29 02:52:36,183] {dag.py:2420} INFO - Sync 1 DAGs
[2022-07-29 02:52:36,232] {logging_mixin.py:115} INFO - [2022-07-29 02:52:36,232] {dag.py:2972} INFO - Setting next_dagrun for example_sla_dag to 2022-07-29T02:50:00+00:00, run_after=2022-07-29T02:52:00+00:00
[2022-07-29 02:52:36,252] {processor.py:161} INFO - Processing /home/airflow/.local/lib/python3.7/site-packages/airflow/example_dags/example_sla_dag.py took 0.158 seconds
[2022-07-29 02:53:06,445] {processor.py:153} INFO - Started process (PID=5233) to work on /home/airflow/.local/lib/python3.7/site-packages/airflow/example_dags/example_sla_dag.py
[2022-07-29 02:53:06,446] {processor.py:641} INFO - Processing file /home/airflow/.local/lib/python3.7/site-packages/airflow/example_dags/example_sla_dag.py for tasks to queue
[2022-07-29 02:53:06,446] {logging_mixin.py:115} INFO - [2022-07-29 02:53:06,446] {dagbag.py:508} INFO - Filling up the DagBag from /home/airflow/.local/lib/python3.7/site-packages/airflow/example_dags/example_sla_dag.py
[2022-07-29 02:53:06,515] {processor.py:651} INFO - DAG(s) dict_keys(['example_sla_dag']) retrieved from /home/airflow/.local/lib/python3.7/site-packages/airflow/example_dags/example_sla_dag.py
[2022-07-29 02:53:06,608] {logging_mixin.py:115} INFO - [2022-07-29 02:53:06,608] {dag.py:2420} INFO - Sync 1 DAGs
[2022-07-29 02:53:06,759] {logging_mixin.py:115} INFO - [2022-07-29 02:53:06,759] {dag.py:2972} INFO - Setting next_dagrun for example_sla_dag to 2022-07-29T02:50:00+00:00, run_after=2022-07-29T02:52:00+00:00
[2022-07-29 02:53:06,798] {processor.py:161} INFO - Processing /home/airflow/.local/lib/python3.7/site-packages/airflow/example_dags/example_sla_dag.py took 0.360 seconds
[2022-07-29 02:53:38,807] {processor.py:153} INFO - Started process (PID=5316) to work on /home/airflow/.local/lib/python3.7/site-packages/airflow/example_dags/example_sla_dag.py
[2022-07-29 02:53:38,808] {processor.py:641} INFO - Processing file /home/airflow/.local/lib/python3.7/site-packages/airflow/example_dags/example_sla_dag.py for tasks to queue
[2022-07-29 02:53:38,809] {logging_mixin.py:115} INFO - [2022-07-29 02:53:38,808] {dagbag.py:508} INFO - Filling up the DagBag from /home/airflow/.local/lib/python3.7/site-packages/airflow/example_dags/example_sla_dag.py
[2022-07-29 02:53:38,862] {processor.py:651} INFO - DAG(s) dict_keys(['example_sla_dag']) retrieved from /home/airflow/.local/lib/python3.7/site-packages/airflow/example_dags/example_sla_dag.py
[2022-07-29 02:53:38,924] {logging_mixin.py:115} INFO - [2022-07-29 02:53:38,924] {dag.py:2420} INFO - Sync 1 DAGs
[2022-07-29 02:53:38,995] {logging_mixin.py:115} INFO - [2022-07-29 02:53:38,995] {dag.py:2972} INFO - Setting next_dagrun for example_sla_dag to 2022-07-29T02:50:00+00:00, run_after=2022-07-29T02:52:00+00:00
[2022-07-29 02:53:39,014] {processor.py:161} INFO - Processing /home/airflow/.local/lib/python3.7/site-packages/airflow/example_dags/example_sla_dag.py took 0.222 seconds
[2022-07-29 02:54:09,893] {processor.py:153} INFO - Started process (PID=5389) to work on /home/airflow/.local/lib/python3.7/site-packages/airflow/example_dags/example_sla_dag.py
[2022-07-29 02:54:09,894] {processor.py:641} INFO - Processing file /home/airflow/.local/lib/python3.7/site-packages/airflow/example_dags/example_sla_dag.py for tasks to queue
[2022-07-29 02:54:09,895] {logging_mixin.py:115} INFO - [2022-07-29 02:54:09,895] {dagbag.py:508} INFO - Filling up the DagBag from /home/airflow/.local/lib/python3.7/site-packages/airflow/example_dags/example_sla_dag.py
[2022-07-29 02:54:09,934] {processor.py:651} INFO - DAG(s) dict_keys(['example_sla_dag']) retrieved from /home/airflow/.local/lib/python3.7/site-packages/airflow/example_dags/example_sla_dag.py
[2022-07-29 02:54:09,982] {logging_mixin.py:115} INFO - [2022-07-29 02:54:09,981] {dag.py:2420} INFO - Sync 1 DAGs
[2022-07-29 02:54:10,033] {logging_mixin.py:115} INFO - [2022-07-29 02:54:10,033] {dag.py:2972} INFO - Setting next_dagrun for example_sla_dag to 2022-07-29T02:52:00+00:00, run_after=2022-07-29T02:54:00+00:00
[2022-07-29 02:54:10,053] {processor.py:161} INFO - Processing /home/airflow/.local/lib/python3.7/site-packages/airflow/example_dags/example_sla_dag.py took 0.167 seconds
[2022-07-29 02:54:40,938] {processor.py:153} INFO - Started process (PID=5464) to work on /home/airflow/.local/lib/python3.7/site-packages/airflow/example_dags/example_sla_dag.py
[2022-07-29 02:54:40,939] {processor.py:641} INFO - Processing file /home/airflow/.local/lib/python3.7/site-packages/airflow/example_dags/example_sla_dag.py for tasks to queue
[2022-07-29 02:54:40,940] {logging_mixin.py:115} INFO - [2022-07-29 02:54:40,940] {dagbag.py:508} INFO - Filling up the DagBag from /home/airflow/.local/lib/python3.7/site-packages/airflow/example_dags/example_sla_dag.py
[2022-07-29 02:54:40,973] {processor.py:651} INFO - DAG(s) dict_keys(['example_sla_dag']) retrieved from /home/airflow/.local/lib/python3.7/site-packages/airflow/example_dags/example_sla_dag.py
[2022-07-29 02:54:41,018] {logging_mixin.py:115} INFO - [2022-07-29 02:54:41,017] {dag.py:2420} INFO - Sync 1 DAGs
[2022-07-29 02:54:41,067] {logging_mixin.py:115} INFO - [2022-07-29 02:54:41,067] {dag.py:2972} INFO - Setting next_dagrun for example_sla_dag to 2022-07-29T02:52:00+00:00, run_after=2022-07-29T02:54:00+00:00
[2022-07-29 02:54:41,102] {processor.py:161} INFO - Processing /home/airflow/.local/lib/python3.7/site-packages/airflow/example_dags/example_sla_dag.py took 0.170 seconds
[2022-07-29 02:55:15,480] {processor.py:153} INFO - Started process (PID=5545) to work on /home/airflow/.local/lib/python3.7/site-packages/airflow/example_dags/example_sla_dag.py
[2022-07-29 02:55:15,488] {processor.py:641} INFO - Processing file /home/airflow/.local/lib/python3.7/site-packages/airflow/example_dags/example_sla_dag.py for tasks to queue
[2022-07-29 02:55:15,489] {logging_mixin.py:115} INFO - [2022-07-29 02:55:15,489] {dagbag.py:508} INFO - Filling up the DagBag from /home/airflow/.local/lib/python3.7/site-packages/airflow/example_dags/example_sla_dag.py
[2022-07-29 02:55:15,546] {processor.py:651} INFO - DAG(s) dict_keys(['example_sla_dag']) retrieved from /home/airflow/.local/lib/python3.7/site-packages/airflow/example_dags/example_sla_dag.py
[2022-07-29 02:55:15,595] {logging_mixin.py:115} INFO - [2022-07-29 02:55:15,594] {dag.py:2420} INFO - Sync 1 DAGs
[2022-07-29 02:55:15,734] {logging_mixin.py:115} INFO - [2022-07-29 02:55:15,734] {dag.py:2972} INFO - Setting next_dagrun for example_sla_dag to 2022-07-29T02:52:00+00:00, run_after=2022-07-29T02:54:00+00:00
[2022-07-29 02:55:15,772] {processor.py:161} INFO - Processing /home/airflow/.local/lib/python3.7/site-packages/airflow/example_dags/example_sla_dag.py took 0.303 seconds
[2022-07-29 02:55:46,308] {processor.py:153} INFO - Started process (PID=5618) to work on /home/airflow/.local/lib/python3.7/site-packages/airflow/example_dags/example_sla_dag.py
[2022-07-29 02:55:46,309] {processor.py:641} INFO - Processing file /home/airflow/.local/lib/python3.7/site-packages/airflow/example_dags/example_sla_dag.py for tasks to queue
[2022-07-29 02:55:46,309] {logging_mixin.py:115} INFO - [2022-07-29 02:55:46,309] {dagbag.py:508} INFO - Filling up the DagBag from /home/airflow/.local/lib/python3.7/site-packages/airflow/example_dags/example_sla_dag.py
[2022-07-29 02:55:46,332] {processor.py:651} INFO - DAG(s) dict_keys(['example_sla_dag']) retrieved from /home/airflow/.local/lib/python3.7/site-packages/airflow/example_dags/example_sla_dag.py
[2022-07-29 02:55:46,365] {logging_mixin.py:115} INFO - [2022-07-29 02:55:46,364] {dag.py:2420} INFO - Sync 1 DAGs
[2022-07-29 02:55:46,397] {logging_mixin.py:115} INFO - [2022-07-29 02:55:46,397] {dag.py:2972} INFO - Setting next_dagrun for example_sla_dag to 2022-07-29T02:52:00+00:00, run_after=2022-07-29T02:54:00+00:00
[2022-07-29 02:55:46,415] {processor.py:161} INFO - Processing /home/airflow/.local/lib/python3.7/site-packages/airflow/example_dags/example_sla_dag.py took 0.112 seconds
[2022-07-29 02:56:17,483] {processor.py:153} INFO - Started process (PID=5691) to work on /home/airflow/.local/lib/python3.7/site-packages/airflow/example_dags/example_sla_dag.py
[2022-07-29 02:56:17,500] {processor.py:641} INFO - Processing file /home/airflow/.local/lib/python3.7/site-packages/airflow/example_dags/example_sla_dag.py for tasks to queue
[2022-07-29 02:56:17,501] {logging_mixin.py:115} INFO - [2022-07-29 02:56:17,501] {dagbag.py:508} INFO - Filling up the DagBag from /home/airflow/.local/lib/python3.7/site-packages/airflow/example_dags/example_sla_dag.py
[2022-07-29 02:56:17,705] {processor.py:651} INFO - DAG(s) dict_keys(['example_sla_dag']) retrieved from /home/airflow/.local/lib/python3.7/site-packages/airflow/example_dags/example_sla_dag.py
[2022-07-29 02:56:17,804] {logging_mixin.py:115} INFO - [2022-07-29 02:56:17,804] {dag.py:2420} INFO - Sync 1 DAGs
[2022-07-29 02:56:17,952] {logging_mixin.py:115} INFO - [2022-07-29 02:56:17,952] {dag.py:2972} INFO - Setting next_dagrun for example_sla_dag to 2022-07-29T02:54:00+00:00, run_after=2022-07-29T02:56:00+00:00
[2022-07-29 02:56:17,992] {processor.py:161} INFO - Processing /home/airflow/.local/lib/python3.7/site-packages/airflow/example_dags/example_sla_dag.py took 0.542 seconds
[2022-07-29 02:56:48,634] {processor.py:153} INFO - Started process (PID=5772) to work on /home/airflow/.local/lib/python3.7/site-packages/airflow/example_dags/example_sla_dag.py
[2022-07-29 02:56:48,635] {processor.py:641} INFO - Processing file /home/airflow/.local/lib/python3.7/site-packages/airflow/example_dags/example_sla_dag.py for tasks to queue
[2022-07-29 02:56:48,636] {logging_mixin.py:115} INFO - [2022-07-29 02:56:48,636] {dagbag.py:508} INFO - Filling up the DagBag from /home/airflow/.local/lib/python3.7/site-packages/airflow/example_dags/example_sla_dag.py
[2022-07-29 02:56:48,706] {processor.py:651} INFO - DAG(s) dict_keys(['example_sla_dag']) retrieved from /home/airflow/.local/lib/python3.7/site-packages/airflow/example_dags/example_sla_dag.py
[2022-07-29 02:56:48,790] {logging_mixin.py:115} INFO - [2022-07-29 02:56:48,790] {dag.py:2420} INFO - Sync 1 DAGs
[2022-07-29 02:56:48,878] {logging_mixin.py:115} INFO - [2022-07-29 02:56:48,878] {dag.py:2972} INFO - Setting next_dagrun for example_sla_dag to 2022-07-29T02:54:00+00:00, run_after=2022-07-29T02:56:00+00:00
[2022-07-29 02:56:48,927] {processor.py:161} INFO - Processing /home/airflow/.local/lib/python3.7/site-packages/airflow/example_dags/example_sla_dag.py took 0.316 seconds
[2022-07-29 02:57:19,454] {processor.py:153} INFO - Started process (PID=5845) to work on /home/airflow/.local/lib/python3.7/site-packages/airflow/example_dags/example_sla_dag.py
[2022-07-29 02:57:19,455] {processor.py:641} INFO - Processing file /home/airflow/.local/lib/python3.7/site-packages/airflow/example_dags/example_sla_dag.py for tasks to queue
[2022-07-29 02:57:19,456] {logging_mixin.py:115} INFO - [2022-07-29 02:57:19,456] {dagbag.py:508} INFO - Filling up the DagBag from /home/airflow/.local/lib/python3.7/site-packages/airflow/example_dags/example_sla_dag.py
[2022-07-29 02:57:19,492] {processor.py:651} INFO - DAG(s) dict_keys(['example_sla_dag']) retrieved from /home/airflow/.local/lib/python3.7/site-packages/airflow/example_dags/example_sla_dag.py
[2022-07-29 02:57:19,535] {logging_mixin.py:115} INFO - [2022-07-29 02:57:19,535] {dag.py:2420} INFO - Sync 1 DAGs
[2022-07-29 02:57:19,585] {logging_mixin.py:115} INFO - [2022-07-29 02:57:19,585] {dag.py:2972} INFO - Setting next_dagrun for example_sla_dag to 2022-07-29T02:54:00+00:00, run_after=2022-07-29T02:56:00+00:00
[2022-07-29 02:57:19,604] {processor.py:161} INFO - Processing /home/airflow/.local/lib/python3.7/site-packages/airflow/example_dags/example_sla_dag.py took 0.157 seconds
[2022-07-29 02:57:51,438] {processor.py:153} INFO - Started process (PID=5918) to work on /home/airflow/.local/lib/python3.7/site-packages/airflow/example_dags/example_sla_dag.py
[2022-07-29 02:57:51,439] {processor.py:641} INFO - Processing file /home/airflow/.local/lib/python3.7/site-packages/airflow/example_dags/example_sla_dag.py for tasks to queue
[2022-07-29 02:57:51,463] {logging_mixin.py:115} INFO - [2022-07-29 02:57:51,463] {dagbag.py:508} INFO - Filling up the DagBag from /home/airflow/.local/lib/python3.7/site-packages/airflow/example_dags/example_sla_dag.py
[2022-07-29 02:57:51,586] {processor.py:651} INFO - DAG(s) dict_keys(['example_sla_dag']) retrieved from /home/airflow/.local/lib/python3.7/site-packages/airflow/example_dags/example_sla_dag.py
[2022-07-29 02:57:51,684] {logging_mixin.py:115} INFO - [2022-07-29 02:57:51,684] {dag.py:2420} INFO - Sync 1 DAGs
[2022-07-29 02:57:51,842] {logging_mixin.py:115} INFO - [2022-07-29 02:57:51,842] {dag.py:2972} INFO - Setting next_dagrun for example_sla_dag to 2022-07-29T02:54:00+00:00, run_after=2022-07-29T02:56:00+00:00
[2022-07-29 02:57:51,892] {processor.py:161} INFO - Processing /home/airflow/.local/lib/python3.7/site-packages/airflow/example_dags/example_sla_dag.py took 0.476 seconds
