[2022-07-29 02:17:33,161] {processor.py:153} INFO - Started process (PID=105) to work on /home/airflow/.local/lib/python3.7/site-packages/airflow/example_dags/example_xcom.py
[2022-07-29 02:17:33,162] {processor.py:641} INFO - Processing file /home/airflow/.local/lib/python3.7/site-packages/airflow/example_dags/example_xcom.py for tasks to queue
[2022-07-29 02:17:33,163] {logging_mixin.py:115} INFO - [2022-07-29 02:17:33,163] {dagbag.py:508} INFO - Filling up the DagBag from /home/airflow/.local/lib/python3.7/site-packages/airflow/example_dags/example_xcom.py
[2022-07-29 02:17:33,207] {processor.py:651} INFO - DAG(s) dict_keys(['example_xcom']) retrieved from /home/airflow/.local/lib/python3.7/site-packages/airflow/example_dags/example_xcom.py
[2022-07-29 02:17:33,827] {logging_mixin.py:115} INFO - [2022-07-29 02:17:33,826] {dag.py:2420} INFO - Sync 1 DAGs
[2022-07-29 02:17:33,896] {logging_mixin.py:115} INFO - [2022-07-29 02:17:33,896] {dag.py:2972} INFO - Setting next_dagrun for example_xcom to 2021-01-01T00:00:00+00:00, run_after=2021-01-01T00:00:00+00:00
[2022-07-29 02:17:33,936] {processor.py:161} INFO - Processing /home/airflow/.local/lib/python3.7/site-packages/airflow/example_dags/example_xcom.py took 0.782 seconds
[2022-07-29 02:18:04,938] {processor.py:153} INFO - Started process (PID=178) to work on /home/airflow/.local/lib/python3.7/site-packages/airflow/example_dags/example_xcom.py
[2022-07-29 02:18:04,938] {processor.py:641} INFO - Processing file /home/airflow/.local/lib/python3.7/site-packages/airflow/example_dags/example_xcom.py for tasks to queue
[2022-07-29 02:18:04,939] {logging_mixin.py:115} INFO - [2022-07-29 02:18:04,939] {dagbag.py:508} INFO - Filling up the DagBag from /home/airflow/.local/lib/python3.7/site-packages/airflow/example_dags/example_xcom.py
[2022-07-29 02:18:05,021] {processor.py:651} INFO - DAG(s) dict_keys(['example_xcom']) retrieved from /home/airflow/.local/lib/python3.7/site-packages/airflow/example_dags/example_xcom.py
[2022-07-29 02:18:05,528] {logging_mixin.py:115} INFO - [2022-07-29 02:18:05,528] {dag.py:2420} INFO - Sync 1 DAGs
[2022-07-29 02:18:05,592] {logging_mixin.py:115} INFO - [2022-07-29 02:18:05,592] {dag.py:2972} INFO - Setting next_dagrun for example_xcom to 2021-01-01T00:00:00+00:00, run_after=2021-01-01T00:00:00+00:00
[2022-07-29 02:18:05,632] {processor.py:161} INFO - Processing /home/airflow/.local/lib/python3.7/site-packages/airflow/example_dags/example_xcom.py took 0.704 seconds
[2022-07-29 02:18:35,702] {processor.py:153} INFO - Started process (PID=250) to work on /home/airflow/.local/lib/python3.7/site-packages/airflow/example_dags/example_xcom.py
[2022-07-29 02:18:35,703] {processor.py:641} INFO - Processing file /home/airflow/.local/lib/python3.7/site-packages/airflow/example_dags/example_xcom.py for tasks to queue
[2022-07-29 02:18:35,704] {logging_mixin.py:115} INFO - [2022-07-29 02:18:35,704] {dagbag.py:508} INFO - Filling up the DagBag from /home/airflow/.local/lib/python3.7/site-packages/airflow/example_dags/example_xcom.py
[2022-07-29 02:18:35,732] {processor.py:651} INFO - DAG(s) dict_keys(['example_xcom']) retrieved from /home/airflow/.local/lib/python3.7/site-packages/airflow/example_dags/example_xcom.py
[2022-07-29 02:18:36,026] {logging_mixin.py:115} INFO - [2022-07-29 02:18:36,026] {dag.py:2420} INFO - Sync 1 DAGs
[2022-07-29 02:18:36,062] {logging_mixin.py:115} INFO - [2022-07-29 02:18:36,062] {dag.py:2972} INFO - Setting next_dagrun for example_xcom to 2021-01-01T00:00:00+00:00, run_after=2021-01-01T00:00:00+00:00
[2022-07-29 02:18:36,085] {processor.py:161} INFO - Processing /home/airflow/.local/lib/python3.7/site-packages/airflow/example_dags/example_xcom.py took 0.388 seconds
[2022-07-29 02:19:06,884] {processor.py:153} INFO - Started process (PID=333) to work on /home/airflow/.local/lib/python3.7/site-packages/airflow/example_dags/example_xcom.py
[2022-07-29 02:19:06,885] {processor.py:641} INFO - Processing file /home/airflow/.local/lib/python3.7/site-packages/airflow/example_dags/example_xcom.py for tasks to queue
[2022-07-29 02:19:06,885] {logging_mixin.py:115} INFO - [2022-07-29 02:19:06,885] {dagbag.py:508} INFO - Filling up the DagBag from /home/airflow/.local/lib/python3.7/site-packages/airflow/example_dags/example_xcom.py
[2022-07-29 02:19:06,939] {processor.py:651} INFO - DAG(s) dict_keys(['example_xcom']) retrieved from /home/airflow/.local/lib/python3.7/site-packages/airflow/example_dags/example_xcom.py
[2022-07-29 02:19:07,499] {logging_mixin.py:115} INFO - [2022-07-29 02:19:07,499] {dag.py:2420} INFO - Sync 1 DAGs
[2022-07-29 02:19:07,572] {logging_mixin.py:115} INFO - [2022-07-29 02:19:07,572] {dag.py:2972} INFO - Setting next_dagrun for example_xcom to 2021-01-01T00:00:00+00:00, run_after=2021-01-01T00:00:00+00:00
[2022-07-29 02:19:07,598] {processor.py:161} INFO - Processing /home/airflow/.local/lib/python3.7/site-packages/airflow/example_dags/example_xcom.py took 0.728 seconds
[2022-07-29 02:19:38,561] {processor.py:153} INFO - Started process (PID=407) to work on /home/airflow/.local/lib/python3.7/site-packages/airflow/example_dags/example_xcom.py
[2022-07-29 02:19:38,562] {processor.py:641} INFO - Processing file /home/airflow/.local/lib/python3.7/site-packages/airflow/example_dags/example_xcom.py for tasks to queue
[2022-07-29 02:19:38,563] {logging_mixin.py:115} INFO - [2022-07-29 02:19:38,563] {dagbag.py:508} INFO - Filling up the DagBag from /home/airflow/.local/lib/python3.7/site-packages/airflow/example_dags/example_xcom.py
[2022-07-29 02:19:38,609] {processor.py:651} INFO - DAG(s) dict_keys(['example_xcom']) retrieved from /home/airflow/.local/lib/python3.7/site-packages/airflow/example_dags/example_xcom.py
[2022-07-29 02:19:39,066] {logging_mixin.py:115} INFO - [2022-07-29 02:19:39,066] {dag.py:2420} INFO - Sync 1 DAGs
[2022-07-29 02:19:39,132] {logging_mixin.py:115} INFO - [2022-07-29 02:19:39,132] {dag.py:2972} INFO - Setting next_dagrun for example_xcom to 2021-01-01T00:00:00+00:00, run_after=2021-01-01T00:00:00+00:00
[2022-07-29 02:19:39,165] {processor.py:161} INFO - Processing /home/airflow/.local/lib/python3.7/site-packages/airflow/example_dags/example_xcom.py took 0.610 seconds
[2022-07-29 02:20:09,891] {processor.py:153} INFO - Started process (PID=487) to work on /home/airflow/.local/lib/python3.7/site-packages/airflow/example_dags/example_xcom.py
[2022-07-29 02:20:09,892] {processor.py:641} INFO - Processing file /home/airflow/.local/lib/python3.7/site-packages/airflow/example_dags/example_xcom.py for tasks to queue
[2022-07-29 02:20:09,893] {logging_mixin.py:115} INFO - [2022-07-29 02:20:09,893] {dagbag.py:508} INFO - Filling up the DagBag from /home/airflow/.local/lib/python3.7/site-packages/airflow/example_dags/example_xcom.py
[2022-07-29 02:20:09,958] {processor.py:651} INFO - DAG(s) dict_keys(['example_xcom']) retrieved from /home/airflow/.local/lib/python3.7/site-packages/airflow/example_dags/example_xcom.py
[2022-07-29 02:20:10,388] {logging_mixin.py:115} INFO - [2022-07-29 02:20:10,388] {dag.py:2420} INFO - Sync 1 DAGs
[2022-07-29 02:20:10,426] {logging_mixin.py:115} INFO - [2022-07-29 02:20:10,426] {dag.py:2972} INFO - Setting next_dagrun for example_xcom to 2021-01-01T00:00:00+00:00, run_after=2021-01-01T00:00:00+00:00
[2022-07-29 02:20:10,444] {processor.py:161} INFO - Processing /home/airflow/.local/lib/python3.7/site-packages/airflow/example_dags/example_xcom.py took 0.559 seconds
[2022-07-29 02:20:40,629] {processor.py:153} INFO - Started process (PID=562) to work on /home/airflow/.local/lib/python3.7/site-packages/airflow/example_dags/example_xcom.py
[2022-07-29 02:20:40,630] {processor.py:641} INFO - Processing file /home/airflow/.local/lib/python3.7/site-packages/airflow/example_dags/example_xcom.py for tasks to queue
[2022-07-29 02:20:40,631] {logging_mixin.py:115} INFO - [2022-07-29 02:20:40,631] {dagbag.py:508} INFO - Filling up the DagBag from /home/airflow/.local/lib/python3.7/site-packages/airflow/example_dags/example_xcom.py
[2022-07-29 02:20:40,670] {processor.py:651} INFO - DAG(s) dict_keys(['example_xcom']) retrieved from /home/airflow/.local/lib/python3.7/site-packages/airflow/example_dags/example_xcom.py
[2022-07-29 02:20:40,948] {logging_mixin.py:115} INFO - [2022-07-29 02:20:40,948] {dag.py:2420} INFO - Sync 1 DAGs
[2022-07-29 02:20:40,986] {logging_mixin.py:115} INFO - [2022-07-29 02:20:40,986] {dag.py:2972} INFO - Setting next_dagrun for example_xcom to 2021-01-01T00:00:00+00:00, run_after=2021-01-01T00:00:00+00:00
[2022-07-29 02:20:41,004] {processor.py:161} INFO - Processing /home/airflow/.local/lib/python3.7/site-packages/airflow/example_dags/example_xcom.py took 0.382 seconds
[2022-07-29 02:21:13,163] {processor.py:153} INFO - Started process (PID=636) to work on /home/airflow/.local/lib/python3.7/site-packages/airflow/example_dags/example_xcom.py
[2022-07-29 02:21:13,164] {processor.py:641} INFO - Processing file /home/airflow/.local/lib/python3.7/site-packages/airflow/example_dags/example_xcom.py for tasks to queue
[2022-07-29 02:21:13,165] {logging_mixin.py:115} INFO - [2022-07-29 02:21:13,165] {dagbag.py:508} INFO - Filling up the DagBag from /home/airflow/.local/lib/python3.7/site-packages/airflow/example_dags/example_xcom.py
[2022-07-29 02:21:13,206] {processor.py:651} INFO - DAG(s) dict_keys(['example_xcom']) retrieved from /home/airflow/.local/lib/python3.7/site-packages/airflow/example_dags/example_xcom.py
[2022-07-29 02:21:13,456] {logging_mixin.py:115} INFO - [2022-07-29 02:21:13,456] {dag.py:2420} INFO - Sync 1 DAGs
[2022-07-29 02:21:13,495] {logging_mixin.py:115} INFO - [2022-07-29 02:21:13,495] {dag.py:2972} INFO - Setting next_dagrun for example_xcom to 2021-01-01T00:00:00+00:00, run_after=2021-01-01T00:00:00+00:00
[2022-07-29 02:21:13,513] {processor.py:161} INFO - Processing /home/airflow/.local/lib/python3.7/site-packages/airflow/example_dags/example_xcom.py took 0.357 seconds
[2022-07-29 02:21:45,413] {processor.py:153} INFO - Started process (PID=717) to work on /home/airflow/.local/lib/python3.7/site-packages/airflow/example_dags/example_xcom.py
[2022-07-29 02:21:45,414] {processor.py:641} INFO - Processing file /home/airflow/.local/lib/python3.7/site-packages/airflow/example_dags/example_xcom.py for tasks to queue
[2022-07-29 02:21:45,415] {logging_mixin.py:115} INFO - [2022-07-29 02:21:45,415] {dagbag.py:508} INFO - Filling up the DagBag from /home/airflow/.local/lib/python3.7/site-packages/airflow/example_dags/example_xcom.py
[2022-07-29 02:21:45,456] {processor.py:651} INFO - DAG(s) dict_keys(['example_xcom']) retrieved from /home/airflow/.local/lib/python3.7/site-packages/airflow/example_dags/example_xcom.py
[2022-07-29 02:21:45,725] {logging_mixin.py:115} INFO - [2022-07-29 02:21:45,725] {dag.py:2420} INFO - Sync 1 DAGs
[2022-07-29 02:21:45,759] {logging_mixin.py:115} INFO - [2022-07-29 02:21:45,758] {dag.py:2972} INFO - Setting next_dagrun for example_xcom to 2021-01-01T00:00:00+00:00, run_after=2021-01-01T00:00:00+00:00
[2022-07-29 02:21:45,777] {processor.py:161} INFO - Processing /home/airflow/.local/lib/python3.7/site-packages/airflow/example_dags/example_xcom.py took 0.383 seconds
[2022-07-29 02:22:17,286] {processor.py:153} INFO - Started process (PID=791) to work on /home/airflow/.local/lib/python3.7/site-packages/airflow/example_dags/example_xcom.py
[2022-07-29 02:22:17,287] {processor.py:641} INFO - Processing file /home/airflow/.local/lib/python3.7/site-packages/airflow/example_dags/example_xcom.py for tasks to queue
[2022-07-29 02:22:17,288] {logging_mixin.py:115} INFO - [2022-07-29 02:22:17,288] {dagbag.py:508} INFO - Filling up the DagBag from /home/airflow/.local/lib/python3.7/site-packages/airflow/example_dags/example_xcom.py
[2022-07-29 02:22:17,337] {processor.py:651} INFO - DAG(s) dict_keys(['example_xcom']) retrieved from /home/airflow/.local/lib/python3.7/site-packages/airflow/example_dags/example_xcom.py
[2022-07-29 02:22:17,693] {logging_mixin.py:115} INFO - [2022-07-29 02:22:17,693] {dag.py:2420} INFO - Sync 1 DAGs
[2022-07-29 02:22:17,729] {logging_mixin.py:115} INFO - [2022-07-29 02:22:17,728] {dag.py:2972} INFO - Setting next_dagrun for example_xcom to 2021-01-01T00:00:00+00:00, run_after=2021-01-01T00:00:00+00:00
[2022-07-29 02:22:17,759] {processor.py:161} INFO - Processing /home/airflow/.local/lib/python3.7/site-packages/airflow/example_dags/example_xcom.py took 0.480 seconds
[2022-07-29 02:22:53,660] {processor.py:153} INFO - Started process (PID=873) to work on /home/airflow/.local/lib/python3.7/site-packages/airflow/example_dags/example_xcom.py
[2022-07-29 02:22:53,661] {processor.py:641} INFO - Processing file /home/airflow/.local/lib/python3.7/site-packages/airflow/example_dags/example_xcom.py for tasks to queue
[2022-07-29 02:22:53,662] {logging_mixin.py:115} INFO - [2022-07-29 02:22:53,662] {dagbag.py:508} INFO - Filling up the DagBag from /home/airflow/.local/lib/python3.7/site-packages/airflow/example_dags/example_xcom.py
[2022-07-29 02:22:53,701] {processor.py:651} INFO - DAG(s) dict_keys(['example_xcom']) retrieved from /home/airflow/.local/lib/python3.7/site-packages/airflow/example_dags/example_xcom.py
[2022-07-29 02:22:54,053] {logging_mixin.py:115} INFO - [2022-07-29 02:22:54,053] {dag.py:2420} INFO - Sync 1 DAGs
[2022-07-29 02:22:54,086] {logging_mixin.py:115} INFO - [2022-07-29 02:22:54,086] {dag.py:2972} INFO - Setting next_dagrun for example_xcom to 2021-01-01T00:00:00+00:00, run_after=2021-01-01T00:00:00+00:00
[2022-07-29 02:22:54,111] {processor.py:161} INFO - Processing /home/airflow/.local/lib/python3.7/site-packages/airflow/example_dags/example_xcom.py took 0.457 seconds
[2022-07-29 02:23:24,684] {processor.py:153} INFO - Started process (PID=946) to work on /home/airflow/.local/lib/python3.7/site-packages/airflow/example_dags/example_xcom.py
[2022-07-29 02:23:24,685] {processor.py:641} INFO - Processing file /home/airflow/.local/lib/python3.7/site-packages/airflow/example_dags/example_xcom.py for tasks to queue
[2022-07-29 02:23:24,685] {logging_mixin.py:115} INFO - [2022-07-29 02:23:24,685] {dagbag.py:508} INFO - Filling up the DagBag from /home/airflow/.local/lib/python3.7/site-packages/airflow/example_dags/example_xcom.py
[2022-07-29 02:23:24,725] {processor.py:651} INFO - DAG(s) dict_keys(['example_xcom']) retrieved from /home/airflow/.local/lib/python3.7/site-packages/airflow/example_dags/example_xcom.py
[2022-07-29 02:23:25,055] {logging_mixin.py:115} INFO - [2022-07-29 02:23:25,055] {dag.py:2420} INFO - Sync 1 DAGs
[2022-07-29 02:23:25,088] {logging_mixin.py:115} INFO - [2022-07-29 02:23:25,088] {dag.py:2972} INFO - Setting next_dagrun for example_xcom to 2021-01-01T00:00:00+00:00, run_after=2021-01-01T00:00:00+00:00
[2022-07-29 02:23:25,113] {processor.py:161} INFO - Processing /home/airflow/.local/lib/python3.7/site-packages/airflow/example_dags/example_xcom.py took 0.435 seconds
[2022-07-29 02:23:58,190] {processor.py:153} INFO - Started process (PID=1028) to work on /home/airflow/.local/lib/python3.7/site-packages/airflow/example_dags/example_xcom.py
[2022-07-29 02:23:58,190] {processor.py:641} INFO - Processing file /home/airflow/.local/lib/python3.7/site-packages/airflow/example_dags/example_xcom.py for tasks to queue
[2022-07-29 02:23:58,191] {logging_mixin.py:115} INFO - [2022-07-29 02:23:58,191] {dagbag.py:508} INFO - Filling up the DagBag from /home/airflow/.local/lib/python3.7/site-packages/airflow/example_dags/example_xcom.py
[2022-07-29 02:23:58,228] {processor.py:651} INFO - DAG(s) dict_keys(['example_xcom']) retrieved from /home/airflow/.local/lib/python3.7/site-packages/airflow/example_dags/example_xcom.py
[2022-07-29 02:23:58,616] {logging_mixin.py:115} INFO - [2022-07-29 02:23:58,616] {dag.py:2420} INFO - Sync 1 DAGs
[2022-07-29 02:23:58,689] {logging_mixin.py:115} INFO - [2022-07-29 02:23:58,688] {dag.py:2972} INFO - Setting next_dagrun for example_xcom to 2021-01-01T00:00:00+00:00, run_after=2021-01-01T00:00:00+00:00
[2022-07-29 02:23:58,740] {processor.py:161} INFO - Processing /home/airflow/.local/lib/python3.7/site-packages/airflow/example_dags/example_xcom.py took 0.557 seconds
[2022-07-29 02:24:29,663] {processor.py:153} INFO - Started process (PID=1101) to work on /home/airflow/.local/lib/python3.7/site-packages/airflow/example_dags/example_xcom.py
[2022-07-29 02:24:29,664] {processor.py:641} INFO - Processing file /home/airflow/.local/lib/python3.7/site-packages/airflow/example_dags/example_xcom.py for tasks to queue
[2022-07-29 02:24:29,665] {logging_mixin.py:115} INFO - [2022-07-29 02:24:29,665] {dagbag.py:508} INFO - Filling up the DagBag from /home/airflow/.local/lib/python3.7/site-packages/airflow/example_dags/example_xcom.py
[2022-07-29 02:24:29,704] {processor.py:651} INFO - DAG(s) dict_keys(['example_xcom']) retrieved from /home/airflow/.local/lib/python3.7/site-packages/airflow/example_dags/example_xcom.py
[2022-07-29 02:24:30,215] {logging_mixin.py:115} INFO - [2022-07-29 02:24:30,214] {dag.py:2420} INFO - Sync 1 DAGs
[2022-07-29 02:24:30,256] {logging_mixin.py:115} INFO - [2022-07-29 02:24:30,255] {dag.py:2972} INFO - Setting next_dagrun for example_xcom to 2021-01-01T00:00:00+00:00, run_after=2021-01-01T00:00:00+00:00
[2022-07-29 02:24:30,290] {processor.py:161} INFO - Processing /home/airflow/.local/lib/python3.7/site-packages/airflow/example_dags/example_xcom.py took 0.633 seconds
[2022-07-29 02:25:01,473] {processor.py:153} INFO - Started process (PID=1182) to work on /home/airflow/.local/lib/python3.7/site-packages/airflow/example_dags/example_xcom.py
[2022-07-29 02:25:01,484] {processor.py:641} INFO - Processing file /home/airflow/.local/lib/python3.7/site-packages/airflow/example_dags/example_xcom.py for tasks to queue
[2022-07-29 02:25:01,485] {logging_mixin.py:115} INFO - [2022-07-29 02:25:01,485] {dagbag.py:508} INFO - Filling up the DagBag from /home/airflow/.local/lib/python3.7/site-packages/airflow/example_dags/example_xcom.py
[2022-07-29 02:25:01,530] {processor.py:651} INFO - DAG(s) dict_keys(['example_xcom']) retrieved from /home/airflow/.local/lib/python3.7/site-packages/airflow/example_dags/example_xcom.py
[2022-07-29 02:25:01,939] {logging_mixin.py:115} INFO - [2022-07-29 02:25:01,939] {dag.py:2420} INFO - Sync 1 DAGs
[2022-07-29 02:25:01,975] {logging_mixin.py:115} INFO - [2022-07-29 02:25:01,974] {dag.py:2972} INFO - Setting next_dagrun for example_xcom to 2021-01-01T00:00:00+00:00, run_after=2021-01-01T00:00:00+00:00
[2022-07-29 02:25:02,010] {processor.py:161} INFO - Processing /home/airflow/.local/lib/python3.7/site-packages/airflow/example_dags/example_xcom.py took 0.551 seconds
[2022-07-29 02:25:34,982] {processor.py:153} INFO - Started process (PID=1255) to work on /home/airflow/.local/lib/python3.7/site-packages/airflow/example_dags/example_xcom.py
[2022-07-29 02:25:34,983] {processor.py:641} INFO - Processing file /home/airflow/.local/lib/python3.7/site-packages/airflow/example_dags/example_xcom.py for tasks to queue
[2022-07-29 02:25:34,984] {logging_mixin.py:115} INFO - [2022-07-29 02:25:34,984] {dagbag.py:508} INFO - Filling up the DagBag from /home/airflow/.local/lib/python3.7/site-packages/airflow/example_dags/example_xcom.py
[2022-07-29 02:25:35,022] {processor.py:651} INFO - DAG(s) dict_keys(['example_xcom']) retrieved from /home/airflow/.local/lib/python3.7/site-packages/airflow/example_dags/example_xcom.py
[2022-07-29 02:25:35,744] {logging_mixin.py:115} INFO - [2022-07-29 02:25:35,744] {dag.py:2420} INFO - Sync 1 DAGs
[2022-07-29 02:25:35,806] {logging_mixin.py:115} INFO - [2022-07-29 02:25:35,806] {dag.py:2972} INFO - Setting next_dagrun for example_xcom to 2021-01-01T00:00:00+00:00, run_after=2021-01-01T00:00:00+00:00
[2022-07-29 02:25:35,846] {processor.py:161} INFO - Processing /home/airflow/.local/lib/python3.7/site-packages/airflow/example_dags/example_xcom.py took 0.891 seconds
[2022-07-29 02:26:06,084] {processor.py:153} INFO - Started process (PID=1328) to work on /home/airflow/.local/lib/python3.7/site-packages/airflow/example_dags/example_xcom.py
[2022-07-29 02:26:06,088] {processor.py:641} INFO - Processing file /home/airflow/.local/lib/python3.7/site-packages/airflow/example_dags/example_xcom.py for tasks to queue
[2022-07-29 02:26:06,089] {logging_mixin.py:115} INFO - [2022-07-29 02:26:06,089] {dagbag.py:508} INFO - Filling up the DagBag from /home/airflow/.local/lib/python3.7/site-packages/airflow/example_dags/example_xcom.py
[2022-07-29 02:26:06,158] {processor.py:651} INFO - DAG(s) dict_keys(['example_xcom']) retrieved from /home/airflow/.local/lib/python3.7/site-packages/airflow/example_dags/example_xcom.py
[2022-07-29 02:26:06,696] {logging_mixin.py:115} INFO - [2022-07-29 02:26:06,696] {dag.py:2420} INFO - Sync 1 DAGs
[2022-07-29 02:26:06,744] {logging_mixin.py:115} INFO - [2022-07-29 02:26:06,744] {dag.py:2972} INFO - Setting next_dagrun for example_xcom to 2021-01-01T00:00:00+00:00, run_after=2021-01-01T00:00:00+00:00
[2022-07-29 02:26:06,776] {processor.py:161} INFO - Processing /home/airflow/.local/lib/python3.7/site-packages/airflow/example_dags/example_xcom.py took 0.709 seconds
[2022-07-29 02:26:38,304] {processor.py:153} INFO - Started process (PID=1410) to work on /home/airflow/.local/lib/python3.7/site-packages/airflow/example_dags/example_xcom.py
[2022-07-29 02:26:38,312] {processor.py:641} INFO - Processing file /home/airflow/.local/lib/python3.7/site-packages/airflow/example_dags/example_xcom.py for tasks to queue
[2022-07-29 02:26:38,313] {logging_mixin.py:115} INFO - [2022-07-29 02:26:38,313] {dagbag.py:508} INFO - Filling up the DagBag from /home/airflow/.local/lib/python3.7/site-packages/airflow/example_dags/example_xcom.py
[2022-07-29 02:26:38,393] {processor.py:651} INFO - DAG(s) dict_keys(['example_xcom']) retrieved from /home/airflow/.local/lib/python3.7/site-packages/airflow/example_dags/example_xcom.py
[2022-07-29 02:26:38,996] {logging_mixin.py:115} INFO - [2022-07-29 02:26:38,996] {dag.py:2420} INFO - Sync 1 DAGs
[2022-07-29 02:26:39,077] {logging_mixin.py:115} INFO - [2022-07-29 02:26:39,077] {dag.py:2972} INFO - Setting next_dagrun for example_xcom to 2021-01-01T00:00:00+00:00, run_after=2021-01-01T00:00:00+00:00
[2022-07-29 02:26:39,122] {processor.py:161} INFO - Processing /home/airflow/.local/lib/python3.7/site-packages/airflow/example_dags/example_xcom.py took 0.836 seconds
[2022-07-29 02:27:11,480] {processor.py:153} INFO - Started process (PID=1483) to work on /home/airflow/.local/lib/python3.7/site-packages/airflow/example_dags/example_xcom.py
[2022-07-29 02:27:11,481] {processor.py:641} INFO - Processing file /home/airflow/.local/lib/python3.7/site-packages/airflow/example_dags/example_xcom.py for tasks to queue
[2022-07-29 02:27:11,481] {logging_mixin.py:115} INFO - [2022-07-29 02:27:11,481] {dagbag.py:508} INFO - Filling up the DagBag from /home/airflow/.local/lib/python3.7/site-packages/airflow/example_dags/example_xcom.py
[2022-07-29 02:27:11,815] {processor.py:651} INFO - DAG(s) dict_keys(['example_xcom']) retrieved from /home/airflow/.local/lib/python3.7/site-packages/airflow/example_dags/example_xcom.py
[2022-07-29 02:27:11,930] {logging_mixin.py:115} INFO - [2022-07-29 02:27:11,929] {dag.py:2420} INFO - Sync 1 DAGs
[2022-07-29 02:27:11,964] {logging_mixin.py:115} INFO - [2022-07-29 02:27:11,963] {dag.py:2972} INFO - Setting next_dagrun for example_xcom to 2021-01-01T00:00:00+00:00, run_after=2021-01-01T00:00:00+00:00
[2022-07-29 02:27:11,996] {processor.py:161} INFO - Processing /home/airflow/.local/lib/python3.7/site-packages/airflow/example_dags/example_xcom.py took 0.524 seconds
[2022-07-29 02:27:43,176] {processor.py:153} INFO - Started process (PID=1565) to work on /home/airflow/.local/lib/python3.7/site-packages/airflow/example_dags/example_xcom.py
[2022-07-29 02:27:43,177] {processor.py:641} INFO - Processing file /home/airflow/.local/lib/python3.7/site-packages/airflow/example_dags/example_xcom.py for tasks to queue
[2022-07-29 02:27:43,178] {logging_mixin.py:115} INFO - [2022-07-29 02:27:43,178] {dagbag.py:508} INFO - Filling up the DagBag from /home/airflow/.local/lib/python3.7/site-packages/airflow/example_dags/example_xcom.py
[2022-07-29 02:27:43,898] {processor.py:651} INFO - DAG(s) dict_keys(['example_xcom']) retrieved from /home/airflow/.local/lib/python3.7/site-packages/airflow/example_dags/example_xcom.py
[2022-07-29 02:27:44,228] {logging_mixin.py:115} INFO - [2022-07-29 02:27:44,228] {dag.py:2420} INFO - Sync 1 DAGs
[2022-07-29 02:27:44,348] {logging_mixin.py:115} INFO - [2022-07-29 02:27:44,348] {dag.py:2972} INFO - Setting next_dagrun for example_xcom to 2021-01-01T00:00:00+00:00, run_after=2021-01-01T00:00:00+00:00
[2022-07-29 02:27:44,408] {processor.py:161} INFO - Processing /home/airflow/.local/lib/python3.7/site-packages/airflow/example_dags/example_xcom.py took 1.249 seconds
[2022-07-29 02:28:16,810] {processor.py:153} INFO - Started process (PID=1638) to work on /home/airflow/.local/lib/python3.7/site-packages/airflow/example_dags/example_xcom.py
[2022-07-29 02:28:16,811] {processor.py:641} INFO - Processing file /home/airflow/.local/lib/python3.7/site-packages/airflow/example_dags/example_xcom.py for tasks to queue
[2022-07-29 02:28:16,812] {logging_mixin.py:115} INFO - [2022-07-29 02:28:16,812] {dagbag.py:508} INFO - Filling up the DagBag from /home/airflow/.local/lib/python3.7/site-packages/airflow/example_dags/example_xcom.py
[2022-07-29 02:28:17,149] {processor.py:651} INFO - DAG(s) dict_keys(['example_xcom']) retrieved from /home/airflow/.local/lib/python3.7/site-packages/airflow/example_dags/example_xcom.py
[2022-07-29 02:28:17,189] {logging_mixin.py:115} INFO - [2022-07-29 02:28:17,188] {dag.py:2420} INFO - Sync 1 DAGs
[2022-07-29 02:28:17,231] {logging_mixin.py:115} INFO - [2022-07-29 02:28:17,231] {dag.py:2972} INFO - Setting next_dagrun for example_xcom to 2021-01-01T00:00:00+00:00, run_after=2021-01-01T00:00:00+00:00
[2022-07-29 02:28:17,254] {processor.py:161} INFO - Processing /home/airflow/.local/lib/python3.7/site-packages/airflow/example_dags/example_xcom.py took 0.455 seconds
[2022-07-29 02:28:47,729] {processor.py:153} INFO - Started process (PID=1720) to work on /home/airflow/.local/lib/python3.7/site-packages/airflow/example_dags/example_xcom.py
[2022-07-29 02:28:47,730] {processor.py:641} INFO - Processing file /home/airflow/.local/lib/python3.7/site-packages/airflow/example_dags/example_xcom.py for tasks to queue
[2022-07-29 02:28:47,731] {logging_mixin.py:115} INFO - [2022-07-29 02:28:47,731] {dagbag.py:508} INFO - Filling up the DagBag from /home/airflow/.local/lib/python3.7/site-packages/airflow/example_dags/example_xcom.py
[2022-07-29 02:28:47,995] {processor.py:651} INFO - DAG(s) dict_keys(['example_xcom']) retrieved from /home/airflow/.local/lib/python3.7/site-packages/airflow/example_dags/example_xcom.py
[2022-07-29 02:28:48,107] {logging_mixin.py:115} INFO - [2022-07-29 02:28:48,107] {dag.py:2420} INFO - Sync 1 DAGs
[2022-07-29 02:28:48,144] {logging_mixin.py:115} INFO - [2022-07-29 02:28:48,144] {dag.py:2972} INFO - Setting next_dagrun for example_xcom to 2021-01-01T00:00:00+00:00, run_after=2021-01-01T00:00:00+00:00
[2022-07-29 02:28:48,170] {processor.py:161} INFO - Processing /home/airflow/.local/lib/python3.7/site-packages/airflow/example_dags/example_xcom.py took 0.447 seconds
[2022-07-29 02:29:19,296] {processor.py:153} INFO - Started process (PID=1794) to work on /home/airflow/.local/lib/python3.7/site-packages/airflow/example_dags/example_xcom.py
[2022-07-29 02:29:19,300] {processor.py:641} INFO - Processing file /home/airflow/.local/lib/python3.7/site-packages/airflow/example_dags/example_xcom.py for tasks to queue
[2022-07-29 02:29:19,301] {logging_mixin.py:115} INFO - [2022-07-29 02:29:19,301] {dagbag.py:508} INFO - Filling up the DagBag from /home/airflow/.local/lib/python3.7/site-packages/airflow/example_dags/example_xcom.py
[2022-07-29 02:29:20,119] {processor.py:651} INFO - DAG(s) dict_keys(['example_xcom']) retrieved from /home/airflow/.local/lib/python3.7/site-packages/airflow/example_dags/example_xcom.py
[2022-07-29 02:29:20,484] {logging_mixin.py:115} INFO - [2022-07-29 02:29:20,484] {dag.py:2420} INFO - Sync 1 DAGs
[2022-07-29 02:29:20,665] {logging_mixin.py:115} INFO - [2022-07-29 02:29:20,664] {dag.py:2972} INFO - Setting next_dagrun for example_xcom to 2021-01-01T00:00:00+00:00, run_after=2021-01-01T00:00:00+00:00
[2022-07-29 02:29:20,752] {processor.py:161} INFO - Processing /home/airflow/.local/lib/python3.7/site-packages/airflow/example_dags/example_xcom.py took 1.483 seconds
[2022-07-29 02:29:53,815] {processor.py:153} INFO - Started process (PID=1876) to work on /home/airflow/.local/lib/python3.7/site-packages/airflow/example_dags/example_xcom.py
[2022-07-29 02:29:53,816] {processor.py:641} INFO - Processing file /home/airflow/.local/lib/python3.7/site-packages/airflow/example_dags/example_xcom.py for tasks to queue
[2022-07-29 02:29:53,817] {logging_mixin.py:115} INFO - [2022-07-29 02:29:53,817] {dagbag.py:508} INFO - Filling up the DagBag from /home/airflow/.local/lib/python3.7/site-packages/airflow/example_dags/example_xcom.py
[2022-07-29 02:29:54,078] {processor.py:651} INFO - DAG(s) dict_keys(['example_xcom']) retrieved from /home/airflow/.local/lib/python3.7/site-packages/airflow/example_dags/example_xcom.py
[2022-07-29 02:29:54,187] {logging_mixin.py:115} INFO - [2022-07-29 02:29:54,187] {dag.py:2420} INFO - Sync 1 DAGs
[2022-07-29 02:29:54,225] {logging_mixin.py:115} INFO - [2022-07-29 02:29:54,225] {dag.py:2972} INFO - Setting next_dagrun for example_xcom to 2021-01-01T00:00:00+00:00, run_after=2021-01-01T00:00:00+00:00
[2022-07-29 02:29:54,249] {processor.py:161} INFO - Processing /home/airflow/.local/lib/python3.7/site-packages/airflow/example_dags/example_xcom.py took 0.440 seconds
[2022-07-29 02:30:24,396] {processor.py:153} INFO - Started process (PID=1947) to work on /home/airflow/.local/lib/python3.7/site-packages/airflow/example_dags/example_xcom.py
[2022-07-29 02:30:24,397] {processor.py:641} INFO - Processing file /home/airflow/.local/lib/python3.7/site-packages/airflow/example_dags/example_xcom.py for tasks to queue
[2022-07-29 02:30:24,398] {logging_mixin.py:115} INFO - [2022-07-29 02:30:24,398] {dagbag.py:508} INFO - Filling up the DagBag from /home/airflow/.local/lib/python3.7/site-packages/airflow/example_dags/example_xcom.py
[2022-07-29 02:30:24,812] {processor.py:651} INFO - DAG(s) dict_keys(['example_xcom']) retrieved from /home/airflow/.local/lib/python3.7/site-packages/airflow/example_dags/example_xcom.py
[2022-07-29 02:30:24,847] {logging_mixin.py:115} INFO - [2022-07-29 02:30:24,847] {dag.py:2420} INFO - Sync 1 DAGs
[2022-07-29 02:30:24,883] {logging_mixin.py:115} INFO - [2022-07-29 02:30:24,883] {dag.py:2972} INFO - Setting next_dagrun for example_xcom to 2021-01-01T00:00:00+00:00, run_after=2021-01-01T00:00:00+00:00
[2022-07-29 02:30:24,901] {processor.py:161} INFO - Processing /home/airflow/.local/lib/python3.7/site-packages/airflow/example_dags/example_xcom.py took 0.511 seconds
[2022-07-29 02:30:56,470] {processor.py:153} INFO - Started process (PID=2020) to work on /home/airflow/.local/lib/python3.7/site-packages/airflow/example_dags/example_xcom.py
[2022-07-29 02:30:56,488] {processor.py:641} INFO - Processing file /home/airflow/.local/lib/python3.7/site-packages/airflow/example_dags/example_xcom.py for tasks to queue
[2022-07-29 02:30:56,489] {logging_mixin.py:115} INFO - [2022-07-29 02:30:56,489] {dagbag.py:508} INFO - Filling up the DagBag from /home/airflow/.local/lib/python3.7/site-packages/airflow/example_dags/example_xcom.py
[2022-07-29 02:30:57,059] {processor.py:651} INFO - DAG(s) dict_keys(['example_xcom']) retrieved from /home/airflow/.local/lib/python3.7/site-packages/airflow/example_dags/example_xcom.py
[2022-07-29 02:30:57,314] {logging_mixin.py:115} INFO - [2022-07-29 02:30:57,314] {dag.py:2420} INFO - Sync 1 DAGs
[2022-07-29 02:30:57,395] {logging_mixin.py:115} INFO - [2022-07-29 02:30:57,394] {dag.py:2972} INFO - Setting next_dagrun for example_xcom to 2021-01-01T00:00:00+00:00, run_after=2021-01-01T00:00:00+00:00
[2022-07-29 02:30:57,440] {processor.py:161} INFO - Processing /home/airflow/.local/lib/python3.7/site-packages/airflow/example_dags/example_xcom.py took 0.990 seconds
[2022-07-29 02:31:30,489] {processor.py:153} INFO - Started process (PID=2103) to work on /home/airflow/.local/lib/python3.7/site-packages/airflow/example_dags/example_xcom.py
[2022-07-29 02:31:30,489] {processor.py:641} INFO - Processing file /home/airflow/.local/lib/python3.7/site-packages/airflow/example_dags/example_xcom.py for tasks to queue
[2022-07-29 02:31:30,490] {logging_mixin.py:115} INFO - [2022-07-29 02:31:30,490] {dagbag.py:508} INFO - Filling up the DagBag from /home/airflow/.local/lib/python3.7/site-packages/airflow/example_dags/example_xcom.py
[2022-07-29 02:31:30,751] {processor.py:651} INFO - DAG(s) dict_keys(['example_xcom']) retrieved from /home/airflow/.local/lib/python3.7/site-packages/airflow/example_dags/example_xcom.py
[2022-07-29 02:31:30,866] {logging_mixin.py:115} INFO - [2022-07-29 02:31:30,865] {dag.py:2420} INFO - Sync 1 DAGs
[2022-07-29 02:31:30,897] {logging_mixin.py:115} INFO - [2022-07-29 02:31:30,897] {dag.py:2972} INFO - Setting next_dagrun for example_xcom to 2021-01-01T00:00:00+00:00, run_after=2021-01-01T00:00:00+00:00
[2022-07-29 02:31:30,920] {processor.py:161} INFO - Processing /home/airflow/.local/lib/python3.7/site-packages/airflow/example_dags/example_xcom.py took 0.438 seconds
[2022-07-29 02:32:01,574] {processor.py:153} INFO - Started process (PID=2176) to work on /home/airflow/.local/lib/python3.7/site-packages/airflow/example_dags/example_xcom.py
[2022-07-29 02:32:01,575] {processor.py:641} INFO - Processing file /home/airflow/.local/lib/python3.7/site-packages/airflow/example_dags/example_xcom.py for tasks to queue
[2022-07-29 02:32:01,584] {logging_mixin.py:115} INFO - [2022-07-29 02:32:01,584] {dagbag.py:508} INFO - Filling up the DagBag from /home/airflow/.local/lib/python3.7/site-packages/airflow/example_dags/example_xcom.py
[2022-07-29 02:32:02,083] {processor.py:651} INFO - DAG(s) dict_keys(['example_xcom']) retrieved from /home/airflow/.local/lib/python3.7/site-packages/airflow/example_dags/example_xcom.py
[2022-07-29 02:32:02,224] {logging_mixin.py:115} INFO - [2022-07-29 02:32:02,223] {dag.py:2420} INFO - Sync 1 DAGs
[2022-07-29 02:32:02,257] {logging_mixin.py:115} INFO - [2022-07-29 02:32:02,256] {dag.py:2972} INFO - Setting next_dagrun for example_xcom to 2021-01-01T00:00:00+00:00, run_after=2021-01-01T00:00:00+00:00
[2022-07-29 02:32:02,291] {processor.py:161} INFO - Processing /home/airflow/.local/lib/python3.7/site-packages/airflow/example_dags/example_xcom.py took 0.723 seconds
[2022-07-29 02:32:32,886] {processor.py:153} INFO - Started process (PID=2249) to work on /home/airflow/.local/lib/python3.7/site-packages/airflow/example_dags/example_xcom.py
[2022-07-29 02:32:32,892] {processor.py:641} INFO - Processing file /home/airflow/.local/lib/python3.7/site-packages/airflow/example_dags/example_xcom.py for tasks to queue
[2022-07-29 02:32:32,893] {logging_mixin.py:115} INFO - [2022-07-29 02:32:32,893] {dagbag.py:508} INFO - Filling up the DagBag from /home/airflow/.local/lib/python3.7/site-packages/airflow/example_dags/example_xcom.py
[2022-07-29 02:32:33,240] {processor.py:651} INFO - DAG(s) dict_keys(['example_xcom']) retrieved from /home/airflow/.local/lib/python3.7/site-packages/airflow/example_dags/example_xcom.py
[2022-07-29 02:32:33,470] {logging_mixin.py:115} INFO - [2022-07-29 02:32:33,470] {dag.py:2420} INFO - Sync 1 DAGs
[2022-07-29 02:32:33,539] {logging_mixin.py:115} INFO - [2022-07-29 02:32:33,539] {dag.py:2972} INFO - Setting next_dagrun for example_xcom to 2021-01-01T00:00:00+00:00, run_after=2021-01-01T00:00:00+00:00
[2022-07-29 02:32:33,589] {processor.py:161} INFO - Processing /home/airflow/.local/lib/python3.7/site-packages/airflow/example_dags/example_xcom.py took 0.730 seconds
[2022-07-29 02:33:06,108] {processor.py:153} INFO - Started process (PID=2331) to work on /home/airflow/.local/lib/python3.7/site-packages/airflow/example_dags/example_xcom.py
[2022-07-29 02:33:06,112] {processor.py:641} INFO - Processing file /home/airflow/.local/lib/python3.7/site-packages/airflow/example_dags/example_xcom.py for tasks to queue
[2022-07-29 02:33:06,113] {logging_mixin.py:115} INFO - [2022-07-29 02:33:06,113] {dagbag.py:508} INFO - Filling up the DagBag from /home/airflow/.local/lib/python3.7/site-packages/airflow/example_dags/example_xcom.py
[2022-07-29 02:33:06,621] {processor.py:651} INFO - DAG(s) dict_keys(['example_xcom']) retrieved from /home/airflow/.local/lib/python3.7/site-packages/airflow/example_dags/example_xcom.py
[2022-07-29 02:33:06,893] {logging_mixin.py:115} INFO - [2022-07-29 02:33:06,893] {dag.py:2420} INFO - Sync 1 DAGs
[2022-07-29 02:33:06,978] {logging_mixin.py:115} INFO - [2022-07-29 02:33:06,978] {dag.py:2972} INFO - Setting next_dagrun for example_xcom to 2021-01-01T00:00:00+00:00, run_after=2021-01-01T00:00:00+00:00
[2022-07-29 02:33:07,027] {processor.py:161} INFO - Processing /home/airflow/.local/lib/python3.7/site-packages/airflow/example_dags/example_xcom.py took 0.926 seconds
[2022-07-29 02:33:37,881] {processor.py:153} INFO - Started process (PID=2404) to work on /home/airflow/.local/lib/python3.7/site-packages/airflow/example_dags/example_xcom.py
[2022-07-29 02:33:37,882] {processor.py:641} INFO - Processing file /home/airflow/.local/lib/python3.7/site-packages/airflow/example_dags/example_xcom.py for tasks to queue
[2022-07-29 02:33:37,883] {logging_mixin.py:115} INFO - [2022-07-29 02:33:37,883] {dagbag.py:508} INFO - Filling up the DagBag from /home/airflow/.local/lib/python3.7/site-packages/airflow/example_dags/example_xcom.py
[2022-07-29 02:33:38,262] {processor.py:651} INFO - DAG(s) dict_keys(['example_xcom']) retrieved from /home/airflow/.local/lib/python3.7/site-packages/airflow/example_dags/example_xcom.py
[2022-07-29 02:33:38,307] {logging_mixin.py:115} INFO - [2022-07-29 02:33:38,306] {dag.py:2420} INFO - Sync 1 DAGs
[2022-07-29 02:33:38,344] {logging_mixin.py:115} INFO - [2022-07-29 02:33:38,344] {dag.py:2972} INFO - Setting next_dagrun for example_xcom to 2021-01-01T00:00:00+00:00, run_after=2021-01-01T00:00:00+00:00
[2022-07-29 02:33:38,364] {processor.py:161} INFO - Processing /home/airflow/.local/lib/python3.7/site-packages/airflow/example_dags/example_xcom.py took 0.490 seconds
[2022-07-29 02:34:12,597] {processor.py:153} INFO - Started process (PID=2486) to work on /home/airflow/.local/lib/python3.7/site-packages/airflow/example_dags/example_xcom.py
[2022-07-29 02:34:12,598] {processor.py:641} INFO - Processing file /home/airflow/.local/lib/python3.7/site-packages/airflow/example_dags/example_xcom.py for tasks to queue
[2022-07-29 02:34:12,599] {logging_mixin.py:115} INFO - [2022-07-29 02:34:12,598] {dagbag.py:508} INFO - Filling up the DagBag from /home/airflow/.local/lib/python3.7/site-packages/airflow/example_dags/example_xcom.py
[2022-07-29 02:34:13,158] {processor.py:651} INFO - DAG(s) dict_keys(['example_xcom']) retrieved from /home/airflow/.local/lib/python3.7/site-packages/airflow/example_dags/example_xcom.py
[2022-07-29 02:34:13,239] {logging_mixin.py:115} INFO - [2022-07-29 02:34:13,239] {dag.py:2420} INFO - Sync 1 DAGs
[2022-07-29 02:34:13,280] {logging_mixin.py:115} INFO - [2022-07-29 02:34:13,280] {dag.py:2972} INFO - Setting next_dagrun for example_xcom to 2021-01-01T00:00:00+00:00, run_after=2021-01-01T00:00:00+00:00
[2022-07-29 02:34:13,334] {processor.py:161} INFO - Processing /home/airflow/.local/lib/python3.7/site-packages/airflow/example_dags/example_xcom.py took 0.756 seconds
[2022-07-29 02:34:43,986] {processor.py:153} INFO - Started process (PID=2559) to work on /home/airflow/.local/lib/python3.7/site-packages/airflow/example_dags/example_xcom.py
[2022-07-29 02:34:43,986] {processor.py:641} INFO - Processing file /home/airflow/.local/lib/python3.7/site-packages/airflow/example_dags/example_xcom.py for tasks to queue
[2022-07-29 02:34:43,987] {logging_mixin.py:115} INFO - [2022-07-29 02:34:43,987] {dagbag.py:508} INFO - Filling up the DagBag from /home/airflow/.local/lib/python3.7/site-packages/airflow/example_dags/example_xcom.py
[2022-07-29 02:34:44,294] {processor.py:651} INFO - DAG(s) dict_keys(['example_xcom']) retrieved from /home/airflow/.local/lib/python3.7/site-packages/airflow/example_dags/example_xcom.py
[2022-07-29 02:34:44,406] {logging_mixin.py:115} INFO - [2022-07-29 02:34:44,405] {dag.py:2420} INFO - Sync 1 DAGs
[2022-07-29 02:34:44,440] {logging_mixin.py:115} INFO - [2022-07-29 02:34:44,439] {dag.py:2972} INFO - Setting next_dagrun for example_xcom to 2021-01-01T00:00:00+00:00, run_after=2021-01-01T00:00:00+00:00
[2022-07-29 02:34:44,463] {processor.py:161} INFO - Processing /home/airflow/.local/lib/python3.7/site-packages/airflow/example_dags/example_xcom.py took 0.486 seconds
[2022-07-29 02:35:15,533] {processor.py:153} INFO - Started process (PID=2643) to work on /home/airflow/.local/lib/python3.7/site-packages/airflow/example_dags/example_xcom.py
[2022-07-29 02:35:15,534] {processor.py:641} INFO - Processing file /home/airflow/.local/lib/python3.7/site-packages/airflow/example_dags/example_xcom.py for tasks to queue
[2022-07-29 02:35:15,535] {logging_mixin.py:115} INFO - [2022-07-29 02:35:15,535] {dagbag.py:508} INFO - Filling up the DagBag from /home/airflow/.local/lib/python3.7/site-packages/airflow/example_dags/example_xcom.py
[2022-07-29 02:35:15,995] {processor.py:651} INFO - DAG(s) dict_keys(['example_xcom']) retrieved from /home/airflow/.local/lib/python3.7/site-packages/airflow/example_dags/example_xcom.py
[2022-07-29 02:35:16,227] {logging_mixin.py:115} INFO - [2022-07-29 02:35:16,227] {dag.py:2420} INFO - Sync 1 DAGs
[2022-07-29 02:35:16,304] {logging_mixin.py:115} INFO - [2022-07-29 02:35:16,304] {dag.py:2972} INFO - Setting next_dagrun for example_xcom to 2021-01-01T00:00:00+00:00, run_after=2021-01-01T00:00:00+00:00
[2022-07-29 02:35:16,344] {processor.py:161} INFO - Processing /home/airflow/.local/lib/python3.7/site-packages/airflow/example_dags/example_xcom.py took 0.817 seconds
[2022-07-29 02:35:49,509] {processor.py:153} INFO - Started process (PID=2716) to work on /home/airflow/.local/lib/python3.7/site-packages/airflow/example_dags/example_xcom.py
[2022-07-29 02:35:49,510] {processor.py:641} INFO - Processing file /home/airflow/.local/lib/python3.7/site-packages/airflow/example_dags/example_xcom.py for tasks to queue
[2022-07-29 02:35:49,511] {logging_mixin.py:115} INFO - [2022-07-29 02:35:49,511] {dagbag.py:508} INFO - Filling up the DagBag from /home/airflow/.local/lib/python3.7/site-packages/airflow/example_dags/example_xcom.py
[2022-07-29 02:35:49,793] {processor.py:651} INFO - DAG(s) dict_keys(['example_xcom']) retrieved from /home/airflow/.local/lib/python3.7/site-packages/airflow/example_dags/example_xcom.py
[2022-07-29 02:35:49,946] {logging_mixin.py:115} INFO - [2022-07-29 02:35:49,946] {dag.py:2420} INFO - Sync 1 DAGs
[2022-07-29 02:35:49,995] {logging_mixin.py:115} INFO - [2022-07-29 02:35:49,995] {dag.py:2972} INFO - Setting next_dagrun for example_xcom to 2021-01-01T00:00:00+00:00, run_after=2021-01-01T00:00:00+00:00
[2022-07-29 02:35:50,022] {processor.py:161} INFO - Processing /home/airflow/.local/lib/python3.7/site-packages/airflow/example_dags/example_xcom.py took 0.519 seconds
[2022-07-29 02:36:21,320] {processor.py:153} INFO - Started process (PID=2798) to work on /home/airflow/.local/lib/python3.7/site-packages/airflow/example_dags/example_xcom.py
[2022-07-29 02:36:21,320] {processor.py:641} INFO - Processing file /home/airflow/.local/lib/python3.7/site-packages/airflow/example_dags/example_xcom.py for tasks to queue
[2022-07-29 02:36:21,321] {logging_mixin.py:115} INFO - [2022-07-29 02:36:21,321] {dagbag.py:508} INFO - Filling up the DagBag from /home/airflow/.local/lib/python3.7/site-packages/airflow/example_dags/example_xcom.py
[2022-07-29 02:36:21,569] {processor.py:651} INFO - DAG(s) dict_keys(['example_xcom']) retrieved from /home/airflow/.local/lib/python3.7/site-packages/airflow/example_dags/example_xcom.py
[2022-07-29 02:36:21,682] {logging_mixin.py:115} INFO - [2022-07-29 02:36:21,682] {dag.py:2420} INFO - Sync 1 DAGs
[2022-07-29 02:36:21,724] {logging_mixin.py:115} INFO - [2022-07-29 02:36:21,724] {dag.py:2972} INFO - Setting next_dagrun for example_xcom to 2021-01-01T00:00:00+00:00, run_after=2021-01-01T00:00:00+00:00
[2022-07-29 02:36:21,747] {processor.py:161} INFO - Processing /home/airflow/.local/lib/python3.7/site-packages/airflow/example_dags/example_xcom.py took 0.434 seconds
[2022-07-29 02:36:52,455] {processor.py:153} INFO - Started process (PID=2869) to work on /home/airflow/.local/lib/python3.7/site-packages/airflow/example_dags/example_xcom.py
[2022-07-29 02:36:52,460] {processor.py:641} INFO - Processing file /home/airflow/.local/lib/python3.7/site-packages/airflow/example_dags/example_xcom.py for tasks to queue
[2022-07-29 02:36:52,461] {logging_mixin.py:115} INFO - [2022-07-29 02:36:52,461] {dagbag.py:508} INFO - Filling up the DagBag from /home/airflow/.local/lib/python3.7/site-packages/airflow/example_dags/example_xcom.py
[2022-07-29 02:36:53,064] {processor.py:651} INFO - DAG(s) dict_keys(['example_xcom']) retrieved from /home/airflow/.local/lib/python3.7/site-packages/airflow/example_dags/example_xcom.py
[2022-07-29 02:36:53,307] {logging_mixin.py:115} INFO - [2022-07-29 02:36:53,307] {dag.py:2420} INFO - Sync 1 DAGs
[2022-07-29 02:36:53,372] {logging_mixin.py:115} INFO - [2022-07-29 02:36:53,372] {dag.py:2972} INFO - Setting next_dagrun for example_xcom to 2021-01-01T00:00:00+00:00, run_after=2021-01-01T00:00:00+00:00
[2022-07-29 02:36:53,411] {processor.py:161} INFO - Processing /home/airflow/.local/lib/python3.7/site-packages/airflow/example_dags/example_xcom.py took 0.964 seconds
[2022-07-29 02:37:25,112] {processor.py:153} INFO - Started process (PID=2948) to work on /home/airflow/.local/lib/python3.7/site-packages/airflow/example_dags/example_xcom.py
[2022-07-29 02:37:25,116] {processor.py:641} INFO - Processing file /home/airflow/.local/lib/python3.7/site-packages/airflow/example_dags/example_xcom.py for tasks to queue
[2022-07-29 02:37:25,117] {logging_mixin.py:115} INFO - [2022-07-29 02:37:25,117] {dagbag.py:508} INFO - Filling up the DagBag from /home/airflow/.local/lib/python3.7/site-packages/airflow/example_dags/example_xcom.py
[2022-07-29 02:37:25,516] {processor.py:651} INFO - DAG(s) dict_keys(['example_xcom']) retrieved from /home/airflow/.local/lib/python3.7/site-packages/airflow/example_dags/example_xcom.py
[2022-07-29 02:37:25,696] {logging_mixin.py:115} INFO - [2022-07-29 02:37:25,696] {dag.py:2420} INFO - Sync 1 DAGs
[2022-07-29 02:37:25,770] {logging_mixin.py:115} INFO - [2022-07-29 02:37:25,770] {dag.py:2972} INFO - Setting next_dagrun for example_xcom to 2021-01-01T00:00:00+00:00, run_after=2021-01-01T00:00:00+00:00
[2022-07-29 02:37:25,805] {processor.py:161} INFO - Processing /home/airflow/.local/lib/python3.7/site-packages/airflow/example_dags/example_xcom.py took 0.707 seconds
[2022-07-29 02:37:56,613] {processor.py:153} INFO - Started process (PID=3024) to work on /home/airflow/.local/lib/python3.7/site-packages/airflow/example_dags/example_xcom.py
[2022-07-29 02:37:56,614] {processor.py:641} INFO - Processing file /home/airflow/.local/lib/python3.7/site-packages/airflow/example_dags/example_xcom.py for tasks to queue
[2022-07-29 02:37:56,615] {logging_mixin.py:115} INFO - [2022-07-29 02:37:56,615] {dagbag.py:508} INFO - Filling up the DagBag from /home/airflow/.local/lib/python3.7/site-packages/airflow/example_dags/example_xcom.py
[2022-07-29 02:37:57,190] {processor.py:651} INFO - DAG(s) dict_keys(['example_xcom']) retrieved from /home/airflow/.local/lib/python3.7/site-packages/airflow/example_dags/example_xcom.py
[2022-07-29 02:37:57,458] {logging_mixin.py:115} INFO - [2022-07-29 02:37:57,458] {dag.py:2420} INFO - Sync 1 DAGs
[2022-07-29 02:37:57,503] {logging_mixin.py:115} INFO - [2022-07-29 02:37:57,503] {dag.py:2972} INFO - Setting next_dagrun for example_xcom to 2021-01-01T00:00:00+00:00, run_after=2021-01-01T00:00:00+00:00
[2022-07-29 02:37:57,525] {processor.py:161} INFO - Processing /home/airflow/.local/lib/python3.7/site-packages/airflow/example_dags/example_xcom.py took 0.942 seconds
[2022-07-29 02:38:28,609] {processor.py:153} INFO - Started process (PID=3097) to work on /home/airflow/.local/lib/python3.7/site-packages/airflow/example_dags/example_xcom.py
[2022-07-29 02:38:28,610] {processor.py:641} INFO - Processing file /home/airflow/.local/lib/python3.7/site-packages/airflow/example_dags/example_xcom.py for tasks to queue
[2022-07-29 02:38:28,610] {logging_mixin.py:115} INFO - [2022-07-29 02:38:28,610] {dagbag.py:508} INFO - Filling up the DagBag from /home/airflow/.local/lib/python3.7/site-packages/airflow/example_dags/example_xcom.py
[2022-07-29 02:38:28,943] {processor.py:651} INFO - DAG(s) dict_keys(['example_xcom']) retrieved from /home/airflow/.local/lib/python3.7/site-packages/airflow/example_dags/example_xcom.py
[2022-07-29 02:38:29,061] {logging_mixin.py:115} INFO - [2022-07-29 02:38:29,061] {dag.py:2420} INFO - Sync 1 DAGs
[2022-07-29 02:38:29,098] {logging_mixin.py:115} INFO - [2022-07-29 02:38:29,097] {dag.py:2972} INFO - Setting next_dagrun for example_xcom to 2021-01-01T00:00:00+00:00, run_after=2021-01-01T00:00:00+00:00
[2022-07-29 02:38:29,120] {processor.py:161} INFO - Processing /home/airflow/.local/lib/python3.7/site-packages/airflow/example_dags/example_xcom.py took 0.519 seconds
[2022-07-29 02:39:01,598] {processor.py:153} INFO - Started process (PID=3178) to work on /home/airflow/.local/lib/python3.7/site-packages/airflow/example_dags/example_xcom.py
[2022-07-29 02:39:01,608] {processor.py:641} INFO - Processing file /home/airflow/.local/lib/python3.7/site-packages/airflow/example_dags/example_xcom.py for tasks to queue
[2022-07-29 02:39:01,609] {logging_mixin.py:115} INFO - [2022-07-29 02:39:01,609] {dagbag.py:508} INFO - Filling up the DagBag from /home/airflow/.local/lib/python3.7/site-packages/airflow/example_dags/example_xcom.py
[2022-07-29 02:39:02,029] {processor.py:651} INFO - DAG(s) dict_keys(['example_xcom']) retrieved from /home/airflow/.local/lib/python3.7/site-packages/airflow/example_dags/example_xcom.py
[2022-07-29 02:39:02,207] {logging_mixin.py:115} INFO - [2022-07-29 02:39:02,207] {dag.py:2420} INFO - Sync 1 DAGs
[2022-07-29 02:39:02,244] {logging_mixin.py:115} INFO - [2022-07-29 02:39:02,244] {dag.py:2972} INFO - Setting next_dagrun for example_xcom to 2021-01-01T00:00:00+00:00, run_after=2021-01-01T00:00:00+00:00
[2022-07-29 02:39:02,268] {processor.py:161} INFO - Processing /home/airflow/.local/lib/python3.7/site-packages/airflow/example_dags/example_xcom.py took 0.686 seconds
[2022-07-29 02:39:33,382] {processor.py:153} INFO - Started process (PID=3251) to work on /home/airflow/.local/lib/python3.7/site-packages/airflow/example_dags/example_xcom.py
[2022-07-29 02:39:33,383] {processor.py:641} INFO - Processing file /home/airflow/.local/lib/python3.7/site-packages/airflow/example_dags/example_xcom.py for tasks to queue
[2022-07-29 02:39:33,384] {logging_mixin.py:115} INFO - [2022-07-29 02:39:33,384] {dagbag.py:508} INFO - Filling up the DagBag from /home/airflow/.local/lib/python3.7/site-packages/airflow/example_dags/example_xcom.py
[2022-07-29 02:39:33,583] {processor.py:651} INFO - DAG(s) dict_keys(['example_xcom']) retrieved from /home/airflow/.local/lib/python3.7/site-packages/airflow/example_dags/example_xcom.py
[2022-07-29 02:39:33,656] {logging_mixin.py:115} INFO - [2022-07-29 02:39:33,655] {dag.py:2420} INFO - Sync 1 DAGs
[2022-07-29 02:39:33,679] {logging_mixin.py:115} INFO - [2022-07-29 02:39:33,679] {dag.py:2972} INFO - Setting next_dagrun for example_xcom to 2021-01-01T00:00:00+00:00, run_after=2021-01-01T00:00:00+00:00
[2022-07-29 02:39:33,695] {processor.py:161} INFO - Processing /home/airflow/.local/lib/python3.7/site-packages/airflow/example_dags/example_xcom.py took 0.318 seconds
[2022-07-29 02:40:03,949] {processor.py:153} INFO - Started process (PID=3324) to work on /home/airflow/.local/lib/python3.7/site-packages/airflow/example_dags/example_xcom.py
[2022-07-29 02:40:03,950] {processor.py:641} INFO - Processing file /home/airflow/.local/lib/python3.7/site-packages/airflow/example_dags/example_xcom.py for tasks to queue
[2022-07-29 02:40:03,951] {logging_mixin.py:115} INFO - [2022-07-29 02:40:03,951] {dagbag.py:508} INFO - Filling up the DagBag from /home/airflow/.local/lib/python3.7/site-packages/airflow/example_dags/example_xcom.py
[2022-07-29 02:40:04,200] {processor.py:651} INFO - DAG(s) dict_keys(['example_xcom']) retrieved from /home/airflow/.local/lib/python3.7/site-packages/airflow/example_dags/example_xcom.py
[2022-07-29 02:40:04,311] {logging_mixin.py:115} INFO - [2022-07-29 02:40:04,311] {dag.py:2420} INFO - Sync 1 DAGs
[2022-07-29 02:40:04,350] {logging_mixin.py:115} INFO - [2022-07-29 02:40:04,349] {dag.py:2972} INFO - Setting next_dagrun for example_xcom to 2021-01-01T00:00:00+00:00, run_after=2021-01-01T00:00:00+00:00
[2022-07-29 02:40:04,372] {processor.py:161} INFO - Processing /home/airflow/.local/lib/python3.7/site-packages/airflow/example_dags/example_xcom.py took 0.430 seconds
[2022-07-29 02:40:34,836] {processor.py:153} INFO - Started process (PID=3404) to work on /home/airflow/.local/lib/python3.7/site-packages/airflow/example_dags/example_xcom.py
[2022-07-29 02:40:34,838] {processor.py:641} INFO - Processing file /home/airflow/.local/lib/python3.7/site-packages/airflow/example_dags/example_xcom.py for tasks to queue
[2022-07-29 02:40:34,839] {logging_mixin.py:115} INFO - [2022-07-29 02:40:34,839] {dagbag.py:508} INFO - Filling up the DagBag from /home/airflow/.local/lib/python3.7/site-packages/airflow/example_dags/example_xcom.py
[2022-07-29 02:40:35,407] {processor.py:651} INFO - DAG(s) dict_keys(['example_xcom']) retrieved from /home/airflow/.local/lib/python3.7/site-packages/airflow/example_dags/example_xcom.py
[2022-07-29 02:40:35,632] {logging_mixin.py:115} INFO - [2022-07-29 02:40:35,632] {dag.py:2420} INFO - Sync 1 DAGs
[2022-07-29 02:40:35,747] {logging_mixin.py:115} INFO - [2022-07-29 02:40:35,747] {dag.py:2972} INFO - Setting next_dagrun for example_xcom to 2021-01-01T00:00:00+00:00, run_after=2021-01-01T00:00:00+00:00
[2022-07-29 02:40:35,796] {processor.py:161} INFO - Processing /home/airflow/.local/lib/python3.7/site-packages/airflow/example_dags/example_xcom.py took 0.978 seconds
[2022-07-29 02:41:06,425] {processor.py:153} INFO - Started process (PID=3476) to work on /home/airflow/.local/lib/python3.7/site-packages/airflow/example_dags/example_xcom.py
[2022-07-29 02:41:06,427] {processor.py:641} INFO - Processing file /home/airflow/.local/lib/python3.7/site-packages/airflow/example_dags/example_xcom.py for tasks to queue
[2022-07-29 02:41:06,428] {logging_mixin.py:115} INFO - [2022-07-29 02:41:06,428] {dagbag.py:508} INFO - Filling up the DagBag from /home/airflow/.local/lib/python3.7/site-packages/airflow/example_dags/example_xcom.py
[2022-07-29 02:41:06,817] {processor.py:651} INFO - DAG(s) dict_keys(['example_xcom']) retrieved from /home/airflow/.local/lib/python3.7/site-packages/airflow/example_dags/example_xcom.py
[2022-07-29 02:41:07,114] {logging_mixin.py:115} INFO - [2022-07-29 02:41:07,114] {dag.py:2420} INFO - Sync 1 DAGs
[2022-07-29 02:41:07,165] {logging_mixin.py:115} INFO - [2022-07-29 02:41:07,165] {dag.py:2972} INFO - Setting next_dagrun for example_xcom to 2021-01-01T00:00:00+00:00, run_after=2021-01-01T00:00:00+00:00
[2022-07-29 02:41:07,187] {processor.py:161} INFO - Processing /home/airflow/.local/lib/python3.7/site-packages/airflow/example_dags/example_xcom.py took 0.773 seconds
[2022-07-29 02:41:38,657] {processor.py:153} INFO - Started process (PID=3558) to work on /home/airflow/.local/lib/python3.7/site-packages/airflow/example_dags/example_xcom.py
[2022-07-29 02:41:38,658] {processor.py:641} INFO - Processing file /home/airflow/.local/lib/python3.7/site-packages/airflow/example_dags/example_xcom.py for tasks to queue
[2022-07-29 02:41:38,659] {logging_mixin.py:115} INFO - [2022-07-29 02:41:38,659] {dagbag.py:508} INFO - Filling up the DagBag from /home/airflow/.local/lib/python3.7/site-packages/airflow/example_dags/example_xcom.py
[2022-07-29 02:41:38,919] {processor.py:651} INFO - DAG(s) dict_keys(['example_xcom']) retrieved from /home/airflow/.local/lib/python3.7/site-packages/airflow/example_dags/example_xcom.py
[2022-07-29 02:41:39,029] {logging_mixin.py:115} INFO - [2022-07-29 02:41:39,029] {dag.py:2420} INFO - Sync 1 DAGs
[2022-07-29 02:41:39,064] {logging_mixin.py:115} INFO - [2022-07-29 02:41:39,064] {dag.py:2972} INFO - Setting next_dagrun for example_xcom to 2021-01-01T00:00:00+00:00, run_after=2021-01-01T00:00:00+00:00
[2022-07-29 02:41:39,085] {processor.py:161} INFO - Processing /home/airflow/.local/lib/python3.7/site-packages/airflow/example_dags/example_xcom.py took 0.435 seconds
[2022-07-29 02:42:09,427] {processor.py:153} INFO - Started process (PID=3631) to work on /home/airflow/.local/lib/python3.7/site-packages/airflow/example_dags/example_xcom.py
[2022-07-29 02:42:09,428] {processor.py:641} INFO - Processing file /home/airflow/.local/lib/python3.7/site-packages/airflow/example_dags/example_xcom.py for tasks to queue
[2022-07-29 02:42:09,429] {logging_mixin.py:115} INFO - [2022-07-29 02:42:09,428] {dagbag.py:508} INFO - Filling up the DagBag from /home/airflow/.local/lib/python3.7/site-packages/airflow/example_dags/example_xcom.py
[2022-07-29 02:42:09,633] {processor.py:651} INFO - DAG(s) dict_keys(['example_xcom']) retrieved from /home/airflow/.local/lib/python3.7/site-packages/airflow/example_dags/example_xcom.py
[2022-07-29 02:42:09,707] {logging_mixin.py:115} INFO - [2022-07-29 02:42:09,707] {dag.py:2420} INFO - Sync 1 DAGs
[2022-07-29 02:42:09,731] {logging_mixin.py:115} INFO - [2022-07-29 02:42:09,730] {dag.py:2972} INFO - Setting next_dagrun for example_xcom to 2021-01-01T00:00:00+00:00, run_after=2021-01-01T00:00:00+00:00
[2022-07-29 02:42:09,752] {processor.py:161} INFO - Processing /home/airflow/.local/lib/python3.7/site-packages/airflow/example_dags/example_xcom.py took 0.330 seconds
[2022-07-29 02:42:42,152] {processor.py:153} INFO - Started process (PID=3703) to work on /home/airflow/.local/lib/python3.7/site-packages/airflow/example_dags/example_xcom.py
[2022-07-29 02:42:42,153] {processor.py:641} INFO - Processing file /home/airflow/.local/lib/python3.7/site-packages/airflow/example_dags/example_xcom.py for tasks to queue
[2022-07-29 02:42:42,154] {logging_mixin.py:115} INFO - [2022-07-29 02:42:42,154] {dagbag.py:508} INFO - Filling up the DagBag from /home/airflow/.local/lib/python3.7/site-packages/airflow/example_dags/example_xcom.py
[2022-07-29 02:42:42,887] {processor.py:651} INFO - DAG(s) dict_keys(['example_xcom']) retrieved from /home/airflow/.local/lib/python3.7/site-packages/airflow/example_dags/example_xcom.py
[2022-07-29 02:42:43,139] {logging_mixin.py:115} INFO - [2022-07-29 02:42:43,138] {dag.py:2420} INFO - Sync 1 DAGs
[2022-07-29 02:42:43,260] {logging_mixin.py:115} INFO - [2022-07-29 02:42:43,260] {dag.py:2972} INFO - Setting next_dagrun for example_xcom to 2021-01-01T00:00:00+00:00, run_after=2021-01-01T00:00:00+00:00
[2022-07-29 02:42:43,320] {processor.py:161} INFO - Processing /home/airflow/.local/lib/python3.7/site-packages/airflow/example_dags/example_xcom.py took 1.187 seconds
[2022-07-29 02:43:15,181] {processor.py:153} INFO - Started process (PID=3784) to work on /home/airflow/.local/lib/python3.7/site-packages/airflow/example_dags/example_xcom.py
[2022-07-29 02:43:15,189] {processor.py:641} INFO - Processing file /home/airflow/.local/lib/python3.7/site-packages/airflow/example_dags/example_xcom.py for tasks to queue
[2022-07-29 02:43:15,190] {logging_mixin.py:115} INFO - [2022-07-29 02:43:15,190] {dagbag.py:508} INFO - Filling up the DagBag from /home/airflow/.local/lib/python3.7/site-packages/airflow/example_dags/example_xcom.py
[2022-07-29 02:43:15,520] {processor.py:651} INFO - DAG(s) dict_keys(['example_xcom']) retrieved from /home/airflow/.local/lib/python3.7/site-packages/airflow/example_dags/example_xcom.py
[2022-07-29 02:43:15,698] {logging_mixin.py:115} INFO - [2022-07-29 02:43:15,698] {dag.py:2420} INFO - Sync 1 DAGs
[2022-07-29 02:43:15,737] {logging_mixin.py:115} INFO - [2022-07-29 02:43:15,737] {dag.py:2972} INFO - Setting next_dagrun for example_xcom to 2021-01-01T00:00:00+00:00, run_after=2021-01-01T00:00:00+00:00
[2022-07-29 02:43:15,769] {processor.py:161} INFO - Processing /home/airflow/.local/lib/python3.7/site-packages/airflow/example_dags/example_xcom.py took 0.595 seconds
[2022-07-29 02:43:45,878] {processor.py:153} INFO - Started process (PID=3857) to work on /home/airflow/.local/lib/python3.7/site-packages/airflow/example_dags/example_xcom.py
[2022-07-29 02:43:45,879] {processor.py:641} INFO - Processing file /home/airflow/.local/lib/python3.7/site-packages/airflow/example_dags/example_xcom.py for tasks to queue
[2022-07-29 02:43:45,880] {logging_mixin.py:115} INFO - [2022-07-29 02:43:45,880] {dagbag.py:508} INFO - Filling up the DagBag from /home/airflow/.local/lib/python3.7/site-packages/airflow/example_dags/example_xcom.py
[2022-07-29 02:43:46,155] {processor.py:651} INFO - DAG(s) dict_keys(['example_xcom']) retrieved from /home/airflow/.local/lib/python3.7/site-packages/airflow/example_dags/example_xcom.py
[2022-07-29 02:43:46,343] {logging_mixin.py:115} INFO - [2022-07-29 02:43:46,342] {dag.py:2420} INFO - Sync 1 DAGs
[2022-07-29 02:43:46,412] {logging_mixin.py:115} INFO - [2022-07-29 02:43:46,412] {dag.py:2972} INFO - Setting next_dagrun for example_xcom to 2021-01-01T00:00:00+00:00, run_after=2021-01-01T00:00:00+00:00
[2022-07-29 02:43:46,453] {processor.py:161} INFO - Processing /home/airflow/.local/lib/python3.7/site-packages/airflow/example_dags/example_xcom.py took 0.581 seconds
[2022-07-29 02:44:19,744] {processor.py:153} INFO - Started process (PID=3939) to work on /home/airflow/.local/lib/python3.7/site-packages/airflow/example_dags/example_xcom.py
[2022-07-29 02:44:19,745] {processor.py:641} INFO - Processing file /home/airflow/.local/lib/python3.7/site-packages/airflow/example_dags/example_xcom.py for tasks to queue
[2022-07-29 02:44:19,746] {logging_mixin.py:115} INFO - [2022-07-29 02:44:19,745] {dagbag.py:508} INFO - Filling up the DagBag from /home/airflow/.local/lib/python3.7/site-packages/airflow/example_dags/example_xcom.py
[2022-07-29 02:44:20,199] {processor.py:651} INFO - DAG(s) dict_keys(['example_xcom']) retrieved from /home/airflow/.local/lib/python3.7/site-packages/airflow/example_dags/example_xcom.py
[2022-07-29 02:44:20,323] {logging_mixin.py:115} INFO - [2022-07-29 02:44:20,323] {dag.py:2420} INFO - Sync 1 DAGs
[2022-07-29 02:44:20,360] {logging_mixin.py:115} INFO - [2022-07-29 02:44:20,360] {dag.py:2972} INFO - Setting next_dagrun for example_xcom to 2021-01-01T00:00:00+00:00, run_after=2021-01-01T00:00:00+00:00
[2022-07-29 02:44:20,388] {processor.py:161} INFO - Processing /home/airflow/.local/lib/python3.7/site-packages/airflow/example_dags/example_xcom.py took 0.659 seconds
[2022-07-29 02:44:51,318] {processor.py:153} INFO - Started process (PID=4013) to work on /home/airflow/.local/lib/python3.7/site-packages/airflow/example_dags/example_xcom.py
[2022-07-29 02:44:51,329] {processor.py:641} INFO - Processing file /home/airflow/.local/lib/python3.7/site-packages/airflow/example_dags/example_xcom.py for tasks to queue
[2022-07-29 02:44:51,330] {logging_mixin.py:115} INFO - [2022-07-29 02:44:51,330] {dagbag.py:508} INFO - Filling up the DagBag from /home/airflow/.local/lib/python3.7/site-packages/airflow/example_dags/example_xcom.py
[2022-07-29 02:44:51,897] {processor.py:651} INFO - DAG(s) dict_keys(['example_xcom']) retrieved from /home/airflow/.local/lib/python3.7/site-packages/airflow/example_dags/example_xcom.py
[2022-07-29 02:44:52,019] {logging_mixin.py:115} INFO - [2022-07-29 02:44:52,019] {dag.py:2420} INFO - Sync 1 DAGs
[2022-07-29 02:44:52,056] {logging_mixin.py:115} INFO - [2022-07-29 02:44:52,056] {dag.py:2972} INFO - Setting next_dagrun for example_xcom to 2021-01-01T00:00:00+00:00, run_after=2021-01-01T00:00:00+00:00
[2022-07-29 02:44:52,102] {processor.py:161} INFO - Processing /home/airflow/.local/lib/python3.7/site-packages/airflow/example_dags/example_xcom.py took 0.807 seconds
[2022-07-29 02:45:23,133] {processor.py:153} INFO - Started process (PID=4085) to work on /home/airflow/.local/lib/python3.7/site-packages/airflow/example_dags/example_xcom.py
[2022-07-29 02:45:23,134] {processor.py:641} INFO - Processing file /home/airflow/.local/lib/python3.7/site-packages/airflow/example_dags/example_xcom.py for tasks to queue
[2022-07-29 02:45:23,134] {logging_mixin.py:115} INFO - [2022-07-29 02:45:23,134] {dagbag.py:508} INFO - Filling up the DagBag from /home/airflow/.local/lib/python3.7/site-packages/airflow/example_dags/example_xcom.py
[2022-07-29 02:45:23,397] {processor.py:651} INFO - DAG(s) dict_keys(['example_xcom']) retrieved from /home/airflow/.local/lib/python3.7/site-packages/airflow/example_dags/example_xcom.py
[2022-07-29 02:45:23,507] {logging_mixin.py:115} INFO - [2022-07-29 02:45:23,507] {dag.py:2420} INFO - Sync 1 DAGs
[2022-07-29 02:45:23,544] {logging_mixin.py:115} INFO - [2022-07-29 02:45:23,544] {dag.py:2972} INFO - Setting next_dagrun for example_xcom to 2021-01-01T00:00:00+00:00, run_after=2021-01-01T00:00:00+00:00
[2022-07-29 02:45:23,578] {processor.py:161} INFO - Processing /home/airflow/.local/lib/python3.7/site-packages/airflow/example_dags/example_xcom.py took 0.452 seconds
[2022-07-29 02:45:55,898] {processor.py:153} INFO - Started process (PID=4168) to work on /home/airflow/.local/lib/python3.7/site-packages/airflow/example_dags/example_xcom.py
[2022-07-29 02:45:55,899] {processor.py:641} INFO - Processing file /home/airflow/.local/lib/python3.7/site-packages/airflow/example_dags/example_xcom.py for tasks to queue
[2022-07-29 02:45:55,900] {logging_mixin.py:115} INFO - [2022-07-29 02:45:55,900] {dagbag.py:508} INFO - Filling up the DagBag from /home/airflow/.local/lib/python3.7/site-packages/airflow/example_dags/example_xcom.py
[2022-07-29 02:45:56,215] {processor.py:651} INFO - DAG(s) dict_keys(['example_xcom']) retrieved from /home/airflow/.local/lib/python3.7/site-packages/airflow/example_dags/example_xcom.py
[2022-07-29 02:45:56,330] {logging_mixin.py:115} INFO - [2022-07-29 02:45:56,329] {dag.py:2420} INFO - Sync 1 DAGs
[2022-07-29 02:45:56,365] {logging_mixin.py:115} INFO - [2022-07-29 02:45:56,365] {dag.py:2972} INFO - Setting next_dagrun for example_xcom to 2021-01-01T00:00:00+00:00, run_after=2021-01-01T00:00:00+00:00
[2022-07-29 02:45:56,401] {processor.py:161} INFO - Processing /home/airflow/.local/lib/python3.7/site-packages/airflow/example_dags/example_xcom.py took 0.510 seconds
[2022-07-29 02:46:27,361] {processor.py:153} INFO - Started process (PID=4240) to work on /home/airflow/.local/lib/python3.7/site-packages/airflow/example_dags/example_xcom.py
[2022-07-29 02:46:27,361] {processor.py:641} INFO - Processing file /home/airflow/.local/lib/python3.7/site-packages/airflow/example_dags/example_xcom.py for tasks to queue
[2022-07-29 02:46:27,362] {logging_mixin.py:115} INFO - [2022-07-29 02:46:27,362] {dagbag.py:508} INFO - Filling up the DagBag from /home/airflow/.local/lib/python3.7/site-packages/airflow/example_dags/example_xcom.py
[2022-07-29 02:46:27,631] {processor.py:651} INFO - DAG(s) dict_keys(['example_xcom']) retrieved from /home/airflow/.local/lib/python3.7/site-packages/airflow/example_dags/example_xcom.py
[2022-07-29 02:46:27,743] {logging_mixin.py:115} INFO - [2022-07-29 02:46:27,742] {dag.py:2420} INFO - Sync 1 DAGs
[2022-07-29 02:46:27,780] {logging_mixin.py:115} INFO - [2022-07-29 02:46:27,780] {dag.py:2972} INFO - Setting next_dagrun for example_xcom to 2021-01-01T00:00:00+00:00, run_after=2021-01-01T00:00:00+00:00
[2022-07-29 02:46:27,805] {processor.py:161} INFO - Processing /home/airflow/.local/lib/python3.7/site-packages/airflow/example_dags/example_xcom.py took 0.451 seconds
[2022-07-29 02:46:59,191] {processor.py:153} INFO - Started process (PID=4322) to work on /home/airflow/.local/lib/python3.7/site-packages/airflow/example_dags/example_xcom.py
[2022-07-29 02:46:59,197] {processor.py:641} INFO - Processing file /home/airflow/.local/lib/python3.7/site-packages/airflow/example_dags/example_xcom.py for tasks to queue
[2022-07-29 02:46:59,197] {logging_mixin.py:115} INFO - [2022-07-29 02:46:59,197] {dagbag.py:508} INFO - Filling up the DagBag from /home/airflow/.local/lib/python3.7/site-packages/airflow/example_dags/example_xcom.py
[2022-07-29 02:46:59,262] {processor.py:651} INFO - DAG(s) dict_keys(['example_xcom']) retrieved from /home/airflow/.local/lib/python3.7/site-packages/airflow/example_dags/example_xcom.py
[2022-07-29 02:46:59,507] {logging_mixin.py:115} INFO - [2022-07-29 02:46:59,507] {dag.py:2420} INFO - Sync 1 DAGs
[2022-07-29 02:46:59,572] {logging_mixin.py:115} INFO - [2022-07-29 02:46:59,571] {dag.py:2972} INFO - Setting next_dagrun for example_xcom to 2021-01-01T00:00:00+00:00, run_after=2021-01-01T00:00:00+00:00
[2022-07-29 02:46:59,616] {processor.py:161} INFO - Processing /home/airflow/.local/lib/python3.7/site-packages/airflow/example_dags/example_xcom.py took 0.442 seconds
[2022-07-29 02:47:30,292] {processor.py:153} INFO - Started process (PID=4395) to work on /home/airflow/.local/lib/python3.7/site-packages/airflow/example_dags/example_xcom.py
[2022-07-29 02:47:30,304] {processor.py:641} INFO - Processing file /home/airflow/.local/lib/python3.7/site-packages/airflow/example_dags/example_xcom.py for tasks to queue
[2022-07-29 02:47:30,305] {logging_mixin.py:115} INFO - [2022-07-29 02:47:30,305] {dagbag.py:508} INFO - Filling up the DagBag from /home/airflow/.local/lib/python3.7/site-packages/airflow/example_dags/example_xcom.py
[2022-07-29 02:47:30,367] {processor.py:651} INFO - DAG(s) dict_keys(['example_xcom']) retrieved from /home/airflow/.local/lib/python3.7/site-packages/airflow/example_dags/example_xcom.py
[2022-07-29 02:47:30,620] {logging_mixin.py:115} INFO - [2022-07-29 02:47:30,620] {dag.py:2420} INFO - Sync 1 DAGs
[2022-07-29 02:47:30,699] {logging_mixin.py:115} INFO - [2022-07-29 02:47:30,698] {dag.py:2972} INFO - Setting next_dagrun for example_xcom to 2021-01-01T00:00:00+00:00, run_after=2021-01-01T00:00:00+00:00
[2022-07-29 02:47:30,738] {processor.py:161} INFO - Processing /home/airflow/.local/lib/python3.7/site-packages/airflow/example_dags/example_xcom.py took 0.460 seconds
[2022-07-29 02:48:01,240] {processor.py:153} INFO - Started process (PID=4476) to work on /home/airflow/.local/lib/python3.7/site-packages/airflow/example_dags/example_xcom.py
[2022-07-29 02:48:01,241] {processor.py:641} INFO - Processing file /home/airflow/.local/lib/python3.7/site-packages/airflow/example_dags/example_xcom.py for tasks to queue
[2022-07-29 02:48:01,242] {logging_mixin.py:115} INFO - [2022-07-29 02:48:01,242] {dagbag.py:508} INFO - Filling up the DagBag from /home/airflow/.local/lib/python3.7/site-packages/airflow/example_dags/example_xcom.py
[2022-07-29 02:48:01,305] {processor.py:651} INFO - DAG(s) dict_keys(['example_xcom']) retrieved from /home/airflow/.local/lib/python3.7/site-packages/airflow/example_dags/example_xcom.py
[2022-07-29 02:48:01,563] {logging_mixin.py:115} INFO - [2022-07-29 02:48:01,562] {dag.py:2420} INFO - Sync 1 DAGs
[2022-07-29 02:48:01,603] {logging_mixin.py:115} INFO - [2022-07-29 02:48:01,602] {dag.py:2972} INFO - Setting next_dagrun for example_xcom to 2021-01-01T00:00:00+00:00, run_after=2021-01-01T00:00:00+00:00
[2022-07-29 02:48:01,636] {processor.py:161} INFO - Processing /home/airflow/.local/lib/python3.7/site-packages/airflow/example_dags/example_xcom.py took 0.406 seconds
[2022-07-29 02:48:31,756] {processor.py:153} INFO - Started process (PID=4549) to work on /home/airflow/.local/lib/python3.7/site-packages/airflow/example_dags/example_xcom.py
[2022-07-29 02:48:31,757] {processor.py:641} INFO - Processing file /home/airflow/.local/lib/python3.7/site-packages/airflow/example_dags/example_xcom.py for tasks to queue
[2022-07-29 02:48:31,758] {logging_mixin.py:115} INFO - [2022-07-29 02:48:31,758] {dagbag.py:508} INFO - Filling up the DagBag from /home/airflow/.local/lib/python3.7/site-packages/airflow/example_dags/example_xcom.py
[2022-07-29 02:48:31,790] {processor.py:651} INFO - DAG(s) dict_keys(['example_xcom']) retrieved from /home/airflow/.local/lib/python3.7/site-packages/airflow/example_dags/example_xcom.py
[2022-07-29 02:48:31,967] {logging_mixin.py:115} INFO - [2022-07-29 02:48:31,967] {dag.py:2420} INFO - Sync 1 DAGs
[2022-07-29 02:48:32,040] {logging_mixin.py:115} INFO - [2022-07-29 02:48:32,040] {dag.py:2972} INFO - Setting next_dagrun for example_xcom to 2021-01-01T00:00:00+00:00, run_after=2021-01-01T00:00:00+00:00
[2022-07-29 02:48:32,100] {processor.py:161} INFO - Processing /home/airflow/.local/lib/python3.7/site-packages/airflow/example_dags/example_xcom.py took 0.351 seconds
[2022-07-29 02:49:02,615] {processor.py:153} INFO - Started process (PID=4622) to work on /home/airflow/.local/lib/python3.7/site-packages/airflow/example_dags/example_xcom.py
[2022-07-29 02:49:02,616] {processor.py:641} INFO - Processing file /home/airflow/.local/lib/python3.7/site-packages/airflow/example_dags/example_xcom.py for tasks to queue
[2022-07-29 02:49:02,617] {logging_mixin.py:115} INFO - [2022-07-29 02:49:02,617] {dagbag.py:508} INFO - Filling up the DagBag from /home/airflow/.local/lib/python3.7/site-packages/airflow/example_dags/example_xcom.py
[2022-07-29 02:49:02,650] {processor.py:651} INFO - DAG(s) dict_keys(['example_xcom']) retrieved from /home/airflow/.local/lib/python3.7/site-packages/airflow/example_dags/example_xcom.py
[2022-07-29 02:49:02,784] {logging_mixin.py:115} INFO - [2022-07-29 02:49:02,784] {dag.py:2420} INFO - Sync 1 DAGs
[2022-07-29 02:49:02,825] {logging_mixin.py:115} INFO - [2022-07-29 02:49:02,825] {dag.py:2972} INFO - Setting next_dagrun for example_xcom to 2021-01-01T00:00:00+00:00, run_after=2021-01-01T00:00:00+00:00
[2022-07-29 02:49:02,848] {processor.py:161} INFO - Processing /home/airflow/.local/lib/python3.7/site-packages/airflow/example_dags/example_xcom.py took 0.241 seconds
[2022-07-29 02:49:33,495] {processor.py:153} INFO - Started process (PID=4702) to work on /home/airflow/.local/lib/python3.7/site-packages/airflow/example_dags/example_xcom.py
[2022-07-29 02:49:33,496] {processor.py:641} INFO - Processing file /home/airflow/.local/lib/python3.7/site-packages/airflow/example_dags/example_xcom.py for tasks to queue
[2022-07-29 02:49:33,497] {logging_mixin.py:115} INFO - [2022-07-29 02:49:33,497] {dagbag.py:508} INFO - Filling up the DagBag from /home/airflow/.local/lib/python3.7/site-packages/airflow/example_dags/example_xcom.py
[2022-07-29 02:49:33,530] {processor.py:651} INFO - DAG(s) dict_keys(['example_xcom']) retrieved from /home/airflow/.local/lib/python3.7/site-packages/airflow/example_dags/example_xcom.py
[2022-07-29 02:49:33,663] {logging_mixin.py:115} INFO - [2022-07-29 02:49:33,663] {dag.py:2420} INFO - Sync 1 DAGs
[2022-07-29 02:49:33,704] {logging_mixin.py:115} INFO - [2022-07-29 02:49:33,704] {dag.py:2972} INFO - Setting next_dagrun for example_xcom to 2021-01-01T00:00:00+00:00, run_after=2021-01-01T00:00:00+00:00
[2022-07-29 02:49:33,727] {processor.py:161} INFO - Processing /home/airflow/.local/lib/python3.7/site-packages/airflow/example_dags/example_xcom.py took 0.239 seconds
[2022-07-29 02:50:04,166] {processor.py:153} INFO - Started process (PID=4784) to work on /home/airflow/.local/lib/python3.7/site-packages/airflow/example_dags/example_xcom.py
[2022-07-29 02:50:04,167] {processor.py:641} INFO - Processing file /home/airflow/.local/lib/python3.7/site-packages/airflow/example_dags/example_xcom.py for tasks to queue
[2022-07-29 02:50:04,168] {logging_mixin.py:115} INFO - [2022-07-29 02:50:04,168] {dagbag.py:508} INFO - Filling up the DagBag from /home/airflow/.local/lib/python3.7/site-packages/airflow/example_dags/example_xcom.py
[2022-07-29 02:50:04,229] {processor.py:651} INFO - DAG(s) dict_keys(['example_xcom']) retrieved from /home/airflow/.local/lib/python3.7/site-packages/airflow/example_dags/example_xcom.py
[2022-07-29 02:50:04,391] {logging_mixin.py:115} INFO - [2022-07-29 02:50:04,391] {dag.py:2420} INFO - Sync 1 DAGs
[2022-07-29 02:50:04,432] {logging_mixin.py:115} INFO - [2022-07-29 02:50:04,432] {dag.py:2972} INFO - Setting next_dagrun for example_xcom to 2021-01-01T00:00:00+00:00, run_after=2021-01-01T00:00:00+00:00
[2022-07-29 02:50:04,461] {processor.py:161} INFO - Processing /home/airflow/.local/lib/python3.7/site-packages/airflow/example_dags/example_xcom.py took 0.312 seconds
[2022-07-29 02:50:35,218] {processor.py:153} INFO - Started process (PID=4858) to work on /home/airflow/.local/lib/python3.7/site-packages/airflow/example_dags/example_xcom.py
[2022-07-29 02:50:35,219] {processor.py:641} INFO - Processing file /home/airflow/.local/lib/python3.7/site-packages/airflow/example_dags/example_xcom.py for tasks to queue
[2022-07-29 02:50:35,220] {logging_mixin.py:115} INFO - [2022-07-29 02:50:35,220] {dagbag.py:508} INFO - Filling up the DagBag from /home/airflow/.local/lib/python3.7/site-packages/airflow/example_dags/example_xcom.py
[2022-07-29 02:50:35,289] {processor.py:651} INFO - DAG(s) dict_keys(['example_xcom']) retrieved from /home/airflow/.local/lib/python3.7/site-packages/airflow/example_dags/example_xcom.py
[2022-07-29 02:50:35,450] {logging_mixin.py:115} INFO - [2022-07-29 02:50:35,450] {dag.py:2420} INFO - Sync 1 DAGs
[2022-07-29 02:50:35,525] {logging_mixin.py:115} INFO - [2022-07-29 02:50:35,525] {dag.py:2972} INFO - Setting next_dagrun for example_xcom to 2021-01-01T00:00:00+00:00, run_after=2021-01-01T00:00:00+00:00
[2022-07-29 02:50:35,568] {processor.py:161} INFO - Processing /home/airflow/.local/lib/python3.7/site-packages/airflow/example_dags/example_xcom.py took 0.374 seconds
[2022-07-29 02:51:06,269] {processor.py:153} INFO - Started process (PID=4938) to work on /home/airflow/.local/lib/python3.7/site-packages/airflow/example_dags/example_xcom.py
[2022-07-29 02:51:06,272] {processor.py:641} INFO - Processing file /home/airflow/.local/lib/python3.7/site-packages/airflow/example_dags/example_xcom.py for tasks to queue
[2022-07-29 02:51:06,273] {logging_mixin.py:115} INFO - [2022-07-29 02:51:06,273] {dagbag.py:508} INFO - Filling up the DagBag from /home/airflow/.local/lib/python3.7/site-packages/airflow/example_dags/example_xcom.py
[2022-07-29 02:51:06,340] {processor.py:651} INFO - DAG(s) dict_keys(['example_xcom']) retrieved from /home/airflow/.local/lib/python3.7/site-packages/airflow/example_dags/example_xcom.py
[2022-07-29 02:51:06,499] {logging_mixin.py:115} INFO - [2022-07-29 02:51:06,499] {dag.py:2420} INFO - Sync 1 DAGs
[2022-07-29 02:51:06,542] {logging_mixin.py:115} INFO - [2022-07-29 02:51:06,542] {dag.py:2972} INFO - Setting next_dagrun for example_xcom to 2021-01-01T00:00:00+00:00, run_after=2021-01-01T00:00:00+00:00
[2022-07-29 02:51:06,566] {processor.py:161} INFO - Processing /home/airflow/.local/lib/python3.7/site-packages/airflow/example_dags/example_xcom.py took 0.304 seconds
[2022-07-29 02:51:36,674] {processor.py:153} INFO - Started process (PID=5011) to work on /home/airflow/.local/lib/python3.7/site-packages/airflow/example_dags/example_xcom.py
[2022-07-29 02:51:36,675] {processor.py:641} INFO - Processing file /home/airflow/.local/lib/python3.7/site-packages/airflow/example_dags/example_xcom.py for tasks to queue
[2022-07-29 02:51:36,676] {logging_mixin.py:115} INFO - [2022-07-29 02:51:36,676] {dagbag.py:508} INFO - Filling up the DagBag from /home/airflow/.local/lib/python3.7/site-packages/airflow/example_dags/example_xcom.py
[2022-07-29 02:51:36,751] {processor.py:651} INFO - DAG(s) dict_keys(['example_xcom']) retrieved from /home/airflow/.local/lib/python3.7/site-packages/airflow/example_dags/example_xcom.py
[2022-07-29 02:51:36,897] {logging_mixin.py:115} INFO - [2022-07-29 02:51:36,897] {dag.py:2420} INFO - Sync 1 DAGs
[2022-07-29 02:51:36,967] {logging_mixin.py:115} INFO - [2022-07-29 02:51:36,967] {dag.py:2972} INFO - Setting next_dagrun for example_xcom to 2021-01-01T00:00:00+00:00, run_after=2021-01-01T00:00:00+00:00
[2022-07-29 02:51:36,993] {processor.py:161} INFO - Processing /home/airflow/.local/lib/python3.7/site-packages/airflow/example_dags/example_xcom.py took 0.328 seconds
[2022-07-29 02:52:07,137] {processor.py:153} INFO - Started process (PID=5093) to work on /home/airflow/.local/lib/python3.7/site-packages/airflow/example_dags/example_xcom.py
[2022-07-29 02:52:07,138] {processor.py:641} INFO - Processing file /home/airflow/.local/lib/python3.7/site-packages/airflow/example_dags/example_xcom.py for tasks to queue
[2022-07-29 02:52:07,139] {logging_mixin.py:115} INFO - [2022-07-29 02:52:07,138] {dagbag.py:508} INFO - Filling up the DagBag from /home/airflow/.local/lib/python3.7/site-packages/airflow/example_dags/example_xcom.py
[2022-07-29 02:52:07,187] {processor.py:651} INFO - DAG(s) dict_keys(['example_xcom']) retrieved from /home/airflow/.local/lib/python3.7/site-packages/airflow/example_dags/example_xcom.py
[2022-07-29 02:52:07,318] {logging_mixin.py:115} INFO - [2022-07-29 02:52:07,318] {dag.py:2420} INFO - Sync 1 DAGs
[2022-07-29 02:52:07,389] {logging_mixin.py:115} INFO - [2022-07-29 02:52:07,388] {dag.py:2972} INFO - Setting next_dagrun for example_xcom to 2021-01-01T00:00:00+00:00, run_after=2021-01-01T00:00:00+00:00
[2022-07-29 02:52:07,429] {processor.py:161} INFO - Processing /home/airflow/.local/lib/python3.7/site-packages/airflow/example_dags/example_xcom.py took 0.310 seconds
[2022-07-29 02:52:37,489] {processor.py:153} INFO - Started process (PID=5165) to work on /home/airflow/.local/lib/python3.7/site-packages/airflow/example_dags/example_xcom.py
[2022-07-29 02:52:37,490] {processor.py:641} INFO - Processing file /home/airflow/.local/lib/python3.7/site-packages/airflow/example_dags/example_xcom.py for tasks to queue
[2022-07-29 02:52:37,490] {logging_mixin.py:115} INFO - [2022-07-29 02:52:37,490] {dagbag.py:508} INFO - Filling up the DagBag from /home/airflow/.local/lib/python3.7/site-packages/airflow/example_dags/example_xcom.py
[2022-07-29 02:52:37,513] {processor.py:651} INFO - DAG(s) dict_keys(['example_xcom']) retrieved from /home/airflow/.local/lib/python3.7/site-packages/airflow/example_dags/example_xcom.py
[2022-07-29 02:52:37,606] {logging_mixin.py:115} INFO - [2022-07-29 02:52:37,606] {dag.py:2420} INFO - Sync 1 DAGs
[2022-07-29 02:52:37,632] {logging_mixin.py:115} INFO - [2022-07-29 02:52:37,632] {dag.py:2972} INFO - Setting next_dagrun for example_xcom to 2021-01-01T00:00:00+00:00, run_after=2021-01-01T00:00:00+00:00
[2022-07-29 02:52:37,653] {processor.py:161} INFO - Processing /home/airflow/.local/lib/python3.7/site-packages/airflow/example_dags/example_xcom.py took 0.169 seconds
[2022-07-29 02:53:08,851] {processor.py:153} INFO - Started process (PID=5238) to work on /home/airflow/.local/lib/python3.7/site-packages/airflow/example_dags/example_xcom.py
[2022-07-29 02:53:08,868] {processor.py:641} INFO - Processing file /home/airflow/.local/lib/python3.7/site-packages/airflow/example_dags/example_xcom.py for tasks to queue
[2022-07-29 02:53:08,869] {logging_mixin.py:115} INFO - [2022-07-29 02:53:08,869] {dagbag.py:508} INFO - Filling up the DagBag from /home/airflow/.local/lib/python3.7/site-packages/airflow/example_dags/example_xcom.py
[2022-07-29 02:53:08,991] {processor.py:651} INFO - DAG(s) dict_keys(['example_xcom']) retrieved from /home/airflow/.local/lib/python3.7/site-packages/airflow/example_dags/example_xcom.py
[2022-07-29 02:53:09,513] {logging_mixin.py:115} INFO - [2022-07-29 02:53:09,512] {dag.py:2420} INFO - Sync 1 DAGs
[2022-07-29 02:53:09,633] {logging_mixin.py:115} INFO - [2022-07-29 02:53:09,632] {dag.py:2972} INFO - Setting next_dagrun for example_xcom to 2021-01-01T00:00:00+00:00, run_after=2021-01-01T00:00:00+00:00
[2022-07-29 02:53:09,708] {processor.py:161} INFO - Processing /home/airflow/.local/lib/python3.7/site-packages/airflow/example_dags/example_xcom.py took 0.871 seconds
[2022-07-29 02:53:40,065] {processor.py:153} INFO - Started process (PID=5319) to work on /home/airflow/.local/lib/python3.7/site-packages/airflow/example_dags/example_xcom.py
[2022-07-29 02:53:40,066] {processor.py:641} INFO - Processing file /home/airflow/.local/lib/python3.7/site-packages/airflow/example_dags/example_xcom.py for tasks to queue
[2022-07-29 02:53:40,066] {logging_mixin.py:115} INFO - [2022-07-29 02:53:40,066] {dagbag.py:508} INFO - Filling up the DagBag from /home/airflow/.local/lib/python3.7/site-packages/airflow/example_dags/example_xcom.py
[2022-07-29 02:53:40,089] {processor.py:651} INFO - DAG(s) dict_keys(['example_xcom']) retrieved from /home/airflow/.local/lib/python3.7/site-packages/airflow/example_dags/example_xcom.py
[2022-07-29 02:53:40,175] {logging_mixin.py:115} INFO - [2022-07-29 02:53:40,175] {dag.py:2420} INFO - Sync 1 DAGs
[2022-07-29 02:53:40,201] {logging_mixin.py:115} INFO - [2022-07-29 02:53:40,201] {dag.py:2972} INFO - Setting next_dagrun for example_xcom to 2021-01-01T00:00:00+00:00, run_after=2021-01-01T00:00:00+00:00
[2022-07-29 02:53:40,221] {processor.py:161} INFO - Processing /home/airflow/.local/lib/python3.7/site-packages/airflow/example_dags/example_xcom.py took 0.162 seconds
[2022-07-29 02:54:10,489] {processor.py:153} INFO - Started process (PID=5392) to work on /home/airflow/.local/lib/python3.7/site-packages/airflow/example_dags/example_xcom.py
[2022-07-29 02:54:10,490] {processor.py:641} INFO - Processing file /home/airflow/.local/lib/python3.7/site-packages/airflow/example_dags/example_xcom.py for tasks to queue
[2022-07-29 02:54:10,490] {logging_mixin.py:115} INFO - [2022-07-29 02:54:10,490] {dagbag.py:508} INFO - Filling up the DagBag from /home/airflow/.local/lib/python3.7/site-packages/airflow/example_dags/example_xcom.py
[2022-07-29 02:54:10,513] {processor.py:651} INFO - DAG(s) dict_keys(['example_xcom']) retrieved from /home/airflow/.local/lib/python3.7/site-packages/airflow/example_dags/example_xcom.py
[2022-07-29 02:54:10,613] {logging_mixin.py:115} INFO - [2022-07-29 02:54:10,613] {dag.py:2420} INFO - Sync 1 DAGs
[2022-07-29 02:54:10,644] {logging_mixin.py:115} INFO - [2022-07-29 02:54:10,644] {dag.py:2972} INFO - Setting next_dagrun for example_xcom to 2021-01-01T00:00:00+00:00, run_after=2021-01-01T00:00:00+00:00
[2022-07-29 02:54:10,660] {processor.py:161} INFO - Processing /home/airflow/.local/lib/python3.7/site-packages/airflow/example_dags/example_xcom.py took 0.176 seconds
[2022-07-29 02:54:41,810] {processor.py:153} INFO - Started process (PID=5467) to work on /home/airflow/.local/lib/python3.7/site-packages/airflow/example_dags/example_xcom.py
[2022-07-29 02:54:41,816] {processor.py:641} INFO - Processing file /home/airflow/.local/lib/python3.7/site-packages/airflow/example_dags/example_xcom.py for tasks to queue
[2022-07-29 02:54:41,817] {logging_mixin.py:115} INFO - [2022-07-29 02:54:41,817] {dagbag.py:508} INFO - Filling up the DagBag from /home/airflow/.local/lib/python3.7/site-packages/airflow/example_dags/example_xcom.py
[2022-07-29 02:54:41,917] {processor.py:651} INFO - DAG(s) dict_keys(['example_xcom']) retrieved from /home/airflow/.local/lib/python3.7/site-packages/airflow/example_dags/example_xcom.py
[2022-07-29 02:54:42,072] {logging_mixin.py:115} INFO - [2022-07-29 02:54:42,072] {dag.py:2420} INFO - Sync 1 DAGs
[2022-07-29 02:54:42,199] {logging_mixin.py:115} INFO - [2022-07-29 02:54:42,199] {dag.py:2972} INFO - Setting next_dagrun for example_xcom to 2021-01-01T00:00:00+00:00, run_after=2021-01-01T00:00:00+00:00
[2022-07-29 02:54:42,256] {processor.py:161} INFO - Processing /home/airflow/.local/lib/python3.7/site-packages/airflow/example_dags/example_xcom.py took 0.473 seconds
[2022-07-29 02:55:15,973] {processor.py:153} INFO - Started process (PID=5548) to work on /home/airflow/.local/lib/python3.7/site-packages/airflow/example_dags/example_xcom.py
[2022-07-29 02:55:15,977] {processor.py:641} INFO - Processing file /home/airflow/.local/lib/python3.7/site-packages/airflow/example_dags/example_xcom.py for tasks to queue
[2022-07-29 02:55:15,978] {logging_mixin.py:115} INFO - [2022-07-29 02:55:15,978] {dagbag.py:508} INFO - Filling up the DagBag from /home/airflow/.local/lib/python3.7/site-packages/airflow/example_dags/example_xcom.py
[2022-07-29 02:55:16,043] {processor.py:651} INFO - DAG(s) dict_keys(['example_xcom']) retrieved from /home/airflow/.local/lib/python3.7/site-packages/airflow/example_dags/example_xcom.py
[2022-07-29 02:55:16,300] {logging_mixin.py:115} INFO - [2022-07-29 02:55:16,300] {dag.py:2420} INFO - Sync 1 DAGs
[2022-07-29 02:55:16,375] {logging_mixin.py:115} INFO - [2022-07-29 02:55:16,374] {dag.py:2972} INFO - Setting next_dagrun for example_xcom to 2021-01-01T00:00:00+00:00, run_after=2021-01-01T00:00:00+00:00
[2022-07-29 02:55:16,421] {processor.py:161} INFO - Processing /home/airflow/.local/lib/python3.7/site-packages/airflow/example_dags/example_xcom.py took 0.467 seconds
[2022-07-29 02:55:46,655] {processor.py:153} INFO - Started process (PID=5621) to work on /home/airflow/.local/lib/python3.7/site-packages/airflow/example_dags/example_xcom.py
[2022-07-29 02:55:46,657] {processor.py:641} INFO - Processing file /home/airflow/.local/lib/python3.7/site-packages/airflow/example_dags/example_xcom.py for tasks to queue
[2022-07-29 02:55:46,658] {logging_mixin.py:115} INFO - [2022-07-29 02:55:46,658] {dagbag.py:508} INFO - Filling up the DagBag from /home/airflow/.local/lib/python3.7/site-packages/airflow/example_dags/example_xcom.py
[2022-07-29 02:55:46,710] {processor.py:651} INFO - DAG(s) dict_keys(['example_xcom']) retrieved from /home/airflow/.local/lib/python3.7/site-packages/airflow/example_dags/example_xcom.py
[2022-07-29 02:55:46,997] {logging_mixin.py:115} INFO - [2022-07-29 02:55:46,997] {dag.py:2420} INFO - Sync 1 DAGs
[2022-07-29 02:55:47,132] {logging_mixin.py:115} INFO - [2022-07-29 02:55:47,132] {dag.py:2972} INFO - Setting next_dagrun for example_xcom to 2021-01-01T00:00:00+00:00, run_after=2021-01-01T00:00:00+00:00
[2022-07-29 02:55:47,179] {processor.py:161} INFO - Processing /home/airflow/.local/lib/python3.7/site-packages/airflow/example_dags/example_xcom.py took 0.535 seconds
[2022-07-29 02:56:19,436] {processor.py:153} INFO - Started process (PID=5704) to work on /home/airflow/.local/lib/python3.7/site-packages/airflow/example_dags/example_xcom.py
[2022-07-29 02:56:19,437] {processor.py:641} INFO - Processing file /home/airflow/.local/lib/python3.7/site-packages/airflow/example_dags/example_xcom.py for tasks to queue
[2022-07-29 02:56:19,437] {logging_mixin.py:115} INFO - [2022-07-29 02:56:19,437] {dagbag.py:508} INFO - Filling up the DagBag from /home/airflow/.local/lib/python3.7/site-packages/airflow/example_dags/example_xcom.py
[2022-07-29 02:56:19,510] {processor.py:651} INFO - DAG(s) dict_keys(['example_xcom']) retrieved from /home/airflow/.local/lib/python3.7/site-packages/airflow/example_dags/example_xcom.py
[2022-07-29 02:56:19,595] {logging_mixin.py:115} INFO - [2022-07-29 02:56:19,595] {dag.py:2420} INFO - Sync 1 DAGs
[2022-07-29 02:56:19,652] {logging_mixin.py:115} INFO - [2022-07-29 02:56:19,652] {dag.py:2972} INFO - Setting next_dagrun for example_xcom to 2021-01-01T00:00:00+00:00, run_after=2021-01-01T00:00:00+00:00
[2022-07-29 02:56:19,688] {processor.py:161} INFO - Processing /home/airflow/.local/lib/python3.7/site-packages/airflow/example_dags/example_xcom.py took 0.271 seconds
[2022-07-29 02:56:50,186] {processor.py:153} INFO - Started process (PID=5777) to work on /home/airflow/.local/lib/python3.7/site-packages/airflow/example_dags/example_xcom.py
[2022-07-29 02:56:50,186] {processor.py:641} INFO - Processing file /home/airflow/.local/lib/python3.7/site-packages/airflow/example_dags/example_xcom.py for tasks to queue
[2022-07-29 02:56:50,187] {logging_mixin.py:115} INFO - [2022-07-29 02:56:50,187] {dagbag.py:508} INFO - Filling up the DagBag from /home/airflow/.local/lib/python3.7/site-packages/airflow/example_dags/example_xcom.py
[2022-07-29 02:56:50,220] {processor.py:651} INFO - DAG(s) dict_keys(['example_xcom']) retrieved from /home/airflow/.local/lib/python3.7/site-packages/airflow/example_dags/example_xcom.py
[2022-07-29 02:56:50,351] {logging_mixin.py:115} INFO - [2022-07-29 02:56:50,351] {dag.py:2420} INFO - Sync 1 DAGs
[2022-07-29 02:56:50,392] {logging_mixin.py:115} INFO - [2022-07-29 02:56:50,392] {dag.py:2972} INFO - Setting next_dagrun for example_xcom to 2021-01-01T00:00:00+00:00, run_after=2021-01-01T00:00:00+00:00
[2022-07-29 02:56:50,427] {processor.py:161} INFO - Processing /home/airflow/.local/lib/python3.7/site-packages/airflow/example_dags/example_xcom.py took 0.248 seconds
[2022-07-29 02:57:20,657] {processor.py:153} INFO - Started process (PID=5848) to work on /home/airflow/.local/lib/python3.7/site-packages/airflow/example_dags/example_xcom.py
[2022-07-29 02:57:20,664] {processor.py:641} INFO - Processing file /home/airflow/.local/lib/python3.7/site-packages/airflow/example_dags/example_xcom.py for tasks to queue
[2022-07-29 02:57:20,665] {logging_mixin.py:115} INFO - [2022-07-29 02:57:20,665] {dagbag.py:508} INFO - Filling up the DagBag from /home/airflow/.local/lib/python3.7/site-packages/airflow/example_dags/example_xcom.py
[2022-07-29 02:57:20,738] {processor.py:651} INFO - DAG(s) dict_keys(['example_xcom']) retrieved from /home/airflow/.local/lib/python3.7/site-packages/airflow/example_dags/example_xcom.py
[2022-07-29 02:57:20,896] {logging_mixin.py:115} INFO - [2022-07-29 02:57:20,896] {dag.py:2420} INFO - Sync 1 DAGs
[2022-07-29 02:57:20,940] {logging_mixin.py:115} INFO - [2022-07-29 02:57:20,940] {dag.py:2972} INFO - Setting next_dagrun for example_xcom to 2021-01-01T00:00:00+00:00, run_after=2021-01-01T00:00:00+00:00
[2022-07-29 02:57:20,983] {processor.py:161} INFO - Processing /home/airflow/.local/lib/python3.7/site-packages/airflow/example_dags/example_xcom.py took 0.337 seconds
[2022-07-29 02:57:52,362] {processor.py:153} INFO - Started process (PID=5928) to work on /home/airflow/.local/lib/python3.7/site-packages/airflow/example_dags/example_xcom.py
[2022-07-29 02:57:52,362] {processor.py:641} INFO - Processing file /home/airflow/.local/lib/python3.7/site-packages/airflow/example_dags/example_xcom.py for tasks to queue
[2022-07-29 02:57:52,363] {logging_mixin.py:115} INFO - [2022-07-29 02:57:52,363] {dagbag.py:508} INFO - Filling up the DagBag from /home/airflow/.local/lib/python3.7/site-packages/airflow/example_dags/example_xcom.py
[2022-07-29 02:57:52,467] {processor.py:651} INFO - DAG(s) dict_keys(['example_xcom']) retrieved from /home/airflow/.local/lib/python3.7/site-packages/airflow/example_dags/example_xcom.py
[2022-07-29 02:57:52,901] {logging_mixin.py:115} INFO - [2022-07-29 02:57:52,901] {dag.py:2420} INFO - Sync 1 DAGs
[2022-07-29 02:57:53,041] {logging_mixin.py:115} INFO - [2022-07-29 02:57:53,040] {dag.py:2972} INFO - Setting next_dagrun for example_xcom to 2021-01-01T00:00:00+00:00, run_after=2021-01-01T00:00:00+00:00
[2022-07-29 02:57:53,144] {processor.py:161} INFO - Processing /home/airflow/.local/lib/python3.7/site-packages/airflow/example_dags/example_xcom.py took 0.798 seconds
