[2022-07-29 02:17:31,111] {processor.py:153} INFO - Started process (PID=98) to work on /home/airflow/.local/lib/python3.7/site-packages/airflow/example_dags/example_python_operator.py
[2022-07-29 02:17:31,120] {processor.py:641} INFO - Processing file /home/airflow/.local/lib/python3.7/site-packages/airflow/example_dags/example_python_operator.py for tasks to queue
[2022-07-29 02:17:31,121] {logging_mixin.py:115} INFO - [2022-07-29 02:17:31,121] {dagbag.py:508} INFO - Filling up the DagBag from /home/airflow/.local/lib/python3.7/site-packages/airflow/example_dags/example_python_operator.py
[2022-07-29 02:17:31,175] {processor.py:651} INFO - DAG(s) dict_keys(['example_python_operator']) retrieved from /home/airflow/.local/lib/python3.7/site-packages/airflow/example_dags/example_python_operator.py
[2022-07-29 02:17:31,492] {logging_mixin.py:115} INFO - [2022-07-29 02:17:31,492] {dag.py:2420} INFO - Sync 1 DAGs
[2022-07-29 02:17:31,552] {logging_mixin.py:115} INFO - [2022-07-29 02:17:31,552] {dag.py:2972} INFO - Setting next_dagrun for example_python_operator to None, run_after=None
[2022-07-29 02:17:31,580] {processor.py:161} INFO - Processing /home/airflow/.local/lib/python3.7/site-packages/airflow/example_dags/example_python_operator.py took 0.475 seconds
[2022-07-29 02:18:01,694] {processor.py:153} INFO - Started process (PID=171) to work on /home/airflow/.local/lib/python3.7/site-packages/airflow/example_dags/example_python_operator.py
[2022-07-29 02:18:01,695] {processor.py:641} INFO - Processing file /home/airflow/.local/lib/python3.7/site-packages/airflow/example_dags/example_python_operator.py for tasks to queue
[2022-07-29 02:18:01,696] {logging_mixin.py:115} INFO - [2022-07-29 02:18:01,696] {dagbag.py:508} INFO - Filling up the DagBag from /home/airflow/.local/lib/python3.7/site-packages/airflow/example_dags/example_python_operator.py
[2022-07-29 02:18:01,734] {processor.py:651} INFO - DAG(s) dict_keys(['example_python_operator']) retrieved from /home/airflow/.local/lib/python3.7/site-packages/airflow/example_dags/example_python_operator.py
[2022-07-29 02:18:01,944] {logging_mixin.py:115} INFO - [2022-07-29 02:18:01,944] {dag.py:2420} INFO - Sync 1 DAGs
[2022-07-29 02:18:01,968] {logging_mixin.py:115} INFO - [2022-07-29 02:18:01,967] {dag.py:2972} INFO - Setting next_dagrun for example_python_operator to None, run_after=None
[2022-07-29 02:18:01,981] {processor.py:161} INFO - Processing /home/airflow/.local/lib/python3.7/site-packages/airflow/example_dags/example_python_operator.py took 0.293 seconds
[2022-07-29 02:18:33,140] {processor.py:153} INFO - Started process (PID=244) to work on /home/airflow/.local/lib/python3.7/site-packages/airflow/example_dags/example_python_operator.py
[2022-07-29 02:18:33,144] {processor.py:641} INFO - Processing file /home/airflow/.local/lib/python3.7/site-packages/airflow/example_dags/example_python_operator.py for tasks to queue
[2022-07-29 02:18:33,145] {logging_mixin.py:115} INFO - [2022-07-29 02:18:33,145] {dagbag.py:508} INFO - Filling up the DagBag from /home/airflow/.local/lib/python3.7/site-packages/airflow/example_dags/example_python_operator.py
[2022-07-29 02:18:33,199] {processor.py:651} INFO - DAG(s) dict_keys(['example_python_operator']) retrieved from /home/airflow/.local/lib/python3.7/site-packages/airflow/example_dags/example_python_operator.py
[2022-07-29 02:18:33,463] {logging_mixin.py:115} INFO - [2022-07-29 02:18:33,463] {dag.py:2420} INFO - Sync 1 DAGs
[2022-07-29 02:18:33,500] {logging_mixin.py:115} INFO - [2022-07-29 02:18:33,500] {dag.py:2972} INFO - Setting next_dagrun for example_python_operator to None, run_after=None
[2022-07-29 02:18:33,518] {processor.py:161} INFO - Processing /home/airflow/.local/lib/python3.7/site-packages/airflow/example_dags/example_python_operator.py took 0.392 seconds
[2022-07-29 02:19:04,825] {processor.py:153} INFO - Started process (PID=324) to work on /home/airflow/.local/lib/python3.7/site-packages/airflow/example_dags/example_python_operator.py
[2022-07-29 02:19:04,829] {processor.py:641} INFO - Processing file /home/airflow/.local/lib/python3.7/site-packages/airflow/example_dags/example_python_operator.py for tasks to queue
[2022-07-29 02:19:04,830] {logging_mixin.py:115} INFO - [2022-07-29 02:19:04,830] {dagbag.py:508} INFO - Filling up the DagBag from /home/airflow/.local/lib/python3.7/site-packages/airflow/example_dags/example_python_operator.py
[2022-07-29 02:19:04,904] {processor.py:651} INFO - DAG(s) dict_keys(['example_python_operator']) retrieved from /home/airflow/.local/lib/python3.7/site-packages/airflow/example_dags/example_python_operator.py
[2022-07-29 02:19:05,348] {logging_mixin.py:115} INFO - [2022-07-29 02:19:05,348] {dag.py:2420} INFO - Sync 1 DAGs
[2022-07-29 02:19:05,412] {logging_mixin.py:115} INFO - [2022-07-29 02:19:05,411] {dag.py:2972} INFO - Setting next_dagrun for example_python_operator to None, run_after=None
[2022-07-29 02:19:05,448] {processor.py:161} INFO - Processing /home/airflow/.local/lib/python3.7/site-packages/airflow/example_dags/example_python_operator.py took 0.638 seconds
[2022-07-29 02:19:35,777] {processor.py:153} INFO - Started process (PID=400) to work on /home/airflow/.local/lib/python3.7/site-packages/airflow/example_dags/example_python_operator.py
[2022-07-29 02:19:35,778] {processor.py:641} INFO - Processing file /home/airflow/.local/lib/python3.7/site-packages/airflow/example_dags/example_python_operator.py for tasks to queue
[2022-07-29 02:19:35,778] {logging_mixin.py:115} INFO - [2022-07-29 02:19:35,778] {dagbag.py:508} INFO - Filling up the DagBag from /home/airflow/.local/lib/python3.7/site-packages/airflow/example_dags/example_python_operator.py
[2022-07-29 02:19:35,893] {processor.py:651} INFO - DAG(s) dict_keys(['example_python_operator']) retrieved from /home/airflow/.local/lib/python3.7/site-packages/airflow/example_dags/example_python_operator.py
[2022-07-29 02:19:36,420] {logging_mixin.py:115} INFO - [2022-07-29 02:19:36,420] {dag.py:2420} INFO - Sync 1 DAGs
[2022-07-29 02:19:36,486] {logging_mixin.py:115} INFO - [2022-07-29 02:19:36,486] {dag.py:2972} INFO - Setting next_dagrun for example_python_operator to None, run_after=None
[2022-07-29 02:19:36,544] {processor.py:161} INFO - Processing /home/airflow/.local/lib/python3.7/site-packages/airflow/example_dags/example_python_operator.py took 0.782 seconds
[2022-07-29 02:20:06,673] {processor.py:153} INFO - Started process (PID=472) to work on /home/airflow/.local/lib/python3.7/site-packages/airflow/example_dags/example_python_operator.py
[2022-07-29 02:20:06,674] {processor.py:641} INFO - Processing file /home/airflow/.local/lib/python3.7/site-packages/airflow/example_dags/example_python_operator.py for tasks to queue
[2022-07-29 02:20:06,675] {logging_mixin.py:115} INFO - [2022-07-29 02:20:06,674] {dagbag.py:508} INFO - Filling up the DagBag from /home/airflow/.local/lib/python3.7/site-packages/airflow/example_dags/example_python_operator.py
[2022-07-29 02:20:06,712] {processor.py:651} INFO - DAG(s) dict_keys(['example_python_operator']) retrieved from /home/airflow/.local/lib/python3.7/site-packages/airflow/example_dags/example_python_operator.py
[2022-07-29 02:20:06,995] {logging_mixin.py:115} INFO - [2022-07-29 02:20:06,995] {dag.py:2420} INFO - Sync 1 DAGs
[2022-07-29 02:20:07,046] {logging_mixin.py:115} INFO - [2022-07-29 02:20:07,046] {dag.py:2972} INFO - Setting next_dagrun for example_python_operator to None, run_after=None
[2022-07-29 02:20:07,091] {processor.py:161} INFO - Processing /home/airflow/.local/lib/python3.7/site-packages/airflow/example_dags/example_python_operator.py took 0.425 seconds
[2022-07-29 02:20:38,102] {processor.py:153} INFO - Started process (PID=555) to work on /home/airflow/.local/lib/python3.7/site-packages/airflow/example_dags/example_python_operator.py
[2022-07-29 02:20:38,112] {processor.py:641} INFO - Processing file /home/airflow/.local/lib/python3.7/site-packages/airflow/example_dags/example_python_operator.py for tasks to queue
[2022-07-29 02:20:38,113] {logging_mixin.py:115} INFO - [2022-07-29 02:20:38,112] {dagbag.py:508} INFO - Filling up the DagBag from /home/airflow/.local/lib/python3.7/site-packages/airflow/example_dags/example_python_operator.py
[2022-07-29 02:20:38,184] {processor.py:651} INFO - DAG(s) dict_keys(['example_python_operator']) retrieved from /home/airflow/.local/lib/python3.7/site-packages/airflow/example_dags/example_python_operator.py
[2022-07-29 02:20:38,495] {logging_mixin.py:115} INFO - [2022-07-29 02:20:38,495] {dag.py:2420} INFO - Sync 1 DAGs
[2022-07-29 02:20:38,532] {logging_mixin.py:115} INFO - [2022-07-29 02:20:38,532] {dag.py:2972} INFO - Setting next_dagrun for example_python_operator to None, run_after=None
[2022-07-29 02:20:38,551] {processor.py:161} INFO - Processing /home/airflow/.local/lib/python3.7/site-packages/airflow/example_dags/example_python_operator.py took 0.464 seconds
[2022-07-29 02:21:10,411] {processor.py:153} INFO - Started process (PID=629) to work on /home/airflow/.local/lib/python3.7/site-packages/airflow/example_dags/example_python_operator.py
[2022-07-29 02:21:10,420] {processor.py:641} INFO - Processing file /home/airflow/.local/lib/python3.7/site-packages/airflow/example_dags/example_python_operator.py for tasks to queue
[2022-07-29 02:21:10,421] {logging_mixin.py:115} INFO - [2022-07-29 02:21:10,421] {dagbag.py:508} INFO - Filling up the DagBag from /home/airflow/.local/lib/python3.7/site-packages/airflow/example_dags/example_python_operator.py
[2022-07-29 02:21:10,549] {processor.py:651} INFO - DAG(s) dict_keys(['example_python_operator']) retrieved from /home/airflow/.local/lib/python3.7/site-packages/airflow/example_dags/example_python_operator.py
[2022-07-29 02:21:11,360] {logging_mixin.py:115} INFO - [2022-07-29 02:21:11,360] {dag.py:2420} INFO - Sync 1 DAGs
[2022-07-29 02:21:11,460] {logging_mixin.py:115} INFO - [2022-07-29 02:21:11,460] {dag.py:2972} INFO - Setting next_dagrun for example_python_operator to None, run_after=None
[2022-07-29 02:21:11,500] {processor.py:161} INFO - Processing /home/airflow/.local/lib/python3.7/site-packages/airflow/example_dags/example_python_operator.py took 1.107 seconds
[2022-07-29 02:21:43,709] {processor.py:153} INFO - Started process (PID=710) to work on /home/airflow/.local/lib/python3.7/site-packages/airflow/example_dags/example_python_operator.py
[2022-07-29 02:21:43,710] {processor.py:641} INFO - Processing file /home/airflow/.local/lib/python3.7/site-packages/airflow/example_dags/example_python_operator.py for tasks to queue
[2022-07-29 02:21:43,711] {logging_mixin.py:115} INFO - [2022-07-29 02:21:43,711] {dagbag.py:508} INFO - Filling up the DagBag from /home/airflow/.local/lib/python3.7/site-packages/airflow/example_dags/example_python_operator.py
[2022-07-29 02:21:43,747] {processor.py:651} INFO - DAG(s) dict_keys(['example_python_operator']) retrieved from /home/airflow/.local/lib/python3.7/site-packages/airflow/example_dags/example_python_operator.py
[2022-07-29 02:21:44,000] {logging_mixin.py:115} INFO - [2022-07-29 02:21:44,000] {dag.py:2420} INFO - Sync 1 DAGs
[2022-07-29 02:21:44,033] {logging_mixin.py:115} INFO - [2022-07-29 02:21:44,033] {dag.py:2972} INFO - Setting next_dagrun for example_python_operator to None, run_after=None
[2022-07-29 02:21:44,050] {processor.py:161} INFO - Processing /home/airflow/.local/lib/python3.7/site-packages/airflow/example_dags/example_python_operator.py took 0.347 seconds
[2022-07-29 02:22:15,809] {processor.py:153} INFO - Started process (PID=784) to work on /home/airflow/.local/lib/python3.7/site-packages/airflow/example_dags/example_python_operator.py
[2022-07-29 02:22:15,810] {processor.py:641} INFO - Processing file /home/airflow/.local/lib/python3.7/site-packages/airflow/example_dags/example_python_operator.py for tasks to queue
[2022-07-29 02:22:15,810] {logging_mixin.py:115} INFO - [2022-07-29 02:22:15,810] {dagbag.py:508} INFO - Filling up the DagBag from /home/airflow/.local/lib/python3.7/site-packages/airflow/example_dags/example_python_operator.py
[2022-07-29 02:22:15,851] {processor.py:651} INFO - DAG(s) dict_keys(['example_python_operator']) retrieved from /home/airflow/.local/lib/python3.7/site-packages/airflow/example_dags/example_python_operator.py
[2022-07-29 02:22:16,115] {logging_mixin.py:115} INFO - [2022-07-29 02:22:16,115] {dag.py:2420} INFO - Sync 1 DAGs
[2022-07-29 02:22:16,153] {logging_mixin.py:115} INFO - [2022-07-29 02:22:16,153] {dag.py:2972} INFO - Setting next_dagrun for example_python_operator to None, run_after=None
[2022-07-29 02:22:16,173] {processor.py:161} INFO - Processing /home/airflow/.local/lib/python3.7/site-packages/airflow/example_dags/example_python_operator.py took 0.371 seconds
[2022-07-29 02:22:51,380] {processor.py:153} INFO - Started process (PID=866) to work on /home/airflow/.local/lib/python3.7/site-packages/airflow/example_dags/example_python_operator.py
[2022-07-29 02:22:51,384] {processor.py:641} INFO - Processing file /home/airflow/.local/lib/python3.7/site-packages/airflow/example_dags/example_python_operator.py for tasks to queue
[2022-07-29 02:22:51,385] {logging_mixin.py:115} INFO - [2022-07-29 02:22:51,385] {dagbag.py:508} INFO - Filling up the DagBag from /home/airflow/.local/lib/python3.7/site-packages/airflow/example_dags/example_python_operator.py
[2022-07-29 02:22:51,424] {processor.py:651} INFO - DAG(s) dict_keys(['example_python_operator']) retrieved from /home/airflow/.local/lib/python3.7/site-packages/airflow/example_dags/example_python_operator.py
[2022-07-29 02:22:51,954] {logging_mixin.py:115} INFO - [2022-07-29 02:22:51,954] {dag.py:2420} INFO - Sync 1 DAGs
[2022-07-29 02:22:52,028] {logging_mixin.py:115} INFO - [2022-07-29 02:22:52,028] {dag.py:2972} INFO - Setting next_dagrun for example_python_operator to None, run_after=None
[2022-07-29 02:22:52,057] {processor.py:161} INFO - Processing /home/airflow/.local/lib/python3.7/site-packages/airflow/example_dags/example_python_operator.py took 0.695 seconds
[2022-07-29 02:23:22,196] {processor.py:153} INFO - Started process (PID=939) to work on /home/airflow/.local/lib/python3.7/site-packages/airflow/example_dags/example_python_operator.py
[2022-07-29 02:23:22,197] {processor.py:641} INFO - Processing file /home/airflow/.local/lib/python3.7/site-packages/airflow/example_dags/example_python_operator.py for tasks to queue
[2022-07-29 02:23:22,198] {logging_mixin.py:115} INFO - [2022-07-29 02:23:22,197] {dagbag.py:508} INFO - Filling up the DagBag from /home/airflow/.local/lib/python3.7/site-packages/airflow/example_dags/example_python_operator.py
[2022-07-29 02:23:22,284] {processor.py:651} INFO - DAG(s) dict_keys(['example_python_operator']) retrieved from /home/airflow/.local/lib/python3.7/site-packages/airflow/example_dags/example_python_operator.py
[2022-07-29 02:23:22,744] {logging_mixin.py:115} INFO - [2022-07-29 02:23:22,744] {dag.py:2420} INFO - Sync 1 DAGs
[2022-07-29 02:23:22,804] {logging_mixin.py:115} INFO - [2022-07-29 02:23:22,804] {dag.py:2972} INFO - Setting next_dagrun for example_python_operator to None, run_after=None
[2022-07-29 02:23:22,844] {processor.py:161} INFO - Processing /home/airflow/.local/lib/python3.7/site-packages/airflow/example_dags/example_python_operator.py took 0.667 seconds
[2022-07-29 02:23:55,652] {processor.py:153} INFO - Started process (PID=1019) to work on /home/airflow/.local/lib/python3.7/site-packages/airflow/example_dags/example_python_operator.py
[2022-07-29 02:23:55,660] {processor.py:641} INFO - Processing file /home/airflow/.local/lib/python3.7/site-packages/airflow/example_dags/example_python_operator.py for tasks to queue
[2022-07-29 02:23:55,661] {logging_mixin.py:115} INFO - [2022-07-29 02:23:55,661] {dagbag.py:508} INFO - Filling up the DagBag from /home/airflow/.local/lib/python3.7/site-packages/airflow/example_dags/example_python_operator.py
[2022-07-29 02:23:55,736] {processor.py:651} INFO - DAG(s) dict_keys(['example_python_operator']) retrieved from /home/airflow/.local/lib/python3.7/site-packages/airflow/example_dags/example_python_operator.py
[2022-07-29 02:23:56,104] {logging_mixin.py:115} INFO - [2022-07-29 02:23:56,104] {dag.py:2420} INFO - Sync 1 DAGs
[2022-07-29 02:23:56,173] {logging_mixin.py:115} INFO - [2022-07-29 02:23:56,172] {dag.py:2972} INFO - Setting next_dagrun for example_python_operator to None, run_after=None
[2022-07-29 02:23:56,209] {processor.py:161} INFO - Processing /home/airflow/.local/lib/python3.7/site-packages/airflow/example_dags/example_python_operator.py took 0.572 seconds
[2022-07-29 02:24:27,933] {processor.py:153} INFO - Started process (PID=1094) to work on /home/airflow/.local/lib/python3.7/site-packages/airflow/example_dags/example_python_operator.py
[2022-07-29 02:24:27,934] {processor.py:641} INFO - Processing file /home/airflow/.local/lib/python3.7/site-packages/airflow/example_dags/example_python_operator.py for tasks to queue
[2022-07-29 02:24:27,935] {logging_mixin.py:115} INFO - [2022-07-29 02:24:27,935] {dagbag.py:508} INFO - Filling up the DagBag from /home/airflow/.local/lib/python3.7/site-packages/airflow/example_dags/example_python_operator.py
[2022-07-29 02:24:27,976] {processor.py:651} INFO - DAG(s) dict_keys(['example_python_operator']) retrieved from /home/airflow/.local/lib/python3.7/site-packages/airflow/example_dags/example_python_operator.py
[2022-07-29 02:24:28,306] {logging_mixin.py:115} INFO - [2022-07-29 02:24:28,306] {dag.py:2420} INFO - Sync 1 DAGs
[2022-07-29 02:24:28,342] {logging_mixin.py:115} INFO - [2022-07-29 02:24:28,342] {dag.py:2972} INFO - Setting next_dagrun for example_python_operator to None, run_after=None
[2022-07-29 02:24:28,363] {processor.py:161} INFO - Processing /home/airflow/.local/lib/python3.7/site-packages/airflow/example_dags/example_python_operator.py took 0.438 seconds
[2022-07-29 02:24:59,537] {processor.py:153} INFO - Started process (PID=1166) to work on /home/airflow/.local/lib/python3.7/site-packages/airflow/example_dags/example_python_operator.py
[2022-07-29 02:24:59,538] {processor.py:641} INFO - Processing file /home/airflow/.local/lib/python3.7/site-packages/airflow/example_dags/example_python_operator.py for tasks to queue
[2022-07-29 02:24:59,539] {logging_mixin.py:115} INFO - [2022-07-29 02:24:59,539] {dagbag.py:508} INFO - Filling up the DagBag from /home/airflow/.local/lib/python3.7/site-packages/airflow/example_dags/example_python_operator.py
[2022-07-29 02:24:59,575] {processor.py:651} INFO - DAG(s) dict_keys(['example_python_operator']) retrieved from /home/airflow/.local/lib/python3.7/site-packages/airflow/example_dags/example_python_operator.py
[2022-07-29 02:24:59,856] {logging_mixin.py:115} INFO - [2022-07-29 02:24:59,856] {dag.py:2420} INFO - Sync 1 DAGs
[2022-07-29 02:24:59,893] {logging_mixin.py:115} INFO - [2022-07-29 02:24:59,893] {dag.py:2972} INFO - Setting next_dagrun for example_python_operator to None, run_after=None
[2022-07-29 02:24:59,915] {processor.py:161} INFO - Processing /home/airflow/.local/lib/python3.7/site-packages/airflow/example_dags/example_python_operator.py took 0.384 seconds
[2022-07-29 02:25:32,341] {processor.py:153} INFO - Started process (PID=1248) to work on /home/airflow/.local/lib/python3.7/site-packages/airflow/example_dags/example_python_operator.py
[2022-07-29 02:25:32,352] {processor.py:641} INFO - Processing file /home/airflow/.local/lib/python3.7/site-packages/airflow/example_dags/example_python_operator.py for tasks to queue
[2022-07-29 02:25:32,353] {logging_mixin.py:115} INFO - [2022-07-29 02:25:32,353] {dagbag.py:508} INFO - Filling up the DagBag from /home/airflow/.local/lib/python3.7/site-packages/airflow/example_dags/example_python_operator.py
[2022-07-29 02:25:32,420] {processor.py:651} INFO - DAG(s) dict_keys(['example_python_operator']) retrieved from /home/airflow/.local/lib/python3.7/site-packages/airflow/example_dags/example_python_operator.py
[2022-07-29 02:25:32,820] {logging_mixin.py:115} INFO - [2022-07-29 02:25:32,820] {dag.py:2420} INFO - Sync 1 DAGs
[2022-07-29 02:25:32,886] {logging_mixin.py:115} INFO - [2022-07-29 02:25:32,886] {dag.py:2972} INFO - Setting next_dagrun for example_python_operator to None, run_after=None
[2022-07-29 02:25:32,945] {processor.py:161} INFO - Processing /home/airflow/.local/lib/python3.7/site-packages/airflow/example_dags/example_python_operator.py took 0.618 seconds
[2022-07-29 02:26:03,843] {processor.py:153} INFO - Started process (PID=1321) to work on /home/airflow/.local/lib/python3.7/site-packages/airflow/example_dags/example_python_operator.py
[2022-07-29 02:26:03,844] {processor.py:641} INFO - Processing file /home/airflow/.local/lib/python3.7/site-packages/airflow/example_dags/example_python_operator.py for tasks to queue
[2022-07-29 02:26:03,844] {logging_mixin.py:115} INFO - [2022-07-29 02:26:03,844] {dagbag.py:508} INFO - Filling up the DagBag from /home/airflow/.local/lib/python3.7/site-packages/airflow/example_dags/example_python_operator.py
[2022-07-29 02:26:03,880] {processor.py:651} INFO - DAG(s) dict_keys(['example_python_operator']) retrieved from /home/airflow/.local/lib/python3.7/site-packages/airflow/example_dags/example_python_operator.py
[2022-07-29 02:26:04,146] {logging_mixin.py:115} INFO - [2022-07-29 02:26:04,146] {dag.py:2420} INFO - Sync 1 DAGs
[2022-07-29 02:26:04,183] {logging_mixin.py:115} INFO - [2022-07-29 02:26:04,183] {dag.py:2972} INFO - Setting next_dagrun for example_python_operator to None, run_after=None
[2022-07-29 02:26:04,203] {processor.py:161} INFO - Processing /home/airflow/.local/lib/python3.7/site-packages/airflow/example_dags/example_python_operator.py took 0.367 seconds
[2022-07-29 02:26:36,147] {processor.py:153} INFO - Started process (PID=1403) to work on /home/airflow/.local/lib/python3.7/site-packages/airflow/example_dags/example_python_operator.py
[2022-07-29 02:26:36,164] {processor.py:641} INFO - Processing file /home/airflow/.local/lib/python3.7/site-packages/airflow/example_dags/example_python_operator.py for tasks to queue
[2022-07-29 02:26:36,165] {logging_mixin.py:115} INFO - [2022-07-29 02:26:36,165] {dagbag.py:508} INFO - Filling up the DagBag from /home/airflow/.local/lib/python3.7/site-packages/airflow/example_dags/example_python_operator.py
[2022-07-29 02:26:36,260] {processor.py:651} INFO - DAG(s) dict_keys(['example_python_operator']) retrieved from /home/airflow/.local/lib/python3.7/site-packages/airflow/example_dags/example_python_operator.py
[2022-07-29 02:26:36,574] {logging_mixin.py:115} INFO - [2022-07-29 02:26:36,574] {dag.py:2420} INFO - Sync 1 DAGs
[2022-07-29 02:26:36,644] {logging_mixin.py:115} INFO - [2022-07-29 02:26:36,644] {dag.py:2972} INFO - Setting next_dagrun for example_python_operator to None, run_after=None
[2022-07-29 02:26:36,673] {processor.py:161} INFO - Processing /home/airflow/.local/lib/python3.7/site-packages/airflow/example_dags/example_python_operator.py took 0.533 seconds
[2022-07-29 02:27:09,212] {processor.py:153} INFO - Started process (PID=1476) to work on /home/airflow/.local/lib/python3.7/site-packages/airflow/example_dags/example_python_operator.py
[2022-07-29 02:27:09,220] {processor.py:641} INFO - Processing file /home/airflow/.local/lib/python3.7/site-packages/airflow/example_dags/example_python_operator.py for tasks to queue
[2022-07-29 02:27:09,221] {logging_mixin.py:115} INFO - [2022-07-29 02:27:09,221] {dagbag.py:508} INFO - Filling up the DagBag from /home/airflow/.local/lib/python3.7/site-packages/airflow/example_dags/example_python_operator.py
[2022-07-29 02:27:09,775] {processor.py:651} INFO - DAG(s) dict_keys(['example_python_operator']) retrieved from /home/airflow/.local/lib/python3.7/site-packages/airflow/example_dags/example_python_operator.py
[2022-07-29 02:27:09,824] {logging_mixin.py:115} INFO - [2022-07-29 02:27:09,824] {dag.py:2420} INFO - Sync 1 DAGs
[2022-07-29 02:27:09,867] {logging_mixin.py:115} INFO - [2022-07-29 02:27:09,867] {dag.py:2972} INFO - Setting next_dagrun for example_python_operator to None, run_after=None
[2022-07-29 02:27:09,904] {processor.py:161} INFO - Processing /home/airflow/.local/lib/python3.7/site-packages/airflow/example_dags/example_python_operator.py took 0.707 seconds
[2022-07-29 02:27:40,627] {processor.py:153} INFO - Started process (PID=1556) to work on /home/airflow/.local/lib/python3.7/site-packages/airflow/example_dags/example_python_operator.py
[2022-07-29 02:27:40,636] {processor.py:641} INFO - Processing file /home/airflow/.local/lib/python3.7/site-packages/airflow/example_dags/example_python_operator.py for tasks to queue
[2022-07-29 02:27:40,637] {logging_mixin.py:115} INFO - [2022-07-29 02:27:40,637] {dagbag.py:508} INFO - Filling up the DagBag from /home/airflow/.local/lib/python3.7/site-packages/airflow/example_dags/example_python_operator.py
[2022-07-29 02:27:40,948] {processor.py:651} INFO - DAG(s) dict_keys(['example_python_operator']) retrieved from /home/airflow/.local/lib/python3.7/site-packages/airflow/example_dags/example_python_operator.py
[2022-07-29 02:27:41,000] {logging_mixin.py:115} INFO - [2022-07-29 02:27:41,000] {dag.py:2420} INFO - Sync 1 DAGs
[2022-07-29 02:27:41,083] {logging_mixin.py:115} INFO - [2022-07-29 02:27:41,082] {dag.py:2972} INFO - Setting next_dagrun for example_python_operator to None, run_after=None
[2022-07-29 02:27:41,120] {processor.py:161} INFO - Processing /home/airflow/.local/lib/python3.7/site-packages/airflow/example_dags/example_python_operator.py took 0.500 seconds
[2022-07-29 02:28:15,355] {processor.py:153} INFO - Started process (PID=1631) to work on /home/airflow/.local/lib/python3.7/site-packages/airflow/example_dags/example_python_operator.py
[2022-07-29 02:28:15,362] {processor.py:641} INFO - Processing file /home/airflow/.local/lib/python3.7/site-packages/airflow/example_dags/example_python_operator.py for tasks to queue
[2022-07-29 02:28:15,363] {logging_mixin.py:115} INFO - [2022-07-29 02:28:15,363] {dagbag.py:508} INFO - Filling up the DagBag from /home/airflow/.local/lib/python3.7/site-packages/airflow/example_dags/example_python_operator.py
[2022-07-29 02:28:15,710] {processor.py:651} INFO - DAG(s) dict_keys(['example_python_operator']) retrieved from /home/airflow/.local/lib/python3.7/site-packages/airflow/example_dags/example_python_operator.py
[2022-07-29 02:28:15,744] {logging_mixin.py:115} INFO - [2022-07-29 02:28:15,744] {dag.py:2420} INFO - Sync 1 DAGs
[2022-07-29 02:28:15,778] {logging_mixin.py:115} INFO - [2022-07-29 02:28:15,778] {dag.py:2972} INFO - Setting next_dagrun for example_python_operator to None, run_after=None
[2022-07-29 02:28:15,808] {processor.py:161} INFO - Processing /home/airflow/.local/lib/python3.7/site-packages/airflow/example_dags/example_python_operator.py took 0.472 seconds
[2022-07-29 02:28:46,092] {processor.py:153} INFO - Started process (PID=1713) to work on /home/airflow/.local/lib/python3.7/site-packages/airflow/example_dags/example_python_operator.py
[2022-07-29 02:28:46,093] {processor.py:641} INFO - Processing file /home/airflow/.local/lib/python3.7/site-packages/airflow/example_dags/example_python_operator.py for tasks to queue
[2022-07-29 02:28:46,094] {logging_mixin.py:115} INFO - [2022-07-29 02:28:46,094] {dagbag.py:508} INFO - Filling up the DagBag from /home/airflow/.local/lib/python3.7/site-packages/airflow/example_dags/example_python_operator.py
[2022-07-29 02:28:46,354] {processor.py:651} INFO - DAG(s) dict_keys(['example_python_operator']) retrieved from /home/airflow/.local/lib/python3.7/site-packages/airflow/example_dags/example_python_operator.py
[2022-07-29 02:28:46,391] {logging_mixin.py:115} INFO - [2022-07-29 02:28:46,391] {dag.py:2420} INFO - Sync 1 DAGs
[2022-07-29 02:28:46,429] {logging_mixin.py:115} INFO - [2022-07-29 02:28:46,429] {dag.py:2972} INFO - Setting next_dagrun for example_python_operator to None, run_after=None
[2022-07-29 02:28:46,448] {processor.py:161} INFO - Processing /home/airflow/.local/lib/python3.7/site-packages/airflow/example_dags/example_python_operator.py took 0.369 seconds
[2022-07-29 02:29:16,758] {processor.py:153} INFO - Started process (PID=1787) to work on /home/airflow/.local/lib/python3.7/site-packages/airflow/example_dags/example_python_operator.py
[2022-07-29 02:29:16,759] {processor.py:641} INFO - Processing file /home/airflow/.local/lib/python3.7/site-packages/airflow/example_dags/example_python_operator.py for tasks to queue
[2022-07-29 02:29:16,760] {logging_mixin.py:115} INFO - [2022-07-29 02:29:16,760] {dagbag.py:508} INFO - Filling up the DagBag from /home/airflow/.local/lib/python3.7/site-packages/airflow/example_dags/example_python_operator.py
[2022-07-29 02:29:17,006] {processor.py:651} INFO - DAG(s) dict_keys(['example_python_operator']) retrieved from /home/airflow/.local/lib/python3.7/site-packages/airflow/example_dags/example_python_operator.py
[2022-07-29 02:29:17,033] {logging_mixin.py:115} INFO - [2022-07-29 02:29:17,033] {dag.py:2420} INFO - Sync 1 DAGs
[2022-07-29 02:29:17,078] {logging_mixin.py:115} INFO - [2022-07-29 02:29:17,078] {dag.py:2972} INFO - Setting next_dagrun for example_python_operator to None, run_after=None
[2022-07-29 02:29:17,099] {processor.py:161} INFO - Processing /home/airflow/.local/lib/python3.7/site-packages/airflow/example_dags/example_python_operator.py took 0.348 seconds
[2022-07-29 02:29:51,602] {processor.py:153} INFO - Started process (PID=1869) to work on /home/airflow/.local/lib/python3.7/site-packages/airflow/example_dags/example_python_operator.py
[2022-07-29 02:29:51,608] {processor.py:641} INFO - Processing file /home/airflow/.local/lib/python3.7/site-packages/airflow/example_dags/example_python_operator.py for tasks to queue
[2022-07-29 02:29:51,609] {logging_mixin.py:115} INFO - [2022-07-29 02:29:51,609] {dagbag.py:508} INFO - Filling up the DagBag from /home/airflow/.local/lib/python3.7/site-packages/airflow/example_dags/example_python_operator.py
[2022-07-29 02:29:52,161] {processor.py:651} INFO - DAG(s) dict_keys(['example_python_operator']) retrieved from /home/airflow/.local/lib/python3.7/site-packages/airflow/example_dags/example_python_operator.py
[2022-07-29 02:29:52,228] {logging_mixin.py:115} INFO - [2022-07-29 02:29:52,228] {dag.py:2420} INFO - Sync 1 DAGs
[2022-07-29 02:29:52,296] {logging_mixin.py:115} INFO - [2022-07-29 02:29:52,296] {dag.py:2972} INFO - Setting next_dagrun for example_python_operator to None, run_after=None
[2022-07-29 02:29:52,332] {processor.py:161} INFO - Processing /home/airflow/.local/lib/python3.7/site-packages/airflow/example_dags/example_python_operator.py took 0.750 seconds
[2022-07-29 02:30:22,883] {processor.py:153} INFO - Started process (PID=1940) to work on /home/airflow/.local/lib/python3.7/site-packages/airflow/example_dags/example_python_operator.py
[2022-07-29 02:30:22,884] {processor.py:641} INFO - Processing file /home/airflow/.local/lib/python3.7/site-packages/airflow/example_dags/example_python_operator.py for tasks to queue
[2022-07-29 02:30:22,884] {logging_mixin.py:115} INFO - [2022-07-29 02:30:22,884] {dagbag.py:508} INFO - Filling up the DagBag from /home/airflow/.local/lib/python3.7/site-packages/airflow/example_dags/example_python_operator.py
[2022-07-29 02:30:23,151] {processor.py:651} INFO - DAG(s) dict_keys(['example_python_operator']) retrieved from /home/airflow/.local/lib/python3.7/site-packages/airflow/example_dags/example_python_operator.py
[2022-07-29 02:30:23,183] {logging_mixin.py:115} INFO - [2022-07-29 02:30:23,183] {dag.py:2420} INFO - Sync 1 DAGs
[2022-07-29 02:30:23,218] {logging_mixin.py:115} INFO - [2022-07-29 02:30:23,218] {dag.py:2972} INFO - Setting next_dagrun for example_python_operator to None, run_after=None
[2022-07-29 02:30:23,242] {processor.py:161} INFO - Processing /home/airflow/.local/lib/python3.7/site-packages/airflow/example_dags/example_python_operator.py took 0.365 seconds
[2022-07-29 02:30:54,365] {processor.py:153} INFO - Started process (PID=2013) to work on /home/airflow/.local/lib/python3.7/site-packages/airflow/example_dags/example_python_operator.py
[2022-07-29 02:30:54,366] {processor.py:641} INFO - Processing file /home/airflow/.local/lib/python3.7/site-packages/airflow/example_dags/example_python_operator.py for tasks to queue
[2022-07-29 02:30:54,367] {logging_mixin.py:115} INFO - [2022-07-29 02:30:54,367] {dagbag.py:508} INFO - Filling up the DagBag from /home/airflow/.local/lib/python3.7/site-packages/airflow/example_dags/example_python_operator.py
[2022-07-29 02:30:54,666] {processor.py:651} INFO - DAG(s) dict_keys(['example_python_operator']) retrieved from /home/airflow/.local/lib/python3.7/site-packages/airflow/example_dags/example_python_operator.py
[2022-07-29 02:30:54,707] {logging_mixin.py:115} INFO - [2022-07-29 02:30:54,707] {dag.py:2420} INFO - Sync 1 DAGs
[2022-07-29 02:30:54,744] {logging_mixin.py:115} INFO - [2022-07-29 02:30:54,744] {dag.py:2972} INFO - Setting next_dagrun for example_python_operator to None, run_after=None
[2022-07-29 02:30:54,763] {processor.py:161} INFO - Processing /home/airflow/.local/lib/python3.7/site-packages/airflow/example_dags/example_python_operator.py took 0.404 seconds
[2022-07-29 02:31:27,710] {processor.py:153} INFO - Started process (PID=2096) to work on /home/airflow/.local/lib/python3.7/site-packages/airflow/example_dags/example_python_operator.py
[2022-07-29 02:31:27,711] {processor.py:641} INFO - Processing file /home/airflow/.local/lib/python3.7/site-packages/airflow/example_dags/example_python_operator.py for tasks to queue
[2022-07-29 02:31:27,724] {logging_mixin.py:115} INFO - [2022-07-29 02:31:27,724] {dagbag.py:508} INFO - Filling up the DagBag from /home/airflow/.local/lib/python3.7/site-packages/airflow/example_dags/example_python_operator.py
[2022-07-29 02:31:28,404] {processor.py:651} INFO - DAG(s) dict_keys(['example_python_operator']) retrieved from /home/airflow/.local/lib/python3.7/site-packages/airflow/example_dags/example_python_operator.py
[2022-07-29 02:31:28,468] {logging_mixin.py:115} INFO - [2022-07-29 02:31:28,468] {dag.py:2420} INFO - Sync 1 DAGs
[2022-07-29 02:31:28,532] {logging_mixin.py:115} INFO - [2022-07-29 02:31:28,532] {dag.py:2972} INFO - Setting next_dagrun for example_python_operator to None, run_after=None
[2022-07-29 02:31:28,563] {processor.py:161} INFO - Processing /home/airflow/.local/lib/python3.7/site-packages/airflow/example_dags/example_python_operator.py took 0.859 seconds
[2022-07-29 02:31:58,630] {processor.py:153} INFO - Started process (PID=2169) to work on /home/airflow/.local/lib/python3.7/site-packages/airflow/example_dags/example_python_operator.py
[2022-07-29 02:31:58,631] {processor.py:641} INFO - Processing file /home/airflow/.local/lib/python3.7/site-packages/airflow/example_dags/example_python_operator.py for tasks to queue
[2022-07-29 02:31:58,632] {logging_mixin.py:115} INFO - [2022-07-29 02:31:58,632] {dagbag.py:508} INFO - Filling up the DagBag from /home/airflow/.local/lib/python3.7/site-packages/airflow/example_dags/example_python_operator.py
[2022-07-29 02:31:58,976] {processor.py:651} INFO - DAG(s) dict_keys(['example_python_operator']) retrieved from /home/airflow/.local/lib/python3.7/site-packages/airflow/example_dags/example_python_operator.py
[2022-07-29 02:31:59,046] {logging_mixin.py:115} INFO - [2022-07-29 02:31:59,046] {dag.py:2420} INFO - Sync 1 DAGs
[2022-07-29 02:31:59,084] {logging_mixin.py:115} INFO - [2022-07-29 02:31:59,083] {dag.py:2972} INFO - Setting next_dagrun for example_python_operator to None, run_after=None
[2022-07-29 02:31:59,103] {processor.py:161} INFO - Processing /home/airflow/.local/lib/python3.7/site-packages/airflow/example_dags/example_python_operator.py took 0.481 seconds
[2022-07-29 02:32:30,444] {processor.py:153} INFO - Started process (PID=2242) to work on /home/airflow/.local/lib/python3.7/site-packages/airflow/example_dags/example_python_operator.py
[2022-07-29 02:32:30,445] {processor.py:641} INFO - Processing file /home/airflow/.local/lib/python3.7/site-packages/airflow/example_dags/example_python_operator.py for tasks to queue
[2022-07-29 02:32:30,446] {logging_mixin.py:115} INFO - [2022-07-29 02:32:30,446] {dagbag.py:508} INFO - Filling up the DagBag from /home/airflow/.local/lib/python3.7/site-packages/airflow/example_dags/example_python_operator.py
[2022-07-29 02:32:30,706] {processor.py:651} INFO - DAG(s) dict_keys(['example_python_operator']) retrieved from /home/airflow/.local/lib/python3.7/site-packages/airflow/example_dags/example_python_operator.py
[2022-07-29 02:32:30,763] {logging_mixin.py:115} INFO - [2022-07-29 02:32:30,763] {dag.py:2420} INFO - Sync 1 DAGs
[2022-07-29 02:32:30,837] {logging_mixin.py:115} INFO - [2022-07-29 02:32:30,837] {dag.py:2972} INFO - Setting next_dagrun for example_python_operator to None, run_after=None
[2022-07-29 02:32:30,880] {processor.py:161} INFO - Processing /home/airflow/.local/lib/python3.7/site-packages/airflow/example_dags/example_python_operator.py took 0.443 seconds
[2022-07-29 02:33:03,512] {processor.py:153} INFO - Started process (PID=2324) to work on /home/airflow/.local/lib/python3.7/site-packages/airflow/example_dags/example_python_operator.py
[2022-07-29 02:33:03,518] {processor.py:641} INFO - Processing file /home/airflow/.local/lib/python3.7/site-packages/airflow/example_dags/example_python_operator.py for tasks to queue
[2022-07-29 02:33:03,519] {logging_mixin.py:115} INFO - [2022-07-29 02:33:03,519] {dagbag.py:508} INFO - Filling up the DagBag from /home/airflow/.local/lib/python3.7/site-packages/airflow/example_dags/example_python_operator.py
[2022-07-29 02:33:04,268] {processor.py:651} INFO - DAG(s) dict_keys(['example_python_operator']) retrieved from /home/airflow/.local/lib/python3.7/site-packages/airflow/example_dags/example_python_operator.py
[2022-07-29 02:33:04,336] {logging_mixin.py:115} INFO - [2022-07-29 02:33:04,336] {dag.py:2420} INFO - Sync 1 DAGs
[2022-07-29 02:33:04,416] {logging_mixin.py:115} INFO - [2022-07-29 02:33:04,416] {dag.py:2972} INFO - Setting next_dagrun for example_python_operator to None, run_after=None
[2022-07-29 02:33:04,460] {processor.py:161} INFO - Processing /home/airflow/.local/lib/python3.7/site-packages/airflow/example_dags/example_python_operator.py took 0.963 seconds
[2022-07-29 02:33:36,563] {processor.py:153} INFO - Started process (PID=2397) to work on /home/airflow/.local/lib/python3.7/site-packages/airflow/example_dags/example_python_operator.py
[2022-07-29 02:33:36,564] {processor.py:641} INFO - Processing file /home/airflow/.local/lib/python3.7/site-packages/airflow/example_dags/example_python_operator.py for tasks to queue
[2022-07-29 02:33:36,564] {logging_mixin.py:115} INFO - [2022-07-29 02:33:36,564] {dagbag.py:508} INFO - Filling up the DagBag from /home/airflow/.local/lib/python3.7/site-packages/airflow/example_dags/example_python_operator.py
[2022-07-29 02:33:36,829] {processor.py:651} INFO - DAG(s) dict_keys(['example_python_operator']) retrieved from /home/airflow/.local/lib/python3.7/site-packages/airflow/example_dags/example_python_operator.py
[2022-07-29 02:33:36,863] {logging_mixin.py:115} INFO - [2022-07-29 02:33:36,863] {dag.py:2420} INFO - Sync 1 DAGs
[2022-07-29 02:33:36,897] {logging_mixin.py:115} INFO - [2022-07-29 02:33:36,897] {dag.py:2972} INFO - Setting next_dagrun for example_python_operator to None, run_after=None
[2022-07-29 02:33:36,916] {processor.py:161} INFO - Processing /home/airflow/.local/lib/python3.7/site-packages/airflow/example_dags/example_python_operator.py took 0.360 seconds
[2022-07-29 02:34:10,013] {processor.py:153} INFO - Started process (PID=2479) to work on /home/airflow/.local/lib/python3.7/site-packages/airflow/example_dags/example_python_operator.py
[2022-07-29 02:34:10,020] {processor.py:641} INFO - Processing file /home/airflow/.local/lib/python3.7/site-packages/airflow/example_dags/example_python_operator.py for tasks to queue
[2022-07-29 02:34:10,021] {logging_mixin.py:115} INFO - [2022-07-29 02:34:10,021] {dagbag.py:508} INFO - Filling up the DagBag from /home/airflow/.local/lib/python3.7/site-packages/airflow/example_dags/example_python_operator.py
[2022-07-29 02:34:10,644] {processor.py:651} INFO - DAG(s) dict_keys(['example_python_operator']) retrieved from /home/airflow/.local/lib/python3.7/site-packages/airflow/example_dags/example_python_operator.py
[2022-07-29 02:34:10,732] {logging_mixin.py:115} INFO - [2022-07-29 02:34:10,732] {dag.py:2420} INFO - Sync 1 DAGs
[2022-07-29 02:34:10,808] {logging_mixin.py:115} INFO - [2022-07-29 02:34:10,808] {dag.py:2972} INFO - Setting next_dagrun for example_python_operator to None, run_after=None
[2022-07-29 02:34:10,857] {processor.py:161} INFO - Processing /home/airflow/.local/lib/python3.7/site-packages/airflow/example_dags/example_python_operator.py took 0.863 seconds
[2022-07-29 02:34:41,767] {processor.py:153} INFO - Started process (PID=2552) to work on /home/airflow/.local/lib/python3.7/site-packages/airflow/example_dags/example_python_operator.py
[2022-07-29 02:34:41,768] {processor.py:641} INFO - Processing file /home/airflow/.local/lib/python3.7/site-packages/airflow/example_dags/example_python_operator.py for tasks to queue
[2022-07-29 02:34:41,768] {logging_mixin.py:115} INFO - [2022-07-29 02:34:41,768] {dagbag.py:508} INFO - Filling up the DagBag from /home/airflow/.local/lib/python3.7/site-packages/airflow/example_dags/example_python_operator.py
[2022-07-29 02:34:42,029] {processor.py:651} INFO - DAG(s) dict_keys(['example_python_operator']) retrieved from /home/airflow/.local/lib/python3.7/site-packages/airflow/example_dags/example_python_operator.py
[2022-07-29 02:34:42,064] {logging_mixin.py:115} INFO - [2022-07-29 02:34:42,064] {dag.py:2420} INFO - Sync 1 DAGs
[2022-07-29 02:34:42,098] {logging_mixin.py:115} INFO - [2022-07-29 02:34:42,098] {dag.py:2972} INFO - Setting next_dagrun for example_python_operator to None, run_after=None
[2022-07-29 02:34:42,119] {processor.py:161} INFO - Processing /home/airflow/.local/lib/python3.7/site-packages/airflow/example_dags/example_python_operator.py took 0.359 seconds
[2022-07-29 02:35:14,079] {processor.py:153} INFO - Started process (PID=2636) to work on /home/airflow/.local/lib/python3.7/site-packages/airflow/example_dags/example_python_operator.py
[2022-07-29 02:35:14,084] {processor.py:641} INFO - Processing file /home/airflow/.local/lib/python3.7/site-packages/airflow/example_dags/example_python_operator.py for tasks to queue
[2022-07-29 02:35:14,085] {logging_mixin.py:115} INFO - [2022-07-29 02:35:14,085] {dagbag.py:508} INFO - Filling up the DagBag from /home/airflow/.local/lib/python3.7/site-packages/airflow/example_dags/example_python_operator.py
[2022-07-29 02:35:14,337] {processor.py:651} INFO - DAG(s) dict_keys(['example_python_operator']) retrieved from /home/airflow/.local/lib/python3.7/site-packages/airflow/example_dags/example_python_operator.py
[2022-07-29 02:35:14,372] {logging_mixin.py:115} INFO - [2022-07-29 02:35:14,372] {dag.py:2420} INFO - Sync 1 DAGs
[2022-07-29 02:35:14,409] {logging_mixin.py:115} INFO - [2022-07-29 02:35:14,409] {dag.py:2972} INFO - Setting next_dagrun for example_python_operator to None, run_after=None
[2022-07-29 02:35:14,429] {processor.py:161} INFO - Processing /home/airflow/.local/lib/python3.7/site-packages/airflow/example_dags/example_python_operator.py took 0.357 seconds
[2022-07-29 02:35:47,718] {processor.py:153} INFO - Started process (PID=2709) to work on /home/airflow/.local/lib/python3.7/site-packages/airflow/example_dags/example_python_operator.py
[2022-07-29 02:35:47,719] {processor.py:641} INFO - Processing file /home/airflow/.local/lib/python3.7/site-packages/airflow/example_dags/example_python_operator.py for tasks to queue
[2022-07-29 02:35:47,720] {logging_mixin.py:115} INFO - [2022-07-29 02:35:47,720] {dagbag.py:508} INFO - Filling up the DagBag from /home/airflow/.local/lib/python3.7/site-packages/airflow/example_dags/example_python_operator.py
[2022-07-29 02:35:47,984] {processor.py:651} INFO - DAG(s) dict_keys(['example_python_operator']) retrieved from /home/airflow/.local/lib/python3.7/site-packages/airflow/example_dags/example_python_operator.py
[2022-07-29 02:35:48,019] {logging_mixin.py:115} INFO - [2022-07-29 02:35:48,019] {dag.py:2420} INFO - Sync 1 DAGs
[2022-07-29 02:35:48,056] {logging_mixin.py:115} INFO - [2022-07-29 02:35:48,056] {dag.py:2972} INFO - Setting next_dagrun for example_python_operator to None, run_after=None
[2022-07-29 02:35:48,074] {processor.py:161} INFO - Processing /home/airflow/.local/lib/python3.7/site-packages/airflow/example_dags/example_python_operator.py took 0.364 seconds
[2022-07-29 02:36:19,472] {processor.py:153} INFO - Started process (PID=2791) to work on /home/airflow/.local/lib/python3.7/site-packages/airflow/example_dags/example_python_operator.py
[2022-07-29 02:36:19,472] {processor.py:641} INFO - Processing file /home/airflow/.local/lib/python3.7/site-packages/airflow/example_dags/example_python_operator.py for tasks to queue
[2022-07-29 02:36:19,473] {logging_mixin.py:115} INFO - [2022-07-29 02:36:19,473] {dagbag.py:508} INFO - Filling up the DagBag from /home/airflow/.local/lib/python3.7/site-packages/airflow/example_dags/example_python_operator.py
[2022-07-29 02:36:19,975] {processor.py:651} INFO - DAG(s) dict_keys(['example_python_operator']) retrieved from /home/airflow/.local/lib/python3.7/site-packages/airflow/example_dags/example_python_operator.py
[2022-07-29 02:36:20,009] {logging_mixin.py:115} INFO - [2022-07-29 02:36:20,009] {dag.py:2420} INFO - Sync 1 DAGs
[2022-07-29 02:36:20,040] {logging_mixin.py:115} INFO - [2022-07-29 02:36:20,040] {dag.py:2972} INFO - Setting next_dagrun for example_python_operator to None, run_after=None
[2022-07-29 02:36:20,060] {processor.py:161} INFO - Processing /home/airflow/.local/lib/python3.7/site-packages/airflow/example_dags/example_python_operator.py took 0.604 seconds
[2022-07-29 02:36:50,177] {processor.py:153} INFO - Started process (PID=2862) to work on /home/airflow/.local/lib/python3.7/site-packages/airflow/example_dags/example_python_operator.py
[2022-07-29 02:36:50,178] {processor.py:641} INFO - Processing file /home/airflow/.local/lib/python3.7/site-packages/airflow/example_dags/example_python_operator.py for tasks to queue
[2022-07-29 02:36:50,179] {logging_mixin.py:115} INFO - [2022-07-29 02:36:50,178] {dagbag.py:508} INFO - Filling up the DagBag from /home/airflow/.local/lib/python3.7/site-packages/airflow/example_dags/example_python_operator.py
[2022-07-29 02:36:50,445] {processor.py:651} INFO - DAG(s) dict_keys(['example_python_operator']) retrieved from /home/airflow/.local/lib/python3.7/site-packages/airflow/example_dags/example_python_operator.py
[2022-07-29 02:36:50,483] {logging_mixin.py:115} INFO - [2022-07-29 02:36:50,483] {dag.py:2420} INFO - Sync 1 DAGs
[2022-07-29 02:36:50,520] {logging_mixin.py:115} INFO - [2022-07-29 02:36:50,520] {dag.py:2972} INFO - Setting next_dagrun for example_python_operator to None, run_after=None
[2022-07-29 02:36:50,538] {processor.py:161} INFO - Processing /home/airflow/.local/lib/python3.7/site-packages/airflow/example_dags/example_python_operator.py took 0.368 seconds
[2022-07-29 02:37:21,848] {processor.py:153} INFO - Started process (PID=2935) to work on /home/airflow/.local/lib/python3.7/site-packages/airflow/example_dags/example_python_operator.py
[2022-07-29 02:37:21,848] {processor.py:641} INFO - Processing file /home/airflow/.local/lib/python3.7/site-packages/airflow/example_dags/example_python_operator.py for tasks to queue
[2022-07-29 02:37:21,849] {logging_mixin.py:115} INFO - [2022-07-29 02:37:21,849] {dagbag.py:508} INFO - Filling up the DagBag from /home/airflow/.local/lib/python3.7/site-packages/airflow/example_dags/example_python_operator.py
[2022-07-29 02:37:22,393] {processor.py:651} INFO - DAG(s) dict_keys(['example_python_operator']) retrieved from /home/airflow/.local/lib/python3.7/site-packages/airflow/example_dags/example_python_operator.py
[2022-07-29 02:37:22,460] {logging_mixin.py:115} INFO - [2022-07-29 02:37:22,460] {dag.py:2420} INFO - Sync 1 DAGs
[2022-07-29 02:37:22,526] {logging_mixin.py:115} INFO - [2022-07-29 02:37:22,526] {dag.py:2972} INFO - Setting next_dagrun for example_python_operator to None, run_after=None
[2022-07-29 02:37:22,564] {processor.py:161} INFO - Processing /home/airflow/.local/lib/python3.7/site-packages/airflow/example_dags/example_python_operator.py took 0.735 seconds
[2022-07-29 02:37:54,152] {processor.py:153} INFO - Started process (PID=3017) to work on /home/airflow/.local/lib/python3.7/site-packages/airflow/example_dags/example_python_operator.py
[2022-07-29 02:37:54,153] {processor.py:641} INFO - Processing file /home/airflow/.local/lib/python3.7/site-packages/airflow/example_dags/example_python_operator.py for tasks to queue
[2022-07-29 02:37:54,154] {logging_mixin.py:115} INFO - [2022-07-29 02:37:54,154] {dagbag.py:508} INFO - Filling up the DagBag from /home/airflow/.local/lib/python3.7/site-packages/airflow/example_dags/example_python_operator.py
[2022-07-29 02:37:54,477] {processor.py:651} INFO - DAG(s) dict_keys(['example_python_operator']) retrieved from /home/airflow/.local/lib/python3.7/site-packages/airflow/example_dags/example_python_operator.py
[2022-07-29 02:37:54,549] {logging_mixin.py:115} INFO - [2022-07-29 02:37:54,549] {dag.py:2420} INFO - Sync 1 DAGs
[2022-07-29 02:37:54,588] {logging_mixin.py:115} INFO - [2022-07-29 02:37:54,588] {dag.py:2972} INFO - Setting next_dagrun for example_python_operator to None, run_after=None
[2022-07-29 02:37:54,618] {processor.py:161} INFO - Processing /home/airflow/.local/lib/python3.7/site-packages/airflow/example_dags/example_python_operator.py took 0.489 seconds
[2022-07-29 02:38:25,701] {processor.py:153} INFO - Started process (PID=3089) to work on /home/airflow/.local/lib/python3.7/site-packages/airflow/example_dags/example_python_operator.py
[2022-07-29 02:38:25,712] {processor.py:641} INFO - Processing file /home/airflow/.local/lib/python3.7/site-packages/airflow/example_dags/example_python_operator.py for tasks to queue
[2022-07-29 02:38:25,713] {logging_mixin.py:115} INFO - [2022-07-29 02:38:25,713] {dagbag.py:508} INFO - Filling up the DagBag from /home/airflow/.local/lib/python3.7/site-packages/airflow/example_dags/example_python_operator.py
[2022-07-29 02:38:26,152] {processor.py:651} INFO - DAG(s) dict_keys(['example_python_operator']) retrieved from /home/airflow/.local/lib/python3.7/site-packages/airflow/example_dags/example_python_operator.py
[2022-07-29 02:38:26,224] {logging_mixin.py:115} INFO - [2022-07-29 02:38:26,224] {dag.py:2420} INFO - Sync 1 DAGs
[2022-07-29 02:38:26,288] {logging_mixin.py:115} INFO - [2022-07-29 02:38:26,288] {dag.py:2972} INFO - Setting next_dagrun for example_python_operator to None, run_after=None
[2022-07-29 02:38:26,320] {processor.py:161} INFO - Processing /home/airflow/.local/lib/python3.7/site-packages/airflow/example_dags/example_python_operator.py took 0.637 seconds
[2022-07-29 02:38:56,528] {processor.py:153} INFO - Started process (PID=3161) to work on /home/airflow/.local/lib/python3.7/site-packages/airflow/example_dags/example_python_operator.py
[2022-07-29 02:38:56,529] {processor.py:641} INFO - Processing file /home/airflow/.local/lib/python3.7/site-packages/airflow/example_dags/example_python_operator.py for tasks to queue
[2022-07-29 02:38:56,530] {logging_mixin.py:115} INFO - [2022-07-29 02:38:56,530] {dagbag.py:508} INFO - Filling up the DagBag from /home/airflow/.local/lib/python3.7/site-packages/airflow/example_dags/example_python_operator.py
[2022-07-29 02:38:56,749] {processor.py:651} INFO - DAG(s) dict_keys(['example_python_operator']) retrieved from /home/airflow/.local/lib/python3.7/site-packages/airflow/example_dags/example_python_operator.py
[2022-07-29 02:38:56,773] {logging_mixin.py:115} INFO - [2022-07-29 02:38:56,773] {dag.py:2420} INFO - Sync 1 DAGs
[2022-07-29 02:38:56,796] {logging_mixin.py:115} INFO - [2022-07-29 02:38:56,796] {dag.py:2972} INFO - Setting next_dagrun for example_python_operator to None, run_after=None
[2022-07-29 02:38:56,810] {processor.py:161} INFO - Processing /home/airflow/.local/lib/python3.7/site-packages/airflow/example_dags/example_python_operator.py took 0.288 seconds
[2022-07-29 02:39:26,997] {processor.py:153} INFO - Started process (PID=3233) to work on /home/airflow/.local/lib/python3.7/site-packages/airflow/example_dags/example_python_operator.py
[2022-07-29 02:39:26,998] {processor.py:641} INFO - Processing file /home/airflow/.local/lib/python3.7/site-packages/airflow/example_dags/example_python_operator.py for tasks to queue
[2022-07-29 02:39:26,998] {logging_mixin.py:115} INFO - [2022-07-29 02:39:26,998] {dagbag.py:508} INFO - Filling up the DagBag from /home/airflow/.local/lib/python3.7/site-packages/airflow/example_dags/example_python_operator.py
[2022-07-29 02:39:27,265] {processor.py:651} INFO - DAG(s) dict_keys(['example_python_operator']) retrieved from /home/airflow/.local/lib/python3.7/site-packages/airflow/example_dags/example_python_operator.py
[2022-07-29 02:39:27,298] {logging_mixin.py:115} INFO - [2022-07-29 02:39:27,298] {dag.py:2420} INFO - Sync 1 DAGs
[2022-07-29 02:39:27,336] {logging_mixin.py:115} INFO - [2022-07-29 02:39:27,336] {dag.py:2972} INFO - Setting next_dagrun for example_python_operator to None, run_after=None
[2022-07-29 02:39:27,361] {processor.py:161} INFO - Processing /home/airflow/.local/lib/python3.7/site-packages/airflow/example_dags/example_python_operator.py took 0.371 seconds
[2022-07-29 02:39:58,562] {processor.py:153} INFO - Started process (PID=3315) to work on /home/airflow/.local/lib/python3.7/site-packages/airflow/example_dags/example_python_operator.py
[2022-07-29 02:39:58,563] {processor.py:641} INFO - Processing file /home/airflow/.local/lib/python3.7/site-packages/airflow/example_dags/example_python_operator.py for tasks to queue
[2022-07-29 02:39:58,564] {logging_mixin.py:115} INFO - [2022-07-29 02:39:58,564] {dagbag.py:508} INFO - Filling up the DagBag from /home/airflow/.local/lib/python3.7/site-packages/airflow/example_dags/example_python_operator.py
[2022-07-29 02:39:58,831] {processor.py:651} INFO - DAG(s) dict_keys(['example_python_operator']) retrieved from /home/airflow/.local/lib/python3.7/site-packages/airflow/example_dags/example_python_operator.py
[2022-07-29 02:39:58,867] {logging_mixin.py:115} INFO - [2022-07-29 02:39:58,867] {dag.py:2420} INFO - Sync 1 DAGs
[2022-07-29 02:39:58,906] {logging_mixin.py:115} INFO - [2022-07-29 02:39:58,905] {dag.py:2972} INFO - Setting next_dagrun for example_python_operator to None, run_after=None
[2022-07-29 02:39:58,925] {processor.py:161} INFO - Processing /home/airflow/.local/lib/python3.7/site-packages/airflow/example_dags/example_python_operator.py took 0.391 seconds
[2022-07-29 02:40:29,691] {processor.py:153} INFO - Started process (PID=3388) to work on /home/airflow/.local/lib/python3.7/site-packages/airflow/example_dags/example_python_operator.py
[2022-07-29 02:40:29,692] {processor.py:641} INFO - Processing file /home/airflow/.local/lib/python3.7/site-packages/airflow/example_dags/example_python_operator.py for tasks to queue
[2022-07-29 02:40:29,693] {logging_mixin.py:115} INFO - [2022-07-29 02:40:29,693] {dagbag.py:508} INFO - Filling up the DagBag from /home/airflow/.local/lib/python3.7/site-packages/airflow/example_dags/example_python_operator.py
[2022-07-29 02:40:29,955] {processor.py:651} INFO - DAG(s) dict_keys(['example_python_operator']) retrieved from /home/airflow/.local/lib/python3.7/site-packages/airflow/example_dags/example_python_operator.py
[2022-07-29 02:40:29,990] {logging_mixin.py:115} INFO - [2022-07-29 02:40:29,990] {dag.py:2420} INFO - Sync 1 DAGs
[2022-07-29 02:40:30,027] {logging_mixin.py:115} INFO - [2022-07-29 02:40:30,027] {dag.py:2972} INFO - Setting next_dagrun for example_python_operator to None, run_after=None
[2022-07-29 02:40:30,046] {processor.py:161} INFO - Processing /home/airflow/.local/lib/python3.7/site-packages/airflow/example_dags/example_python_operator.py took 0.362 seconds
[2022-07-29 02:41:00,380] {processor.py:153} INFO - Started process (PID=3468) to work on /home/airflow/.local/lib/python3.7/site-packages/airflow/example_dags/example_python_operator.py
[2022-07-29 02:41:00,381] {processor.py:641} INFO - Processing file /home/airflow/.local/lib/python3.7/site-packages/airflow/example_dags/example_python_operator.py for tasks to queue
[2022-07-29 02:41:00,382] {logging_mixin.py:115} INFO - [2022-07-29 02:41:00,382] {dagbag.py:508} INFO - Filling up the DagBag from /home/airflow/.local/lib/python3.7/site-packages/airflow/example_dags/example_python_operator.py
[2022-07-29 02:41:00,654] {processor.py:651} INFO - DAG(s) dict_keys(['example_python_operator']) retrieved from /home/airflow/.local/lib/python3.7/site-packages/airflow/example_dags/example_python_operator.py
[2022-07-29 02:41:00,689] {logging_mixin.py:115} INFO - [2022-07-29 02:41:00,689] {dag.py:2420} INFO - Sync 1 DAGs
[2022-07-29 02:41:00,727] {logging_mixin.py:115} INFO - [2022-07-29 02:41:00,727] {dag.py:2972} INFO - Setting next_dagrun for example_python_operator to None, run_after=None
[2022-07-29 02:41:00,745] {processor.py:161} INFO - Processing /home/airflow/.local/lib/python3.7/site-packages/airflow/example_dags/example_python_operator.py took 0.372 seconds
[2022-07-29 02:41:36,789] {processor.py:153} INFO - Started process (PID=3551) to work on /home/airflow/.local/lib/python3.7/site-packages/airflow/example_dags/example_python_operator.py
[2022-07-29 02:41:36,800] {processor.py:641} INFO - Processing file /home/airflow/.local/lib/python3.7/site-packages/airflow/example_dags/example_python_operator.py for tasks to queue
[2022-07-29 02:41:36,801] {logging_mixin.py:115} INFO - [2022-07-29 02:41:36,801] {dagbag.py:508} INFO - Filling up the DagBag from /home/airflow/.local/lib/python3.7/site-packages/airflow/example_dags/example_python_operator.py
[2022-07-29 02:41:37,207] {processor.py:651} INFO - DAG(s) dict_keys(['example_python_operator']) retrieved from /home/airflow/.local/lib/python3.7/site-packages/airflow/example_dags/example_python_operator.py
[2022-07-29 02:41:37,241] {logging_mixin.py:115} INFO - [2022-07-29 02:41:37,241] {dag.py:2420} INFO - Sync 1 DAGs
[2022-07-29 02:41:37,277] {logging_mixin.py:115} INFO - [2022-07-29 02:41:37,277] {dag.py:2972} INFO - Setting next_dagrun for example_python_operator to None, run_after=None
[2022-07-29 02:41:37,305] {processor.py:161} INFO - Processing /home/airflow/.local/lib/python3.7/site-packages/airflow/example_dags/example_python_operator.py took 0.531 seconds
[2022-07-29 02:42:07,472] {processor.py:153} INFO - Started process (PID=3624) to work on /home/airflow/.local/lib/python3.7/site-packages/airflow/example_dags/example_python_operator.py
[2022-07-29 02:42:07,473] {processor.py:641} INFO - Processing file /home/airflow/.local/lib/python3.7/site-packages/airflow/example_dags/example_python_operator.py for tasks to queue
[2022-07-29 02:42:07,474] {logging_mixin.py:115} INFO - [2022-07-29 02:42:07,474] {dagbag.py:508} INFO - Filling up the DagBag from /home/airflow/.local/lib/python3.7/site-packages/airflow/example_dags/example_python_operator.py
[2022-07-29 02:42:07,753] {processor.py:651} INFO - DAG(s) dict_keys(['example_python_operator']) retrieved from /home/airflow/.local/lib/python3.7/site-packages/airflow/example_dags/example_python_operator.py
[2022-07-29 02:42:07,788] {logging_mixin.py:115} INFO - [2022-07-29 02:42:07,788] {dag.py:2420} INFO - Sync 1 DAGs
[2022-07-29 02:42:07,826] {logging_mixin.py:115} INFO - [2022-07-29 02:42:07,826] {dag.py:2972} INFO - Setting next_dagrun for example_python_operator to None, run_after=None
[2022-07-29 02:42:07,847] {processor.py:161} INFO - Processing /home/airflow/.local/lib/python3.7/site-packages/airflow/example_dags/example_python_operator.py took 0.382 seconds
[2022-07-29 02:42:38,390] {processor.py:153} INFO - Started process (PID=3696) to work on /home/airflow/.local/lib/python3.7/site-packages/airflow/example_dags/example_python_operator.py
[2022-07-29 02:42:38,391] {processor.py:641} INFO - Processing file /home/airflow/.local/lib/python3.7/site-packages/airflow/example_dags/example_python_operator.py for tasks to queue
[2022-07-29 02:42:38,392] {logging_mixin.py:115} INFO - [2022-07-29 02:42:38,392] {dagbag.py:508} INFO - Filling up the DagBag from /home/airflow/.local/lib/python3.7/site-packages/airflow/example_dags/example_python_operator.py
[2022-07-29 02:42:38,736] {processor.py:651} INFO - DAG(s) dict_keys(['example_python_operator']) retrieved from /home/airflow/.local/lib/python3.7/site-packages/airflow/example_dags/example_python_operator.py
[2022-07-29 02:42:38,825] {logging_mixin.py:115} INFO - [2022-07-29 02:42:38,824] {dag.py:2420} INFO - Sync 1 DAGs
[2022-07-29 02:42:38,928] {logging_mixin.py:115} INFO - [2022-07-29 02:42:38,928] {dag.py:2972} INFO - Setting next_dagrun for example_python_operator to None, run_after=None
[2022-07-29 02:42:38,980] {processor.py:161} INFO - Processing /home/airflow/.local/lib/python3.7/site-packages/airflow/example_dags/example_python_operator.py took 0.597 seconds
[2022-07-29 02:43:12,816] {processor.py:153} INFO - Started process (PID=3777) to work on /home/airflow/.local/lib/python3.7/site-packages/airflow/example_dags/example_python_operator.py
[2022-07-29 02:43:12,817] {processor.py:641} INFO - Processing file /home/airflow/.local/lib/python3.7/site-packages/airflow/example_dags/example_python_operator.py for tasks to queue
[2022-07-29 02:43:12,818] {logging_mixin.py:115} INFO - [2022-07-29 02:43:12,818] {dagbag.py:508} INFO - Filling up the DagBag from /home/airflow/.local/lib/python3.7/site-packages/airflow/example_dags/example_python_operator.py
[2022-07-29 02:43:13,315] {processor.py:651} INFO - DAG(s) dict_keys(['example_python_operator']) retrieved from /home/airflow/.local/lib/python3.7/site-packages/airflow/example_dags/example_python_operator.py
[2022-07-29 02:43:13,377] {logging_mixin.py:115} INFO - [2022-07-29 02:43:13,376] {dag.py:2420} INFO - Sync 1 DAGs
[2022-07-29 02:43:13,448] {logging_mixin.py:115} INFO - [2022-07-29 02:43:13,448] {dag.py:2972} INFO - Setting next_dagrun for example_python_operator to None, run_after=None
[2022-07-29 02:43:13,476] {processor.py:161} INFO - Processing /home/airflow/.local/lib/python3.7/site-packages/airflow/example_dags/example_python_operator.py took 0.674 seconds
[2022-07-29 02:43:44,380] {processor.py:153} INFO - Started process (PID=3850) to work on /home/airflow/.local/lib/python3.7/site-packages/airflow/example_dags/example_python_operator.py
[2022-07-29 02:43:44,381] {processor.py:641} INFO - Processing file /home/airflow/.local/lib/python3.7/site-packages/airflow/example_dags/example_python_operator.py for tasks to queue
[2022-07-29 02:43:44,382] {logging_mixin.py:115} INFO - [2022-07-29 02:43:44,382] {dagbag.py:508} INFO - Filling up the DagBag from /home/airflow/.local/lib/python3.7/site-packages/airflow/example_dags/example_python_operator.py
[2022-07-29 02:43:44,711] {processor.py:651} INFO - DAG(s) dict_keys(['example_python_operator']) retrieved from /home/airflow/.local/lib/python3.7/site-packages/airflow/example_dags/example_python_operator.py
[2022-07-29 02:43:44,748] {logging_mixin.py:115} INFO - [2022-07-29 02:43:44,748] {dag.py:2420} INFO - Sync 1 DAGs
[2022-07-29 02:43:44,787] {logging_mixin.py:115} INFO - [2022-07-29 02:43:44,786] {dag.py:2972} INFO - Setting next_dagrun for example_python_operator to None, run_after=None
[2022-07-29 02:43:44,806] {processor.py:161} INFO - Processing /home/airflow/.local/lib/python3.7/site-packages/airflow/example_dags/example_python_operator.py took 0.432 seconds
[2022-07-29 02:44:17,565] {processor.py:153} INFO - Started process (PID=3930) to work on /home/airflow/.local/lib/python3.7/site-packages/airflow/example_dags/example_python_operator.py
[2022-07-29 02:44:17,577] {processor.py:641} INFO - Processing file /home/airflow/.local/lib/python3.7/site-packages/airflow/example_dags/example_python_operator.py for tasks to queue
[2022-07-29 02:44:17,578] {logging_mixin.py:115} INFO - [2022-07-29 02:44:17,577] {dagbag.py:508} INFO - Filling up the DagBag from /home/airflow/.local/lib/python3.7/site-packages/airflow/example_dags/example_python_operator.py
[2022-07-29 02:44:18,145] {processor.py:651} INFO - DAG(s) dict_keys(['example_python_operator']) retrieved from /home/airflow/.local/lib/python3.7/site-packages/airflow/example_dags/example_python_operator.py
[2022-07-29 02:44:18,208] {logging_mixin.py:115} INFO - [2022-07-29 02:44:18,208] {dag.py:2420} INFO - Sync 1 DAGs
[2022-07-29 02:44:18,277] {logging_mixin.py:115} INFO - [2022-07-29 02:44:18,277] {dag.py:2972} INFO - Setting next_dagrun for example_python_operator to None, run_after=None
[2022-07-29 02:44:18,332] {processor.py:161} INFO - Processing /home/airflow/.local/lib/python3.7/site-packages/airflow/example_dags/example_python_operator.py took 0.806 seconds
[2022-07-29 02:44:48,975] {processor.py:153} INFO - Started process (PID=4006) to work on /home/airflow/.local/lib/python3.7/site-packages/airflow/example_dags/example_python_operator.py
[2022-07-29 02:44:48,976] {processor.py:641} INFO - Processing file /home/airflow/.local/lib/python3.7/site-packages/airflow/example_dags/example_python_operator.py for tasks to queue
[2022-07-29 02:44:48,976] {logging_mixin.py:115} INFO - [2022-07-29 02:44:48,976] {dagbag.py:508} INFO - Filling up the DagBag from /home/airflow/.local/lib/python3.7/site-packages/airflow/example_dags/example_python_operator.py
[2022-07-29 02:44:49,308] {processor.py:651} INFO - DAG(s) dict_keys(['example_python_operator']) retrieved from /home/airflow/.local/lib/python3.7/site-packages/airflow/example_dags/example_python_operator.py
[2022-07-29 02:44:49,372] {logging_mixin.py:115} INFO - [2022-07-29 02:44:49,372] {dag.py:2420} INFO - Sync 1 DAGs
[2022-07-29 02:44:49,457] {logging_mixin.py:115} INFO - [2022-07-29 02:44:49,457] {dag.py:2972} INFO - Setting next_dagrun for example_python_operator to None, run_after=None
[2022-07-29 02:44:49,512] {processor.py:161} INFO - Processing /home/airflow/.local/lib/python3.7/site-packages/airflow/example_dags/example_python_operator.py took 0.544 seconds
[2022-07-29 02:45:21,142] {processor.py:153} INFO - Started process (PID=4079) to work on /home/airflow/.local/lib/python3.7/site-packages/airflow/example_dags/example_python_operator.py
[2022-07-29 02:45:21,145] {processor.py:641} INFO - Processing file /home/airflow/.local/lib/python3.7/site-packages/airflow/example_dags/example_python_operator.py for tasks to queue
[2022-07-29 02:45:21,146] {logging_mixin.py:115} INFO - [2022-07-29 02:45:21,146] {dagbag.py:508} INFO - Filling up the DagBag from /home/airflow/.local/lib/python3.7/site-packages/airflow/example_dags/example_python_operator.py
[2022-07-29 02:45:21,544] {processor.py:651} INFO - DAG(s) dict_keys(['example_python_operator']) retrieved from /home/airflow/.local/lib/python3.7/site-packages/airflow/example_dags/example_python_operator.py
[2022-07-29 02:45:21,586] {logging_mixin.py:115} INFO - [2022-07-29 02:45:21,585] {dag.py:2420} INFO - Sync 1 DAGs
[2022-07-29 02:45:21,636] {logging_mixin.py:115} INFO - [2022-07-29 02:45:21,636] {dag.py:2972} INFO - Setting next_dagrun for example_python_operator to None, run_after=None
[2022-07-29 02:45:21,665] {processor.py:161} INFO - Processing /home/airflow/.local/lib/python3.7/site-packages/airflow/example_dags/example_python_operator.py took 0.554 seconds
[2022-07-29 02:45:51,868] {processor.py:153} INFO - Started process (PID=4159) to work on /home/airflow/.local/lib/python3.7/site-packages/airflow/example_dags/example_python_operator.py
[2022-07-29 02:45:51,869] {processor.py:641} INFO - Processing file /home/airflow/.local/lib/python3.7/site-packages/airflow/example_dags/example_python_operator.py for tasks to queue
[2022-07-29 02:45:51,870] {logging_mixin.py:115} INFO - [2022-07-29 02:45:51,870] {dagbag.py:508} INFO - Filling up the DagBag from /home/airflow/.local/lib/python3.7/site-packages/airflow/example_dags/example_python_operator.py
[2022-07-29 02:45:52,777] {processor.py:651} INFO - DAG(s) dict_keys(['example_python_operator']) retrieved from /home/airflow/.local/lib/python3.7/site-packages/airflow/example_dags/example_python_operator.py
[2022-07-29 02:45:52,904] {logging_mixin.py:115} INFO - [2022-07-29 02:45:52,904] {dag.py:2420} INFO - Sync 1 DAGs
[2022-07-29 02:45:53,012] {logging_mixin.py:115} INFO - [2022-07-29 02:45:53,012] {dag.py:2972} INFO - Setting next_dagrun for example_python_operator to None, run_after=None
[2022-07-29 02:45:53,060] {processor.py:161} INFO - Processing /home/airflow/.local/lib/python3.7/site-packages/airflow/example_dags/example_python_operator.py took 1.227 seconds
[2022-07-29 02:46:23,541] {processor.py:153} INFO - Started process (PID=4231) to work on /home/airflow/.local/lib/python3.7/site-packages/airflow/example_dags/example_python_operator.py
[2022-07-29 02:46:23,542] {processor.py:641} INFO - Processing file /home/airflow/.local/lib/python3.7/site-packages/airflow/example_dags/example_python_operator.py for tasks to queue
[2022-07-29 02:46:23,543] {logging_mixin.py:115} INFO - [2022-07-29 02:46:23,543] {dagbag.py:508} INFO - Filling up the DagBag from /home/airflow/.local/lib/python3.7/site-packages/airflow/example_dags/example_python_operator.py
[2022-07-29 02:46:23,868] {processor.py:651} INFO - DAG(s) dict_keys(['example_python_operator']) retrieved from /home/airflow/.local/lib/python3.7/site-packages/airflow/example_dags/example_python_operator.py
[2022-07-29 02:46:23,956] {logging_mixin.py:115} INFO - [2022-07-29 02:46:23,956] {dag.py:2420} INFO - Sync 1 DAGs
[2022-07-29 02:46:24,028] {logging_mixin.py:115} INFO - [2022-07-29 02:46:24,028] {dag.py:2972} INFO - Setting next_dagrun for example_python_operator to None, run_after=None
[2022-07-29 02:46:24,050] {processor.py:161} INFO - Processing /home/airflow/.local/lib/python3.7/site-packages/airflow/example_dags/example_python_operator.py took 0.527 seconds
[2022-07-29 02:46:55,174] {processor.py:153} INFO - Started process (PID=4304) to work on /home/airflow/.local/lib/python3.7/site-packages/airflow/example_dags/example_python_operator.py
[2022-07-29 02:46:55,183] {processor.py:641} INFO - Processing file /home/airflow/.local/lib/python3.7/site-packages/airflow/example_dags/example_python_operator.py for tasks to queue
[2022-07-29 02:46:55,185] {logging_mixin.py:115} INFO - [2022-07-29 02:46:55,184] {dagbag.py:508} INFO - Filling up the DagBag from /home/airflow/.local/lib/python3.7/site-packages/airflow/example_dags/example_python_operator.py
[2022-07-29 02:46:55,870] {processor.py:651} INFO - DAG(s) dict_keys(['example_python_operator']) retrieved from /home/airflow/.local/lib/python3.7/site-packages/airflow/example_dags/example_python_operator.py
[2022-07-29 02:46:55,951] {logging_mixin.py:115} INFO - [2022-07-29 02:46:55,951] {dag.py:2420} INFO - Sync 1 DAGs
[2022-07-29 02:46:56,014] {logging_mixin.py:115} INFO - [2022-07-29 02:46:56,014] {dag.py:2972} INFO - Setting next_dagrun for example_python_operator to None, run_after=None
[2022-07-29 02:46:56,062] {processor.py:161} INFO - Processing /home/airflow/.local/lib/python3.7/site-packages/airflow/example_dags/example_python_operator.py took 0.896 seconds
[2022-07-29 02:47:26,148] {processor.py:153} INFO - Started process (PID=4386) to work on /home/airflow/.local/lib/python3.7/site-packages/airflow/example_dags/example_python_operator.py
[2022-07-29 02:47:26,149] {processor.py:641} INFO - Processing file /home/airflow/.local/lib/python3.7/site-packages/airflow/example_dags/example_python_operator.py for tasks to queue
[2022-07-29 02:47:26,150] {logging_mixin.py:115} INFO - [2022-07-29 02:47:26,150] {dagbag.py:508} INFO - Filling up the DagBag from /home/airflow/.local/lib/python3.7/site-packages/airflow/example_dags/example_python_operator.py
[2022-07-29 02:47:26,183] {processor.py:651} INFO - DAG(s) dict_keys(['example_python_operator']) retrieved from /home/airflow/.local/lib/python3.7/site-packages/airflow/example_dags/example_python_operator.py
[2022-07-29 02:47:26,259] {logging_mixin.py:115} INFO - [2022-07-29 02:47:26,259] {dag.py:2420} INFO - Sync 1 DAGs
[2022-07-29 02:47:26,300] {logging_mixin.py:115} INFO - [2022-07-29 02:47:26,300] {dag.py:2972} INFO - Setting next_dagrun for example_python_operator to None, run_after=None
[2022-07-29 02:47:26,320] {processor.py:161} INFO - Processing /home/airflow/.local/lib/python3.7/site-packages/airflow/example_dags/example_python_operator.py took 0.179 seconds
[2022-07-29 02:47:57,042] {processor.py:153} INFO - Started process (PID=4458) to work on /home/airflow/.local/lib/python3.7/site-packages/airflow/example_dags/example_python_operator.py
[2022-07-29 02:47:57,042] {processor.py:641} INFO - Processing file /home/airflow/.local/lib/python3.7/site-packages/airflow/example_dags/example_python_operator.py for tasks to queue
[2022-07-29 02:47:57,043] {logging_mixin.py:115} INFO - [2022-07-29 02:47:57,043] {dagbag.py:508} INFO - Filling up the DagBag from /home/airflow/.local/lib/python3.7/site-packages/airflow/example_dags/example_python_operator.py
[2022-07-29 02:47:57,076] {processor.py:651} INFO - DAG(s) dict_keys(['example_python_operator']) retrieved from /home/airflow/.local/lib/python3.7/site-packages/airflow/example_dags/example_python_operator.py
[2022-07-29 02:47:57,124] {logging_mixin.py:115} INFO - [2022-07-29 02:47:57,124] {dag.py:2420} INFO - Sync 1 DAGs
[2022-07-29 02:47:57,167] {logging_mixin.py:115} INFO - [2022-07-29 02:47:57,167] {dag.py:2972} INFO - Setting next_dagrun for example_python_operator to None, run_after=None
[2022-07-29 02:47:57,188] {processor.py:161} INFO - Processing /home/airflow/.local/lib/python3.7/site-packages/airflow/example_dags/example_python_operator.py took 0.153 seconds
[2022-07-29 02:48:27,959] {processor.py:153} INFO - Started process (PID=4540) to work on /home/airflow/.local/lib/python3.7/site-packages/airflow/example_dags/example_python_operator.py
[2022-07-29 02:48:27,967] {processor.py:641} INFO - Processing file /home/airflow/.local/lib/python3.7/site-packages/airflow/example_dags/example_python_operator.py for tasks to queue
[2022-07-29 02:48:27,968] {logging_mixin.py:115} INFO - [2022-07-29 02:48:27,968] {dagbag.py:508} INFO - Filling up the DagBag from /home/airflow/.local/lib/python3.7/site-packages/airflow/example_dags/example_python_operator.py
[2022-07-29 02:48:28,010] {processor.py:651} INFO - DAG(s) dict_keys(['example_python_operator']) retrieved from /home/airflow/.local/lib/python3.7/site-packages/airflow/example_dags/example_python_operator.py
[2022-07-29 02:48:28,057] {logging_mixin.py:115} INFO - [2022-07-29 02:48:28,057] {dag.py:2420} INFO - Sync 1 DAGs
[2022-07-29 02:48:28,098] {logging_mixin.py:115} INFO - [2022-07-29 02:48:28,098] {dag.py:2972} INFO - Setting next_dagrun for example_python_operator to None, run_after=None
[2022-07-29 02:48:28,121] {processor.py:161} INFO - Processing /home/airflow/.local/lib/python3.7/site-packages/airflow/example_dags/example_python_operator.py took 0.169 seconds
[2022-07-29 02:48:58,366] {processor.py:153} INFO - Started process (PID=4613) to work on /home/airflow/.local/lib/python3.7/site-packages/airflow/example_dags/example_python_operator.py
[2022-07-29 02:48:58,370] {processor.py:641} INFO - Processing file /home/airflow/.local/lib/python3.7/site-packages/airflow/example_dags/example_python_operator.py for tasks to queue
[2022-07-29 02:48:58,371] {logging_mixin.py:115} INFO - [2022-07-29 02:48:58,371] {dagbag.py:508} INFO - Filling up the DagBag from /home/airflow/.local/lib/python3.7/site-packages/airflow/example_dags/example_python_operator.py
[2022-07-29 02:48:58,440] {processor.py:651} INFO - DAG(s) dict_keys(['example_python_operator']) retrieved from /home/airflow/.local/lib/python3.7/site-packages/airflow/example_dags/example_python_operator.py
[2022-07-29 02:48:58,494] {logging_mixin.py:115} INFO - [2022-07-29 02:48:58,494] {dag.py:2420} INFO - Sync 1 DAGs
[2022-07-29 02:48:58,544] {logging_mixin.py:115} INFO - [2022-07-29 02:48:58,544] {dag.py:2972} INFO - Setting next_dagrun for example_python_operator to None, run_after=None
[2022-07-29 02:48:58,580] {processor.py:161} INFO - Processing /home/airflow/.local/lib/python3.7/site-packages/airflow/example_dags/example_python_operator.py took 0.225 seconds
[2022-07-29 02:49:29,624] {processor.py:153} INFO - Started process (PID=4693) to work on /home/airflow/.local/lib/python3.7/site-packages/airflow/example_dags/example_python_operator.py
[2022-07-29 02:49:29,624] {processor.py:641} INFO - Processing file /home/airflow/.local/lib/python3.7/site-packages/airflow/example_dags/example_python_operator.py for tasks to queue
[2022-07-29 02:49:29,625] {logging_mixin.py:115} INFO - [2022-07-29 02:49:29,625] {dagbag.py:508} INFO - Filling up the DagBag from /home/airflow/.local/lib/python3.7/site-packages/airflow/example_dags/example_python_operator.py
[2022-07-29 02:49:29,657] {processor.py:651} INFO - DAG(s) dict_keys(['example_python_operator']) retrieved from /home/airflow/.local/lib/python3.7/site-packages/airflow/example_dags/example_python_operator.py
[2022-07-29 02:49:29,705] {logging_mixin.py:115} INFO - [2022-07-29 02:49:29,704] {dag.py:2420} INFO - Sync 1 DAGs
[2022-07-29 02:49:29,746] {logging_mixin.py:115} INFO - [2022-07-29 02:49:29,746] {dag.py:2972} INFO - Setting next_dagrun for example_python_operator to None, run_after=None
[2022-07-29 02:49:29,766] {processor.py:161} INFO - Processing /home/airflow/.local/lib/python3.7/site-packages/airflow/example_dags/example_python_operator.py took 0.149 seconds
[2022-07-29 02:50:00,033] {processor.py:153} INFO - Started process (PID=4765) to work on /home/airflow/.local/lib/python3.7/site-packages/airflow/example_dags/example_python_operator.py
[2022-07-29 02:50:00,034] {processor.py:641} INFO - Processing file /home/airflow/.local/lib/python3.7/site-packages/airflow/example_dags/example_python_operator.py for tasks to queue
[2022-07-29 02:50:00,035] {logging_mixin.py:115} INFO - [2022-07-29 02:50:00,035] {dagbag.py:508} INFO - Filling up the DagBag from /home/airflow/.local/lib/python3.7/site-packages/airflow/example_dags/example_python_operator.py
[2022-07-29 02:50:00,100] {processor.py:651} INFO - DAG(s) dict_keys(['example_python_operator']) retrieved from /home/airflow/.local/lib/python3.7/site-packages/airflow/example_dags/example_python_operator.py
[2022-07-29 02:50:00,184] {logging_mixin.py:115} INFO - [2022-07-29 02:50:00,184] {dag.py:2420} INFO - Sync 1 DAGs
[2022-07-29 02:50:00,265] {logging_mixin.py:115} INFO - [2022-07-29 02:50:00,265] {dag.py:2972} INFO - Setting next_dagrun for example_python_operator to None, run_after=None
[2022-07-29 02:50:00,304] {processor.py:161} INFO - Processing /home/airflow/.local/lib/python3.7/site-packages/airflow/example_dags/example_python_operator.py took 0.290 seconds
[2022-07-29 02:50:30,578] {processor.py:153} INFO - Started process (PID=4847) to work on /home/airflow/.local/lib/python3.7/site-packages/airflow/example_dags/example_python_operator.py
[2022-07-29 02:50:30,579] {processor.py:641} INFO - Processing file /home/airflow/.local/lib/python3.7/site-packages/airflow/example_dags/example_python_operator.py for tasks to queue
[2022-07-29 02:50:30,580] {logging_mixin.py:115} INFO - [2022-07-29 02:50:30,579] {dagbag.py:508} INFO - Filling up the DagBag from /home/airflow/.local/lib/python3.7/site-packages/airflow/example_dags/example_python_operator.py
[2022-07-29 02:50:30,628] {processor.py:651} INFO - DAG(s) dict_keys(['example_python_operator']) retrieved from /home/airflow/.local/lib/python3.7/site-packages/airflow/example_dags/example_python_operator.py
[2022-07-29 02:50:30,680] {logging_mixin.py:115} INFO - [2022-07-29 02:50:30,679] {dag.py:2420} INFO - Sync 1 DAGs
[2022-07-29 02:50:30,724] {logging_mixin.py:115} INFO - [2022-07-29 02:50:30,724] {dag.py:2972} INFO - Setting next_dagrun for example_python_operator to None, run_after=None
[2022-07-29 02:50:30,752] {processor.py:161} INFO - Processing /home/airflow/.local/lib/python3.7/site-packages/airflow/example_dags/example_python_operator.py took 0.187 seconds
[2022-07-29 02:51:01,512] {processor.py:153} INFO - Started process (PID=4920) to work on /home/airflow/.local/lib/python3.7/site-packages/airflow/example_dags/example_python_operator.py
[2022-07-29 02:51:01,520] {processor.py:641} INFO - Processing file /home/airflow/.local/lib/python3.7/site-packages/airflow/example_dags/example_python_operator.py for tasks to queue
[2022-07-29 02:51:01,521] {logging_mixin.py:115} INFO - [2022-07-29 02:51:01,521] {dagbag.py:508} INFO - Filling up the DagBag from /home/airflow/.local/lib/python3.7/site-packages/airflow/example_dags/example_python_operator.py
[2022-07-29 02:51:01,585] {processor.py:651} INFO - DAG(s) dict_keys(['example_python_operator']) retrieved from /home/airflow/.local/lib/python3.7/site-packages/airflow/example_dags/example_python_operator.py
[2022-07-29 02:51:01,668] {logging_mixin.py:115} INFO - [2022-07-29 02:51:01,668] {dag.py:2420} INFO - Sync 1 DAGs
[2022-07-29 02:51:01,740] {logging_mixin.py:115} INFO - [2022-07-29 02:51:01,740] {dag.py:2972} INFO - Setting next_dagrun for example_python_operator to None, run_after=None
[2022-07-29 02:51:01,775] {processor.py:161} INFO - Processing /home/airflow/.local/lib/python3.7/site-packages/airflow/example_dags/example_python_operator.py took 0.281 seconds
[2022-07-29 02:51:31,868] {processor.py:153} INFO - Started process (PID=5000) to work on /home/airflow/.local/lib/python3.7/site-packages/airflow/example_dags/example_python_operator.py
[2022-07-29 02:51:31,869] {processor.py:641} INFO - Processing file /home/airflow/.local/lib/python3.7/site-packages/airflow/example_dags/example_python_operator.py for tasks to queue
[2022-07-29 02:51:31,870] {logging_mixin.py:115} INFO - [2022-07-29 02:51:31,870] {dagbag.py:508} INFO - Filling up the DagBag from /home/airflow/.local/lib/python3.7/site-packages/airflow/example_dags/example_python_operator.py
[2022-07-29 02:51:31,902] {processor.py:651} INFO - DAG(s) dict_keys(['example_python_operator']) retrieved from /home/airflow/.local/lib/python3.7/site-packages/airflow/example_dags/example_python_operator.py
[2022-07-29 02:51:31,949] {logging_mixin.py:115} INFO - [2022-07-29 02:51:31,949] {dag.py:2420} INFO - Sync 1 DAGs
[2022-07-29 02:51:31,992] {logging_mixin.py:115} INFO - [2022-07-29 02:51:31,992] {dag.py:2972} INFO - Setting next_dagrun for example_python_operator to None, run_after=None
[2022-07-29 02:51:32,012] {processor.py:161} INFO - Processing /home/airflow/.local/lib/python3.7/site-packages/airflow/example_dags/example_python_operator.py took 0.151 seconds
[2022-07-29 02:52:02,849] {processor.py:153} INFO - Started process (PID=5073) to work on /home/airflow/.local/lib/python3.7/site-packages/airflow/example_dags/example_python_operator.py
[2022-07-29 02:52:02,852] {processor.py:641} INFO - Processing file /home/airflow/.local/lib/python3.7/site-packages/airflow/example_dags/example_python_operator.py for tasks to queue
[2022-07-29 02:52:02,853] {logging_mixin.py:115} INFO - [2022-07-29 02:52:02,853] {dagbag.py:508} INFO - Filling up the DagBag from /home/airflow/.local/lib/python3.7/site-packages/airflow/example_dags/example_python_operator.py
[2022-07-29 02:52:02,911] {processor.py:651} INFO - DAG(s) dict_keys(['example_python_operator']) retrieved from /home/airflow/.local/lib/python3.7/site-packages/airflow/example_dags/example_python_operator.py
[2022-07-29 02:52:02,961] {logging_mixin.py:115} INFO - [2022-07-29 02:52:02,961] {dag.py:2420} INFO - Sync 1 DAGs
[2022-07-29 02:52:03,004] {logging_mixin.py:115} INFO - [2022-07-29 02:52:03,004] {dag.py:2972} INFO - Setting next_dagrun for example_python_operator to None, run_after=None
[2022-07-29 02:52:03,041] {processor.py:161} INFO - Processing /home/airflow/.local/lib/python3.7/site-packages/airflow/example_dags/example_python_operator.py took 0.218 seconds
[2022-07-29 02:52:34,073] {processor.py:153} INFO - Started process (PID=5156) to work on /home/airflow/.local/lib/python3.7/site-packages/airflow/example_dags/example_python_operator.py
[2022-07-29 02:52:34,074] {processor.py:641} INFO - Processing file /home/airflow/.local/lib/python3.7/site-packages/airflow/example_dags/example_python_operator.py for tasks to queue
[2022-07-29 02:52:34,075] {logging_mixin.py:115} INFO - [2022-07-29 02:52:34,075] {dagbag.py:508} INFO - Filling up the DagBag from /home/airflow/.local/lib/python3.7/site-packages/airflow/example_dags/example_python_operator.py
[2022-07-29 02:52:34,171] {processor.py:651} INFO - DAG(s) dict_keys(['example_python_operator']) retrieved from /home/airflow/.local/lib/python3.7/site-packages/airflow/example_dags/example_python_operator.py
[2022-07-29 02:52:34,288] {logging_mixin.py:115} INFO - [2022-07-29 02:52:34,288] {dag.py:2420} INFO - Sync 1 DAGs
[2022-07-29 02:52:34,377] {logging_mixin.py:115} INFO - [2022-07-29 02:52:34,376] {dag.py:2972} INFO - Setting next_dagrun for example_python_operator to None, run_after=None
[2022-07-29 02:52:34,412] {processor.py:161} INFO - Processing /home/airflow/.local/lib/python3.7/site-packages/airflow/example_dags/example_python_operator.py took 0.354 seconds
[2022-07-29 02:53:05,195] {processor.py:153} INFO - Started process (PID=5228) to work on /home/airflow/.local/lib/python3.7/site-packages/airflow/example_dags/example_python_operator.py
[2022-07-29 02:53:05,196] {processor.py:641} INFO - Processing file /home/airflow/.local/lib/python3.7/site-packages/airflow/example_dags/example_python_operator.py for tasks to queue
[2022-07-29 02:53:05,197] {logging_mixin.py:115} INFO - [2022-07-29 02:53:05,197] {dagbag.py:508} INFO - Filling up the DagBag from /home/airflow/.local/lib/python3.7/site-packages/airflow/example_dags/example_python_operator.py
[2022-07-29 02:53:05,230] {processor.py:651} INFO - DAG(s) dict_keys(['example_python_operator']) retrieved from /home/airflow/.local/lib/python3.7/site-packages/airflow/example_dags/example_python_operator.py
[2022-07-29 02:53:05,278] {logging_mixin.py:115} INFO - [2022-07-29 02:53:05,278] {dag.py:2420} INFO - Sync 1 DAGs
[2022-07-29 02:53:05,323] {logging_mixin.py:115} INFO - [2022-07-29 02:53:05,323] {dag.py:2972} INFO - Setting next_dagrun for example_python_operator to None, run_after=None
[2022-07-29 02:53:05,344] {processor.py:161} INFO - Processing /home/airflow/.local/lib/python3.7/site-packages/airflow/example_dags/example_python_operator.py took 0.156 seconds
[2022-07-29 02:53:37,972] {processor.py:153} INFO - Started process (PID=5312) to work on /home/airflow/.local/lib/python3.7/site-packages/airflow/example_dags/example_python_operator.py
[2022-07-29 02:53:37,980] {processor.py:641} INFO - Processing file /home/airflow/.local/lib/python3.7/site-packages/airflow/example_dags/example_python_operator.py for tasks to queue
[2022-07-29 02:53:37,981] {logging_mixin.py:115} INFO - [2022-07-29 02:53:37,981] {dagbag.py:508} INFO - Filling up the DagBag from /home/airflow/.local/lib/python3.7/site-packages/airflow/example_dags/example_python_operator.py
[2022-07-29 02:53:38,038] {processor.py:651} INFO - DAG(s) dict_keys(['example_python_operator']) retrieved from /home/airflow/.local/lib/python3.7/site-packages/airflow/example_dags/example_python_operator.py
[2022-07-29 02:53:38,132] {logging_mixin.py:115} INFO - [2022-07-29 02:53:38,132] {dag.py:2420} INFO - Sync 1 DAGs
[2022-07-29 02:53:38,215] {logging_mixin.py:115} INFO - [2022-07-29 02:53:38,215] {dag.py:2972} INFO - Setting next_dagrun for example_python_operator to None, run_after=None
[2022-07-29 02:53:38,255] {processor.py:161} INFO - Processing /home/airflow/.local/lib/python3.7/site-packages/airflow/example_dags/example_python_operator.py took 0.297 seconds
[2022-07-29 02:54:08,365] {processor.py:153} INFO - Started process (PID=5383) to work on /home/airflow/.local/lib/python3.7/site-packages/airflow/example_dags/example_python_operator.py
[2022-07-29 02:54:08,366] {processor.py:641} INFO - Processing file /home/airflow/.local/lib/python3.7/site-packages/airflow/example_dags/example_python_operator.py for tasks to queue
[2022-07-29 02:54:08,366] {logging_mixin.py:115} INFO - [2022-07-29 02:54:08,366] {dagbag.py:508} INFO - Filling up the DagBag from /home/airflow/.local/lib/python3.7/site-packages/airflow/example_dags/example_python_operator.py
[2022-07-29 02:54:08,390] {processor.py:651} INFO - DAG(s) dict_keys(['example_python_operator']) retrieved from /home/airflow/.local/lib/python3.7/site-packages/airflow/example_dags/example_python_operator.py
[2022-07-29 02:54:08,423] {logging_mixin.py:115} INFO - [2022-07-29 02:54:08,423] {dag.py:2420} INFO - Sync 1 DAGs
[2022-07-29 02:54:08,450] {logging_mixin.py:115} INFO - [2022-07-29 02:54:08,450] {dag.py:2972} INFO - Setting next_dagrun for example_python_operator to None, run_after=None
[2022-07-29 02:54:08,464] {processor.py:161} INFO - Processing /home/airflow/.local/lib/python3.7/site-packages/airflow/example_dags/example_python_operator.py took 0.106 seconds
[2022-07-29 02:54:39,496] {processor.py:153} INFO - Started process (PID=5458) to work on /home/airflow/.local/lib/python3.7/site-packages/airflow/example_dags/example_python_operator.py
[2022-07-29 02:54:39,498] {processor.py:641} INFO - Processing file /home/airflow/.local/lib/python3.7/site-packages/airflow/example_dags/example_python_operator.py for tasks to queue
[2022-07-29 02:54:39,499] {logging_mixin.py:115} INFO - [2022-07-29 02:54:39,499] {dagbag.py:508} INFO - Filling up the DagBag from /home/airflow/.local/lib/python3.7/site-packages/airflow/example_dags/example_python_operator.py
[2022-07-29 02:54:39,569] {processor.py:651} INFO - DAG(s) dict_keys(['example_python_operator']) retrieved from /home/airflow/.local/lib/python3.7/site-packages/airflow/example_dags/example_python_operator.py
[2022-07-29 02:54:39,619] {logging_mixin.py:115} INFO - [2022-07-29 02:54:39,619] {dag.py:2420} INFO - Sync 1 DAGs
[2022-07-29 02:54:39,661] {logging_mixin.py:115} INFO - [2022-07-29 02:54:39,661] {dag.py:2972} INFO - Setting next_dagrun for example_python_operator to None, run_after=None
[2022-07-29 02:54:39,682] {processor.py:161} INFO - Processing /home/airflow/.local/lib/python3.7/site-packages/airflow/example_dags/example_python_operator.py took 0.214 seconds
[2022-07-29 02:55:14,620] {processor.py:153} INFO - Started process (PID=5541) to work on /home/airflow/.local/lib/python3.7/site-packages/airflow/example_dags/example_python_operator.py
[2022-07-29 02:55:14,628] {processor.py:641} INFO - Processing file /home/airflow/.local/lib/python3.7/site-packages/airflow/example_dags/example_python_operator.py for tasks to queue
[2022-07-29 02:55:14,629] {logging_mixin.py:115} INFO - [2022-07-29 02:55:14,629] {dagbag.py:508} INFO - Filling up the DagBag from /home/airflow/.local/lib/python3.7/site-packages/airflow/example_dags/example_python_operator.py
[2022-07-29 02:55:14,677] {processor.py:651} INFO - DAG(s) dict_keys(['example_python_operator']) retrieved from /home/airflow/.local/lib/python3.7/site-packages/airflow/example_dags/example_python_operator.py
[2022-07-29 02:55:14,761] {logging_mixin.py:115} INFO - [2022-07-29 02:55:14,761] {dag.py:2420} INFO - Sync 1 DAGs
[2022-07-29 02:55:14,838] {logging_mixin.py:115} INFO - [2022-07-29 02:55:14,838] {dag.py:2972} INFO - Setting next_dagrun for example_python_operator to None, run_after=None
[2022-07-29 02:55:14,862] {processor.py:161} INFO - Processing /home/airflow/.local/lib/python3.7/site-packages/airflow/example_dags/example_python_operator.py took 0.256 seconds
[2022-07-29 02:55:45,113] {processor.py:153} INFO - Started process (PID=5612) to work on /home/airflow/.local/lib/python3.7/site-packages/airflow/example_dags/example_python_operator.py
[2022-07-29 02:55:45,114] {processor.py:641} INFO - Processing file /home/airflow/.local/lib/python3.7/site-packages/airflow/example_dags/example_python_operator.py for tasks to queue
[2022-07-29 02:55:45,115] {logging_mixin.py:115} INFO - [2022-07-29 02:55:45,115] {dagbag.py:508} INFO - Filling up the DagBag from /home/airflow/.local/lib/python3.7/site-packages/airflow/example_dags/example_python_operator.py
[2022-07-29 02:55:45,147] {processor.py:651} INFO - DAG(s) dict_keys(['example_python_operator']) retrieved from /home/airflow/.local/lib/python3.7/site-packages/airflow/example_dags/example_python_operator.py
[2022-07-29 02:55:45,195] {logging_mixin.py:115} INFO - [2022-07-29 02:55:45,195] {dag.py:2420} INFO - Sync 1 DAGs
[2022-07-29 02:55:45,240] {logging_mixin.py:115} INFO - [2022-07-29 02:55:45,240] {dag.py:2972} INFO - Setting next_dagrun for example_python_operator to None, run_after=None
[2022-07-29 02:55:45,260] {processor.py:161} INFO - Processing /home/airflow/.local/lib/python3.7/site-packages/airflow/example_dags/example_python_operator.py took 0.154 seconds
[2022-07-29 02:56:15,358] {processor.py:153} INFO - Started process (PID=5684) to work on /home/airflow/.local/lib/python3.7/site-packages/airflow/example_dags/example_python_operator.py
[2022-07-29 02:56:15,359] {processor.py:641} INFO - Processing file /home/airflow/.local/lib/python3.7/site-packages/airflow/example_dags/example_python_operator.py for tasks to queue
[2022-07-29 02:56:15,359] {logging_mixin.py:115} INFO - [2022-07-29 02:56:15,359] {dagbag.py:508} INFO - Filling up the DagBag from /home/airflow/.local/lib/python3.7/site-packages/airflow/example_dags/example_python_operator.py
[2022-07-29 02:56:15,382] {processor.py:651} INFO - DAG(s) dict_keys(['example_python_operator']) retrieved from /home/airflow/.local/lib/python3.7/site-packages/airflow/example_dags/example_python_operator.py
[2022-07-29 02:56:15,416] {logging_mixin.py:115} INFO - [2022-07-29 02:56:15,416] {dag.py:2420} INFO - Sync 1 DAGs
[2022-07-29 02:56:15,443] {logging_mixin.py:115} INFO - [2022-07-29 02:56:15,443] {dag.py:2972} INFO - Setting next_dagrun for example_python_operator to None, run_after=None
[2022-07-29 02:56:15,480] {processor.py:161} INFO - Processing /home/airflow/.local/lib/python3.7/site-packages/airflow/example_dags/example_python_operator.py took 0.128 seconds
[2022-07-29 02:56:47,125] {processor.py:153} INFO - Started process (PID=5768) to work on /home/airflow/.local/lib/python3.7/site-packages/airflow/example_dags/example_python_operator.py
[2022-07-29 02:56:47,126] {processor.py:641} INFO - Processing file /home/airflow/.local/lib/python3.7/site-packages/airflow/example_dags/example_python_operator.py for tasks to queue
[2022-07-29 02:56:47,127] {logging_mixin.py:115} INFO - [2022-07-29 02:56:47,127] {dagbag.py:508} INFO - Filling up the DagBag from /home/airflow/.local/lib/python3.7/site-packages/airflow/example_dags/example_python_operator.py
[2022-07-29 02:56:47,160] {processor.py:651} INFO - DAG(s) dict_keys(['example_python_operator']) retrieved from /home/airflow/.local/lib/python3.7/site-packages/airflow/example_dags/example_python_operator.py
[2022-07-29 02:56:47,208] {logging_mixin.py:115} INFO - [2022-07-29 02:56:47,208] {dag.py:2420} INFO - Sync 1 DAGs
[2022-07-29 02:56:47,249] {logging_mixin.py:115} INFO - [2022-07-29 02:56:47,249] {dag.py:2972} INFO - Setting next_dagrun for example_python_operator to None, run_after=None
[2022-07-29 02:56:47,269] {processor.py:161} INFO - Processing /home/airflow/.local/lib/python3.7/site-packages/airflow/example_dags/example_python_operator.py took 0.151 seconds
[2022-07-29 02:57:18,953] {processor.py:153} INFO - Started process (PID=5841) to work on /home/airflow/.local/lib/python3.7/site-packages/airflow/example_dags/example_python_operator.py
[2022-07-29 02:57:18,954] {processor.py:641} INFO - Processing file /home/airflow/.local/lib/python3.7/site-packages/airflow/example_dags/example_python_operator.py for tasks to queue
[2022-07-29 02:57:18,955] {logging_mixin.py:115} INFO - [2022-07-29 02:57:18,955] {dagbag.py:508} INFO - Filling up the DagBag from /home/airflow/.local/lib/python3.7/site-packages/airflow/example_dags/example_python_operator.py
[2022-07-29 02:57:19,049] {processor.py:651} INFO - DAG(s) dict_keys(['example_python_operator']) retrieved from /home/airflow/.local/lib/python3.7/site-packages/airflow/example_dags/example_python_operator.py
[2022-07-29 02:57:19,122] {logging_mixin.py:115} INFO - [2022-07-29 02:57:19,122] {dag.py:2420} INFO - Sync 1 DAGs
[2022-07-29 02:57:19,166] {logging_mixin.py:115} INFO - [2022-07-29 02:57:19,166] {dag.py:2972} INFO - Setting next_dagrun for example_python_operator to None, run_after=None
[2022-07-29 02:57:19,187] {processor.py:161} INFO - Processing /home/airflow/.local/lib/python3.7/site-packages/airflow/example_dags/example_python_operator.py took 0.267 seconds
[2022-07-29 02:57:50,694] {processor.py:153} INFO - Started process (PID=5914) to work on /home/airflow/.local/lib/python3.7/site-packages/airflow/example_dags/example_python_operator.py
[2022-07-29 02:57:50,700] {processor.py:641} INFO - Processing file /home/airflow/.local/lib/python3.7/site-packages/airflow/example_dags/example_python_operator.py for tasks to queue
[2022-07-29 02:57:50,701] {logging_mixin.py:115} INFO - [2022-07-29 02:57:50,701] {dagbag.py:508} INFO - Filling up the DagBag from /home/airflow/.local/lib/python3.7/site-packages/airflow/example_dags/example_python_operator.py
[2022-07-29 02:57:50,764] {processor.py:651} INFO - DAG(s) dict_keys(['example_python_operator']) retrieved from /home/airflow/.local/lib/python3.7/site-packages/airflow/example_dags/example_python_operator.py
[2022-07-29 02:57:50,852] {logging_mixin.py:115} INFO - [2022-07-29 02:57:50,852] {dag.py:2420} INFO - Sync 1 DAGs
[2022-07-29 02:57:50,936] {logging_mixin.py:115} INFO - [2022-07-29 02:57:50,936] {dag.py:2972} INFO - Setting next_dagrun for example_python_operator to None, run_after=None
[2022-07-29 02:57:50,995] {processor.py:161} INFO - Processing /home/airflow/.local/lib/python3.7/site-packages/airflow/example_dags/example_python_operator.py took 0.318 seconds
