[2022-07-29 02:17:25,339] {processor.py:153} INFO - Started process (PID=81) to work on /home/airflow/.local/lib/python3.7/site-packages/airflow/example_dags/tutorial_etl_dag.py
[2022-07-29 02:17:25,342] {processor.py:641} INFO - Processing file /home/airflow/.local/lib/python3.7/site-packages/airflow/example_dags/tutorial_etl_dag.py for tasks to queue
[2022-07-29 02:17:25,343] {logging_mixin.py:115} INFO - [2022-07-29 02:17:25,343] {dagbag.py:508} INFO - Filling up the DagBag from /home/airflow/.local/lib/python3.7/site-packages/airflow/example_dags/tutorial_etl_dag.py
[2022-07-29 02:17:25,379] {processor.py:651} INFO - DAG(s) dict_keys(['tutorial_etl_dag']) retrieved from /home/airflow/.local/lib/python3.7/site-packages/airflow/example_dags/tutorial_etl_dag.py
[2022-07-29 02:17:25,532] {logging_mixin.py:115} INFO - [2022-07-29 02:17:25,532] {dag.py:2420} INFO - Sync 1 DAGs
[2022-07-29 02:17:26,387] {logging_mixin.py:115} INFO - [2022-07-29 02:17:26,387] {dag.py:2972} INFO - Setting next_dagrun for tutorial_etl_dag to None, run_after=None
[2022-07-29 02:17:26,458] {processor.py:161} INFO - Processing /home/airflow/.local/lib/python3.7/site-packages/airflow/example_dags/tutorial_etl_dag.py took 1.147 seconds
[2022-07-29 02:17:56,592] {processor.py:153} INFO - Started process (PID=160) to work on /home/airflow/.local/lib/python3.7/site-packages/airflow/example_dags/tutorial_etl_dag.py
[2022-07-29 02:17:56,593] {processor.py:641} INFO - Processing file /home/airflow/.local/lib/python3.7/site-packages/airflow/example_dags/tutorial_etl_dag.py for tasks to queue
[2022-07-29 02:17:56,594] {logging_mixin.py:115} INFO - [2022-07-29 02:17:56,594] {dagbag.py:508} INFO - Filling up the DagBag from /home/airflow/.local/lib/python3.7/site-packages/airflow/example_dags/tutorial_etl_dag.py
[2022-07-29 02:17:56,607] {processor.py:651} INFO - DAG(s) dict_keys(['tutorial_etl_dag']) retrieved from /home/airflow/.local/lib/python3.7/site-packages/airflow/example_dags/tutorial_etl_dag.py
[2022-07-29 02:17:56,656] {logging_mixin.py:115} INFO - [2022-07-29 02:17:56,656] {dag.py:2420} INFO - Sync 1 DAGs
[2022-07-29 02:17:56,919] {logging_mixin.py:115} INFO - [2022-07-29 02:17:56,918] {dag.py:2972} INFO - Setting next_dagrun for tutorial_etl_dag to None, run_after=None
[2022-07-29 02:17:56,937] {processor.py:161} INFO - Processing /home/airflow/.local/lib/python3.7/site-packages/airflow/example_dags/tutorial_etl_dag.py took 0.351 seconds
[2022-07-29 02:18:27,108] {processor.py:153} INFO - Started process (PID=233) to work on /home/airflow/.local/lib/python3.7/site-packages/airflow/example_dags/tutorial_etl_dag.py
[2022-07-29 02:18:27,109] {processor.py:641} INFO - Processing file /home/airflow/.local/lib/python3.7/site-packages/airflow/example_dags/tutorial_etl_dag.py for tasks to queue
[2022-07-29 02:18:27,109] {logging_mixin.py:115} INFO - [2022-07-29 02:18:27,109] {dagbag.py:508} INFO - Filling up the DagBag from /home/airflow/.local/lib/python3.7/site-packages/airflow/example_dags/tutorial_etl_dag.py
[2022-07-29 02:18:27,122] {processor.py:651} INFO - DAG(s) dict_keys(['tutorial_etl_dag']) retrieved from /home/airflow/.local/lib/python3.7/site-packages/airflow/example_dags/tutorial_etl_dag.py
[2022-07-29 02:18:27,172] {logging_mixin.py:115} INFO - [2022-07-29 02:18:27,171] {dag.py:2420} INFO - Sync 1 DAGs
[2022-07-29 02:18:27,382] {logging_mixin.py:115} INFO - [2022-07-29 02:18:27,382] {dag.py:2972} INFO - Setting next_dagrun for tutorial_etl_dag to None, run_after=None
[2022-07-29 02:18:27,396] {processor.py:161} INFO - Processing /home/airflow/.local/lib/python3.7/site-packages/airflow/example_dags/tutorial_etl_dag.py took 0.294 seconds
[2022-07-29 02:18:58,042] {processor.py:153} INFO - Started process (PID=305) to work on /home/airflow/.local/lib/python3.7/site-packages/airflow/example_dags/tutorial_etl_dag.py
[2022-07-29 02:18:58,043] {processor.py:641} INFO - Processing file /home/airflow/.local/lib/python3.7/site-packages/airflow/example_dags/tutorial_etl_dag.py for tasks to queue
[2022-07-29 02:18:58,044] {logging_mixin.py:115} INFO - [2022-07-29 02:18:58,044] {dagbag.py:508} INFO - Filling up the DagBag from /home/airflow/.local/lib/python3.7/site-packages/airflow/example_dags/tutorial_etl_dag.py
[2022-07-29 02:18:58,111] {processor.py:651} INFO - DAG(s) dict_keys(['tutorial_etl_dag']) retrieved from /home/airflow/.local/lib/python3.7/site-packages/airflow/example_dags/tutorial_etl_dag.py
[2022-07-29 02:18:58,280] {logging_mixin.py:115} INFO - [2022-07-29 02:18:58,280] {dag.py:2420} INFO - Sync 1 DAGs
[2022-07-29 02:18:58,884] {logging_mixin.py:115} INFO - [2022-07-29 02:18:58,884] {dag.py:2972} INFO - Setting next_dagrun for tutorial_etl_dag to None, run_after=None
[2022-07-29 02:18:58,923] {processor.py:161} INFO - Processing /home/airflow/.local/lib/python3.7/site-packages/airflow/example_dags/tutorial_etl_dag.py took 0.921 seconds
[2022-07-29 02:19:29,220] {processor.py:153} INFO - Started process (PID=377) to work on /home/airflow/.local/lib/python3.7/site-packages/airflow/example_dags/tutorial_etl_dag.py
[2022-07-29 02:19:29,221] {processor.py:641} INFO - Processing file /home/airflow/.local/lib/python3.7/site-packages/airflow/example_dags/tutorial_etl_dag.py for tasks to queue
[2022-07-29 02:19:29,221] {logging_mixin.py:115} INFO - [2022-07-29 02:19:29,221] {dagbag.py:508} INFO - Filling up the DagBag from /home/airflow/.local/lib/python3.7/site-packages/airflow/example_dags/tutorial_etl_dag.py
[2022-07-29 02:19:29,231] {processor.py:651} INFO - DAG(s) dict_keys(['tutorial_etl_dag']) retrieved from /home/airflow/.local/lib/python3.7/site-packages/airflow/example_dags/tutorial_etl_dag.py
[2022-07-29 02:19:29,268] {logging_mixin.py:115} INFO - [2022-07-29 02:19:29,268] {dag.py:2420} INFO - Sync 1 DAGs
[2022-07-29 02:19:29,507] {logging_mixin.py:115} INFO - [2022-07-29 02:19:29,507] {dag.py:2972} INFO - Setting next_dagrun for tutorial_etl_dag to None, run_after=None
[2022-07-29 02:19:29,528] {processor.py:161} INFO - Processing /home/airflow/.local/lib/python3.7/site-packages/airflow/example_dags/tutorial_etl_dag.py took 0.313 seconds
[2022-07-29 02:19:59,661] {processor.py:153} INFO - Started process (PID=460) to work on /home/airflow/.local/lib/python3.7/site-packages/airflow/example_dags/tutorial_etl_dag.py
[2022-07-29 02:19:59,662] {processor.py:641} INFO - Processing file /home/airflow/.local/lib/python3.7/site-packages/airflow/example_dags/tutorial_etl_dag.py for tasks to queue
[2022-07-29 02:19:59,662] {logging_mixin.py:115} INFO - [2022-07-29 02:19:59,662] {dagbag.py:508} INFO - Filling up the DagBag from /home/airflow/.local/lib/python3.7/site-packages/airflow/example_dags/tutorial_etl_dag.py
[2022-07-29 02:19:59,672] {processor.py:651} INFO - DAG(s) dict_keys(['tutorial_etl_dag']) retrieved from /home/airflow/.local/lib/python3.7/site-packages/airflow/example_dags/tutorial_etl_dag.py
[2022-07-29 02:19:59,709] {logging_mixin.py:115} INFO - [2022-07-29 02:19:59,709] {dag.py:2420} INFO - Sync 1 DAGs
[2022-07-29 02:19:59,902] {logging_mixin.py:115} INFO - [2022-07-29 02:19:59,902] {dag.py:2972} INFO - Setting next_dagrun for tutorial_etl_dag to None, run_after=None
[2022-07-29 02:19:59,916] {processor.py:161} INFO - Processing /home/airflow/.local/lib/python3.7/site-packages/airflow/example_dags/tutorial_etl_dag.py took 0.260 seconds
[2022-07-29 02:20:33,914] {processor.py:153} INFO - Started process (PID=535) to work on /home/airflow/.local/lib/python3.7/site-packages/airflow/example_dags/tutorial_etl_dag.py
[2022-07-29 02:20:33,915] {processor.py:641} INFO - Processing file /home/airflow/.local/lib/python3.7/site-packages/airflow/example_dags/tutorial_etl_dag.py for tasks to queue
[2022-07-29 02:20:33,916] {logging_mixin.py:115} INFO - [2022-07-29 02:20:33,915] {dagbag.py:508} INFO - Filling up the DagBag from /home/airflow/.local/lib/python3.7/site-packages/airflow/example_dags/tutorial_etl_dag.py
[2022-07-29 02:20:33,928] {processor.py:651} INFO - DAG(s) dict_keys(['tutorial_etl_dag']) retrieved from /home/airflow/.local/lib/python3.7/site-packages/airflow/example_dags/tutorial_etl_dag.py
[2022-07-29 02:20:33,977] {logging_mixin.py:115} INFO - [2022-07-29 02:20:33,977] {dag.py:2420} INFO - Sync 1 DAGs
[2022-07-29 02:20:34,233] {logging_mixin.py:115} INFO - [2022-07-29 02:20:34,233] {dag.py:2972} INFO - Setting next_dagrun for tutorial_etl_dag to None, run_after=None
[2022-07-29 02:20:34,260] {processor.py:161} INFO - Processing /home/airflow/.local/lib/python3.7/site-packages/airflow/example_dags/tutorial_etl_dag.py took 0.353 seconds
[2022-07-29 02:21:05,328] {processor.py:153} INFO - Started process (PID=618) to work on /home/airflow/.local/lib/python3.7/site-packages/airflow/example_dags/tutorial_etl_dag.py
[2022-07-29 02:21:05,329] {processor.py:641} INFO - Processing file /home/airflow/.local/lib/python3.7/site-packages/airflow/example_dags/tutorial_etl_dag.py for tasks to queue
[2022-07-29 02:21:05,329] {logging_mixin.py:115} INFO - [2022-07-29 02:21:05,329] {dagbag.py:508} INFO - Filling up the DagBag from /home/airflow/.local/lib/python3.7/site-packages/airflow/example_dags/tutorial_etl_dag.py
[2022-07-29 02:21:05,342] {processor.py:651} INFO - DAG(s) dict_keys(['tutorial_etl_dag']) retrieved from /home/airflow/.local/lib/python3.7/site-packages/airflow/example_dags/tutorial_etl_dag.py
[2022-07-29 02:21:05,394] {logging_mixin.py:115} INFO - [2022-07-29 02:21:05,394] {dag.py:2420} INFO - Sync 1 DAGs
[2022-07-29 02:21:05,656] {logging_mixin.py:115} INFO - [2022-07-29 02:21:05,656] {dag.py:2972} INFO - Setting next_dagrun for tutorial_etl_dag to None, run_after=None
[2022-07-29 02:21:05,674] {processor.py:161} INFO - Processing /home/airflow/.local/lib/python3.7/site-packages/airflow/example_dags/tutorial_etl_dag.py took 0.353 seconds
[2022-07-29 02:21:40,349] {processor.py:153} INFO - Started process (PID=698) to work on /home/airflow/.local/lib/python3.7/site-packages/airflow/example_dags/tutorial_etl_dag.py
[2022-07-29 02:21:40,351] {processor.py:641} INFO - Processing file /home/airflow/.local/lib/python3.7/site-packages/airflow/example_dags/tutorial_etl_dag.py for tasks to queue
[2022-07-29 02:21:40,355] {logging_mixin.py:115} INFO - [2022-07-29 02:21:40,354] {dagbag.py:508} INFO - Filling up the DagBag from /home/airflow/.local/lib/python3.7/site-packages/airflow/example_dags/tutorial_etl_dag.py
[2022-07-29 02:21:40,371] {processor.py:651} INFO - DAG(s) dict_keys(['tutorial_etl_dag']) retrieved from /home/airflow/.local/lib/python3.7/site-packages/airflow/example_dags/tutorial_etl_dag.py
[2022-07-29 02:21:40,478] {logging_mixin.py:115} INFO - [2022-07-29 02:21:40,477] {dag.py:2420} INFO - Sync 1 DAGs
[2022-07-29 02:21:40,854] {logging_mixin.py:115} INFO - [2022-07-29 02:21:40,854] {dag.py:2972} INFO - Setting next_dagrun for tutorial_etl_dag to None, run_after=None
[2022-07-29 02:21:40,878] {processor.py:161} INFO - Processing /home/airflow/.local/lib/python3.7/site-packages/airflow/example_dags/tutorial_etl_dag.py took 0.541 seconds
[2022-07-29 02:22:13,743] {processor.py:153} INFO - Started process (PID=775) to work on /home/airflow/.local/lib/python3.7/site-packages/airflow/example_dags/tutorial_etl_dag.py
[2022-07-29 02:22:13,744] {processor.py:641} INFO - Processing file /home/airflow/.local/lib/python3.7/site-packages/airflow/example_dags/tutorial_etl_dag.py for tasks to queue
[2022-07-29 02:22:13,745] {logging_mixin.py:115} INFO - [2022-07-29 02:22:13,745] {dagbag.py:508} INFO - Filling up the DagBag from /home/airflow/.local/lib/python3.7/site-packages/airflow/example_dags/tutorial_etl_dag.py
[2022-07-29 02:22:13,758] {processor.py:651} INFO - DAG(s) dict_keys(['tutorial_etl_dag']) retrieved from /home/airflow/.local/lib/python3.7/site-packages/airflow/example_dags/tutorial_etl_dag.py
[2022-07-29 02:22:13,813] {logging_mixin.py:115} INFO - [2022-07-29 02:22:13,812] {dag.py:2420} INFO - Sync 1 DAGs
[2022-07-29 02:22:14,100] {logging_mixin.py:115} INFO - [2022-07-29 02:22:14,100] {dag.py:2972} INFO - Setting next_dagrun for tutorial_etl_dag to None, run_after=None
[2022-07-29 02:22:14,128] {processor.py:161} INFO - Processing /home/airflow/.local/lib/python3.7/site-packages/airflow/example_dags/tutorial_etl_dag.py took 0.393 seconds
[2022-07-29 02:22:47,287] {processor.py:153} INFO - Started process (PID=848) to work on /home/airflow/.local/lib/python3.7/site-packages/airflow/example_dags/tutorial_etl_dag.py
[2022-07-29 02:22:47,304] {processor.py:641} INFO - Processing file /home/airflow/.local/lib/python3.7/site-packages/airflow/example_dags/tutorial_etl_dag.py for tasks to queue
[2022-07-29 02:22:47,305] {logging_mixin.py:115} INFO - [2022-07-29 02:22:47,305] {dagbag.py:508} INFO - Filling up the DagBag from /home/airflow/.local/lib/python3.7/site-packages/airflow/example_dags/tutorial_etl_dag.py
[2022-07-29 02:22:47,334] {processor.py:651} INFO - DAG(s) dict_keys(['tutorial_etl_dag']) retrieved from /home/airflow/.local/lib/python3.7/site-packages/airflow/example_dags/tutorial_etl_dag.py
[2022-07-29 02:22:47,576] {logging_mixin.py:115} INFO - [2022-07-29 02:22:47,576] {dag.py:2420} INFO - Sync 1 DAGs
[2022-07-29 02:22:48,100] {logging_mixin.py:115} INFO - [2022-07-29 02:22:48,100] {dag.py:2972} INFO - Setting next_dagrun for tutorial_etl_dag to None, run_after=None
[2022-07-29 02:22:48,136] {processor.py:161} INFO - Processing /home/airflow/.local/lib/python3.7/site-packages/airflow/example_dags/tutorial_etl_dag.py took 0.864 seconds
[2022-07-29 02:23:19,508] {processor.py:153} INFO - Started process (PID=930) to work on /home/airflow/.local/lib/python3.7/site-packages/airflow/example_dags/tutorial_etl_dag.py
[2022-07-29 02:23:19,512] {processor.py:641} INFO - Processing file /home/airflow/.local/lib/python3.7/site-packages/airflow/example_dags/tutorial_etl_dag.py for tasks to queue
[2022-07-29 02:23:19,513] {logging_mixin.py:115} INFO - [2022-07-29 02:23:19,513] {dagbag.py:508} INFO - Filling up the DagBag from /home/airflow/.local/lib/python3.7/site-packages/airflow/example_dags/tutorial_etl_dag.py
[2022-07-29 02:23:19,533] {processor.py:651} INFO - DAG(s) dict_keys(['tutorial_etl_dag']) retrieved from /home/airflow/.local/lib/python3.7/site-packages/airflow/example_dags/tutorial_etl_dag.py
[2022-07-29 02:23:19,637] {logging_mixin.py:115} INFO - [2022-07-29 02:23:19,637] {dag.py:2420} INFO - Sync 1 DAGs
[2022-07-29 02:23:19,965] {logging_mixin.py:115} INFO - [2022-07-29 02:23:19,965] {dag.py:2972} INFO - Setting next_dagrun for tutorial_etl_dag to None, run_after=None
[2022-07-29 02:23:19,983] {processor.py:161} INFO - Processing /home/airflow/.local/lib/python3.7/site-packages/airflow/example_dags/tutorial_etl_dag.py took 0.494 seconds
[2022-07-29 02:23:52,073] {processor.py:153} INFO - Started process (PID=1003) to work on /home/airflow/.local/lib/python3.7/site-packages/airflow/example_dags/tutorial_etl_dag.py
[2022-07-29 02:23:52,074] {processor.py:641} INFO - Processing file /home/airflow/.local/lib/python3.7/site-packages/airflow/example_dags/tutorial_etl_dag.py for tasks to queue
[2022-07-29 02:23:52,075] {logging_mixin.py:115} INFO - [2022-07-29 02:23:52,075] {dagbag.py:508} INFO - Filling up the DagBag from /home/airflow/.local/lib/python3.7/site-packages/airflow/example_dags/tutorial_etl_dag.py
[2022-07-29 02:23:52,120] {processor.py:651} INFO - DAG(s) dict_keys(['tutorial_etl_dag']) retrieved from /home/airflow/.local/lib/python3.7/site-packages/airflow/example_dags/tutorial_etl_dag.py
[2022-07-29 02:23:52,289] {logging_mixin.py:115} INFO - [2022-07-29 02:23:52,289] {dag.py:2420} INFO - Sync 1 DAGs
[2022-07-29 02:23:52,756] {logging_mixin.py:115} INFO - [2022-07-29 02:23:52,756] {dag.py:2972} INFO - Setting next_dagrun for tutorial_etl_dag to None, run_after=None
[2022-07-29 02:23:52,793] {processor.py:161} INFO - Processing /home/airflow/.local/lib/python3.7/site-packages/airflow/example_dags/tutorial_etl_dag.py took 0.730 seconds
[2022-07-29 02:24:24,353] {processor.py:153} INFO - Started process (PID=1085) to work on /home/airflow/.local/lib/python3.7/site-packages/airflow/example_dags/tutorial_etl_dag.py
[2022-07-29 02:24:24,360] {processor.py:641} INFO - Processing file /home/airflow/.local/lib/python3.7/site-packages/airflow/example_dags/tutorial_etl_dag.py for tasks to queue
[2022-07-29 02:24:24,361] {logging_mixin.py:115} INFO - [2022-07-29 02:24:24,361] {dagbag.py:508} INFO - Filling up the DagBag from /home/airflow/.local/lib/python3.7/site-packages/airflow/example_dags/tutorial_etl_dag.py
[2022-07-29 02:24:24,381] {processor.py:651} INFO - DAG(s) dict_keys(['tutorial_etl_dag']) retrieved from /home/airflow/.local/lib/python3.7/site-packages/airflow/example_dags/tutorial_etl_dag.py
[2022-07-29 02:24:24,476] {logging_mixin.py:115} INFO - [2022-07-29 02:24:24,476] {dag.py:2420} INFO - Sync 1 DAGs
[2022-07-29 02:24:25,192] {logging_mixin.py:115} INFO - [2022-07-29 02:24:25,192] {dag.py:2972} INFO - Setting next_dagrun for tutorial_etl_dag to None, run_after=None
[2022-07-29 02:24:25,231] {processor.py:161} INFO - Processing /home/airflow/.local/lib/python3.7/site-packages/airflow/example_dags/tutorial_etl_dag.py took 0.892 seconds
[2022-07-29 02:24:56,737] {processor.py:153} INFO - Started process (PID=1157) to work on /home/airflow/.local/lib/python3.7/site-packages/airflow/example_dags/tutorial_etl_dag.py
[2022-07-29 02:24:56,738] {processor.py:641} INFO - Processing file /home/airflow/.local/lib/python3.7/site-packages/airflow/example_dags/tutorial_etl_dag.py for tasks to queue
[2022-07-29 02:24:56,738] {logging_mixin.py:115} INFO - [2022-07-29 02:24:56,738] {dagbag.py:508} INFO - Filling up the DagBag from /home/airflow/.local/lib/python3.7/site-packages/airflow/example_dags/tutorial_etl_dag.py
[2022-07-29 02:24:56,751] {processor.py:651} INFO - DAG(s) dict_keys(['tutorial_etl_dag']) retrieved from /home/airflow/.local/lib/python3.7/site-packages/airflow/example_dags/tutorial_etl_dag.py
[2022-07-29 02:24:56,801] {logging_mixin.py:115} INFO - [2022-07-29 02:24:56,801] {dag.py:2420} INFO - Sync 1 DAGs
[2022-07-29 02:24:57,142] {logging_mixin.py:115} INFO - [2022-07-29 02:24:57,142] {dag.py:2972} INFO - Setting next_dagrun for tutorial_etl_dag to None, run_after=None
[2022-07-29 02:24:57,169] {processor.py:161} INFO - Processing /home/airflow/.local/lib/python3.7/site-packages/airflow/example_dags/tutorial_etl_dag.py took 0.439 seconds
[2022-07-29 02:25:28,214] {processor.py:153} INFO - Started process (PID=1230) to work on /home/airflow/.local/lib/python3.7/site-packages/airflow/example_dags/tutorial_etl_dag.py
[2022-07-29 02:25:28,215] {processor.py:641} INFO - Processing file /home/airflow/.local/lib/python3.7/site-packages/airflow/example_dags/tutorial_etl_dag.py for tasks to queue
[2022-07-29 02:25:28,216] {logging_mixin.py:115} INFO - [2022-07-29 02:25:28,215] {dagbag.py:508} INFO - Filling up the DagBag from /home/airflow/.local/lib/python3.7/site-packages/airflow/example_dags/tutorial_etl_dag.py
[2022-07-29 02:25:28,230] {processor.py:651} INFO - DAG(s) dict_keys(['tutorial_etl_dag']) retrieved from /home/airflow/.local/lib/python3.7/site-packages/airflow/example_dags/tutorial_etl_dag.py
[2022-07-29 02:25:28,280] {logging_mixin.py:115} INFO - [2022-07-29 02:25:28,280] {dag.py:2420} INFO - Sync 1 DAGs
[2022-07-29 02:25:28,776] {logging_mixin.py:115} INFO - [2022-07-29 02:25:28,776] {dag.py:2972} INFO - Setting next_dagrun for tutorial_etl_dag to None, run_after=None
[2022-07-29 02:25:28,836] {processor.py:161} INFO - Processing /home/airflow/.local/lib/python3.7/site-packages/airflow/example_dags/tutorial_etl_dag.py took 0.630 seconds
[2022-07-29 02:26:01,312] {processor.py:153} INFO - Started process (PID=1311) to work on /home/airflow/.local/lib/python3.7/site-packages/airflow/example_dags/tutorial_etl_dag.py
[2022-07-29 02:26:01,320] {processor.py:641} INFO - Processing file /home/airflow/.local/lib/python3.7/site-packages/airflow/example_dags/tutorial_etl_dag.py for tasks to queue
[2022-07-29 02:26:01,321] {logging_mixin.py:115} INFO - [2022-07-29 02:26:01,321] {dagbag.py:508} INFO - Filling up the DagBag from /home/airflow/.local/lib/python3.7/site-packages/airflow/example_dags/tutorial_etl_dag.py
[2022-07-29 02:26:01,342] {processor.py:651} INFO - DAG(s) dict_keys(['tutorial_etl_dag']) retrieved from /home/airflow/.local/lib/python3.7/site-packages/airflow/example_dags/tutorial_etl_dag.py
[2022-07-29 02:26:01,448] {logging_mixin.py:115} INFO - [2022-07-29 02:26:01,448] {dag.py:2420} INFO - Sync 1 DAGs
[2022-07-29 02:26:01,907] {logging_mixin.py:115} INFO - [2022-07-29 02:26:01,906] {dag.py:2972} INFO - Setting next_dagrun for tutorial_etl_dag to None, run_after=None
[2022-07-29 02:26:01,936] {processor.py:161} INFO - Processing /home/airflow/.local/lib/python3.7/site-packages/airflow/example_dags/tutorial_etl_dag.py took 0.645 seconds
[2022-07-29 02:26:33,452] {processor.py:153} INFO - Started process (PID=1385) to work on /home/airflow/.local/lib/python3.7/site-packages/airflow/example_dags/tutorial_etl_dag.py
[2022-07-29 02:26:33,453] {processor.py:641} INFO - Processing file /home/airflow/.local/lib/python3.7/site-packages/airflow/example_dags/tutorial_etl_dag.py for tasks to queue
[2022-07-29 02:26:33,454] {logging_mixin.py:115} INFO - [2022-07-29 02:26:33,454] {dagbag.py:508} INFO - Filling up the DagBag from /home/airflow/.local/lib/python3.7/site-packages/airflow/example_dags/tutorial_etl_dag.py
[2022-07-29 02:26:33,467] {processor.py:651} INFO - DAG(s) dict_keys(['tutorial_etl_dag']) retrieved from /home/airflow/.local/lib/python3.7/site-packages/airflow/example_dags/tutorial_etl_dag.py
[2022-07-29 02:26:33,520] {logging_mixin.py:115} INFO - [2022-07-29 02:26:33,519] {dag.py:2420} INFO - Sync 1 DAGs
[2022-07-29 02:26:33,784] {logging_mixin.py:115} INFO - [2022-07-29 02:26:33,784] {dag.py:2972} INFO - Setting next_dagrun for tutorial_etl_dag to None, run_after=None
[2022-07-29 02:26:33,801] {processor.py:161} INFO - Processing /home/airflow/.local/lib/python3.7/site-packages/airflow/example_dags/tutorial_etl_dag.py took 0.355 seconds
[2022-07-29 02:27:06,326] {processor.py:153} INFO - Started process (PID=1467) to work on /home/airflow/.local/lib/python3.7/site-packages/airflow/example_dags/tutorial_etl_dag.py
[2022-07-29 02:27:06,331] {processor.py:641} INFO - Processing file /home/airflow/.local/lib/python3.7/site-packages/airflow/example_dags/tutorial_etl_dag.py for tasks to queue
[2022-07-29 02:27:06,333] {logging_mixin.py:115} INFO - [2022-07-29 02:27:06,333] {dagbag.py:508} INFO - Filling up the DagBag from /home/airflow/.local/lib/python3.7/site-packages/airflow/example_dags/tutorial_etl_dag.py
[2022-07-29 02:27:06,360] {processor.py:651} INFO - DAG(s) dict_keys(['tutorial_etl_dag']) retrieved from /home/airflow/.local/lib/python3.7/site-packages/airflow/example_dags/tutorial_etl_dag.py
[2022-07-29 02:27:06,916] {logging_mixin.py:115} INFO - [2022-07-29 02:27:06,915] {dag.py:2420} INFO - Sync 1 DAGs
[2022-07-29 02:27:06,952] {logging_mixin.py:115} INFO - [2022-07-29 02:27:06,952] {dag.py:2972} INFO - Setting next_dagrun for tutorial_etl_dag to None, run_after=None
[2022-07-29 02:27:06,970] {processor.py:161} INFO - Processing /home/airflow/.local/lib/python3.7/site-packages/airflow/example_dags/tutorial_etl_dag.py took 0.664 seconds
[2022-07-29 02:27:38,324] {processor.py:153} INFO - Started process (PID=1539) to work on /home/airflow/.local/lib/python3.7/site-packages/airflow/example_dags/tutorial_etl_dag.py
[2022-07-29 02:27:38,325] {processor.py:641} INFO - Processing file /home/airflow/.local/lib/python3.7/site-packages/airflow/example_dags/tutorial_etl_dag.py for tasks to queue
[2022-07-29 02:27:38,325] {logging_mixin.py:115} INFO - [2022-07-29 02:27:38,325] {dagbag.py:508} INFO - Filling up the DagBag from /home/airflow/.local/lib/python3.7/site-packages/airflow/example_dags/tutorial_etl_dag.py
[2022-07-29 02:27:38,337] {processor.py:651} INFO - DAG(s) dict_keys(['tutorial_etl_dag']) retrieved from /home/airflow/.local/lib/python3.7/site-packages/airflow/example_dags/tutorial_etl_dag.py
[2022-07-29 02:27:38,648] {logging_mixin.py:115} INFO - [2022-07-29 02:27:38,648] {dag.py:2420} INFO - Sync 1 DAGs
[2022-07-29 02:27:38,685] {logging_mixin.py:115} INFO - [2022-07-29 02:27:38,685] {dag.py:2972} INFO - Setting next_dagrun for tutorial_etl_dag to None, run_after=None
[2022-07-29 02:27:38,704] {processor.py:161} INFO - Processing /home/airflow/.local/lib/python3.7/site-packages/airflow/example_dags/tutorial_etl_dag.py took 0.386 seconds
[2022-07-29 02:28:10,626] {processor.py:153} INFO - Started process (PID=1622) to work on /home/airflow/.local/lib/python3.7/site-packages/airflow/example_dags/tutorial_etl_dag.py
[2022-07-29 02:28:10,627] {processor.py:641} INFO - Processing file /home/airflow/.local/lib/python3.7/site-packages/airflow/example_dags/tutorial_etl_dag.py for tasks to queue
[2022-07-29 02:28:10,636] {logging_mixin.py:115} INFO - [2022-07-29 02:28:10,636] {dagbag.py:508} INFO - Filling up the DagBag from /home/airflow/.local/lib/python3.7/site-packages/airflow/example_dags/tutorial_etl_dag.py
[2022-07-29 02:28:10,658] {processor.py:651} INFO - DAG(s) dict_keys(['tutorial_etl_dag']) retrieved from /home/airflow/.local/lib/python3.7/site-packages/airflow/example_dags/tutorial_etl_dag.py
[2022-07-29 02:28:11,187] {logging_mixin.py:115} INFO - [2022-07-29 02:28:11,187] {dag.py:2420} INFO - Sync 1 DAGs
[2022-07-29 02:28:11,252] {logging_mixin.py:115} INFO - [2022-07-29 02:28:11,252] {dag.py:2972} INFO - Setting next_dagrun for tutorial_etl_dag to None, run_after=None
[2022-07-29 02:28:11,296] {processor.py:161} INFO - Processing /home/airflow/.local/lib/python3.7/site-packages/airflow/example_dags/tutorial_etl_dag.py took 0.679 seconds
[2022-07-29 02:28:42,394] {processor.py:153} INFO - Started process (PID=1695) to work on /home/airflow/.local/lib/python3.7/site-packages/airflow/example_dags/tutorial_etl_dag.py
[2022-07-29 02:28:42,395] {processor.py:641} INFO - Processing file /home/airflow/.local/lib/python3.7/site-packages/airflow/example_dags/tutorial_etl_dag.py for tasks to queue
[2022-07-29 02:28:42,396] {logging_mixin.py:115} INFO - [2022-07-29 02:28:42,395] {dagbag.py:508} INFO - Filling up the DagBag from /home/airflow/.local/lib/python3.7/site-packages/airflow/example_dags/tutorial_etl_dag.py
[2022-07-29 02:28:42,408] {processor.py:651} INFO - DAG(s) dict_keys(['tutorial_etl_dag']) retrieved from /home/airflow/.local/lib/python3.7/site-packages/airflow/example_dags/tutorial_etl_dag.py
[2022-07-29 02:28:42,705] {logging_mixin.py:115} INFO - [2022-07-29 02:28:42,704] {dag.py:2420} INFO - Sync 1 DAGs
[2022-07-29 02:28:42,741] {logging_mixin.py:115} INFO - [2022-07-29 02:28:42,740] {dag.py:2972} INFO - Setting next_dagrun for tutorial_etl_dag to None, run_after=None
[2022-07-29 02:28:42,758] {processor.py:161} INFO - Processing /home/airflow/.local/lib/python3.7/site-packages/airflow/example_dags/tutorial_etl_dag.py took 0.373 seconds
[2022-07-29 02:29:13,895] {processor.py:153} INFO - Started process (PID=1778) to work on /home/airflow/.local/lib/python3.7/site-packages/airflow/example_dags/tutorial_etl_dag.py
[2022-07-29 02:29:13,896] {processor.py:641} INFO - Processing file /home/airflow/.local/lib/python3.7/site-packages/airflow/example_dags/tutorial_etl_dag.py for tasks to queue
[2022-07-29 02:29:13,897] {logging_mixin.py:115} INFO - [2022-07-29 02:29:13,897] {dagbag.py:508} INFO - Filling up the DagBag from /home/airflow/.local/lib/python3.7/site-packages/airflow/example_dags/tutorial_etl_dag.py
[2022-07-29 02:29:13,910] {processor.py:651} INFO - DAG(s) dict_keys(['tutorial_etl_dag']) retrieved from /home/airflow/.local/lib/python3.7/site-packages/airflow/example_dags/tutorial_etl_dag.py
[2022-07-29 02:29:14,228] {logging_mixin.py:115} INFO - [2022-07-29 02:29:14,228] {dag.py:2420} INFO - Sync 1 DAGs
[2022-07-29 02:29:14,266] {logging_mixin.py:115} INFO - [2022-07-29 02:29:14,266] {dag.py:2972} INFO - Setting next_dagrun for tutorial_etl_dag to None, run_after=None
[2022-07-29 02:29:14,285] {processor.py:161} INFO - Processing /home/airflow/.local/lib/python3.7/site-packages/airflow/example_dags/tutorial_etl_dag.py took 0.405 seconds
[2022-07-29 02:29:45,586] {processor.py:153} INFO - Started process (PID=1851) to work on /home/airflow/.local/lib/python3.7/site-packages/airflow/example_dags/tutorial_etl_dag.py
[2022-07-29 02:29:45,588] {processor.py:641} INFO - Processing file /home/airflow/.local/lib/python3.7/site-packages/airflow/example_dags/tutorial_etl_dag.py for tasks to queue
[2022-07-29 02:29:45,589] {logging_mixin.py:115} INFO - [2022-07-29 02:29:45,589] {dagbag.py:508} INFO - Filling up the DagBag from /home/airflow/.local/lib/python3.7/site-packages/airflow/example_dags/tutorial_etl_dag.py
[2022-07-29 02:29:45,617] {processor.py:651} INFO - DAG(s) dict_keys(['tutorial_etl_dag']) retrieved from /home/airflow/.local/lib/python3.7/site-packages/airflow/example_dags/tutorial_etl_dag.py
[2022-07-29 02:29:46,300] {logging_mixin.py:115} INFO - [2022-07-29 02:29:46,299] {dag.py:2420} INFO - Sync 1 DAGs
[2022-07-29 02:29:46,541] {logging_mixin.py:115} INFO - [2022-07-29 02:29:46,540] {dag.py:2972} INFO - Setting next_dagrun for tutorial_etl_dag to None, run_after=None
[2022-07-29 02:29:46,604] {processor.py:161} INFO - Processing /home/airflow/.local/lib/python3.7/site-packages/airflow/example_dags/tutorial_etl_dag.py took 1.055 seconds
[2022-07-29 02:30:19,217] {processor.py:153} INFO - Started process (PID=1931) to work on /home/airflow/.local/lib/python3.7/site-packages/airflow/example_dags/tutorial_etl_dag.py
[2022-07-29 02:30:19,233] {processor.py:641} INFO - Processing file /home/airflow/.local/lib/python3.7/site-packages/airflow/example_dags/tutorial_etl_dag.py for tasks to queue
[2022-07-29 02:30:19,234] {logging_mixin.py:115} INFO - [2022-07-29 02:30:19,234] {dagbag.py:508} INFO - Filling up the DagBag from /home/airflow/.local/lib/python3.7/site-packages/airflow/example_dags/tutorial_etl_dag.py
[2022-07-29 02:30:19,281] {processor.py:651} INFO - DAG(s) dict_keys(['tutorial_etl_dag']) retrieved from /home/airflow/.local/lib/python3.7/site-packages/airflow/example_dags/tutorial_etl_dag.py
[2022-07-29 02:30:19,783] {logging_mixin.py:115} INFO - [2022-07-29 02:30:19,783] {dag.py:2420} INFO - Sync 1 DAGs
[2022-07-29 02:30:19,840] {logging_mixin.py:115} INFO - [2022-07-29 02:30:19,840] {dag.py:2972} INFO - Setting next_dagrun for tutorial_etl_dag to None, run_after=None
[2022-07-29 02:30:19,869] {processor.py:161} INFO - Processing /home/airflow/.local/lib/python3.7/site-packages/airflow/example_dags/tutorial_etl_dag.py took 0.666 seconds
[2022-07-29 02:30:52,232] {processor.py:153} INFO - Started process (PID=2004) to work on /home/airflow/.local/lib/python3.7/site-packages/airflow/example_dags/tutorial_etl_dag.py
[2022-07-29 02:30:52,240] {processor.py:641} INFO - Processing file /home/airflow/.local/lib/python3.7/site-packages/airflow/example_dags/tutorial_etl_dag.py for tasks to queue
[2022-07-29 02:30:52,241] {logging_mixin.py:115} INFO - [2022-07-29 02:30:52,241] {dagbag.py:508} INFO - Filling up the DagBag from /home/airflow/.local/lib/python3.7/site-packages/airflow/example_dags/tutorial_etl_dag.py
[2022-07-29 02:30:52,264] {processor.py:651} INFO - DAG(s) dict_keys(['tutorial_etl_dag']) retrieved from /home/airflow/.local/lib/python3.7/site-packages/airflow/example_dags/tutorial_etl_dag.py
[2022-07-29 02:30:52,567] {logging_mixin.py:115} INFO - [2022-07-29 02:30:52,567] {dag.py:2420} INFO - Sync 1 DAGs
[2022-07-29 02:30:52,607] {logging_mixin.py:115} INFO - [2022-07-29 02:30:52,607] {dag.py:2972} INFO - Setting next_dagrun for tutorial_etl_dag to None, run_after=None
[2022-07-29 02:30:52,625] {processor.py:161} INFO - Processing /home/airflow/.local/lib/python3.7/site-packages/airflow/example_dags/tutorial_etl_dag.py took 0.408 seconds
[2022-07-29 02:31:24,245] {processor.py:153} INFO - Started process (PID=2085) to work on /home/airflow/.local/lib/python3.7/site-packages/airflow/example_dags/tutorial_etl_dag.py
[2022-07-29 02:31:24,256] {processor.py:641} INFO - Processing file /home/airflow/.local/lib/python3.7/site-packages/airflow/example_dags/tutorial_etl_dag.py for tasks to queue
[2022-07-29 02:31:24,257] {logging_mixin.py:115} INFO - [2022-07-29 02:31:24,257] {dagbag.py:508} INFO - Filling up the DagBag from /home/airflow/.local/lib/python3.7/site-packages/airflow/example_dags/tutorial_etl_dag.py
[2022-07-29 02:31:24,279] {processor.py:651} INFO - DAG(s) dict_keys(['tutorial_etl_dag']) retrieved from /home/airflow/.local/lib/python3.7/site-packages/airflow/example_dags/tutorial_etl_dag.py
[2022-07-29 02:31:24,697] {logging_mixin.py:115} INFO - [2022-07-29 02:31:24,697] {dag.py:2420} INFO - Sync 1 DAGs
[2022-07-29 02:31:24,748] {logging_mixin.py:115} INFO - [2022-07-29 02:31:24,748] {dag.py:2972} INFO - Setting next_dagrun for tutorial_etl_dag to None, run_after=None
[2022-07-29 02:31:24,784] {processor.py:161} INFO - Processing /home/airflow/.local/lib/python3.7/site-packages/airflow/example_dags/tutorial_etl_dag.py took 0.554 seconds
[2022-07-29 02:31:56,430] {processor.py:153} INFO - Started process (PID=2160) to work on /home/airflow/.local/lib/python3.7/site-packages/airflow/example_dags/tutorial_etl_dag.py
[2022-07-29 02:31:56,431] {processor.py:641} INFO - Processing file /home/airflow/.local/lib/python3.7/site-packages/airflow/example_dags/tutorial_etl_dag.py for tasks to queue
[2022-07-29 02:31:56,432] {logging_mixin.py:115} INFO - [2022-07-29 02:31:56,432] {dagbag.py:508} INFO - Filling up the DagBag from /home/airflow/.local/lib/python3.7/site-packages/airflow/example_dags/tutorial_etl_dag.py
[2022-07-29 02:31:56,447] {processor.py:651} INFO - DAG(s) dict_keys(['tutorial_etl_dag']) retrieved from /home/airflow/.local/lib/python3.7/site-packages/airflow/example_dags/tutorial_etl_dag.py
[2022-07-29 02:31:56,730] {logging_mixin.py:115} INFO - [2022-07-29 02:31:56,730] {dag.py:2420} INFO - Sync 1 DAGs
[2022-07-29 02:31:56,770] {logging_mixin.py:115} INFO - [2022-07-29 02:31:56,770] {dag.py:2972} INFO - Setting next_dagrun for tutorial_etl_dag to None, run_after=None
[2022-07-29 02:31:56,788] {processor.py:161} INFO - Processing /home/airflow/.local/lib/python3.7/site-packages/airflow/example_dags/tutorial_etl_dag.py took 0.366 seconds
[2022-07-29 02:32:28,372] {processor.py:153} INFO - Started process (PID=2232) to work on /home/airflow/.local/lib/python3.7/site-packages/airflow/example_dags/tutorial_etl_dag.py
[2022-07-29 02:32:28,373] {processor.py:641} INFO - Processing file /home/airflow/.local/lib/python3.7/site-packages/airflow/example_dags/tutorial_etl_dag.py for tasks to queue
[2022-07-29 02:32:28,374] {logging_mixin.py:115} INFO - [2022-07-29 02:32:28,374] {dagbag.py:508} INFO - Filling up the DagBag from /home/airflow/.local/lib/python3.7/site-packages/airflow/example_dags/tutorial_etl_dag.py
[2022-07-29 02:32:28,393] {processor.py:651} INFO - DAG(s) dict_keys(['tutorial_etl_dag']) retrieved from /home/airflow/.local/lib/python3.7/site-packages/airflow/example_dags/tutorial_etl_dag.py
[2022-07-29 02:32:28,680] {logging_mixin.py:115} INFO - [2022-07-29 02:32:28,680] {dag.py:2420} INFO - Sync 1 DAGs
[2022-07-29 02:32:28,716] {logging_mixin.py:115} INFO - [2022-07-29 02:32:28,715] {dag.py:2972} INFO - Setting next_dagrun for tutorial_etl_dag to None, run_after=None
[2022-07-29 02:32:28,738] {processor.py:161} INFO - Processing /home/airflow/.local/lib/python3.7/site-packages/airflow/example_dags/tutorial_etl_dag.py took 0.372 seconds
[2022-07-29 02:33:00,336] {processor.py:153} INFO - Started process (PID=2306) to work on /home/airflow/.local/lib/python3.7/site-packages/airflow/example_dags/tutorial_etl_dag.py
[2022-07-29 02:33:00,337] {processor.py:641} INFO - Processing file /home/airflow/.local/lib/python3.7/site-packages/airflow/example_dags/tutorial_etl_dag.py for tasks to queue
[2022-07-29 02:33:00,338] {logging_mixin.py:115} INFO - [2022-07-29 02:33:00,338] {dagbag.py:508} INFO - Filling up the DagBag from /home/airflow/.local/lib/python3.7/site-packages/airflow/example_dags/tutorial_etl_dag.py
[2022-07-29 02:33:00,358] {processor.py:651} INFO - DAG(s) dict_keys(['tutorial_etl_dag']) retrieved from /home/airflow/.local/lib/python3.7/site-packages/airflow/example_dags/tutorial_etl_dag.py
[2022-07-29 02:33:00,712] {logging_mixin.py:115} INFO - [2022-07-29 02:33:00,712] {dag.py:2420} INFO - Sync 1 DAGs
[2022-07-29 02:33:00,778] {logging_mixin.py:115} INFO - [2022-07-29 02:33:00,778] {dag.py:2972} INFO - Setting next_dagrun for tutorial_etl_dag to None, run_after=None
[2022-07-29 02:33:00,806] {processor.py:161} INFO - Processing /home/airflow/.local/lib/python3.7/site-packages/airflow/example_dags/tutorial_etl_dag.py took 0.478 seconds
[2022-07-29 02:33:34,037] {processor.py:153} INFO - Started process (PID=2388) to work on /home/airflow/.local/lib/python3.7/site-packages/airflow/example_dags/tutorial_etl_dag.py
[2022-07-29 02:33:34,040] {processor.py:641} INFO - Processing file /home/airflow/.local/lib/python3.7/site-packages/airflow/example_dags/tutorial_etl_dag.py for tasks to queue
[2022-07-29 02:33:34,041] {logging_mixin.py:115} INFO - [2022-07-29 02:33:34,041] {dagbag.py:508} INFO - Filling up the DagBag from /home/airflow/.local/lib/python3.7/site-packages/airflow/example_dags/tutorial_etl_dag.py
[2022-07-29 02:33:34,080] {processor.py:651} INFO - DAG(s) dict_keys(['tutorial_etl_dag']) retrieved from /home/airflow/.local/lib/python3.7/site-packages/airflow/example_dags/tutorial_etl_dag.py
[2022-07-29 02:33:34,656] {logging_mixin.py:115} INFO - [2022-07-29 02:33:34,656] {dag.py:2420} INFO - Sync 1 DAGs
[2022-07-29 02:33:34,734] {logging_mixin.py:115} INFO - [2022-07-29 02:33:34,734] {dag.py:2972} INFO - Setting next_dagrun for tutorial_etl_dag to None, run_after=None
[2022-07-29 02:33:34,774] {processor.py:161} INFO - Processing /home/airflow/.local/lib/python3.7/site-packages/airflow/example_dags/tutorial_etl_dag.py took 0.752 seconds
[2022-07-29 02:34:06,236] {processor.py:153} INFO - Started process (PID=2470) to work on /home/airflow/.local/lib/python3.7/site-packages/airflow/example_dags/tutorial_etl_dag.py
[2022-07-29 02:34:06,236] {processor.py:641} INFO - Processing file /home/airflow/.local/lib/python3.7/site-packages/airflow/example_dags/tutorial_etl_dag.py for tasks to queue
[2022-07-29 02:34:06,237] {logging_mixin.py:115} INFO - [2022-07-29 02:34:06,237] {dagbag.py:508} INFO - Filling up the DagBag from /home/airflow/.local/lib/python3.7/site-packages/airflow/example_dags/tutorial_etl_dag.py
[2022-07-29 02:34:06,277] {processor.py:651} INFO - DAG(s) dict_keys(['tutorial_etl_dag']) retrieved from /home/airflow/.local/lib/python3.7/site-packages/airflow/example_dags/tutorial_etl_dag.py
[2022-07-29 02:34:06,780] {logging_mixin.py:115} INFO - [2022-07-29 02:34:06,780] {dag.py:2420} INFO - Sync 1 DAGs
[2022-07-29 02:34:06,818] {logging_mixin.py:115} INFO - [2022-07-29 02:34:06,818] {dag.py:2972} INFO - Setting next_dagrun for tutorial_etl_dag to None, run_after=None
[2022-07-29 02:34:06,840] {processor.py:161} INFO - Processing /home/airflow/.local/lib/python3.7/site-packages/airflow/example_dags/tutorial_etl_dag.py took 0.618 seconds
[2022-07-29 02:34:39,406] {processor.py:153} INFO - Started process (PID=2543) to work on /home/airflow/.local/lib/python3.7/site-packages/airflow/example_dags/tutorial_etl_dag.py
[2022-07-29 02:34:39,416] {processor.py:641} INFO - Processing file /home/airflow/.local/lib/python3.7/site-packages/airflow/example_dags/tutorial_etl_dag.py for tasks to queue
[2022-07-29 02:34:39,417] {logging_mixin.py:115} INFO - [2022-07-29 02:34:39,417] {dagbag.py:508} INFO - Filling up the DagBag from /home/airflow/.local/lib/python3.7/site-packages/airflow/example_dags/tutorial_etl_dag.py
[2022-07-29 02:34:39,453] {processor.py:651} INFO - DAG(s) dict_keys(['tutorial_etl_dag']) retrieved from /home/airflow/.local/lib/python3.7/site-packages/airflow/example_dags/tutorial_etl_dag.py
[2022-07-29 02:34:39,786] {logging_mixin.py:115} INFO - [2022-07-29 02:34:39,786] {dag.py:2420} INFO - Sync 1 DAGs
[2022-07-29 02:34:39,823] {logging_mixin.py:115} INFO - [2022-07-29 02:34:39,822] {dag.py:2972} INFO - Setting next_dagrun for tutorial_etl_dag to None, run_after=None
[2022-07-29 02:34:39,841] {processor.py:161} INFO - Processing /home/airflow/.local/lib/python3.7/site-packages/airflow/example_dags/tutorial_etl_dag.py took 0.443 seconds
[2022-07-29 02:35:11,316] {processor.py:153} INFO - Started process (PID=2627) to work on /home/airflow/.local/lib/python3.7/site-packages/airflow/example_dags/tutorial_etl_dag.py
[2022-07-29 02:35:11,324] {processor.py:641} INFO - Processing file /home/airflow/.local/lib/python3.7/site-packages/airflow/example_dags/tutorial_etl_dag.py for tasks to queue
[2022-07-29 02:35:11,325] {logging_mixin.py:115} INFO - [2022-07-29 02:35:11,325] {dagbag.py:508} INFO - Filling up the DagBag from /home/airflow/.local/lib/python3.7/site-packages/airflow/example_dags/tutorial_etl_dag.py
[2022-07-29 02:35:11,353] {processor.py:651} INFO - DAG(s) dict_keys(['tutorial_etl_dag']) retrieved from /home/airflow/.local/lib/python3.7/site-packages/airflow/example_dags/tutorial_etl_dag.py
[2022-07-29 02:35:11,843] {logging_mixin.py:115} INFO - [2022-07-29 02:35:11,843] {dag.py:2420} INFO - Sync 1 DAGs
[2022-07-29 02:35:11,879] {logging_mixin.py:115} INFO - [2022-07-29 02:35:11,879] {dag.py:2972} INFO - Setting next_dagrun for tutorial_etl_dag to None, run_after=None
[2022-07-29 02:35:11,906] {processor.py:161} INFO - Processing /home/airflow/.local/lib/python3.7/site-packages/airflow/example_dags/tutorial_etl_dag.py took 0.608 seconds
[2022-07-29 02:35:42,633] {processor.py:153} INFO - Started process (PID=2700) to work on /home/airflow/.local/lib/python3.7/site-packages/airflow/example_dags/tutorial_etl_dag.py
[2022-07-29 02:35:42,634] {processor.py:641} INFO - Processing file /home/airflow/.local/lib/python3.7/site-packages/airflow/example_dags/tutorial_etl_dag.py for tasks to queue
[2022-07-29 02:35:42,635] {logging_mixin.py:115} INFO - [2022-07-29 02:35:42,635] {dagbag.py:508} INFO - Filling up the DagBag from /home/airflow/.local/lib/python3.7/site-packages/airflow/example_dags/tutorial_etl_dag.py
[2022-07-29 02:35:42,681] {processor.py:651} INFO - DAG(s) dict_keys(['tutorial_etl_dag']) retrieved from /home/airflow/.local/lib/python3.7/site-packages/airflow/example_dags/tutorial_etl_dag.py
[2022-07-29 02:35:43,096] {logging_mixin.py:115} INFO - [2022-07-29 02:35:43,096] {dag.py:2420} INFO - Sync 1 DAGs
[2022-07-29 02:35:43,175] {logging_mixin.py:115} INFO - [2022-07-29 02:35:43,175] {dag.py:2972} INFO - Setting next_dagrun for tutorial_etl_dag to None, run_after=None
[2022-07-29 02:35:43,266] {processor.py:161} INFO - Processing /home/airflow/.local/lib/python3.7/site-packages/airflow/example_dags/tutorial_etl_dag.py took 0.647 seconds
[2022-07-29 02:36:14,525] {processor.py:153} INFO - Started process (PID=2777) to work on /home/airflow/.local/lib/python3.7/site-packages/airflow/example_dags/tutorial_etl_dag.py
[2022-07-29 02:36:14,532] {processor.py:641} INFO - Processing file /home/airflow/.local/lib/python3.7/site-packages/airflow/example_dags/tutorial_etl_dag.py for tasks to queue
[2022-07-29 02:36:14,533] {logging_mixin.py:115} INFO - [2022-07-29 02:36:14,533] {dagbag.py:508} INFO - Filling up the DagBag from /home/airflow/.local/lib/python3.7/site-packages/airflow/example_dags/tutorial_etl_dag.py
[2022-07-29 02:36:14,618] {processor.py:651} INFO - DAG(s) dict_keys(['tutorial_etl_dag']) retrieved from /home/airflow/.local/lib/python3.7/site-packages/airflow/example_dags/tutorial_etl_dag.py
[2022-07-29 02:36:15,988] {logging_mixin.py:115} INFO - [2022-07-29 02:36:15,987] {dag.py:2420} INFO - Sync 1 DAGs
[2022-07-29 02:36:16,096] {logging_mixin.py:115} INFO - [2022-07-29 02:36:16,096] {dag.py:2972} INFO - Setting next_dagrun for tutorial_etl_dag to None, run_after=None
[2022-07-29 02:36:16,144] {processor.py:161} INFO - Processing /home/airflow/.local/lib/python3.7/site-packages/airflow/example_dags/tutorial_etl_dag.py took 1.649 seconds
[2022-07-29 02:36:46,327] {processor.py:153} INFO - Started process (PID=2850) to work on /home/airflow/.local/lib/python3.7/site-packages/airflow/example_dags/tutorial_etl_dag.py
[2022-07-29 02:36:46,328] {processor.py:641} INFO - Processing file /home/airflow/.local/lib/python3.7/site-packages/airflow/example_dags/tutorial_etl_dag.py for tasks to queue
[2022-07-29 02:36:46,329] {logging_mixin.py:115} INFO - [2022-07-29 02:36:46,329] {dagbag.py:508} INFO - Filling up the DagBag from /home/airflow/.local/lib/python3.7/site-packages/airflow/example_dags/tutorial_etl_dag.py
[2022-07-29 02:36:46,348] {processor.py:651} INFO - DAG(s) dict_keys(['tutorial_etl_dag']) retrieved from /home/airflow/.local/lib/python3.7/site-packages/airflow/example_dags/tutorial_etl_dag.py
[2022-07-29 02:36:46,641] {logging_mixin.py:115} INFO - [2022-07-29 02:36:46,641] {dag.py:2420} INFO - Sync 1 DAGs
[2022-07-29 02:36:46,678] {logging_mixin.py:115} INFO - [2022-07-29 02:36:46,678] {dag.py:2972} INFO - Setting next_dagrun for tutorial_etl_dag to None, run_after=None
[2022-07-29 02:36:46,707] {processor.py:161} INFO - Processing /home/airflow/.local/lib/python3.7/site-packages/airflow/example_dags/tutorial_etl_dag.py took 0.387 seconds
[2022-07-29 02:37:17,412] {processor.py:153} INFO - Started process (PID=2923) to work on /home/airflow/.local/lib/python3.7/site-packages/airflow/example_dags/tutorial_etl_dag.py
[2022-07-29 02:37:17,415] {processor.py:641} INFO - Processing file /home/airflow/.local/lib/python3.7/site-packages/airflow/example_dags/tutorial_etl_dag.py for tasks to queue
[2022-07-29 02:37:17,416] {logging_mixin.py:115} INFO - [2022-07-29 02:37:17,416] {dagbag.py:508} INFO - Filling up the DagBag from /home/airflow/.local/lib/python3.7/site-packages/airflow/example_dags/tutorial_etl_dag.py
[2022-07-29 02:37:17,439] {processor.py:651} INFO - DAG(s) dict_keys(['tutorial_etl_dag']) retrieved from /home/airflow/.local/lib/python3.7/site-packages/airflow/example_dags/tutorial_etl_dag.py
[2022-07-29 02:37:17,886] {logging_mixin.py:115} INFO - [2022-07-29 02:37:17,886] {dag.py:2420} INFO - Sync 1 DAGs
[2022-07-29 02:37:17,925] {logging_mixin.py:115} INFO - [2022-07-29 02:37:17,924] {dag.py:2972} INFO - Setting next_dagrun for tutorial_etl_dag to None, run_after=None
[2022-07-29 02:37:17,950] {processor.py:161} INFO - Processing /home/airflow/.local/lib/python3.7/site-packages/airflow/example_dags/tutorial_etl_dag.py took 0.554 seconds
[2022-07-29 02:37:48,268] {processor.py:153} INFO - Started process (PID=2994) to work on /home/airflow/.local/lib/python3.7/site-packages/airflow/example_dags/tutorial_etl_dag.py
[2022-07-29 02:37:48,269] {processor.py:641} INFO - Processing file /home/airflow/.local/lib/python3.7/site-packages/airflow/example_dags/tutorial_etl_dag.py for tasks to queue
[2022-07-29 02:37:48,270] {logging_mixin.py:115} INFO - [2022-07-29 02:37:48,270] {dagbag.py:508} INFO - Filling up the DagBag from /home/airflow/.local/lib/python3.7/site-packages/airflow/example_dags/tutorial_etl_dag.py
[2022-07-29 02:37:48,282] {processor.py:651} INFO - DAG(s) dict_keys(['tutorial_etl_dag']) retrieved from /home/airflow/.local/lib/python3.7/site-packages/airflow/example_dags/tutorial_etl_dag.py
[2022-07-29 02:37:48,535] {logging_mixin.py:115} INFO - [2022-07-29 02:37:48,535] {dag.py:2420} INFO - Sync 1 DAGs
[2022-07-29 02:37:48,599] {logging_mixin.py:115} INFO - [2022-07-29 02:37:48,599] {dag.py:2972} INFO - Setting next_dagrun for tutorial_etl_dag to None, run_after=None
[2022-07-29 02:37:48,621] {processor.py:161} INFO - Processing /home/airflow/.local/lib/python3.7/site-packages/airflow/example_dags/tutorial_etl_dag.py took 0.360 seconds
[2022-07-29 02:38:18,948] {processor.py:153} INFO - Started process (PID=3077) to work on /home/airflow/.local/lib/python3.7/site-packages/airflow/example_dags/tutorial_etl_dag.py
[2022-07-29 02:38:18,949] {processor.py:641} INFO - Processing file /home/airflow/.local/lib/python3.7/site-packages/airflow/example_dags/tutorial_etl_dag.py for tasks to queue
[2022-07-29 02:38:18,949] {logging_mixin.py:115} INFO - [2022-07-29 02:38:18,949] {dagbag.py:508} INFO - Filling up the DagBag from /home/airflow/.local/lib/python3.7/site-packages/airflow/example_dags/tutorial_etl_dag.py
[2022-07-29 02:38:18,962] {processor.py:651} INFO - DAG(s) dict_keys(['tutorial_etl_dag']) retrieved from /home/airflow/.local/lib/python3.7/site-packages/airflow/example_dags/tutorial_etl_dag.py
[2022-07-29 02:38:19,246] {logging_mixin.py:115} INFO - [2022-07-29 02:38:19,246] {dag.py:2420} INFO - Sync 1 DAGs
[2022-07-29 02:38:19,332] {logging_mixin.py:115} INFO - [2022-07-29 02:38:19,332] {dag.py:2972} INFO - Setting next_dagrun for tutorial_etl_dag to None, run_after=None
[2022-07-29 02:38:19,367] {processor.py:161} INFO - Processing /home/airflow/.local/lib/python3.7/site-packages/airflow/example_dags/tutorial_etl_dag.py took 0.426 seconds
[2022-07-29 02:38:49,595] {processor.py:153} INFO - Started process (PID=3150) to work on /home/airflow/.local/lib/python3.7/site-packages/airflow/example_dags/tutorial_etl_dag.py
[2022-07-29 02:38:49,596] {processor.py:641} INFO - Processing file /home/airflow/.local/lib/python3.7/site-packages/airflow/example_dags/tutorial_etl_dag.py for tasks to queue
[2022-07-29 02:38:49,596] {logging_mixin.py:115} INFO - [2022-07-29 02:38:49,596] {dagbag.py:508} INFO - Filling up the DagBag from /home/airflow/.local/lib/python3.7/site-packages/airflow/example_dags/tutorial_etl_dag.py
[2022-07-29 02:38:49,606] {processor.py:651} INFO - DAG(s) dict_keys(['tutorial_etl_dag']) retrieved from /home/airflow/.local/lib/python3.7/site-packages/airflow/example_dags/tutorial_etl_dag.py
[2022-07-29 02:38:49,800] {logging_mixin.py:115} INFO - [2022-07-29 02:38:49,800] {dag.py:2420} INFO - Sync 1 DAGs
[2022-07-29 02:38:49,825] {logging_mixin.py:115} INFO - [2022-07-29 02:38:49,825] {dag.py:2972} INFO - Setting next_dagrun for tutorial_etl_dag to None, run_after=None
[2022-07-29 02:38:49,839] {processor.py:161} INFO - Processing /home/airflow/.local/lib/python3.7/site-packages/airflow/example_dags/tutorial_etl_dag.py took 0.249 seconds
[2022-07-29 02:39:21,019] {processor.py:153} INFO - Started process (PID=3222) to work on /home/airflow/.local/lib/python3.7/site-packages/airflow/example_dags/tutorial_etl_dag.py
[2022-07-29 02:39:21,020] {processor.py:641} INFO - Processing file /home/airflow/.local/lib/python3.7/site-packages/airflow/example_dags/tutorial_etl_dag.py for tasks to queue
[2022-07-29 02:39:21,021] {logging_mixin.py:115} INFO - [2022-07-29 02:39:21,020] {dagbag.py:508} INFO - Filling up the DagBag from /home/airflow/.local/lib/python3.7/site-packages/airflow/example_dags/tutorial_etl_dag.py
[2022-07-29 02:39:21,032] {processor.py:651} INFO - DAG(s) dict_keys(['tutorial_etl_dag']) retrieved from /home/airflow/.local/lib/python3.7/site-packages/airflow/example_dags/tutorial_etl_dag.py
[2022-07-29 02:39:21,292] {logging_mixin.py:115} INFO - [2022-07-29 02:39:21,292] {dag.py:2420} INFO - Sync 1 DAGs
[2022-07-29 02:39:21,331] {logging_mixin.py:115} INFO - [2022-07-29 02:39:21,331] {dag.py:2972} INFO - Setting next_dagrun for tutorial_etl_dag to None, run_after=None
[2022-07-29 02:39:21,351] {processor.py:161} INFO - Processing /home/airflow/.local/lib/python3.7/site-packages/airflow/example_dags/tutorial_etl_dag.py took 0.339 seconds
[2022-07-29 02:39:53,058] {processor.py:153} INFO - Started process (PID=3295) to work on /home/airflow/.local/lib/python3.7/site-packages/airflow/example_dags/tutorial_etl_dag.py
[2022-07-29 02:39:53,058] {processor.py:641} INFO - Processing file /home/airflow/.local/lib/python3.7/site-packages/airflow/example_dags/tutorial_etl_dag.py for tasks to queue
[2022-07-29 02:39:53,059] {logging_mixin.py:115} INFO - [2022-07-29 02:39:53,059] {dagbag.py:508} INFO - Filling up the DagBag from /home/airflow/.local/lib/python3.7/site-packages/airflow/example_dags/tutorial_etl_dag.py
[2022-07-29 02:39:53,070] {processor.py:651} INFO - DAG(s) dict_keys(['tutorial_etl_dag']) retrieved from /home/airflow/.local/lib/python3.7/site-packages/airflow/example_dags/tutorial_etl_dag.py
[2022-07-29 02:39:53,548] {logging_mixin.py:115} INFO - [2022-07-29 02:39:53,548] {dag.py:2420} INFO - Sync 1 DAGs
[2022-07-29 02:39:53,594] {logging_mixin.py:115} INFO - [2022-07-29 02:39:53,594] {dag.py:2972} INFO - Setting next_dagrun for tutorial_etl_dag to None, run_after=None
[2022-07-29 02:39:53,614] {processor.py:161} INFO - Processing /home/airflow/.local/lib/python3.7/site-packages/airflow/example_dags/tutorial_etl_dag.py took 0.563 seconds
[2022-07-29 02:40:26,361] {processor.py:153} INFO - Started process (PID=3377) to work on /home/airflow/.local/lib/python3.7/site-packages/airflow/example_dags/tutorial_etl_dag.py
[2022-07-29 02:40:26,363] {processor.py:641} INFO - Processing file /home/airflow/.local/lib/python3.7/site-packages/airflow/example_dags/tutorial_etl_dag.py for tasks to queue
[2022-07-29 02:40:26,363] {logging_mixin.py:115} INFO - [2022-07-29 02:40:26,363] {dagbag.py:508} INFO - Filling up the DagBag from /home/airflow/.local/lib/python3.7/site-packages/airflow/example_dags/tutorial_etl_dag.py
[2022-07-29 02:40:26,376] {processor.py:651} INFO - DAG(s) dict_keys(['tutorial_etl_dag']) retrieved from /home/airflow/.local/lib/python3.7/site-packages/airflow/example_dags/tutorial_etl_dag.py
[2022-07-29 02:40:26,693] {logging_mixin.py:115} INFO - [2022-07-29 02:40:26,693] {dag.py:2420} INFO - Sync 1 DAGs
[2022-07-29 02:40:26,729] {logging_mixin.py:115} INFO - [2022-07-29 02:40:26,729] {dag.py:2972} INFO - Setting next_dagrun for tutorial_etl_dag to None, run_after=None
[2022-07-29 02:40:26,747] {processor.py:161} INFO - Processing /home/airflow/.local/lib/python3.7/site-packages/airflow/example_dags/tutorial_etl_dag.py took 0.392 seconds
[2022-07-29 02:40:58,192] {processor.py:153} INFO - Started process (PID=3458) to work on /home/airflow/.local/lib/python3.7/site-packages/airflow/example_dags/tutorial_etl_dag.py
[2022-07-29 02:40:58,193] {processor.py:641} INFO - Processing file /home/airflow/.local/lib/python3.7/site-packages/airflow/example_dags/tutorial_etl_dag.py for tasks to queue
[2022-07-29 02:40:58,193] {logging_mixin.py:115} INFO - [2022-07-29 02:40:58,193] {dagbag.py:508} INFO - Filling up the DagBag from /home/airflow/.local/lib/python3.7/site-packages/airflow/example_dags/tutorial_etl_dag.py
[2022-07-29 02:40:58,206] {processor.py:651} INFO - DAG(s) dict_keys(['tutorial_etl_dag']) retrieved from /home/airflow/.local/lib/python3.7/site-packages/airflow/example_dags/tutorial_etl_dag.py
[2022-07-29 02:40:58,495] {logging_mixin.py:115} INFO - [2022-07-29 02:40:58,495] {dag.py:2420} INFO - Sync 1 DAGs
[2022-07-29 02:40:58,532] {logging_mixin.py:115} INFO - [2022-07-29 02:40:58,532] {dag.py:2972} INFO - Setting next_dagrun for tutorial_etl_dag to None, run_after=None
[2022-07-29 02:40:58,551] {processor.py:161} INFO - Processing /home/airflow/.local/lib/python3.7/site-packages/airflow/example_dags/tutorial_etl_dag.py took 0.366 seconds
[2022-07-29 02:41:31,281] {processor.py:153} INFO - Started process (PID=3531) to work on /home/airflow/.local/lib/python3.7/site-packages/airflow/example_dags/tutorial_etl_dag.py
[2022-07-29 02:41:31,282] {processor.py:641} INFO - Processing file /home/airflow/.local/lib/python3.7/site-packages/airflow/example_dags/tutorial_etl_dag.py for tasks to queue
[2022-07-29 02:41:31,283] {logging_mixin.py:115} INFO - [2022-07-29 02:41:31,283] {dagbag.py:508} INFO - Filling up the DagBag from /home/airflow/.local/lib/python3.7/site-packages/airflow/example_dags/tutorial_etl_dag.py
[2022-07-29 02:41:31,326] {processor.py:651} INFO - DAG(s) dict_keys(['tutorial_etl_dag']) retrieved from /home/airflow/.local/lib/python3.7/site-packages/airflow/example_dags/tutorial_etl_dag.py
[2022-07-29 02:41:32,308] {logging_mixin.py:115} INFO - [2022-07-29 02:41:32,308] {dag.py:2420} INFO - Sync 1 DAGs
[2022-07-29 02:41:32,413] {logging_mixin.py:115} INFO - [2022-07-29 02:41:32,413] {dag.py:2972} INFO - Setting next_dagrun for tutorial_etl_dag to None, run_after=None
[2022-07-29 02:41:32,476] {processor.py:161} INFO - Processing /home/airflow/.local/lib/python3.7/site-packages/airflow/example_dags/tutorial_etl_dag.py took 1.210 seconds
[2022-07-29 02:42:03,781] {processor.py:153} INFO - Started process (PID=3613) to work on /home/airflow/.local/lib/python3.7/site-packages/airflow/example_dags/tutorial_etl_dag.py
[2022-07-29 02:42:03,788] {processor.py:641} INFO - Processing file /home/airflow/.local/lib/python3.7/site-packages/airflow/example_dags/tutorial_etl_dag.py for tasks to queue
[2022-07-29 02:42:03,789] {logging_mixin.py:115} INFO - [2022-07-29 02:42:03,789] {dagbag.py:508} INFO - Filling up the DagBag from /home/airflow/.local/lib/python3.7/site-packages/airflow/example_dags/tutorial_etl_dag.py
[2022-07-29 02:42:04,036] {processor.py:651} INFO - DAG(s) dict_keys(['tutorial_etl_dag']) retrieved from /home/airflow/.local/lib/python3.7/site-packages/airflow/example_dags/tutorial_etl_dag.py
[2022-07-29 02:42:04,070] {logging_mixin.py:115} INFO - [2022-07-29 02:42:04,070] {dag.py:2420} INFO - Sync 1 DAGs
[2022-07-29 02:42:04,107] {logging_mixin.py:115} INFO - [2022-07-29 02:42:04,106] {dag.py:2972} INFO - Setting next_dagrun for tutorial_etl_dag to None, run_after=None
[2022-07-29 02:42:04,127] {processor.py:161} INFO - Processing /home/airflow/.local/lib/python3.7/site-packages/airflow/example_dags/tutorial_etl_dag.py took 0.362 seconds
[2022-07-29 02:42:35,149] {processor.py:153} INFO - Started process (PID=3685) to work on /home/airflow/.local/lib/python3.7/site-packages/airflow/example_dags/tutorial_etl_dag.py
[2022-07-29 02:42:35,149] {processor.py:641} INFO - Processing file /home/airflow/.local/lib/python3.7/site-packages/airflow/example_dags/tutorial_etl_dag.py for tasks to queue
[2022-07-29 02:42:35,150] {logging_mixin.py:115} INFO - [2022-07-29 02:42:35,150] {dagbag.py:508} INFO - Filling up the DagBag from /home/airflow/.local/lib/python3.7/site-packages/airflow/example_dags/tutorial_etl_dag.py
[2022-07-29 02:42:35,424] {processor.py:651} INFO - DAG(s) dict_keys(['tutorial_etl_dag']) retrieved from /home/airflow/.local/lib/python3.7/site-packages/airflow/example_dags/tutorial_etl_dag.py
[2022-07-29 02:42:35,463] {logging_mixin.py:115} INFO - [2022-07-29 02:42:35,463] {dag.py:2420} INFO - Sync 1 DAGs
[2022-07-29 02:42:35,501] {logging_mixin.py:115} INFO - [2022-07-29 02:42:35,500] {dag.py:2972} INFO - Setting next_dagrun for tutorial_etl_dag to None, run_after=None
[2022-07-29 02:42:35,532] {processor.py:161} INFO - Processing /home/airflow/.local/lib/python3.7/site-packages/airflow/example_dags/tutorial_etl_dag.py took 0.390 seconds
[2022-07-29 02:43:07,228] {processor.py:153} INFO - Started process (PID=3758) to work on /home/airflow/.local/lib/python3.7/site-packages/airflow/example_dags/tutorial_etl_dag.py
[2022-07-29 02:43:07,240] {processor.py:641} INFO - Processing file /home/airflow/.local/lib/python3.7/site-packages/airflow/example_dags/tutorial_etl_dag.py for tasks to queue
[2022-07-29 02:43:07,241] {logging_mixin.py:115} INFO - [2022-07-29 02:43:07,241] {dagbag.py:508} INFO - Filling up the DagBag from /home/airflow/.local/lib/python3.7/site-packages/airflow/example_dags/tutorial_etl_dag.py
[2022-07-29 02:43:07,776] {processor.py:651} INFO - DAG(s) dict_keys(['tutorial_etl_dag']) retrieved from /home/airflow/.local/lib/python3.7/site-packages/airflow/example_dags/tutorial_etl_dag.py
[2022-07-29 02:43:07,852] {logging_mixin.py:115} INFO - [2022-07-29 02:43:07,852] {dag.py:2420} INFO - Sync 1 DAGs
[2022-07-29 02:43:07,927] {logging_mixin.py:115} INFO - [2022-07-29 02:43:07,927] {dag.py:2972} INFO - Setting next_dagrun for tutorial_etl_dag to None, run_after=None
[2022-07-29 02:43:07,964] {processor.py:161} INFO - Processing /home/airflow/.local/lib/python3.7/site-packages/airflow/example_dags/tutorial_etl_dag.py took 0.751 seconds
[2022-07-29 02:43:40,284] {processor.py:153} INFO - Started process (PID=3839) to work on /home/airflow/.local/lib/python3.7/site-packages/airflow/example_dags/tutorial_etl_dag.py
[2022-07-29 02:43:40,292] {processor.py:641} INFO - Processing file /home/airflow/.local/lib/python3.7/site-packages/airflow/example_dags/tutorial_etl_dag.py for tasks to queue
[2022-07-29 02:43:40,293] {logging_mixin.py:115} INFO - [2022-07-29 02:43:40,293] {dagbag.py:508} INFO - Filling up the DagBag from /home/airflow/.local/lib/python3.7/site-packages/airflow/example_dags/tutorial_etl_dag.py
[2022-07-29 02:43:40,630] {processor.py:651} INFO - DAG(s) dict_keys(['tutorial_etl_dag']) retrieved from /home/airflow/.local/lib/python3.7/site-packages/airflow/example_dags/tutorial_etl_dag.py
[2022-07-29 02:43:40,675] {logging_mixin.py:115} INFO - [2022-07-29 02:43:40,675] {dag.py:2420} INFO - Sync 1 DAGs
[2022-07-29 02:43:40,734] {logging_mixin.py:115} INFO - [2022-07-29 02:43:40,734] {dag.py:2972} INFO - Setting next_dagrun for tutorial_etl_dag to None, run_after=None
[2022-07-29 02:43:40,792] {processor.py:161} INFO - Processing /home/airflow/.local/lib/python3.7/site-packages/airflow/example_dags/tutorial_etl_dag.py took 0.522 seconds
[2022-07-29 02:44:12,818] {processor.py:153} INFO - Started process (PID=3912) to work on /home/airflow/.local/lib/python3.7/site-packages/airflow/example_dags/tutorial_etl_dag.py
[2022-07-29 02:44:12,819] {processor.py:641} INFO - Processing file /home/airflow/.local/lib/python3.7/site-packages/airflow/example_dags/tutorial_etl_dag.py for tasks to queue
[2022-07-29 02:44:12,819] {logging_mixin.py:115} INFO - [2022-07-29 02:44:12,819] {dagbag.py:508} INFO - Filling up the DagBag from /home/airflow/.local/lib/python3.7/site-packages/airflow/example_dags/tutorial_etl_dag.py
[2022-07-29 02:44:13,466] {processor.py:651} INFO - DAG(s) dict_keys(['tutorial_etl_dag']) retrieved from /home/airflow/.local/lib/python3.7/site-packages/airflow/example_dags/tutorial_etl_dag.py
[2022-07-29 02:44:13,506] {logging_mixin.py:115} INFO - [2022-07-29 02:44:13,506] {dag.py:2420} INFO - Sync 1 DAGs
[2022-07-29 02:44:13,546] {logging_mixin.py:115} INFO - [2022-07-29 02:44:13,545] {dag.py:2972} INFO - Setting next_dagrun for tutorial_etl_dag to None, run_after=None
[2022-07-29 02:44:13,585] {processor.py:161} INFO - Processing /home/airflow/.local/lib/python3.7/site-packages/airflow/example_dags/tutorial_etl_dag.py took 0.785 seconds
[2022-07-29 02:44:45,637] {processor.py:153} INFO - Started process (PID=3995) to work on /home/airflow/.local/lib/python3.7/site-packages/airflow/example_dags/tutorial_etl_dag.py
[2022-07-29 02:44:45,644] {processor.py:641} INFO - Processing file /home/airflow/.local/lib/python3.7/site-packages/airflow/example_dags/tutorial_etl_dag.py for tasks to queue
[2022-07-29 02:44:45,645] {logging_mixin.py:115} INFO - [2022-07-29 02:44:45,645] {dagbag.py:508} INFO - Filling up the DagBag from /home/airflow/.local/lib/python3.7/site-packages/airflow/example_dags/tutorial_etl_dag.py
[2022-07-29 02:44:46,036] {processor.py:651} INFO - DAG(s) dict_keys(['tutorial_etl_dag']) retrieved from /home/airflow/.local/lib/python3.7/site-packages/airflow/example_dags/tutorial_etl_dag.py
[2022-07-29 02:44:46,088] {logging_mixin.py:115} INFO - [2022-07-29 02:44:46,088] {dag.py:2420} INFO - Sync 1 DAGs
[2022-07-29 02:44:46,162] {logging_mixin.py:115} INFO - [2022-07-29 02:44:46,161] {dag.py:2972} INFO - Setting next_dagrun for tutorial_etl_dag to None, run_after=None
[2022-07-29 02:44:46,218] {processor.py:161} INFO - Processing /home/airflow/.local/lib/python3.7/site-packages/airflow/example_dags/tutorial_etl_dag.py took 0.600 seconds
[2022-07-29 02:45:17,063] {processor.py:153} INFO - Started process (PID=4067) to work on /home/airflow/.local/lib/python3.7/site-packages/airflow/example_dags/tutorial_etl_dag.py
[2022-07-29 02:45:17,068] {processor.py:641} INFO - Processing file /home/airflow/.local/lib/python3.7/site-packages/airflow/example_dags/tutorial_etl_dag.py for tasks to queue
[2022-07-29 02:45:17,069] {logging_mixin.py:115} INFO - [2022-07-29 02:45:17,069] {dagbag.py:508} INFO - Filling up the DagBag from /home/airflow/.local/lib/python3.7/site-packages/airflow/example_dags/tutorial_etl_dag.py
[2022-07-29 02:45:17,316] {processor.py:651} INFO - DAG(s) dict_keys(['tutorial_etl_dag']) retrieved from /home/airflow/.local/lib/python3.7/site-packages/airflow/example_dags/tutorial_etl_dag.py
[2022-07-29 02:45:17,350] {logging_mixin.py:115} INFO - [2022-07-29 02:45:17,350] {dag.py:2420} INFO - Sync 1 DAGs
[2022-07-29 02:45:17,389] {logging_mixin.py:115} INFO - [2022-07-29 02:45:17,389] {dag.py:2972} INFO - Setting next_dagrun for tutorial_etl_dag to None, run_after=None
[2022-07-29 02:45:17,408] {processor.py:161} INFO - Processing /home/airflow/.local/lib/python3.7/site-packages/airflow/example_dags/tutorial_etl_dag.py took 0.352 seconds
[2022-07-29 02:45:47,732] {processor.py:153} INFO - Started process (PID=4139) to work on /home/airflow/.local/lib/python3.7/site-packages/airflow/example_dags/tutorial_etl_dag.py
[2022-07-29 02:45:47,733] {processor.py:641} INFO - Processing file /home/airflow/.local/lib/python3.7/site-packages/airflow/example_dags/tutorial_etl_dag.py for tasks to queue
[2022-07-29 02:45:47,733] {logging_mixin.py:115} INFO - [2022-07-29 02:45:47,733] {dagbag.py:508} INFO - Filling up the DagBag from /home/airflow/.local/lib/python3.7/site-packages/airflow/example_dags/tutorial_etl_dag.py
[2022-07-29 02:45:48,203] {processor.py:651} INFO - DAG(s) dict_keys(['tutorial_etl_dag']) retrieved from /home/airflow/.local/lib/python3.7/site-packages/airflow/example_dags/tutorial_etl_dag.py
[2022-07-29 02:45:48,264] {logging_mixin.py:115} INFO - [2022-07-29 02:45:48,264] {dag.py:2420} INFO - Sync 1 DAGs
[2022-07-29 02:45:48,345] {logging_mixin.py:115} INFO - [2022-07-29 02:45:48,345] {dag.py:2972} INFO - Setting next_dagrun for tutorial_etl_dag to None, run_after=None
[2022-07-29 02:45:48,380] {processor.py:161} INFO - Processing /home/airflow/.local/lib/python3.7/site-packages/airflow/example_dags/tutorial_etl_dag.py took 0.660 seconds
[2022-07-29 02:46:18,601] {processor.py:153} INFO - Started process (PID=4209) to work on /home/airflow/.local/lib/python3.7/site-packages/airflow/example_dags/tutorial_etl_dag.py
[2022-07-29 02:46:18,608] {processor.py:641} INFO - Processing file /home/airflow/.local/lib/python3.7/site-packages/airflow/example_dags/tutorial_etl_dag.py for tasks to queue
[2022-07-29 02:46:18,609] {logging_mixin.py:115} INFO - [2022-07-29 02:46:18,609] {dagbag.py:508} INFO - Filling up the DagBag from /home/airflow/.local/lib/python3.7/site-packages/airflow/example_dags/tutorial_etl_dag.py
[2022-07-29 02:46:18,867] {processor.py:651} INFO - DAG(s) dict_keys(['tutorial_etl_dag']) retrieved from /home/airflow/.local/lib/python3.7/site-packages/airflow/example_dags/tutorial_etl_dag.py
[2022-07-29 02:46:18,900] {logging_mixin.py:115} INFO - [2022-07-29 02:46:18,900] {dag.py:2420} INFO - Sync 1 DAGs
[2022-07-29 02:46:18,938] {logging_mixin.py:115} INFO - [2022-07-29 02:46:18,938] {dag.py:2972} INFO - Setting next_dagrun for tutorial_etl_dag to None, run_after=None
[2022-07-29 02:46:18,958] {processor.py:161} INFO - Processing /home/airflow/.local/lib/python3.7/site-packages/airflow/example_dags/tutorial_etl_dag.py took 0.367 seconds
[2022-07-29 02:46:49,677] {processor.py:153} INFO - Started process (PID=4291) to work on /home/airflow/.local/lib/python3.7/site-packages/airflow/example_dags/tutorial_etl_dag.py
[2022-07-29 02:46:49,678] {processor.py:641} INFO - Processing file /home/airflow/.local/lib/python3.7/site-packages/airflow/example_dags/tutorial_etl_dag.py for tasks to queue
[2022-07-29 02:46:49,679] {logging_mixin.py:115} INFO - [2022-07-29 02:46:49,679] {dagbag.py:508} INFO - Filling up the DagBag from /home/airflow/.local/lib/python3.7/site-packages/airflow/example_dags/tutorial_etl_dag.py
[2022-07-29 02:46:50,260] {processor.py:651} INFO - DAG(s) dict_keys(['tutorial_etl_dag']) retrieved from /home/airflow/.local/lib/python3.7/site-packages/airflow/example_dags/tutorial_etl_dag.py
[2022-07-29 02:46:50,324] {logging_mixin.py:115} INFO - [2022-07-29 02:46:50,324] {dag.py:2420} INFO - Sync 1 DAGs
[2022-07-29 02:46:50,408] {logging_mixin.py:115} INFO - [2022-07-29 02:46:50,408] {dag.py:2972} INFO - Setting next_dagrun for tutorial_etl_dag to None, run_after=None
[2022-07-29 02:46:50,459] {processor.py:161} INFO - Processing /home/airflow/.local/lib/python3.7/site-packages/airflow/example_dags/tutorial_etl_dag.py took 0.797 seconds
[2022-07-29 02:47:20,592] {processor.py:153} INFO - Started process (PID=4364) to work on /home/airflow/.local/lib/python3.7/site-packages/airflow/example_dags/tutorial_etl_dag.py
[2022-07-29 02:47:20,593] {processor.py:641} INFO - Processing file /home/airflow/.local/lib/python3.7/site-packages/airflow/example_dags/tutorial_etl_dag.py for tasks to queue
[2022-07-29 02:47:20,594] {logging_mixin.py:115} INFO - [2022-07-29 02:47:20,593] {dagbag.py:508} INFO - Filling up the DagBag from /home/airflow/.local/lib/python3.7/site-packages/airflow/example_dags/tutorial_etl_dag.py
[2022-07-29 02:47:20,608] {processor.py:651} INFO - DAG(s) dict_keys(['tutorial_etl_dag']) retrieved from /home/airflow/.local/lib/python3.7/site-packages/airflow/example_dags/tutorial_etl_dag.py
[2022-07-29 02:47:20,656] {logging_mixin.py:115} INFO - [2022-07-29 02:47:20,656] {dag.py:2420} INFO - Sync 1 DAGs
[2022-07-29 02:47:20,699] {logging_mixin.py:115} INFO - [2022-07-29 02:47:20,699] {dag.py:2972} INFO - Setting next_dagrun for tutorial_etl_dag to None, run_after=None
[2022-07-29 02:47:20,719] {processor.py:161} INFO - Processing /home/airflow/.local/lib/python3.7/site-packages/airflow/example_dags/tutorial_etl_dag.py took 0.134 seconds
[2022-07-29 02:47:50,858] {processor.py:153} INFO - Started process (PID=4446) to work on /home/airflow/.local/lib/python3.7/site-packages/airflow/example_dags/tutorial_etl_dag.py
[2022-07-29 02:47:50,859] {processor.py:641} INFO - Processing file /home/airflow/.local/lib/python3.7/site-packages/airflow/example_dags/tutorial_etl_dag.py for tasks to queue
[2022-07-29 02:47:50,860] {logging_mixin.py:115} INFO - [2022-07-29 02:47:50,860] {dagbag.py:508} INFO - Filling up the DagBag from /home/airflow/.local/lib/python3.7/site-packages/airflow/example_dags/tutorial_etl_dag.py
[2022-07-29 02:47:50,874] {processor.py:651} INFO - DAG(s) dict_keys(['tutorial_etl_dag']) retrieved from /home/airflow/.local/lib/python3.7/site-packages/airflow/example_dags/tutorial_etl_dag.py
[2022-07-29 02:47:50,922] {logging_mixin.py:115} INFO - [2022-07-29 02:47:50,921] {dag.py:2420} INFO - Sync 1 DAGs
[2022-07-29 02:47:50,963] {logging_mixin.py:115} INFO - [2022-07-29 02:47:50,963] {dag.py:2972} INFO - Setting next_dagrun for tutorial_etl_dag to None, run_after=None
[2022-07-29 02:47:50,987] {processor.py:161} INFO - Processing /home/airflow/.local/lib/python3.7/site-packages/airflow/example_dags/tutorial_etl_dag.py took 0.136 seconds
[2022-07-29 02:48:22,054] {processor.py:153} INFO - Started process (PID=4520) to work on /home/airflow/.local/lib/python3.7/site-packages/airflow/example_dags/tutorial_etl_dag.py
[2022-07-29 02:48:22,057] {processor.py:641} INFO - Processing file /home/airflow/.local/lib/python3.7/site-packages/airflow/example_dags/tutorial_etl_dag.py for tasks to queue
[2022-07-29 02:48:22,058] {logging_mixin.py:115} INFO - [2022-07-29 02:48:22,058] {dagbag.py:508} INFO - Filling up the DagBag from /home/airflow/.local/lib/python3.7/site-packages/airflow/example_dags/tutorial_etl_dag.py
[2022-07-29 02:48:22,072] {processor.py:651} INFO - DAG(s) dict_keys(['tutorial_etl_dag']) retrieved from /home/airflow/.local/lib/python3.7/site-packages/airflow/example_dags/tutorial_etl_dag.py
[2022-07-29 02:48:22,126] {logging_mixin.py:115} INFO - [2022-07-29 02:48:22,126] {dag.py:2420} INFO - Sync 1 DAGs
[2022-07-29 02:48:22,164] {logging_mixin.py:115} INFO - [2022-07-29 02:48:22,164] {dag.py:2972} INFO - Setting next_dagrun for tutorial_etl_dag to None, run_after=None
[2022-07-29 02:48:22,183] {processor.py:161} INFO - Processing /home/airflow/.local/lib/python3.7/site-packages/airflow/example_dags/tutorial_etl_dag.py took 0.138 seconds
[2022-07-29 02:48:53,639] {processor.py:153} INFO - Started process (PID=4602) to work on /home/airflow/.local/lib/python3.7/site-packages/airflow/example_dags/tutorial_etl_dag.py
[2022-07-29 02:48:53,639] {processor.py:641} INFO - Processing file /home/airflow/.local/lib/python3.7/site-packages/airflow/example_dags/tutorial_etl_dag.py for tasks to queue
[2022-07-29 02:48:53,640] {logging_mixin.py:115} INFO - [2022-07-29 02:48:53,640] {dagbag.py:508} INFO - Filling up the DagBag from /home/airflow/.local/lib/python3.7/site-packages/airflow/example_dags/tutorial_etl_dag.py
[2022-07-29 02:48:53,653] {processor.py:651} INFO - DAG(s) dict_keys(['tutorial_etl_dag']) retrieved from /home/airflow/.local/lib/python3.7/site-packages/airflow/example_dags/tutorial_etl_dag.py
[2022-07-29 02:48:53,708] {logging_mixin.py:115} INFO - [2022-07-29 02:48:53,707] {dag.py:2420} INFO - Sync 1 DAGs
[2022-07-29 02:48:53,794] {logging_mixin.py:115} INFO - [2022-07-29 02:48:53,793] {dag.py:2972} INFO - Setting next_dagrun for tutorial_etl_dag to None, run_after=None
[2022-07-29 02:48:53,837] {processor.py:161} INFO - Processing /home/airflow/.local/lib/python3.7/site-packages/airflow/example_dags/tutorial_etl_dag.py took 0.205 seconds
[2022-07-29 02:49:23,916] {processor.py:153} INFO - Started process (PID=4670) to work on /home/airflow/.local/lib/python3.7/site-packages/airflow/example_dags/tutorial_etl_dag.py
[2022-07-29 02:49:23,924] {processor.py:641} INFO - Processing file /home/airflow/.local/lib/python3.7/site-packages/airflow/example_dags/tutorial_etl_dag.py for tasks to queue
[2022-07-29 02:49:23,925] {logging_mixin.py:115} INFO - [2022-07-29 02:49:23,925] {dagbag.py:508} INFO - Filling up the DagBag from /home/airflow/.local/lib/python3.7/site-packages/airflow/example_dags/tutorial_etl_dag.py
[2022-07-29 02:49:23,946] {processor.py:651} INFO - DAG(s) dict_keys(['tutorial_etl_dag']) retrieved from /home/airflow/.local/lib/python3.7/site-packages/airflow/example_dags/tutorial_etl_dag.py
[2022-07-29 02:49:24,050] {logging_mixin.py:115} INFO - [2022-07-29 02:49:24,050] {dag.py:2420} INFO - Sync 1 DAGs
[2022-07-29 02:49:24,135] {logging_mixin.py:115} INFO - [2022-07-29 02:49:24,134] {dag.py:2972} INFO - Setting next_dagrun for tutorial_etl_dag to None, run_after=None
[2022-07-29 02:49:24,170] {processor.py:161} INFO - Processing /home/airflow/.local/lib/python3.7/site-packages/airflow/example_dags/tutorial_etl_dag.py took 0.261 seconds
[2022-07-29 02:49:54,603] {processor.py:153} INFO - Started process (PID=4750) to work on /home/airflow/.local/lib/python3.7/site-packages/airflow/example_dags/tutorial_etl_dag.py
[2022-07-29 02:49:54,614] {processor.py:641} INFO - Processing file /home/airflow/.local/lib/python3.7/site-packages/airflow/example_dags/tutorial_etl_dag.py for tasks to queue
[2022-07-29 02:49:54,615] {logging_mixin.py:115} INFO - [2022-07-29 02:49:54,615] {dagbag.py:508} INFO - Filling up the DagBag from /home/airflow/.local/lib/python3.7/site-packages/airflow/example_dags/tutorial_etl_dag.py
[2022-07-29 02:49:54,630] {processor.py:651} INFO - DAG(s) dict_keys(['tutorial_etl_dag']) retrieved from /home/airflow/.local/lib/python3.7/site-packages/airflow/example_dags/tutorial_etl_dag.py
[2022-07-29 02:49:54,683] {logging_mixin.py:115} INFO - [2022-07-29 02:49:54,683] {dag.py:2420} INFO - Sync 1 DAGs
[2022-07-29 02:49:54,726] {logging_mixin.py:115} INFO - [2022-07-29 02:49:54,726] {dag.py:2972} INFO - Setting next_dagrun for tutorial_etl_dag to None, run_after=None
[2022-07-29 02:49:54,747] {processor.py:161} INFO - Processing /home/airflow/.local/lib/python3.7/site-packages/airflow/example_dags/tutorial_etl_dag.py took 0.154 seconds
[2022-07-29 02:50:25,292] {processor.py:153} INFO - Started process (PID=4822) to work on /home/airflow/.local/lib/python3.7/site-packages/airflow/example_dags/tutorial_etl_dag.py
[2022-07-29 02:50:25,300] {processor.py:641} INFO - Processing file /home/airflow/.local/lib/python3.7/site-packages/airflow/example_dags/tutorial_etl_dag.py for tasks to queue
[2022-07-29 02:50:25,301] {logging_mixin.py:115} INFO - [2022-07-29 02:50:25,301] {dagbag.py:508} INFO - Filling up the DagBag from /home/airflow/.local/lib/python3.7/site-packages/airflow/example_dags/tutorial_etl_dag.py
[2022-07-29 02:50:25,322] {processor.py:651} INFO - DAG(s) dict_keys(['tutorial_etl_dag']) retrieved from /home/airflow/.local/lib/python3.7/site-packages/airflow/example_dags/tutorial_etl_dag.py
[2022-07-29 02:50:25,394] {logging_mixin.py:115} INFO - [2022-07-29 02:50:25,394] {dag.py:2420} INFO - Sync 1 DAGs
[2022-07-29 02:50:25,444] {logging_mixin.py:115} INFO - [2022-07-29 02:50:25,444] {dag.py:2972} INFO - Setting next_dagrun for tutorial_etl_dag to None, run_after=None
[2022-07-29 02:50:25,480] {processor.py:161} INFO - Processing /home/airflow/.local/lib/python3.7/site-packages/airflow/example_dags/tutorial_etl_dag.py took 0.203 seconds
[2022-07-29 02:50:56,422] {processor.py:153} INFO - Started process (PID=4904) to work on /home/airflow/.local/lib/python3.7/site-packages/airflow/example_dags/tutorial_etl_dag.py
[2022-07-29 02:50:56,423] {processor.py:641} INFO - Processing file /home/airflow/.local/lib/python3.7/site-packages/airflow/example_dags/tutorial_etl_dag.py for tasks to queue
[2022-07-29 02:50:56,424] {logging_mixin.py:115} INFO - [2022-07-29 02:50:56,424] {dagbag.py:508} INFO - Filling up the DagBag from /home/airflow/.local/lib/python3.7/site-packages/airflow/example_dags/tutorial_etl_dag.py
[2022-07-29 02:50:56,437] {processor.py:651} INFO - DAG(s) dict_keys(['tutorial_etl_dag']) retrieved from /home/airflow/.local/lib/python3.7/site-packages/airflow/example_dags/tutorial_etl_dag.py
[2022-07-29 02:50:56,490] {logging_mixin.py:115} INFO - [2022-07-29 02:50:56,489] {dag.py:2420} INFO - Sync 1 DAGs
[2022-07-29 02:50:56,601] {logging_mixin.py:115} INFO - [2022-07-29 02:50:56,601] {dag.py:2972} INFO - Setting next_dagrun for tutorial_etl_dag to None, run_after=None
[2022-07-29 02:50:56,621] {processor.py:161} INFO - Processing /home/airflow/.local/lib/python3.7/site-packages/airflow/example_dags/tutorial_etl_dag.py took 0.207 seconds
[2022-07-29 02:51:27,088] {processor.py:153} INFO - Started process (PID=4976) to work on /home/airflow/.local/lib/python3.7/site-packages/airflow/example_dags/tutorial_etl_dag.py
[2022-07-29 02:51:27,096] {processor.py:641} INFO - Processing file /home/airflow/.local/lib/python3.7/site-packages/airflow/example_dags/tutorial_etl_dag.py for tasks to queue
[2022-07-29 02:51:27,097] {logging_mixin.py:115} INFO - [2022-07-29 02:51:27,096] {dagbag.py:508} INFO - Filling up the DagBag from /home/airflow/.local/lib/python3.7/site-packages/airflow/example_dags/tutorial_etl_dag.py
[2022-07-29 02:51:27,122] {processor.py:651} INFO - DAG(s) dict_keys(['tutorial_etl_dag']) retrieved from /home/airflow/.local/lib/python3.7/site-packages/airflow/example_dags/tutorial_etl_dag.py
[2022-07-29 02:51:27,204] {logging_mixin.py:115} INFO - [2022-07-29 02:51:27,204] {dag.py:2420} INFO - Sync 1 DAGs
[2022-07-29 02:51:27,294] {logging_mixin.py:115} INFO - [2022-07-29 02:51:27,294] {dag.py:2972} INFO - Setting next_dagrun for tutorial_etl_dag to None, run_after=None
[2022-07-29 02:51:27,351] {processor.py:161} INFO - Processing /home/airflow/.local/lib/python3.7/site-packages/airflow/example_dags/tutorial_etl_dag.py took 0.278 seconds
[2022-07-29 02:51:58,147] {processor.py:153} INFO - Started process (PID=5058) to work on /home/airflow/.local/lib/python3.7/site-packages/airflow/example_dags/tutorial_etl_dag.py
[2022-07-29 02:51:58,148] {processor.py:641} INFO - Processing file /home/airflow/.local/lib/python3.7/site-packages/airflow/example_dags/tutorial_etl_dag.py for tasks to queue
[2022-07-29 02:51:58,149] {logging_mixin.py:115} INFO - [2022-07-29 02:51:58,149] {dagbag.py:508} INFO - Filling up the DagBag from /home/airflow/.local/lib/python3.7/site-packages/airflow/example_dags/tutorial_etl_dag.py
[2022-07-29 02:51:58,163] {processor.py:651} INFO - DAG(s) dict_keys(['tutorial_etl_dag']) retrieved from /home/airflow/.local/lib/python3.7/site-packages/airflow/example_dags/tutorial_etl_dag.py
[2022-07-29 02:51:58,210] {logging_mixin.py:115} INFO - [2022-07-29 02:51:58,210] {dag.py:2420} INFO - Sync 1 DAGs
[2022-07-29 02:51:58,252] {logging_mixin.py:115} INFO - [2022-07-29 02:51:58,252] {dag.py:2972} INFO - Setting next_dagrun for tutorial_etl_dag to None, run_after=None
[2022-07-29 02:51:58,272] {processor.py:161} INFO - Processing /home/airflow/.local/lib/python3.7/site-packages/airflow/example_dags/tutorial_etl_dag.py took 0.132 seconds
[2022-07-29 02:52:28,493] {processor.py:153} INFO - Started process (PID=5132) to work on /home/airflow/.local/lib/python3.7/site-packages/airflow/example_dags/tutorial_etl_dag.py
[2022-07-29 02:52:28,494] {processor.py:641} INFO - Processing file /home/airflow/.local/lib/python3.7/site-packages/airflow/example_dags/tutorial_etl_dag.py for tasks to queue
[2022-07-29 02:52:28,495] {logging_mixin.py:115} INFO - [2022-07-29 02:52:28,495] {dagbag.py:508} INFO - Filling up the DagBag from /home/airflow/.local/lib/python3.7/site-packages/airflow/example_dags/tutorial_etl_dag.py
[2022-07-29 02:52:28,509] {processor.py:651} INFO - DAG(s) dict_keys(['tutorial_etl_dag']) retrieved from /home/airflow/.local/lib/python3.7/site-packages/airflow/example_dags/tutorial_etl_dag.py
[2022-07-29 02:52:28,582] {logging_mixin.py:115} INFO - [2022-07-29 02:52:28,582] {dag.py:2420} INFO - Sync 1 DAGs
[2022-07-29 02:52:28,664] {logging_mixin.py:115} INFO - [2022-07-29 02:52:28,664] {dag.py:2972} INFO - Setting next_dagrun for tutorial_etl_dag to None, run_after=None
[2022-07-29 02:52:28,697] {processor.py:161} INFO - Processing /home/airflow/.local/lib/python3.7/site-packages/airflow/example_dags/tutorial_etl_dag.py took 0.210 seconds
[2022-07-29 02:52:59,249] {processor.py:153} INFO - Started process (PID=5214) to work on /home/airflow/.local/lib/python3.7/site-packages/airflow/example_dags/tutorial_etl_dag.py
[2022-07-29 02:52:59,250] {processor.py:641} INFO - Processing file /home/airflow/.local/lib/python3.7/site-packages/airflow/example_dags/tutorial_etl_dag.py for tasks to queue
[2022-07-29 02:52:59,251] {logging_mixin.py:115} INFO - [2022-07-29 02:52:59,251] {dagbag.py:508} INFO - Filling up the DagBag from /home/airflow/.local/lib/python3.7/site-packages/airflow/example_dags/tutorial_etl_dag.py
[2022-07-29 02:52:59,265] {processor.py:651} INFO - DAG(s) dict_keys(['tutorial_etl_dag']) retrieved from /home/airflow/.local/lib/python3.7/site-packages/airflow/example_dags/tutorial_etl_dag.py
[2022-07-29 02:52:59,335] {logging_mixin.py:115} INFO - [2022-07-29 02:52:59,335] {dag.py:2420} INFO - Sync 1 DAGs
[2022-07-29 02:52:59,377] {logging_mixin.py:115} INFO - [2022-07-29 02:52:59,377] {dag.py:2972} INFO - Setting next_dagrun for tutorial_etl_dag to None, run_after=None
[2022-07-29 02:52:59,399] {processor.py:161} INFO - Processing /home/airflow/.local/lib/python3.7/site-packages/airflow/example_dags/tutorial_etl_dag.py took 0.157 seconds
[2022-07-29 02:53:29,687] {processor.py:153} INFO - Started process (PID=5288) to work on /home/airflow/.local/lib/python3.7/site-packages/airflow/example_dags/tutorial_etl_dag.py
[2022-07-29 02:53:29,688] {processor.py:641} INFO - Processing file /home/airflow/.local/lib/python3.7/site-packages/airflow/example_dags/tutorial_etl_dag.py for tasks to queue
[2022-07-29 02:53:29,689] {logging_mixin.py:115} INFO - [2022-07-29 02:53:29,689] {dagbag.py:508} INFO - Filling up the DagBag from /home/airflow/.local/lib/python3.7/site-packages/airflow/example_dags/tutorial_etl_dag.py
[2022-07-29 02:53:29,703] {processor.py:651} INFO - DAG(s) dict_keys(['tutorial_etl_dag']) retrieved from /home/airflow/.local/lib/python3.7/site-packages/airflow/example_dags/tutorial_etl_dag.py
[2022-07-29 02:53:29,752] {logging_mixin.py:115} INFO - [2022-07-29 02:53:29,752] {dag.py:2420} INFO - Sync 1 DAGs
[2022-07-29 02:53:29,796] {logging_mixin.py:115} INFO - [2022-07-29 02:53:29,796] {dag.py:2972} INFO - Setting next_dagrun for tutorial_etl_dag to None, run_after=None
[2022-07-29 02:53:29,817] {processor.py:161} INFO - Processing /home/airflow/.local/lib/python3.7/site-packages/airflow/example_dags/tutorial_etl_dag.py took 0.138 seconds
[2022-07-29 02:54:00,623] {processor.py:153} INFO - Started process (PID=5361) to work on /home/airflow/.local/lib/python3.7/site-packages/airflow/example_dags/tutorial_etl_dag.py
[2022-07-29 02:54:00,636] {processor.py:641} INFO - Processing file /home/airflow/.local/lib/python3.7/site-packages/airflow/example_dags/tutorial_etl_dag.py for tasks to queue
[2022-07-29 02:54:00,637] {logging_mixin.py:115} INFO - [2022-07-29 02:54:00,637] {dagbag.py:508} INFO - Filling up the DagBag from /home/airflow/.local/lib/python3.7/site-packages/airflow/example_dags/tutorial_etl_dag.py
[2022-07-29 02:54:00,667] {processor.py:651} INFO - DAG(s) dict_keys(['tutorial_etl_dag']) retrieved from /home/airflow/.local/lib/python3.7/site-packages/airflow/example_dags/tutorial_etl_dag.py
[2022-07-29 02:54:00,804] {logging_mixin.py:115} INFO - [2022-07-29 02:54:00,804] {dag.py:2420} INFO - Sync 1 DAGs
[2022-07-29 02:54:00,925] {logging_mixin.py:115} INFO - [2022-07-29 02:54:00,924] {dag.py:2972} INFO - Setting next_dagrun for tutorial_etl_dag to None, run_after=None
[2022-07-29 02:54:00,980] {processor.py:161} INFO - Processing /home/airflow/.local/lib/python3.7/site-packages/airflow/example_dags/tutorial_etl_dag.py took 0.364 seconds
[2022-07-29 02:54:31,645] {processor.py:153} INFO - Started process (PID=5441) to work on /home/airflow/.local/lib/python3.7/site-packages/airflow/example_dags/tutorial_etl_dag.py
[2022-07-29 02:54:31,652] {processor.py:641} INFO - Processing file /home/airflow/.local/lib/python3.7/site-packages/airflow/example_dags/tutorial_etl_dag.py for tasks to queue
[2022-07-29 02:54:31,653] {logging_mixin.py:115} INFO - [2022-07-29 02:54:31,653] {dagbag.py:508} INFO - Filling up the DagBag from /home/airflow/.local/lib/python3.7/site-packages/airflow/example_dags/tutorial_etl_dag.py
[2022-07-29 02:54:31,674] {processor.py:651} INFO - DAG(s) dict_keys(['tutorial_etl_dag']) retrieved from /home/airflow/.local/lib/python3.7/site-packages/airflow/example_dags/tutorial_etl_dag.py
[2022-07-29 02:54:31,747] {logging_mixin.py:115} INFO - [2022-07-29 02:54:31,746] {dag.py:2420} INFO - Sync 1 DAGs
[2022-07-29 02:54:31,789] {logging_mixin.py:115} INFO - [2022-07-29 02:54:31,789] {dag.py:2972} INFO - Setting next_dagrun for tutorial_etl_dag to None, run_after=None
[2022-07-29 02:54:31,815] {processor.py:161} INFO - Processing /home/airflow/.local/lib/python3.7/site-packages/airflow/example_dags/tutorial_etl_dag.py took 0.185 seconds
[2022-07-29 02:55:02,329] {processor.py:153} INFO - Started process (PID=5513) to work on /home/airflow/.local/lib/python3.7/site-packages/airflow/example_dags/tutorial_etl_dag.py
[2022-07-29 02:55:02,330] {processor.py:641} INFO - Processing file /home/airflow/.local/lib/python3.7/site-packages/airflow/example_dags/tutorial_etl_dag.py for tasks to queue
[2022-07-29 02:55:02,331] {logging_mixin.py:115} INFO - [2022-07-29 02:55:02,331] {dagbag.py:508} INFO - Filling up the DagBag from /home/airflow/.local/lib/python3.7/site-packages/airflow/example_dags/tutorial_etl_dag.py
[2022-07-29 02:55:02,345] {processor.py:651} INFO - DAG(s) dict_keys(['tutorial_etl_dag']) retrieved from /home/airflow/.local/lib/python3.7/site-packages/airflow/example_dags/tutorial_etl_dag.py
[2022-07-29 02:55:02,393] {logging_mixin.py:115} INFO - [2022-07-29 02:55:02,393] {dag.py:2420} INFO - Sync 1 DAGs
[2022-07-29 02:55:02,436] {logging_mixin.py:115} INFO - [2022-07-29 02:55:02,435] {dag.py:2972} INFO - Setting next_dagrun for tutorial_etl_dag to None, run_after=None
[2022-07-29 02:55:02,459] {processor.py:161} INFO - Processing /home/airflow/.local/lib/python3.7/site-packages/airflow/example_dags/tutorial_etl_dag.py took 0.137 seconds
[2022-07-29 02:55:32,749] {processor.py:153} INFO - Started process (PID=5586) to work on /home/airflow/.local/lib/python3.7/site-packages/airflow/example_dags/tutorial_etl_dag.py
[2022-07-29 02:55:32,750] {processor.py:641} INFO - Processing file /home/airflow/.local/lib/python3.7/site-packages/airflow/example_dags/tutorial_etl_dag.py for tasks to queue
[2022-07-29 02:55:32,750] {logging_mixin.py:115} INFO - [2022-07-29 02:55:32,750] {dagbag.py:508} INFO - Filling up the DagBag from /home/airflow/.local/lib/python3.7/site-packages/airflow/example_dags/tutorial_etl_dag.py
[2022-07-29 02:55:32,764] {processor.py:651} INFO - DAG(s) dict_keys(['tutorial_etl_dag']) retrieved from /home/airflow/.local/lib/python3.7/site-packages/airflow/example_dags/tutorial_etl_dag.py
[2022-07-29 02:55:32,816] {logging_mixin.py:115} INFO - [2022-07-29 02:55:32,816] {dag.py:2420} INFO - Sync 1 DAGs
[2022-07-29 02:55:32,859] {logging_mixin.py:115} INFO - [2022-07-29 02:55:32,859] {dag.py:2972} INFO - Setting next_dagrun for tutorial_etl_dag to None, run_after=None
[2022-07-29 02:55:32,881] {processor.py:161} INFO - Processing /home/airflow/.local/lib/python3.7/site-packages/airflow/example_dags/tutorial_etl_dag.py took 0.140 seconds
[2022-07-29 02:56:03,576] {processor.py:153} INFO - Started process (PID=5657) to work on /home/airflow/.local/lib/python3.7/site-packages/airflow/example_dags/tutorial_etl_dag.py
[2022-07-29 02:56:03,577] {processor.py:641} INFO - Processing file /home/airflow/.local/lib/python3.7/site-packages/airflow/example_dags/tutorial_etl_dag.py for tasks to queue
[2022-07-29 02:56:03,577] {logging_mixin.py:115} INFO - [2022-07-29 02:56:03,577] {dagbag.py:508} INFO - Filling up the DagBag from /home/airflow/.local/lib/python3.7/site-packages/airflow/example_dags/tutorial_etl_dag.py
[2022-07-29 02:56:03,605] {processor.py:651} INFO - DAG(s) dict_keys(['tutorial_etl_dag']) retrieved from /home/airflow/.local/lib/python3.7/site-packages/airflow/example_dags/tutorial_etl_dag.py
[2022-07-29 02:56:03,736] {logging_mixin.py:115} INFO - [2022-07-29 02:56:03,735] {dag.py:2420} INFO - Sync 1 DAGs
[2022-07-29 02:56:03,844] {logging_mixin.py:115} INFO - [2022-07-29 02:56:03,844] {dag.py:2972} INFO - Setting next_dagrun for tutorial_etl_dag to None, run_after=None
[2022-07-29 02:56:03,878] {processor.py:161} INFO - Processing /home/airflow/.local/lib/python3.7/site-packages/airflow/example_dags/tutorial_etl_dag.py took 0.335 seconds
[2022-07-29 02:56:34,040] {processor.py:153} INFO - Started process (PID=5737) to work on /home/airflow/.local/lib/python3.7/site-packages/airflow/example_dags/tutorial_etl_dag.py
[2022-07-29 02:56:34,041] {processor.py:641} INFO - Processing file /home/airflow/.local/lib/python3.7/site-packages/airflow/example_dags/tutorial_etl_dag.py for tasks to queue
[2022-07-29 02:56:34,041] {logging_mixin.py:115} INFO - [2022-07-29 02:56:34,041] {dagbag.py:508} INFO - Filling up the DagBag from /home/airflow/.local/lib/python3.7/site-packages/airflow/example_dags/tutorial_etl_dag.py
[2022-07-29 02:56:34,055] {processor.py:651} INFO - DAG(s) dict_keys(['tutorial_etl_dag']) retrieved from /home/airflow/.local/lib/python3.7/site-packages/airflow/example_dags/tutorial_etl_dag.py
[2022-07-29 02:56:34,103] {logging_mixin.py:115} INFO - [2022-07-29 02:56:34,102] {dag.py:2420} INFO - Sync 1 DAGs
[2022-07-29 02:56:34,147] {logging_mixin.py:115} INFO - [2022-07-29 02:56:34,146] {dag.py:2972} INFO - Setting next_dagrun for tutorial_etl_dag to None, run_after=None
[2022-07-29 02:56:34,167] {processor.py:161} INFO - Processing /home/airflow/.local/lib/python3.7/site-packages/airflow/example_dags/tutorial_etl_dag.py took 0.135 seconds
[2022-07-29 02:57:04,209] {processor.py:153} INFO - Started process (PID=5809) to work on /home/airflow/.local/lib/python3.7/site-packages/airflow/example_dags/tutorial_etl_dag.py
[2022-07-29 02:57:04,210] {processor.py:641} INFO - Processing file /home/airflow/.local/lib/python3.7/site-packages/airflow/example_dags/tutorial_etl_dag.py for tasks to queue
[2022-07-29 02:57:04,210] {logging_mixin.py:115} INFO - [2022-07-29 02:57:04,210] {dagbag.py:508} INFO - Filling up the DagBag from /home/airflow/.local/lib/python3.7/site-packages/airflow/example_dags/tutorial_etl_dag.py
[2022-07-29 02:57:04,221] {processor.py:651} INFO - DAG(s) dict_keys(['tutorial_etl_dag']) retrieved from /home/airflow/.local/lib/python3.7/site-packages/airflow/example_dags/tutorial_etl_dag.py
[2022-07-29 02:57:04,253] {logging_mixin.py:115} INFO - [2022-07-29 02:57:04,253] {dag.py:2420} INFO - Sync 1 DAGs
[2022-07-29 02:57:04,281] {logging_mixin.py:115} INFO - [2022-07-29 02:57:04,281] {dag.py:2972} INFO - Setting next_dagrun for tutorial_etl_dag to None, run_after=None
[2022-07-29 02:57:04,296] {processor.py:161} INFO - Processing /home/airflow/.local/lib/python3.7/site-packages/airflow/example_dags/tutorial_etl_dag.py took 0.092 seconds
[2022-07-29 02:57:34,472] {processor.py:153} INFO - Started process (PID=5882) to work on /home/airflow/.local/lib/python3.7/site-packages/airflow/example_dags/tutorial_etl_dag.py
[2022-07-29 02:57:34,473] {processor.py:641} INFO - Processing file /home/airflow/.local/lib/python3.7/site-packages/airflow/example_dags/tutorial_etl_dag.py for tasks to queue
[2022-07-29 02:57:34,474] {logging_mixin.py:115} INFO - [2022-07-29 02:57:34,474] {dagbag.py:508} INFO - Filling up the DagBag from /home/airflow/.local/lib/python3.7/site-packages/airflow/example_dags/tutorial_etl_dag.py
[2022-07-29 02:57:34,488] {processor.py:651} INFO - DAG(s) dict_keys(['tutorial_etl_dag']) retrieved from /home/airflow/.local/lib/python3.7/site-packages/airflow/example_dags/tutorial_etl_dag.py
[2022-07-29 02:57:34,559] {logging_mixin.py:115} INFO - [2022-07-29 02:57:34,559] {dag.py:2420} INFO - Sync 1 DAGs
[2022-07-29 02:57:34,617] {logging_mixin.py:115} INFO - [2022-07-29 02:57:34,617] {dag.py:2972} INFO - Setting next_dagrun for tutorial_etl_dag to None, run_after=None
[2022-07-29 02:57:34,650] {processor.py:161} INFO - Processing /home/airflow/.local/lib/python3.7/site-packages/airflow/example_dags/tutorial_etl_dag.py took 0.185 seconds
[2022-07-29 02:58:04,696] {processor.py:153} INFO - Started process (PID=5955) to work on /home/airflow/.local/lib/python3.7/site-packages/airflow/example_dags/tutorial_etl_dag.py
[2022-07-29 02:58:04,698] {processor.py:641} INFO - Processing file /home/airflow/.local/lib/python3.7/site-packages/airflow/example_dags/tutorial_etl_dag.py for tasks to queue
[2022-07-29 02:58:04,699] {logging_mixin.py:115} INFO - [2022-07-29 02:58:04,699] {dagbag.py:508} INFO - Filling up the DagBag from /home/airflow/.local/lib/python3.7/site-packages/airflow/example_dags/tutorial_etl_dag.py
[2022-07-29 02:58:04,713] {processor.py:651} INFO - DAG(s) dict_keys(['tutorial_etl_dag']) retrieved from /home/airflow/.local/lib/python3.7/site-packages/airflow/example_dags/tutorial_etl_dag.py
[2022-07-29 02:58:04,776] {logging_mixin.py:115} INFO - [2022-07-29 02:58:04,776] {dag.py:2420} INFO - Sync 1 DAGs
[2022-07-29 02:58:04,821] {logging_mixin.py:115} INFO - [2022-07-29 02:58:04,821] {dag.py:2972} INFO - Setting next_dagrun for tutorial_etl_dag to None, run_after=None
[2022-07-29 02:58:04,855] {processor.py:161} INFO - Processing /home/airflow/.local/lib/python3.7/site-packages/airflow/example_dags/tutorial_etl_dag.py took 0.166 seconds
