[2022-07-25 09:12:55,216] {taskinstance.py:1179} INFO - Dependencies all met for <TaskInstance: dataquality_pipeline_v1.add_upload_date__1 manual__2022-07-25T09:12:48.190901+00:00 [queued]>
[2022-07-25 09:12:55,257] {taskinstance.py:1179} INFO - Dependencies all met for <TaskInstance: dataquality_pipeline_v1.add_upload_date__1 manual__2022-07-25T09:12:48.190901+00:00 [queued]>
[2022-07-25 09:12:55,257] {taskinstance.py:1376} INFO - 
--------------------------------------------------------------------------------
[2022-07-25 09:12:55,257] {taskinstance.py:1377} INFO - Starting attempt 1 of 1
[2022-07-25 09:12:55,257] {taskinstance.py:1378} INFO - 
--------------------------------------------------------------------------------
[2022-07-25 09:12:55,327] {taskinstance.py:1397} INFO - Executing <Task(_PythonDecoratedOperator): add_upload_date__1> on 2022-07-25 09:12:48.190901+00:00
[2022-07-25 09:12:55,376] {standard_task_runner.py:52} INFO - Started process 9846 to run task
[2022-07-25 09:12:55,390] {standard_task_runner.py:79} INFO - Running: ['***', 'tasks', 'run', 'dataquality_pipeline_v1', 'add_upload_date__1', 'manual__2022-07-25T09:12:48.190901+00:00', '--job-id', '89', '--raw', '--subdir', 'DAGS_FOLDER/dataquality_pipeline_v1.py', '--cfg-path', '/tmp/tmpwwfsm8r4', '--error-file', '/tmp/tmp2t61wsat']
[2022-07-25 09:12:55,401] {standard_task_runner.py:80} INFO - Job 89: Subtask add_upload_date__1
[2022-07-25 09:12:55,650] {task_command.py:371} INFO - Running <TaskInstance: dataquality_pipeline_v1.add_upload_date__1 manual__2022-07-25T09:12:48.190901+00:00 [running]> on host d19767594dfa
[2022-07-25 09:12:55,948] {taskinstance.py:1591} INFO - Exporting the following env vars:
AIRFLOW_CTX_DAG_OWNER=***
AIRFLOW_CTX_DAG_ID=dataquality_pipeline_v1
AIRFLOW_CTX_TASK_ID=add_upload_date__1
AIRFLOW_CTX_EXECUTION_DATE=2022-07-25T09:12:48.190901+00:00
AIRFLOW_CTX_TRY_NUMBER=1
AIRFLOW_CTX_DAG_RUN_ID=manual__2022-07-25T09:12:48.190901+00:00
[2022-07-25 09:12:56,569] {python.py:173} INFO - Done. Returned value was: None
[2022-07-25 09:12:56,608] {taskinstance.py:1420} INFO - Marking task as SUCCESS. dag_id=dataquality_pipeline_v1, task_id=add_upload_date__1, execution_date=20220725T091248, start_date=20220725T091255, end_date=20220725T091256
[2022-07-25 09:12:56,688] {local_task_job.py:156} INFO - Task exited with return code 0
[2022-07-25 09:12:56,916] {local_task_job.py:273} INFO - 0 downstream tasks scheduled from follow-on schedule check
