[2022-07-28 09:40:47,122] {taskinstance.py:1179} INFO - Dependencies all met for <TaskInstance: dataquality_pipeline_v4.check_threshold manual__2022-07-28T09:37:55.889580+00:00 [queued]>
[2022-07-28 09:40:47,334] {taskinstance.py:1179} INFO - Dependencies all met for <TaskInstance: dataquality_pipeline_v4.check_threshold manual__2022-07-28T09:37:55.889580+00:00 [queued]>
[2022-07-28 09:40:47,334] {taskinstance.py:1376} INFO - 
--------------------------------------------------------------------------------
[2022-07-28 09:40:47,334] {taskinstance.py:1377} INFO - Starting attempt 1 of 1
[2022-07-28 09:40:47,335] {taskinstance.py:1378} INFO - 
--------------------------------------------------------------------------------
[2022-07-28 09:40:47,660] {taskinstance.py:1397} INFO - Executing <Task(SnowflakeThresholdCheckOperator): check_threshold> on 2022-07-28 09:37:55.889580+00:00
[2022-07-28 09:40:47,783] {standard_task_runner.py:52} INFO - Started process 1032 to run task
[2022-07-28 09:40:47,885] {standard_task_runner.py:79} INFO - Running: ['***', 'tasks', 'run', 'dataquality_pipeline_v4', 'check_threshold', 'manual__2022-07-28T09:37:55.889580+00:00', '--job-id', '194', '--raw', '--subdir', 'DAGS_FOLDER/dataquality_pipeline_v4.py', '--cfg-path', '/tmp/tmpc9nym0j7', '--error-file', '/tmp/tmpb7e0ws1m']
[2022-07-28 09:40:47,908] {standard_task_runner.py:80} INFO - Job 194: Subtask check_threshold
[2022-07-28 09:40:48,881] {task_command.py:371} INFO - Running <TaskInstance: dataquality_pipeline_v4.check_threshold manual__2022-07-28T09:37:55.889580+00:00 [running]> on host 2c2de32fb47f
[2022-07-28 09:40:50,749] {taskinstance.py:1591} INFO - Exporting the following env vars:
AIRFLOW_CTX_DAG_EMAIL=abin404@yopmail.com
AIRFLOW_CTX_DAG_OWNER=***
AIRFLOW_CTX_DAG_ID=dataquality_pipeline_v4
AIRFLOW_CTX_TASK_ID=check_threshold
AIRFLOW_CTX_EXECUTION_DATE=2022-07-28T09:37:55.889580+00:00
AIRFLOW_CTX_TRY_NUMBER=1
AIRFLOW_CTX_DAG_RUN_ID=manual__2022-07-28T09:37:55.889580+00:00
[2022-07-28 09:40:50,968] {base.py:68} INFO - Using connection ID 'my_snowflake_conn' for task execution.
[2022-07-28 09:40:51,246] {connection.py:262} INFO - Snowflake Connector for Python Version: 2.7.9, Python Version: 3.7.13, Platform: Linux-5.15.0-1014-azure-x86_64-with-debian-11.4
[2022-07-28 09:40:51,272] {connection.py:877} INFO - This connection is in OCSP Fail Open Mode. TLS Certificates would be checked for validity and revocation status. Any other Certificate Revocation related exceptions or OCSP Responder failures would be disregarded in favor of connectivity.
[2022-07-28 09:40:51,272] {connection.py:894} INFO - Setting use_openssl_only mode to False
[2022-07-28 09:40:56,769] {cursor.py:710} INFO - query: [SELECT MAX(passenger_count) FROM YELLOW_TRIPDATA;]
[2022-07-28 09:40:57,070] {cursor.py:734} INFO - query execution done
[2022-07-28 09:40:57,071] {connection.py:507} INFO - closed
[2022-07-28 09:40:57,320] {connection.py:510} INFO - No async queries seem to be running, deleting session
[2022-07-28 09:40:57,607] {sql.py:467} INFO - Log from dataquality_pipeline_v4:
result: 6
task_id: check_threshold
min_threshold: 1.0
max_threshold: 8.0
within_threshold: True
[2022-07-28 09:40:57,607] {sql.py:459} INFO - Test check_threshold Successful.
[2022-07-28 09:40:57,817] {taskinstance.py:1420} INFO - Marking task as SUCCESS. dag_id=dataquality_pipeline_v4, task_id=check_threshold, execution_date=20220728T093755, start_date=20220728T094047, end_date=20220728T094057
[2022-07-28 09:40:58,060] {local_task_job.py:156} INFO - Task exited with return code 0
[2022-07-28 09:40:58,288] {local_task_job.py:273} INFO - 0 downstream tasks scheduled from follow-on schedule check
