[2022-07-28 09:38:15,527] {taskinstance.py:1179} INFO - Dependencies all met for <TaskInstance: dataquality_pipeline_v4.upload_to_s3_2020-04 manual__2022-07-28T09:37:55.889580+00:00 [queued]>
[2022-07-28 09:38:15,652] {taskinstance.py:1179} INFO - Dependencies all met for <TaskInstance: dataquality_pipeline_v4.upload_to_s3_2020-04 manual__2022-07-28T09:37:55.889580+00:00 [queued]>
[2022-07-28 09:38:15,653] {taskinstance.py:1376} INFO - 
--------------------------------------------------------------------------------
[2022-07-28 09:38:15,653] {taskinstance.py:1377} INFO - Starting attempt 1 of 1
[2022-07-28 09:38:15,653] {taskinstance.py:1378} INFO - 
--------------------------------------------------------------------------------
[2022-07-28 09:38:15,820] {taskinstance.py:1397} INFO - Executing <Task(LocalFilesystemToS3Operator): upload_to_s3_2020-04> on 2022-07-28 09:37:55.889580+00:00
[2022-07-28 09:38:15,878] {standard_task_runner.py:52} INFO - Started process 906 to run task
[2022-07-28 09:38:15,907] {standard_task_runner.py:79} INFO - Running: ['***', 'tasks', 'run', 'dataquality_pipeline_v4', 'upload_to_s3_2020-04', 'manual__2022-07-28T09:37:55.889580+00:00', '--job-id', '184', '--raw', '--subdir', 'DAGS_FOLDER/dataquality_pipeline_v4.py', '--cfg-path', '/tmp/tmp34ycki92', '--error-file', '/tmp/tmpcgbiy2b6']
[2022-07-28 09:38:15,922] {standard_task_runner.py:80} INFO - Job 184: Subtask upload_to_s3_2020-04
[2022-07-28 09:38:16,497] {task_command.py:371} INFO - Running <TaskInstance: dataquality_pipeline_v4.upload_to_s3_2020-04 manual__2022-07-28T09:37:55.889580+00:00 [running]> on host 2c2de32fb47f
[2022-07-28 09:38:17,063] {taskinstance.py:1591} INFO - Exporting the following env vars:
AIRFLOW_CTX_DAG_EMAIL=abin404@yopmail.com
AIRFLOW_CTX_DAG_OWNER=***
AIRFLOW_CTX_DAG_ID=dataquality_pipeline_v4
AIRFLOW_CTX_TASK_ID=upload_to_s3_2020-04
AIRFLOW_CTX_EXECUTION_DATE=2022-07-28T09:37:55.889580+00:00
AIRFLOW_CTX_TRY_NUMBER=1
AIRFLOW_CTX_DAG_RUN_ID=manual__2022-07-28T09:37:55.889580+00:00
[2022-07-28 09:38:17,163] {base.py:68} INFO - Using connection ID 'aws-conn' for task execution.
[2022-07-28 09:38:17,164] {base_aws.py:206} INFO - Credentials retrieved from login
[2022-07-28 09:38:19,793] {taskinstance.py:1420} INFO - Marking task as SUCCESS. dag_id=dataquality_pipeline_v4, task_id=upload_to_s3_2020-04, execution_date=20220728T093755, start_date=20220728T093815, end_date=20220728T093819
[2022-07-28 09:38:19,865] {local_task_job.py:156} INFO - Task exited with return code 0
[2022-07-28 09:38:20,075] {local_task_job.py:273} INFO - 1 downstream tasks scheduled from follow-on schedule check
