[2022-07-24 08:28:39,760] {taskinstance.py:1179} INFO - Dependencies all met for <TaskInstance: dataquality_pipeline_v1.add_upload_date manual__2022-07-24T08:28:26.866413+00:00 [queued]>
[2022-07-24 08:28:39,794] {taskinstance.py:1179} INFO - Dependencies all met for <TaskInstance: dataquality_pipeline_v1.add_upload_date manual__2022-07-24T08:28:26.866413+00:00 [queued]>
[2022-07-24 08:28:39,794] {taskinstance.py:1376} INFO - 
--------------------------------------------------------------------------------
[2022-07-24 08:28:39,794] {taskinstance.py:1377} INFO - Starting attempt 1 of 1
[2022-07-24 08:28:39,795] {taskinstance.py:1378} INFO - 
--------------------------------------------------------------------------------
[2022-07-24 08:28:39,852] {taskinstance.py:1397} INFO - Executing <Task(_PythonDecoratedOperator): add_upload_date> on 2022-07-24 08:28:26.866413+00:00
[2022-07-24 08:28:39,878] {standard_task_runner.py:52} INFO - Started process 8078 to run task
[2022-07-24 08:28:39,903] {standard_task_runner.py:79} INFO - Running: ['***', 'tasks', 'run', 'dataquality_pipeline_v1', 'add_upload_date', 'manual__2022-07-24T08:28:26.866413+00:00', '--job-id', '72', '--raw', '--subdir', 'DAGS_FOLDER/dataquality_pipeline_v1.py', '--cfg-path', '/tmp/tmpwtg3cj5g', '--error-file', '/tmp/tmp72vswm_y']
[2022-07-24 08:28:39,909] {standard_task_runner.py:80} INFO - Job 72: Subtask add_upload_date
[2022-07-24 08:28:40,190] {task_command.py:371} INFO - Running <TaskInstance: dataquality_pipeline_v1.add_upload_date manual__2022-07-24T08:28:26.866413+00:00 [running]> on host d19767594dfa
[2022-07-24 08:28:40,633] {taskinstance.py:1591} INFO - Exporting the following env vars:
AIRFLOW_CTX_DAG_OWNER=***
AIRFLOW_CTX_DAG_ID=dataquality_pipeline_v1
AIRFLOW_CTX_TASK_ID=add_upload_date
AIRFLOW_CTX_EXECUTION_DATE=2022-07-24T08:28:26.866413+00:00
AIRFLOW_CTX_TRY_NUMBER=1
AIRFLOW_CTX_DAG_RUN_ID=manual__2022-07-24T08:28:26.866413+00:00
[2022-07-24 08:28:41,564] {python.py:173} INFO - Done. Returned value was: None
[2022-07-24 08:28:41,633] {taskinstance.py:1420} INFO - Marking task as SUCCESS. dag_id=dataquality_pipeline_v1, task_id=add_upload_date, execution_date=20220724T082826, start_date=20220724T082839, end_date=20220724T082841
[2022-07-24 08:28:41,744] {local_task_job.py:156} INFO - Task exited with return code 0
[2022-07-24 08:28:42,036] {local_task_job.py:273} INFO - 0 downstream tasks scheduled from follow-on schedule check
