[2022-07-26 09:32:20,970] {taskinstance.py:1179} INFO - Dependencies all met for <TaskInstance: dataquality_pipeline_v1.check_threshold manual__2022-07-26T09:31:20.211065+00:00 [queued]>
[2022-07-26 09:32:21,003] {taskinstance.py:1179} INFO - Dependencies all met for <TaskInstance: dataquality_pipeline_v1.check_threshold manual__2022-07-26T09:31:20.211065+00:00 [queued]>
[2022-07-26 09:32:21,003] {taskinstance.py:1376} INFO - 
--------------------------------------------------------------------------------
[2022-07-26 09:32:21,003] {taskinstance.py:1377} INFO - Starting attempt 1 of 1
[2022-07-26 09:32:21,003] {taskinstance.py:1378} INFO - 
--------------------------------------------------------------------------------
[2022-07-26 09:32:21,087] {taskinstance.py:1397} INFO - Executing <Task(SnowflakeThresholdCheckOperator): check_threshold> on 2022-07-26 09:31:20.211065+00:00
[2022-07-26 09:32:21,113] {standard_task_runner.py:52} INFO - Started process 1600 to run task
[2022-07-26 09:32:21,170] {standard_task_runner.py:79} INFO - Running: ['***', 'tasks', 'run', 'dataquality_pipeline_v1', 'check_threshold', 'manual__2022-07-26T09:31:20.211065+00:00', '--job-id', '115', '--raw', '--subdir', 'DAGS_FOLDER/dataquality_pipeline_v1.py', '--cfg-path', '/tmp/tmpk7s_f06b', '--error-file', '/tmp/tmp50ak8bx2']
[2022-07-26 09:32:21,174] {standard_task_runner.py:80} INFO - Job 115: Subtask check_threshold
[2022-07-26 09:32:21,576] {task_command.py:371} INFO - Running <TaskInstance: dataquality_pipeline_v1.check_threshold manual__2022-07-26T09:31:20.211065+00:00 [running]> on host d19767594dfa
[2022-07-26 09:32:22,312] {taskinstance.py:1591} INFO - Exporting the following env vars:
AIRFLOW_CTX_DAG_OWNER=***
AIRFLOW_CTX_DAG_ID=dataquality_pipeline_v1
AIRFLOW_CTX_TASK_ID=check_threshold
AIRFLOW_CTX_EXECUTION_DATE=2022-07-26T09:31:20.211065+00:00
AIRFLOW_CTX_TRY_NUMBER=1
AIRFLOW_CTX_DAG_RUN_ID=manual__2022-07-26T09:31:20.211065+00:00
[2022-07-26 09:32:22,393] {base.py:68} INFO - Using connection ID 'my_snowflake_conn' for task execution.
[2022-07-26 09:32:22,505] {connection.py:262} INFO - Snowflake Connector for Python Version: 2.7.9, Python Version: 3.7.13, Platform: Linux-5.15.0-1014-azure-x86_64-with-debian-11.4
[2022-07-26 09:32:22,506] {connection.py:877} INFO - This connection is in OCSP Fail Open Mode. TLS Certificates would be checked for validity and revocation status. Any other Certificate Revocation related exceptions or OCSP Responder failures would be disregarded in favor of connectivity.
[2022-07-26 09:32:22,534] {connection.py:894} INFO - Setting use_openssl_only mode to False
[2022-07-26 09:32:30,140] {cursor.py:710} INFO - query: [SELECT MAX(passenger_count) FROM YELLOW_TRIPDATA;]
[2022-07-26 09:32:30,502] {cursor.py:734} INFO - query execution done
[2022-07-26 09:32:30,567] {connection.py:507} INFO - closed
[2022-07-26 09:32:30,811] {connection.py:510} INFO - No async queries seem to be running, deleting session
[2022-07-26 09:32:31,079] {sql.py:467} INFO - Log from dataquality_pipeline_v1:
result: 6
task_id: check_threshold
min_threshold: 1.0
max_threshold: 8.0
within_threshold: True
[2022-07-26 09:32:31,080] {sql.py:459} INFO - Test check_threshold Successful.
[2022-07-26 09:32:31,376] {taskinstance.py:1420} INFO - Marking task as SUCCESS. dag_id=dataquality_pipeline_v1, task_id=check_threshold, execution_date=20220726T093120, start_date=20220726T093220, end_date=20220726T093231
[2022-07-26 09:32:32,015] {local_task_job.py:221} WARNING - State of this instance has been externally set to success. Terminating instance.
[2022-07-26 09:32:32,049] {process_utils.py:129} INFO - Sending Signals.SIGTERM to group 1600. PIDs of all processes in the group: [1600]
[2022-07-26 09:32:32,049] {process_utils.py:80} INFO - Sending the signal Signals.SIGTERM to group 1600
[2022-07-26 09:32:32,123] {process_utils.py:75} INFO - Process psutil.Process(pid=1600, status='terminated', exitcode=0, started='09:32:20') (1600) terminated with exit code 0
