[2022-07-28 13:57:49,430] {taskinstance.py:1179} INFO - Dependencies all met for <TaskInstance: dataquality_pipeline_v5.add_upload_date manual__2022-07-28T13:57:40.027582+00:00 [queued]>
[2022-07-28 13:57:49,497] {taskinstance.py:1179} INFO - Dependencies all met for <TaskInstance: dataquality_pipeline_v5.add_upload_date manual__2022-07-28T13:57:40.027582+00:00 [queued]>
[2022-07-28 13:57:49,497] {taskinstance.py:1376} INFO - 
--------------------------------------------------------------------------------
[2022-07-28 13:57:49,498] {taskinstance.py:1377} INFO - Starting attempt 1 of 1
[2022-07-28 13:57:49,498] {taskinstance.py:1378} INFO - 
--------------------------------------------------------------------------------
[2022-07-28 13:57:49,613] {taskinstance.py:1397} INFO - Executing <Task(_PythonDecoratedOperator): add_upload_date> on 2022-07-28 13:57:40.027582+00:00
[2022-07-28 13:57:49,635] {standard_task_runner.py:52} INFO - Started process 11242 to run task
[2022-07-28 13:57:49,671] {standard_task_runner.py:79} INFO - Running: ['***', 'tasks', 'run', 'dataquality_pipeline_v5', 'add_upload_date', 'manual__2022-07-28T13:57:40.027582+00:00', '--job-id', '219', '--raw', '--subdir', 'DAGS_FOLDER/dataquality_pipeline_v5.py', '--cfg-path', '/tmp/tmppaadn_mo', '--error-file', '/tmp/tmpa376iwfk']
[2022-07-28 13:57:49,692] {standard_task_runner.py:80} INFO - Job 219: Subtask add_upload_date
[2022-07-28 13:57:49,994] {task_command.py:371} INFO - Running <TaskInstance: dataquality_pipeline_v5.add_upload_date manual__2022-07-28T13:57:40.027582+00:00 [running]> on host 2c2de32fb47f
[2022-07-28 13:57:50,499] {taskinstance.py:1591} INFO - Exporting the following env vars:
AIRFLOW_CTX_DAG_EMAIL=abin404@yopmail.com
AIRFLOW_CTX_DAG_OWNER=***
AIRFLOW_CTX_DAG_ID=dataquality_pipeline_v5
AIRFLOW_CTX_TASK_ID=add_upload_date
AIRFLOW_CTX_EXECUTION_DATE=2022-07-28T13:57:40.027582+00:00
AIRFLOW_CTX_TRY_NUMBER=1
AIRFLOW_CTX_DAG_RUN_ID=manual__2022-07-28T13:57:40.027582+00:00
[2022-07-28 13:57:51,353] {python.py:173} INFO - Done. Returned value was: None
[2022-07-28 13:57:51,554] {taskinstance.py:1420} INFO - Marking task as SUCCESS. dag_id=dataquality_pipeline_v5, task_id=add_upload_date, execution_date=20220728T135740, start_date=20220728T135749, end_date=20220728T135751
[2022-07-28 13:57:51,684] {local_task_job.py:156} INFO - Task exited with return code 0
[2022-07-28 13:57:52,283] {local_task_job.py:273} INFO - 0 downstream tasks scheduled from follow-on schedule check
