[2022-07-27 19:45:53,253] {taskinstance.py:1179} INFO - Dependencies all met for <TaskInstance: dataquality_pipeline_v3.row_quality_checks.date_check manual__2022-07-27T19:44:56.114008+00:00 [queued]>
[2022-07-27 19:45:53,386] {taskinstance.py:1179} INFO - Dependencies all met for <TaskInstance: dataquality_pipeline_v3.row_quality_checks.date_check manual__2022-07-27T19:44:56.114008+00:00 [queued]>
[2022-07-27 19:45:53,386] {taskinstance.py:1376} INFO - 
--------------------------------------------------------------------------------
[2022-07-27 19:45:53,386] {taskinstance.py:1377} INFO - Starting attempt 1 of 1
[2022-07-27 19:45:53,387] {taskinstance.py:1378} INFO - 
--------------------------------------------------------------------------------
[2022-07-27 19:45:53,591] {taskinstance.py:1397} INFO - Executing <Task(SnowflakeCheckOperator): row_quality_checks.date_check> on 2022-07-27 19:44:56.114008+00:00
[2022-07-27 19:45:53,645] {standard_task_runner.py:52} INFO - Started process 10638 to run task
[2022-07-27 19:45:53,689] {standard_task_runner.py:79} INFO - Running: ['***', 'tasks', 'run', 'dataquality_pipeline_v3', 'row_quality_checks.date_check', 'manual__2022-07-27T19:44:56.114008+00:00', '--job-id', '176', '--raw', '--subdir', 'DAGS_FOLDER/dataquality_pipeline_v3.py', '--cfg-path', '/tmp/tmp1b2jpy1_', '--error-file', '/tmp/tmpusbofz63']
[2022-07-27 19:45:53,710] {standard_task_runner.py:80} INFO - Job 176: Subtask row_quality_checks.date_check
[2022-07-27 19:45:54,675] {task_command.py:371} INFO - Running <TaskInstance: dataquality_pipeline_v3.row_quality_checks.date_check manual__2022-07-27T19:44:56.114008+00:00 [running]> on host 2c2de32fb47f
[2022-07-27 19:45:55,628] {taskinstance.py:1591} INFO - Exporting the following env vars:
AIRFLOW_CTX_DAG_EMAIL=abin404@yopmail.com
AIRFLOW_CTX_DAG_OWNER=***
AIRFLOW_CTX_DAG_ID=dataquality_pipeline_v3
AIRFLOW_CTX_TASK_ID=row_quality_checks.date_check
AIRFLOW_CTX_EXECUTION_DATE=2022-07-27T19:44:56.114008+00:00
AIRFLOW_CTX_TRY_NUMBER=1
AIRFLOW_CTX_DAG_RUN_ID=manual__2022-07-27T19:44:56.114008+00:00
[2022-07-27 19:45:55,629] {sql.py:139} INFO - Executing SQL check: -- Template to check various columns in the yellow tripdata data set.
SELECT MIN(date_check)
FROM(
  SELECT
    CASE WHEN dropoff_datetime > pickup_datetime THEN 1 ELSE 0 END AS date_check
  FROM YELLOW_TRIPDATA
)
[2022-07-27 19:45:55,714] {base.py:68} INFO - Using connection ID 'snowflake_default' for task execution.
[2022-07-27 19:45:55,758] {connection.py:262} INFO - Snowflake Connector for Python Version: 2.7.9, Python Version: 3.7.13, Platform: Linux-5.15.0-1014-azure-x86_64-with-debian-11.4
[2022-07-27 19:45:55,776] {connection.py:877} INFO - This connection is in OCSP Fail Open Mode. TLS Certificates would be checked for validity and revocation status. Any other Certificate Revocation related exceptions or OCSP Responder failures would be disregarded in favor of connectivity.
[2022-07-27 19:45:55,776] {connection.py:894} INFO - Setting use_openssl_only mode to False
[2022-07-27 19:46:01,331] {cursor.py:710} INFO - query: [-- Template to check various columns in the yellow tripdata data set. SELECT MIN...]
[2022-07-27 19:46:01,820] {cursor.py:734} INFO - query execution done
[2022-07-27 19:46:01,821] {connection.py:507} INFO - closed
[2022-07-27 19:46:02,051] {connection.py:510} INFO - No async queries seem to be running, deleting session
[2022-07-27 19:46:02,305] {sql.py:142} INFO - Record: (1,)
[2022-07-27 19:46:02,306] {sql.py:148} INFO - Success.
[2022-07-27 19:46:02,403] {taskinstance.py:1420} INFO - Marking task as SUCCESS. dag_id=dataquality_pipeline_v3, task_id=row_quality_checks.date_check, execution_date=20220727T194456, start_date=20220727T194553, end_date=20220727T194602
[2022-07-27 19:46:02,487] {local_task_job.py:156} INFO - Task exited with return code 0
[2022-07-27 19:46:02,732] {local_task_job.py:273} INFO - 0 downstream tasks scheduled from follow-on schedule check
