[2022-07-28 09:52:37,033] {taskinstance.py:1179} INFO - Dependencies all met for <TaskInstance: dataquality_pipeline_v4.send_email_notification manual__2022-07-28T09:51:01.397439+00:00 [queued]>
[2022-07-28 09:52:37,060] {taskinstance.py:1179} INFO - Dependencies all met for <TaskInstance: dataquality_pipeline_v4.send_email_notification manual__2022-07-28T09:51:01.397439+00:00 [queued]>
[2022-07-28 09:52:37,061] {taskinstance.py:1376} INFO - 
--------------------------------------------------------------------------------
[2022-07-28 09:52:37,061] {taskinstance.py:1377} INFO - Starting attempt 1 of 1
[2022-07-28 09:52:37,061] {taskinstance.py:1378} INFO - 
--------------------------------------------------------------------------------
[2022-07-28 09:52:37,098] {taskinstance.py:1397} INFO - Executing <Task(EmailOperator): send_email_notification> on 2022-07-28 09:51:01.397439+00:00
[2022-07-28 09:52:37,112] {standard_task_runner.py:52} INFO - Started process 1557 to run task
[2022-07-28 09:52:37,115] {standard_task_runner.py:79} INFO - Running: ['***', 'tasks', 'run', 'dataquality_pipeline_v4', 'send_email_notification', 'manual__2022-07-28T09:51:01.397439+00:00', '--job-id', '214', '--raw', '--subdir', 'DAGS_FOLDER/dataquality_pipeline_v4.py', '--cfg-path', '/tmp/tmpoj5balpx', '--error-file', '/tmp/tmpjwt7e79y']
[2022-07-28 09:52:37,123] {standard_task_runner.py:80} INFO - Job 214: Subtask send_email_notification
[2022-07-28 09:52:37,283] {task_command.py:371} INFO - Running <TaskInstance: dataquality_pipeline_v4.send_email_notification manual__2022-07-28T09:51:01.397439+00:00 [running]> on host 2c2de32fb47f
[2022-07-28 09:52:37,481] {taskinstance.py:1591} INFO - Exporting the following env vars:
AIRFLOW_CTX_DAG_EMAIL=abin404@yopmail.com
AIRFLOW_CTX_DAG_OWNER=***
AIRFLOW_CTX_DAG_ID=dataquality_pipeline_v4
AIRFLOW_CTX_TASK_ID=send_email_notification
AIRFLOW_CTX_EXECUTION_DATE=2022-07-28T09:51:01.397439+00:00
AIRFLOW_CTX_TRY_NUMBER=1
AIRFLOW_CTX_DAG_RUN_ID=manual__2022-07-28T09:51:01.397439+00:00
[2022-07-28 09:52:37,512] {warnings.py:110} WARNING - /home/***/.local/lib/python3.7/site-packages/***/utils/email.py:119: PendingDeprecationWarning: Fetching SMTP credentials from configuration variables will be deprecated in a future release. Please set credentials using a connection instead.
  send_mime_email(e_from=mail_from, e_to=recipients, mime_msg=msg, conn_id=conn_id, dryrun=dryrun)

[2022-07-28 09:52:37,512] {email.py:228} INFO - Email alerting: attempt 1
[2022-07-28 09:52:38,087] {email.py:240} INFO - Sent an alert email to ['abin404@yopmail.com']
[2022-07-28 09:52:39,285] {taskinstance.py:1420} INFO - Marking task as SUCCESS. dag_id=dataquality_pipeline_v4, task_id=send_email_notification, execution_date=20220728T095101, start_date=20220728T095237, end_date=20220728T095239
[2022-07-28 09:52:39,358] {local_task_job.py:156} INFO - Task exited with return code 0
[2022-07-28 09:52:39,664] {local_task_job.py:273} INFO - 1 downstream tasks scheduled from follow-on schedule check
