[2022-07-28 09:52:07,323] {taskinstance.py:1179} INFO - Dependencies all met for <TaskInstance: dataquality_pipeline_v4.check_interval_data manual__2022-07-28T09:51:01.397439+00:00 [queued]>
[2022-07-28 09:52:07,448] {taskinstance.py:1179} INFO - Dependencies all met for <TaskInstance: dataquality_pipeline_v4.check_interval_data manual__2022-07-28T09:51:01.397439+00:00 [queued]>
[2022-07-28 09:52:07,448] {taskinstance.py:1376} INFO - 
--------------------------------------------------------------------------------
[2022-07-28 09:52:07,448] {taskinstance.py:1377} INFO - Starting attempt 1 of 1
[2022-07-28 09:52:07,448] {taskinstance.py:1378} INFO - 
--------------------------------------------------------------------------------
[2022-07-28 09:52:07,653] {taskinstance.py:1397} INFO - Executing <Task(SnowflakeIntervalCheckOperator): check_interval_data> on 2022-07-28 09:51:01.397439+00:00
[2022-07-28 09:52:07,683] {standard_task_runner.py:52} INFO - Started process 1521 to run task
[2022-07-28 09:52:07,771] {standard_task_runner.py:79} INFO - Running: ['***', 'tasks', 'run', 'dataquality_pipeline_v4', 'check_interval_data', 'manual__2022-07-28T09:51:01.397439+00:00', '--job-id', '206', '--raw', '--subdir', 'DAGS_FOLDER/dataquality_pipeline_v4.py', '--cfg-path', '/tmp/tmpgpykzbmq', '--error-file', '/tmp/tmperwh5w6o']
[2022-07-28 09:52:07,852] {standard_task_runner.py:80} INFO - Job 206: Subtask check_interval_data
[2022-07-28 09:52:08,673] {task_command.py:371} INFO - Running <TaskInstance: dataquality_pipeline_v4.check_interval_data manual__2022-07-28T09:51:01.397439+00:00 [running]> on host 2c2de32fb47f
[2022-07-28 09:52:11,106] {taskinstance.py:1591} INFO - Exporting the following env vars:
AIRFLOW_CTX_DAG_EMAIL=abin404@yopmail.com
AIRFLOW_CTX_DAG_OWNER=***
AIRFLOW_CTX_DAG_ID=dataquality_pipeline_v4
AIRFLOW_CTX_TASK_ID=check_interval_data
AIRFLOW_CTX_EXECUTION_DATE=2022-07-28T09:51:01.397439+00:00
AIRFLOW_CTX_TRY_NUMBER=1
AIRFLOW_CTX_DAG_RUN_ID=manual__2022-07-28T09:51:01.397439+00:00
[2022-07-28 09:52:11,142] {sql.py:327} INFO - Using ratio formula: max_over_min
[2022-07-28 09:52:11,143] {sql.py:328} INFO - Executing SQL check: SELECT AVG(trip_distance) FROM YELLOW_TRIPDATA WHERE upload_date='2022-07-27'
[2022-07-28 09:52:11,274] {base.py:68} INFO - Using connection ID 'snowflake_default' for task execution.
[2022-07-28 09:52:11,373] {connection.py:262} INFO - Snowflake Connector for Python Version: 2.7.9, Python Version: 3.7.13, Platform: Linux-5.15.0-1014-azure-x86_64-with-debian-11.4
[2022-07-28 09:52:11,374] {connection.py:877} INFO - This connection is in OCSP Fail Open Mode. TLS Certificates would be checked for validity and revocation status. Any other Certificate Revocation related exceptions or OCSP Responder failures would be disregarded in favor of connectivity.
[2022-07-28 09:52:11,374] {connection.py:894} INFO - Setting use_openssl_only mode to False
[2022-07-28 09:52:18,129] {cursor.py:710} INFO - query: [SELECT AVG(trip_distance) FROM YELLOW_TRIPDATA WHERE upload_date='2022-07-27']
[2022-07-28 09:52:18,494] {cursor.py:734} INFO - query execution done
[2022-07-28 09:52:18,495] {connection.py:507} INFO - closed
[2022-07-28 09:52:18,838] {connection.py:510} INFO - No async queries seem to be running, deleting session
[2022-07-28 09:52:19,124] {sql.py:330} INFO - Executing SQL check: SELECT AVG(trip_distance) FROM YELLOW_TRIPDATA WHERE upload_date='2022-07-28'
[2022-07-28 09:52:19,164] {base.py:68} INFO - Using connection ID 'snowflake_default' for task execution.
[2022-07-28 09:52:19,195] {connection.py:262} INFO - Snowflake Connector for Python Version: 2.7.9, Python Version: 3.7.13, Platform: Linux-5.15.0-1014-azure-x86_64-with-debian-11.4
[2022-07-28 09:52:19,226] {connection.py:877} INFO - This connection is in OCSP Fail Open Mode. TLS Certificates would be checked for validity and revocation status. Any other Certificate Revocation related exceptions or OCSP Responder failures would be disregarded in favor of connectivity.
[2022-07-28 09:52:20,487] {cursor.py:710} INFO - query: [SELECT AVG(trip_distance) FROM YELLOW_TRIPDATA WHERE upload_date='2022-07-28']
[2022-07-28 09:52:20,875] {cursor.py:734} INFO - query execution done
[2022-07-28 09:52:20,876] {connection.py:507} INFO - closed
[2022-07-28 09:52:21,153] {connection.py:510} INFO - No async queries seem to be running, deleting session
[2022-07-28 09:52:21,423] {sql.py:368} INFO - Current metric for AVG(trip_distance): 2.4432451224574514
Past metric for AVG(trip_distance): 2.3544217970049917
Ratio for AVG(trip_distance): 1.0377261736046828
Threshold: 1.5

[2022-07-28 09:52:21,428] {sql.py:387} INFO - All tests have passed
[2022-07-28 09:52:21,489] {taskinstance.py:1420} INFO - Marking task as SUCCESS. dag_id=dataquality_pipeline_v4, task_id=check_interval_data, execution_date=20220728T095101, start_date=20220728T095207, end_date=20220728T095221
[2022-07-28 09:52:21,595] {local_task_job.py:156} INFO - Task exited with return code 0
[2022-07-28 09:52:21,840] {local_task_job.py:273} INFO - 1 downstream tasks scheduled from follow-on schedule check
