[2022-07-26 09:32:21,355] {taskinstance.py:1179} INFO - Dependencies all met for <TaskInstance: dataquality_pipeline_v1.check_row_count manual__2022-07-26T09:31:20.211065+00:00 [queued]>
[2022-07-26 09:32:21,413] {taskinstance.py:1179} INFO - Dependencies all met for <TaskInstance: dataquality_pipeline_v1.check_row_count manual__2022-07-26T09:31:20.211065+00:00 [queued]>
[2022-07-26 09:32:21,413] {taskinstance.py:1376} INFO - 
--------------------------------------------------------------------------------
[2022-07-26 09:32:21,413] {taskinstance.py:1377} INFO - Starting attempt 1 of 1
[2022-07-26 09:32:21,413] {taskinstance.py:1378} INFO - 
--------------------------------------------------------------------------------
[2022-07-26 09:32:21,688] {taskinstance.py:1397} INFO - Executing <Task(SnowflakeValueCheckOperator): check_row_count> on 2022-07-26 09:31:20.211065+00:00
[2022-07-26 09:32:21,763] {standard_task_runner.py:52} INFO - Started process 1602 to run task
[2022-07-26 09:32:21,813] {standard_task_runner.py:79} INFO - Running: ['***', 'tasks', 'run', 'dataquality_pipeline_v1', 'check_row_count', 'manual__2022-07-26T09:31:20.211065+00:00', '--job-id', '117', '--raw', '--subdir', 'DAGS_FOLDER/dataquality_pipeline_v1.py', '--cfg-path', '/tmp/tmpy2ae9g24', '--error-file', '/tmp/tmpadjxgey9']
[2022-07-26 09:32:21,824] {standard_task_runner.py:80} INFO - Job 117: Subtask check_row_count
[2022-07-26 09:32:22,494] {task_command.py:371} INFO - Running <TaskInstance: dataquality_pipeline_v1.check_row_count manual__2022-07-26T09:31:20.211065+00:00 [running]> on host d19767594dfa
[2022-07-26 09:32:23,788] {taskinstance.py:1591} INFO - Exporting the following env vars:
AIRFLOW_CTX_DAG_OWNER=***
AIRFLOW_CTX_DAG_ID=dataquality_pipeline_v1
AIRFLOW_CTX_TASK_ID=check_row_count
AIRFLOW_CTX_EXECUTION_DATE=2022-07-26T09:31:20.211065+00:00
AIRFLOW_CTX_TRY_NUMBER=1
AIRFLOW_CTX_DAG_RUN_ID=manual__2022-07-26T09:31:20.211065+00:00
[2022-07-26 09:32:23,790] {sql.py:204} INFO - Executing SQL check: SELECT COUNT(*) FROM YELLOW_TRIPDATA;
[2022-07-26 09:32:23,880] {base.py:68} INFO - Using connection ID 'snowflake_default' for task execution.
[2022-07-26 09:32:23,970] {connection.py:262} INFO - Snowflake Connector for Python Version: 2.7.9, Python Version: 3.7.13, Platform: Linux-5.15.0-1014-azure-x86_64-with-debian-11.4
[2022-07-26 09:32:24,019] {connection.py:877} INFO - This connection is in OCSP Fail Open Mode. TLS Certificates would be checked for validity and revocation status. Any other Certificate Revocation related exceptions or OCSP Responder failures would be disregarded in favor of connectivity.
[2022-07-26 09:32:24,019] {connection.py:894} INFO - Setting use_openssl_only mode to False
[2022-07-26 09:32:33,473] {cursor.py:710} INFO - query: [SELECT COUNT(*) FROM YELLOW_TRIPDATA;]
[2022-07-26 09:32:33,836] {cursor.py:734} INFO - query execution done
[2022-07-26 09:32:33,838] {connection.py:507} INFO - closed
[2022-07-26 09:32:34,070] {connection.py:510} INFO - No async queries seem to be running, deleting session
[2022-07-26 09:32:34,585] {taskinstance.py:1909} ERROR - Task failed with exception
Traceback (most recent call last):
  File "/home/airflow/.local/lib/python3.7/site-packages/airflow/operators/sql.py", line 237, in execute
    raise AirflowException(error_msg)
airflow.exceptions.AirflowException: Test failed.
Pass value:20000.0
Tolerance:None
Query:
SELECT COUNT(*) FROM YELLOW_TRIPDATA;
Results:
(40000,)
[2022-07-26 09:32:34,609] {taskinstance.py:1420} INFO - Marking task as FAILED. dag_id=dataquality_pipeline_v1, task_id=check_row_count, execution_date=20220726T093120, start_date=20220726T093221, end_date=20220726T093234
[2022-07-26 09:32:34,797] {standard_task_runner.py:97} ERROR - Failed to execute job 117 for task check_row_count (Test failed.
Pass value:20000.0
Tolerance:None
Query:
SELECT COUNT(*) FROM YELLOW_TRIPDATA;
Results:
(40000,); 1602)
[2022-07-26 09:32:34,894] {local_task_job.py:156} INFO - Task exited with return code 1
[2022-07-26 09:32:35,505] {local_task_job.py:273} INFO - 0 downstream tasks scheduled from follow-on schedule check
