[2022-07-25 09:13:44,208] {taskinstance.py:1179} INFO - Dependencies all met for <TaskInstance: dataquality_pipeline_v1.check_row_count manual__2022-07-25T09:12:48.190901+00:00 [queued]>
[2022-07-25 09:13:44,346] {taskinstance.py:1179} INFO - Dependencies all met for <TaskInstance: dataquality_pipeline_v1.check_row_count manual__2022-07-25T09:12:48.190901+00:00 [queued]>
[2022-07-25 09:13:44,346] {taskinstance.py:1376} INFO - 
--------------------------------------------------------------------------------
[2022-07-25 09:13:44,346] {taskinstance.py:1377} INFO - Starting attempt 1 of 1
[2022-07-25 09:13:44,346] {taskinstance.py:1378} INFO - 
--------------------------------------------------------------------------------
[2022-07-25 09:13:44,596] {taskinstance.py:1397} INFO - Executing <Task(SnowflakeValueCheckOperator): check_row_count> on 2022-07-25 09:12:48.190901+00:00
[2022-07-25 09:13:44,696] {standard_task_runner.py:52} INFO - Started process 9915 to run task
[2022-07-25 09:13:44,741] {standard_task_runner.py:79} INFO - Running: ['***', 'tasks', 'run', 'dataquality_pipeline_v1', 'check_row_count', 'manual__2022-07-25T09:12:48.190901+00:00', '--job-id', '96', '--raw', '--subdir', 'DAGS_FOLDER/dataquality_pipeline_v1.py', '--cfg-path', '/tmp/tmpa2axac56', '--error-file', '/tmp/tmpavq4xr10']
[2022-07-25 09:13:44,764] {standard_task_runner.py:80} INFO - Job 96: Subtask check_row_count
[2022-07-25 09:13:45,474] {task_command.py:371} INFO - Running <TaskInstance: dataquality_pipeline_v1.check_row_count manual__2022-07-25T09:12:48.190901+00:00 [running]> on host d19767594dfa
[2022-07-25 09:13:48,462] {taskinstance.py:1591} INFO - Exporting the following env vars:
AIRFLOW_CTX_DAG_OWNER=***
AIRFLOW_CTX_DAG_ID=dataquality_pipeline_v1
AIRFLOW_CTX_TASK_ID=check_row_count
AIRFLOW_CTX_EXECUTION_DATE=2022-07-25T09:12:48.190901+00:00
AIRFLOW_CTX_TRY_NUMBER=1
AIRFLOW_CTX_DAG_RUN_ID=manual__2022-07-25T09:12:48.190901+00:00
[2022-07-25 09:13:48,464] {sql.py:204} INFO - Executing SQL check: SELECT COUNT(*) FROM YELLOW_TRIPDATA;
[2022-07-25 09:13:48,497] {base.py:68} INFO - Using connection ID 'snowflake_default' for task execution.
[2022-07-25 09:13:48,554] {connection.py:262} INFO - Snowflake Connector for Python Version: 2.7.9, Python Version: 3.7.13, Platform: Linux-5.15.0-1014-azure-x86_64-with-debian-11.4
[2022-07-25 09:13:48,559] {connection.py:877} INFO - This connection is in OCSP Fail Open Mode. TLS Certificates would be checked for validity and revocation status. Any other Certificate Revocation related exceptions or OCSP Responder failures would be disregarded in favor of connectivity.
[2022-07-25 09:13:48,559] {connection.py:894} INFO - Setting use_openssl_only mode to False
[2022-07-25 09:13:54,089] {cursor.py:710} INFO - query: [SELECT COUNT(*) FROM YELLOW_TRIPDATA;]
[2022-07-25 09:13:54,418] {cursor.py:734} INFO - query execution done
[2022-07-25 09:13:54,472] {connection.py:507} INFO - closed
[2022-07-25 09:13:54,732] {connection.py:510} INFO - No async queries seem to be running, deleting session
[2022-07-25 09:13:55,290] {taskinstance.py:1420} INFO - Marking task as SUCCESS. dag_id=dataquality_pipeline_v1, task_id=check_row_count, execution_date=20220725T091248, start_date=20220725T091344, end_date=20220725T091355
[2022-07-25 09:13:55,510] {local_task_job.py:156} INFO - Task exited with return code 0
[2022-07-25 09:13:56,176] {local_task_job.py:273} INFO - 0 downstream tasks scheduled from follow-on schedule check
