[2022-07-28 09:51:08,952] {taskinstance.py:1179} INFO - Dependencies all met for <TaskInstance: dataquality_pipeline_v4.add_upload_date manual__2022-07-28T09:51:01.397439+00:00 [queued]>
[2022-07-28 09:51:09,025] {taskinstance.py:1179} INFO - Dependencies all met for <TaskInstance: dataquality_pipeline_v4.add_upload_date manual__2022-07-28T09:51:01.397439+00:00 [queued]>
[2022-07-28 09:51:09,025] {taskinstance.py:1376} INFO - 
--------------------------------------------------------------------------------
[2022-07-28 09:51:09,025] {taskinstance.py:1377} INFO - Starting attempt 1 of 1
[2022-07-28 09:51:09,026] {taskinstance.py:1378} INFO - 
--------------------------------------------------------------------------------
[2022-07-28 09:51:09,101] {taskinstance.py:1397} INFO - Executing <Task(_PythonDecoratedOperator): add_upload_date> on 2022-07-28 09:51:01.397439+00:00
[2022-07-28 09:51:09,116] {standard_task_runner.py:52} INFO - Started process 1455 to run task
[2022-07-28 09:51:09,146] {standard_task_runner.py:79} INFO - Running: ['***', 'tasks', 'run', 'dataquality_pipeline_v4', 'add_upload_date', 'manual__2022-07-28T09:51:01.397439+00:00', '--job-id', '199', '--raw', '--subdir', 'DAGS_FOLDER/dataquality_pipeline_v4.py', '--cfg-path', '/tmp/tmpmv7x9299', '--error-file', '/tmp/tmpo9nt10zc']
[2022-07-28 09:51:09,153] {standard_task_runner.py:80} INFO - Job 199: Subtask add_upload_date
[2022-07-28 09:51:09,684] {task_command.py:371} INFO - Running <TaskInstance: dataquality_pipeline_v4.add_upload_date manual__2022-07-28T09:51:01.397439+00:00 [running]> on host 2c2de32fb47f
[2022-07-28 09:51:10,442] {taskinstance.py:1591} INFO - Exporting the following env vars:
AIRFLOW_CTX_DAG_EMAIL=abin404@yopmail.com
AIRFLOW_CTX_DAG_OWNER=***
AIRFLOW_CTX_DAG_ID=dataquality_pipeline_v4
AIRFLOW_CTX_TASK_ID=add_upload_date
AIRFLOW_CTX_EXECUTION_DATE=2022-07-28T09:51:01.397439+00:00
AIRFLOW_CTX_TRY_NUMBER=1
AIRFLOW_CTX_DAG_RUN_ID=manual__2022-07-28T09:51:01.397439+00:00
[2022-07-28 09:51:11,701] {python.py:173} INFO - Done. Returned value was: None
[2022-07-28 09:51:11,811] {taskinstance.py:1420} INFO - Marking task as SUCCESS. dag_id=dataquality_pipeline_v4, task_id=add_upload_date, execution_date=20220728T095101, start_date=20220728T095108, end_date=20220728T095111
[2022-07-28 09:51:11,968] {local_task_job.py:156} INFO - Task exited with return code 0
[2022-07-28 09:51:12,352] {local_task_job.py:273} INFO - 0 downstream tasks scheduled from follow-on schedule check
