[2022-07-28 09:52:08,277] {taskinstance.py:1179} INFO - Dependencies all met for <TaskInstance: dataquality_pipeline_v4.row_quality_checks.fare_check manual__2022-07-28T09:51:01.397439+00:00 [queued]>
[2022-07-28 09:52:08,460] {taskinstance.py:1179} INFO - Dependencies all met for <TaskInstance: dataquality_pipeline_v4.row_quality_checks.fare_check manual__2022-07-28T09:51:01.397439+00:00 [queued]>
[2022-07-28 09:52:08,461] {taskinstance.py:1376} INFO - 
--------------------------------------------------------------------------------
[2022-07-28 09:52:08,461] {taskinstance.py:1377} INFO - Starting attempt 1 of 1
[2022-07-28 09:52:08,461] {taskinstance.py:1378} INFO - 
--------------------------------------------------------------------------------
[2022-07-28 09:52:08,682] {taskinstance.py:1397} INFO - Executing <Task(SnowflakeCheckOperator): row_quality_checks.fare_check> on 2022-07-28 09:51:01.397439+00:00
[2022-07-28 09:52:08,726] {standard_task_runner.py:52} INFO - Started process 1523 to run task
[2022-07-28 09:52:08,760] {standard_task_runner.py:79} INFO - Running: ['***', 'tasks', 'run', 'dataquality_pipeline_v4', 'row_quality_checks.fare_check', 'manual__2022-07-28T09:51:01.397439+00:00', '--job-id', '208', '--raw', '--subdir', 'DAGS_FOLDER/dataquality_pipeline_v4.py', '--cfg-path', '/tmp/tmpio0qi_vd', '--error-file', '/tmp/tmp1uqm9kwq']
[2022-07-28 09:52:08,763] {standard_task_runner.py:80} INFO - Job 208: Subtask row_quality_checks.fare_check
[2022-07-28 09:52:09,567] {task_command.py:371} INFO - Running <TaskInstance: dataquality_pipeline_v4.row_quality_checks.fare_check manual__2022-07-28T09:51:01.397439+00:00 [running]> on host 2c2de32fb47f
[2022-07-28 09:52:10,418] {taskinstance.py:1591} INFO - Exporting the following env vars:
AIRFLOW_CTX_DAG_EMAIL=abin404@yopmail.com
AIRFLOW_CTX_DAG_OWNER=***
AIRFLOW_CTX_DAG_ID=dataquality_pipeline_v4
AIRFLOW_CTX_TASK_ID=row_quality_checks.fare_check
AIRFLOW_CTX_EXECUTION_DATE=2022-07-28T09:51:01.397439+00:00
AIRFLOW_CTX_TRY_NUMBER=1
AIRFLOW_CTX_DAG_RUN_ID=manual__2022-07-28T09:51:01.397439+00:00
[2022-07-28 09:52:10,432] {sql.py:139} INFO - Executing SQL check: -- Template to check various columns in the yellow tripdata data set.
SELECT MIN(fare_check)
FROM(
  SELECT
    CASE WHEN ROUND((fare_amount + extra + mta_tax + tip_amount + improvement_surcharge + COALESCE(congestion_surcharge, 0)), 1) = ROUND(total_amount, 1) THEN 1 WHEN ROUND(fare_amount + extra + mta_tax + tip_amount + improvement_surcharge, 1) = ROUND(total_amount, 1) THEN 1 ELSE 0 END AS fare_check
  FROM YELLOW_TRIPDATA
)
[2022-07-28 09:52:10,559] {base.py:68} INFO - Using connection ID 'snowflake_default' for task execution.
[2022-07-28 09:52:10,666] {connection.py:262} INFO - Snowflake Connector for Python Version: 2.7.9, Python Version: 3.7.13, Platform: Linux-5.15.0-1014-azure-x86_64-with-debian-11.4
[2022-07-28 09:52:10,668] {connection.py:877} INFO - This connection is in OCSP Fail Open Mode. TLS Certificates would be checked for validity and revocation status. Any other Certificate Revocation related exceptions or OCSP Responder failures would be disregarded in favor of connectivity.
[2022-07-28 09:52:10,681] {connection.py:894} INFO - Setting use_openssl_only mode to False
[2022-07-28 09:52:17,611] {cursor.py:710} INFO - query: [-- Template to check various columns in the yellow tripdata data set. SELECT MIN...]
[2022-07-28 09:52:18,143] {cursor.py:734} INFO - query execution done
[2022-07-28 09:52:18,149] {connection.py:507} INFO - closed
[2022-07-28 09:52:18,420] {connection.py:510} INFO - No async queries seem to be running, deleting session
[2022-07-28 09:52:18,716] {sql.py:142} INFO - Record: (1,)
[2022-07-28 09:52:18,722] {sql.py:148} INFO - Success.
[2022-07-28 09:52:18,804] {taskinstance.py:1420} INFO - Marking task as SUCCESS. dag_id=dataquality_pipeline_v4, task_id=row_quality_checks.fare_check, execution_date=20220728T095101, start_date=20220728T095208, end_date=20220728T095218
[2022-07-28 09:52:18,996] {local_task_job.py:156} INFO - Task exited with return code 0
[2022-07-28 09:52:19,500] {local_task_job.py:273} INFO - 0 downstream tasks scheduled from follow-on schedule check
