[2022-07-27 18:46:25,261] {taskinstance.py:1179} INFO - Dependencies all met for <TaskInstance: dataquality_pipeline_v3.check_interval_data manual__2022-07-27T18:45:32.236182+00:00 [queued]>
[2022-07-27 18:46:25,417] {taskinstance.py:1179} INFO - Dependencies all met for <TaskInstance: dataquality_pipeline_v3.check_interval_data manual__2022-07-27T18:45:32.236182+00:00 [queued]>
[2022-07-27 18:46:25,418] {taskinstance.py:1376} INFO - 
--------------------------------------------------------------------------------
[2022-07-27 18:46:25,418] {taskinstance.py:1377} INFO - Starting attempt 1 of 1
[2022-07-27 18:46:25,418] {taskinstance.py:1378} INFO - 
--------------------------------------------------------------------------------
[2022-07-27 18:46:25,625] {taskinstance.py:1397} INFO - Executing <Task(SnowflakeIntervalCheckOperator): check_interval_data> on 2022-07-27 18:45:32.236182+00:00
[2022-07-27 18:46:25,777] {standard_task_runner.py:52} INFO - Started process 8008 to run task
[2022-07-27 18:46:25,847] {standard_task_runner.py:79} INFO - Running: ['***', 'tasks', 'run', 'dataquality_pipeline_v3', 'check_interval_data', 'manual__2022-07-27T18:45:32.236182+00:00', '--job-id', '157', '--raw', '--subdir', 'DAGS_FOLDER/dataquality_pipeline_v3.py', '--cfg-path', '/tmp/tmpl_u7wzd9', '--error-file', '/tmp/tmpxn9hwqsl']
[2022-07-27 18:46:25,871] {standard_task_runner.py:80} INFO - Job 157: Subtask check_interval_data
[2022-07-27 18:46:26,882] {task_command.py:371} INFO - Running <TaskInstance: dataquality_pipeline_v3.check_interval_data manual__2022-07-27T18:45:32.236182+00:00 [running]> on host 2c2de32fb47f
[2022-07-27 18:46:27,682] {taskinstance.py:1591} INFO - Exporting the following env vars:
AIRFLOW_CTX_DAG_EMAIL=abin404@yopmail.com
AIRFLOW_CTX_DAG_OWNER=***
AIRFLOW_CTX_DAG_ID=dataquality_pipeline_v3
AIRFLOW_CTX_TASK_ID=check_interval_data
AIRFLOW_CTX_EXECUTION_DATE=2022-07-27T18:45:32.236182+00:00
AIRFLOW_CTX_TRY_NUMBER=1
AIRFLOW_CTX_DAG_RUN_ID=manual__2022-07-27T18:45:32.236182+00:00
[2022-07-27 18:46:27,684] {sql.py:327} INFO - Using ratio formula: max_over_min
[2022-07-27 18:46:27,684] {sql.py:328} INFO - Executing SQL check: SELECT AVG(trip_distance) FROM YELLOW_TRIPDATA WHERE upload_date='2022-07-26'
[2022-07-27 18:46:27,722] {base.py:68} INFO - Using connection ID 'snowflake_default' for task execution.
[2022-07-27 18:46:27,730] {connection.py:262} INFO - Snowflake Connector for Python Version: 2.7.9, Python Version: 3.7.13, Platform: Linux-5.15.0-1014-azure-x86_64-with-debian-11.4
[2022-07-27 18:46:27,741] {connection.py:877} INFO - This connection is in OCSP Fail Open Mode. TLS Certificates would be checked for validity and revocation status. Any other Certificate Revocation related exceptions or OCSP Responder failures would be disregarded in favor of connectivity.
[2022-07-27 18:46:27,742] {connection.py:894} INFO - Setting use_openssl_only mode to False
[2022-07-27 18:46:33,145] {cursor.py:710} INFO - query: [SELECT AVG(trip_distance) FROM YELLOW_TRIPDATA WHERE upload_date='2022-07-26']
[2022-07-27 18:46:33,498] {cursor.py:734} INFO - query execution done
[2022-07-27 18:46:33,504] {connection.py:507} INFO - closed
[2022-07-27 18:46:33,765] {connection.py:510} INFO - No async queries seem to be running, deleting session
[2022-07-27 18:46:34,034] {sql.py:330} INFO - Executing SQL check: SELECT AVG(trip_distance) FROM YELLOW_TRIPDATA WHERE upload_date='2022-07-27'
[2022-07-27 18:46:34,088] {base.py:68} INFO - Using connection ID 'snowflake_default' for task execution.
[2022-07-27 18:46:34,095] {connection.py:262} INFO - Snowflake Connector for Python Version: 2.7.9, Python Version: 3.7.13, Platform: Linux-5.15.0-1014-azure-x86_64-with-debian-11.4
[2022-07-27 18:46:34,095] {connection.py:877} INFO - This connection is in OCSP Fail Open Mode. TLS Certificates would be checked for validity and revocation status. Any other Certificate Revocation related exceptions or OCSP Responder failures would be disregarded in favor of connectivity.
[2022-07-27 18:46:35,179] {cursor.py:710} INFO - query: [SELECT AVG(trip_distance) FROM YELLOW_TRIPDATA WHERE upload_date='2022-07-27']
[2022-07-27 18:46:35,515] {cursor.py:734} INFO - query execution done
[2022-07-27 18:46:35,516] {connection.py:507} INFO - closed
[2022-07-27 18:46:35,762] {connection.py:510} INFO - No async queries seem to be running, deleting session
[2022-07-27 18:46:36,038] {sql.py:368} INFO - Current metric for AVG(trip_distance): 2.694701470147015
Past metric for AVG(trip_distance): 2.6100810081008103
Ratio for AVG(trip_distance): 1.032420626709888
Threshold: 1.5

[2022-07-27 18:46:36,039] {sql.py:387} INFO - All tests have passed
[2022-07-27 18:46:36,108] {taskinstance.py:1420} INFO - Marking task as SUCCESS. dag_id=dataquality_pipeline_v3, task_id=check_interval_data, execution_date=20220727T184532, start_date=20220727T184625, end_date=20220727T184636
[2022-07-27 18:46:36,235] {local_task_job.py:156} INFO - Task exited with return code 0
[2022-07-27 18:46:36,356] {local_task_job.py:273} INFO - 0 downstream tasks scheduled from follow-on schedule check
