[2022-07-26 09:31:27,393] {taskinstance.py:1179} INFO - Dependencies all met for <TaskInstance: dataquality_pipeline_v1.add_upload_date manual__2022-07-26T09:31:20.211065+00:00 [queued]>
[2022-07-26 09:31:27,414] {taskinstance.py:1179} INFO - Dependencies all met for <TaskInstance: dataquality_pipeline_v1.add_upload_date manual__2022-07-26T09:31:20.211065+00:00 [queued]>
[2022-07-26 09:31:27,414] {taskinstance.py:1376} INFO - 
--------------------------------------------------------------------------------
[2022-07-26 09:31:27,414] {taskinstance.py:1377} INFO - Starting attempt 1 of 1
[2022-07-26 09:31:27,414] {taskinstance.py:1378} INFO - 
--------------------------------------------------------------------------------
[2022-07-26 09:31:27,463] {taskinstance.py:1397} INFO - Executing <Task(_PythonDecoratedOperator): add_upload_date> on 2022-07-26 09:31:20.211065+00:00
[2022-07-26 09:31:27,486] {standard_task_runner.py:52} INFO - Started process 1530 to run task
[2022-07-26 09:31:27,502] {standard_task_runner.py:79} INFO - Running: ['***', 'tasks', 'run', 'dataquality_pipeline_v1', 'add_upload_date', 'manual__2022-07-26T09:31:20.211065+00:00', '--job-id', '106', '--raw', '--subdir', 'DAGS_FOLDER/dataquality_pipeline_v1.py', '--cfg-path', '/tmp/tmp_i1jzkxz', '--error-file', '/tmp/tmpxrbtiqnm']
[2022-07-26 09:31:27,512] {standard_task_runner.py:80} INFO - Job 106: Subtask add_upload_date
[2022-07-26 09:31:27,852] {task_command.py:371} INFO - Running <TaskInstance: dataquality_pipeline_v1.add_upload_date manual__2022-07-26T09:31:20.211065+00:00 [running]> on host d19767594dfa
[2022-07-26 09:31:28,160] {taskinstance.py:1591} INFO - Exporting the following env vars:
AIRFLOW_CTX_DAG_OWNER=***
AIRFLOW_CTX_DAG_ID=dataquality_pipeline_v1
AIRFLOW_CTX_TASK_ID=add_upload_date
AIRFLOW_CTX_EXECUTION_DATE=2022-07-26T09:31:20.211065+00:00
AIRFLOW_CTX_TRY_NUMBER=1
AIRFLOW_CTX_DAG_RUN_ID=manual__2022-07-26T09:31:20.211065+00:00
[2022-07-26 09:31:29,160] {python.py:173} INFO - Done. Returned value was: None
[2022-07-26 09:31:29,295] {taskinstance.py:1420} INFO - Marking task as SUCCESS. dag_id=dataquality_pipeline_v1, task_id=add_upload_date, execution_date=20220726T093120, start_date=20220726T093127, end_date=20220726T093129
[2022-07-26 09:31:29,380] {local_task_job.py:156} INFO - Task exited with return code 0
[2022-07-26 09:31:29,535] {local_task_job.py:273} INFO - 1 downstream tasks scheduled from follow-on schedule check
