[2022-07-29 02:17:01,655] {processor.py:153} INFO - Started process (PID=52) to work on /opt/airflow/dags/dataquality_pipeline_v2.py
[2022-07-29 02:17:01,656] {processor.py:641} INFO - Processing file /opt/airflow/dags/dataquality_pipeline_v2.py for tasks to queue
[2022-07-29 02:17:01,657] {logging_mixin.py:115} INFO - [2022-07-29 02:17:01,657] {dagbag.py:508} INFO - Filling up the DagBag from /opt/airflow/dags/dataquality_pipeline_v2.py
[2022-07-29 02:17:06,865] {processor.py:651} INFO - DAG(s) dict_keys(['dataquality_pipeline_v2']) retrieved from /opt/airflow/dags/dataquality_pipeline_v2.py
[2022-07-29 02:17:07,181] {logging_mixin.py:115} INFO - [2022-07-29 02:17:07,180] {dag.py:2420} INFO - Sync 1 DAGs
[2022-07-29 02:17:07,602] {logging_mixin.py:115} INFO - [2022-07-29 02:17:07,602] {dag.py:2972} INFO - Setting next_dagrun for dataquality_pipeline_v2 to None, run_after=None
[2022-07-29 02:17:07,744] {processor.py:161} INFO - Processing /opt/airflow/dags/dataquality_pipeline_v2.py took 6.103 seconds
[2022-07-29 02:17:38,467] {processor.py:153} INFO - Started process (PID=122) to work on /opt/airflow/dags/dataquality_pipeline_v2.py
[2022-07-29 02:17:38,468] {processor.py:641} INFO - Processing file /opt/airflow/dags/dataquality_pipeline_v2.py for tasks to queue
[2022-07-29 02:17:38,468] {logging_mixin.py:115} INFO - [2022-07-29 02:17:38,468] {dagbag.py:508} INFO - Filling up the DagBag from /opt/airflow/dags/dataquality_pipeline_v2.py
[2022-07-29 02:17:39,222] {processor.py:651} INFO - DAG(s) dict_keys(['dataquality_pipeline_v2']) retrieved from /opt/airflow/dags/dataquality_pipeline_v2.py
[2022-07-29 02:17:39,259] {logging_mixin.py:115} INFO - [2022-07-29 02:17:39,259] {dag.py:2420} INFO - Sync 1 DAGs
[2022-07-29 02:17:39,302] {logging_mixin.py:115} INFO - [2022-07-29 02:17:39,302] {dag.py:2972} INFO - Setting next_dagrun for dataquality_pipeline_v2 to None, run_after=None
[2022-07-29 02:17:39,327] {processor.py:161} INFO - Processing /opt/airflow/dags/dataquality_pipeline_v2.py took 0.865 seconds
[2022-07-29 02:18:13,220] {processor.py:153} INFO - Started process (PID=203) to work on /opt/airflow/dags/dataquality_pipeline_v2.py
[2022-07-29 02:18:13,221] {processor.py:641} INFO - Processing file /opt/airflow/dags/dataquality_pipeline_v2.py for tasks to queue
[2022-07-29 02:18:13,221] {logging_mixin.py:115} INFO - [2022-07-29 02:18:13,221] {dagbag.py:508} INFO - Filling up the DagBag from /opt/airflow/dags/dataquality_pipeline_v2.py
[2022-07-29 02:18:14,461] {processor.py:651} INFO - DAG(s) dict_keys(['dataquality_pipeline_v2']) retrieved from /opt/airflow/dags/dataquality_pipeline_v2.py
[2022-07-29 02:18:14,520] {logging_mixin.py:115} INFO - [2022-07-29 02:18:14,519] {dag.py:2420} INFO - Sync 1 DAGs
[2022-07-29 02:18:14,555] {logging_mixin.py:115} INFO - [2022-07-29 02:18:14,555] {dag.py:2972} INFO - Setting next_dagrun for dataquality_pipeline_v2 to None, run_after=None
[2022-07-29 02:18:14,571] {processor.py:161} INFO - Processing /opt/airflow/dags/dataquality_pipeline_v2.py took 1.357 seconds
[2022-07-29 02:18:46,272] {processor.py:153} INFO - Started process (PID=278) to work on /opt/airflow/dags/dataquality_pipeline_v2.py
[2022-07-29 02:18:46,272] {processor.py:641} INFO - Processing file /opt/airflow/dags/dataquality_pipeline_v2.py for tasks to queue
[2022-07-29 02:18:46,273] {logging_mixin.py:115} INFO - [2022-07-29 02:18:46,273] {dagbag.py:508} INFO - Filling up the DagBag from /opt/airflow/dags/dataquality_pipeline_v2.py
[2022-07-29 02:18:47,454] {processor.py:651} INFO - DAG(s) dict_keys(['dataquality_pipeline_v2']) retrieved from /opt/airflow/dags/dataquality_pipeline_v2.py
[2022-07-29 02:18:47,500] {logging_mixin.py:115} INFO - [2022-07-29 02:18:47,500] {dag.py:2420} INFO - Sync 1 DAGs
[2022-07-29 02:18:47,533] {logging_mixin.py:115} INFO - [2022-07-29 02:18:47,533] {dag.py:2972} INFO - Setting next_dagrun for dataquality_pipeline_v2 to None, run_after=None
[2022-07-29 02:18:47,549] {processor.py:161} INFO - Processing /opt/airflow/dags/dataquality_pipeline_v2.py took 1.286 seconds
[2022-07-29 02:19:18,130] {processor.py:153} INFO - Started process (PID=358) to work on /opt/airflow/dags/dataquality_pipeline_v2.py
[2022-07-29 02:19:18,136] {processor.py:641} INFO - Processing file /opt/airflow/dags/dataquality_pipeline_v2.py for tasks to queue
[2022-07-29 02:19:18,137] {logging_mixin.py:115} INFO - [2022-07-29 02:19:18,137] {dagbag.py:508} INFO - Filling up the DagBag from /opt/airflow/dags/dataquality_pipeline_v2.py
[2022-07-29 02:19:20,057] {processor.py:651} INFO - DAG(s) dict_keys(['dataquality_pipeline_v2']) retrieved from /opt/airflow/dags/dataquality_pipeline_v2.py
[2022-07-29 02:19:20,121] {logging_mixin.py:115} INFO - [2022-07-29 02:19:20,121] {dag.py:2420} INFO - Sync 1 DAGs
[2022-07-29 02:19:20,162] {logging_mixin.py:115} INFO - [2022-07-29 02:19:20,162] {dag.py:2972} INFO - Setting next_dagrun for dataquality_pipeline_v2 to None, run_after=None
[2022-07-29 02:19:20,179] {processor.py:161} INFO - Processing /opt/airflow/dags/dataquality_pipeline_v2.py took 2.056 seconds
[2022-07-29 02:19:50,836] {processor.py:153} INFO - Started process (PID=434) to work on /opt/airflow/dags/dataquality_pipeline_v2.py
[2022-07-29 02:19:50,844] {processor.py:641} INFO - Processing file /opt/airflow/dags/dataquality_pipeline_v2.py for tasks to queue
[2022-07-29 02:19:50,845] {logging_mixin.py:115} INFO - [2022-07-29 02:19:50,845] {dagbag.py:508} INFO - Filling up the DagBag from /opt/airflow/dags/dataquality_pipeline_v2.py
[2022-07-29 02:19:53,457] {processor.py:651} INFO - DAG(s) dict_keys(['dataquality_pipeline_v2']) retrieved from /opt/airflow/dags/dataquality_pipeline_v2.py
[2022-07-29 02:19:53,535] {logging_mixin.py:115} INFO - [2022-07-29 02:19:53,534] {dag.py:2420} INFO - Sync 1 DAGs
[2022-07-29 02:19:53,590] {logging_mixin.py:115} INFO - [2022-07-29 02:19:53,590] {dag.py:2972} INFO - Setting next_dagrun for dataquality_pipeline_v2 to None, run_after=None
[2022-07-29 02:19:53,616] {processor.py:161} INFO - Processing /opt/airflow/dags/dataquality_pipeline_v2.py took 2.786 seconds
[2022-07-29 02:20:23,969] {processor.py:153} INFO - Started process (PID=516) to work on /opt/airflow/dags/dataquality_pipeline_v2.py
[2022-07-29 02:20:23,970] {processor.py:641} INFO - Processing file /opt/airflow/dags/dataquality_pipeline_v2.py for tasks to queue
[2022-07-29 02:20:23,971] {logging_mixin.py:115} INFO - [2022-07-29 02:20:23,971] {dagbag.py:508} INFO - Filling up the DagBag from /opt/airflow/dags/dataquality_pipeline_v2.py
[2022-07-29 02:20:25,679] {processor.py:651} INFO - DAG(s) dict_keys(['dataquality_pipeline_v2']) retrieved from /opt/airflow/dags/dataquality_pipeline_v2.py
[2022-07-29 02:20:25,722] {logging_mixin.py:115} INFO - [2022-07-29 02:20:25,721] {dag.py:2420} INFO - Sync 1 DAGs
[2022-07-29 02:20:25,755] {logging_mixin.py:115} INFO - [2022-07-29 02:20:25,755] {dag.py:2972} INFO - Setting next_dagrun for dataquality_pipeline_v2 to None, run_after=None
[2022-07-29 02:20:25,771] {processor.py:161} INFO - Processing /opt/airflow/dags/dataquality_pipeline_v2.py took 1.820 seconds
[2022-07-29 02:20:56,627] {processor.py:153} INFO - Started process (PID=590) to work on /opt/airflow/dags/dataquality_pipeline_v2.py
[2022-07-29 02:20:56,630] {processor.py:641} INFO - Processing file /opt/airflow/dags/dataquality_pipeline_v2.py for tasks to queue
[2022-07-29 02:20:56,644] {logging_mixin.py:115} INFO - [2022-07-29 02:20:56,644] {dagbag.py:508} INFO - Filling up the DagBag from /opt/airflow/dags/dataquality_pipeline_v2.py
[2022-07-29 02:20:59,138] {processor.py:651} INFO - DAG(s) dict_keys(['dataquality_pipeline_v2']) retrieved from /opt/airflow/dags/dataquality_pipeline_v2.py
[2022-07-29 02:20:59,210] {logging_mixin.py:115} INFO - [2022-07-29 02:20:59,209] {dag.py:2420} INFO - Sync 1 DAGs
[2022-07-29 02:20:59,246] {logging_mixin.py:115} INFO - [2022-07-29 02:20:59,245] {dag.py:2972} INFO - Setting next_dagrun for dataquality_pipeline_v2 to None, run_after=None
[2022-07-29 02:20:59,262] {processor.py:161} INFO - Processing /opt/airflow/dags/dataquality_pipeline_v2.py took 2.681 seconds
[2022-07-29 02:21:30,255] {processor.py:153} INFO - Started process (PID=672) to work on /opt/airflow/dags/dataquality_pipeline_v2.py
[2022-07-29 02:21:30,256] {processor.py:641} INFO - Processing file /opt/airflow/dags/dataquality_pipeline_v2.py for tasks to queue
[2022-07-29 02:21:30,256] {logging_mixin.py:115} INFO - [2022-07-29 02:21:30,256] {dagbag.py:508} INFO - Filling up the DagBag from /opt/airflow/dags/dataquality_pipeline_v2.py
[2022-07-29 02:21:31,488] {processor.py:651} INFO - DAG(s) dict_keys(['dataquality_pipeline_v2']) retrieved from /opt/airflow/dags/dataquality_pipeline_v2.py
[2022-07-29 02:21:31,530] {logging_mixin.py:115} INFO - [2022-07-29 02:21:31,529] {dag.py:2420} INFO - Sync 1 DAGs
[2022-07-29 02:21:31,566] {logging_mixin.py:115} INFO - [2022-07-29 02:21:31,565] {dag.py:2972} INFO - Setting next_dagrun for dataquality_pipeline_v2 to None, run_after=None
[2022-07-29 02:21:31,589] {processor.py:161} INFO - Processing /opt/airflow/dags/dataquality_pipeline_v2.py took 1.339 seconds
[2022-07-29 02:22:02,491] {processor.py:153} INFO - Started process (PID=745) to work on /opt/airflow/dags/dataquality_pipeline_v2.py
[2022-07-29 02:22:02,492] {processor.py:641} INFO - Processing file /opt/airflow/dags/dataquality_pipeline_v2.py for tasks to queue
[2022-07-29 02:22:02,493] {logging_mixin.py:115} INFO - [2022-07-29 02:22:02,492] {dagbag.py:508} INFO - Filling up the DagBag from /opt/airflow/dags/dataquality_pipeline_v2.py
[2022-07-29 02:22:04,256] {processor.py:651} INFO - DAG(s) dict_keys(['dataquality_pipeline_v2']) retrieved from /opt/airflow/dags/dataquality_pipeline_v2.py
[2022-07-29 02:22:04,378] {logging_mixin.py:115} INFO - [2022-07-29 02:22:04,378] {dag.py:2420} INFO - Sync 1 DAGs
[2022-07-29 02:22:04,512] {logging_mixin.py:115} INFO - [2022-07-29 02:22:04,512] {dag.py:2972} INFO - Setting next_dagrun for dataquality_pipeline_v2 to None, run_after=None
[2022-07-29 02:22:04,559] {processor.py:161} INFO - Processing /opt/airflow/dags/dataquality_pipeline_v2.py took 2.076 seconds
[2022-07-29 02:22:35,532] {processor.py:153} INFO - Started process (PID=826) to work on /opt/airflow/dags/dataquality_pipeline_v2.py
[2022-07-29 02:22:35,533] {processor.py:641} INFO - Processing file /opt/airflow/dags/dataquality_pipeline_v2.py for tasks to queue
[2022-07-29 02:22:35,534] {logging_mixin.py:115} INFO - [2022-07-29 02:22:35,534] {dagbag.py:508} INFO - Filling up the DagBag from /opt/airflow/dags/dataquality_pipeline_v2.py
[2022-07-29 02:22:37,603] {processor.py:651} INFO - DAG(s) dict_keys(['dataquality_pipeline_v2']) retrieved from /opt/airflow/dags/dataquality_pipeline_v2.py
[2022-07-29 02:22:37,645] {logging_mixin.py:115} INFO - [2022-07-29 02:22:37,645] {dag.py:2420} INFO - Sync 1 DAGs
[2022-07-29 02:22:37,682] {logging_mixin.py:115} INFO - [2022-07-29 02:22:37,681] {dag.py:2972} INFO - Setting next_dagrun for dataquality_pipeline_v2 to None, run_after=None
[2022-07-29 02:22:37,699] {processor.py:161} INFO - Processing /opt/airflow/dags/dataquality_pipeline_v2.py took 2.201 seconds
[2022-07-29 02:23:07,920] {processor.py:153} INFO - Started process (PID=901) to work on /opt/airflow/dags/dataquality_pipeline_v2.py
[2022-07-29 02:23:07,921] {processor.py:641} INFO - Processing file /opt/airflow/dags/dataquality_pipeline_v2.py for tasks to queue
[2022-07-29 02:23:07,922] {logging_mixin.py:115} INFO - [2022-07-29 02:23:07,921] {dagbag.py:508} INFO - Filling up the DagBag from /opt/airflow/dags/dataquality_pipeline_v2.py
[2022-07-29 02:23:08,739] {processor.py:651} INFO - DAG(s) dict_keys(['dataquality_pipeline_v2']) retrieved from /opt/airflow/dags/dataquality_pipeline_v2.py
[2022-07-29 02:23:08,767] {logging_mixin.py:115} INFO - [2022-07-29 02:23:08,767] {dag.py:2420} INFO - Sync 1 DAGs
[2022-07-29 02:23:08,791] {logging_mixin.py:115} INFO - [2022-07-29 02:23:08,791] {dag.py:2972} INFO - Setting next_dagrun for dataquality_pipeline_v2 to None, run_after=None
[2022-07-29 02:23:08,804] {processor.py:161} INFO - Processing /opt/airflow/dags/dataquality_pipeline_v2.py took 0.889 seconds
[2022-07-29 02:23:39,018] {processor.py:153} INFO - Started process (PID=974) to work on /opt/airflow/dags/dataquality_pipeline_v2.py
[2022-07-29 02:23:39,019] {processor.py:641} INFO - Processing file /opt/airflow/dags/dataquality_pipeline_v2.py for tasks to queue
[2022-07-29 02:23:39,020] {logging_mixin.py:115} INFO - [2022-07-29 02:23:39,020] {dagbag.py:508} INFO - Filling up the DagBag from /opt/airflow/dags/dataquality_pipeline_v2.py
[2022-07-29 02:23:40,102] {processor.py:651} INFO - DAG(s) dict_keys(['dataquality_pipeline_v2']) retrieved from /opt/airflow/dags/dataquality_pipeline_v2.py
[2022-07-29 02:23:40,142] {logging_mixin.py:115} INFO - [2022-07-29 02:23:40,142] {dag.py:2420} INFO - Sync 1 DAGs
[2022-07-29 02:23:40,178] {logging_mixin.py:115} INFO - [2022-07-29 02:23:40,178] {dag.py:2972} INFO - Setting next_dagrun for dataquality_pipeline_v2 to None, run_after=None
[2022-07-29 02:23:40,205] {processor.py:161} INFO - Processing /opt/airflow/dags/dataquality_pipeline_v2.py took 1.191 seconds
[2022-07-29 02:24:11,100] {processor.py:153} INFO - Started process (PID=1056) to work on /opt/airflow/dags/dataquality_pipeline_v2.py
[2022-07-29 02:24:11,101] {processor.py:641} INFO - Processing file /opt/airflow/dags/dataquality_pipeline_v2.py for tasks to queue
[2022-07-29 02:24:11,101] {logging_mixin.py:115} INFO - [2022-07-29 02:24:11,101] {dagbag.py:508} INFO - Filling up the DagBag from /opt/airflow/dags/dataquality_pipeline_v2.py
[2022-07-29 02:24:11,929] {processor.py:651} INFO - DAG(s) dict_keys(['dataquality_pipeline_v2']) retrieved from /opt/airflow/dags/dataquality_pipeline_v2.py
[2022-07-29 02:24:11,956] {logging_mixin.py:115} INFO - [2022-07-29 02:24:11,956] {dag.py:2420} INFO - Sync 1 DAGs
[2022-07-29 02:24:11,980] {logging_mixin.py:115} INFO - [2022-07-29 02:24:11,980] {dag.py:2972} INFO - Setting next_dagrun for dataquality_pipeline_v2 to None, run_after=None
[2022-07-29 02:24:11,992] {processor.py:161} INFO - Processing /opt/airflow/dags/dataquality_pipeline_v2.py took 0.899 seconds
[2022-07-29 02:24:42,285] {processor.py:153} INFO - Started process (PID=1129) to work on /opt/airflow/dags/dataquality_pipeline_v2.py
[2022-07-29 02:24:42,286] {processor.py:641} INFO - Processing file /opt/airflow/dags/dataquality_pipeline_v2.py for tasks to queue
[2022-07-29 02:24:42,287] {logging_mixin.py:115} INFO - [2022-07-29 02:24:42,287] {dagbag.py:508} INFO - Filling up the DagBag from /opt/airflow/dags/dataquality_pipeline_v2.py
[2022-07-29 02:24:43,057] {processor.py:651} INFO - DAG(s) dict_keys(['dataquality_pipeline_v2']) retrieved from /opt/airflow/dags/dataquality_pipeline_v2.py
[2022-07-29 02:24:43,085] {logging_mixin.py:115} INFO - [2022-07-29 02:24:43,085] {dag.py:2420} INFO - Sync 1 DAGs
[2022-07-29 02:24:43,108] {logging_mixin.py:115} INFO - [2022-07-29 02:24:43,108] {dag.py:2972} INFO - Setting next_dagrun for dataquality_pipeline_v2 to None, run_after=None
[2022-07-29 02:24:43,127] {processor.py:161} INFO - Processing /opt/airflow/dags/dataquality_pipeline_v2.py took 0.847 seconds
[2022-07-29 02:25:14,099] {processor.py:153} INFO - Started process (PID=1201) to work on /opt/airflow/dags/dataquality_pipeline_v2.py
[2022-07-29 02:25:14,099] {processor.py:641} INFO - Processing file /opt/airflow/dags/dataquality_pipeline_v2.py for tasks to queue
[2022-07-29 02:25:14,100] {logging_mixin.py:115} INFO - [2022-07-29 02:25:14,100] {dagbag.py:508} INFO - Filling up the DagBag from /opt/airflow/dags/dataquality_pipeline_v2.py
[2022-07-29 02:25:14,864] {processor.py:651} INFO - DAG(s) dict_keys(['dataquality_pipeline_v2']) retrieved from /opt/airflow/dags/dataquality_pipeline_v2.py
[2022-07-29 02:25:14,892] {logging_mixin.py:115} INFO - [2022-07-29 02:25:14,891] {dag.py:2420} INFO - Sync 1 DAGs
[2022-07-29 02:25:14,914] {logging_mixin.py:115} INFO - [2022-07-29 02:25:14,914] {dag.py:2972} INFO - Setting next_dagrun for dataquality_pipeline_v2 to None, run_after=None
[2022-07-29 02:25:14,927] {processor.py:161} INFO - Processing /opt/airflow/dags/dataquality_pipeline_v2.py took 0.833 seconds
[2022-07-29 02:25:45,832] {processor.py:153} INFO - Started process (PID=1283) to work on /opt/airflow/dags/dataquality_pipeline_v2.py
[2022-07-29 02:25:45,833] {processor.py:641} INFO - Processing file /opt/airflow/dags/dataquality_pipeline_v2.py for tasks to queue
[2022-07-29 02:25:45,834] {logging_mixin.py:115} INFO - [2022-07-29 02:25:45,834] {dagbag.py:508} INFO - Filling up the DagBag from /opt/airflow/dags/dataquality_pipeline_v2.py
[2022-07-29 02:25:46,821] {processor.py:651} INFO - DAG(s) dict_keys(['dataquality_pipeline_v2']) retrieved from /opt/airflow/dags/dataquality_pipeline_v2.py
[2022-07-29 02:25:46,864] {logging_mixin.py:115} INFO - [2022-07-29 02:25:46,864] {dag.py:2420} INFO - Sync 1 DAGs
[2022-07-29 02:25:46,903] {logging_mixin.py:115} INFO - [2022-07-29 02:25:46,903] {dag.py:2972} INFO - Setting next_dagrun for dataquality_pipeline_v2 to None, run_after=None
[2022-07-29 02:25:46,920] {processor.py:161} INFO - Processing /opt/airflow/dags/dataquality_pipeline_v2.py took 1.095 seconds
[2022-07-29 02:26:17,047] {processor.py:153} INFO - Started process (PID=1356) to work on /opt/airflow/dags/dataquality_pipeline_v2.py
[2022-07-29 02:26:17,048] {processor.py:641} INFO - Processing file /opt/airflow/dags/dataquality_pipeline_v2.py for tasks to queue
[2022-07-29 02:26:17,048] {logging_mixin.py:115} INFO - [2022-07-29 02:26:17,048] {dagbag.py:508} INFO - Filling up the DagBag from /opt/airflow/dags/dataquality_pipeline_v2.py
[2022-07-29 02:26:17,802] {processor.py:651} INFO - DAG(s) dict_keys(['dataquality_pipeline_v2']) retrieved from /opt/airflow/dags/dataquality_pipeline_v2.py
[2022-07-29 02:26:17,830] {logging_mixin.py:115} INFO - [2022-07-29 02:26:17,830] {dag.py:2420} INFO - Sync 1 DAGs
[2022-07-29 02:26:17,853] {logging_mixin.py:115} INFO - [2022-07-29 02:26:17,852] {dag.py:2972} INFO - Setting next_dagrun for dataquality_pipeline_v2 to None, run_after=None
[2022-07-29 02:26:17,865] {processor.py:161} INFO - Processing /opt/airflow/dags/dataquality_pipeline_v2.py took 0.823 seconds
[2022-07-29 02:26:48,112] {processor.py:153} INFO - Started process (PID=1429) to work on /opt/airflow/dags/dataquality_pipeline_v2.py
[2022-07-29 02:26:48,113] {processor.py:641} INFO - Processing file /opt/airflow/dags/dataquality_pipeline_v2.py for tasks to queue
[2022-07-29 02:26:48,113] {logging_mixin.py:115} INFO - [2022-07-29 02:26:48,113] {dagbag.py:508} INFO - Filling up the DagBag from /opt/airflow/dags/dataquality_pipeline_v2.py
[2022-07-29 02:26:49,008] {processor.py:651} INFO - DAG(s) dict_keys(['dataquality_pipeline_v2']) retrieved from /opt/airflow/dags/dataquality_pipeline_v2.py
[2022-07-29 02:26:49,049] {logging_mixin.py:115} INFO - [2022-07-29 02:26:49,048] {dag.py:2420} INFO - Sync 1 DAGs
[2022-07-29 02:26:49,086] {logging_mixin.py:115} INFO - [2022-07-29 02:26:49,086] {dag.py:2972} INFO - Setting next_dagrun for dataquality_pipeline_v2 to None, run_after=None
[2022-07-29 02:26:49,104] {processor.py:161} INFO - Processing /opt/airflow/dags/dataquality_pipeline_v2.py took 0.998 seconds
[2022-07-29 02:27:20,260] {processor.py:153} INFO - Started process (PID=1511) to work on /opt/airflow/dags/dataquality_pipeline_v2.py
[2022-07-29 02:27:20,262] {processor.py:641} INFO - Processing file /opt/airflow/dags/dataquality_pipeline_v2.py for tasks to queue
[2022-07-29 02:27:20,262] {logging_mixin.py:115} INFO - [2022-07-29 02:27:20,262] {dagbag.py:508} INFO - Filling up the DagBag from /opt/airflow/dags/dataquality_pipeline_v2.py
[2022-07-29 02:27:21,031] {processor.py:651} INFO - DAG(s) dict_keys(['dataquality_pipeline_v2']) retrieved from /opt/airflow/dags/dataquality_pipeline_v2.py
[2022-07-29 02:27:21,058] {logging_mixin.py:115} INFO - [2022-07-29 02:27:21,058] {dag.py:2420} INFO - Sync 1 DAGs
[2022-07-29 02:27:21,082] {logging_mixin.py:115} INFO - [2022-07-29 02:27:21,081] {dag.py:2972} INFO - Setting next_dagrun for dataquality_pipeline_v2 to None, run_after=None
[2022-07-29 02:27:21,094] {processor.py:161} INFO - Processing /opt/airflow/dags/dataquality_pipeline_v2.py took 0.840 seconds
[2022-07-29 02:27:51,751] {processor.py:153} INFO - Started process (PID=1584) to work on /opt/airflow/dags/dataquality_pipeline_v2.py
[2022-07-29 02:27:51,752] {processor.py:641} INFO - Processing file /opt/airflow/dags/dataquality_pipeline_v2.py for tasks to queue
[2022-07-29 02:27:51,752] {logging_mixin.py:115} INFO - [2022-07-29 02:27:51,752] {dagbag.py:508} INFO - Filling up the DagBag from /opt/airflow/dags/dataquality_pipeline_v2.py
[2022-07-29 02:27:52,552] {processor.py:651} INFO - DAG(s) dict_keys(['dataquality_pipeline_v2']) retrieved from /opt/airflow/dags/dataquality_pipeline_v2.py
[2022-07-29 02:27:52,580] {logging_mixin.py:115} INFO - [2022-07-29 02:27:52,579] {dag.py:2420} INFO - Sync 1 DAGs
[2022-07-29 02:27:52,603] {logging_mixin.py:115} INFO - [2022-07-29 02:27:52,603] {dag.py:2972} INFO - Setting next_dagrun for dataquality_pipeline_v2 to None, run_after=None
[2022-07-29 02:27:52,616] {processor.py:161} INFO - Processing /opt/airflow/dags/dataquality_pipeline_v2.py took 0.872 seconds
[2022-07-29 02:28:23,558] {processor.py:153} INFO - Started process (PID=1665) to work on /opt/airflow/dags/dataquality_pipeline_v2.py
[2022-07-29 02:28:23,559] {processor.py:641} INFO - Processing file /opt/airflow/dags/dataquality_pipeline_v2.py for tasks to queue
[2022-07-29 02:28:23,560] {logging_mixin.py:115} INFO - [2022-07-29 02:28:23,560] {dagbag.py:508} INFO - Filling up the DagBag from /opt/airflow/dags/dataquality_pipeline_v2.py
[2022-07-29 02:28:24,837] {processor.py:651} INFO - DAG(s) dict_keys(['dataquality_pipeline_v2']) retrieved from /opt/airflow/dags/dataquality_pipeline_v2.py
[2022-07-29 02:28:24,879] {logging_mixin.py:115} INFO - [2022-07-29 02:28:24,878] {dag.py:2420} INFO - Sync 1 DAGs
[2022-07-29 02:28:24,914] {logging_mixin.py:115} INFO - [2022-07-29 02:28:24,913] {dag.py:2972} INFO - Setting next_dagrun for dataquality_pipeline_v2 to None, run_after=None
[2022-07-29 02:28:24,930] {processor.py:161} INFO - Processing /opt/airflow/dags/dataquality_pipeline_v2.py took 1.378 seconds
[2022-07-29 02:28:56,059] {processor.py:153} INFO - Started process (PID=1739) to work on /opt/airflow/dags/dataquality_pipeline_v2.py
[2022-07-29 02:28:56,060] {processor.py:641} INFO - Processing file /opt/airflow/dags/dataquality_pipeline_v2.py for tasks to queue
[2022-07-29 02:28:56,061] {logging_mixin.py:115} INFO - [2022-07-29 02:28:56,061] {dagbag.py:508} INFO - Filling up the DagBag from /opt/airflow/dags/dataquality_pipeline_v2.py
[2022-07-29 02:28:57,603] {processor.py:651} INFO - DAG(s) dict_keys(['dataquality_pipeline_v2']) retrieved from /opt/airflow/dags/dataquality_pipeline_v2.py
[2022-07-29 02:28:57,644] {logging_mixin.py:115} INFO - [2022-07-29 02:28:57,644] {dag.py:2420} INFO - Sync 1 DAGs
[2022-07-29 02:28:57,680] {logging_mixin.py:115} INFO - [2022-07-29 02:28:57,679] {dag.py:2972} INFO - Setting next_dagrun for dataquality_pipeline_v2 to None, run_after=None
[2022-07-29 02:28:57,696] {processor.py:161} INFO - Processing /opt/airflow/dags/dataquality_pipeline_v2.py took 1.644 seconds
[2022-07-29 02:29:28,217] {processor.py:153} INFO - Started process (PID=1821) to work on /opt/airflow/dags/dataquality_pipeline_v2.py
[2022-07-29 02:29:28,218] {processor.py:641} INFO - Processing file /opt/airflow/dags/dataquality_pipeline_v2.py for tasks to queue
[2022-07-29 02:29:28,219] {logging_mixin.py:115} INFO - [2022-07-29 02:29:28,219] {dagbag.py:508} INFO - Filling up the DagBag from /opt/airflow/dags/dataquality_pipeline_v2.py
[2022-07-29 02:29:29,407] {processor.py:651} INFO - DAG(s) dict_keys(['dataquality_pipeline_v2']) retrieved from /opt/airflow/dags/dataquality_pipeline_v2.py
[2022-07-29 02:29:29,451] {logging_mixin.py:115} INFO - [2022-07-29 02:29:29,450] {dag.py:2420} INFO - Sync 1 DAGs
[2022-07-29 02:29:29,486] {logging_mixin.py:115} INFO - [2022-07-29 02:29:29,486] {dag.py:2972} INFO - Setting next_dagrun for dataquality_pipeline_v2 to None, run_after=None
[2022-07-29 02:29:29,503] {processor.py:161} INFO - Processing /opt/airflow/dags/dataquality_pipeline_v2.py took 1.292 seconds
[2022-07-29 02:30:00,101] {processor.py:153} INFO - Started process (PID=1894) to work on /opt/airflow/dags/dataquality_pipeline_v2.py
[2022-07-29 02:30:00,102] {processor.py:641} INFO - Processing file /opt/airflow/dags/dataquality_pipeline_v2.py for tasks to queue
[2022-07-29 02:30:00,103] {logging_mixin.py:115} INFO - [2022-07-29 02:30:00,103] {dagbag.py:508} INFO - Filling up the DagBag from /opt/airflow/dags/dataquality_pipeline_v2.py
[2022-07-29 02:30:03,849] {processor.py:651} INFO - DAG(s) dict_keys(['dataquality_pipeline_v2']) retrieved from /opt/airflow/dags/dataquality_pipeline_v2.py
[2022-07-29 02:30:03,928] {logging_mixin.py:115} INFO - [2022-07-29 02:30:03,928] {dag.py:2420} INFO - Sync 1 DAGs
[2022-07-29 02:30:03,994] {logging_mixin.py:115} INFO - [2022-07-29 02:30:03,994] {dag.py:2972} INFO - Setting next_dagrun for dataquality_pipeline_v2 to None, run_after=None
[2022-07-29 02:30:04,024] {processor.py:161} INFO - Processing /opt/airflow/dags/dataquality_pipeline_v2.py took 3.941 seconds
[2022-07-29 02:30:34,545] {processor.py:153} INFO - Started process (PID=1974) to work on /opt/airflow/dags/dataquality_pipeline_v2.py
[2022-07-29 02:30:34,546] {processor.py:641} INFO - Processing file /opt/airflow/dags/dataquality_pipeline_v2.py for tasks to queue
[2022-07-29 02:30:34,547] {logging_mixin.py:115} INFO - [2022-07-29 02:30:34,547] {dagbag.py:508} INFO - Filling up the DagBag from /opt/airflow/dags/dataquality_pipeline_v2.py
[2022-07-29 02:30:35,962] {processor.py:651} INFO - DAG(s) dict_keys(['dataquality_pipeline_v2']) retrieved from /opt/airflow/dags/dataquality_pipeline_v2.py
[2022-07-29 02:30:36,019] {logging_mixin.py:115} INFO - [2022-07-29 02:30:36,018] {dag.py:2420} INFO - Sync 1 DAGs
[2022-07-29 02:30:36,048] {logging_mixin.py:115} INFO - [2022-07-29 02:30:36,048] {dag.py:2972} INFO - Setting next_dagrun for dataquality_pipeline_v2 to None, run_after=None
[2022-07-29 02:30:36,061] {processor.py:161} INFO - Processing /opt/airflow/dags/dataquality_pipeline_v2.py took 1.523 seconds
[2022-07-29 02:31:06,249] {processor.py:153} INFO - Started process (PID=2047) to work on /opt/airflow/dags/dataquality_pipeline_v2.py
[2022-07-29 02:31:06,250] {processor.py:641} INFO - Processing file /opt/airflow/dags/dataquality_pipeline_v2.py for tasks to queue
[2022-07-29 02:31:06,251] {logging_mixin.py:115} INFO - [2022-07-29 02:31:06,251] {dagbag.py:508} INFO - Filling up the DagBag from /opt/airflow/dags/dataquality_pipeline_v2.py
[2022-07-29 02:31:07,494] {processor.py:651} INFO - DAG(s) dict_keys(['dataquality_pipeline_v2']) retrieved from /opt/airflow/dags/dataquality_pipeline_v2.py
[2022-07-29 02:31:07,535] {logging_mixin.py:115} INFO - [2022-07-29 02:31:07,535] {dag.py:2420} INFO - Sync 1 DAGs
[2022-07-29 02:31:07,573] {logging_mixin.py:115} INFO - [2022-07-29 02:31:07,572] {dag.py:2972} INFO - Setting next_dagrun for dataquality_pipeline_v2 to None, run_after=None
[2022-07-29 02:31:07,590] {processor.py:161} INFO - Processing /opt/airflow/dags/dataquality_pipeline_v2.py took 1.347 seconds
[2022-07-29 02:31:38,283] {processor.py:153} INFO - Started process (PID=2121) to work on /opt/airflow/dags/dataquality_pipeline_v2.py
[2022-07-29 02:31:38,284] {processor.py:641} INFO - Processing file /opt/airflow/dags/dataquality_pipeline_v2.py for tasks to queue
[2022-07-29 02:31:38,285] {logging_mixin.py:115} INFO - [2022-07-29 02:31:38,285] {dagbag.py:508} INFO - Filling up the DagBag from /opt/airflow/dags/dataquality_pipeline_v2.py
[2022-07-29 02:31:40,083] {processor.py:651} INFO - DAG(s) dict_keys(['dataquality_pipeline_v2']) retrieved from /opt/airflow/dags/dataquality_pipeline_v2.py
[2022-07-29 02:31:40,125] {logging_mixin.py:115} INFO - [2022-07-29 02:31:40,125] {dag.py:2420} INFO - Sync 1 DAGs
[2022-07-29 02:31:40,161] {logging_mixin.py:115} INFO - [2022-07-29 02:31:40,161] {dag.py:2972} INFO - Setting next_dagrun for dataquality_pipeline_v2 to None, run_after=None
[2022-07-29 02:31:40,184] {processor.py:161} INFO - Processing /opt/airflow/dags/dataquality_pipeline_v2.py took 1.914 seconds
[2022-07-29 02:32:11,256] {processor.py:153} INFO - Started process (PID=2203) to work on /opt/airflow/dags/dataquality_pipeline_v2.py
[2022-07-29 02:32:11,257] {processor.py:641} INFO - Processing file /opt/airflow/dags/dataquality_pipeline_v2.py for tasks to queue
[2022-07-29 02:32:11,258] {logging_mixin.py:115} INFO - [2022-07-29 02:32:11,258] {dagbag.py:508} INFO - Filling up the DagBag from /opt/airflow/dags/dataquality_pipeline_v2.py
[2022-07-29 02:32:12,650] {processor.py:651} INFO - DAG(s) dict_keys(['dataquality_pipeline_v2']) retrieved from /opt/airflow/dags/dataquality_pipeline_v2.py
[2022-07-29 02:32:12,691] {logging_mixin.py:115} INFO - [2022-07-29 02:32:12,691] {dag.py:2420} INFO - Sync 1 DAGs
[2022-07-29 02:32:12,727] {logging_mixin.py:115} INFO - [2022-07-29 02:32:12,727] {dag.py:2972} INFO - Setting next_dagrun for dataquality_pipeline_v2 to None, run_after=None
[2022-07-29 02:32:12,749] {processor.py:161} INFO - Processing /opt/airflow/dags/dataquality_pipeline_v2.py took 1.499 seconds
[2022-07-29 02:32:42,858] {processor.py:153} INFO - Started process (PID=2276) to work on /opt/airflow/dags/dataquality_pipeline_v2.py
[2022-07-29 02:32:42,858] {processor.py:641} INFO - Processing file /opt/airflow/dags/dataquality_pipeline_v2.py for tasks to queue
[2022-07-29 02:32:42,859] {logging_mixin.py:115} INFO - [2022-07-29 02:32:42,859] {dagbag.py:508} INFO - Filling up the DagBag from /opt/airflow/dags/dataquality_pipeline_v2.py
[2022-07-29 02:32:44,049] {processor.py:651} INFO - DAG(s) dict_keys(['dataquality_pipeline_v2']) retrieved from /opt/airflow/dags/dataquality_pipeline_v2.py
[2022-07-29 02:32:44,094] {logging_mixin.py:115} INFO - [2022-07-29 02:32:44,093] {dag.py:2420} INFO - Sync 1 DAGs
[2022-07-29 02:32:44,132] {logging_mixin.py:115} INFO - [2022-07-29 02:32:44,132] {dag.py:2972} INFO - Setting next_dagrun for dataquality_pipeline_v2 to None, run_after=None
[2022-07-29 02:32:44,150] {processor.py:161} INFO - Processing /opt/airflow/dags/dataquality_pipeline_v2.py took 1.298 seconds
[2022-07-29 02:33:14,463] {processor.py:153} INFO - Started process (PID=2349) to work on /opt/airflow/dags/dataquality_pipeline_v2.py
[2022-07-29 02:33:14,464] {processor.py:641} INFO - Processing file /opt/airflow/dags/dataquality_pipeline_v2.py for tasks to queue
[2022-07-29 02:33:14,465] {logging_mixin.py:115} INFO - [2022-07-29 02:33:14,465] {dagbag.py:508} INFO - Filling up the DagBag from /opt/airflow/dags/dataquality_pipeline_v2.py
[2022-07-29 02:33:15,790] {processor.py:651} INFO - DAG(s) dict_keys(['dataquality_pipeline_v2']) retrieved from /opt/airflow/dags/dataquality_pipeline_v2.py
[2022-07-29 02:33:15,839] {logging_mixin.py:115} INFO - [2022-07-29 02:33:15,839] {dag.py:2420} INFO - Sync 1 DAGs
[2022-07-29 02:33:15,875] {logging_mixin.py:115} INFO - [2022-07-29 02:33:15,875] {dag.py:2972} INFO - Setting next_dagrun for dataquality_pipeline_v2 to None, run_after=None
[2022-07-29 02:33:15,893] {processor.py:161} INFO - Processing /opt/airflow/dags/dataquality_pipeline_v2.py took 1.447 seconds
[2022-07-29 02:33:48,919] {processor.py:153} INFO - Started process (PID=2432) to work on /opt/airflow/dags/dataquality_pipeline_v2.py
[2022-07-29 02:33:48,924] {processor.py:641} INFO - Processing file /opt/airflow/dags/dataquality_pipeline_v2.py for tasks to queue
[2022-07-29 02:33:48,925] {logging_mixin.py:115} INFO - [2022-07-29 02:33:48,925] {dagbag.py:508} INFO - Filling up the DagBag from /opt/airflow/dags/dataquality_pipeline_v2.py
[2022-07-29 02:33:50,039] {processor.py:651} INFO - DAG(s) dict_keys(['dataquality_pipeline_v2']) retrieved from /opt/airflow/dags/dataquality_pipeline_v2.py
[2022-07-29 02:33:50,067] {logging_mixin.py:115} INFO - [2022-07-29 02:33:50,067] {dag.py:2420} INFO - Sync 1 DAGs
[2022-07-29 02:33:50,091] {logging_mixin.py:115} INFO - [2022-07-29 02:33:50,091] {dag.py:2972} INFO - Setting next_dagrun for dataquality_pipeline_v2 to None, run_after=None
[2022-07-29 02:33:50,106] {processor.py:161} INFO - Processing /opt/airflow/dags/dataquality_pipeline_v2.py took 1.204 seconds
[2022-07-29 02:34:21,594] {processor.py:153} INFO - Started process (PID=2514) to work on /opt/airflow/dags/dataquality_pipeline_v2.py
[2022-07-29 02:34:21,597] {processor.py:641} INFO - Processing file /opt/airflow/dags/dataquality_pipeline_v2.py for tasks to queue
[2022-07-29 02:34:21,598] {logging_mixin.py:115} INFO - [2022-07-29 02:34:21,598] {dagbag.py:508} INFO - Filling up the DagBag from /opt/airflow/dags/dataquality_pipeline_v2.py
[2022-07-29 02:34:23,889] {processor.py:651} INFO - DAG(s) dict_keys(['dataquality_pipeline_v2']) retrieved from /opt/airflow/dags/dataquality_pipeline_v2.py
[2022-07-29 02:34:23,932] {logging_mixin.py:115} INFO - [2022-07-29 02:34:23,931] {dag.py:2420} INFO - Sync 1 DAGs
[2022-07-29 02:34:23,967] {logging_mixin.py:115} INFO - [2022-07-29 02:34:23,967] {dag.py:2972} INFO - Setting next_dagrun for dataquality_pipeline_v2 to None, run_after=None
[2022-07-29 02:34:23,984] {processor.py:161} INFO - Processing /opt/airflow/dags/dataquality_pipeline_v2.py took 2.403 seconds
[2022-07-29 02:34:54,286] {processor.py:153} INFO - Started process (PID=2587) to work on /opt/airflow/dags/dataquality_pipeline_v2.py
[2022-07-29 02:34:54,286] {processor.py:641} INFO - Processing file /opt/airflow/dags/dataquality_pipeline_v2.py for tasks to queue
[2022-07-29 02:34:54,287] {logging_mixin.py:115} INFO - [2022-07-29 02:34:54,287] {dagbag.py:508} INFO - Filling up the DagBag from /opt/airflow/dags/dataquality_pipeline_v2.py
[2022-07-29 02:34:55,095] {processor.py:651} INFO - DAG(s) dict_keys(['dataquality_pipeline_v2']) retrieved from /opt/airflow/dags/dataquality_pipeline_v2.py
[2022-07-29 02:34:55,123] {logging_mixin.py:115} INFO - [2022-07-29 02:34:55,122] {dag.py:2420} INFO - Sync 1 DAGs
[2022-07-29 02:34:55,146] {logging_mixin.py:115} INFO - [2022-07-29 02:34:55,146] {dag.py:2972} INFO - Setting next_dagrun for dataquality_pipeline_v2 to None, run_after=None
[2022-07-29 02:34:55,163] {processor.py:161} INFO - Processing /opt/airflow/dags/dataquality_pipeline_v2.py took 0.888 seconds
[2022-07-29 02:35:26,056] {processor.py:153} INFO - Started process (PID=2670) to work on /opt/airflow/dags/dataquality_pipeline_v2.py
[2022-07-29 02:35:26,057] {processor.py:641} INFO - Processing file /opt/airflow/dags/dataquality_pipeline_v2.py for tasks to queue
[2022-07-29 02:35:26,058] {logging_mixin.py:115} INFO - [2022-07-29 02:35:26,058] {dagbag.py:508} INFO - Filling up the DagBag from /opt/airflow/dags/dataquality_pipeline_v2.py
[2022-07-29 02:35:27,336] {processor.py:651} INFO - DAG(s) dict_keys(['dataquality_pipeline_v2']) retrieved from /opt/airflow/dags/dataquality_pipeline_v2.py
[2022-07-29 02:35:27,383] {logging_mixin.py:115} INFO - [2022-07-29 02:35:27,382] {dag.py:2420} INFO - Sync 1 DAGs
[2022-07-29 02:35:27,419] {logging_mixin.py:115} INFO - [2022-07-29 02:35:27,419] {dag.py:2972} INFO - Setting next_dagrun for dataquality_pipeline_v2 to None, run_after=None
[2022-07-29 02:35:27,442] {processor.py:161} INFO - Processing /opt/airflow/dags/dataquality_pipeline_v2.py took 1.409 seconds
[2022-07-29 02:35:57,822] {processor.py:153} INFO - Started process (PID=2743) to work on /opt/airflow/dags/dataquality_pipeline_v2.py
[2022-07-29 02:35:57,832] {processor.py:641} INFO - Processing file /opt/airflow/dags/dataquality_pipeline_v2.py for tasks to queue
[2022-07-29 02:35:57,833] {logging_mixin.py:115} INFO - [2022-07-29 02:35:57,833] {dagbag.py:508} INFO - Filling up the DagBag from /opt/airflow/dags/dataquality_pipeline_v2.py
[2022-07-29 02:36:01,947] {processor.py:651} INFO - DAG(s) dict_keys(['dataquality_pipeline_v2']) retrieved from /opt/airflow/dags/dataquality_pipeline_v2.py
[2022-07-29 02:36:02,021] {logging_mixin.py:115} INFO - [2022-07-29 02:36:02,021] {dag.py:2420} INFO - Sync 1 DAGs
[2022-07-29 02:36:02,057] {logging_mixin.py:115} INFO - [2022-07-29 02:36:02,056] {dag.py:2972} INFO - Setting next_dagrun for dataquality_pipeline_v2 to None, run_after=None
[2022-07-29 02:36:02,073] {processor.py:161} INFO - Processing /opt/airflow/dags/dataquality_pipeline_v2.py took 4.270 seconds
[2022-07-29 02:36:32,719] {processor.py:153} INFO - Started process (PID=2824) to work on /opt/airflow/dags/dataquality_pipeline_v2.py
[2022-07-29 02:36:32,720] {processor.py:641} INFO - Processing file /opt/airflow/dags/dataquality_pipeline_v2.py for tasks to queue
[2022-07-29 02:36:32,721] {logging_mixin.py:115} INFO - [2022-07-29 02:36:32,721] {dagbag.py:508} INFO - Filling up the DagBag from /opt/airflow/dags/dataquality_pipeline_v2.py
[2022-07-29 02:36:33,876] {processor.py:651} INFO - DAG(s) dict_keys(['dataquality_pipeline_v2']) retrieved from /opt/airflow/dags/dataquality_pipeline_v2.py
[2022-07-29 02:36:33,918] {logging_mixin.py:115} INFO - [2022-07-29 02:36:33,918] {dag.py:2420} INFO - Sync 1 DAGs
[2022-07-29 02:36:33,953] {logging_mixin.py:115} INFO - [2022-07-29 02:36:33,953] {dag.py:2972} INFO - Setting next_dagrun for dataquality_pipeline_v2 to None, run_after=None
[2022-07-29 02:36:33,969] {processor.py:161} INFO - Processing /opt/airflow/dags/dataquality_pipeline_v2.py took 1.257 seconds
[2022-07-29 02:37:04,238] {processor.py:153} INFO - Started process (PID=2896) to work on /opt/airflow/dags/dataquality_pipeline_v2.py
[2022-07-29 02:37:04,239] {processor.py:641} INFO - Processing file /opt/airflow/dags/dataquality_pipeline_v2.py for tasks to queue
[2022-07-29 02:37:04,240] {logging_mixin.py:115} INFO - [2022-07-29 02:37:04,240] {dagbag.py:508} INFO - Filling up the DagBag from /opt/airflow/dags/dataquality_pipeline_v2.py
[2022-07-29 02:37:06,184] {processor.py:651} INFO - DAG(s) dict_keys(['dataquality_pipeline_v2']) retrieved from /opt/airflow/dags/dataquality_pipeline_v2.py
[2022-07-29 02:37:06,225] {logging_mixin.py:115} INFO - [2022-07-29 02:37:06,225] {dag.py:2420} INFO - Sync 1 DAGs
[2022-07-29 02:37:06,346] {logging_mixin.py:115} INFO - [2022-07-29 02:37:06,346] {dag.py:2972} INFO - Setting next_dagrun for dataquality_pipeline_v2 to None, run_after=None
[2022-07-29 02:37:06,389] {processor.py:161} INFO - Processing /opt/airflow/dags/dataquality_pipeline_v2.py took 2.157 seconds
[2022-07-29 02:37:37,239] {processor.py:153} INFO - Started process (PID=2968) to work on /opt/airflow/dags/dataquality_pipeline_v2.py
[2022-07-29 02:37:37,239] {processor.py:641} INFO - Processing file /opt/airflow/dags/dataquality_pipeline_v2.py for tasks to queue
[2022-07-29 02:37:37,240] {logging_mixin.py:115} INFO - [2022-07-29 02:37:37,240] {dagbag.py:508} INFO - Filling up the DagBag from /opt/airflow/dags/dataquality_pipeline_v2.py
[2022-07-29 02:37:38,790] {processor.py:651} INFO - DAG(s) dict_keys(['dataquality_pipeline_v2']) retrieved from /opt/airflow/dags/dataquality_pipeline_v2.py
[2022-07-29 02:37:38,856] {logging_mixin.py:115} INFO - [2022-07-29 02:37:38,856] {dag.py:2420} INFO - Sync 1 DAGs
[2022-07-29 02:37:38,892] {logging_mixin.py:115} INFO - [2022-07-29 02:37:38,892] {dag.py:2972} INFO - Setting next_dagrun for dataquality_pipeline_v2 to None, run_after=None
[2022-07-29 02:37:38,909] {processor.py:161} INFO - Processing /opt/airflow/dags/dataquality_pipeline_v2.py took 1.697 seconds
[2022-07-29 02:38:09,304] {processor.py:153} INFO - Started process (PID=3051) to work on /opt/airflow/dags/dataquality_pipeline_v2.py
[2022-07-29 02:38:09,305] {processor.py:641} INFO - Processing file /opt/airflow/dags/dataquality_pipeline_v2.py for tasks to queue
[2022-07-29 02:38:09,306] {logging_mixin.py:115} INFO - [2022-07-29 02:38:09,306] {dagbag.py:508} INFO - Filling up the DagBag from /opt/airflow/dags/dataquality_pipeline_v2.py
[2022-07-29 02:38:10,462] {processor.py:651} INFO - DAG(s) dict_keys(['dataquality_pipeline_v2']) retrieved from /opt/airflow/dags/dataquality_pipeline_v2.py
[2022-07-29 02:38:10,505] {logging_mixin.py:115} INFO - [2022-07-29 02:38:10,505] {dag.py:2420} INFO - Sync 1 DAGs
[2022-07-29 02:38:10,541] {logging_mixin.py:115} INFO - [2022-07-29 02:38:10,541] {dag.py:2972} INFO - Setting next_dagrun for dataquality_pipeline_v2 to None, run_after=None
[2022-07-29 02:38:10,570] {processor.py:161} INFO - Processing /opt/airflow/dags/dataquality_pipeline_v2.py took 1.273 seconds
[2022-07-29 02:38:41,049] {processor.py:153} INFO - Started process (PID=3124) to work on /opt/airflow/dags/dataquality_pipeline_v2.py
[2022-07-29 02:38:41,050] {processor.py:641} INFO - Processing file /opt/airflow/dags/dataquality_pipeline_v2.py for tasks to queue
[2022-07-29 02:38:41,051] {logging_mixin.py:115} INFO - [2022-07-29 02:38:41,051] {dagbag.py:508} INFO - Filling up the DagBag from /opt/airflow/dags/dataquality_pipeline_v2.py
[2022-07-29 02:38:42,180] {processor.py:651} INFO - DAG(s) dict_keys(['dataquality_pipeline_v2']) retrieved from /opt/airflow/dags/dataquality_pipeline_v2.py
[2022-07-29 02:38:42,221] {logging_mixin.py:115} INFO - [2022-07-29 02:38:42,221] {dag.py:2420} INFO - Sync 1 DAGs
[2022-07-29 02:38:42,261] {logging_mixin.py:115} INFO - [2022-07-29 02:38:42,261] {dag.py:2972} INFO - Setting next_dagrun for dataquality_pipeline_v2 to None, run_after=None
[2022-07-29 02:38:42,277] {processor.py:161} INFO - Processing /opt/airflow/dags/dataquality_pipeline_v2.py took 1.235 seconds
[2022-07-29 02:39:12,380] {processor.py:153} INFO - Started process (PID=3195) to work on /opt/airflow/dags/dataquality_pipeline_v2.py
[2022-07-29 02:39:12,381] {processor.py:641} INFO - Processing file /opt/airflow/dags/dataquality_pipeline_v2.py for tasks to queue
[2022-07-29 02:39:12,382] {logging_mixin.py:115} INFO - [2022-07-29 02:39:12,381] {dagbag.py:508} INFO - Filling up the DagBag from /opt/airflow/dags/dataquality_pipeline_v2.py
[2022-07-29 02:39:13,184] {processor.py:651} INFO - DAG(s) dict_keys(['dataquality_pipeline_v2']) retrieved from /opt/airflow/dags/dataquality_pipeline_v2.py
[2022-07-29 02:39:13,212] {logging_mixin.py:115} INFO - [2022-07-29 02:39:13,212] {dag.py:2420} INFO - Sync 1 DAGs
[2022-07-29 02:39:13,236] {logging_mixin.py:115} INFO - [2022-07-29 02:39:13,235] {dag.py:2972} INFO - Setting next_dagrun for dataquality_pipeline_v2 to None, run_after=None
[2022-07-29 02:39:13,249] {processor.py:161} INFO - Processing /opt/airflow/dags/dataquality_pipeline_v2.py took 0.878 seconds
[2022-07-29 02:39:43,766] {processor.py:153} INFO - Started process (PID=3277) to work on /opt/airflow/dags/dataquality_pipeline_v2.py
[2022-07-29 02:39:43,768] {processor.py:641} INFO - Processing file /opt/airflow/dags/dataquality_pipeline_v2.py for tasks to queue
[2022-07-29 02:39:43,769] {logging_mixin.py:115} INFO - [2022-07-29 02:39:43,769] {dagbag.py:508} INFO - Filling up the DagBag from /opt/airflow/dags/dataquality_pipeline_v2.py
[2022-07-29 02:39:45,741] {processor.py:651} INFO - DAG(s) dict_keys(['dataquality_pipeline_v2']) retrieved from /opt/airflow/dags/dataquality_pipeline_v2.py
[2022-07-29 02:39:45,783] {logging_mixin.py:115} INFO - [2022-07-29 02:39:45,782] {dag.py:2420} INFO - Sync 1 DAGs
[2022-07-29 02:39:45,820] {logging_mixin.py:115} INFO - [2022-07-29 02:39:45,819] {dag.py:2972} INFO - Setting next_dagrun for dataquality_pipeline_v2 to None, run_after=None
[2022-07-29 02:39:45,836] {processor.py:161} INFO - Processing /opt/airflow/dags/dataquality_pipeline_v2.py took 2.077 seconds
[2022-07-29 02:40:16,510] {processor.py:153} INFO - Started process (PID=3351) to work on /opt/airflow/dags/dataquality_pipeline_v2.py
[2022-07-29 02:40:16,511] {processor.py:641} INFO - Processing file /opt/airflow/dags/dataquality_pipeline_v2.py for tasks to queue
[2022-07-29 02:40:16,512] {logging_mixin.py:115} INFO - [2022-07-29 02:40:16,512] {dagbag.py:508} INFO - Filling up the DagBag from /opt/airflow/dags/dataquality_pipeline_v2.py
[2022-07-29 02:40:17,997] {processor.py:651} INFO - DAG(s) dict_keys(['dataquality_pipeline_v2']) retrieved from /opt/airflow/dags/dataquality_pipeline_v2.py
[2022-07-29 02:40:18,088] {logging_mixin.py:115} INFO - [2022-07-29 02:40:18,088] {dag.py:2420} INFO - Sync 1 DAGs
[2022-07-29 02:40:18,148] {logging_mixin.py:115} INFO - [2022-07-29 02:40:18,148] {dag.py:2972} INFO - Setting next_dagrun for dataquality_pipeline_v2 to None, run_after=None
[2022-07-29 02:40:18,178] {processor.py:161} INFO - Processing /opt/airflow/dags/dataquality_pipeline_v2.py took 1.675 seconds
[2022-07-29 02:40:48,852] {processor.py:153} INFO - Started process (PID=3434) to work on /opt/airflow/dags/dataquality_pipeline_v2.py
[2022-07-29 02:40:48,860] {processor.py:641} INFO - Processing file /opt/airflow/dags/dataquality_pipeline_v2.py for tasks to queue
[2022-07-29 02:40:48,861] {logging_mixin.py:115} INFO - [2022-07-29 02:40:48,861] {dagbag.py:508} INFO - Filling up the DagBag from /opt/airflow/dags/dataquality_pipeline_v2.py
[2022-07-29 02:40:51,886] {processor.py:651} INFO - DAG(s) dict_keys(['dataquality_pipeline_v2']) retrieved from /opt/airflow/dags/dataquality_pipeline_v2.py
[2022-07-29 02:40:52,010] {logging_mixin.py:115} INFO - [2022-07-29 02:40:52,010] {dag.py:2420} INFO - Sync 1 DAGs
[2022-07-29 02:40:52,122] {logging_mixin.py:115} INFO - [2022-07-29 02:40:52,122] {dag.py:2972} INFO - Setting next_dagrun for dataquality_pipeline_v2 to None, run_after=None
[2022-07-29 02:40:52,168] {processor.py:161} INFO - Processing /opt/airflow/dags/dataquality_pipeline_v2.py took 3.329 seconds
[2022-07-29 02:41:22,647] {processor.py:153} INFO - Started process (PID=3516) to work on /opt/airflow/dags/dataquality_pipeline_v2.py
[2022-07-29 02:41:22,648] {processor.py:641} INFO - Processing file /opt/airflow/dags/dataquality_pipeline_v2.py for tasks to queue
[2022-07-29 02:41:22,649] {logging_mixin.py:115} INFO - [2022-07-29 02:41:22,649] {dagbag.py:508} INFO - Filling up the DagBag from /opt/airflow/dags/dataquality_pipeline_v2.py
[2022-07-29 02:41:23,819] {processor.py:651} INFO - DAG(s) dict_keys(['dataquality_pipeline_v2']) retrieved from /opt/airflow/dags/dataquality_pipeline_v2.py
[2022-07-29 02:41:23,860] {logging_mixin.py:115} INFO - [2022-07-29 02:41:23,860] {dag.py:2420} INFO - Sync 1 DAGs
[2022-07-29 02:41:23,894] {logging_mixin.py:115} INFO - [2022-07-29 02:41:23,894] {dag.py:2972} INFO - Setting next_dagrun for dataquality_pipeline_v2 to None, run_after=None
[2022-07-29 02:41:23,930] {processor.py:161} INFO - Processing /opt/airflow/dags/dataquality_pipeline_v2.py took 1.291 seconds
[2022-07-29 02:41:54,296] {processor.py:153} INFO - Started process (PID=3589) to work on /opt/airflow/dags/dataquality_pipeline_v2.py
[2022-07-29 02:41:54,297] {processor.py:641} INFO - Processing file /opt/airflow/dags/dataquality_pipeline_v2.py for tasks to queue
[2022-07-29 02:41:54,298] {logging_mixin.py:115} INFO - [2022-07-29 02:41:54,298] {dagbag.py:508} INFO - Filling up the DagBag from /opt/airflow/dags/dataquality_pipeline_v2.py
[2022-07-29 02:41:55,469] {processor.py:651} INFO - DAG(s) dict_keys(['dataquality_pipeline_v2']) retrieved from /opt/airflow/dags/dataquality_pipeline_v2.py
[2022-07-29 02:41:55,511] {logging_mixin.py:115} INFO - [2022-07-29 02:41:55,511] {dag.py:2420} INFO - Sync 1 DAGs
[2022-07-29 02:41:55,547] {logging_mixin.py:115} INFO - [2022-07-29 02:41:55,547] {dag.py:2972} INFO - Setting next_dagrun for dataquality_pipeline_v2 to None, run_after=None
[2022-07-29 02:41:55,563] {processor.py:161} INFO - Processing /opt/airflow/dags/dataquality_pipeline_v2.py took 1.274 seconds
[2022-07-29 02:42:25,865] {processor.py:153} INFO - Started process (PID=3662) to work on /opt/airflow/dags/dataquality_pipeline_v2.py
[2022-07-29 02:42:25,876] {processor.py:641} INFO - Processing file /opt/airflow/dags/dataquality_pipeline_v2.py for tasks to queue
[2022-07-29 02:42:25,877] {logging_mixin.py:115} INFO - [2022-07-29 02:42:25,877] {dagbag.py:508} INFO - Filling up the DagBag from /opt/airflow/dags/dataquality_pipeline_v2.py
[2022-07-29 02:42:29,973] {processor.py:651} INFO - DAG(s) dict_keys(['dataquality_pipeline_v2']) retrieved from /opt/airflow/dags/dataquality_pipeline_v2.py
[2022-07-29 02:42:30,061] {logging_mixin.py:115} INFO - [2022-07-29 02:42:30,060] {dag.py:2420} INFO - Sync 1 DAGs
[2022-07-29 02:42:30,148] {logging_mixin.py:115} INFO - [2022-07-29 02:42:30,148] {dag.py:2972} INFO - Setting next_dagrun for dataquality_pipeline_v2 to None, run_after=None
[2022-07-29 02:42:30,181] {processor.py:161} INFO - Processing /opt/airflow/dags/dataquality_pipeline_v2.py took 4.331 seconds
[2022-07-29 02:43:00,918] {processor.py:153} INFO - Started process (PID=3744) to work on /opt/airflow/dags/dataquality_pipeline_v2.py
[2022-07-29 02:43:00,919] {processor.py:641} INFO - Processing file /opt/airflow/dags/dataquality_pipeline_v2.py for tasks to queue
[2022-07-29 02:43:00,919] {logging_mixin.py:115} INFO - [2022-07-29 02:43:00,919] {dagbag.py:508} INFO - Filling up the DagBag from /opt/airflow/dags/dataquality_pipeline_v2.py
[2022-07-29 02:43:02,035] {processor.py:651} INFO - DAG(s) dict_keys(['dataquality_pipeline_v2']) retrieved from /opt/airflow/dags/dataquality_pipeline_v2.py
[2022-07-29 02:43:02,081] {logging_mixin.py:115} INFO - [2022-07-29 02:43:02,081] {dag.py:2420} INFO - Sync 1 DAGs
[2022-07-29 02:43:02,137] {logging_mixin.py:115} INFO - [2022-07-29 02:43:02,137] {dag.py:2972} INFO - Setting next_dagrun for dataquality_pipeline_v2 to None, run_after=None
[2022-07-29 02:43:02,154] {processor.py:161} INFO - Processing /opt/airflow/dags/dataquality_pipeline_v2.py took 1.243 seconds
[2022-07-29 02:43:32,520] {processor.py:153} INFO - Started process (PID=3818) to work on /opt/airflow/dags/dataquality_pipeline_v2.py
[2022-07-29 02:43:32,521] {processor.py:641} INFO - Processing file /opt/airflow/dags/dataquality_pipeline_v2.py for tasks to queue
[2022-07-29 02:43:32,522] {logging_mixin.py:115} INFO - [2022-07-29 02:43:32,522] {dagbag.py:508} INFO - Filling up the DagBag from /opt/airflow/dags/dataquality_pipeline_v2.py
[2022-07-29 02:43:34,504] {processor.py:651} INFO - DAG(s) dict_keys(['dataquality_pipeline_v2']) retrieved from /opt/airflow/dags/dataquality_pipeline_v2.py
[2022-07-29 02:43:34,555] {logging_mixin.py:115} INFO - [2022-07-29 02:43:34,554] {dag.py:2420} INFO - Sync 1 DAGs
[2022-07-29 02:43:34,596] {logging_mixin.py:115} INFO - [2022-07-29 02:43:34,596] {dag.py:2972} INFO - Setting next_dagrun for dataquality_pipeline_v2 to None, run_after=None
[2022-07-29 02:43:34,637] {processor.py:161} INFO - Processing /opt/airflow/dags/dataquality_pipeline_v2.py took 2.124 seconds
[2022-07-29 02:44:04,876] {processor.py:153} INFO - Started process (PID=3893) to work on /opt/airflow/dags/dataquality_pipeline_v2.py
[2022-07-29 02:44:04,877] {processor.py:641} INFO - Processing file /opt/airflow/dags/dataquality_pipeline_v2.py for tasks to queue
[2022-07-29 02:44:04,878] {logging_mixin.py:115} INFO - [2022-07-29 02:44:04,877] {dagbag.py:508} INFO - Filling up the DagBag from /opt/airflow/dags/dataquality_pipeline_v2.py
[2022-07-29 02:44:06,084] {processor.py:651} INFO - DAG(s) dict_keys(['dataquality_pipeline_v2']) retrieved from /opt/airflow/dags/dataquality_pipeline_v2.py
[2022-07-29 02:44:06,155] {logging_mixin.py:115} INFO - [2022-07-29 02:44:06,155] {dag.py:2420} INFO - Sync 1 DAGs
[2022-07-29 02:44:06,192] {logging_mixin.py:115} INFO - [2022-07-29 02:44:06,192] {dag.py:2972} INFO - Setting next_dagrun for dataquality_pipeline_v2 to None, run_after=None
[2022-07-29 02:44:06,209] {processor.py:161} INFO - Processing /opt/airflow/dags/dataquality_pipeline_v2.py took 1.340 seconds
[2022-07-29 02:44:36,664] {processor.py:153} INFO - Started process (PID=3975) to work on /opt/airflow/dags/dataquality_pipeline_v2.py
[2022-07-29 02:44:36,665] {processor.py:641} INFO - Processing file /opt/airflow/dags/dataquality_pipeline_v2.py for tasks to queue
[2022-07-29 02:44:36,666] {logging_mixin.py:115} INFO - [2022-07-29 02:44:36,666] {dagbag.py:508} INFO - Filling up the DagBag from /opt/airflow/dags/dataquality_pipeline_v2.py
[2022-07-29 02:44:37,762] {processor.py:651} INFO - DAG(s) dict_keys(['dataquality_pipeline_v2']) retrieved from /opt/airflow/dags/dataquality_pipeline_v2.py
[2022-07-29 02:44:37,805] {logging_mixin.py:115} INFO - [2022-07-29 02:44:37,805] {dag.py:2420} INFO - Sync 1 DAGs
[2022-07-29 02:44:37,842] {logging_mixin.py:115} INFO - [2022-07-29 02:44:37,842] {dag.py:2972} INFO - Setting next_dagrun for dataquality_pipeline_v2 to None, run_after=None
[2022-07-29 02:44:37,859] {processor.py:161} INFO - Processing /opt/airflow/dags/dataquality_pipeline_v2.py took 1.200 seconds
[2022-07-29 02:45:08,182] {processor.py:153} INFO - Started process (PID=4049) to work on /opt/airflow/dags/dataquality_pipeline_v2.py
[2022-07-29 02:45:08,183] {processor.py:641} INFO - Processing file /opt/airflow/dags/dataquality_pipeline_v2.py for tasks to queue
[2022-07-29 02:45:08,196] {logging_mixin.py:115} INFO - [2022-07-29 02:45:08,196] {dagbag.py:508} INFO - Filling up the DagBag from /opt/airflow/dags/dataquality_pipeline_v2.py
[2022-07-29 02:45:09,354] {processor.py:651} INFO - DAG(s) dict_keys(['dataquality_pipeline_v2']) retrieved from /opt/airflow/dags/dataquality_pipeline_v2.py
[2022-07-29 02:45:09,382] {logging_mixin.py:115} INFO - [2022-07-29 02:45:09,382] {dag.py:2420} INFO - Sync 1 DAGs
[2022-07-29 02:45:09,405] {logging_mixin.py:115} INFO - [2022-07-29 02:45:09,405] {dag.py:2972} INFO - Setting next_dagrun for dataquality_pipeline_v2 to None, run_after=None
[2022-07-29 02:45:09,428] {processor.py:161} INFO - Processing /opt/airflow/dags/dataquality_pipeline_v2.py took 1.264 seconds
[2022-07-29 02:45:39,954] {processor.py:153} INFO - Started process (PID=4131) to work on /opt/airflow/dags/dataquality_pipeline_v2.py
[2022-07-29 02:45:39,960] {processor.py:641} INFO - Processing file /opt/airflow/dags/dataquality_pipeline_v2.py for tasks to queue
[2022-07-29 02:45:39,961] {logging_mixin.py:115} INFO - [2022-07-29 02:45:39,961] {dagbag.py:508} INFO - Filling up the DagBag from /opt/airflow/dags/dataquality_pipeline_v2.py
[2022-07-29 02:45:41,598] {processor.py:651} INFO - DAG(s) dict_keys(['dataquality_pipeline_v2']) retrieved from /opt/airflow/dags/dataquality_pipeline_v2.py
[2022-07-29 02:45:41,625] {logging_mixin.py:115} INFO - [2022-07-29 02:45:41,625] {dag.py:2420} INFO - Sync 1 DAGs
[2022-07-29 02:45:41,648] {logging_mixin.py:115} INFO - [2022-07-29 02:45:41,647] {dag.py:2972} INFO - Setting next_dagrun for dataquality_pipeline_v2 to None, run_after=None
[2022-07-29 02:45:41,660] {processor.py:161} INFO - Processing /opt/airflow/dags/dataquality_pipeline_v2.py took 1.724 seconds
[2022-07-29 02:46:11,829] {processor.py:153} INFO - Started process (PID=4203) to work on /opt/airflow/dags/dataquality_pipeline_v2.py
[2022-07-29 02:46:11,830] {processor.py:641} INFO - Processing file /opt/airflow/dags/dataquality_pipeline_v2.py for tasks to queue
[2022-07-29 02:46:11,831] {logging_mixin.py:115} INFO - [2022-07-29 02:46:11,831] {dagbag.py:508} INFO - Filling up the DagBag from /opt/airflow/dags/dataquality_pipeline_v2.py
[2022-07-29 02:46:13,630] {processor.py:651} INFO - DAG(s) dict_keys(['dataquality_pipeline_v2']) retrieved from /opt/airflow/dags/dataquality_pipeline_v2.py
[2022-07-29 02:46:13,672] {logging_mixin.py:115} INFO - [2022-07-29 02:46:13,671] {dag.py:2420} INFO - Sync 1 DAGs
[2022-07-29 02:46:13,706] {logging_mixin.py:115} INFO - [2022-07-29 02:46:13,706] {dag.py:2972} INFO - Setting next_dagrun for dataquality_pipeline_v2 to None, run_after=None
[2022-07-29 02:46:13,733] {processor.py:161} INFO - Processing /opt/airflow/dags/dataquality_pipeline_v2.py took 1.934 seconds
[2022-07-29 02:46:44,406] {processor.py:153} INFO - Started process (PID=4276) to work on /opt/airflow/dags/dataquality_pipeline_v2.py
[2022-07-29 02:46:44,407] {processor.py:641} INFO - Processing file /opt/airflow/dags/dataquality_pipeline_v2.py for tasks to queue
[2022-07-29 02:46:44,407] {logging_mixin.py:115} INFO - [2022-07-29 02:46:44,407] {dagbag.py:508} INFO - Filling up the DagBag from /opt/airflow/dags/dataquality_pipeline_v2.py
[2022-07-29 02:46:45,875] {processor.py:651} INFO - DAG(s) dict_keys(['dataquality_pipeline_v2']) retrieved from /opt/airflow/dags/dataquality_pipeline_v2.py
[2022-07-29 02:46:45,919] {logging_mixin.py:115} INFO - [2022-07-29 02:46:45,918] {dag.py:2420} INFO - Sync 1 DAGs
[2022-07-29 02:46:45,956] {logging_mixin.py:115} INFO - [2022-07-29 02:46:45,956] {dag.py:2972} INFO - Setting next_dagrun for dataquality_pipeline_v2 to None, run_after=None
[2022-07-29 02:46:46,009] {processor.py:161} INFO - Processing /opt/airflow/dags/dataquality_pipeline_v2.py took 1.610 seconds
[2022-07-29 02:47:16,369] {processor.py:153} INFO - Started process (PID=4358) to work on /opt/airflow/dags/dataquality_pipeline_v2.py
[2022-07-29 02:47:16,370] {processor.py:641} INFO - Processing file /opt/airflow/dags/dataquality_pipeline_v2.py for tasks to queue
[2022-07-29 02:47:16,371] {logging_mixin.py:115} INFO - [2022-07-29 02:47:16,371] {dagbag.py:508} INFO - Filling up the DagBag from /opt/airflow/dags/dataquality_pipeline_v2.py
[2022-07-29 02:47:17,028] {processor.py:651} INFO - DAG(s) dict_keys(['dataquality_pipeline_v2']) retrieved from /opt/airflow/dags/dataquality_pipeline_v2.py
[2022-07-29 02:47:17,063] {logging_mixin.py:115} INFO - [2022-07-29 02:47:17,063] {dag.py:2420} INFO - Sync 1 DAGs
[2022-07-29 02:47:17,090] {logging_mixin.py:115} INFO - [2022-07-29 02:47:17,090] {dag.py:2972} INFO - Setting next_dagrun for dataquality_pipeline_v2 to None, run_after=None
[2022-07-29 02:47:17,105] {processor.py:161} INFO - Processing /opt/airflow/dags/dataquality_pipeline_v2.py took 0.754 seconds
[2022-07-29 02:47:47,542] {processor.py:153} INFO - Started process (PID=4431) to work on /opt/airflow/dags/dataquality_pipeline_v2.py
[2022-07-29 02:47:47,543] {processor.py:641} INFO - Processing file /opt/airflow/dags/dataquality_pipeline_v2.py for tasks to queue
[2022-07-29 02:47:47,544] {logging_mixin.py:115} INFO - [2022-07-29 02:47:47,543] {dagbag.py:508} INFO - Filling up the DagBag from /opt/airflow/dags/dataquality_pipeline_v2.py
[2022-07-29 02:47:48,281] {processor.py:651} INFO - DAG(s) dict_keys(['dataquality_pipeline_v2']) retrieved from /opt/airflow/dags/dataquality_pipeline_v2.py
[2022-07-29 02:47:48,336] {logging_mixin.py:115} INFO - [2022-07-29 02:47:48,335] {dag.py:2420} INFO - Sync 1 DAGs
[2022-07-29 02:47:48,375] {logging_mixin.py:115} INFO - [2022-07-29 02:47:48,374] {dag.py:2972} INFO - Setting next_dagrun for dataquality_pipeline_v2 to None, run_after=None
[2022-07-29 02:47:48,393] {processor.py:161} INFO - Processing /opt/airflow/dags/dataquality_pipeline_v2.py took 0.857 seconds
[2022-07-29 02:48:18,887] {processor.py:153} INFO - Started process (PID=4514) to work on /opt/airflow/dags/dataquality_pipeline_v2.py
[2022-07-29 02:48:18,911] {processor.py:641} INFO - Processing file /opt/airflow/dags/dataquality_pipeline_v2.py for tasks to queue
[2022-07-29 02:48:18,914] {logging_mixin.py:115} INFO - [2022-07-29 02:48:18,914] {dagbag.py:508} INFO - Filling up the DagBag from /opt/airflow/dags/dataquality_pipeline_v2.py
[2022-07-29 02:48:20,082] {processor.py:651} INFO - DAG(s) dict_keys(['dataquality_pipeline_v2']) retrieved from /opt/airflow/dags/dataquality_pipeline_v2.py
[2022-07-29 02:48:20,131] {logging_mixin.py:115} INFO - [2022-07-29 02:48:20,131] {dag.py:2420} INFO - Sync 1 DAGs
[2022-07-29 02:48:20,188] {logging_mixin.py:115} INFO - [2022-07-29 02:48:20,188] {dag.py:2972} INFO - Setting next_dagrun for dataquality_pipeline_v2 to None, run_after=None
[2022-07-29 02:48:20,206] {processor.py:161} INFO - Processing /opt/airflow/dags/dataquality_pipeline_v2.py took 1.325 seconds
[2022-07-29 02:48:51,208] {processor.py:153} INFO - Started process (PID=4596) to work on /opt/airflow/dags/dataquality_pipeline_v2.py
[2022-07-29 02:48:51,208] {processor.py:641} INFO - Processing file /opt/airflow/dags/dataquality_pipeline_v2.py for tasks to queue
[2022-07-29 02:48:51,216] {logging_mixin.py:115} INFO - [2022-07-29 02:48:51,216] {dagbag.py:508} INFO - Filling up the DagBag from /opt/airflow/dags/dataquality_pipeline_v2.py
[2022-07-29 02:48:52,276] {processor.py:651} INFO - DAG(s) dict_keys(['dataquality_pipeline_v2']) retrieved from /opt/airflow/dags/dataquality_pipeline_v2.py
[2022-07-29 02:48:52,370] {logging_mixin.py:115} INFO - [2022-07-29 02:48:52,370] {dag.py:2420} INFO - Sync 1 DAGs
[2022-07-29 02:48:52,448] {logging_mixin.py:115} INFO - [2022-07-29 02:48:52,447] {dag.py:2972} INFO - Setting next_dagrun for dataquality_pipeline_v2 to None, run_after=None
[2022-07-29 02:48:52,468] {processor.py:161} INFO - Processing /opt/airflow/dags/dataquality_pipeline_v2.py took 1.274 seconds
[2022-07-29 02:49:22,727] {processor.py:153} INFO - Started process (PID=4667) to work on /opt/airflow/dags/dataquality_pipeline_v2.py
[2022-07-29 02:49:22,727] {processor.py:641} INFO - Processing file /opt/airflow/dags/dataquality_pipeline_v2.py for tasks to queue
[2022-07-29 02:49:22,728] {logging_mixin.py:115} INFO - [2022-07-29 02:49:22,728] {dagbag.py:508} INFO - Filling up the DagBag from /opt/airflow/dags/dataquality_pipeline_v2.py
[2022-07-29 02:49:23,710] {processor.py:651} INFO - DAG(s) dict_keys(['dataquality_pipeline_v2']) retrieved from /opt/airflow/dags/dataquality_pipeline_v2.py
[2022-07-29 02:49:23,767] {logging_mixin.py:115} INFO - [2022-07-29 02:49:23,767] {dag.py:2420} INFO - Sync 1 DAGs
[2022-07-29 02:49:23,840] {logging_mixin.py:115} INFO - [2022-07-29 02:49:23,840] {dag.py:2972} INFO - Setting next_dagrun for dataquality_pipeline_v2 to None, run_after=None
[2022-07-29 02:49:23,876] {processor.py:161} INFO - Processing /opt/airflow/dags/dataquality_pipeline_v2.py took 1.167 seconds
[2022-07-29 02:49:54,573] {processor.py:153} INFO - Started process (PID=4749) to work on /opt/airflow/dags/dataquality_pipeline_v2.py
[2022-07-29 02:49:54,576] {processor.py:641} INFO - Processing file /opt/airflow/dags/dataquality_pipeline_v2.py for tasks to queue
[2022-07-29 02:49:54,577] {logging_mixin.py:115} INFO - [2022-07-29 02:49:54,576] {dagbag.py:508} INFO - Filling up the DagBag from /opt/airflow/dags/dataquality_pipeline_v2.py
[2022-07-29 02:49:55,286] {processor.py:651} INFO - DAG(s) dict_keys(['dataquality_pipeline_v2']) retrieved from /opt/airflow/dags/dataquality_pipeline_v2.py
[2022-07-29 02:49:55,321] {logging_mixin.py:115} INFO - [2022-07-29 02:49:55,321] {dag.py:2420} INFO - Sync 1 DAGs
[2022-07-29 02:49:55,347] {logging_mixin.py:115} INFO - [2022-07-29 02:49:55,347] {dag.py:2972} INFO - Setting next_dagrun for dataquality_pipeline_v2 to None, run_after=None
[2022-07-29 02:49:55,362] {processor.py:161} INFO - Processing /opt/airflow/dags/dataquality_pipeline_v2.py took 0.796 seconds
[2022-07-29 02:50:25,654] {processor.py:153} INFO - Started process (PID=4824) to work on /opt/airflow/dags/dataquality_pipeline_v2.py
[2022-07-29 02:50:25,655] {processor.py:641} INFO - Processing file /opt/airflow/dags/dataquality_pipeline_v2.py for tasks to queue
[2022-07-29 02:50:25,660] {logging_mixin.py:115} INFO - [2022-07-29 02:50:25,660] {dagbag.py:508} INFO - Filling up the DagBag from /opt/airflow/dags/dataquality_pipeline_v2.py
[2022-07-29 02:50:26,707] {processor.py:651} INFO - DAG(s) dict_keys(['dataquality_pipeline_v2']) retrieved from /opt/airflow/dags/dataquality_pipeline_v2.py
[2022-07-29 02:50:26,784] {logging_mixin.py:115} INFO - [2022-07-29 02:50:26,783] {dag.py:2420} INFO - Sync 1 DAGs
[2022-07-29 02:50:26,859] {logging_mixin.py:115} INFO - [2022-07-29 02:50:26,859] {dag.py:2972} INFO - Setting next_dagrun for dataquality_pipeline_v2 to None, run_after=None
[2022-07-29 02:50:26,913] {processor.py:161} INFO - Processing /opt/airflow/dags/dataquality_pipeline_v2.py took 1.278 seconds
[2022-07-29 02:50:57,267] {processor.py:153} INFO - Started process (PID=4907) to work on /opt/airflow/dags/dataquality_pipeline_v2.py
[2022-07-29 02:50:57,268] {processor.py:641} INFO - Processing file /opt/airflow/dags/dataquality_pipeline_v2.py for tasks to queue
[2022-07-29 02:50:57,269] {logging_mixin.py:115} INFO - [2022-07-29 02:50:57,268] {dagbag.py:508} INFO - Filling up the DagBag from /opt/airflow/dags/dataquality_pipeline_v2.py
[2022-07-29 02:50:57,978] {processor.py:651} INFO - DAG(s) dict_keys(['dataquality_pipeline_v2']) retrieved from /opt/airflow/dags/dataquality_pipeline_v2.py
[2022-07-29 02:50:58,027] {logging_mixin.py:115} INFO - [2022-07-29 02:50:58,026] {dag.py:2420} INFO - Sync 1 DAGs
[2022-07-29 02:50:58,066] {logging_mixin.py:115} INFO - [2022-07-29 02:50:58,066] {dag.py:2972} INFO - Setting next_dagrun for dataquality_pipeline_v2 to None, run_after=None
[2022-07-29 02:50:58,085] {processor.py:161} INFO - Processing /opt/airflow/dags/dataquality_pipeline_v2.py took 0.823 seconds
[2022-07-29 02:51:28,413] {processor.py:153} INFO - Started process (PID=4980) to work on /opt/airflow/dags/dataquality_pipeline_v2.py
[2022-07-29 02:51:28,414] {processor.py:641} INFO - Processing file /opt/airflow/dags/dataquality_pipeline_v2.py for tasks to queue
[2022-07-29 02:51:28,415] {logging_mixin.py:115} INFO - [2022-07-29 02:51:28,414] {dagbag.py:508} INFO - Filling up the DagBag from /opt/airflow/dags/dataquality_pipeline_v2.py
[2022-07-29 02:51:29,500] {processor.py:651} INFO - DAG(s) dict_keys(['dataquality_pipeline_v2']) retrieved from /opt/airflow/dags/dataquality_pipeline_v2.py
[2022-07-29 02:51:29,551] {logging_mixin.py:115} INFO - [2022-07-29 02:51:29,550] {dag.py:2420} INFO - Sync 1 DAGs
[2022-07-29 02:51:29,592] {logging_mixin.py:115} INFO - [2022-07-29 02:51:29,592] {dag.py:2972} INFO - Setting next_dagrun for dataquality_pipeline_v2 to None, run_after=None
[2022-07-29 02:51:29,613] {processor.py:161} INFO - Processing /opt/airflow/dags/dataquality_pipeline_v2.py took 1.208 seconds
[2022-07-29 02:51:59,759] {processor.py:153} INFO - Started process (PID=5064) to work on /opt/airflow/dags/dataquality_pipeline_v2.py
[2022-07-29 02:51:59,760] {processor.py:641} INFO - Processing file /opt/airflow/dags/dataquality_pipeline_v2.py for tasks to queue
[2022-07-29 02:51:59,761] {logging_mixin.py:115} INFO - [2022-07-29 02:51:59,761] {dagbag.py:508} INFO - Filling up the DagBag from /opt/airflow/dags/dataquality_pipeline_v2.py
[2022-07-29 02:52:00,786] {processor.py:651} INFO - DAG(s) dict_keys(['dataquality_pipeline_v2']) retrieved from /opt/airflow/dags/dataquality_pipeline_v2.py
[2022-07-29 02:52:00,851] {logging_mixin.py:115} INFO - [2022-07-29 02:52:00,850] {dag.py:2420} INFO - Sync 1 DAGs
[2022-07-29 02:52:00,896] {logging_mixin.py:115} INFO - [2022-07-29 02:52:00,896] {dag.py:2972} INFO - Setting next_dagrun for dataquality_pipeline_v2 to None, run_after=None
[2022-07-29 02:52:00,918] {processor.py:161} INFO - Processing /opt/airflow/dags/dataquality_pipeline_v2.py took 1.168 seconds
[2022-07-29 02:52:31,072] {processor.py:153} INFO - Started process (PID=5138) to work on /opt/airflow/dags/dataquality_pipeline_v2.py
[2022-07-29 02:52:31,073] {processor.py:641} INFO - Processing file /opt/airflow/dags/dataquality_pipeline_v2.py for tasks to queue
[2022-07-29 02:52:31,074] {logging_mixin.py:115} INFO - [2022-07-29 02:52:31,074] {dagbag.py:508} INFO - Filling up the DagBag from /opt/airflow/dags/dataquality_pipeline_v2.py
[2022-07-29 02:52:32,021] {processor.py:651} INFO - DAG(s) dict_keys(['dataquality_pipeline_v2']) retrieved from /opt/airflow/dags/dataquality_pipeline_v2.py
[2022-07-29 02:52:32,071] {logging_mixin.py:115} INFO - [2022-07-29 02:52:32,071] {dag.py:2420} INFO - Sync 1 DAGs
[2022-07-29 02:52:32,148] {logging_mixin.py:115} INFO - [2022-07-29 02:52:32,148] {dag.py:2972} INFO - Setting next_dagrun for dataquality_pipeline_v2 to None, run_after=None
[2022-07-29 02:52:32,180] {processor.py:161} INFO - Processing /opt/airflow/dags/dataquality_pipeline_v2.py took 1.114 seconds
[2022-07-29 02:53:02,623] {processor.py:153} INFO - Started process (PID=5219) to work on /opt/airflow/dags/dataquality_pipeline_v2.py
[2022-07-29 02:53:02,623] {processor.py:641} INFO - Processing file /opt/airflow/dags/dataquality_pipeline_v2.py for tasks to queue
[2022-07-29 02:53:02,624] {logging_mixin.py:115} INFO - [2022-07-29 02:53:02,624] {dagbag.py:508} INFO - Filling up the DagBag from /opt/airflow/dags/dataquality_pipeline_v2.py
[2022-07-29 02:53:03,574] {processor.py:651} INFO - DAG(s) dict_keys(['dataquality_pipeline_v2']) retrieved from /opt/airflow/dags/dataquality_pipeline_v2.py
[2022-07-29 02:53:03,627] {logging_mixin.py:115} INFO - [2022-07-29 02:53:03,626] {dag.py:2420} INFO - Sync 1 DAGs
[2022-07-29 02:53:03,666] {logging_mixin.py:115} INFO - [2022-07-29 02:53:03,666] {dag.py:2972} INFO - Setting next_dagrun for dataquality_pipeline_v2 to None, run_after=None
[2022-07-29 02:53:03,689] {processor.py:161} INFO - Processing /opt/airflow/dags/dataquality_pipeline_v2.py took 1.075 seconds
[2022-07-29 02:53:34,054] {processor.py:153} INFO - Started process (PID=5293) to work on /opt/airflow/dags/dataquality_pipeline_v2.py
[2022-07-29 02:53:34,054] {processor.py:641} INFO - Processing file /opt/airflow/dags/dataquality_pipeline_v2.py for tasks to queue
[2022-07-29 02:53:34,055] {logging_mixin.py:115} INFO - [2022-07-29 02:53:34,055] {dagbag.py:508} INFO - Filling up the DagBag from /opt/airflow/dags/dataquality_pipeline_v2.py
[2022-07-29 02:53:36,301] {processor.py:651} INFO - DAG(s) dict_keys(['dataquality_pipeline_v2']) retrieved from /opt/airflow/dags/dataquality_pipeline_v2.py
[2022-07-29 02:53:36,355] {logging_mixin.py:115} INFO - [2022-07-29 02:53:36,355] {dag.py:2420} INFO - Sync 1 DAGs
[2022-07-29 02:53:36,400] {logging_mixin.py:115} INFO - [2022-07-29 02:53:36,400] {dag.py:2972} INFO - Setting next_dagrun for dataquality_pipeline_v2 to None, run_after=None
[2022-07-29 02:53:36,419] {processor.py:161} INFO - Processing /opt/airflow/dags/dataquality_pipeline_v2.py took 2.379 seconds
[2022-07-29 02:54:06,727] {processor.py:153} INFO - Started process (PID=5375) to work on /opt/airflow/dags/dataquality_pipeline_v2.py
[2022-07-29 02:54:06,728] {processor.py:641} INFO - Processing file /opt/airflow/dags/dataquality_pipeline_v2.py for tasks to queue
[2022-07-29 02:54:06,728] {logging_mixin.py:115} INFO - [2022-07-29 02:54:06,728] {dagbag.py:508} INFO - Filling up the DagBag from /opt/airflow/dags/dataquality_pipeline_v2.py
[2022-07-29 02:54:07,669] {processor.py:651} INFO - DAG(s) dict_keys(['dataquality_pipeline_v2']) retrieved from /opt/airflow/dags/dataquality_pipeline_v2.py
[2022-07-29 02:54:07,721] {logging_mixin.py:115} INFO - [2022-07-29 02:54:07,720] {dag.py:2420} INFO - Sync 1 DAGs
[2022-07-29 02:54:07,760] {logging_mixin.py:115} INFO - [2022-07-29 02:54:07,760] {dag.py:2972} INFO - Setting next_dagrun for dataquality_pipeline_v2 to None, run_after=None
[2022-07-29 02:54:07,777] {processor.py:161} INFO - Processing /opt/airflow/dags/dataquality_pipeline_v2.py took 1.058 seconds
[2022-07-29 02:54:37,835] {processor.py:153} INFO - Started process (PID=5449) to work on /opt/airflow/dags/dataquality_pipeline_v2.py
[2022-07-29 02:54:37,836] {processor.py:641} INFO - Processing file /opt/airflow/dags/dataquality_pipeline_v2.py for tasks to queue
[2022-07-29 02:54:37,836] {logging_mixin.py:115} INFO - [2022-07-29 02:54:37,836] {dagbag.py:508} INFO - Filling up the DagBag from /opt/airflow/dags/dataquality_pipeline_v2.py
[2022-07-29 02:54:38,616] {processor.py:651} INFO - DAG(s) dict_keys(['dataquality_pipeline_v2']) retrieved from /opt/airflow/dags/dataquality_pipeline_v2.py
[2022-07-29 02:54:38,673] {logging_mixin.py:115} INFO - [2022-07-29 02:54:38,673] {dag.py:2420} INFO - Sync 1 DAGs
[2022-07-29 02:54:38,715] {logging_mixin.py:115} INFO - [2022-07-29 02:54:38,715] {dag.py:2972} INFO - Setting next_dagrun for dataquality_pipeline_v2 to None, run_after=None
[2022-07-29 02:54:38,734] {processor.py:161} INFO - Processing /opt/airflow/dags/dataquality_pipeline_v2.py took 0.904 seconds
[2022-07-29 02:55:09,070] {processor.py:153} INFO - Started process (PID=5521) to work on /opt/airflow/dags/dataquality_pipeline_v2.py
[2022-07-29 02:55:09,076] {processor.py:641} INFO - Processing file /opt/airflow/dags/dataquality_pipeline_v2.py for tasks to queue
[2022-07-29 02:55:09,076] {logging_mixin.py:115} INFO - [2022-07-29 02:55:09,076] {dagbag.py:508} INFO - Filling up the DagBag from /opt/airflow/dags/dataquality_pipeline_v2.py
[2022-07-29 02:55:11,761] {processor.py:651} INFO - DAG(s) dict_keys(['dataquality_pipeline_v2']) retrieved from /opt/airflow/dags/dataquality_pipeline_v2.py
[2022-07-29 02:55:11,930] {logging_mixin.py:115} INFO - [2022-07-29 02:55:11,930] {dag.py:2420} INFO - Sync 1 DAGs
[2022-07-29 02:55:12,095] {logging_mixin.py:115} INFO - [2022-07-29 02:55:12,095] {dag.py:2972} INFO - Setting next_dagrun for dataquality_pipeline_v2 to None, run_after=None
[2022-07-29 02:55:12,196] {processor.py:161} INFO - Processing /opt/airflow/dags/dataquality_pipeline_v2.py took 3.141 seconds
[2022-07-29 02:55:42,442] {processor.py:153} INFO - Started process (PID=5604) to work on /opt/airflow/dags/dataquality_pipeline_v2.py
[2022-07-29 02:55:42,443] {processor.py:641} INFO - Processing file /opt/airflow/dags/dataquality_pipeline_v2.py for tasks to queue
[2022-07-29 02:55:42,444] {logging_mixin.py:115} INFO - [2022-07-29 02:55:42,444] {dagbag.py:508} INFO - Filling up the DagBag from /opt/airflow/dags/dataquality_pipeline_v2.py
[2022-07-29 02:55:43,128] {processor.py:651} INFO - DAG(s) dict_keys(['dataquality_pipeline_v2']) retrieved from /opt/airflow/dags/dataquality_pipeline_v2.py
[2022-07-29 02:55:43,163] {logging_mixin.py:115} INFO - [2022-07-29 02:55:43,163] {dag.py:2420} INFO - Sync 1 DAGs
[2022-07-29 02:55:43,190] {logging_mixin.py:115} INFO - [2022-07-29 02:55:43,190] {dag.py:2972} INFO - Setting next_dagrun for dataquality_pipeline_v2 to None, run_after=None
[2022-07-29 02:55:43,204] {processor.py:161} INFO - Processing /opt/airflow/dags/dataquality_pipeline_v2.py took 0.768 seconds
[2022-07-29 02:56:13,732] {processor.py:153} INFO - Started process (PID=5677) to work on /opt/airflow/dags/dataquality_pipeline_v2.py
[2022-07-29 02:56:13,733] {processor.py:641} INFO - Processing file /opt/airflow/dags/dataquality_pipeline_v2.py for tasks to queue
[2022-07-29 02:56:13,734] {logging_mixin.py:115} INFO - [2022-07-29 02:56:13,734] {dagbag.py:508} INFO - Filling up the DagBag from /opt/airflow/dags/dataquality_pipeline_v2.py
[2022-07-29 02:56:14,808] {processor.py:651} INFO - DAG(s) dict_keys(['dataquality_pipeline_v2']) retrieved from /opt/airflow/dags/dataquality_pipeline_v2.py
[2022-07-29 02:56:14,857] {logging_mixin.py:115} INFO - [2022-07-29 02:56:14,857] {dag.py:2420} INFO - Sync 1 DAGs
[2022-07-29 02:56:14,898] {logging_mixin.py:115} INFO - [2022-07-29 02:56:14,898] {dag.py:2972} INFO - Setting next_dagrun for dataquality_pipeline_v2 to None, run_after=None
[2022-07-29 02:56:14,917] {processor.py:161} INFO - Processing /opt/airflow/dags/dataquality_pipeline_v2.py took 1.192 seconds
[2022-07-29 02:56:45,804] {processor.py:153} INFO - Started process (PID=5763) to work on /opt/airflow/dags/dataquality_pipeline_v2.py
[2022-07-29 02:56:45,806] {processor.py:641} INFO - Processing file /opt/airflow/dags/dataquality_pipeline_v2.py for tasks to queue
[2022-07-29 02:56:45,807] {logging_mixin.py:115} INFO - [2022-07-29 02:56:45,807] {dagbag.py:508} INFO - Filling up the DagBag from /opt/airflow/dags/dataquality_pipeline_v2.py
[2022-07-29 02:56:46,839] {processor.py:651} INFO - DAG(s) dict_keys(['dataquality_pipeline_v2']) retrieved from /opt/airflow/dags/dataquality_pipeline_v2.py
[2022-07-29 02:56:46,892] {logging_mixin.py:115} INFO - [2022-07-29 02:56:46,892] {dag.py:2420} INFO - Sync 1 DAGs
[2022-07-29 02:56:46,936] {logging_mixin.py:115} INFO - [2022-07-29 02:56:46,935] {dag.py:2972} INFO - Setting next_dagrun for dataquality_pipeline_v2 to None, run_after=None
[2022-07-29 02:56:46,954] {processor.py:161} INFO - Processing /opt/airflow/dags/dataquality_pipeline_v2.py took 1.181 seconds
[2022-07-29 02:57:17,639] {processor.py:153} INFO - Started process (PID=5836) to work on /opt/airflow/dags/dataquality_pipeline_v2.py
[2022-07-29 02:57:17,641] {processor.py:641} INFO - Processing file /opt/airflow/dags/dataquality_pipeline_v2.py for tasks to queue
[2022-07-29 02:57:17,642] {logging_mixin.py:115} INFO - [2022-07-29 02:57:17,642] {dagbag.py:508} INFO - Filling up the DagBag from /opt/airflow/dags/dataquality_pipeline_v2.py
[2022-07-29 02:57:18,615] {processor.py:651} INFO - DAG(s) dict_keys(['dataquality_pipeline_v2']) retrieved from /opt/airflow/dags/dataquality_pipeline_v2.py
[2022-07-29 02:57:18,666] {logging_mixin.py:115} INFO - [2022-07-29 02:57:18,665] {dag.py:2420} INFO - Sync 1 DAGs
[2022-07-29 02:57:18,706] {logging_mixin.py:115} INFO - [2022-07-29 02:57:18,706] {dag.py:2972} INFO - Setting next_dagrun for dataquality_pipeline_v2 to None, run_after=None
[2022-07-29 02:57:18,735] {processor.py:161} INFO - Processing /opt/airflow/dags/dataquality_pipeline_v2.py took 1.103 seconds
[2022-07-29 02:57:48,868] {processor.py:153} INFO - Started process (PID=5909) to work on /opt/airflow/dags/dataquality_pipeline_v2.py
[2022-07-29 02:57:48,868] {processor.py:641} INFO - Processing file /opt/airflow/dags/dataquality_pipeline_v2.py for tasks to queue
[2022-07-29 02:57:48,869] {logging_mixin.py:115} INFO - [2022-07-29 02:57:48,869] {dagbag.py:508} INFO - Filling up the DagBag from /opt/airflow/dags/dataquality_pipeline_v2.py
[2022-07-29 02:57:50,297] {processor.py:651} INFO - DAG(s) dict_keys(['dataquality_pipeline_v2']) retrieved from /opt/airflow/dags/dataquality_pipeline_v2.py
[2022-07-29 02:57:50,374] {logging_mixin.py:115} INFO - [2022-07-29 02:57:50,373] {dag.py:2420} INFO - Sync 1 DAGs
[2022-07-29 02:57:50,434] {logging_mixin.py:115} INFO - [2022-07-29 02:57:50,434] {dag.py:2972} INFO - Setting next_dagrun for dataquality_pipeline_v2 to None, run_after=None
[2022-07-29 02:57:50,470] {processor.py:161} INFO - Processing /opt/airflow/dags/dataquality_pipeline_v2.py took 1.610 seconds
