[2022-07-29 02:16:57,207] {processor.py:153} INFO - Started process (PID=47) to work on /opt/airflow/dags/dataquality_pipeline_v5.py
[2022-07-29 02:16:57,218] {processor.py:641} INFO - Processing file /opt/airflow/dags/dataquality_pipeline_v5.py for tasks to queue
[2022-07-29 02:16:57,219] {logging_mixin.py:115} INFO - [2022-07-29 02:16:57,218] {dagbag.py:508} INFO - Filling up the DagBag from /opt/airflow/dags/dataquality_pipeline_v5.py
[2022-07-29 02:17:01,208] {processor.py:651} INFO - DAG(s) dict_keys(['dataquality_pipeline_v5']) retrieved from /opt/airflow/dags/dataquality_pipeline_v5.py
[2022-07-29 02:17:01,353] {logging_mixin.py:115} INFO - [2022-07-29 02:17:01,353] {dag.py:2420} INFO - Sync 1 DAGs
[2022-07-29 02:17:01,501] {logging_mixin.py:115} INFO - [2022-07-29 02:17:01,501] {dag.py:2972} INFO - Setting next_dagrun for dataquality_pipeline_v5 to None, run_after=None
[2022-07-29 02:17:01,559] {processor.py:161} INFO - Processing /opt/airflow/dags/dataquality_pipeline_v5.py took 4.365 seconds
[2022-07-29 02:17:37,085] {processor.py:153} INFO - Started process (PID=118) to work on /opt/airflow/dags/dataquality_pipeline_v5.py
[2022-07-29 02:17:37,086] {processor.py:641} INFO - Processing file /opt/airflow/dags/dataquality_pipeline_v5.py for tasks to queue
[2022-07-29 02:17:37,087] {logging_mixin.py:115} INFO - [2022-07-29 02:17:37,086] {dagbag.py:508} INFO - Filling up the DagBag from /opt/airflow/dags/dataquality_pipeline_v5.py
[2022-07-29 02:17:38,345] {processor.py:651} INFO - DAG(s) dict_keys(['dataquality_pipeline_v5']) retrieved from /opt/airflow/dags/dataquality_pipeline_v5.py
[2022-07-29 02:17:38,386] {logging_mixin.py:115} INFO - [2022-07-29 02:17:38,385] {dag.py:2420} INFO - Sync 1 DAGs
[2022-07-29 02:17:38,421] {logging_mixin.py:115} INFO - [2022-07-29 02:17:38,420] {dag.py:2972} INFO - Setting next_dagrun for dataquality_pipeline_v5 to None, run_after=None
[2022-07-29 02:17:38,439] {processor.py:161} INFO - Processing /opt/airflow/dags/dataquality_pipeline_v5.py took 1.360 seconds
[2022-07-29 02:18:09,930] {processor.py:153} INFO - Started process (PID=199) to work on /opt/airflow/dags/dataquality_pipeline_v5.py
[2022-07-29 02:18:09,931] {processor.py:641} INFO - Processing file /opt/airflow/dags/dataquality_pipeline_v5.py for tasks to queue
[2022-07-29 02:18:09,933] {logging_mixin.py:115} INFO - [2022-07-29 02:18:09,933] {dagbag.py:508} INFO - Filling up the DagBag from /opt/airflow/dags/dataquality_pipeline_v5.py
[2022-07-29 02:18:13,135] {processor.py:651} INFO - DAG(s) dict_keys(['dataquality_pipeline_v5']) retrieved from /opt/airflow/dags/dataquality_pipeline_v5.py
[2022-07-29 02:18:13,175] {logging_mixin.py:115} INFO - [2022-07-29 02:18:13,175] {dag.py:2420} INFO - Sync 1 DAGs
[2022-07-29 02:18:13,210] {logging_mixin.py:115} INFO - [2022-07-29 02:18:13,209] {dag.py:2972} INFO - Setting next_dagrun for dataquality_pipeline_v5 to None, run_after=None
[2022-07-29 02:18:13,231] {processor.py:161} INFO - Processing /opt/airflow/dags/dataquality_pipeline_v5.py took 3.312 seconds
[2022-07-29 02:18:43,687] {processor.py:153} INFO - Started process (PID=273) to work on /opt/airflow/dags/dataquality_pipeline_v5.py
[2022-07-29 02:18:43,691] {processor.py:641} INFO - Processing file /opt/airflow/dags/dataquality_pipeline_v5.py for tasks to queue
[2022-07-29 02:18:43,692] {logging_mixin.py:115} INFO - [2022-07-29 02:18:43,692] {dagbag.py:508} INFO - Filling up the DagBag from /opt/airflow/dags/dataquality_pipeline_v5.py
[2022-07-29 02:18:46,093] {processor.py:651} INFO - DAG(s) dict_keys(['dataquality_pipeline_v5']) retrieved from /opt/airflow/dags/dataquality_pipeline_v5.py
[2022-07-29 02:18:46,163] {logging_mixin.py:115} INFO - [2022-07-29 02:18:46,162] {dag.py:2420} INFO - Sync 1 DAGs
[2022-07-29 02:18:46,199] {logging_mixin.py:115} INFO - [2022-07-29 02:18:46,198] {dag.py:2972} INFO - Setting next_dagrun for dataquality_pipeline_v5 to None, run_after=None
[2022-07-29 02:18:46,220] {processor.py:161} INFO - Processing /opt/airflow/dags/dataquality_pipeline_v5.py took 2.550 seconds
[2022-07-29 02:19:16,716] {processor.py:153} INFO - Started process (PID=346) to work on /opt/airflow/dags/dataquality_pipeline_v5.py
[2022-07-29 02:19:16,717] {processor.py:641} INFO - Processing file /opt/airflow/dags/dataquality_pipeline_v5.py for tasks to queue
[2022-07-29 02:19:16,718] {logging_mixin.py:115} INFO - [2022-07-29 02:19:16,718] {dagbag.py:508} INFO - Filling up the DagBag from /opt/airflow/dags/dataquality_pipeline_v5.py
[2022-07-29 02:19:17,942] {processor.py:651} INFO - DAG(s) dict_keys(['dataquality_pipeline_v5']) retrieved from /opt/airflow/dags/dataquality_pipeline_v5.py
[2022-07-29 02:19:18,010] {logging_mixin.py:115} INFO - [2022-07-29 02:19:18,010] {dag.py:2420} INFO - Sync 1 DAGs
[2022-07-29 02:19:18,051] {logging_mixin.py:115} INFO - [2022-07-29 02:19:18,051] {dag.py:2972} INFO - Setting next_dagrun for dataquality_pipeline_v5 to None, run_after=None
[2022-07-29 02:19:18,077] {processor.py:161} INFO - Processing /opt/airflow/dags/dataquality_pipeline_v5.py took 1.368 seconds
[2022-07-29 02:19:48,142] {processor.py:153} INFO - Started process (PID=429) to work on /opt/airflow/dags/dataquality_pipeline_v5.py
[2022-07-29 02:19:48,143] {processor.py:641} INFO - Processing file /opt/airflow/dags/dataquality_pipeline_v5.py for tasks to queue
[2022-07-29 02:19:48,144] {logging_mixin.py:115} INFO - [2022-07-29 02:19:48,144] {dagbag.py:508} INFO - Filling up the DagBag from /opt/airflow/dags/dataquality_pipeline_v5.py
[2022-07-29 02:19:50,632] {processor.py:651} INFO - DAG(s) dict_keys(['dataquality_pipeline_v5']) retrieved from /opt/airflow/dags/dataquality_pipeline_v5.py
[2022-07-29 02:19:50,676] {logging_mixin.py:115} INFO - [2022-07-29 02:19:50,676] {dag.py:2420} INFO - Sync 1 DAGs
[2022-07-29 02:19:50,715] {logging_mixin.py:115} INFO - [2022-07-29 02:19:50,715] {dag.py:2972} INFO - Setting next_dagrun for dataquality_pipeline_v5 to None, run_after=None
[2022-07-29 02:19:50,744] {processor.py:161} INFO - Processing /opt/airflow/dags/dataquality_pipeline_v5.py took 2.609 seconds
[2022-07-29 02:20:21,224] {processor.py:153} INFO - Started process (PID=502) to work on /opt/airflow/dags/dataquality_pipeline_v5.py
[2022-07-29 02:20:21,225] {processor.py:641} INFO - Processing file /opt/airflow/dags/dataquality_pipeline_v5.py for tasks to queue
[2022-07-29 02:20:21,226] {logging_mixin.py:115} INFO - [2022-07-29 02:20:21,226] {dagbag.py:508} INFO - Filling up the DagBag from /opt/airflow/dags/dataquality_pipeline_v5.py
[2022-07-29 02:20:22,764] {processor.py:651} INFO - DAG(s) dict_keys(['dataquality_pipeline_v5']) retrieved from /opt/airflow/dags/dataquality_pipeline_v5.py
[2022-07-29 02:20:22,878] {logging_mixin.py:115} INFO - [2022-07-29 02:20:22,877] {dag.py:2420} INFO - Sync 1 DAGs
[2022-07-29 02:20:22,956] {logging_mixin.py:115} INFO - [2022-07-29 02:20:22,956] {dag.py:2972} INFO - Setting next_dagrun for dataquality_pipeline_v5 to None, run_after=None
[2022-07-29 02:20:22,976] {processor.py:161} INFO - Processing /opt/airflow/dags/dataquality_pipeline_v5.py took 1.759 seconds
[2022-07-29 02:20:53,257] {processor.py:153} INFO - Started process (PID=585) to work on /opt/airflow/dags/dataquality_pipeline_v5.py
[2022-07-29 02:20:53,258] {processor.py:641} INFO - Processing file /opt/airflow/dags/dataquality_pipeline_v5.py for tasks to queue
[2022-07-29 02:20:53,259] {logging_mixin.py:115} INFO - [2022-07-29 02:20:53,259] {dagbag.py:508} INFO - Filling up the DagBag from /opt/airflow/dags/dataquality_pipeline_v5.py
[2022-07-29 02:20:55,350] {processor.py:651} INFO - DAG(s) dict_keys(['dataquality_pipeline_v5']) retrieved from /opt/airflow/dags/dataquality_pipeline_v5.py
[2022-07-29 02:20:55,421] {logging_mixin.py:115} INFO - [2022-07-29 02:20:55,420] {dag.py:2420} INFO - Sync 1 DAGs
[2022-07-29 02:20:55,472] {logging_mixin.py:115} INFO - [2022-07-29 02:20:55,459] {dag.py:2972} INFO - Setting next_dagrun for dataquality_pipeline_v5 to None, run_after=None
[2022-07-29 02:20:55,498] {processor.py:161} INFO - Processing /opt/airflow/dags/dataquality_pipeline_v5.py took 2.248 seconds
[2022-07-29 02:21:25,692] {processor.py:153} INFO - Started process (PID=658) to work on /opt/airflow/dags/dataquality_pipeline_v5.py
[2022-07-29 02:21:25,693] {processor.py:641} INFO - Processing file /opt/airflow/dags/dataquality_pipeline_v5.py for tasks to queue
[2022-07-29 02:21:25,694] {logging_mixin.py:115} INFO - [2022-07-29 02:21:25,694] {dagbag.py:508} INFO - Filling up the DagBag from /opt/airflow/dags/dataquality_pipeline_v5.py
[2022-07-29 02:21:27,012] {processor.py:651} INFO - DAG(s) dict_keys(['dataquality_pipeline_v5']) retrieved from /opt/airflow/dags/dataquality_pipeline_v5.py
[2022-07-29 02:21:27,086] {logging_mixin.py:115} INFO - [2022-07-29 02:21:27,086] {dag.py:2420} INFO - Sync 1 DAGs
[2022-07-29 02:21:27,143] {logging_mixin.py:115} INFO - [2022-07-29 02:21:27,142] {dag.py:2972} INFO - Setting next_dagrun for dataquality_pipeline_v5 to None, run_after=None
[2022-07-29 02:21:27,185] {processor.py:161} INFO - Processing /opt/airflow/dags/dataquality_pipeline_v5.py took 1.500 seconds
[2022-07-29 02:21:58,169] {processor.py:153} INFO - Started process (PID=740) to work on /opt/airflow/dags/dataquality_pipeline_v5.py
[2022-07-29 02:21:58,170] {processor.py:641} INFO - Processing file /opt/airflow/dags/dataquality_pipeline_v5.py for tasks to queue
[2022-07-29 02:21:58,171] {logging_mixin.py:115} INFO - [2022-07-29 02:21:58,170] {dagbag.py:508} INFO - Filling up the DagBag from /opt/airflow/dags/dataquality_pipeline_v5.py
[2022-07-29 02:21:59,328] {processor.py:651} INFO - DAG(s) dict_keys(['dataquality_pipeline_v5']) retrieved from /opt/airflow/dags/dataquality_pipeline_v5.py
[2022-07-29 02:21:59,371] {logging_mixin.py:115} INFO - [2022-07-29 02:21:59,370] {dag.py:2420} INFO - Sync 1 DAGs
[2022-07-29 02:21:59,407] {logging_mixin.py:115} INFO - [2022-07-29 02:21:59,407] {dag.py:2972} INFO - Setting next_dagrun for dataquality_pipeline_v5 to None, run_after=None
[2022-07-29 02:21:59,425] {processor.py:161} INFO - Processing /opt/airflow/dags/dataquality_pipeline_v5.py took 1.263 seconds
[2022-07-29 02:22:30,172] {processor.py:153} INFO - Started process (PID=813) to work on /opt/airflow/dags/dataquality_pipeline_v5.py
[2022-07-29 02:22:30,173] {processor.py:641} INFO - Processing file /opt/airflow/dags/dataquality_pipeline_v5.py for tasks to queue
[2022-07-29 02:22:30,174] {logging_mixin.py:115} INFO - [2022-07-29 02:22:30,174] {dagbag.py:508} INFO - Filling up the DagBag from /opt/airflow/dags/dataquality_pipeline_v5.py
[2022-07-29 02:22:31,327] {processor.py:651} INFO - DAG(s) dict_keys(['dataquality_pipeline_v5']) retrieved from /opt/airflow/dags/dataquality_pipeline_v5.py
[2022-07-29 02:22:31,370] {logging_mixin.py:115} INFO - [2022-07-29 02:22:31,369] {dag.py:2420} INFO - Sync 1 DAGs
[2022-07-29 02:22:31,407] {logging_mixin.py:115} INFO - [2022-07-29 02:22:31,407] {dag.py:2972} INFO - Setting next_dagrun for dataquality_pipeline_v5 to None, run_after=None
[2022-07-29 02:22:31,429] {processor.py:161} INFO - Processing /opt/airflow/dags/dataquality_pipeline_v5.py took 1.264 seconds
[2022-07-29 02:23:01,704] {processor.py:153} INFO - Started process (PID=886) to work on /opt/airflow/dags/dataquality_pipeline_v5.py
[2022-07-29 02:23:01,705] {processor.py:641} INFO - Processing file /opt/airflow/dags/dataquality_pipeline_v5.py for tasks to queue
[2022-07-29 02:23:01,706] {logging_mixin.py:115} INFO - [2022-07-29 02:23:01,706] {dagbag.py:508} INFO - Filling up the DagBag from /opt/airflow/dags/dataquality_pipeline_v5.py
[2022-07-29 02:23:03,801] {processor.py:651} INFO - DAG(s) dict_keys(['dataquality_pipeline_v5']) retrieved from /opt/airflow/dags/dataquality_pipeline_v5.py
[2022-07-29 02:23:03,893] {logging_mixin.py:115} INFO - [2022-07-29 02:23:03,892] {dag.py:2420} INFO - Sync 1 DAGs
[2022-07-29 02:23:03,956] {logging_mixin.py:115} INFO - [2022-07-29 02:23:03,956] {dag.py:2972} INFO - Setting next_dagrun for dataquality_pipeline_v5 to None, run_after=None
[2022-07-29 02:23:03,990] {processor.py:161} INFO - Processing /opt/airflow/dags/dataquality_pipeline_v5.py took 2.292 seconds
[2022-07-29 02:23:34,230] {processor.py:153} INFO - Started process (PID=968) to work on /opt/airflow/dags/dataquality_pipeline_v5.py
[2022-07-29 02:23:34,232] {processor.py:641} INFO - Processing file /opt/airflow/dags/dataquality_pipeline_v5.py for tasks to queue
[2022-07-29 02:23:34,233] {logging_mixin.py:115} INFO - [2022-07-29 02:23:34,233] {dagbag.py:508} INFO - Filling up the DagBag from /opt/airflow/dags/dataquality_pipeline_v5.py
[2022-07-29 02:23:36,684] {processor.py:651} INFO - DAG(s) dict_keys(['dataquality_pipeline_v5']) retrieved from /opt/airflow/dags/dataquality_pipeline_v5.py
[2022-07-29 02:23:36,771] {logging_mixin.py:115} INFO - [2022-07-29 02:23:36,771] {dag.py:2420} INFO - Sync 1 DAGs
[2022-07-29 02:23:36,823] {logging_mixin.py:115} INFO - [2022-07-29 02:23:36,823] {dag.py:2972} INFO - Setting next_dagrun for dataquality_pipeline_v5 to None, run_after=None
[2022-07-29 02:23:36,860] {processor.py:161} INFO - Processing /opt/airflow/dags/dataquality_pipeline_v5.py took 2.642 seconds
[2022-07-29 02:24:07,304] {processor.py:153} INFO - Started process (PID=1041) to work on /opt/airflow/dags/dataquality_pipeline_v5.py
[2022-07-29 02:24:07,305] {processor.py:641} INFO - Processing file /opt/airflow/dags/dataquality_pipeline_v5.py for tasks to queue
[2022-07-29 02:24:07,306] {logging_mixin.py:115} INFO - [2022-07-29 02:24:07,306] {dagbag.py:508} INFO - Filling up the DagBag from /opt/airflow/dags/dataquality_pipeline_v5.py
[2022-07-29 02:24:08,951] {processor.py:651} INFO - DAG(s) dict_keys(['dataquality_pipeline_v5']) retrieved from /opt/airflow/dags/dataquality_pipeline_v5.py
[2022-07-29 02:24:08,994] {logging_mixin.py:115} INFO - [2022-07-29 02:24:08,994] {dag.py:2420} INFO - Sync 1 DAGs
[2022-07-29 02:24:09,031] {logging_mixin.py:115} INFO - [2022-07-29 02:24:09,031] {dag.py:2972} INFO - Setting next_dagrun for dataquality_pipeline_v5 to None, run_after=None
[2022-07-29 02:24:09,049] {processor.py:161} INFO - Processing /opt/airflow/dags/dataquality_pipeline_v5.py took 1.752 seconds
[2022-07-29 02:24:40,010] {processor.py:153} INFO - Started process (PID=1125) to work on /opt/airflow/dags/dataquality_pipeline_v5.py
[2022-07-29 02:24:40,011] {processor.py:641} INFO - Processing file /opt/airflow/dags/dataquality_pipeline_v5.py for tasks to queue
[2022-07-29 02:24:40,012] {logging_mixin.py:115} INFO - [2022-07-29 02:24:40,012] {dagbag.py:508} INFO - Filling up the DagBag from /opt/airflow/dags/dataquality_pipeline_v5.py
[2022-07-29 02:24:41,148] {processor.py:651} INFO - DAG(s) dict_keys(['dataquality_pipeline_v5']) retrieved from /opt/airflow/dags/dataquality_pipeline_v5.py
[2022-07-29 02:24:41,191] {logging_mixin.py:115} INFO - [2022-07-29 02:24:41,191] {dag.py:2420} INFO - Sync 1 DAGs
[2022-07-29 02:24:41,228] {logging_mixin.py:115} INFO - [2022-07-29 02:24:41,227] {dag.py:2972} INFO - Setting next_dagrun for dataquality_pipeline_v5 to None, run_after=None
[2022-07-29 02:24:41,245] {processor.py:161} INFO - Processing /opt/airflow/dags/dataquality_pipeline_v5.py took 1.242 seconds
[2022-07-29 02:25:11,728] {processor.py:153} INFO - Started process (PID=1197) to work on /opt/airflow/dags/dataquality_pipeline_v5.py
[2022-07-29 02:25:11,728] {processor.py:641} INFO - Processing file /opt/airflow/dags/dataquality_pipeline_v5.py for tasks to queue
[2022-07-29 02:25:11,729] {logging_mixin.py:115} INFO - [2022-07-29 02:25:11,729] {dagbag.py:508} INFO - Filling up the DagBag from /opt/airflow/dags/dataquality_pipeline_v5.py
[2022-07-29 02:25:12,962] {processor.py:651} INFO - DAG(s) dict_keys(['dataquality_pipeline_v5']) retrieved from /opt/airflow/dags/dataquality_pipeline_v5.py
[2022-07-29 02:25:13,005] {logging_mixin.py:115} INFO - [2022-07-29 02:25:13,005] {dag.py:2420} INFO - Sync 1 DAGs
[2022-07-29 02:25:13,042] {logging_mixin.py:115} INFO - [2022-07-29 02:25:13,042] {dag.py:2972} INFO - Setting next_dagrun for dataquality_pipeline_v5 to None, run_after=None
[2022-07-29 02:25:13,059] {processor.py:161} INFO - Processing /opt/airflow/dags/dataquality_pipeline_v5.py took 1.340 seconds
[2022-07-29 02:25:43,189] {processor.py:153} INFO - Started process (PID=1270) to work on /opt/airflow/dags/dataquality_pipeline_v5.py
[2022-07-29 02:25:43,192] {processor.py:641} INFO - Processing file /opt/airflow/dags/dataquality_pipeline_v5.py for tasks to queue
[2022-07-29 02:25:43,193] {logging_mixin.py:115} INFO - [2022-07-29 02:25:43,193] {dagbag.py:508} INFO - Filling up the DagBag from /opt/airflow/dags/dataquality_pipeline_v5.py
[2022-07-29 02:25:44,595] {processor.py:651} INFO - DAG(s) dict_keys(['dataquality_pipeline_v5']) retrieved from /opt/airflow/dags/dataquality_pipeline_v5.py
[2022-07-29 02:25:44,683] {logging_mixin.py:115} INFO - [2022-07-29 02:25:44,682] {dag.py:2420} INFO - Sync 1 DAGs
[2022-07-29 02:25:44,751] {logging_mixin.py:115} INFO - [2022-07-29 02:25:44,750] {dag.py:2972} INFO - Setting next_dagrun for dataquality_pipeline_v5 to None, run_after=None
[2022-07-29 02:25:44,787] {processor.py:161} INFO - Processing /opt/airflow/dags/dataquality_pipeline_v5.py took 1.604 seconds
[2022-07-29 02:26:14,871] {processor.py:153} INFO - Started process (PID=1352) to work on /opt/airflow/dags/dataquality_pipeline_v5.py
[2022-07-29 02:26:14,872] {processor.py:641} INFO - Processing file /opt/airflow/dags/dataquality_pipeline_v5.py for tasks to queue
[2022-07-29 02:26:14,873] {logging_mixin.py:115} INFO - [2022-07-29 02:26:14,873] {dagbag.py:508} INFO - Filling up the DagBag from /opt/airflow/dags/dataquality_pipeline_v5.py
[2022-07-29 02:26:15,904] {processor.py:651} INFO - DAG(s) dict_keys(['dataquality_pipeline_v5']) retrieved from /opt/airflow/dags/dataquality_pipeline_v5.py
[2022-07-29 02:26:15,947] {logging_mixin.py:115} INFO - [2022-07-29 02:26:15,946] {dag.py:2420} INFO - Sync 1 DAGs
[2022-07-29 02:26:15,985] {logging_mixin.py:115} INFO - [2022-07-29 02:26:15,985] {dag.py:2972} INFO - Setting next_dagrun for dataquality_pipeline_v5 to None, run_after=None
[2022-07-29 02:26:16,003] {processor.py:161} INFO - Processing /opt/airflow/dags/dataquality_pipeline_v5.py took 1.138 seconds
[2022-07-29 02:26:46,795] {processor.py:153} INFO - Started process (PID=1425) to work on /opt/airflow/dags/dataquality_pipeline_v5.py
[2022-07-29 02:26:46,796] {processor.py:641} INFO - Processing file /opt/airflow/dags/dataquality_pipeline_v5.py for tasks to queue
[2022-07-29 02:26:46,797] {logging_mixin.py:115} INFO - [2022-07-29 02:26:46,797] {dagbag.py:508} INFO - Filling up the DagBag from /opt/airflow/dags/dataquality_pipeline_v5.py
[2022-07-29 02:26:47,994] {processor.py:651} INFO - DAG(s) dict_keys(['dataquality_pipeline_v5']) retrieved from /opt/airflow/dags/dataquality_pipeline_v5.py
[2022-07-29 02:26:48,036] {logging_mixin.py:115} INFO - [2022-07-29 02:26:48,036] {dag.py:2420} INFO - Sync 1 DAGs
[2022-07-29 02:26:48,071] {logging_mixin.py:115} INFO - [2022-07-29 02:26:48,071] {dag.py:2972} INFO - Setting next_dagrun for dataquality_pipeline_v5 to None, run_after=None
[2022-07-29 02:26:48,087] {processor.py:161} INFO - Processing /opt/airflow/dags/dataquality_pipeline_v5.py took 1.299 seconds
[2022-07-29 02:27:18,567] {processor.py:153} INFO - Started process (PID=1507) to work on /opt/airflow/dags/dataquality_pipeline_v5.py
[2022-07-29 02:27:18,568] {processor.py:641} INFO - Processing file /opt/airflow/dags/dataquality_pipeline_v5.py for tasks to queue
[2022-07-29 02:27:18,568] {logging_mixin.py:115} INFO - [2022-07-29 02:27:18,568] {dagbag.py:508} INFO - Filling up the DagBag from /opt/airflow/dags/dataquality_pipeline_v5.py
[2022-07-29 02:27:20,235] {processor.py:651} INFO - DAG(s) dict_keys(['dataquality_pipeline_v5']) retrieved from /opt/airflow/dags/dataquality_pipeline_v5.py
[2022-07-29 02:27:20,278] {logging_mixin.py:115} INFO - [2022-07-29 02:27:20,277] {dag.py:2420} INFO - Sync 1 DAGs
[2022-07-29 02:27:20,316] {logging_mixin.py:115} INFO - [2022-07-29 02:27:20,316] {dag.py:2972} INFO - Setting next_dagrun for dataquality_pipeline_v5 to None, run_after=None
[2022-07-29 02:27:20,335] {processor.py:161} INFO - Processing /opt/airflow/dags/dataquality_pipeline_v5.py took 1.790 seconds
[2022-07-29 02:27:50,415] {processor.py:153} INFO - Started process (PID=1580) to work on /opt/airflow/dags/dataquality_pipeline_v5.py
[2022-07-29 02:27:50,416] {processor.py:641} INFO - Processing file /opt/airflow/dags/dataquality_pipeline_v5.py for tasks to queue
[2022-07-29 02:27:50,416] {logging_mixin.py:115} INFO - [2022-07-29 02:27:50,416] {dagbag.py:508} INFO - Filling up the DagBag from /opt/airflow/dags/dataquality_pipeline_v5.py
[2022-07-29 02:27:51,600] {processor.py:651} INFO - DAG(s) dict_keys(['dataquality_pipeline_v5']) retrieved from /opt/airflow/dags/dataquality_pipeline_v5.py
[2022-07-29 02:27:51,659] {logging_mixin.py:115} INFO - [2022-07-29 02:27:51,658] {dag.py:2420} INFO - Sync 1 DAGs
[2022-07-29 02:27:51,694] {logging_mixin.py:115} INFO - [2022-07-29 02:27:51,694] {dag.py:2972} INFO - Setting next_dagrun for dataquality_pipeline_v5 to None, run_after=None
[2022-07-29 02:27:51,713] {processor.py:161} INFO - Processing /opt/airflow/dags/dataquality_pipeline_v5.py took 1.306 seconds
[2022-07-29 02:28:22,213] {processor.py:153} INFO - Started process (PID=1661) to work on /opt/airflow/dags/dataquality_pipeline_v5.py
[2022-07-29 02:28:22,214] {processor.py:641} INFO - Processing file /opt/airflow/dags/dataquality_pipeline_v5.py for tasks to queue
[2022-07-29 02:28:22,215] {logging_mixin.py:115} INFO - [2022-07-29 02:28:22,215] {dagbag.py:508} INFO - Filling up the DagBag from /opt/airflow/dags/dataquality_pipeline_v5.py
[2022-07-29 02:28:23,492] {processor.py:651} INFO - DAG(s) dict_keys(['dataquality_pipeline_v5']) retrieved from /opt/airflow/dags/dataquality_pipeline_v5.py
[2022-07-29 02:28:23,535] {logging_mixin.py:115} INFO - [2022-07-29 02:28:23,535] {dag.py:2420} INFO - Sync 1 DAGs
[2022-07-29 02:28:23,570] {logging_mixin.py:115} INFO - [2022-07-29 02:28:23,570] {dag.py:2972} INFO - Setting next_dagrun for dataquality_pipeline_v5 to None, run_after=None
[2022-07-29 02:28:23,587] {processor.py:161} INFO - Processing /opt/airflow/dags/dataquality_pipeline_v5.py took 1.380 seconds
[2022-07-29 02:28:54,236] {processor.py:153} INFO - Started process (PID=1733) to work on /opt/airflow/dags/dataquality_pipeline_v5.py
[2022-07-29 02:28:54,237] {processor.py:641} INFO - Processing file /opt/airflow/dags/dataquality_pipeline_v5.py for tasks to queue
[2022-07-29 02:28:54,238] {logging_mixin.py:115} INFO - [2022-07-29 02:28:54,237] {dagbag.py:508} INFO - Filling up the DagBag from /opt/airflow/dags/dataquality_pipeline_v5.py
[2022-07-29 02:28:55,539] {processor.py:651} INFO - DAG(s) dict_keys(['dataquality_pipeline_v5']) retrieved from /opt/airflow/dags/dataquality_pipeline_v5.py
[2022-07-29 02:28:55,586] {logging_mixin.py:115} INFO - [2022-07-29 02:28:55,586] {dag.py:2420} INFO - Sync 1 DAGs
[2022-07-29 02:28:55,623] {logging_mixin.py:115} INFO - [2022-07-29 02:28:55,623] {dag.py:2972} INFO - Setting next_dagrun for dataquality_pipeline_v5 to None, run_after=None
[2022-07-29 02:28:55,642] {processor.py:161} INFO - Processing /opt/airflow/dags/dataquality_pipeline_v5.py took 1.414 seconds
[2022-07-29 02:29:25,774] {processor.py:153} INFO - Started process (PID=1816) to work on /opt/airflow/dags/dataquality_pipeline_v5.py
[2022-07-29 02:29:25,775] {processor.py:641} INFO - Processing file /opt/airflow/dags/dataquality_pipeline_v5.py for tasks to queue
[2022-07-29 02:29:25,776] {logging_mixin.py:115} INFO - [2022-07-29 02:29:25,776] {dagbag.py:508} INFO - Filling up the DagBag from /opt/airflow/dags/dataquality_pipeline_v5.py
[2022-07-29 02:29:27,054] {processor.py:651} INFO - DAG(s) dict_keys(['dataquality_pipeline_v5']) retrieved from /opt/airflow/dags/dataquality_pipeline_v5.py
[2022-07-29 02:29:27,099] {logging_mixin.py:115} INFO - [2022-07-29 02:29:27,098] {dag.py:2420} INFO - Sync 1 DAGs
[2022-07-29 02:29:27,142] {logging_mixin.py:115} INFO - [2022-07-29 02:29:27,142] {dag.py:2972} INFO - Setting next_dagrun for dataquality_pipeline_v5 to None, run_after=None
[2022-07-29 02:29:27,160] {processor.py:161} INFO - Processing /opt/airflow/dags/dataquality_pipeline_v5.py took 1.393 seconds
[2022-07-29 02:29:57,571] {processor.py:153} INFO - Started process (PID=1889) to work on /opt/airflow/dags/dataquality_pipeline_v5.py
[2022-07-29 02:29:57,572] {processor.py:641} INFO - Processing file /opt/airflow/dags/dataquality_pipeline_v5.py for tasks to queue
[2022-07-29 02:29:57,573] {logging_mixin.py:115} INFO - [2022-07-29 02:29:57,573] {dagbag.py:508} INFO - Filling up the DagBag from /opt/airflow/dags/dataquality_pipeline_v5.py
[2022-07-29 02:29:58,931] {processor.py:651} INFO - DAG(s) dict_keys(['dataquality_pipeline_v5']) retrieved from /opt/airflow/dags/dataquality_pipeline_v5.py
[2022-07-29 02:29:58,976] {logging_mixin.py:115} INFO - [2022-07-29 02:29:58,975] {dag.py:2420} INFO - Sync 1 DAGs
[2022-07-29 02:29:59,011] {logging_mixin.py:115} INFO - [2022-07-29 02:29:59,011] {dag.py:2972} INFO - Setting next_dagrun for dataquality_pipeline_v5 to None, run_after=None
[2022-07-29 02:29:59,029] {processor.py:161} INFO - Processing /opt/airflow/dags/dataquality_pipeline_v5.py took 1.465 seconds
[2022-07-29 02:30:29,943] {processor.py:153} INFO - Started process (PID=1960) to work on /opt/airflow/dags/dataquality_pipeline_v5.py
[2022-07-29 02:30:29,956] {processor.py:641} INFO - Processing file /opt/airflow/dags/dataquality_pipeline_v5.py for tasks to queue
[2022-07-29 02:30:29,956] {logging_mixin.py:115} INFO - [2022-07-29 02:30:29,956] {dagbag.py:508} INFO - Filling up the DagBag from /opt/airflow/dags/dataquality_pipeline_v5.py
[2022-07-29 02:30:32,290] {processor.py:651} INFO - DAG(s) dict_keys(['dataquality_pipeline_v5']) retrieved from /opt/airflow/dags/dataquality_pipeline_v5.py
[2022-07-29 02:30:32,380] {logging_mixin.py:115} INFO - [2022-07-29 02:30:32,380] {dag.py:2420} INFO - Sync 1 DAGs
[2022-07-29 02:30:32,448] {logging_mixin.py:115} INFO - [2022-07-29 02:30:32,448] {dag.py:2972} INFO - Setting next_dagrun for dataquality_pipeline_v5 to None, run_after=None
[2022-07-29 02:30:32,474] {processor.py:161} INFO - Processing /opt/airflow/dags/dataquality_pipeline_v5.py took 2.542 seconds
[2022-07-29 02:31:03,002] {processor.py:153} INFO - Started process (PID=2042) to work on /opt/airflow/dags/dataquality_pipeline_v5.py
[2022-07-29 02:31:03,008] {processor.py:641} INFO - Processing file /opt/airflow/dags/dataquality_pipeline_v5.py for tasks to queue
[2022-07-29 02:31:03,008] {logging_mixin.py:115} INFO - [2022-07-29 02:31:03,008] {dagbag.py:508} INFO - Filling up the DagBag from /opt/airflow/dags/dataquality_pipeline_v5.py
[2022-07-29 02:31:05,118] {processor.py:651} INFO - DAG(s) dict_keys(['dataquality_pipeline_v5']) retrieved from /opt/airflow/dags/dataquality_pipeline_v5.py
[2022-07-29 02:31:05,172] {logging_mixin.py:115} INFO - [2022-07-29 02:31:05,171] {dag.py:2420} INFO - Sync 1 DAGs
[2022-07-29 02:31:05,206] {logging_mixin.py:115} INFO - [2022-07-29 02:31:05,206] {dag.py:2972} INFO - Setting next_dagrun for dataquality_pipeline_v5 to None, run_after=None
[2022-07-29 02:31:05,221] {processor.py:161} INFO - Processing /opt/airflow/dags/dataquality_pipeline_v5.py took 2.234 seconds
[2022-07-29 02:31:35,358] {processor.py:153} INFO - Started process (PID=2116) to work on /opt/airflow/dags/dataquality_pipeline_v5.py
[2022-07-29 02:31:35,358] {processor.py:641} INFO - Processing file /opt/airflow/dags/dataquality_pipeline_v5.py for tasks to queue
[2022-07-29 02:31:35,359] {logging_mixin.py:115} INFO - [2022-07-29 02:31:35,359] {dagbag.py:508} INFO - Filling up the DagBag from /opt/airflow/dags/dataquality_pipeline_v5.py
[2022-07-29 02:31:37,089] {processor.py:651} INFO - DAG(s) dict_keys(['dataquality_pipeline_v5']) retrieved from /opt/airflow/dags/dataquality_pipeline_v5.py
[2022-07-29 02:31:37,131] {logging_mixin.py:115} INFO - [2022-07-29 02:31:37,131] {dag.py:2420} INFO - Sync 1 DAGs
[2022-07-29 02:31:37,167] {logging_mixin.py:115} INFO - [2022-07-29 02:31:37,167] {dag.py:2972} INFO - Setting next_dagrun for dataquality_pipeline_v5 to None, run_after=None
[2022-07-29 02:31:37,187] {processor.py:161} INFO - Processing /opt/airflow/dags/dataquality_pipeline_v5.py took 1.869 seconds
[2022-07-29 02:32:08,710] {processor.py:153} INFO - Started process (PID=2198) to work on /opt/airflow/dags/dataquality_pipeline_v5.py
[2022-07-29 02:32:08,721] {processor.py:641} INFO - Processing file /opt/airflow/dags/dataquality_pipeline_v5.py for tasks to queue
[2022-07-29 02:32:08,722] {logging_mixin.py:115} INFO - [2022-07-29 02:32:08,722] {dagbag.py:508} INFO - Filling up the DagBag from /opt/airflow/dags/dataquality_pipeline_v5.py
[2022-07-29 02:32:10,661] {processor.py:651} INFO - DAG(s) dict_keys(['dataquality_pipeline_v5']) retrieved from /opt/airflow/dags/dataquality_pipeline_v5.py
[2022-07-29 02:32:10,737] {logging_mixin.py:115} INFO - [2022-07-29 02:32:10,736] {dag.py:2420} INFO - Sync 1 DAGs
[2022-07-29 02:32:10,812] {logging_mixin.py:115} INFO - [2022-07-29 02:32:10,812] {dag.py:2972} INFO - Setting next_dagrun for dataquality_pipeline_v5 to None, run_after=None
[2022-07-29 02:32:10,841] {processor.py:161} INFO - Processing /opt/airflow/dags/dataquality_pipeline_v5.py took 2.154 seconds
[2022-07-29 02:32:41,228] {processor.py:153} INFO - Started process (PID=2271) to work on /opt/airflow/dags/dataquality_pipeline_v5.py
[2022-07-29 02:32:41,229] {processor.py:641} INFO - Processing file /opt/airflow/dags/dataquality_pipeline_v5.py for tasks to queue
[2022-07-29 02:32:41,230] {logging_mixin.py:115} INFO - [2022-07-29 02:32:41,230] {dagbag.py:508} INFO - Filling up the DagBag from /opt/airflow/dags/dataquality_pipeline_v5.py
[2022-07-29 02:32:42,414] {processor.py:651} INFO - DAG(s) dict_keys(['dataquality_pipeline_v5']) retrieved from /opt/airflow/dags/dataquality_pipeline_v5.py
[2022-07-29 02:32:42,513] {logging_mixin.py:115} INFO - [2022-07-29 02:32:42,513] {dag.py:2420} INFO - Sync 1 DAGs
[2022-07-29 02:32:42,560] {logging_mixin.py:115} INFO - [2022-07-29 02:32:42,560] {dag.py:2972} INFO - Setting next_dagrun for dataquality_pipeline_v5 to None, run_after=None
[2022-07-29 02:32:42,576] {processor.py:161} INFO - Processing /opt/airflow/dags/dataquality_pipeline_v5.py took 1.356 seconds
[2022-07-29 02:33:12,829] {processor.py:153} INFO - Started process (PID=2344) to work on /opt/airflow/dags/dataquality_pipeline_v5.py
[2022-07-29 02:33:12,830] {processor.py:641} INFO - Processing file /opt/airflow/dags/dataquality_pipeline_v5.py for tasks to queue
[2022-07-29 02:33:12,831] {logging_mixin.py:115} INFO - [2022-07-29 02:33:12,830] {dagbag.py:508} INFO - Filling up the DagBag from /opt/airflow/dags/dataquality_pipeline_v5.py
[2022-07-29 02:33:14,015] {processor.py:651} INFO - DAG(s) dict_keys(['dataquality_pipeline_v5']) retrieved from /opt/airflow/dags/dataquality_pipeline_v5.py
[2022-07-29 02:33:14,057] {logging_mixin.py:115} INFO - [2022-07-29 02:33:14,056] {dag.py:2420} INFO - Sync 1 DAGs
[2022-07-29 02:33:14,093] {logging_mixin.py:115} INFO - [2022-07-29 02:33:14,093] {dag.py:2972} INFO - Setting next_dagrun for dataquality_pipeline_v5 to None, run_after=None
[2022-07-29 02:33:14,113] {processor.py:161} INFO - Processing /opt/airflow/dags/dataquality_pipeline_v5.py took 1.291 seconds
[2022-07-29 02:33:45,922] {processor.py:153} INFO - Started process (PID=2426) to work on /opt/airflow/dags/dataquality_pipeline_v5.py
[2022-07-29 02:33:45,928] {processor.py:641} INFO - Processing file /opt/airflow/dags/dataquality_pipeline_v5.py for tasks to queue
[2022-07-29 02:33:45,929] {logging_mixin.py:115} INFO - [2022-07-29 02:33:45,929] {dagbag.py:508} INFO - Filling up the DagBag from /opt/airflow/dags/dataquality_pipeline_v5.py
[2022-07-29 02:33:48,139] {processor.py:651} INFO - DAG(s) dict_keys(['dataquality_pipeline_v5']) retrieved from /opt/airflow/dags/dataquality_pipeline_v5.py
[2022-07-29 02:33:48,184] {logging_mixin.py:115} INFO - [2022-07-29 02:33:48,184] {dag.py:2420} INFO - Sync 1 DAGs
[2022-07-29 02:33:48,223] {logging_mixin.py:115} INFO - [2022-07-29 02:33:48,223] {dag.py:2972} INFO - Setting next_dagrun for dataquality_pipeline_v5 to None, run_after=None
[2022-07-29 02:33:48,242] {processor.py:161} INFO - Processing /opt/airflow/dags/dataquality_pipeline_v5.py took 2.336 seconds
[2022-07-29 02:34:18,512] {processor.py:153} INFO - Started process (PID=2499) to work on /opt/airflow/dags/dataquality_pipeline_v5.py
[2022-07-29 02:34:18,513] {processor.py:641} INFO - Processing file /opt/airflow/dags/dataquality_pipeline_v5.py for tasks to queue
[2022-07-29 02:34:18,513] {logging_mixin.py:115} INFO - [2022-07-29 02:34:18,513] {dagbag.py:508} INFO - Filling up the DagBag from /opt/airflow/dags/dataquality_pipeline_v5.py
[2022-07-29 02:34:19,823] {processor.py:651} INFO - DAG(s) dict_keys(['dataquality_pipeline_v5']) retrieved from /opt/airflow/dags/dataquality_pipeline_v5.py
[2022-07-29 02:34:19,898] {logging_mixin.py:115} INFO - [2022-07-29 02:34:19,898] {dag.py:2420} INFO - Sync 1 DAGs
[2022-07-29 02:34:19,964] {logging_mixin.py:115} INFO - [2022-07-29 02:34:19,964] {dag.py:2972} INFO - Setting next_dagrun for dataquality_pipeline_v5 to None, run_after=None
[2022-07-29 02:34:19,995] {processor.py:161} INFO - Processing /opt/airflow/dags/dataquality_pipeline_v5.py took 1.488 seconds
[2022-07-29 02:34:50,395] {processor.py:153} INFO - Started process (PID=2581) to work on /opt/airflow/dags/dataquality_pipeline_v5.py
[2022-07-29 02:34:50,408] {processor.py:641} INFO - Processing file /opt/airflow/dags/dataquality_pipeline_v5.py for tasks to queue
[2022-07-29 02:34:50,408] {logging_mixin.py:115} INFO - [2022-07-29 02:34:50,408] {dagbag.py:508} INFO - Filling up the DagBag from /opt/airflow/dags/dataquality_pipeline_v5.py
[2022-07-29 02:34:53,007] {processor.py:651} INFO - DAG(s) dict_keys(['dataquality_pipeline_v5']) retrieved from /opt/airflow/dags/dataquality_pipeline_v5.py
[2022-07-29 02:34:53,087] {logging_mixin.py:115} INFO - [2022-07-29 02:34:53,087] {dag.py:2420} INFO - Sync 1 DAGs
[2022-07-29 02:34:53,163] {logging_mixin.py:115} INFO - [2022-07-29 02:34:53,163] {dag.py:2972} INFO - Setting next_dagrun for dataquality_pipeline_v5 to None, run_after=None
[2022-07-29 02:34:53,190] {processor.py:161} INFO - Processing /opt/airflow/dags/dataquality_pipeline_v5.py took 2.827 seconds
[2022-07-29 02:35:24,024] {processor.py:153} INFO - Started process (PID=2665) to work on /opt/airflow/dags/dataquality_pipeline_v5.py
[2022-07-29 02:35:24,025] {processor.py:641} INFO - Processing file /opt/airflow/dags/dataquality_pipeline_v5.py for tasks to queue
[2022-07-29 02:35:24,026] {logging_mixin.py:115} INFO - [2022-07-29 02:35:24,026] {dagbag.py:508} INFO - Filling up the DagBag from /opt/airflow/dags/dataquality_pipeline_v5.py
[2022-07-29 02:35:25,666] {processor.py:651} INFO - DAG(s) dict_keys(['dataquality_pipeline_v5']) retrieved from /opt/airflow/dags/dataquality_pipeline_v5.py
[2022-07-29 02:35:25,732] {logging_mixin.py:115} INFO - [2022-07-29 02:35:25,731] {dag.py:2420} INFO - Sync 1 DAGs
[2022-07-29 02:35:25,769] {logging_mixin.py:115} INFO - [2022-07-29 02:35:25,769] {dag.py:2972} INFO - Setting next_dagrun for dataquality_pipeline_v5 to None, run_after=None
[2022-07-29 02:35:25,788] {processor.py:161} INFO - Processing /opt/airflow/dags/dataquality_pipeline_v5.py took 1.784 seconds
[2022-07-29 02:35:56,061] {processor.py:153} INFO - Started process (PID=2738) to work on /opt/airflow/dags/dataquality_pipeline_v5.py
[2022-07-29 02:35:56,061] {processor.py:641} INFO - Processing file /opt/airflow/dags/dataquality_pipeline_v5.py for tasks to queue
[2022-07-29 02:35:56,062] {logging_mixin.py:115} INFO - [2022-07-29 02:35:56,062] {dagbag.py:508} INFO - Filling up the DagBag from /opt/airflow/dags/dataquality_pipeline_v5.py
[2022-07-29 02:35:57,322] {processor.py:651} INFO - DAG(s) dict_keys(['dataquality_pipeline_v5']) retrieved from /opt/airflow/dags/dataquality_pipeline_v5.py
[2022-07-29 02:35:57,404] {logging_mixin.py:115} INFO - [2022-07-29 02:35:57,403] {dag.py:2420} INFO - Sync 1 DAGs
[2022-07-29 02:35:57,615] {logging_mixin.py:115} INFO - [2022-07-29 02:35:57,615] {dag.py:2972} INFO - Setting next_dagrun for dataquality_pipeline_v5 to None, run_after=None
[2022-07-29 02:35:57,688] {processor.py:161} INFO - Processing /opt/airflow/dags/dataquality_pipeline_v5.py took 1.635 seconds
[2022-07-29 02:36:28,116] {processor.py:153} INFO - Started process (PID=2811) to work on /opt/airflow/dags/dataquality_pipeline_v5.py
[2022-07-29 02:36:28,117] {processor.py:641} INFO - Processing file /opt/airflow/dags/dataquality_pipeline_v5.py for tasks to queue
[2022-07-29 02:36:28,118] {logging_mixin.py:115} INFO - [2022-07-29 02:36:28,118] {dagbag.py:508} INFO - Filling up the DagBag from /opt/airflow/dags/dataquality_pipeline_v5.py
[2022-07-29 02:36:30,473] {processor.py:651} INFO - DAG(s) dict_keys(['dataquality_pipeline_v5']) retrieved from /opt/airflow/dags/dataquality_pipeline_v5.py
[2022-07-29 02:36:30,558] {logging_mixin.py:115} INFO - [2022-07-29 02:36:30,558] {dag.py:2420} INFO - Sync 1 DAGs
[2022-07-29 02:36:30,620] {logging_mixin.py:115} INFO - [2022-07-29 02:36:30,620] {dag.py:2972} INFO - Setting next_dagrun for dataquality_pipeline_v5 to None, run_after=None
[2022-07-29 02:36:30,652] {processor.py:161} INFO - Processing /opt/airflow/dags/dataquality_pipeline_v5.py took 2.554 seconds
[2022-07-29 02:37:00,865] {processor.py:153} INFO - Started process (PID=2891) to work on /opt/airflow/dags/dataquality_pipeline_v5.py
[2022-07-29 02:37:00,866] {processor.py:641} INFO - Processing file /opt/airflow/dags/dataquality_pipeline_v5.py for tasks to queue
[2022-07-29 02:37:00,867] {logging_mixin.py:115} INFO - [2022-07-29 02:37:00,867] {dagbag.py:508} INFO - Filling up the DagBag from /opt/airflow/dags/dataquality_pipeline_v5.py
[2022-07-29 02:37:02,068] {processor.py:651} INFO - DAG(s) dict_keys(['dataquality_pipeline_v5']) retrieved from /opt/airflow/dags/dataquality_pipeline_v5.py
[2022-07-29 02:37:02,111] {logging_mixin.py:115} INFO - [2022-07-29 02:37:02,111] {dag.py:2420} INFO - Sync 1 DAGs
[2022-07-29 02:37:02,148] {logging_mixin.py:115} INFO - [2022-07-29 02:37:02,148] {dag.py:2972} INFO - Setting next_dagrun for dataquality_pipeline_v5 to None, run_after=None
[2022-07-29 02:37:02,178] {processor.py:161} INFO - Processing /opt/airflow/dags/dataquality_pipeline_v5.py took 1.320 seconds
[2022-07-29 02:37:32,683] {processor.py:153} INFO - Started process (PID=2963) to work on /opt/airflow/dags/dataquality_pipeline_v5.py
[2022-07-29 02:37:32,683] {processor.py:641} INFO - Processing file /opt/airflow/dags/dataquality_pipeline_v5.py for tasks to queue
[2022-07-29 02:37:32,684] {logging_mixin.py:115} INFO - [2022-07-29 02:37:32,684] {dagbag.py:508} INFO - Filling up the DagBag from /opt/airflow/dags/dataquality_pipeline_v5.py
[2022-07-29 02:37:33,969] {processor.py:651} INFO - DAG(s) dict_keys(['dataquality_pipeline_v5']) retrieved from /opt/airflow/dags/dataquality_pipeline_v5.py
[2022-07-29 02:37:34,051] {logging_mixin.py:115} INFO - [2022-07-29 02:37:34,051] {dag.py:2420} INFO - Sync 1 DAGs
[2022-07-29 02:37:34,121] {logging_mixin.py:115} INFO - [2022-07-29 02:37:34,121] {dag.py:2972} INFO - Setting next_dagrun for dataquality_pipeline_v5 to None, run_after=None
[2022-07-29 02:37:34,141] {processor.py:161} INFO - Processing /opt/airflow/dags/dataquality_pipeline_v5.py took 1.465 seconds
[2022-07-29 02:38:04,420] {processor.py:153} INFO - Started process (PID=3043) to work on /opt/airflow/dags/dataquality_pipeline_v5.py
[2022-07-29 02:38:04,424] {processor.py:641} INFO - Processing file /opt/airflow/dags/dataquality_pipeline_v5.py for tasks to queue
[2022-07-29 02:38:04,426] {logging_mixin.py:115} INFO - [2022-07-29 02:38:04,426] {dagbag.py:508} INFO - Filling up the DagBag from /opt/airflow/dags/dataquality_pipeline_v5.py
[2022-07-29 02:38:06,038] {processor.py:651} INFO - DAG(s) dict_keys(['dataquality_pipeline_v5']) retrieved from /opt/airflow/dags/dataquality_pipeline_v5.py
[2022-07-29 02:38:06,132] {logging_mixin.py:115} INFO - [2022-07-29 02:38:06,132] {dag.py:2420} INFO - Sync 1 DAGs
[2022-07-29 02:38:06,196] {logging_mixin.py:115} INFO - [2022-07-29 02:38:06,196] {dag.py:2972} INFO - Setting next_dagrun for dataquality_pipeline_v5 to None, run_after=None
[2022-07-29 02:38:06,222] {processor.py:161} INFO - Processing /opt/airflow/dags/dataquality_pipeline_v5.py took 1.814 seconds
[2022-07-29 02:38:36,656] {processor.py:153} INFO - Started process (PID=3119) to work on /opt/airflow/dags/dataquality_pipeline_v5.py
[2022-07-29 02:38:36,657] {processor.py:641} INFO - Processing file /opt/airflow/dags/dataquality_pipeline_v5.py for tasks to queue
[2022-07-29 02:38:36,658] {logging_mixin.py:115} INFO - [2022-07-29 02:38:36,658] {dagbag.py:508} INFO - Filling up the DagBag from /opt/airflow/dags/dataquality_pipeline_v5.py
[2022-07-29 02:38:37,884] {processor.py:651} INFO - DAG(s) dict_keys(['dataquality_pipeline_v5']) retrieved from /opt/airflow/dags/dataquality_pipeline_v5.py
[2022-07-29 02:38:37,927] {logging_mixin.py:115} INFO - [2022-07-29 02:38:37,926] {dag.py:2420} INFO - Sync 1 DAGs
[2022-07-29 02:38:37,963] {logging_mixin.py:115} INFO - [2022-07-29 02:38:37,963] {dag.py:2972} INFO - Setting next_dagrun for dataquality_pipeline_v5 to None, run_after=None
[2022-07-29 02:38:37,982] {processor.py:161} INFO - Processing /opt/airflow/dags/dataquality_pipeline_v5.py took 1.332 seconds
[2022-07-29 02:39:08,902] {processor.py:153} INFO - Started process (PID=3191) to work on /opt/airflow/dags/dataquality_pipeline_v5.py
[2022-07-29 02:39:08,910] {processor.py:641} INFO - Processing file /opt/airflow/dags/dataquality_pipeline_v5.py for tasks to queue
[2022-07-29 02:39:08,911] {logging_mixin.py:115} INFO - [2022-07-29 02:39:08,910] {dagbag.py:508} INFO - Filling up the DagBag from /opt/airflow/dags/dataquality_pipeline_v5.py
[2022-07-29 02:39:10,131] {processor.py:651} INFO - DAG(s) dict_keys(['dataquality_pipeline_v5']) retrieved from /opt/airflow/dags/dataquality_pipeline_v5.py
[2022-07-29 02:39:10,270] {logging_mixin.py:115} INFO - [2022-07-29 02:39:10,270] {dag.py:2420} INFO - Sync 1 DAGs
[2022-07-29 02:39:10,307] {logging_mixin.py:115} INFO - [2022-07-29 02:39:10,307] {dag.py:2972} INFO - Setting next_dagrun for dataquality_pipeline_v5 to None, run_after=None
[2022-07-29 02:39:10,326] {processor.py:161} INFO - Processing /opt/airflow/dags/dataquality_pipeline_v5.py took 1.444 seconds
[2022-07-29 02:39:41,211] {processor.py:153} INFO - Started process (PID=3273) to work on /opt/airflow/dags/dataquality_pipeline_v5.py
[2022-07-29 02:39:41,211] {processor.py:641} INFO - Processing file /opt/airflow/dags/dataquality_pipeline_v5.py for tasks to queue
[2022-07-29 02:39:41,216] {logging_mixin.py:115} INFO - [2022-07-29 02:39:41,215] {dagbag.py:508} INFO - Filling up the DagBag from /opt/airflow/dags/dataquality_pipeline_v5.py
[2022-07-29 02:39:43,486] {processor.py:651} INFO - DAG(s) dict_keys(['dataquality_pipeline_v5']) retrieved from /opt/airflow/dags/dataquality_pipeline_v5.py
[2022-07-29 02:39:43,573] {logging_mixin.py:115} INFO - [2022-07-29 02:39:43,572] {dag.py:2420} INFO - Sync 1 DAGs
[2022-07-29 02:39:43,643] {logging_mixin.py:115} INFO - [2022-07-29 02:39:43,643] {dag.py:2972} INFO - Setting next_dagrun for dataquality_pipeline_v5 to None, run_after=None
[2022-07-29 02:39:43,700] {processor.py:161} INFO - Processing /opt/airflow/dags/dataquality_pipeline_v5.py took 2.515 seconds
[2022-07-29 02:40:14,160] {processor.py:153} INFO - Started process (PID=3346) to work on /opt/airflow/dags/dataquality_pipeline_v5.py
[2022-07-29 02:40:14,168] {processor.py:641} INFO - Processing file /opt/airflow/dags/dataquality_pipeline_v5.py for tasks to queue
[2022-07-29 02:40:14,169] {logging_mixin.py:115} INFO - [2022-07-29 02:40:14,169] {dagbag.py:508} INFO - Filling up the DagBag from /opt/airflow/dags/dataquality_pipeline_v5.py
[2022-07-29 02:40:15,305] {processor.py:651} INFO - DAG(s) dict_keys(['dataquality_pipeline_v5']) retrieved from /opt/airflow/dags/dataquality_pipeline_v5.py
[2022-07-29 02:40:15,364] {logging_mixin.py:115} INFO - [2022-07-29 02:40:15,363] {dag.py:2420} INFO - Sync 1 DAGs
[2022-07-29 02:40:15,408] {logging_mixin.py:115} INFO - [2022-07-29 02:40:15,408] {dag.py:2972} INFO - Setting next_dagrun for dataquality_pipeline_v5 to None, run_after=None
[2022-07-29 02:40:15,425] {processor.py:161} INFO - Processing /opt/airflow/dags/dataquality_pipeline_v5.py took 1.272 seconds
[2022-07-29 02:40:46,053] {processor.py:153} INFO - Started process (PID=3427) to work on /opt/airflow/dags/dataquality_pipeline_v5.py
[2022-07-29 02:40:46,055] {processor.py:641} INFO - Processing file /opt/airflow/dags/dataquality_pipeline_v5.py for tasks to queue
[2022-07-29 02:40:46,056] {logging_mixin.py:115} INFO - [2022-07-29 02:40:46,055] {dagbag.py:508} INFO - Filling up the DagBag from /opt/airflow/dags/dataquality_pipeline_v5.py
[2022-07-29 02:40:47,220] {processor.py:651} INFO - DAG(s) dict_keys(['dataquality_pipeline_v5']) retrieved from /opt/airflow/dags/dataquality_pipeline_v5.py
[2022-07-29 02:40:47,264] {logging_mixin.py:115} INFO - [2022-07-29 02:40:47,264] {dag.py:2420} INFO - Sync 1 DAGs
[2022-07-29 02:40:47,301] {logging_mixin.py:115} INFO - [2022-07-29 02:40:47,301] {dag.py:2972} INFO - Setting next_dagrun for dataquality_pipeline_v5 to None, run_after=None
[2022-07-29 02:40:47,318] {processor.py:161} INFO - Processing /opt/airflow/dags/dataquality_pipeline_v5.py took 1.272 seconds
[2022-07-29 02:41:17,375] {processor.py:153} INFO - Started process (PID=3500) to work on /opt/airflow/dags/dataquality_pipeline_v5.py
[2022-07-29 02:41:17,384] {processor.py:641} INFO - Processing file /opt/airflow/dags/dataquality_pipeline_v5.py for tasks to queue
[2022-07-29 02:41:17,384] {logging_mixin.py:115} INFO - [2022-07-29 02:41:17,384] {dagbag.py:508} INFO - Filling up the DagBag from /opt/airflow/dags/dataquality_pipeline_v5.py
[2022-07-29 02:41:19,975] {processor.py:651} INFO - DAG(s) dict_keys(['dataquality_pipeline_v5']) retrieved from /opt/airflow/dags/dataquality_pipeline_v5.py
[2022-07-29 02:41:20,080] {logging_mixin.py:115} INFO - [2022-07-29 02:41:20,080] {dag.py:2420} INFO - Sync 1 DAGs
[2022-07-29 02:41:20,176] {logging_mixin.py:115} INFO - [2022-07-29 02:41:20,176] {dag.py:2972} INFO - Setting next_dagrun for dataquality_pipeline_v5 to None, run_after=None
[2022-07-29 02:41:20,225] {processor.py:161} INFO - Processing /opt/airflow/dags/dataquality_pipeline_v5.py took 2.857 seconds
[2022-07-29 02:41:50,363] {processor.py:153} INFO - Started process (PID=3582) to work on /opt/airflow/dags/dataquality_pipeline_v5.py
[2022-07-29 02:41:50,364] {processor.py:641} INFO - Processing file /opt/airflow/dags/dataquality_pipeline_v5.py for tasks to queue
[2022-07-29 02:41:50,365] {logging_mixin.py:115} INFO - [2022-07-29 02:41:50,365] {dagbag.py:508} INFO - Filling up the DagBag from /opt/airflow/dags/dataquality_pipeline_v5.py
[2022-07-29 02:41:51,178] {processor.py:651} INFO - DAG(s) dict_keys(['dataquality_pipeline_v5']) retrieved from /opt/airflow/dags/dataquality_pipeline_v5.py
[2022-07-29 02:41:51,207] {logging_mixin.py:115} INFO - [2022-07-29 02:41:51,207] {dag.py:2420} INFO - Sync 1 DAGs
[2022-07-29 02:41:51,230] {logging_mixin.py:115} INFO - [2022-07-29 02:41:51,230] {dag.py:2972} INFO - Setting next_dagrun for dataquality_pipeline_v5 to None, run_after=None
[2022-07-29 02:41:51,243] {processor.py:161} INFO - Processing /opt/airflow/dags/dataquality_pipeline_v5.py took 0.885 seconds
[2022-07-29 02:42:21,376] {processor.py:153} INFO - Started process (PID=3655) to work on /opt/airflow/dags/dataquality_pipeline_v5.py
[2022-07-29 02:42:21,376] {processor.py:641} INFO - Processing file /opt/airflow/dags/dataquality_pipeline_v5.py for tasks to queue
[2022-07-29 02:42:21,377] {logging_mixin.py:115} INFO - [2022-07-29 02:42:21,377] {dagbag.py:508} INFO - Filling up the DagBag from /opt/airflow/dags/dataquality_pipeline_v5.py
[2022-07-29 02:42:22,254] {processor.py:651} INFO - DAG(s) dict_keys(['dataquality_pipeline_v5']) retrieved from /opt/airflow/dags/dataquality_pipeline_v5.py
[2022-07-29 02:42:22,298] {logging_mixin.py:115} INFO - [2022-07-29 02:42:22,298] {dag.py:2420} INFO - Sync 1 DAGs
[2022-07-29 02:42:22,331] {logging_mixin.py:115} INFO - [2022-07-29 02:42:22,331] {dag.py:2972} INFO - Setting next_dagrun for dataquality_pipeline_v5 to None, run_after=None
[2022-07-29 02:42:22,348] {processor.py:161} INFO - Processing /opt/airflow/dags/dataquality_pipeline_v5.py took 0.978 seconds
[2022-07-29 02:42:52,811] {processor.py:153} INFO - Started process (PID=3727) to work on /opt/airflow/dags/dataquality_pipeline_v5.py
[2022-07-29 02:42:52,814] {processor.py:641} INFO - Processing file /opt/airflow/dags/dataquality_pipeline_v5.py for tasks to queue
[2022-07-29 02:42:52,815] {logging_mixin.py:115} INFO - [2022-07-29 02:42:52,814] {dagbag.py:508} INFO - Filling up the DagBag from /opt/airflow/dags/dataquality_pipeline_v5.py
[2022-07-29 02:42:55,790] {processor.py:651} INFO - DAG(s) dict_keys(['dataquality_pipeline_v5']) retrieved from /opt/airflow/dags/dataquality_pipeline_v5.py
[2022-07-29 02:42:55,949] {logging_mixin.py:115} INFO - [2022-07-29 02:42:55,948] {dag.py:2420} INFO - Sync 1 DAGs
[2022-07-29 02:42:56,117] {logging_mixin.py:115} INFO - [2022-07-29 02:42:56,117] {dag.py:2972} INFO - Setting next_dagrun for dataquality_pipeline_v5 to None, run_after=None
[2022-07-29 02:42:56,163] {processor.py:161} INFO - Processing /opt/airflow/dags/dataquality_pipeline_v5.py took 3.377 seconds
[2022-07-29 02:43:26,662] {processor.py:153} INFO - Started process (PID=3810) to work on /opt/airflow/dags/dataquality_pipeline_v5.py
[2022-07-29 02:43:26,663] {processor.py:641} INFO - Processing file /opt/airflow/dags/dataquality_pipeline_v5.py for tasks to queue
[2022-07-29 02:43:26,664] {logging_mixin.py:115} INFO - [2022-07-29 02:43:26,663] {dagbag.py:508} INFO - Filling up the DagBag from /opt/airflow/dags/dataquality_pipeline_v5.py
[2022-07-29 02:43:27,432] {processor.py:651} INFO - DAG(s) dict_keys(['dataquality_pipeline_v5']) retrieved from /opt/airflow/dags/dataquality_pipeline_v5.py
[2022-07-29 02:43:27,461] {logging_mixin.py:115} INFO - [2022-07-29 02:43:27,461] {dag.py:2420} INFO - Sync 1 DAGs
[2022-07-29 02:43:27,484] {logging_mixin.py:115} INFO - [2022-07-29 02:43:27,484] {dag.py:2972} INFO - Setting next_dagrun for dataquality_pipeline_v5 to None, run_after=None
[2022-07-29 02:43:27,503] {processor.py:161} INFO - Processing /opt/airflow/dags/dataquality_pipeline_v5.py took 0.847 seconds
[2022-07-29 02:43:57,745] {processor.py:153} INFO - Started process (PID=3883) to work on /opt/airflow/dags/dataquality_pipeline_v5.py
[2022-07-29 02:43:57,745] {processor.py:641} INFO - Processing file /opt/airflow/dags/dataquality_pipeline_v5.py for tasks to queue
[2022-07-29 02:43:57,746] {logging_mixin.py:115} INFO - [2022-07-29 02:43:57,746] {dagbag.py:508} INFO - Filling up the DagBag from /opt/airflow/dags/dataquality_pipeline_v5.py
[2022-07-29 02:43:58,495] {processor.py:651} INFO - DAG(s) dict_keys(['dataquality_pipeline_v5']) retrieved from /opt/airflow/dags/dataquality_pipeline_v5.py
[2022-07-29 02:43:58,523] {logging_mixin.py:115} INFO - [2022-07-29 02:43:58,523] {dag.py:2420} INFO - Sync 1 DAGs
[2022-07-29 02:43:58,546] {logging_mixin.py:115} INFO - [2022-07-29 02:43:58,546] {dag.py:2972} INFO - Setting next_dagrun for dataquality_pipeline_v5 to None, run_after=None
[2022-07-29 02:43:58,569] {processor.py:161} INFO - Processing /opt/airflow/dags/dataquality_pipeline_v5.py took 0.830 seconds
[2022-07-29 02:44:28,615] {processor.py:153} INFO - Started process (PID=3956) to work on /opt/airflow/dags/dataquality_pipeline_v5.py
[2022-07-29 02:44:28,616] {processor.py:641} INFO - Processing file /opt/airflow/dags/dataquality_pipeline_v5.py for tasks to queue
[2022-07-29 02:44:28,617] {logging_mixin.py:115} INFO - [2022-07-29 02:44:28,617] {dagbag.py:508} INFO - Filling up the DagBag from /opt/airflow/dags/dataquality_pipeline_v5.py
[2022-07-29 02:44:30,287] {processor.py:651} INFO - DAG(s) dict_keys(['dataquality_pipeline_v5']) retrieved from /opt/airflow/dags/dataquality_pipeline_v5.py
[2022-07-29 02:44:30,373] {logging_mixin.py:115} INFO - [2022-07-29 02:44:30,372] {dag.py:2420} INFO - Sync 1 DAGs
[2022-07-29 02:44:30,444] {logging_mixin.py:115} INFO - [2022-07-29 02:44:30,444] {dag.py:2972} INFO - Setting next_dagrun for dataquality_pipeline_v5 to None, run_after=None
[2022-07-29 02:44:30,476] {processor.py:161} INFO - Processing /opt/airflow/dags/dataquality_pipeline_v5.py took 1.868 seconds
[2022-07-29 02:45:01,122] {processor.py:153} INFO - Started process (PID=4039) to work on /opt/airflow/dags/dataquality_pipeline_v5.py
[2022-07-29 02:45:01,123] {processor.py:641} INFO - Processing file /opt/airflow/dags/dataquality_pipeline_v5.py for tasks to queue
[2022-07-29 02:45:01,123] {logging_mixin.py:115} INFO - [2022-07-29 02:45:01,123] {dagbag.py:508} INFO - Filling up the DagBag from /opt/airflow/dags/dataquality_pipeline_v5.py
[2022-07-29 02:45:01,888] {processor.py:651} INFO - DAG(s) dict_keys(['dataquality_pipeline_v5']) retrieved from /opt/airflow/dags/dataquality_pipeline_v5.py
[2022-07-29 02:45:01,917] {logging_mixin.py:115} INFO - [2022-07-29 02:45:01,916] {dag.py:2420} INFO - Sync 1 DAGs
[2022-07-29 02:45:01,940] {logging_mixin.py:115} INFO - [2022-07-29 02:45:01,939] {dag.py:2972} INFO - Setting next_dagrun for dataquality_pipeline_v5 to None, run_after=None
[2022-07-29 02:45:01,960] {processor.py:161} INFO - Processing /opt/airflow/dags/dataquality_pipeline_v5.py took 0.843 seconds
[2022-07-29 02:45:32,189] {processor.py:153} INFO - Started process (PID=4112) to work on /opt/airflow/dags/dataquality_pipeline_v5.py
[2022-07-29 02:45:32,190] {processor.py:641} INFO - Processing file /opt/airflow/dags/dataquality_pipeline_v5.py for tasks to queue
[2022-07-29 02:45:32,190] {logging_mixin.py:115} INFO - [2022-07-29 02:45:32,190] {dagbag.py:508} INFO - Filling up the DagBag from /opt/airflow/dags/dataquality_pipeline_v5.py
[2022-07-29 02:45:33,417] {processor.py:651} INFO - DAG(s) dict_keys(['dataquality_pipeline_v5']) retrieved from /opt/airflow/dags/dataquality_pipeline_v5.py
[2022-07-29 02:45:33,465] {logging_mixin.py:115} INFO - [2022-07-29 02:45:33,464] {dag.py:2420} INFO - Sync 1 DAGs
[2022-07-29 02:45:33,500] {logging_mixin.py:115} INFO - [2022-07-29 02:45:33,500] {dag.py:2972} INFO - Setting next_dagrun for dataquality_pipeline_v5 to None, run_after=None
[2022-07-29 02:45:33,516] {processor.py:161} INFO - Processing /opt/airflow/dags/dataquality_pipeline_v5.py took 1.332 seconds
[2022-07-29 02:46:03,819] {processor.py:153} INFO - Started process (PID=4185) to work on /opt/airflow/dags/dataquality_pipeline_v5.py
[2022-07-29 02:46:03,820] {processor.py:641} INFO - Processing file /opt/airflow/dags/dataquality_pipeline_v5.py for tasks to queue
[2022-07-29 02:46:03,820] {logging_mixin.py:115} INFO - [2022-07-29 02:46:03,820] {dagbag.py:508} INFO - Filling up the DagBag from /opt/airflow/dags/dataquality_pipeline_v5.py
[2022-07-29 02:46:04,695] {processor.py:651} INFO - DAG(s) dict_keys(['dataquality_pipeline_v5']) retrieved from /opt/airflow/dags/dataquality_pipeline_v5.py
[2022-07-29 02:46:04,741] {logging_mixin.py:115} INFO - [2022-07-29 02:46:04,741] {dag.py:2420} INFO - Sync 1 DAGs
[2022-07-29 02:46:04,778] {logging_mixin.py:115} INFO - [2022-07-29 02:46:04,777] {dag.py:2972} INFO - Setting next_dagrun for dataquality_pipeline_v5 to None, run_after=None
[2022-07-29 02:46:04,800] {processor.py:161} INFO - Processing /opt/airflow/dags/dataquality_pipeline_v5.py took 0.986 seconds
[2022-07-29 02:46:35,155] {processor.py:153} INFO - Started process (PID=4266) to work on /opt/airflow/dags/dataquality_pipeline_v5.py
[2022-07-29 02:46:35,155] {processor.py:641} INFO - Processing file /opt/airflow/dags/dataquality_pipeline_v5.py for tasks to queue
[2022-07-29 02:46:35,156] {logging_mixin.py:115} INFO - [2022-07-29 02:46:35,156] {dagbag.py:508} INFO - Filling up the DagBag from /opt/airflow/dags/dataquality_pipeline_v5.py
[2022-07-29 02:46:35,978] {processor.py:651} INFO - DAG(s) dict_keys(['dataquality_pipeline_v5']) retrieved from /opt/airflow/dags/dataquality_pipeline_v5.py
[2022-07-29 02:46:36,007] {logging_mixin.py:115} INFO - [2022-07-29 02:46:36,006] {dag.py:2420} INFO - Sync 1 DAGs
[2022-07-29 02:46:36,043] {logging_mixin.py:115} INFO - [2022-07-29 02:46:36,043] {dag.py:2972} INFO - Setting next_dagrun for dataquality_pipeline_v5 to None, run_after=None
[2022-07-29 02:46:36,069] {processor.py:161} INFO - Processing /opt/airflow/dags/dataquality_pipeline_v5.py took 0.922 seconds
[2022-07-29 02:47:06,659] {processor.py:153} INFO - Started process (PID=4339) to work on /opt/airflow/dags/dataquality_pipeline_v5.py
[2022-07-29 02:47:06,660] {processor.py:641} INFO - Processing file /opt/airflow/dags/dataquality_pipeline_v5.py for tasks to queue
[2022-07-29 02:47:06,661] {logging_mixin.py:115} INFO - [2022-07-29 02:47:06,661] {dagbag.py:508} INFO - Filling up the DagBag from /opt/airflow/dags/dataquality_pipeline_v5.py
[2022-07-29 02:47:07,708] {processor.py:651} INFO - DAG(s) dict_keys(['dataquality_pipeline_v5']) retrieved from /opt/airflow/dags/dataquality_pipeline_v5.py
[2022-07-29 02:47:07,789] {logging_mixin.py:115} INFO - [2022-07-29 02:47:07,788] {dag.py:2420} INFO - Sync 1 DAGs
[2022-07-29 02:47:07,870] {logging_mixin.py:115} INFO - [2022-07-29 02:47:07,870] {dag.py:2972} INFO - Setting next_dagrun for dataquality_pipeline_v5 to None, run_after=None
[2022-07-29 02:47:07,907] {processor.py:161} INFO - Processing /opt/airflow/dags/dataquality_pipeline_v5.py took 1.254 seconds
[2022-07-29 02:47:38,317] {processor.py:153} INFO - Started process (PID=4421) to work on /opt/airflow/dags/dataquality_pipeline_v5.py
[2022-07-29 02:47:38,318] {processor.py:641} INFO - Processing file /opt/airflow/dags/dataquality_pipeline_v5.py for tasks to queue
[2022-07-29 02:47:38,319] {logging_mixin.py:115} INFO - [2022-07-29 02:47:38,319] {dagbag.py:508} INFO - Filling up the DagBag from /opt/airflow/dags/dataquality_pipeline_v5.py
[2022-07-29 02:47:39,255] {processor.py:651} INFO - DAG(s) dict_keys(['dataquality_pipeline_v5']) retrieved from /opt/airflow/dags/dataquality_pipeline_v5.py
[2022-07-29 02:47:39,322] {logging_mixin.py:115} INFO - [2022-07-29 02:47:39,322] {dag.py:2420} INFO - Sync 1 DAGs
[2022-07-29 02:47:39,392] {logging_mixin.py:115} INFO - [2022-07-29 02:47:39,392] {dag.py:2972} INFO - Setting next_dagrun for dataquality_pipeline_v5 to None, run_after=None
[2022-07-29 02:47:39,424] {processor.py:161} INFO - Processing /opt/airflow/dags/dataquality_pipeline_v5.py took 1.114 seconds
[2022-07-29 02:48:09,765] {processor.py:153} INFO - Started process (PID=4496) to work on /opt/airflow/dags/dataquality_pipeline_v5.py
[2022-07-29 02:48:09,766] {processor.py:641} INFO - Processing file /opt/airflow/dags/dataquality_pipeline_v5.py for tasks to queue
[2022-07-29 02:48:09,767] {logging_mixin.py:115} INFO - [2022-07-29 02:48:09,767] {dagbag.py:508} INFO - Filling up the DagBag from /opt/airflow/dags/dataquality_pipeline_v5.py
[2022-07-29 02:48:10,482] {processor.py:651} INFO - DAG(s) dict_keys(['dataquality_pipeline_v5']) retrieved from /opt/airflow/dags/dataquality_pipeline_v5.py
[2022-07-29 02:48:10,517] {logging_mixin.py:115} INFO - [2022-07-29 02:48:10,517] {dag.py:2420} INFO - Sync 1 DAGs
[2022-07-29 02:48:10,542] {logging_mixin.py:115} INFO - [2022-07-29 02:48:10,542] {dag.py:2972} INFO - Setting next_dagrun for dataquality_pipeline_v5 to None, run_after=None
[2022-07-29 02:48:10,575] {processor.py:161} INFO - Processing /opt/airflow/dags/dataquality_pipeline_v5.py took 0.828 seconds
[2022-07-29 02:48:40,797] {processor.py:153} INFO - Started process (PID=4578) to work on /opt/airflow/dags/dataquality_pipeline_v5.py
[2022-07-29 02:48:40,797] {processor.py:641} INFO - Processing file /opt/airflow/dags/dataquality_pipeline_v5.py for tasks to queue
[2022-07-29 02:48:40,798] {logging_mixin.py:115} INFO - [2022-07-29 02:48:40,798] {dagbag.py:508} INFO - Filling up the DagBag from /opt/airflow/dags/dataquality_pipeline_v5.py
[2022-07-29 02:48:41,745] {processor.py:651} INFO - DAG(s) dict_keys(['dataquality_pipeline_v5']) retrieved from /opt/airflow/dags/dataquality_pipeline_v5.py
[2022-07-29 02:48:41,797] {logging_mixin.py:115} INFO - [2022-07-29 02:48:41,797] {dag.py:2420} INFO - Sync 1 DAGs
[2022-07-29 02:48:41,836] {logging_mixin.py:115} INFO - [2022-07-29 02:48:41,836] {dag.py:2972} INFO - Setting next_dagrun for dataquality_pipeline_v5 to None, run_after=None
[2022-07-29 02:48:41,857] {processor.py:161} INFO - Processing /opt/airflow/dags/dataquality_pipeline_v5.py took 1.067 seconds
[2022-07-29 02:49:11,945] {processor.py:153} INFO - Started process (PID=4652) to work on /opt/airflow/dags/dataquality_pipeline_v5.py
[2022-07-29 02:49:11,946] {processor.py:641} INFO - Processing file /opt/airflow/dags/dataquality_pipeline_v5.py for tasks to queue
[2022-07-29 02:49:11,946] {logging_mixin.py:115} INFO - [2022-07-29 02:49:11,946] {dagbag.py:508} INFO - Filling up the DagBag from /opt/airflow/dags/dataquality_pipeline_v5.py
[2022-07-29 02:49:12,539] {processor.py:651} INFO - DAG(s) dict_keys(['dataquality_pipeline_v5']) retrieved from /opt/airflow/dags/dataquality_pipeline_v5.py
[2022-07-29 02:49:12,574] {logging_mixin.py:115} INFO - [2022-07-29 02:49:12,574] {dag.py:2420} INFO - Sync 1 DAGs
[2022-07-29 02:49:12,600] {logging_mixin.py:115} INFO - [2022-07-29 02:49:12,600] {dag.py:2972} INFO - Setting next_dagrun for dataquality_pipeline_v5 to None, run_after=None
[2022-07-29 02:49:12,615] {processor.py:161} INFO - Processing /opt/airflow/dags/dataquality_pipeline_v5.py took 0.675 seconds
[2022-07-29 02:49:42,806] {processor.py:153} INFO - Started process (PID=4732) to work on /opt/airflow/dags/dataquality_pipeline_v5.py
[2022-07-29 02:49:42,807] {processor.py:641} INFO - Processing file /opt/airflow/dags/dataquality_pipeline_v5.py for tasks to queue
[2022-07-29 02:49:42,808] {logging_mixin.py:115} INFO - [2022-07-29 02:49:42,808] {dagbag.py:508} INFO - Filling up the DagBag from /opt/airflow/dags/dataquality_pipeline_v5.py
[2022-07-29 02:49:44,451] {processor.py:651} INFO - DAG(s) dict_keys(['dataquality_pipeline_v5']) retrieved from /opt/airflow/dags/dataquality_pipeline_v5.py
[2022-07-29 02:49:44,593] {logging_mixin.py:115} INFO - [2022-07-29 02:49:44,592] {dag.py:2420} INFO - Sync 1 DAGs
[2022-07-29 02:49:44,642] {logging_mixin.py:115} INFO - [2022-07-29 02:49:44,642] {dag.py:2972} INFO - Setting next_dagrun for dataquality_pipeline_v5 to None, run_after=None
[2022-07-29 02:49:44,668] {processor.py:161} INFO - Processing /opt/airflow/dags/dataquality_pipeline_v5.py took 1.869 seconds
[2022-07-29 02:50:15,306] {processor.py:153} INFO - Started process (PID=4811) to work on /opt/airflow/dags/dataquality_pipeline_v5.py
[2022-07-29 02:50:15,312] {processor.py:641} INFO - Processing file /opt/airflow/dags/dataquality_pipeline_v5.py for tasks to queue
[2022-07-29 02:50:15,312] {logging_mixin.py:115} INFO - [2022-07-29 02:50:15,312] {dagbag.py:508} INFO - Filling up the DagBag from /opt/airflow/dags/dataquality_pipeline_v5.py
[2022-07-29 02:50:16,988] {processor.py:651} INFO - DAG(s) dict_keys(['dataquality_pipeline_v5']) retrieved from /opt/airflow/dags/dataquality_pipeline_v5.py
[2022-07-29 02:50:17,098] {logging_mixin.py:115} INFO - [2022-07-29 02:50:17,098] {dag.py:2420} INFO - Sync 1 DAGs
[2022-07-29 02:50:17,148] {logging_mixin.py:115} INFO - [2022-07-29 02:50:17,148] {dag.py:2972} INFO - Setting next_dagrun for dataquality_pipeline_v5 to None, run_after=None
[2022-07-29 02:50:17,179] {processor.py:161} INFO - Processing /opt/airflow/dags/dataquality_pipeline_v5.py took 1.888 seconds
[2022-07-29 02:50:48,204] {processor.py:153} INFO - Started process (PID=4890) to work on /opt/airflow/dags/dataquality_pipeline_v5.py
[2022-07-29 02:50:48,204] {processor.py:641} INFO - Processing file /opt/airflow/dags/dataquality_pipeline_v5.py for tasks to queue
[2022-07-29 02:50:48,205] {logging_mixin.py:115} INFO - [2022-07-29 02:50:48,205] {dagbag.py:508} INFO - Filling up the DagBag from /opt/airflow/dags/dataquality_pipeline_v5.py
[2022-07-29 02:50:49,147] {processor.py:651} INFO - DAG(s) dict_keys(['dataquality_pipeline_v5']) retrieved from /opt/airflow/dags/dataquality_pipeline_v5.py
[2022-07-29 02:50:49,225] {logging_mixin.py:115} INFO - [2022-07-29 02:50:49,224] {dag.py:2420} INFO - Sync 1 DAGs
[2022-07-29 02:50:49,300] {logging_mixin.py:115} INFO - [2022-07-29 02:50:49,300] {dag.py:2972} INFO - Setting next_dagrun for dataquality_pipeline_v5 to None, run_after=None
[2022-07-29 02:50:49,344] {processor.py:161} INFO - Processing /opt/airflow/dags/dataquality_pipeline_v5.py took 1.159 seconds
[2022-07-29 02:51:19,450] {processor.py:153} INFO - Started process (PID=4972) to work on /opt/airflow/dags/dataquality_pipeline_v5.py
[2022-07-29 02:51:19,451] {processor.py:641} INFO - Processing file /opt/airflow/dags/dataquality_pipeline_v5.py for tasks to queue
[2022-07-29 02:51:19,452] {logging_mixin.py:115} INFO - [2022-07-29 02:51:19,452] {dagbag.py:508} INFO - Filling up the DagBag from /opt/airflow/dags/dataquality_pipeline_v5.py
[2022-07-29 02:51:20,242] {processor.py:651} INFO - DAG(s) dict_keys(['dataquality_pipeline_v5']) retrieved from /opt/airflow/dags/dataquality_pipeline_v5.py
[2022-07-29 02:51:20,277] {logging_mixin.py:115} INFO - [2022-07-29 02:51:20,277] {dag.py:2420} INFO - Sync 1 DAGs
[2022-07-29 02:51:20,302] {logging_mixin.py:115} INFO - [2022-07-29 02:51:20,302] {dag.py:2972} INFO - Setting next_dagrun for dataquality_pipeline_v5 to None, run_after=None
[2022-07-29 02:51:20,318] {processor.py:161} INFO - Processing /opt/airflow/dags/dataquality_pipeline_v5.py took 0.874 seconds
[2022-07-29 02:51:50,965] {processor.py:153} INFO - Started process (PID=5045) to work on /opt/airflow/dags/dataquality_pipeline_v5.py
[2022-07-29 02:51:50,966] {processor.py:641} INFO - Processing file /opt/airflow/dags/dataquality_pipeline_v5.py for tasks to queue
[2022-07-29 02:51:50,967] {logging_mixin.py:115} INFO - [2022-07-29 02:51:50,967] {dagbag.py:508} INFO - Filling up the DagBag from /opt/airflow/dags/dataquality_pipeline_v5.py
[2022-07-29 02:51:51,966] {processor.py:651} INFO - DAG(s) dict_keys(['dataquality_pipeline_v5']) retrieved from /opt/airflow/dags/dataquality_pipeline_v5.py
[2022-07-29 02:51:52,018] {logging_mixin.py:115} INFO - [2022-07-29 02:51:52,018] {dag.py:2420} INFO - Sync 1 DAGs
[2022-07-29 02:51:52,058] {logging_mixin.py:115} INFO - [2022-07-29 02:51:52,058] {dag.py:2972} INFO - Setting next_dagrun for dataquality_pipeline_v5 to None, run_after=None
[2022-07-29 02:51:52,084] {processor.py:161} INFO - Processing /opt/airflow/dags/dataquality_pipeline_v5.py took 1.125 seconds
[2022-07-29 02:52:22,936] {processor.py:153} INFO - Started process (PID=5128) to work on /opt/airflow/dags/dataquality_pipeline_v5.py
[2022-07-29 02:52:22,936] {processor.py:641} INFO - Processing file /opt/airflow/dags/dataquality_pipeline_v5.py for tasks to queue
[2022-07-29 02:52:22,937] {logging_mixin.py:115} INFO - [2022-07-29 02:52:22,937] {dagbag.py:508} INFO - Filling up the DagBag from /opt/airflow/dags/dataquality_pipeline_v5.py
[2022-07-29 02:52:23,549] {processor.py:651} INFO - DAG(s) dict_keys(['dataquality_pipeline_v5']) retrieved from /opt/airflow/dags/dataquality_pipeline_v5.py
[2022-07-29 02:52:23,584] {logging_mixin.py:115} INFO - [2022-07-29 02:52:23,584] {dag.py:2420} INFO - Sync 1 DAGs
[2022-07-29 02:52:23,610] {logging_mixin.py:115} INFO - [2022-07-29 02:52:23,610] {dag.py:2972} INFO - Setting next_dagrun for dataquality_pipeline_v5 to None, run_after=None
[2022-07-29 02:52:23,628] {processor.py:161} INFO - Processing /opt/airflow/dags/dataquality_pipeline_v5.py took 0.698 seconds
[2022-07-29 02:52:54,003] {processor.py:153} INFO - Started process (PID=5201) to work on /opt/airflow/dags/dataquality_pipeline_v5.py
[2022-07-29 02:52:54,016] {processor.py:641} INFO - Processing file /opt/airflow/dags/dataquality_pipeline_v5.py for tasks to queue
[2022-07-29 02:52:54,017] {logging_mixin.py:115} INFO - [2022-07-29 02:52:54,017] {dagbag.py:508} INFO - Filling up the DagBag from /opt/airflow/dags/dataquality_pipeline_v5.py
[2022-07-29 02:52:56,892] {processor.py:651} INFO - DAG(s) dict_keys(['dataquality_pipeline_v5']) retrieved from /opt/airflow/dags/dataquality_pipeline_v5.py
[2022-07-29 02:52:57,024] {logging_mixin.py:115} INFO - [2022-07-29 02:52:57,024] {dag.py:2420} INFO - Sync 1 DAGs
[2022-07-29 02:52:57,132] {logging_mixin.py:115} INFO - [2022-07-29 02:52:57,132] {dag.py:2972} INFO - Setting next_dagrun for dataquality_pipeline_v5 to None, run_after=None
[2022-07-29 02:52:57,176] {processor.py:161} INFO - Processing /opt/airflow/dags/dataquality_pipeline_v5.py took 3.191 seconds
[2022-07-29 02:53:27,255] {processor.py:153} INFO - Started process (PID=5284) to work on /opt/airflow/dags/dataquality_pipeline_v5.py
[2022-07-29 02:53:27,256] {processor.py:641} INFO - Processing file /opt/airflow/dags/dataquality_pipeline_v5.py for tasks to queue
[2022-07-29 02:53:27,256] {logging_mixin.py:115} INFO - [2022-07-29 02:53:27,256] {dagbag.py:508} INFO - Filling up the DagBag from /opt/airflow/dags/dataquality_pipeline_v5.py
[2022-07-29 02:53:27,853] {processor.py:651} INFO - DAG(s) dict_keys(['dataquality_pipeline_v5']) retrieved from /opt/airflow/dags/dataquality_pipeline_v5.py
[2022-07-29 02:53:27,889] {logging_mixin.py:115} INFO - [2022-07-29 02:53:27,889] {dag.py:2420} INFO - Sync 1 DAGs
[2022-07-29 02:53:27,915] {logging_mixin.py:115} INFO - [2022-07-29 02:53:27,915] {dag.py:2972} INFO - Setting next_dagrun for dataquality_pipeline_v5 to None, run_after=None
[2022-07-29 02:53:27,931] {processor.py:161} INFO - Processing /opt/airflow/dags/dataquality_pipeline_v5.py took 0.682 seconds
[2022-07-29 02:53:58,257] {processor.py:153} INFO - Started process (PID=5357) to work on /opt/airflow/dags/dataquality_pipeline_v5.py
[2022-07-29 02:53:58,258] {processor.py:641} INFO - Processing file /opt/airflow/dags/dataquality_pipeline_v5.py for tasks to queue
[2022-07-29 02:53:58,259] {logging_mixin.py:115} INFO - [2022-07-29 02:53:58,259] {dagbag.py:508} INFO - Filling up the DagBag from /opt/airflow/dags/dataquality_pipeline_v5.py
[2022-07-29 02:53:59,300] {processor.py:651} INFO - DAG(s) dict_keys(['dataquality_pipeline_v5']) retrieved from /opt/airflow/dags/dataquality_pipeline_v5.py
[2022-07-29 02:53:59,436] {logging_mixin.py:115} INFO - [2022-07-29 02:53:59,436] {dag.py:2420} INFO - Sync 1 DAGs
[2022-07-29 02:53:59,552] {logging_mixin.py:115} INFO - [2022-07-29 02:53:59,552] {dag.py:2972} INFO - Setting next_dagrun for dataquality_pipeline_v5 to None, run_after=None
[2022-07-29 02:53:59,621] {processor.py:161} INFO - Processing /opt/airflow/dags/dataquality_pipeline_v5.py took 1.387 seconds
[2022-07-29 02:54:30,605] {processor.py:153} INFO - Started process (PID=5431) to work on /opt/airflow/dags/dataquality_pipeline_v5.py
[2022-07-29 02:54:30,607] {processor.py:641} INFO - Processing file /opt/airflow/dags/dataquality_pipeline_v5.py for tasks to queue
[2022-07-29 02:54:30,608] {logging_mixin.py:115} INFO - [2022-07-29 02:54:30,608] {dagbag.py:508} INFO - Filling up the DagBag from /opt/airflow/dags/dataquality_pipeline_v5.py
[2022-07-29 02:54:32,579] {processor.py:651} INFO - DAG(s) dict_keys(['dataquality_pipeline_v5']) retrieved from /opt/airflow/dags/dataquality_pipeline_v5.py
[2022-07-29 02:54:32,669] {logging_mixin.py:115} INFO - [2022-07-29 02:54:32,669] {dag.py:2420} INFO - Sync 1 DAGs
[2022-07-29 02:54:32,735] {logging_mixin.py:115} INFO - [2022-07-29 02:54:32,735] {dag.py:2972} INFO - Setting next_dagrun for dataquality_pipeline_v5 to None, run_after=None
[2022-07-29 02:54:32,768] {processor.py:161} INFO - Processing /opt/airflow/dags/dataquality_pipeline_v5.py took 2.170 seconds
[2022-07-29 02:55:03,502] {processor.py:153} INFO - Started process (PID=5516) to work on /opt/airflow/dags/dataquality_pipeline_v5.py
[2022-07-29 02:55:03,503] {processor.py:641} INFO - Processing file /opt/airflow/dags/dataquality_pipeline_v5.py for tasks to queue
[2022-07-29 02:55:03,504] {logging_mixin.py:115} INFO - [2022-07-29 02:55:03,504] {dagbag.py:508} INFO - Filling up the DagBag from /opt/airflow/dags/dataquality_pipeline_v5.py
[2022-07-29 02:55:04,212] {processor.py:651} INFO - DAG(s) dict_keys(['dataquality_pipeline_v5']) retrieved from /opt/airflow/dags/dataquality_pipeline_v5.py
[2022-07-29 02:55:04,247] {logging_mixin.py:115} INFO - [2022-07-29 02:55:04,247] {dag.py:2420} INFO - Sync 1 DAGs
[2022-07-29 02:55:04,273] {logging_mixin.py:115} INFO - [2022-07-29 02:55:04,272] {dag.py:2972} INFO - Setting next_dagrun for dataquality_pipeline_v5 to None, run_after=None
[2022-07-29 02:55:04,288] {processor.py:161} INFO - Processing /opt/airflow/dags/dataquality_pipeline_v5.py took 0.793 seconds
[2022-07-29 02:55:35,031] {processor.py:153} INFO - Started process (PID=5590) to work on /opt/airflow/dags/dataquality_pipeline_v5.py
[2022-07-29 02:55:35,032] {processor.py:641} INFO - Processing file /opt/airflow/dags/dataquality_pipeline_v5.py for tasks to queue
[2022-07-29 02:55:35,033] {logging_mixin.py:115} INFO - [2022-07-29 02:55:35,033] {dagbag.py:508} INFO - Filling up the DagBag from /opt/airflow/dags/dataquality_pipeline_v5.py
[2022-07-29 02:55:36,099] {processor.py:651} INFO - DAG(s) dict_keys(['dataquality_pipeline_v5']) retrieved from /opt/airflow/dags/dataquality_pipeline_v5.py
[2022-07-29 02:55:36,202] {logging_mixin.py:115} INFO - [2022-07-29 02:55:36,201] {dag.py:2420} INFO - Sync 1 DAGs
[2022-07-29 02:55:36,307] {logging_mixin.py:115} INFO - [2022-07-29 02:55:36,307] {dag.py:2972} INFO - Setting next_dagrun for dataquality_pipeline_v5 to None, run_after=None
[2022-07-29 02:55:36,367] {processor.py:161} INFO - Processing /opt/airflow/dags/dataquality_pipeline_v5.py took 1.343 seconds
[2022-07-29 02:56:07,221] {processor.py:153} INFO - Started process (PID=5672) to work on /opt/airflow/dags/dataquality_pipeline_v5.py
[2022-07-29 02:56:07,222] {processor.py:641} INFO - Processing file /opt/airflow/dags/dataquality_pipeline_v5.py for tasks to queue
[2022-07-29 02:56:07,222] {logging_mixin.py:115} INFO - [2022-07-29 02:56:07,222] {dagbag.py:508} INFO - Filling up the DagBag from /opt/airflow/dags/dataquality_pipeline_v5.py
[2022-07-29 02:56:07,873] {processor.py:651} INFO - DAG(s) dict_keys(['dataquality_pipeline_v5']) retrieved from /opt/airflow/dags/dataquality_pipeline_v5.py
[2022-07-29 02:56:07,908] {logging_mixin.py:115} INFO - [2022-07-29 02:56:07,908] {dag.py:2420} INFO - Sync 1 DAGs
[2022-07-29 02:56:07,935] {logging_mixin.py:115} INFO - [2022-07-29 02:56:07,934] {dag.py:2972} INFO - Setting next_dagrun for dataquality_pipeline_v5 to None, run_after=None
[2022-07-29 02:56:07,949] {processor.py:161} INFO - Processing /opt/airflow/dags/dataquality_pipeline_v5.py took 0.735 seconds
[2022-07-29 02:56:38,166] {processor.py:153} INFO - Started process (PID=5746) to work on /opt/airflow/dags/dataquality_pipeline_v5.py
[2022-07-29 02:56:38,167] {processor.py:641} INFO - Processing file /opt/airflow/dags/dataquality_pipeline_v5.py for tasks to queue
[2022-07-29 02:56:38,168] {logging_mixin.py:115} INFO - [2022-07-29 02:56:38,168] {dagbag.py:508} INFO - Filling up the DagBag from /opt/airflow/dags/dataquality_pipeline_v5.py
[2022-07-29 02:56:38,802] {processor.py:651} INFO - DAG(s) dict_keys(['dataquality_pipeline_v5']) retrieved from /opt/airflow/dags/dataquality_pipeline_v5.py
[2022-07-29 02:56:38,838] {logging_mixin.py:115} INFO - [2022-07-29 02:56:38,837] {dag.py:2420} INFO - Sync 1 DAGs
[2022-07-29 02:56:38,864] {logging_mixin.py:115} INFO - [2022-07-29 02:56:38,864] {dag.py:2972} INFO - Setting next_dagrun for dataquality_pipeline_v5 to None, run_after=None
[2022-07-29 02:56:38,880] {processor.py:161} INFO - Processing /opt/airflow/dags/dataquality_pipeline_v5.py took 0.719 seconds
[2022-07-29 02:57:09,169] {processor.py:153} INFO - Started process (PID=5826) to work on /opt/airflow/dags/dataquality_pipeline_v5.py
[2022-07-29 02:57:09,170] {processor.py:641} INFO - Processing file /opt/airflow/dags/dataquality_pipeline_v5.py for tasks to queue
[2022-07-29 02:57:09,170] {logging_mixin.py:115} INFO - [2022-07-29 02:57:09,170] {dagbag.py:508} INFO - Filling up the DagBag from /opt/airflow/dags/dataquality_pipeline_v5.py
[2022-07-29 02:57:10,748] {processor.py:651} INFO - DAG(s) dict_keys(['dataquality_pipeline_v5']) retrieved from /opt/airflow/dags/dataquality_pipeline_v5.py
[2022-07-29 02:57:10,841] {logging_mixin.py:115} INFO - [2022-07-29 02:57:10,840] {dag.py:2420} INFO - Sync 1 DAGs
[2022-07-29 02:57:10,923] {logging_mixin.py:115} INFO - [2022-07-29 02:57:10,922] {dag.py:2972} INFO - Setting next_dagrun for dataquality_pipeline_v5 to None, run_after=None
[2022-07-29 02:57:11,360] {processor.py:161} INFO - Processing /opt/airflow/dags/dataquality_pipeline_v5.py took 2.214 seconds
[2022-07-29 02:57:42,100] {processor.py:153} INFO - Started process (PID=5901) to work on /opt/airflow/dags/dataquality_pipeline_v5.py
[2022-07-29 02:57:42,101] {processor.py:641} INFO - Processing file /opt/airflow/dags/dataquality_pipeline_v5.py for tasks to queue
[2022-07-29 02:57:42,102] {logging_mixin.py:115} INFO - [2022-07-29 02:57:42,102] {dagbag.py:508} INFO - Filling up the DagBag from /opt/airflow/dags/dataquality_pipeline_v5.py
[2022-07-29 02:57:42,747] {processor.py:651} INFO - DAG(s) dict_keys(['dataquality_pipeline_v5']) retrieved from /opt/airflow/dags/dataquality_pipeline_v5.py
[2022-07-29 02:57:42,783] {logging_mixin.py:115} INFO - [2022-07-29 02:57:42,782] {dag.py:2420} INFO - Sync 1 DAGs
[2022-07-29 02:57:42,810] {logging_mixin.py:115} INFO - [2022-07-29 02:57:42,810] {dag.py:2972} INFO - Setting next_dagrun for dataquality_pipeline_v5 to None, run_after=None
[2022-07-29 02:57:42,833] {processor.py:161} INFO - Processing /opt/airflow/dags/dataquality_pipeline_v5.py took 0.740 seconds
[2022-07-29 02:58:13,153] {processor.py:153} INFO - Started process (PID=5974) to work on /opt/airflow/dags/dataquality_pipeline_v5.py
[2022-07-29 02:58:13,156] {processor.py:641} INFO - Processing file /opt/airflow/dags/dataquality_pipeline_v5.py for tasks to queue
[2022-07-29 02:58:13,157] {logging_mixin.py:115} INFO - [2022-07-29 02:58:13,156] {dagbag.py:508} INFO - Filling up the DagBag from /opt/airflow/dags/dataquality_pipeline_v5.py
[2022-07-29 02:58:14,802] {processor.py:651} INFO - DAG(s) dict_keys(['dataquality_pipeline_v5']) retrieved from /opt/airflow/dags/dataquality_pipeline_v5.py
[2022-07-29 02:58:14,858] {logging_mixin.py:115} INFO - [2022-07-29 02:58:14,857] {dag.py:2420} INFO - Sync 1 DAGs
[2022-07-29 02:58:14,896] {logging_mixin.py:115} INFO - [2022-07-29 02:58:14,896] {dag.py:2972} INFO - Setting next_dagrun for dataquality_pipeline_v5 to None, run_after=None
[2022-07-29 02:58:14,923] {processor.py:161} INFO - Processing /opt/airflow/dags/dataquality_pipeline_v5.py took 1.789 seconds
