[2022-07-29 02:17:01,615] {processor.py:153} INFO - Started process (PID=51) to work on /opt/airflow/dags/dataquality_pipeline_v3.py
[2022-07-29 02:17:01,615] {processor.py:641} INFO - Processing file /opt/airflow/dags/dataquality_pipeline_v3.py for tasks to queue
[2022-07-29 02:17:01,620] {logging_mixin.py:115} INFO - [2022-07-29 02:17:01,620] {dagbag.py:508} INFO - Filling up the DagBag from /opt/airflow/dags/dataquality_pipeline_v3.py
[2022-07-29 02:17:07,919] {processor.py:651} INFO - DAG(s) dict_keys(['dataquality_pipeline_v3']) retrieved from /opt/airflow/dags/dataquality_pipeline_v3.py
[2022-07-29 02:17:08,145] {logging_mixin.py:115} INFO - [2022-07-29 02:17:08,144] {dag.py:2420} INFO - Sync 1 DAGs
[2022-07-29 02:17:08,304] {logging_mixin.py:115} INFO - [2022-07-29 02:17:08,304] {dag.py:2972} INFO - Setting next_dagrun for dataquality_pipeline_v3 to None, run_after=None
[2022-07-29 02:17:08,388] {processor.py:161} INFO - Processing /opt/airflow/dags/dataquality_pipeline_v3.py took 6.779 seconds
[2022-07-29 02:17:39,365] {processor.py:153} INFO - Started process (PID=124) to work on /opt/airflow/dags/dataquality_pipeline_v3.py
[2022-07-29 02:17:39,366] {processor.py:641} INFO - Processing file /opt/airflow/dags/dataquality_pipeline_v3.py for tasks to queue
[2022-07-29 02:17:39,367] {logging_mixin.py:115} INFO - [2022-07-29 02:17:39,366] {dagbag.py:508} INFO - Filling up the DagBag from /opt/airflow/dags/dataquality_pipeline_v3.py
[2022-07-29 02:17:40,687] {processor.py:651} INFO - DAG(s) dict_keys(['dataquality_pipeline_v3']) retrieved from /opt/airflow/dags/dataquality_pipeline_v3.py
[2022-07-29 02:17:40,728] {logging_mixin.py:115} INFO - [2022-07-29 02:17:40,727] {dag.py:2420} INFO - Sync 1 DAGs
[2022-07-29 02:17:40,762] {logging_mixin.py:115} INFO - [2022-07-29 02:17:40,762] {dag.py:2972} INFO - Setting next_dagrun for dataquality_pipeline_v3 to None, run_after=None
[2022-07-29 02:17:40,778] {processor.py:161} INFO - Processing /opt/airflow/dags/dataquality_pipeline_v3.py took 1.420 seconds
[2022-07-29 02:18:13,275] {processor.py:153} INFO - Started process (PID=204) to work on /opt/airflow/dags/dataquality_pipeline_v3.py
[2022-07-29 02:18:13,277] {processor.py:641} INFO - Processing file /opt/airflow/dags/dataquality_pipeline_v3.py for tasks to queue
[2022-07-29 02:18:13,277] {logging_mixin.py:115} INFO - [2022-07-29 02:18:13,277] {dagbag.py:508} INFO - Filling up the DagBag from /opt/airflow/dags/dataquality_pipeline_v3.py
[2022-07-29 02:18:14,513] {processor.py:651} INFO - DAG(s) dict_keys(['dataquality_pipeline_v3']) retrieved from /opt/airflow/dags/dataquality_pipeline_v3.py
[2022-07-29 02:18:14,554] {logging_mixin.py:115} INFO - [2022-07-29 02:18:14,554] {dag.py:2420} INFO - Sync 1 DAGs
[2022-07-29 02:18:14,587] {logging_mixin.py:115} INFO - [2022-07-29 02:18:14,586] {dag.py:2972} INFO - Setting next_dagrun for dataquality_pipeline_v3 to None, run_after=None
[2022-07-29 02:18:14,601] {processor.py:161} INFO - Processing /opt/airflow/dags/dataquality_pipeline_v3.py took 1.333 seconds
[2022-07-29 02:18:46,258] {processor.py:153} INFO - Started process (PID=277) to work on /opt/airflow/dags/dataquality_pipeline_v3.py
[2022-07-29 02:18:46,259] {processor.py:641} INFO - Processing file /opt/airflow/dags/dataquality_pipeline_v3.py for tasks to queue
[2022-07-29 02:18:46,260] {logging_mixin.py:115} INFO - [2022-07-29 02:18:46,260] {dagbag.py:508} INFO - Filling up the DagBag from /opt/airflow/dags/dataquality_pipeline_v3.py
[2022-07-29 02:18:47,399] {processor.py:651} INFO - DAG(s) dict_keys(['dataquality_pipeline_v3']) retrieved from /opt/airflow/dags/dataquality_pipeline_v3.py
[2022-07-29 02:18:47,445] {logging_mixin.py:115} INFO - [2022-07-29 02:18:47,444] {dag.py:2420} INFO - Sync 1 DAGs
[2022-07-29 02:18:47,499] {logging_mixin.py:115} INFO - [2022-07-29 02:18:47,499] {dag.py:2972} INFO - Setting next_dagrun for dataquality_pipeline_v3 to None, run_after=None
[2022-07-29 02:18:47,516] {processor.py:161} INFO - Processing /opt/airflow/dags/dataquality_pipeline_v3.py took 1.264 seconds
[2022-07-29 02:19:18,101] {processor.py:153} INFO - Started process (PID=357) to work on /opt/airflow/dags/dataquality_pipeline_v3.py
[2022-07-29 02:19:18,108] {processor.py:641} INFO - Processing file /opt/airflow/dags/dataquality_pipeline_v3.py for tasks to queue
[2022-07-29 02:19:18,109] {logging_mixin.py:115} INFO - [2022-07-29 02:19:18,109] {dagbag.py:508} INFO - Filling up the DagBag from /opt/airflow/dags/dataquality_pipeline_v3.py
[2022-07-29 02:19:19,980] {processor.py:651} INFO - DAG(s) dict_keys(['dataquality_pipeline_v3']) retrieved from /opt/airflow/dags/dataquality_pipeline_v3.py
[2022-07-29 02:19:20,056] {logging_mixin.py:115} INFO - [2022-07-29 02:19:20,056] {dag.py:2420} INFO - Sync 1 DAGs
[2022-07-29 02:19:20,106] {logging_mixin.py:115} INFO - [2022-07-29 02:19:20,105] {dag.py:2972} INFO - Setting next_dagrun for dataquality_pipeline_v3 to None, run_after=None
[2022-07-29 02:19:20,136] {processor.py:161} INFO - Processing /opt/airflow/dags/dataquality_pipeline_v3.py took 2.042 seconds
[2022-07-29 02:19:50,802] {processor.py:153} INFO - Started process (PID=433) to work on /opt/airflow/dags/dataquality_pipeline_v3.py
[2022-07-29 02:19:50,820] {processor.py:641} INFO - Processing file /opt/airflow/dags/dataquality_pipeline_v3.py for tasks to queue
[2022-07-29 02:19:50,821] {logging_mixin.py:115} INFO - [2022-07-29 02:19:50,821] {dagbag.py:508} INFO - Filling up the DagBag from /opt/airflow/dags/dataquality_pipeline_v3.py
[2022-07-29 02:19:53,313] {processor.py:651} INFO - DAG(s) dict_keys(['dataquality_pipeline_v3']) retrieved from /opt/airflow/dags/dataquality_pipeline_v3.py
[2022-07-29 02:19:53,418] {logging_mixin.py:115} INFO - [2022-07-29 02:19:53,417] {dag.py:2420} INFO - Sync 1 DAGs
[2022-07-29 02:19:53,496] {logging_mixin.py:115} INFO - [2022-07-29 02:19:53,496] {dag.py:2972} INFO - Setting next_dagrun for dataquality_pipeline_v3 to None, run_after=None
[2022-07-29 02:19:53,528] {processor.py:161} INFO - Processing /opt/airflow/dags/dataquality_pipeline_v3.py took 2.732 seconds
[2022-07-29 02:20:23,960] {processor.py:153} INFO - Started process (PID=515) to work on /opt/airflow/dags/dataquality_pipeline_v3.py
[2022-07-29 02:20:23,961] {processor.py:641} INFO - Processing file /opt/airflow/dags/dataquality_pipeline_v3.py for tasks to queue
[2022-07-29 02:20:23,961] {logging_mixin.py:115} INFO - [2022-07-29 02:20:23,961] {dagbag.py:508} INFO - Filling up the DagBag from /opt/airflow/dags/dataquality_pipeline_v3.py
[2022-07-29 02:20:25,431] {processor.py:651} INFO - DAG(s) dict_keys(['dataquality_pipeline_v3']) retrieved from /opt/airflow/dags/dataquality_pipeline_v3.py
[2022-07-29 02:20:25,474] {logging_mixin.py:115} INFO - [2022-07-29 02:20:25,473] {dag.py:2420} INFO - Sync 1 DAGs
[2022-07-29 02:20:25,510] {logging_mixin.py:115} INFO - [2022-07-29 02:20:25,510] {dag.py:2972} INFO - Setting next_dagrun for dataquality_pipeline_v3 to None, run_after=None
[2022-07-29 02:20:25,527] {processor.py:161} INFO - Processing /opt/airflow/dags/dataquality_pipeline_v3.py took 1.586 seconds
[2022-07-29 02:20:56,529] {processor.py:153} INFO - Started process (PID=589) to work on /opt/airflow/dags/dataquality_pipeline_v3.py
[2022-07-29 02:20:56,532] {processor.py:641} INFO - Processing file /opt/airflow/dags/dataquality_pipeline_v3.py for tasks to queue
[2022-07-29 02:20:56,534] {logging_mixin.py:115} INFO - [2022-07-29 02:20:56,534] {dagbag.py:508} INFO - Filling up the DagBag from /opt/airflow/dags/dataquality_pipeline_v3.py
[2022-07-29 02:20:59,283] {processor.py:651} INFO - DAG(s) dict_keys(['dataquality_pipeline_v3']) retrieved from /opt/airflow/dags/dataquality_pipeline_v3.py
[2022-07-29 02:20:59,324] {logging_mixin.py:115} INFO - [2022-07-29 02:20:59,323] {dag.py:2420} INFO - Sync 1 DAGs
[2022-07-29 02:20:59,360] {logging_mixin.py:115} INFO - [2022-07-29 02:20:59,360] {dag.py:2972} INFO - Setting next_dagrun for dataquality_pipeline_v3 to None, run_after=None
[2022-07-29 02:20:59,377] {processor.py:161} INFO - Processing /opt/airflow/dags/dataquality_pipeline_v3.py took 2.867 seconds
[2022-07-29 02:21:30,235] {processor.py:153} INFO - Started process (PID=671) to work on /opt/airflow/dags/dataquality_pipeline_v3.py
[2022-07-29 02:21:30,240] {processor.py:641} INFO - Processing file /opt/airflow/dags/dataquality_pipeline_v3.py for tasks to queue
[2022-07-29 02:21:30,241] {logging_mixin.py:115} INFO - [2022-07-29 02:21:30,241] {dagbag.py:508} INFO - Filling up the DagBag from /opt/airflow/dags/dataquality_pipeline_v3.py
[2022-07-29 02:21:31,563] {processor.py:651} INFO - DAG(s) dict_keys(['dataquality_pipeline_v3']) retrieved from /opt/airflow/dags/dataquality_pipeline_v3.py
[2022-07-29 02:21:31,606] {logging_mixin.py:115} INFO - [2022-07-29 02:21:31,606] {dag.py:2420} INFO - Sync 1 DAGs
[2022-07-29 02:21:31,641] {logging_mixin.py:115} INFO - [2022-07-29 02:21:31,641] {dag.py:2972} INFO - Setting next_dagrun for dataquality_pipeline_v3 to None, run_after=None
[2022-07-29 02:21:31,658] {processor.py:161} INFO - Processing /opt/airflow/dags/dataquality_pipeline_v3.py took 1.430 seconds
[2022-07-29 02:22:02,481] {processor.py:153} INFO - Started process (PID=744) to work on /opt/airflow/dags/dataquality_pipeline_v3.py
[2022-07-29 02:22:02,482] {processor.py:641} INFO - Processing file /opt/airflow/dags/dataquality_pipeline_v3.py for tasks to queue
[2022-07-29 02:22:02,483] {logging_mixin.py:115} INFO - [2022-07-29 02:22:02,483] {dagbag.py:508} INFO - Filling up the DagBag from /opt/airflow/dags/dataquality_pipeline_v3.py
[2022-07-29 02:22:04,109] {processor.py:651} INFO - DAG(s) dict_keys(['dataquality_pipeline_v3']) retrieved from /opt/airflow/dags/dataquality_pipeline_v3.py
[2022-07-29 02:22:04,237] {logging_mixin.py:115} INFO - [2022-07-29 02:22:04,236] {dag.py:2420} INFO - Sync 1 DAGs
[2022-07-29 02:22:04,344] {logging_mixin.py:115} INFO - [2022-07-29 02:22:04,344] {dag.py:2972} INFO - Setting next_dagrun for dataquality_pipeline_v3 to None, run_after=None
[2022-07-29 02:22:04,392] {processor.py:161} INFO - Processing /opt/airflow/dags/dataquality_pipeline_v3.py took 1.919 seconds
[2022-07-29 02:22:34,484] {processor.py:153} INFO - Started process (PID=817) to work on /opt/airflow/dags/dataquality_pipeline_v3.py
[2022-07-29 02:22:34,485] {processor.py:641} INFO - Processing file /opt/airflow/dags/dataquality_pipeline_v3.py for tasks to queue
[2022-07-29 02:22:34,486] {logging_mixin.py:115} INFO - [2022-07-29 02:22:34,486] {dagbag.py:508} INFO - Filling up the DagBag from /opt/airflow/dags/dataquality_pipeline_v3.py
[2022-07-29 02:22:36,622] {processor.py:651} INFO - DAG(s) dict_keys(['dataquality_pipeline_v3']) retrieved from /opt/airflow/dags/dataquality_pipeline_v3.py
[2022-07-29 02:22:36,711] {logging_mixin.py:115} INFO - [2022-07-29 02:22:36,711] {dag.py:2420} INFO - Sync 1 DAGs
[2022-07-29 02:22:36,776] {logging_mixin.py:115} INFO - [2022-07-29 02:22:36,776] {dag.py:2972} INFO - Setting next_dagrun for dataquality_pipeline_v3 to None, run_after=None
[2022-07-29 02:22:36,808] {processor.py:161} INFO - Processing /opt/airflow/dags/dataquality_pipeline_v3.py took 2.331 seconds
[2022-07-29 02:23:07,061] {processor.py:153} INFO - Started process (PID=899) to work on /opt/airflow/dags/dataquality_pipeline_v3.py
[2022-07-29 02:23:07,062] {processor.py:641} INFO - Processing file /opt/airflow/dags/dataquality_pipeline_v3.py for tasks to queue
[2022-07-29 02:23:07,063] {logging_mixin.py:115} INFO - [2022-07-29 02:23:07,063] {dagbag.py:508} INFO - Filling up the DagBag from /opt/airflow/dags/dataquality_pipeline_v3.py
[2022-07-29 02:23:07,821] {processor.py:651} INFO - DAG(s) dict_keys(['dataquality_pipeline_v3']) retrieved from /opt/airflow/dags/dataquality_pipeline_v3.py
[2022-07-29 02:23:07,853] {logging_mixin.py:115} INFO - [2022-07-29 02:23:07,853] {dag.py:2420} INFO - Sync 1 DAGs
[2022-07-29 02:23:07,878] {logging_mixin.py:115} INFO - [2022-07-29 02:23:07,878] {dag.py:2972} INFO - Setting next_dagrun for dataquality_pipeline_v3 to None, run_after=None
[2022-07-29 02:23:07,891] {processor.py:161} INFO - Processing /opt/airflow/dags/dataquality_pipeline_v3.py took 0.835 seconds
[2022-07-29 02:23:37,936] {processor.py:153} INFO - Started process (PID=972) to work on /opt/airflow/dags/dataquality_pipeline_v3.py
[2022-07-29 02:23:37,937] {processor.py:641} INFO - Processing file /opt/airflow/dags/dataquality_pipeline_v3.py for tasks to queue
[2022-07-29 02:23:37,938] {logging_mixin.py:115} INFO - [2022-07-29 02:23:37,937] {dagbag.py:508} INFO - Filling up the DagBag from /opt/airflow/dags/dataquality_pipeline_v3.py
[2022-07-29 02:23:38,680] {processor.py:651} INFO - DAG(s) dict_keys(['dataquality_pipeline_v3']) retrieved from /opt/airflow/dags/dataquality_pipeline_v3.py
[2022-07-29 02:23:38,714] {logging_mixin.py:115} INFO - [2022-07-29 02:23:38,713] {dag.py:2420} INFO - Sync 1 DAGs
[2022-07-29 02:23:38,737] {logging_mixin.py:115} INFO - [2022-07-29 02:23:38,737] {dag.py:2972} INFO - Setting next_dagrun for dataquality_pipeline_v3 to None, run_after=None
[2022-07-29 02:23:38,750] {processor.py:161} INFO - Processing /opt/airflow/dags/dataquality_pipeline_v3.py took 0.819 seconds
[2022-07-29 02:24:08,956] {processor.py:153} INFO - Started process (PID=1045) to work on /opt/airflow/dags/dataquality_pipeline_v3.py
[2022-07-29 02:24:08,958] {processor.py:641} INFO - Processing file /opt/airflow/dags/dataquality_pipeline_v3.py for tasks to queue
[2022-07-29 02:24:08,958] {logging_mixin.py:115} INFO - [2022-07-29 02:24:08,958] {dagbag.py:508} INFO - Filling up the DagBag from /opt/airflow/dags/dataquality_pipeline_v3.py
[2022-07-29 02:24:10,106] {processor.py:651} INFO - DAG(s) dict_keys(['dataquality_pipeline_v3']) retrieved from /opt/airflow/dags/dataquality_pipeline_v3.py
[2022-07-29 02:24:10,148] {logging_mixin.py:115} INFO - [2022-07-29 02:24:10,147] {dag.py:2420} INFO - Sync 1 DAGs
[2022-07-29 02:24:10,183] {logging_mixin.py:115} INFO - [2022-07-29 02:24:10,183] {dag.py:2972} INFO - Setting next_dagrun for dataquality_pipeline_v3 to None, run_after=None
[2022-07-29 02:24:10,201] {processor.py:161} INFO - Processing /opt/airflow/dags/dataquality_pipeline_v3.py took 1.251 seconds
[2022-07-29 02:24:40,352] {processor.py:153} INFO - Started process (PID=1127) to work on /opt/airflow/dags/dataquality_pipeline_v3.py
[2022-07-29 02:24:40,353] {processor.py:641} INFO - Processing file /opt/airflow/dags/dataquality_pipeline_v3.py for tasks to queue
[2022-07-29 02:24:40,354] {logging_mixin.py:115} INFO - [2022-07-29 02:24:40,354] {dagbag.py:508} INFO - Filling up the DagBag from /opt/airflow/dags/dataquality_pipeline_v3.py
[2022-07-29 02:24:41,476] {processor.py:651} INFO - DAG(s) dict_keys(['dataquality_pipeline_v3']) retrieved from /opt/airflow/dags/dataquality_pipeline_v3.py
[2022-07-29 02:24:41,504] {logging_mixin.py:115} INFO - [2022-07-29 02:24:41,503] {dag.py:2420} INFO - Sync 1 DAGs
[2022-07-29 02:24:41,538] {logging_mixin.py:115} INFO - [2022-07-29 02:24:41,538] {dag.py:2972} INFO - Setting next_dagrun for dataquality_pipeline_v3 to None, run_after=None
[2022-07-29 02:24:41,560] {processor.py:161} INFO - Processing /opt/airflow/dags/dataquality_pipeline_v3.py took 1.214 seconds
[2022-07-29 02:25:11,735] {processor.py:153} INFO - Started process (PID=1198) to work on /opt/airflow/dags/dataquality_pipeline_v3.py
[2022-07-29 02:25:11,736] {processor.py:641} INFO - Processing file /opt/airflow/dags/dataquality_pipeline_v3.py for tasks to queue
[2022-07-29 02:25:11,737] {logging_mixin.py:115} INFO - [2022-07-29 02:25:11,737] {dagbag.py:508} INFO - Filling up the DagBag from /opt/airflow/dags/dataquality_pipeline_v3.py
[2022-07-29 02:25:13,006] {processor.py:651} INFO - DAG(s) dict_keys(['dataquality_pipeline_v3']) retrieved from /opt/airflow/dags/dataquality_pipeline_v3.py
[2022-07-29 02:25:13,048] {logging_mixin.py:115} INFO - [2022-07-29 02:25:13,048] {dag.py:2420} INFO - Sync 1 DAGs
[2022-07-29 02:25:13,082] {logging_mixin.py:115} INFO - [2022-07-29 02:25:13,082] {dag.py:2972} INFO - Setting next_dagrun for dataquality_pipeline_v3 to None, run_after=None
[2022-07-29 02:25:13,095] {processor.py:161} INFO - Processing /opt/airflow/dags/dataquality_pipeline_v3.py took 1.367 seconds
[2022-07-29 02:25:43,211] {processor.py:153} INFO - Started process (PID=1271) to work on /opt/airflow/dags/dataquality_pipeline_v3.py
[2022-07-29 02:25:43,213] {processor.py:641} INFO - Processing file /opt/airflow/dags/dataquality_pipeline_v3.py for tasks to queue
[2022-07-29 02:25:43,215] {logging_mixin.py:115} INFO - [2022-07-29 02:25:43,215] {dagbag.py:508} INFO - Filling up the DagBag from /opt/airflow/dags/dataquality_pipeline_v3.py
[2022-07-29 02:25:44,700] {processor.py:651} INFO - DAG(s) dict_keys(['dataquality_pipeline_v3']) retrieved from /opt/airflow/dags/dataquality_pipeline_v3.py
[2022-07-29 02:25:44,777] {logging_mixin.py:115} INFO - [2022-07-29 02:25:44,776] {dag.py:2420} INFO - Sync 1 DAGs
[2022-07-29 02:25:44,824] {logging_mixin.py:115} INFO - [2022-07-29 02:25:44,824] {dag.py:2972} INFO - Setting next_dagrun for dataquality_pipeline_v3 to None, run_after=None
[2022-07-29 02:25:44,846] {processor.py:161} INFO - Processing /opt/airflow/dags/dataquality_pipeline_v3.py took 1.648 seconds
[2022-07-29 02:26:15,313] {processor.py:153} INFO - Started process (PID=1354) to work on /opt/airflow/dags/dataquality_pipeline_v3.py
[2022-07-29 02:26:15,314] {processor.py:641} INFO - Processing file /opt/airflow/dags/dataquality_pipeline_v3.py for tasks to queue
[2022-07-29 02:26:15,314] {logging_mixin.py:115} INFO - [2022-07-29 02:26:15,314] {dagbag.py:508} INFO - Filling up the DagBag from /opt/airflow/dags/dataquality_pipeline_v3.py
[2022-07-29 02:26:16,318] {processor.py:651} INFO - DAG(s) dict_keys(['dataquality_pipeline_v3']) retrieved from /opt/airflow/dags/dataquality_pipeline_v3.py
[2022-07-29 02:26:16,346] {logging_mixin.py:115} INFO - [2022-07-29 02:26:16,346] {dag.py:2420} INFO - Sync 1 DAGs
[2022-07-29 02:26:16,369] {logging_mixin.py:115} INFO - [2022-07-29 02:26:16,369] {dag.py:2972} INFO - Setting next_dagrun for dataquality_pipeline_v3 to None, run_after=None
[2022-07-29 02:26:16,381] {processor.py:161} INFO - Processing /opt/airflow/dags/dataquality_pipeline_v3.py took 1.074 seconds
[2022-07-29 02:26:46,804] {processor.py:153} INFO - Started process (PID=1426) to work on /opt/airflow/dags/dataquality_pipeline_v3.py
[2022-07-29 02:26:46,805] {processor.py:641} INFO - Processing file /opt/airflow/dags/dataquality_pipeline_v3.py for tasks to queue
[2022-07-29 02:26:46,806] {logging_mixin.py:115} INFO - [2022-07-29 02:26:46,806] {dagbag.py:508} INFO - Filling up the DagBag from /opt/airflow/dags/dataquality_pipeline_v3.py
[2022-07-29 02:26:47,973] {processor.py:651} INFO - DAG(s) dict_keys(['dataquality_pipeline_v3']) retrieved from /opt/airflow/dags/dataquality_pipeline_v3.py
[2022-07-29 02:26:48,017] {logging_mixin.py:115} INFO - [2022-07-29 02:26:48,017] {dag.py:2420} INFO - Sync 1 DAGs
[2022-07-29 02:26:48,055] {logging_mixin.py:115} INFO - [2022-07-29 02:26:48,055] {dag.py:2972} INFO - Setting next_dagrun for dataquality_pipeline_v3 to None, run_after=None
[2022-07-29 02:26:48,072] {processor.py:161} INFO - Processing /opt/airflow/dags/dataquality_pipeline_v3.py took 1.275 seconds
[2022-07-29 02:27:18,566] {processor.py:153} INFO - Started process (PID=1508) to work on /opt/airflow/dags/dataquality_pipeline_v3.py
[2022-07-29 02:27:18,576] {processor.py:641} INFO - Processing file /opt/airflow/dags/dataquality_pipeline_v3.py for tasks to queue
[2022-07-29 02:27:18,577] {logging_mixin.py:115} INFO - [2022-07-29 02:27:18,577] {dagbag.py:508} INFO - Filling up the DagBag from /opt/airflow/dags/dataquality_pipeline_v3.py
[2022-07-29 02:27:20,118] {processor.py:651} INFO - DAG(s) dict_keys(['dataquality_pipeline_v3']) retrieved from /opt/airflow/dags/dataquality_pipeline_v3.py
[2022-07-29 02:27:20,163] {logging_mixin.py:115} INFO - [2022-07-29 02:27:20,162] {dag.py:2420} INFO - Sync 1 DAGs
[2022-07-29 02:27:20,199] {logging_mixin.py:115} INFO - [2022-07-29 02:27:20,199] {dag.py:2972} INFO - Setting next_dagrun for dataquality_pipeline_v3 to None, run_after=None
[2022-07-29 02:27:20,216] {processor.py:161} INFO - Processing /opt/airflow/dags/dataquality_pipeline_v3.py took 1.656 seconds
[2022-07-29 02:27:50,424] {processor.py:153} INFO - Started process (PID=1581) to work on /opt/airflow/dags/dataquality_pipeline_v3.py
[2022-07-29 02:27:50,425] {processor.py:641} INFO - Processing file /opt/airflow/dags/dataquality_pipeline_v3.py for tasks to queue
[2022-07-29 02:27:50,426] {logging_mixin.py:115} INFO - [2022-07-29 02:27:50,425] {dagbag.py:508} INFO - Filling up the DagBag from /opt/airflow/dags/dataquality_pipeline_v3.py
[2022-07-29 02:27:51,615] {processor.py:651} INFO - DAG(s) dict_keys(['dataquality_pipeline_v3']) retrieved from /opt/airflow/dags/dataquality_pipeline_v3.py
[2022-07-29 02:27:51,670] {logging_mixin.py:115} INFO - [2022-07-29 02:27:51,670] {dag.py:2420} INFO - Sync 1 DAGs
[2022-07-29 02:27:51,704] {logging_mixin.py:115} INFO - [2022-07-29 02:27:51,704] {dag.py:2972} INFO - Setting next_dagrun for dataquality_pipeline_v3 to None, run_after=None
[2022-07-29 02:27:51,722] {processor.py:161} INFO - Processing /opt/airflow/dags/dataquality_pipeline_v3.py took 1.305 seconds
[2022-07-29 02:28:22,222] {processor.py:153} INFO - Started process (PID=1662) to work on /opt/airflow/dags/dataquality_pipeline_v3.py
[2022-07-29 02:28:22,223] {processor.py:641} INFO - Processing file /opt/airflow/dags/dataquality_pipeline_v3.py for tasks to queue
[2022-07-29 02:28:22,224] {logging_mixin.py:115} INFO - [2022-07-29 02:28:22,224] {dagbag.py:508} INFO - Filling up the DagBag from /opt/airflow/dags/dataquality_pipeline_v3.py
[2022-07-29 02:28:23,416] {processor.py:651} INFO - DAG(s) dict_keys(['dataquality_pipeline_v3']) retrieved from /opt/airflow/dags/dataquality_pipeline_v3.py
[2022-07-29 02:28:23,459] {logging_mixin.py:115} INFO - [2022-07-29 02:28:23,458] {dag.py:2420} INFO - Sync 1 DAGs
[2022-07-29 02:28:23,495] {logging_mixin.py:115} INFO - [2022-07-29 02:28:23,494] {dag.py:2972} INFO - Setting next_dagrun for dataquality_pipeline_v3 to None, run_after=None
[2022-07-29 02:28:23,513] {processor.py:161} INFO - Processing /opt/airflow/dags/dataquality_pipeline_v3.py took 1.298 seconds
[2022-07-29 02:28:55,690] {processor.py:153} INFO - Started process (PID=1737) to work on /opt/airflow/dags/dataquality_pipeline_v3.py
[2022-07-29 02:28:55,691] {processor.py:641} INFO - Processing file /opt/airflow/dags/dataquality_pipeline_v3.py for tasks to queue
[2022-07-29 02:28:55,692] {logging_mixin.py:115} INFO - [2022-07-29 02:28:55,692] {dagbag.py:508} INFO - Filling up the DagBag from /opt/airflow/dags/dataquality_pipeline_v3.py
[2022-07-29 02:28:57,307] {processor.py:651} INFO - DAG(s) dict_keys(['dataquality_pipeline_v3']) retrieved from /opt/airflow/dags/dataquality_pipeline_v3.py
[2022-07-29 02:28:57,374] {logging_mixin.py:115} INFO - [2022-07-29 02:28:57,374] {dag.py:2420} INFO - Sync 1 DAGs
[2022-07-29 02:28:57,444] {logging_mixin.py:115} INFO - [2022-07-29 02:28:57,444] {dag.py:2972} INFO - Setting next_dagrun for dataquality_pipeline_v3 to None, run_after=None
[2022-07-29 02:28:57,476] {processor.py:161} INFO - Processing /opt/airflow/dags/dataquality_pipeline_v3.py took 1.793 seconds
[2022-07-29 02:29:28,207] {processor.py:153} INFO - Started process (PID=1820) to work on /opt/airflow/dags/dataquality_pipeline_v3.py
[2022-07-29 02:29:28,208] {processor.py:641} INFO - Processing file /opt/airflow/dags/dataquality_pipeline_v3.py for tasks to queue
[2022-07-29 02:29:28,209] {logging_mixin.py:115} INFO - [2022-07-29 02:29:28,209] {dagbag.py:508} INFO - Filling up the DagBag from /opt/airflow/dags/dataquality_pipeline_v3.py
[2022-07-29 02:29:29,387] {processor.py:651} INFO - DAG(s) dict_keys(['dataquality_pipeline_v3']) retrieved from /opt/airflow/dags/dataquality_pipeline_v3.py
[2022-07-29 02:29:29,430] {logging_mixin.py:115} INFO - [2022-07-29 02:29:29,430] {dag.py:2420} INFO - Sync 1 DAGs
[2022-07-29 02:29:29,467] {logging_mixin.py:115} INFO - [2022-07-29 02:29:29,467] {dag.py:2972} INFO - Setting next_dagrun for dataquality_pipeline_v3 to None, run_after=None
[2022-07-29 02:29:29,484] {processor.py:161} INFO - Processing /opt/airflow/dags/dataquality_pipeline_v3.py took 1.284 seconds
[2022-07-29 02:30:00,087] {processor.py:153} INFO - Started process (PID=1893) to work on /opt/airflow/dags/dataquality_pipeline_v3.py
[2022-07-29 02:30:00,092] {processor.py:641} INFO - Processing file /opt/airflow/dags/dataquality_pipeline_v3.py for tasks to queue
[2022-07-29 02:30:00,093] {logging_mixin.py:115} INFO - [2022-07-29 02:30:00,093] {dagbag.py:508} INFO - Filling up the DagBag from /opt/airflow/dags/dataquality_pipeline_v3.py
[2022-07-29 02:30:03,755] {processor.py:651} INFO - DAG(s) dict_keys(['dataquality_pipeline_v3']) retrieved from /opt/airflow/dags/dataquality_pipeline_v3.py
[2022-07-29 02:30:03,928] {logging_mixin.py:115} INFO - [2022-07-29 02:30:03,928] {dag.py:2420} INFO - Sync 1 DAGs
[2022-07-29 02:30:04,056] {logging_mixin.py:115} INFO - [2022-07-29 02:30:04,056] {dag.py:2972} INFO - Setting next_dagrun for dataquality_pipeline_v3 to None, run_after=None
[2022-07-29 02:30:04,112] {processor.py:161} INFO - Processing /opt/airflow/dags/dataquality_pipeline_v3.py took 4.039 seconds
[2022-07-29 02:30:34,535] {processor.py:153} INFO - Started process (PID=1973) to work on /opt/airflow/dags/dataquality_pipeline_v3.py
[2022-07-29 02:30:34,536] {processor.py:641} INFO - Processing file /opt/airflow/dags/dataquality_pipeline_v3.py for tasks to queue
[2022-07-29 02:30:34,537] {logging_mixin.py:115} INFO - [2022-07-29 02:30:34,537] {dagbag.py:508} INFO - Filling up the DagBag from /opt/airflow/dags/dataquality_pipeline_v3.py
[2022-07-29 02:30:35,897] {processor.py:651} INFO - DAG(s) dict_keys(['dataquality_pipeline_v3']) retrieved from /opt/airflow/dags/dataquality_pipeline_v3.py
[2022-07-29 02:30:35,940] {logging_mixin.py:115} INFO - [2022-07-29 02:30:35,940] {dag.py:2420} INFO - Sync 1 DAGs
[2022-07-29 02:30:35,979] {logging_mixin.py:115} INFO - [2022-07-29 02:30:35,979] {dag.py:2972} INFO - Setting next_dagrun for dataquality_pipeline_v3 to None, run_after=None
[2022-07-29 02:30:36,013] {processor.py:161} INFO - Processing /opt/airflow/dags/dataquality_pipeline_v3.py took 1.485 seconds
[2022-07-29 02:31:06,236] {processor.py:153} INFO - Started process (PID=2046) to work on /opt/airflow/dags/dataquality_pipeline_v3.py
[2022-07-29 02:31:06,237] {processor.py:641} INFO - Processing file /opt/airflow/dags/dataquality_pipeline_v3.py for tasks to queue
[2022-07-29 02:31:06,238] {logging_mixin.py:115} INFO - [2022-07-29 02:31:06,238] {dagbag.py:508} INFO - Filling up the DagBag from /opt/airflow/dags/dataquality_pipeline_v3.py
[2022-07-29 02:31:07,556] {processor.py:651} INFO - DAG(s) dict_keys(['dataquality_pipeline_v3']) retrieved from /opt/airflow/dags/dataquality_pipeline_v3.py
[2022-07-29 02:31:07,597] {logging_mixin.py:115} INFO - [2022-07-29 02:31:07,596] {dag.py:2420} INFO - Sync 1 DAGs
[2022-07-29 02:31:07,626] {logging_mixin.py:115} INFO - [2022-07-29 02:31:07,626] {dag.py:2972} INFO - Setting next_dagrun for dataquality_pipeline_v3 to None, run_after=None
[2022-07-29 02:31:07,639] {processor.py:161} INFO - Processing /opt/airflow/dags/dataquality_pipeline_v3.py took 1.409 seconds
[2022-07-29 02:31:38,232] {processor.py:153} INFO - Started process (PID=2120) to work on /opt/airflow/dags/dataquality_pipeline_v3.py
[2022-07-29 02:31:38,233] {processor.py:641} INFO - Processing file /opt/airflow/dags/dataquality_pipeline_v3.py for tasks to queue
[2022-07-29 02:31:38,234] {logging_mixin.py:115} INFO - [2022-07-29 02:31:38,234] {dagbag.py:508} INFO - Filling up the DagBag from /opt/airflow/dags/dataquality_pipeline_v3.py
[2022-07-29 02:31:39,823] {processor.py:651} INFO - DAG(s) dict_keys(['dataquality_pipeline_v3']) retrieved from /opt/airflow/dags/dataquality_pipeline_v3.py
[2022-07-29 02:31:39,866] {logging_mixin.py:115} INFO - [2022-07-29 02:31:39,865] {dag.py:2420} INFO - Sync 1 DAGs
[2022-07-29 02:31:39,902] {logging_mixin.py:115} INFO - [2022-07-29 02:31:39,901] {dag.py:2972} INFO - Setting next_dagrun for dataquality_pipeline_v3 to None, run_after=None
[2022-07-29 02:31:39,918] {processor.py:161} INFO - Processing /opt/airflow/dags/dataquality_pipeline_v3.py took 1.696 seconds
[2022-07-29 02:32:10,885] {processor.py:153} INFO - Started process (PID=2202) to work on /opt/airflow/dags/dataquality_pipeline_v3.py
[2022-07-29 02:32:10,887] {processor.py:641} INFO - Processing file /opt/airflow/dags/dataquality_pipeline_v3.py for tasks to queue
[2022-07-29 02:32:10,888] {logging_mixin.py:115} INFO - [2022-07-29 02:32:10,888] {dagbag.py:508} INFO - Filling up the DagBag from /opt/airflow/dags/dataquality_pipeline_v3.py
[2022-07-29 02:32:12,251] {processor.py:651} INFO - DAG(s) dict_keys(['dataquality_pipeline_v3']) retrieved from /opt/airflow/dags/dataquality_pipeline_v3.py
[2022-07-29 02:32:12,348] {logging_mixin.py:115} INFO - [2022-07-29 02:32:12,347] {dag.py:2420} INFO - Sync 1 DAGs
[2022-07-29 02:32:12,420] {logging_mixin.py:115} INFO - [2022-07-29 02:32:12,420] {dag.py:2972} INFO - Setting next_dagrun for dataquality_pipeline_v3 to None, run_after=None
[2022-07-29 02:32:12,448] {processor.py:161} INFO - Processing /opt/airflow/dags/dataquality_pipeline_v3.py took 1.569 seconds
[2022-07-29 02:32:42,620] {processor.py:153} INFO - Started process (PID=2275) to work on /opt/airflow/dags/dataquality_pipeline_v3.py
[2022-07-29 02:32:42,621] {processor.py:641} INFO - Processing file /opt/airflow/dags/dataquality_pipeline_v3.py for tasks to queue
[2022-07-29 02:32:42,621] {logging_mixin.py:115} INFO - [2022-07-29 02:32:42,621] {dagbag.py:508} INFO - Filling up the DagBag from /opt/airflow/dags/dataquality_pipeline_v3.py
[2022-07-29 02:32:43,798] {processor.py:651} INFO - DAG(s) dict_keys(['dataquality_pipeline_v3']) retrieved from /opt/airflow/dags/dataquality_pipeline_v3.py
[2022-07-29 02:32:43,873] {logging_mixin.py:115} INFO - [2022-07-29 02:32:43,872] {dag.py:2420} INFO - Sync 1 DAGs
[2022-07-29 02:32:43,965] {logging_mixin.py:115} INFO - [2022-07-29 02:32:43,965] {dag.py:2972} INFO - Setting next_dagrun for dataquality_pipeline_v3 to None, run_after=None
[2022-07-29 02:32:43,997] {processor.py:161} INFO - Processing /opt/airflow/dags/dataquality_pipeline_v3.py took 1.384 seconds
[2022-07-29 02:33:14,154] {processor.py:153} INFO - Started process (PID=2348) to work on /opt/airflow/dags/dataquality_pipeline_v3.py
[2022-07-29 02:33:14,155] {processor.py:641} INFO - Processing file /opt/airflow/dags/dataquality_pipeline_v3.py for tasks to queue
[2022-07-29 02:33:14,156] {logging_mixin.py:115} INFO - [2022-07-29 02:33:14,156] {dagbag.py:508} INFO - Filling up the DagBag from /opt/airflow/dags/dataquality_pipeline_v3.py
[2022-07-29 02:33:15,318] {processor.py:651} INFO - DAG(s) dict_keys(['dataquality_pipeline_v3']) retrieved from /opt/airflow/dags/dataquality_pipeline_v3.py
[2022-07-29 02:33:15,391] {logging_mixin.py:115} INFO - [2022-07-29 02:33:15,391] {dag.py:2420} INFO - Sync 1 DAGs
[2022-07-29 02:33:15,458] {logging_mixin.py:115} INFO - [2022-07-29 02:33:15,458] {dag.py:2972} INFO - Setting next_dagrun for dataquality_pipeline_v3 to None, run_after=None
[2022-07-29 02:33:15,504] {processor.py:161} INFO - Processing /opt/airflow/dags/dataquality_pipeline_v3.py took 1.356 seconds
[2022-07-29 02:33:48,287] {processor.py:153} INFO - Started process (PID=2430) to work on /opt/airflow/dags/dataquality_pipeline_v3.py
[2022-07-29 02:33:48,287] {processor.py:641} INFO - Processing file /opt/airflow/dags/dataquality_pipeline_v3.py for tasks to queue
[2022-07-29 02:33:48,288] {logging_mixin.py:115} INFO - [2022-07-29 02:33:48,288] {dagbag.py:508} INFO - Filling up the DagBag from /opt/airflow/dags/dataquality_pipeline_v3.py
[2022-07-29 02:33:49,628] {processor.py:651} INFO - DAG(s) dict_keys(['dataquality_pipeline_v3']) retrieved from /opt/airflow/dags/dataquality_pipeline_v3.py
[2022-07-29 02:33:49,671] {logging_mixin.py:115} INFO - [2022-07-29 02:33:49,671] {dag.py:2420} INFO - Sync 1 DAGs
[2022-07-29 02:33:49,708] {logging_mixin.py:115} INFO - [2022-07-29 02:33:49,708] {dag.py:2972} INFO - Setting next_dagrun for dataquality_pipeline_v3 to None, run_after=None
[2022-07-29 02:33:49,732] {processor.py:161} INFO - Processing /opt/airflow/dags/dataquality_pipeline_v3.py took 1.452 seconds
[2022-07-29 02:34:20,056] {processor.py:153} INFO - Started process (PID=2512) to work on /opt/airflow/dags/dataquality_pipeline_v3.py
[2022-07-29 02:34:20,057] {processor.py:641} INFO - Processing file /opt/airflow/dags/dataquality_pipeline_v3.py for tasks to queue
[2022-07-29 02:34:20,058] {logging_mixin.py:115} INFO - [2022-07-29 02:34:20,058] {dagbag.py:508} INFO - Filling up the DagBag from /opt/airflow/dags/dataquality_pipeline_v3.py
[2022-07-29 02:34:22,307] {processor.py:651} INFO - DAG(s) dict_keys(['dataquality_pipeline_v3']) retrieved from /opt/airflow/dags/dataquality_pipeline_v3.py
[2022-07-29 02:34:22,419] {logging_mixin.py:115} INFO - [2022-07-29 02:34:22,419] {dag.py:2420} INFO - Sync 1 DAGs
[2022-07-29 02:34:22,522] {logging_mixin.py:115} INFO - [2022-07-29 02:34:22,522] {dag.py:2972} INFO - Setting next_dagrun for dataquality_pipeline_v3 to None, run_after=None
[2022-07-29 02:34:22,572] {processor.py:161} INFO - Processing /opt/airflow/dags/dataquality_pipeline_v3.py took 2.541 seconds
[2022-07-29 02:34:53,277] {processor.py:153} INFO - Started process (PID=2585) to work on /opt/airflow/dags/dataquality_pipeline_v3.py
[2022-07-29 02:34:53,288] {processor.py:641} INFO - Processing file /opt/airflow/dags/dataquality_pipeline_v3.py for tasks to queue
[2022-07-29 02:34:53,289] {logging_mixin.py:115} INFO - [2022-07-29 02:34:53,289] {dagbag.py:508} INFO - Filling up the DagBag from /opt/airflow/dags/dataquality_pipeline_v3.py
[2022-07-29 02:34:54,407] {processor.py:651} INFO - DAG(s) dict_keys(['dataquality_pipeline_v3']) retrieved from /opt/airflow/dags/dataquality_pipeline_v3.py
[2022-07-29 02:34:54,448] {logging_mixin.py:115} INFO - [2022-07-29 02:34:54,448] {dag.py:2420} INFO - Sync 1 DAGs
[2022-07-29 02:34:54,481] {logging_mixin.py:115} INFO - [2022-07-29 02:34:54,481] {dag.py:2972} INFO - Setting next_dagrun for dataquality_pipeline_v3 to None, run_after=None
[2022-07-29 02:34:54,498] {processor.py:161} INFO - Processing /opt/airflow/dags/dataquality_pipeline_v3.py took 1.239 seconds
[2022-07-29 02:35:25,839] {processor.py:153} INFO - Started process (PID=2669) to work on /opt/airflow/dags/dataquality_pipeline_v3.py
[2022-07-29 02:35:25,848] {processor.py:641} INFO - Processing file /opt/airflow/dags/dataquality_pipeline_v3.py for tasks to queue
[2022-07-29 02:35:25,849] {logging_mixin.py:115} INFO - [2022-07-29 02:35:25,849] {dagbag.py:508} INFO - Filling up the DagBag from /opt/airflow/dags/dataquality_pipeline_v3.py
[2022-07-29 02:35:27,389] {processor.py:651} INFO - DAG(s) dict_keys(['dataquality_pipeline_v3']) retrieved from /opt/airflow/dags/dataquality_pipeline_v3.py
[2022-07-29 02:35:27,431] {logging_mixin.py:115} INFO - [2022-07-29 02:35:27,430] {dag.py:2420} INFO - Sync 1 DAGs
[2022-07-29 02:35:27,461] {logging_mixin.py:115} INFO - [2022-07-29 02:35:27,461] {dag.py:2972} INFO - Setting next_dagrun for dataquality_pipeline_v3 to None, run_after=None
[2022-07-29 02:35:27,493] {processor.py:161} INFO - Processing /opt/airflow/dags/dataquality_pipeline_v3.py took 1.660 seconds
[2022-07-29 02:35:57,722] {processor.py:153} INFO - Started process (PID=2742) to work on /opt/airflow/dags/dataquality_pipeline_v3.py
[2022-07-29 02:35:57,748] {processor.py:641} INFO - Processing file /opt/airflow/dags/dataquality_pipeline_v3.py for tasks to queue
[2022-07-29 02:35:57,749] {logging_mixin.py:115} INFO - [2022-07-29 02:35:57,749] {dagbag.py:508} INFO - Filling up the DagBag from /opt/airflow/dags/dataquality_pipeline_v3.py
[2022-07-29 02:36:01,813] {processor.py:651} INFO - DAG(s) dict_keys(['dataquality_pipeline_v3']) retrieved from /opt/airflow/dags/dataquality_pipeline_v3.py
[2022-07-29 02:36:01,937] {logging_mixin.py:115} INFO - [2022-07-29 02:36:01,936] {dag.py:2420} INFO - Sync 1 DAGs
[2022-07-29 02:36:02,012] {logging_mixin.py:115} INFO - [2022-07-29 02:36:02,012] {dag.py:2972} INFO - Setting next_dagrun for dataquality_pipeline_v3 to None, run_after=None
[2022-07-29 02:36:02,042] {processor.py:161} INFO - Processing /opt/airflow/dags/dataquality_pipeline_v3.py took 4.353 seconds
[2022-07-29 02:36:32,710] {processor.py:153} INFO - Started process (PID=2823) to work on /opt/airflow/dags/dataquality_pipeline_v3.py
[2022-07-29 02:36:32,711] {processor.py:641} INFO - Processing file /opt/airflow/dags/dataquality_pipeline_v3.py for tasks to queue
[2022-07-29 02:36:32,711] {logging_mixin.py:115} INFO - [2022-07-29 02:36:32,711] {dagbag.py:508} INFO - Filling up the DagBag from /opt/airflow/dags/dataquality_pipeline_v3.py
[2022-07-29 02:36:33,903] {processor.py:651} INFO - DAG(s) dict_keys(['dataquality_pipeline_v3']) retrieved from /opt/airflow/dags/dataquality_pipeline_v3.py
[2022-07-29 02:36:33,943] {logging_mixin.py:115} INFO - [2022-07-29 02:36:33,943] {dag.py:2420} INFO - Sync 1 DAGs
[2022-07-29 02:36:33,975] {logging_mixin.py:115} INFO - [2022-07-29 02:36:33,975] {dag.py:2972} INFO - Setting next_dagrun for dataquality_pipeline_v3 to None, run_after=None
[2022-07-29 02:36:33,991] {processor.py:161} INFO - Processing /opt/airflow/dags/dataquality_pipeline_v3.py took 1.289 seconds
[2022-07-29 02:37:04,229] {processor.py:153} INFO - Started process (PID=2895) to work on /opt/airflow/dags/dataquality_pipeline_v3.py
[2022-07-29 02:37:04,230] {processor.py:641} INFO - Processing file /opt/airflow/dags/dataquality_pipeline_v3.py for tasks to queue
[2022-07-29 02:37:04,231] {logging_mixin.py:115} INFO - [2022-07-29 02:37:04,231] {dagbag.py:508} INFO - Filling up the DagBag from /opt/airflow/dags/dataquality_pipeline_v3.py
[2022-07-29 02:37:05,940] {processor.py:651} INFO - DAG(s) dict_keys(['dataquality_pipeline_v3']) retrieved from /opt/airflow/dags/dataquality_pipeline_v3.py
[2022-07-29 02:37:06,025] {logging_mixin.py:115} INFO - [2022-07-29 02:37:06,024] {dag.py:2420} INFO - Sync 1 DAGs
[2022-07-29 02:37:06,121] {logging_mixin.py:115} INFO - [2022-07-29 02:37:06,121] {dag.py:2972} INFO - Setting next_dagrun for dataquality_pipeline_v3 to None, run_after=None
[2022-07-29 02:37:06,162] {processor.py:161} INFO - Processing /opt/airflow/dags/dataquality_pipeline_v3.py took 1.940 seconds
[2022-07-29 02:37:37,226] {processor.py:153} INFO - Started process (PID=2967) to work on /opt/airflow/dags/dataquality_pipeline_v3.py
[2022-07-29 02:37:37,232] {processor.py:641} INFO - Processing file /opt/airflow/dags/dataquality_pipeline_v3.py for tasks to queue
[2022-07-29 02:37:37,233] {logging_mixin.py:115} INFO - [2022-07-29 02:37:37,232] {dagbag.py:508} INFO - Filling up the DagBag from /opt/airflow/dags/dataquality_pipeline_v3.py
[2022-07-29 02:37:38,780] {processor.py:651} INFO - DAG(s) dict_keys(['dataquality_pipeline_v3']) retrieved from /opt/airflow/dags/dataquality_pipeline_v3.py
[2022-07-29 02:37:38,872] {logging_mixin.py:115} INFO - [2022-07-29 02:37:38,872] {dag.py:2420} INFO - Sync 1 DAGs
[2022-07-29 02:37:38,939] {logging_mixin.py:115} INFO - [2022-07-29 02:37:38,939] {dag.py:2972} INFO - Setting next_dagrun for dataquality_pipeline_v3 to None, run_after=None
[2022-07-29 02:37:38,972] {processor.py:161} INFO - Processing /opt/airflow/dags/dataquality_pipeline_v3.py took 1.777 seconds
[2022-07-29 02:38:09,300] {processor.py:153} INFO - Started process (PID=3050) to work on /opt/airflow/dags/dataquality_pipeline_v3.py
[2022-07-29 02:38:09,301] {processor.py:641} INFO - Processing file /opt/airflow/dags/dataquality_pipeline_v3.py for tasks to queue
[2022-07-29 02:38:09,302] {logging_mixin.py:115} INFO - [2022-07-29 02:38:09,302] {dagbag.py:508} INFO - Filling up the DagBag from /opt/airflow/dags/dataquality_pipeline_v3.py
[2022-07-29 02:38:10,477] {processor.py:651} INFO - DAG(s) dict_keys(['dataquality_pipeline_v3']) retrieved from /opt/airflow/dags/dataquality_pipeline_v3.py
[2022-07-29 02:38:10,519] {logging_mixin.py:115} INFO - [2022-07-29 02:38:10,519] {dag.py:2420} INFO - Sync 1 DAGs
[2022-07-29 02:38:10,552] {logging_mixin.py:115} INFO - [2022-07-29 02:38:10,552] {dag.py:2972} INFO - Setting next_dagrun for dataquality_pipeline_v3 to None, run_after=None
[2022-07-29 02:38:10,586] {processor.py:161} INFO - Processing /opt/airflow/dags/dataquality_pipeline_v3.py took 1.293 seconds
[2022-07-29 02:38:41,043] {processor.py:153} INFO - Started process (PID=3123) to work on /opt/airflow/dags/dataquality_pipeline_v3.py
[2022-07-29 02:38:41,044] {processor.py:641} INFO - Processing file /opt/airflow/dags/dataquality_pipeline_v3.py for tasks to queue
[2022-07-29 02:38:41,045] {logging_mixin.py:115} INFO - [2022-07-29 02:38:41,045] {dagbag.py:508} INFO - Filling up the DagBag from /opt/airflow/dags/dataquality_pipeline_v3.py
[2022-07-29 02:38:42,252] {processor.py:651} INFO - DAG(s) dict_keys(['dataquality_pipeline_v3']) retrieved from /opt/airflow/dags/dataquality_pipeline_v3.py
[2022-07-29 02:38:42,304] {logging_mixin.py:115} INFO - [2022-07-29 02:38:42,296] {dag.py:2420} INFO - Sync 1 DAGs
[2022-07-29 02:38:42,401] {logging_mixin.py:115} INFO - [2022-07-29 02:38:42,401] {dag.py:2972} INFO - Setting next_dagrun for dataquality_pipeline_v3 to None, run_after=None
[2022-07-29 02:38:42,441] {processor.py:161} INFO - Processing /opt/airflow/dags/dataquality_pipeline_v3.py took 1.408 seconds
[2022-07-29 02:39:13,281] {processor.py:153} INFO - Started process (PID=3197) to work on /opt/airflow/dags/dataquality_pipeline_v3.py
[2022-07-29 02:39:13,288] {processor.py:641} INFO - Processing file /opt/airflow/dags/dataquality_pipeline_v3.py for tasks to queue
[2022-07-29 02:39:13,289] {logging_mixin.py:115} INFO - [2022-07-29 02:39:13,289] {dagbag.py:508} INFO - Filling up the DagBag from /opt/airflow/dags/dataquality_pipeline_v3.py
[2022-07-29 02:39:14,553] {processor.py:651} INFO - DAG(s) dict_keys(['dataquality_pipeline_v3']) retrieved from /opt/airflow/dags/dataquality_pipeline_v3.py
[2022-07-29 02:39:14,595] {logging_mixin.py:115} INFO - [2022-07-29 02:39:14,595] {dag.py:2420} INFO - Sync 1 DAGs
[2022-07-29 02:39:14,630] {logging_mixin.py:115} INFO - [2022-07-29 02:39:14,630] {dag.py:2972} INFO - Setting next_dagrun for dataquality_pipeline_v3 to None, run_after=None
[2022-07-29 02:39:14,656] {processor.py:161} INFO - Processing /opt/airflow/dags/dataquality_pipeline_v3.py took 1.382 seconds
[2022-07-29 02:39:45,199] {processor.py:153} INFO - Started process (PID=3280) to work on /opt/airflow/dags/dataquality_pipeline_v3.py
[2022-07-29 02:39:45,208] {processor.py:641} INFO - Processing file /opt/airflow/dags/dataquality_pipeline_v3.py for tasks to queue
[2022-07-29 02:39:45,209] {logging_mixin.py:115} INFO - [2022-07-29 02:39:45,209] {dagbag.py:508} INFO - Filling up the DagBag from /opt/airflow/dags/dataquality_pipeline_v3.py
[2022-07-29 02:39:46,700] {processor.py:651} INFO - DAG(s) dict_keys(['dataquality_pipeline_v3']) retrieved from /opt/airflow/dags/dataquality_pipeline_v3.py
[2022-07-29 02:39:46,741] {logging_mixin.py:115} INFO - [2022-07-29 02:39:46,741] {dag.py:2420} INFO - Sync 1 DAGs
[2022-07-29 02:39:46,777] {logging_mixin.py:115} INFO - [2022-07-29 02:39:46,777] {dag.py:2972} INFO - Setting next_dagrun for dataquality_pipeline_v3 to None, run_after=None
[2022-07-29 02:39:46,793] {processor.py:161} INFO - Processing /opt/airflow/dags/dataquality_pipeline_v3.py took 1.613 seconds
[2022-07-29 02:40:16,987] {processor.py:153} INFO - Started process (PID=3354) to work on /opt/airflow/dags/dataquality_pipeline_v3.py
[2022-07-29 02:40:16,988] {processor.py:641} INFO - Processing file /opt/airflow/dags/dataquality_pipeline_v3.py for tasks to queue
[2022-07-29 02:40:16,988] {logging_mixin.py:115} INFO - [2022-07-29 02:40:16,988] {dagbag.py:508} INFO - Filling up the DagBag from /opt/airflow/dags/dataquality_pipeline_v3.py
[2022-07-29 02:40:18,648] {processor.py:651} INFO - DAG(s) dict_keys(['dataquality_pipeline_v3']) retrieved from /opt/airflow/dags/dataquality_pipeline_v3.py
[2022-07-29 02:40:18,702] {logging_mixin.py:115} INFO - [2022-07-29 02:40:18,701] {dag.py:2420} INFO - Sync 1 DAGs
[2022-07-29 02:40:18,748] {logging_mixin.py:115} INFO - [2022-07-29 02:40:18,748] {dag.py:2972} INFO - Setting next_dagrun for dataquality_pipeline_v3 to None, run_after=None
[2022-07-29 02:40:18,780] {processor.py:161} INFO - Processing /opt/airflow/dags/dataquality_pipeline_v3.py took 1.801 seconds
[2022-07-29 02:40:48,845] {processor.py:153} INFO - Started process (PID=3433) to work on /opt/airflow/dags/dataquality_pipeline_v3.py
[2022-07-29 02:40:48,852] {processor.py:641} INFO - Processing file /opt/airflow/dags/dataquality_pipeline_v3.py for tasks to queue
[2022-07-29 02:40:48,853] {logging_mixin.py:115} INFO - [2022-07-29 02:40:48,853] {dagbag.py:508} INFO - Filling up the DagBag from /opt/airflow/dags/dataquality_pipeline_v3.py
[2022-07-29 02:40:51,860] {processor.py:651} INFO - DAG(s) dict_keys(['dataquality_pipeline_v3']) retrieved from /opt/airflow/dags/dataquality_pipeline_v3.py
[2022-07-29 02:40:52,018] {logging_mixin.py:115} INFO - [2022-07-29 02:40:52,018] {dag.py:2420} INFO - Sync 1 DAGs
[2022-07-29 02:40:52,151] {logging_mixin.py:115} INFO - [2022-07-29 02:40:52,150] {dag.py:2972} INFO - Setting next_dagrun for dataquality_pipeline_v3 to None, run_after=None
[2022-07-29 02:40:52,235] {processor.py:161} INFO - Processing /opt/airflow/dags/dataquality_pipeline_v3.py took 3.404 seconds
[2022-07-29 02:41:22,637] {processor.py:153} INFO - Started process (PID=3515) to work on /opt/airflow/dags/dataquality_pipeline_v3.py
[2022-07-29 02:41:22,638] {processor.py:641} INFO - Processing file /opt/airflow/dags/dataquality_pipeline_v3.py for tasks to queue
[2022-07-29 02:41:22,639] {logging_mixin.py:115} INFO - [2022-07-29 02:41:22,639] {dagbag.py:508} INFO - Filling up the DagBag from /opt/airflow/dags/dataquality_pipeline_v3.py
[2022-07-29 02:41:23,817] {processor.py:651} INFO - DAG(s) dict_keys(['dataquality_pipeline_v3']) retrieved from /opt/airflow/dags/dataquality_pipeline_v3.py
[2022-07-29 02:41:23,859] {logging_mixin.py:115} INFO - [2022-07-29 02:41:23,859] {dag.py:2420} INFO - Sync 1 DAGs
[2022-07-29 02:41:23,894] {logging_mixin.py:115} INFO - [2022-07-29 02:41:23,894] {dag.py:2972} INFO - Setting next_dagrun for dataquality_pipeline_v3 to None, run_after=None
[2022-07-29 02:41:23,925] {processor.py:161} INFO - Processing /opt/airflow/dags/dataquality_pipeline_v3.py took 1.295 seconds
[2022-07-29 02:41:54,287] {processor.py:153} INFO - Started process (PID=3588) to work on /opt/airflow/dags/dataquality_pipeline_v3.py
[2022-07-29 02:41:54,288] {processor.py:641} INFO - Processing file /opt/airflow/dags/dataquality_pipeline_v3.py for tasks to queue
[2022-07-29 02:41:54,289] {logging_mixin.py:115} INFO - [2022-07-29 02:41:54,288] {dagbag.py:508} INFO - Filling up the DagBag from /opt/airflow/dags/dataquality_pipeline_v3.py
[2022-07-29 02:41:55,449] {processor.py:651} INFO - DAG(s) dict_keys(['dataquality_pipeline_v3']) retrieved from /opt/airflow/dags/dataquality_pipeline_v3.py
[2022-07-29 02:41:55,493] {logging_mixin.py:115} INFO - [2022-07-29 02:41:55,493] {dag.py:2420} INFO - Sync 1 DAGs
[2022-07-29 02:41:55,530] {logging_mixin.py:115} INFO - [2022-07-29 02:41:55,530] {dag.py:2972} INFO - Setting next_dagrun for dataquality_pipeline_v3 to None, run_after=None
[2022-07-29 02:41:55,547] {processor.py:161} INFO - Processing /opt/airflow/dags/dataquality_pipeline_v3.py took 1.267 seconds
[2022-07-29 02:42:25,610] {processor.py:153} INFO - Started process (PID=3661) to work on /opt/airflow/dags/dataquality_pipeline_v3.py
[2022-07-29 02:42:25,618] {processor.py:641} INFO - Processing file /opt/airflow/dags/dataquality_pipeline_v3.py for tasks to queue
[2022-07-29 02:42:25,619] {logging_mixin.py:115} INFO - [2022-07-29 02:42:25,619] {dagbag.py:508} INFO - Filling up the DagBag from /opt/airflow/dags/dataquality_pipeline_v3.py
[2022-07-29 02:42:29,677] {processor.py:651} INFO - DAG(s) dict_keys(['dataquality_pipeline_v3']) retrieved from /opt/airflow/dags/dataquality_pipeline_v3.py
[2022-07-29 02:42:29,749] {logging_mixin.py:115} INFO - [2022-07-29 02:42:29,748] {dag.py:2420} INFO - Sync 1 DAGs
[2022-07-29 02:42:29,821] {logging_mixin.py:115} INFO - [2022-07-29 02:42:29,820] {dag.py:2972} INFO - Setting next_dagrun for dataquality_pipeline_v3 to None, run_after=None
[2022-07-29 02:42:29,850] {processor.py:161} INFO - Processing /opt/airflow/dags/dataquality_pipeline_v3.py took 4.254 seconds
[2022-07-29 02:43:00,108] {processor.py:153} INFO - Started process (PID=3742) to work on /opt/airflow/dags/dataquality_pipeline_v3.py
[2022-07-29 02:43:00,108] {processor.py:641} INFO - Processing file /opt/airflow/dags/dataquality_pipeline_v3.py for tasks to queue
[2022-07-29 02:43:00,109] {logging_mixin.py:115} INFO - [2022-07-29 02:43:00,109] {dagbag.py:508} INFO - Filling up the DagBag from /opt/airflow/dags/dataquality_pipeline_v3.py
[2022-07-29 02:43:00,864] {processor.py:651} INFO - DAG(s) dict_keys(['dataquality_pipeline_v3']) retrieved from /opt/airflow/dags/dataquality_pipeline_v3.py
[2022-07-29 02:43:00,893] {logging_mixin.py:115} INFO - [2022-07-29 02:43:00,893] {dag.py:2420} INFO - Sync 1 DAGs
[2022-07-29 02:43:00,927] {logging_mixin.py:115} INFO - [2022-07-29 02:43:00,927] {dag.py:2972} INFO - Setting next_dagrun for dataquality_pipeline_v3 to None, run_after=None
[2022-07-29 02:43:00,946] {processor.py:161} INFO - Processing /opt/airflow/dags/dataquality_pipeline_v3.py took 0.844 seconds
[2022-07-29 02:43:31,390] {processor.py:153} INFO - Started process (PID=3814) to work on /opt/airflow/dags/dataquality_pipeline_v3.py
[2022-07-29 02:43:31,390] {processor.py:641} INFO - Processing file /opt/airflow/dags/dataquality_pipeline_v3.py for tasks to queue
[2022-07-29 02:43:31,391] {logging_mixin.py:115} INFO - [2022-07-29 02:43:31,391] {dagbag.py:508} INFO - Filling up the DagBag from /opt/airflow/dags/dataquality_pipeline_v3.py
[2022-07-29 02:43:32,409] {processor.py:651} INFO - DAG(s) dict_keys(['dataquality_pipeline_v3']) retrieved from /opt/airflow/dags/dataquality_pipeline_v3.py
[2022-07-29 02:43:32,452] {logging_mixin.py:115} INFO - [2022-07-29 02:43:32,452] {dag.py:2420} INFO - Sync 1 DAGs
[2022-07-29 02:43:32,488] {logging_mixin.py:115} INFO - [2022-07-29 02:43:32,488] {dag.py:2972} INFO - Setting next_dagrun for dataquality_pipeline_v3 to None, run_after=None
[2022-07-29 02:43:32,509] {processor.py:161} INFO - Processing /opt/airflow/dags/dataquality_pipeline_v3.py took 1.125 seconds
[2022-07-29 02:44:03,013] {processor.py:153} INFO - Started process (PID=3888) to work on /opt/airflow/dags/dataquality_pipeline_v3.py
[2022-07-29 02:44:03,024] {processor.py:641} INFO - Processing file /opt/airflow/dags/dataquality_pipeline_v3.py for tasks to queue
[2022-07-29 02:44:03,025] {logging_mixin.py:115} INFO - [2022-07-29 02:44:03,025] {dagbag.py:508} INFO - Filling up the DagBag from /opt/airflow/dags/dataquality_pipeline_v3.py
[2022-07-29 02:44:04,877] {processor.py:651} INFO - DAG(s) dict_keys(['dataquality_pipeline_v3']) retrieved from /opt/airflow/dags/dataquality_pipeline_v3.py
[2022-07-29 02:44:04,919] {logging_mixin.py:115} INFO - [2022-07-29 02:44:04,919] {dag.py:2420} INFO - Sync 1 DAGs
[2022-07-29 02:44:04,955] {logging_mixin.py:115} INFO - [2022-07-29 02:44:04,955] {dag.py:2972} INFO - Setting next_dagrun for dataquality_pipeline_v3 to None, run_after=None
[2022-07-29 02:44:04,973] {processor.py:161} INFO - Processing /opt/airflow/dags/dataquality_pipeline_v3.py took 1.973 seconds
[2022-07-29 02:44:35,526] {processor.py:153} INFO - Started process (PID=3972) to work on /opt/airflow/dags/dataquality_pipeline_v3.py
[2022-07-29 02:44:35,528] {processor.py:641} INFO - Processing file /opt/airflow/dags/dataquality_pipeline_v3.py for tasks to queue
[2022-07-29 02:44:35,528] {logging_mixin.py:115} INFO - [2022-07-29 02:44:35,528] {dagbag.py:508} INFO - Filling up the DagBag from /opt/airflow/dags/dataquality_pipeline_v3.py
[2022-07-29 02:44:36,568] {processor.py:651} INFO - DAG(s) dict_keys(['dataquality_pipeline_v3']) retrieved from /opt/airflow/dags/dataquality_pipeline_v3.py
[2022-07-29 02:44:36,598] {logging_mixin.py:115} INFO - [2022-07-29 02:44:36,597] {dag.py:2420} INFO - Sync 1 DAGs
[2022-07-29 02:44:36,621] {logging_mixin.py:115} INFO - [2022-07-29 02:44:36,621] {dag.py:2972} INFO - Setting next_dagrun for dataquality_pipeline_v3 to None, run_after=None
[2022-07-29 02:44:36,634] {processor.py:161} INFO - Processing /opt/airflow/dags/dataquality_pipeline_v3.py took 1.115 seconds
[2022-07-29 02:45:07,159] {processor.py:153} INFO - Started process (PID=4047) to work on /opt/airflow/dags/dataquality_pipeline_v3.py
[2022-07-29 02:45:07,160] {processor.py:641} INFO - Processing file /opt/airflow/dags/dataquality_pipeline_v3.py for tasks to queue
[2022-07-29 02:45:07,161] {logging_mixin.py:115} INFO - [2022-07-29 02:45:07,161] {dagbag.py:508} INFO - Filling up the DagBag from /opt/airflow/dags/dataquality_pipeline_v3.py
[2022-07-29 02:45:08,573] {processor.py:651} INFO - DAG(s) dict_keys(['dataquality_pipeline_v3']) retrieved from /opt/airflow/dags/dataquality_pipeline_v3.py
[2022-07-29 02:45:08,649] {logging_mixin.py:115} INFO - [2022-07-29 02:45:08,648] {dag.py:2420} INFO - Sync 1 DAGs
[2022-07-29 02:45:08,754] {logging_mixin.py:115} INFO - [2022-07-29 02:45:08,754] {dag.py:2972} INFO - Setting next_dagrun for dataquality_pipeline_v3 to None, run_after=None
[2022-07-29 02:45:08,784] {processor.py:161} INFO - Processing /opt/airflow/dags/dataquality_pipeline_v3.py took 1.644 seconds
[2022-07-29 02:45:38,925] {processor.py:153} INFO - Started process (PID=4129) to work on /opt/airflow/dags/dataquality_pipeline_v3.py
[2022-07-29 02:45:38,926] {processor.py:641} INFO - Processing file /opt/airflow/dags/dataquality_pipeline_v3.py for tasks to queue
[2022-07-29 02:45:38,927] {logging_mixin.py:115} INFO - [2022-07-29 02:45:38,926] {dagbag.py:508} INFO - Filling up the DagBag from /opt/airflow/dags/dataquality_pipeline_v3.py
[2022-07-29 02:45:41,091] {processor.py:651} INFO - DAG(s) dict_keys(['dataquality_pipeline_v3']) retrieved from /opt/airflow/dags/dataquality_pipeline_v3.py
[2022-07-29 02:45:41,161] {logging_mixin.py:115} INFO - [2022-07-29 02:45:41,161] {dag.py:2420} INFO - Sync 1 DAGs
[2022-07-29 02:45:41,238] {logging_mixin.py:115} INFO - [2022-07-29 02:45:41,238] {dag.py:2972} INFO - Setting next_dagrun for dataquality_pipeline_v3 to None, run_after=None
[2022-07-29 02:45:41,276] {processor.py:161} INFO - Processing /opt/airflow/dags/dataquality_pipeline_v3.py took 2.366 seconds
[2022-07-29 02:46:11,382] {processor.py:153} INFO - Started process (PID=4201) to work on /opt/airflow/dags/dataquality_pipeline_v3.py
[2022-07-29 02:46:11,383] {processor.py:641} INFO - Processing file /opt/airflow/dags/dataquality_pipeline_v3.py for tasks to queue
[2022-07-29 02:46:11,384] {logging_mixin.py:115} INFO - [2022-07-29 02:46:11,384] {dagbag.py:508} INFO - Filling up the DagBag from /opt/airflow/dags/dataquality_pipeline_v3.py
[2022-07-29 02:46:13,232] {processor.py:651} INFO - DAG(s) dict_keys(['dataquality_pipeline_v3']) retrieved from /opt/airflow/dags/dataquality_pipeline_v3.py
[2022-07-29 02:46:13,328] {logging_mixin.py:115} INFO - [2022-07-29 02:46:13,328] {dag.py:2420} INFO - Sync 1 DAGs
[2022-07-29 02:46:13,413] {logging_mixin.py:115} INFO - [2022-07-29 02:46:13,413] {dag.py:2972} INFO - Setting next_dagrun for dataquality_pipeline_v3 to None, run_after=None
[2022-07-29 02:46:13,434] {processor.py:161} INFO - Processing /opt/airflow/dags/dataquality_pipeline_v3.py took 2.058 seconds
[2022-07-29 02:46:43,717] {processor.py:153} INFO - Started process (PID=4274) to work on /opt/airflow/dags/dataquality_pipeline_v3.py
[2022-07-29 02:46:43,718] {processor.py:641} INFO - Processing file /opt/airflow/dags/dataquality_pipeline_v3.py for tasks to queue
[2022-07-29 02:46:43,719] {logging_mixin.py:115} INFO - [2022-07-29 02:46:43,719] {dagbag.py:508} INFO - Filling up the DagBag from /opt/airflow/dags/dataquality_pipeline_v3.py
[2022-07-29 02:46:44,660] {processor.py:651} INFO - DAG(s) dict_keys(['dataquality_pipeline_v3']) retrieved from /opt/airflow/dags/dataquality_pipeline_v3.py
[2022-07-29 02:46:44,729] {logging_mixin.py:115} INFO - [2022-07-29 02:46:44,719] {dag.py:2420} INFO - Sync 1 DAGs
[2022-07-29 02:46:44,784] {logging_mixin.py:115} INFO - [2022-07-29 02:46:44,784] {dag.py:2972} INFO - Setting next_dagrun for dataquality_pipeline_v3 to None, run_after=None
[2022-07-29 02:46:44,816] {processor.py:161} INFO - Processing /opt/airflow/dags/dataquality_pipeline_v3.py took 1.104 seconds
[2022-07-29 02:47:15,293] {processor.py:153} INFO - Started process (PID=4356) to work on /opt/airflow/dags/dataquality_pipeline_v3.py
[2022-07-29 02:47:15,294] {processor.py:641} INFO - Processing file /opt/airflow/dags/dataquality_pipeline_v3.py for tasks to queue
[2022-07-29 02:47:15,295] {logging_mixin.py:115} INFO - [2022-07-29 02:47:15,295] {dagbag.py:508} INFO - Filling up the DagBag from /opt/airflow/dags/dataquality_pipeline_v3.py
[2022-07-29 02:47:16,400] {processor.py:651} INFO - DAG(s) dict_keys(['dataquality_pipeline_v3']) retrieved from /opt/airflow/dags/dataquality_pipeline_v3.py
[2022-07-29 02:47:16,475] {logging_mixin.py:115} INFO - [2022-07-29 02:47:16,474] {dag.py:2420} INFO - Sync 1 DAGs
[2022-07-29 02:47:16,515] {logging_mixin.py:115} INFO - [2022-07-29 02:47:16,515] {dag.py:2972} INFO - Setting next_dagrun for dataquality_pipeline_v3 to None, run_after=None
[2022-07-29 02:47:16,536] {processor.py:161} INFO - Processing /opt/airflow/dags/dataquality_pipeline_v3.py took 1.250 seconds
[2022-07-29 02:47:46,749] {processor.py:153} INFO - Started process (PID=4429) to work on /opt/airflow/dags/dataquality_pipeline_v3.py
[2022-07-29 02:47:46,749] {processor.py:641} INFO - Processing file /opt/airflow/dags/dataquality_pipeline_v3.py for tasks to queue
[2022-07-29 02:47:46,750] {logging_mixin.py:115} INFO - [2022-07-29 02:47:46,750] {dagbag.py:508} INFO - Filling up the DagBag from /opt/airflow/dags/dataquality_pipeline_v3.py
[2022-07-29 02:47:47,419] {processor.py:651} INFO - DAG(s) dict_keys(['dataquality_pipeline_v3']) retrieved from /opt/airflow/dags/dataquality_pipeline_v3.py
[2022-07-29 02:47:47,454] {logging_mixin.py:115} INFO - [2022-07-29 02:47:47,454] {dag.py:2420} INFO - Sync 1 DAGs
[2022-07-29 02:47:47,492] {logging_mixin.py:115} INFO - [2022-07-29 02:47:47,492] {dag.py:2972} INFO - Setting next_dagrun for dataquality_pipeline_v3 to None, run_after=None
[2022-07-29 02:47:47,506] {processor.py:161} INFO - Processing /opt/airflow/dags/dataquality_pipeline_v3.py took 0.763 seconds
[2022-07-29 02:48:17,846] {processor.py:153} INFO - Started process (PID=4512) to work on /opt/airflow/dags/dataquality_pipeline_v3.py
[2022-07-29 02:48:17,847] {processor.py:641} INFO - Processing file /opt/airflow/dags/dataquality_pipeline_v3.py for tasks to queue
[2022-07-29 02:48:17,848] {logging_mixin.py:115} INFO - [2022-07-29 02:48:17,848] {dagbag.py:508} INFO - Filling up the DagBag from /opt/airflow/dags/dataquality_pipeline_v3.py
[2022-07-29 02:48:19,133] {processor.py:651} INFO - DAG(s) dict_keys(['dataquality_pipeline_v3']) retrieved from /opt/airflow/dags/dataquality_pipeline_v3.py
[2022-07-29 02:48:19,245] {logging_mixin.py:115} INFO - [2022-07-29 02:48:19,244] {dag.py:2420} INFO - Sync 1 DAGs
[2022-07-29 02:48:19,312] {logging_mixin.py:115} INFO - [2022-07-29 02:48:19,312] {dag.py:2972} INFO - Setting next_dagrun for dataquality_pipeline_v3 to None, run_after=None
[2022-07-29 02:48:19,348] {processor.py:161} INFO - Processing /opt/airflow/dags/dataquality_pipeline_v3.py took 1.508 seconds
[2022-07-29 02:48:50,186] {processor.py:153} INFO - Started process (PID=4591) to work on /opt/airflow/dags/dataquality_pipeline_v3.py
[2022-07-29 02:48:50,187] {processor.py:641} INFO - Processing file /opt/airflow/dags/dataquality_pipeline_v3.py for tasks to queue
[2022-07-29 02:48:50,188] {logging_mixin.py:115} INFO - [2022-07-29 02:48:50,188] {dagbag.py:508} INFO - Filling up the DagBag from /opt/airflow/dags/dataquality_pipeline_v3.py
[2022-07-29 02:48:51,166] {processor.py:651} INFO - DAG(s) dict_keys(['dataquality_pipeline_v3']) retrieved from /opt/airflow/dags/dataquality_pipeline_v3.py
[2022-07-29 02:48:51,265] {logging_mixin.py:115} INFO - [2022-07-29 02:48:51,264] {dag.py:2420} INFO - Sync 1 DAGs
[2022-07-29 02:48:51,356] {logging_mixin.py:115} INFO - [2022-07-29 02:48:51,356] {dag.py:2972} INFO - Setting next_dagrun for dataquality_pipeline_v3 to None, run_after=None
[2022-07-29 02:48:51,391] {processor.py:161} INFO - Processing /opt/airflow/dags/dataquality_pipeline_v3.py took 1.210 seconds
[2022-07-29 02:49:21,700] {processor.py:153} INFO - Started process (PID=4665) to work on /opt/airflow/dags/dataquality_pipeline_v3.py
[2022-07-29 02:49:21,701] {processor.py:641} INFO - Processing file /opt/airflow/dags/dataquality_pipeline_v3.py for tasks to queue
[2022-07-29 02:49:21,701] {logging_mixin.py:115} INFO - [2022-07-29 02:49:21,701] {dagbag.py:508} INFO - Filling up the DagBag from /opt/airflow/dags/dataquality_pipeline_v3.py
[2022-07-29 02:49:22,610] {processor.py:651} INFO - DAG(s) dict_keys(['dataquality_pipeline_v3']) retrieved from /opt/airflow/dags/dataquality_pipeline_v3.py
[2022-07-29 02:49:22,671] {logging_mixin.py:115} INFO - [2022-07-29 02:49:22,671] {dag.py:2420} INFO - Sync 1 DAGs
[2022-07-29 02:49:22,719] {logging_mixin.py:115} INFO - [2022-07-29 02:49:22,719] {dag.py:2972} INFO - Setting next_dagrun for dataquality_pipeline_v3 to None, run_after=None
[2022-07-29 02:49:22,756] {processor.py:161} INFO - Processing /opt/airflow/dags/dataquality_pipeline_v3.py took 1.061 seconds
[2022-07-29 02:49:52,888] {processor.py:153} INFO - Started process (PID=4747) to work on /opt/airflow/dags/dataquality_pipeline_v3.py
[2022-07-29 02:49:52,889] {processor.py:641} INFO - Processing file /opt/airflow/dags/dataquality_pipeline_v3.py for tasks to queue
[2022-07-29 02:49:52,890] {logging_mixin.py:115} INFO - [2022-07-29 02:49:52,890] {dagbag.py:508} INFO - Filling up the DagBag from /opt/airflow/dags/dataquality_pipeline_v3.py
[2022-07-29 02:49:53,505] {processor.py:651} INFO - DAG(s) dict_keys(['dataquality_pipeline_v3']) retrieved from /opt/airflow/dags/dataquality_pipeline_v3.py
[2022-07-29 02:49:53,539] {logging_mixin.py:115} INFO - [2022-07-29 02:49:53,539] {dag.py:2420} INFO - Sync 1 DAGs
[2022-07-29 02:49:53,566] {logging_mixin.py:115} INFO - [2022-07-29 02:49:53,566] {dag.py:2972} INFO - Setting next_dagrun for dataquality_pipeline_v3 to None, run_after=None
[2022-07-29 02:49:53,580] {processor.py:161} INFO - Processing /opt/airflow/dags/dataquality_pipeline_v3.py took 0.697 seconds
[2022-07-29 02:50:24,289] {processor.py:153} INFO - Started process (PID=4820) to work on /opt/airflow/dags/dataquality_pipeline_v3.py
[2022-07-29 02:50:24,290] {processor.py:641} INFO - Processing file /opt/airflow/dags/dataquality_pipeline_v3.py for tasks to queue
[2022-07-29 02:50:24,292] {logging_mixin.py:115} INFO - [2022-07-29 02:50:24,292] {dagbag.py:508} INFO - Filling up the DagBag from /opt/airflow/dags/dataquality_pipeline_v3.py
[2022-07-29 02:50:25,347] {processor.py:651} INFO - DAG(s) dict_keys(['dataquality_pipeline_v3']) retrieved from /opt/airflow/dags/dataquality_pipeline_v3.py
[2022-07-29 02:50:25,489] {logging_mixin.py:115} INFO - [2022-07-29 02:50:25,488] {dag.py:2420} INFO - Sync 1 DAGs
[2022-07-29 02:50:25,546] {logging_mixin.py:115} INFO - [2022-07-29 02:50:25,546] {dag.py:2972} INFO - Setting next_dagrun for dataquality_pipeline_v3 to None, run_after=None
[2022-07-29 02:50:25,579] {processor.py:161} INFO - Processing /opt/airflow/dags/dataquality_pipeline_v3.py took 1.298 seconds
[2022-07-29 02:50:56,412] {processor.py:153} INFO - Started process (PID=4903) to work on /opt/airflow/dags/dataquality_pipeline_v3.py
[2022-07-29 02:50:56,413] {processor.py:641} INFO - Processing file /opt/airflow/dags/dataquality_pipeline_v3.py for tasks to queue
[2022-07-29 02:50:56,414] {logging_mixin.py:115} INFO - [2022-07-29 02:50:56,413] {dagbag.py:508} INFO - Filling up the DagBag from /opt/airflow/dags/dataquality_pipeline_v3.py
[2022-07-29 02:50:57,166] {processor.py:651} INFO - DAG(s) dict_keys(['dataquality_pipeline_v3']) retrieved from /opt/airflow/dags/dataquality_pipeline_v3.py
[2022-07-29 02:50:57,201] {logging_mixin.py:115} INFO - [2022-07-29 02:50:57,200] {dag.py:2420} INFO - Sync 1 DAGs
[2022-07-29 02:50:57,227] {logging_mixin.py:115} INFO - [2022-07-29 02:50:57,227] {dag.py:2972} INFO - Setting next_dagrun for dataquality_pipeline_v3 to None, run_after=None
[2022-07-29 02:50:57,240] {processor.py:161} INFO - Processing /opt/airflow/dags/dataquality_pipeline_v3.py took 0.836 seconds
[2022-07-29 02:51:27,406] {processor.py:153} INFO - Started process (PID=4978) to work on /opt/airflow/dags/dataquality_pipeline_v3.py
[2022-07-29 02:51:27,411] {processor.py:641} INFO - Processing file /opt/airflow/dags/dataquality_pipeline_v3.py for tasks to queue
[2022-07-29 02:51:27,411] {logging_mixin.py:115} INFO - [2022-07-29 02:51:27,411] {dagbag.py:508} INFO - Filling up the DagBag from /opt/airflow/dags/dataquality_pipeline_v3.py
[2022-07-29 02:51:28,377] {processor.py:651} INFO - DAG(s) dict_keys(['dataquality_pipeline_v3']) retrieved from /opt/airflow/dags/dataquality_pipeline_v3.py
[2022-07-29 02:51:28,425] {logging_mixin.py:115} INFO - [2022-07-29 02:51:28,425] {dag.py:2420} INFO - Sync 1 DAGs
[2022-07-29 02:51:28,469] {logging_mixin.py:115} INFO - [2022-07-29 02:51:28,469] {dag.py:2972} INFO - Setting next_dagrun for dataquality_pipeline_v3 to None, run_after=None
[2022-07-29 02:51:28,488] {processor.py:161} INFO - Processing /opt/airflow/dags/dataquality_pipeline_v3.py took 1.097 seconds
[2022-07-29 02:51:59,332] {processor.py:153} INFO - Started process (PID=5060) to work on /opt/airflow/dags/dataquality_pipeline_v3.py
[2022-07-29 02:51:59,333] {processor.py:641} INFO - Processing file /opt/airflow/dags/dataquality_pipeline_v3.py for tasks to queue
[2022-07-29 02:51:59,334] {logging_mixin.py:115} INFO - [2022-07-29 02:51:59,333] {dagbag.py:508} INFO - Filling up the DagBag from /opt/airflow/dags/dataquality_pipeline_v3.py
[2022-07-29 02:52:00,487] {processor.py:651} INFO - DAG(s) dict_keys(['dataquality_pipeline_v3']) retrieved from /opt/airflow/dags/dataquality_pipeline_v3.py
[2022-07-29 02:52:00,543] {logging_mixin.py:115} INFO - [2022-07-29 02:52:00,543] {dag.py:2420} INFO - Sync 1 DAGs
[2022-07-29 02:52:00,585] {logging_mixin.py:115} INFO - [2022-07-29 02:52:00,585] {dag.py:2972} INFO - Setting next_dagrun for dataquality_pipeline_v3 to None, run_after=None
[2022-07-29 02:52:00,620] {processor.py:161} INFO - Processing /opt/airflow/dags/dataquality_pipeline_v3.py took 1.295 seconds
[2022-07-29 02:52:30,918] {processor.py:153} INFO - Started process (PID=5136) to work on /opt/airflow/dags/dataquality_pipeline_v3.py
[2022-07-29 02:52:30,919] {processor.py:641} INFO - Processing file /opt/airflow/dags/dataquality_pipeline_v3.py for tasks to queue
[2022-07-29 02:52:30,920] {logging_mixin.py:115} INFO - [2022-07-29 02:52:30,920] {dagbag.py:508} INFO - Filling up the DagBag from /opt/airflow/dags/dataquality_pipeline_v3.py
[2022-07-29 02:52:31,808] {processor.py:651} INFO - DAG(s) dict_keys(['dataquality_pipeline_v3']) retrieved from /opt/airflow/dags/dataquality_pipeline_v3.py
[2022-07-29 02:52:31,858] {logging_mixin.py:115} INFO - [2022-07-29 02:52:31,858] {dag.py:2420} INFO - Sync 1 DAGs
[2022-07-29 02:52:31,899] {logging_mixin.py:115} INFO - [2022-07-29 02:52:31,899] {dag.py:2972} INFO - Setting next_dagrun for dataquality_pipeline_v3 to None, run_after=None
[2022-07-29 02:52:31,921] {processor.py:161} INFO - Processing /opt/airflow/dags/dataquality_pipeline_v3.py took 1.008 seconds
[2022-07-29 02:53:02,611] {processor.py:153} INFO - Started process (PID=5218) to work on /opt/airflow/dags/dataquality_pipeline_v3.py
[2022-07-29 02:53:02,612] {processor.py:641} INFO - Processing file /opt/airflow/dags/dataquality_pipeline_v3.py for tasks to queue
[2022-07-29 02:53:02,613] {logging_mixin.py:115} INFO - [2022-07-29 02:53:02,612] {dagbag.py:508} INFO - Filling up the DagBag from /opt/airflow/dags/dataquality_pipeline_v3.py
[2022-07-29 02:53:03,610] {processor.py:651} INFO - DAG(s) dict_keys(['dataquality_pipeline_v3']) retrieved from /opt/airflow/dags/dataquality_pipeline_v3.py
[2022-07-29 02:53:03,661] {logging_mixin.py:115} INFO - [2022-07-29 02:53:03,661] {dag.py:2420} INFO - Sync 1 DAGs
[2022-07-29 02:53:03,699] {logging_mixin.py:115} INFO - [2022-07-29 02:53:03,699] {dag.py:2972} INFO - Setting next_dagrun for dataquality_pipeline_v3 to None, run_after=None
[2022-07-29 02:53:03,718] {processor.py:161} INFO - Processing /opt/airflow/dags/dataquality_pipeline_v3.py took 1.114 seconds
[2022-07-29 02:53:34,019] {processor.py:153} INFO - Started process (PID=5292) to work on /opt/airflow/dags/dataquality_pipeline_v3.py
[2022-07-29 02:53:34,028] {processor.py:641} INFO - Processing file /opt/airflow/dags/dataquality_pipeline_v3.py for tasks to queue
[2022-07-29 02:53:34,029] {logging_mixin.py:115} INFO - [2022-07-29 02:53:34,029] {dagbag.py:508} INFO - Filling up the DagBag from /opt/airflow/dags/dataquality_pipeline_v3.py
[2022-07-29 02:53:36,380] {processor.py:651} INFO - DAG(s) dict_keys(['dataquality_pipeline_v3']) retrieved from /opt/airflow/dags/dataquality_pipeline_v3.py
[2022-07-29 02:53:36,429] {logging_mixin.py:115} INFO - [2022-07-29 02:53:36,428] {dag.py:2420} INFO - Sync 1 DAGs
[2022-07-29 02:53:36,468] {logging_mixin.py:115} INFO - [2022-07-29 02:53:36,468] {dag.py:2972} INFO - Setting next_dagrun for dataquality_pipeline_v3 to None, run_after=None
[2022-07-29 02:53:36,488] {processor.py:161} INFO - Processing /opt/airflow/dags/dataquality_pipeline_v3.py took 2.476 seconds
[2022-07-29 02:54:06,717] {processor.py:153} INFO - Started process (PID=5374) to work on /opt/airflow/dags/dataquality_pipeline_v3.py
[2022-07-29 02:54:06,717] {processor.py:641} INFO - Processing file /opt/airflow/dags/dataquality_pipeline_v3.py for tasks to queue
[2022-07-29 02:54:06,718] {logging_mixin.py:115} INFO - [2022-07-29 02:54:06,718] {dagbag.py:508} INFO - Filling up the DagBag from /opt/airflow/dags/dataquality_pipeline_v3.py
[2022-07-29 02:54:07,696] {processor.py:651} INFO - DAG(s) dict_keys(['dataquality_pipeline_v3']) retrieved from /opt/airflow/dags/dataquality_pipeline_v3.py
[2022-07-29 02:54:07,747] {logging_mixin.py:115} INFO - [2022-07-29 02:54:07,747] {dag.py:2420} INFO - Sync 1 DAGs
[2022-07-29 02:54:07,785] {logging_mixin.py:115} INFO - [2022-07-29 02:54:07,785] {dag.py:2972} INFO - Setting next_dagrun for dataquality_pipeline_v3 to None, run_after=None
[2022-07-29 02:54:07,804] {processor.py:161} INFO - Processing /opt/airflow/dags/dataquality_pipeline_v3.py took 1.094 seconds
[2022-07-29 02:54:38,140] {processor.py:153} INFO - Started process (PID=5451) to work on /opt/airflow/dags/dataquality_pipeline_v3.py
[2022-07-29 02:54:38,142] {processor.py:641} INFO - Processing file /opt/airflow/dags/dataquality_pipeline_v3.py for tasks to queue
[2022-07-29 02:54:38,142] {logging_mixin.py:115} INFO - [2022-07-29 02:54:38,142] {dagbag.py:508} INFO - Filling up the DagBag from /opt/airflow/dags/dataquality_pipeline_v3.py
[2022-07-29 02:54:39,096] {processor.py:651} INFO - DAG(s) dict_keys(['dataquality_pipeline_v3']) retrieved from /opt/airflow/dags/dataquality_pipeline_v3.py
[2022-07-29 02:54:39,146] {logging_mixin.py:115} INFO - [2022-07-29 02:54:39,145] {dag.py:2420} INFO - Sync 1 DAGs
[2022-07-29 02:54:39,187] {logging_mixin.py:115} INFO - [2022-07-29 02:54:39,186] {dag.py:2972} INFO - Setting next_dagrun for dataquality_pipeline_v3 to None, run_after=None
[2022-07-29 02:54:39,208] {processor.py:161} INFO - Processing /opt/airflow/dags/dataquality_pipeline_v3.py took 1.074 seconds
[2022-07-29 02:55:09,388] {processor.py:153} INFO - Started process (PID=5524) to work on /opt/airflow/dags/dataquality_pipeline_v3.py
[2022-07-29 02:55:09,392] {processor.py:641} INFO - Processing file /opt/airflow/dags/dataquality_pipeline_v3.py for tasks to queue
[2022-07-29 02:55:09,393] {logging_mixin.py:115} INFO - [2022-07-29 02:55:09,393] {dagbag.py:508} INFO - Filling up the DagBag from /opt/airflow/dags/dataquality_pipeline_v3.py
[2022-07-29 02:55:12,490] {processor.py:651} INFO - DAG(s) dict_keys(['dataquality_pipeline_v3']) retrieved from /opt/airflow/dags/dataquality_pipeline_v3.py
[2022-07-29 02:55:12,597] {logging_mixin.py:115} INFO - [2022-07-29 02:55:12,596] {dag.py:2420} INFO - Sync 1 DAGs
[2022-07-29 02:55:12,712] {logging_mixin.py:115} INFO - [2022-07-29 02:55:12,712] {dag.py:2972} INFO - Setting next_dagrun for dataquality_pipeline_v3 to None, run_after=None
[2022-07-29 02:55:12,752] {processor.py:161} INFO - Processing /opt/airflow/dags/dataquality_pipeline_v3.py took 3.383 seconds
[2022-07-29 02:55:43,235] {processor.py:153} INFO - Started process (PID=5606) to work on /opt/airflow/dags/dataquality_pipeline_v3.py
[2022-07-29 02:55:43,235] {processor.py:641} INFO - Processing file /opt/airflow/dags/dataquality_pipeline_v3.py for tasks to queue
[2022-07-29 02:55:43,236] {logging_mixin.py:115} INFO - [2022-07-29 02:55:43,236] {dagbag.py:508} INFO - Filling up the DagBag from /opt/airflow/dags/dataquality_pipeline_v3.py
[2022-07-29 02:55:43,983] {processor.py:651} INFO - DAG(s) dict_keys(['dataquality_pipeline_v3']) retrieved from /opt/airflow/dags/dataquality_pipeline_v3.py
[2022-07-29 02:55:44,020] {logging_mixin.py:115} INFO - [2022-07-29 02:55:44,019] {dag.py:2420} INFO - Sync 1 DAGs
[2022-07-29 02:55:44,046] {logging_mixin.py:115} INFO - [2022-07-29 02:55:44,046] {dag.py:2972} INFO - Setting next_dagrun for dataquality_pipeline_v3 to None, run_after=None
[2022-07-29 02:55:44,060] {processor.py:161} INFO - Processing /opt/airflow/dags/dataquality_pipeline_v3.py took 0.833 seconds
[2022-07-29 02:56:14,195] {processor.py:153} INFO - Started process (PID=5681) to work on /opt/airflow/dags/dataquality_pipeline_v3.py
[2022-07-29 02:56:14,196] {processor.py:641} INFO - Processing file /opt/airflow/dags/dataquality_pipeline_v3.py for tasks to queue
[2022-07-29 02:56:14,197] {logging_mixin.py:115} INFO - [2022-07-29 02:56:14,197] {dagbag.py:508} INFO - Filling up the DagBag from /opt/airflow/dags/dataquality_pipeline_v3.py
[2022-07-29 02:56:15,059] {processor.py:651} INFO - DAG(s) dict_keys(['dataquality_pipeline_v3']) retrieved from /opt/airflow/dags/dataquality_pipeline_v3.py
[2022-07-29 02:56:15,095] {logging_mixin.py:115} INFO - [2022-07-29 02:56:15,094] {dag.py:2420} INFO - Sync 1 DAGs
[2022-07-29 02:56:15,120] {logging_mixin.py:115} INFO - [2022-07-29 02:56:15,120] {dag.py:2972} INFO - Setting next_dagrun for dataquality_pipeline_v3 to None, run_after=None
[2022-07-29 02:56:15,134] {processor.py:161} INFO - Processing /opt/airflow/dags/dataquality_pipeline_v3.py took 0.946 seconds
[2022-07-29 02:56:45,770] {processor.py:153} INFO - Started process (PID=5762) to work on /opt/airflow/dags/dataquality_pipeline_v3.py
[2022-07-29 02:56:45,771] {processor.py:641} INFO - Processing file /opt/airflow/dags/dataquality_pipeline_v3.py for tasks to queue
[2022-07-29 02:56:45,771] {logging_mixin.py:115} INFO - [2022-07-29 02:56:45,771] {dagbag.py:508} INFO - Filling up the DagBag from /opt/airflow/dags/dataquality_pipeline_v3.py
[2022-07-29 02:56:46,839] {processor.py:651} INFO - DAG(s) dict_keys(['dataquality_pipeline_v3']) retrieved from /opt/airflow/dags/dataquality_pipeline_v3.py
[2022-07-29 02:56:46,892] {logging_mixin.py:115} INFO - [2022-07-29 02:56:46,892] {dag.py:2420} INFO - Sync 1 DAGs
[2022-07-29 02:56:46,933] {logging_mixin.py:115} INFO - [2022-07-29 02:56:46,933] {dag.py:2972} INFO - Setting next_dagrun for dataquality_pipeline_v3 to None, run_after=None
[2022-07-29 02:56:46,950] {processor.py:161} INFO - Processing /opt/airflow/dags/dataquality_pipeline_v3.py took 1.188 seconds
[2022-07-29 02:57:17,629] {processor.py:153} INFO - Started process (PID=5835) to work on /opt/airflow/dags/dataquality_pipeline_v3.py
[2022-07-29 02:57:17,630] {processor.py:641} INFO - Processing file /opt/airflow/dags/dataquality_pipeline_v3.py for tasks to queue
[2022-07-29 02:57:17,631] {logging_mixin.py:115} INFO - [2022-07-29 02:57:17,631] {dagbag.py:508} INFO - Filling up the DagBag from /opt/airflow/dags/dataquality_pipeline_v3.py
[2022-07-29 02:57:18,609] {processor.py:651} INFO - DAG(s) dict_keys(['dataquality_pipeline_v3']) retrieved from /opt/airflow/dags/dataquality_pipeline_v3.py
[2022-07-29 02:57:18,662] {logging_mixin.py:115} INFO - [2022-07-29 02:57:18,662] {dag.py:2420} INFO - Sync 1 DAGs
[2022-07-29 02:57:18,702] {logging_mixin.py:115} INFO - [2022-07-29 02:57:18,702] {dag.py:2972} INFO - Setting next_dagrun for dataquality_pipeline_v3 to None, run_after=None
[2022-07-29 02:57:18,731] {processor.py:161} INFO - Processing /opt/airflow/dags/dataquality_pipeline_v3.py took 1.109 seconds
[2022-07-29 02:57:48,857] {processor.py:153} INFO - Started process (PID=5908) to work on /opt/airflow/dags/dataquality_pipeline_v3.py
[2022-07-29 02:57:48,859] {processor.py:641} INFO - Processing file /opt/airflow/dags/dataquality_pipeline_v3.py for tasks to queue
[2022-07-29 02:57:48,859] {logging_mixin.py:115} INFO - [2022-07-29 02:57:48,859] {dagbag.py:508} INFO - Filling up the DagBag from /opt/airflow/dags/dataquality_pipeline_v3.py
[2022-07-29 02:57:50,142] {processor.py:651} INFO - DAG(s) dict_keys(['dataquality_pipeline_v3']) retrieved from /opt/airflow/dags/dataquality_pipeline_v3.py
[2022-07-29 02:57:50,238] {logging_mixin.py:115} INFO - [2022-07-29 02:57:50,238] {dag.py:2420} INFO - Sync 1 DAGs
[2022-07-29 02:57:50,279] {logging_mixin.py:115} INFO - [2022-07-29 02:57:50,279] {dag.py:2972} INFO - Setting next_dagrun for dataquality_pipeline_v3 to None, run_after=None
[2022-07-29 02:57:50,303] {processor.py:161} INFO - Processing /opt/airflow/dags/dataquality_pipeline_v3.py took 1.452 seconds
