[2022-07-29 02:16:57,211] {processor.py:153} INFO - Started process (PID=48) to work on /opt/airflow/dags/dataquality_pipeline_v4.py
[2022-07-29 02:16:57,224] {processor.py:641} INFO - Processing file /opt/airflow/dags/dataquality_pipeline_v4.py for tasks to queue
[2022-07-29 02:16:57,225] {logging_mixin.py:115} INFO - [2022-07-29 02:16:57,224] {dagbag.py:508} INFO - Filling up the DagBag from /opt/airflow/dags/dataquality_pipeline_v4.py
[2022-07-29 02:17:01,205] {processor.py:651} INFO - DAG(s) dict_keys(['dataquality_pipeline_v4']) retrieved from /opt/airflow/dags/dataquality_pipeline_v4.py
[2022-07-29 02:17:01,306] {logging_mixin.py:115} INFO - [2022-07-29 02:17:01,306] {dag.py:2420} INFO - Sync 1 DAGs
[2022-07-29 02:17:01,456] {logging_mixin.py:115} INFO - [2022-07-29 02:17:01,456] {dag.py:2972} INFO - Setting next_dagrun for dataquality_pipeline_v4 to None, run_after=None
[2022-07-29 02:17:01,528] {processor.py:161} INFO - Processing /opt/airflow/dags/dataquality_pipeline_v4.py took 4.331 seconds
[2022-07-29 02:17:37,121] {processor.py:153} INFO - Started process (PID=119) to work on /opt/airflow/dags/dataquality_pipeline_v4.py
[2022-07-29 02:17:37,122] {processor.py:641} INFO - Processing file /opt/airflow/dags/dataquality_pipeline_v4.py for tasks to queue
[2022-07-29 02:17:37,123] {logging_mixin.py:115} INFO - [2022-07-29 02:17:37,123] {dagbag.py:508} INFO - Filling up the DagBag from /opt/airflow/dags/dataquality_pipeline_v4.py
[2022-07-29 02:17:38,337] {processor.py:651} INFO - DAG(s) dict_keys(['dataquality_pipeline_v4']) retrieved from /opt/airflow/dags/dataquality_pipeline_v4.py
[2022-07-29 02:17:38,380] {logging_mixin.py:115} INFO - [2022-07-29 02:17:38,379] {dag.py:2420} INFO - Sync 1 DAGs
[2022-07-29 02:17:38,415] {logging_mixin.py:115} INFO - [2022-07-29 02:17:38,415] {dag.py:2972} INFO - Setting next_dagrun for dataquality_pipeline_v4 to None, run_after=None
[2022-07-29 02:17:38,431] {processor.py:161} INFO - Processing /opt/airflow/dags/dataquality_pipeline_v4.py took 1.316 seconds
[2022-07-29 02:18:09,949] {processor.py:153} INFO - Started process (PID=200) to work on /opt/airflow/dags/dataquality_pipeline_v4.py
[2022-07-29 02:18:09,951] {processor.py:641} INFO - Processing file /opt/airflow/dags/dataquality_pipeline_v4.py for tasks to queue
[2022-07-29 02:18:09,954] {logging_mixin.py:115} INFO - [2022-07-29 02:18:09,954] {dagbag.py:508} INFO - Filling up the DagBag from /opt/airflow/dags/dataquality_pipeline_v4.py
[2022-07-29 02:18:13,083] {processor.py:651} INFO - DAG(s) dict_keys(['dataquality_pipeline_v4']) retrieved from /opt/airflow/dags/dataquality_pipeline_v4.py
[2022-07-29 02:18:13,125] {logging_mixin.py:115} INFO - [2022-07-29 02:18:13,125] {dag.py:2420} INFO - Sync 1 DAGs
[2022-07-29 02:18:13,161] {logging_mixin.py:115} INFO - [2022-07-29 02:18:13,161] {dag.py:2972} INFO - Setting next_dagrun for dataquality_pipeline_v4 to None, run_after=None
[2022-07-29 02:18:13,178] {processor.py:161} INFO - Processing /opt/airflow/dags/dataquality_pipeline_v4.py took 3.241 seconds
[2022-07-29 02:18:43,690] {processor.py:153} INFO - Started process (PID=274) to work on /opt/airflow/dags/dataquality_pipeline_v4.py
[2022-07-29 02:18:43,696] {processor.py:641} INFO - Processing file /opt/airflow/dags/dataquality_pipeline_v4.py for tasks to queue
[2022-07-29 02:18:43,697] {logging_mixin.py:115} INFO - [2022-07-29 02:18:43,697] {dagbag.py:508} INFO - Filling up the DagBag from /opt/airflow/dags/dataquality_pipeline_v4.py
[2022-07-29 02:18:46,127] {processor.py:651} INFO - DAG(s) dict_keys(['dataquality_pipeline_v4']) retrieved from /opt/airflow/dags/dataquality_pipeline_v4.py
[2022-07-29 02:18:46,176] {logging_mixin.py:115} INFO - [2022-07-29 02:18:46,176] {dag.py:2420} INFO - Sync 1 DAGs
[2022-07-29 02:18:46,210] {logging_mixin.py:115} INFO - [2022-07-29 02:18:46,210] {dag.py:2972} INFO - Setting next_dagrun for dataquality_pipeline_v4 to None, run_after=None
[2022-07-29 02:18:46,226] {processor.py:161} INFO - Processing /opt/airflow/dags/dataquality_pipeline_v4.py took 2.546 seconds
[2022-07-29 02:19:16,726] {processor.py:153} INFO - Started process (PID=347) to work on /opt/airflow/dags/dataquality_pipeline_v4.py
[2022-07-29 02:19:16,727] {processor.py:641} INFO - Processing file /opt/airflow/dags/dataquality_pipeline_v4.py for tasks to queue
[2022-07-29 02:19:16,728] {logging_mixin.py:115} INFO - [2022-07-29 02:19:16,728] {dagbag.py:508} INFO - Filling up the DagBag from /opt/airflow/dags/dataquality_pipeline_v4.py
[2022-07-29 02:19:17,882] {processor.py:651} INFO - DAG(s) dict_keys(['dataquality_pipeline_v4']) retrieved from /opt/airflow/dags/dataquality_pipeline_v4.py
[2022-07-29 02:19:17,937] {logging_mixin.py:115} INFO - [2022-07-29 02:19:17,937] {dag.py:2420} INFO - Sync 1 DAGs
[2022-07-29 02:19:18,036] {logging_mixin.py:115} INFO - [2022-07-29 02:19:18,036] {dag.py:2972} INFO - Setting next_dagrun for dataquality_pipeline_v4 to None, run_after=None
[2022-07-29 02:19:18,062] {processor.py:161} INFO - Processing /opt/airflow/dags/dataquality_pipeline_v4.py took 1.343 seconds
[2022-07-29 02:19:48,152] {processor.py:153} INFO - Started process (PID=430) to work on /opt/airflow/dags/dataquality_pipeline_v4.py
[2022-07-29 02:19:48,153] {processor.py:641} INFO - Processing file /opt/airflow/dags/dataquality_pipeline_v4.py for tasks to queue
[2022-07-29 02:19:48,154] {logging_mixin.py:115} INFO - [2022-07-29 02:19:48,154] {dagbag.py:508} INFO - Filling up the DagBag from /opt/airflow/dags/dataquality_pipeline_v4.py
[2022-07-29 02:19:50,524] {processor.py:651} INFO - DAG(s) dict_keys(['dataquality_pipeline_v4']) retrieved from /opt/airflow/dags/dataquality_pipeline_v4.py
[2022-07-29 02:19:50,661] {logging_mixin.py:115} INFO - [2022-07-29 02:19:50,660] {dag.py:2420} INFO - Sync 1 DAGs
[2022-07-29 02:19:50,749] {logging_mixin.py:115} INFO - [2022-07-29 02:19:50,749] {dag.py:2972} INFO - Setting next_dagrun for dataquality_pipeline_v4 to None, run_after=None
[2022-07-29 02:19:50,776] {processor.py:161} INFO - Processing /opt/airflow/dags/dataquality_pipeline_v4.py took 2.631 seconds
[2022-07-29 02:20:21,233] {processor.py:153} INFO - Started process (PID=503) to work on /opt/airflow/dags/dataquality_pipeline_v4.py
[2022-07-29 02:20:21,234] {processor.py:641} INFO - Processing file /opt/airflow/dags/dataquality_pipeline_v4.py for tasks to queue
[2022-07-29 02:20:21,235] {logging_mixin.py:115} INFO - [2022-07-29 02:20:21,235] {dagbag.py:508} INFO - Filling up the DagBag from /opt/airflow/dags/dataquality_pipeline_v4.py
[2022-07-29 02:20:22,656] {processor.py:651} INFO - DAG(s) dict_keys(['dataquality_pipeline_v4']) retrieved from /opt/airflow/dags/dataquality_pipeline_v4.py
[2022-07-29 02:20:22,739] {logging_mixin.py:115} INFO - [2022-07-29 02:20:22,739] {dag.py:2420} INFO - Sync 1 DAGs
[2022-07-29 02:20:22,819] {logging_mixin.py:115} INFO - [2022-07-29 02:20:22,819] {dag.py:2972} INFO - Setting next_dagrun for dataquality_pipeline_v4 to None, run_after=None
[2022-07-29 02:20:22,864] {processor.py:161} INFO - Processing /opt/airflow/dags/dataquality_pipeline_v4.py took 1.638 seconds
[2022-07-29 02:20:53,266] {processor.py:153} INFO - Started process (PID=586) to work on /opt/airflow/dags/dataquality_pipeline_v4.py
[2022-07-29 02:20:53,267] {processor.py:641} INFO - Processing file /opt/airflow/dags/dataquality_pipeline_v4.py for tasks to queue
[2022-07-29 02:20:53,268] {logging_mixin.py:115} INFO - [2022-07-29 02:20:53,268] {dagbag.py:508} INFO - Filling up the DagBag from /opt/airflow/dags/dataquality_pipeline_v4.py
[2022-07-29 02:20:55,245] {processor.py:651} INFO - DAG(s) dict_keys(['dataquality_pipeline_v4']) retrieved from /opt/airflow/dags/dataquality_pipeline_v4.py
[2022-07-29 02:20:55,326] {logging_mixin.py:115} INFO - [2022-07-29 02:20:55,325] {dag.py:2420} INFO - Sync 1 DAGs
[2022-07-29 02:20:55,398] {logging_mixin.py:115} INFO - [2022-07-29 02:20:55,398] {dag.py:2972} INFO - Setting next_dagrun for dataquality_pipeline_v4 to None, run_after=None
[2022-07-29 02:20:55,458] {processor.py:161} INFO - Processing /opt/airflow/dags/dataquality_pipeline_v4.py took 2.199 seconds
[2022-07-29 02:21:25,702] {processor.py:153} INFO - Started process (PID=659) to work on /opt/airflow/dags/dataquality_pipeline_v4.py
[2022-07-29 02:21:25,703] {processor.py:641} INFO - Processing file /opt/airflow/dags/dataquality_pipeline_v4.py for tasks to queue
[2022-07-29 02:21:25,704] {logging_mixin.py:115} INFO - [2022-07-29 02:21:25,704] {dagbag.py:508} INFO - Filling up the DagBag from /opt/airflow/dags/dataquality_pipeline_v4.py
[2022-07-29 02:21:27,064] {processor.py:651} INFO - DAG(s) dict_keys(['dataquality_pipeline_v4']) retrieved from /opt/airflow/dags/dataquality_pipeline_v4.py
[2022-07-29 02:21:27,117] {logging_mixin.py:115} INFO - [2022-07-29 02:21:27,117] {dag.py:2420} INFO - Sync 1 DAGs
[2022-07-29 02:21:27,152] {logging_mixin.py:115} INFO - [2022-07-29 02:21:27,152] {dag.py:2972} INFO - Setting next_dagrun for dataquality_pipeline_v4 to None, run_after=None
[2022-07-29 02:21:27,182] {processor.py:161} INFO - Processing /opt/airflow/dags/dataquality_pipeline_v4.py took 1.486 seconds
[2022-07-29 02:21:58,181] {processor.py:153} INFO - Started process (PID=741) to work on /opt/airflow/dags/dataquality_pipeline_v4.py
[2022-07-29 02:21:58,182] {processor.py:641} INFO - Processing file /opt/airflow/dags/dataquality_pipeline_v4.py for tasks to queue
[2022-07-29 02:21:58,183] {logging_mixin.py:115} INFO - [2022-07-29 02:21:58,183] {dagbag.py:508} INFO - Filling up the DagBag from /opt/airflow/dags/dataquality_pipeline_v4.py
[2022-07-29 02:21:59,416] {processor.py:651} INFO - DAG(s) dict_keys(['dataquality_pipeline_v4']) retrieved from /opt/airflow/dags/dataquality_pipeline_v4.py
[2022-07-29 02:21:59,452] {logging_mixin.py:115} INFO - [2022-07-29 02:21:59,452] {dag.py:2420} INFO - Sync 1 DAGs
[2022-07-29 02:21:59,475] {logging_mixin.py:115} INFO - [2022-07-29 02:21:59,475] {dag.py:2972} INFO - Setting next_dagrun for dataquality_pipeline_v4 to None, run_after=None
[2022-07-29 02:21:59,487] {processor.py:161} INFO - Processing /opt/airflow/dags/dataquality_pipeline_v4.py took 1.312 seconds
[2022-07-29 02:22:30,182] {processor.py:153} INFO - Started process (PID=814) to work on /opt/airflow/dags/dataquality_pipeline_v4.py
[2022-07-29 02:22:30,183] {processor.py:641} INFO - Processing file /opt/airflow/dags/dataquality_pipeline_v4.py for tasks to queue
[2022-07-29 02:22:30,184] {logging_mixin.py:115} INFO - [2022-07-29 02:22:30,184] {dagbag.py:508} INFO - Filling up the DagBag from /opt/airflow/dags/dataquality_pipeline_v4.py
[2022-07-29 02:22:31,395] {processor.py:651} INFO - DAG(s) dict_keys(['dataquality_pipeline_v4']) retrieved from /opt/airflow/dags/dataquality_pipeline_v4.py
[2022-07-29 02:22:31,432] {logging_mixin.py:115} INFO - [2022-07-29 02:22:31,432] {dag.py:2420} INFO - Sync 1 DAGs
[2022-07-29 02:22:31,461] {logging_mixin.py:115} INFO - [2022-07-29 02:22:31,461] {dag.py:2972} INFO - Setting next_dagrun for dataquality_pipeline_v4 to None, run_after=None
[2022-07-29 02:22:31,475] {processor.py:161} INFO - Processing /opt/airflow/dags/dataquality_pipeline_v4.py took 1.300 seconds
[2022-07-29 02:23:01,735] {processor.py:153} INFO - Started process (PID=887) to work on /opt/airflow/dags/dataquality_pipeline_v4.py
[2022-07-29 02:23:01,736] {processor.py:641} INFO - Processing file /opt/airflow/dags/dataquality_pipeline_v4.py for tasks to queue
[2022-07-29 02:23:01,737] {logging_mixin.py:115} INFO - [2022-07-29 02:23:01,737] {dagbag.py:508} INFO - Filling up the DagBag from /opt/airflow/dags/dataquality_pipeline_v4.py
[2022-07-29 02:23:03,977] {processor.py:651} INFO - DAG(s) dict_keys(['dataquality_pipeline_v4']) retrieved from /opt/airflow/dags/dataquality_pipeline_v4.py
[2022-07-29 02:23:04,019] {logging_mixin.py:115} INFO - [2022-07-29 02:23:04,019] {dag.py:2420} INFO - Sync 1 DAGs
[2022-07-29 02:23:04,055] {logging_mixin.py:115} INFO - [2022-07-29 02:23:04,055] {dag.py:2972} INFO - Setting next_dagrun for dataquality_pipeline_v4 to None, run_after=None
[2022-07-29 02:23:04,082] {processor.py:161} INFO - Processing /opt/airflow/dags/dataquality_pipeline_v4.py took 2.369 seconds
[2022-07-29 02:23:34,266] {processor.py:153} INFO - Started process (PID=969) to work on /opt/airflow/dags/dataquality_pipeline_v4.py
[2022-07-29 02:23:34,287] {processor.py:641} INFO - Processing file /opt/airflow/dags/dataquality_pipeline_v4.py for tasks to queue
[2022-07-29 02:23:34,288] {logging_mixin.py:115} INFO - [2022-07-29 02:23:34,287] {dagbag.py:508} INFO - Filling up the DagBag from /opt/airflow/dags/dataquality_pipeline_v4.py
[2022-07-29 02:23:36,792] {processor.py:651} INFO - DAG(s) dict_keys(['dataquality_pipeline_v4']) retrieved from /opt/airflow/dags/dataquality_pipeline_v4.py
[2022-07-29 02:23:36,900] {logging_mixin.py:115} INFO - [2022-07-29 02:23:36,899] {dag.py:2420} INFO - Sync 1 DAGs
[2022-07-29 02:23:36,946] {logging_mixin.py:115} INFO - [2022-07-29 02:23:36,946] {dag.py:2972} INFO - Setting next_dagrun for dataquality_pipeline_v4 to None, run_after=None
[2022-07-29 02:23:36,974] {processor.py:161} INFO - Processing /opt/airflow/dags/dataquality_pipeline_v4.py took 2.727 seconds
[2022-07-29 02:24:07,315] {processor.py:153} INFO - Started process (PID=1042) to work on /opt/airflow/dags/dataquality_pipeline_v4.py
[2022-07-29 02:24:07,320] {processor.py:641} INFO - Processing file /opt/airflow/dags/dataquality_pipeline_v4.py for tasks to queue
[2022-07-29 02:24:07,320] {logging_mixin.py:115} INFO - [2022-07-29 02:24:07,320] {dagbag.py:508} INFO - Filling up the DagBag from /opt/airflow/dags/dataquality_pipeline_v4.py
[2022-07-29 02:24:08,813] {processor.py:651} INFO - DAG(s) dict_keys(['dataquality_pipeline_v4']) retrieved from /opt/airflow/dags/dataquality_pipeline_v4.py
[2022-07-29 02:24:08,858] {logging_mixin.py:115} INFO - [2022-07-29 02:24:08,857] {dag.py:2420} INFO - Sync 1 DAGs
[2022-07-29 02:24:08,895] {logging_mixin.py:115} INFO - [2022-07-29 02:24:08,895] {dag.py:2972} INFO - Setting next_dagrun for dataquality_pipeline_v4 to None, run_after=None
[2022-07-29 02:24:08,915] {processor.py:161} INFO - Processing /opt/airflow/dags/dataquality_pipeline_v4.py took 1.607 seconds
[2022-07-29 02:24:39,001] {processor.py:153} INFO - Started process (PID=1123) to work on /opt/airflow/dags/dataquality_pipeline_v4.py
[2022-07-29 02:24:39,002] {processor.py:641} INFO - Processing file /opt/airflow/dags/dataquality_pipeline_v4.py for tasks to queue
[2022-07-29 02:24:39,003] {logging_mixin.py:115} INFO - [2022-07-29 02:24:39,003] {dagbag.py:508} INFO - Filling up the DagBag from /opt/airflow/dags/dataquality_pipeline_v4.py
[2022-07-29 02:24:40,211] {processor.py:651} INFO - DAG(s) dict_keys(['dataquality_pipeline_v4']) retrieved from /opt/airflow/dags/dataquality_pipeline_v4.py
[2022-07-29 02:24:40,254] {logging_mixin.py:115} INFO - [2022-07-29 02:24:40,254] {dag.py:2420} INFO - Sync 1 DAGs
[2022-07-29 02:24:40,290] {logging_mixin.py:115} INFO - [2022-07-29 02:24:40,290] {dag.py:2972} INFO - Setting next_dagrun for dataquality_pipeline_v4 to None, run_after=None
[2022-07-29 02:24:40,308] {processor.py:161} INFO - Processing /opt/airflow/dags/dataquality_pipeline_v4.py took 1.313 seconds
[2022-07-29 02:25:10,765] {processor.py:153} INFO - Started process (PID=1195) to work on /opt/airflow/dags/dataquality_pipeline_v4.py
[2022-07-29 02:25:10,776] {processor.py:641} INFO - Processing file /opt/airflow/dags/dataquality_pipeline_v4.py for tasks to queue
[2022-07-29 02:25:10,777] {logging_mixin.py:115} INFO - [2022-07-29 02:25:10,777] {dagbag.py:508} INFO - Filling up the DagBag from /opt/airflow/dags/dataquality_pipeline_v4.py
[2022-07-29 02:25:11,617] {processor.py:651} INFO - DAG(s) dict_keys(['dataquality_pipeline_v4']) retrieved from /opt/airflow/dags/dataquality_pipeline_v4.py
[2022-07-29 02:25:11,645] {logging_mixin.py:115} INFO - [2022-07-29 02:25:11,645] {dag.py:2420} INFO - Sync 1 DAGs
[2022-07-29 02:25:11,678] {logging_mixin.py:115} INFO - [2022-07-29 02:25:11,678] {dag.py:2972} INFO - Setting next_dagrun for dataquality_pipeline_v4 to None, run_after=None
[2022-07-29 02:25:11,694] {processor.py:161} INFO - Processing /opt/airflow/dags/dataquality_pipeline_v4.py took 0.943 seconds
[2022-07-29 02:25:41,775] {processor.py:153} INFO - Started process (PID=1268) to work on /opt/airflow/dags/dataquality_pipeline_v4.py
[2022-07-29 02:25:41,776] {processor.py:641} INFO - Processing file /opt/airflow/dags/dataquality_pipeline_v4.py for tasks to queue
[2022-07-29 02:25:41,777] {logging_mixin.py:115} INFO - [2022-07-29 02:25:41,777] {dagbag.py:508} INFO - Filling up the DagBag from /opt/airflow/dags/dataquality_pipeline_v4.py
[2022-07-29 02:25:43,057] {processor.py:651} INFO - DAG(s) dict_keys(['dataquality_pipeline_v4']) retrieved from /opt/airflow/dags/dataquality_pipeline_v4.py
[2022-07-29 02:25:43,101] {logging_mixin.py:115} INFO - [2022-07-29 02:25:43,100] {dag.py:2420} INFO - Sync 1 DAGs
[2022-07-29 02:25:43,136] {logging_mixin.py:115} INFO - [2022-07-29 02:25:43,136] {dag.py:2972} INFO - Setting next_dagrun for dataquality_pipeline_v4 to None, run_after=None
[2022-07-29 02:25:43,154] {processor.py:161} INFO - Processing /opt/airflow/dags/dataquality_pipeline_v4.py took 1.385 seconds
[2022-07-29 02:26:13,199] {processor.py:153} INFO - Started process (PID=1350) to work on /opt/airflow/dags/dataquality_pipeline_v4.py
[2022-07-29 02:26:13,200] {processor.py:641} INFO - Processing file /opt/airflow/dags/dataquality_pipeline_v4.py for tasks to queue
[2022-07-29 02:26:13,200] {logging_mixin.py:115} INFO - [2022-07-29 02:26:13,200] {dagbag.py:508} INFO - Filling up the DagBag from /opt/airflow/dags/dataquality_pipeline_v4.py
[2022-07-29 02:26:14,531] {processor.py:651} INFO - DAG(s) dict_keys(['dataquality_pipeline_v4']) retrieved from /opt/airflow/dags/dataquality_pipeline_v4.py
[2022-07-29 02:26:14,574] {logging_mixin.py:115} INFO - [2022-07-29 02:26:14,574] {dag.py:2420} INFO - Sync 1 DAGs
[2022-07-29 02:26:14,622] {logging_mixin.py:115} INFO - [2022-07-29 02:26:14,622] {dag.py:2972} INFO - Setting next_dagrun for dataquality_pipeline_v4 to None, run_after=None
[2022-07-29 02:26:14,827] {processor.py:161} INFO - Processing /opt/airflow/dags/dataquality_pipeline_v4.py took 1.635 seconds
[2022-07-29 02:26:44,883] {processor.py:153} INFO - Started process (PID=1423) to work on /opt/airflow/dags/dataquality_pipeline_v4.py
[2022-07-29 02:26:44,884] {processor.py:641} INFO - Processing file /opt/airflow/dags/dataquality_pipeline_v4.py for tasks to queue
[2022-07-29 02:26:44,885] {logging_mixin.py:115} INFO - [2022-07-29 02:26:44,884] {dagbag.py:508} INFO - Filling up the DagBag from /opt/airflow/dags/dataquality_pipeline_v4.py
[2022-07-29 02:26:45,649] {processor.py:651} INFO - DAG(s) dict_keys(['dataquality_pipeline_v4']) retrieved from /opt/airflow/dags/dataquality_pipeline_v4.py
[2022-07-29 02:26:45,682] {logging_mixin.py:115} INFO - [2022-07-29 02:26:45,681] {dag.py:2420} INFO - Sync 1 DAGs
[2022-07-29 02:26:45,734] {logging_mixin.py:115} INFO - [2022-07-29 02:26:45,734] {dag.py:2972} INFO - Setting next_dagrun for dataquality_pipeline_v4 to None, run_after=None
[2022-07-29 02:26:45,749] {processor.py:161} INFO - Processing /opt/airflow/dags/dataquality_pipeline_v4.py took 0.871 seconds
[2022-07-29 02:27:16,438] {processor.py:153} INFO - Started process (PID=1505) to work on /opt/airflow/dags/dataquality_pipeline_v4.py
[2022-07-29 02:27:16,439] {processor.py:641} INFO - Processing file /opt/airflow/dags/dataquality_pipeline_v4.py for tasks to queue
[2022-07-29 02:27:16,440] {logging_mixin.py:115} INFO - [2022-07-29 02:27:16,440] {dagbag.py:508} INFO - Filling up the DagBag from /opt/airflow/dags/dataquality_pipeline_v4.py
[2022-07-29 02:27:17,521] {processor.py:651} INFO - DAG(s) dict_keys(['dataquality_pipeline_v4']) retrieved from /opt/airflow/dags/dataquality_pipeline_v4.py
[2022-07-29 02:27:17,587] {logging_mixin.py:115} INFO - [2022-07-29 02:27:17,587] {dag.py:2420} INFO - Sync 1 DAGs
[2022-07-29 02:27:17,625] {logging_mixin.py:115} INFO - [2022-07-29 02:27:17,625] {dag.py:2972} INFO - Setting next_dagrun for dataquality_pipeline_v4 to None, run_after=None
[2022-07-29 02:27:17,642] {processor.py:161} INFO - Processing /opt/airflow/dags/dataquality_pipeline_v4.py took 1.209 seconds
[2022-07-29 02:27:49,253] {processor.py:153} INFO - Started process (PID=1578) to work on /opt/airflow/dags/dataquality_pipeline_v4.py
[2022-07-29 02:27:49,254] {processor.py:641} INFO - Processing file /opt/airflow/dags/dataquality_pipeline_v4.py for tasks to queue
[2022-07-29 02:27:49,255] {logging_mixin.py:115} INFO - [2022-07-29 02:27:49,254] {dagbag.py:508} INFO - Filling up the DagBag from /opt/airflow/dags/dataquality_pipeline_v4.py
[2022-07-29 02:27:50,015] {processor.py:651} INFO - DAG(s) dict_keys(['dataquality_pipeline_v4']) retrieved from /opt/airflow/dags/dataquality_pipeline_v4.py
[2022-07-29 02:27:50,050] {logging_mixin.py:115} INFO - [2022-07-29 02:27:50,049] {dag.py:2420} INFO - Sync 1 DAGs
[2022-07-29 02:27:50,073] {logging_mixin.py:115} INFO - [2022-07-29 02:27:50,073] {dag.py:2972} INFO - Setting next_dagrun for dataquality_pipeline_v4 to None, run_after=None
[2022-07-29 02:27:50,089] {processor.py:161} INFO - Processing /opt/airflow/dags/dataquality_pipeline_v4.py took 0.843 seconds
[2022-07-29 02:28:21,327] {processor.py:153} INFO - Started process (PID=1659) to work on /opt/airflow/dags/dataquality_pipeline_v4.py
[2022-07-29 02:28:21,327] {processor.py:641} INFO - Processing file /opt/airflow/dags/dataquality_pipeline_v4.py for tasks to queue
[2022-07-29 02:28:21,328] {logging_mixin.py:115} INFO - [2022-07-29 02:28:21,328] {dagbag.py:508} INFO - Filling up the DagBag from /opt/airflow/dags/dataquality_pipeline_v4.py
[2022-07-29 02:28:22,107] {processor.py:651} INFO - DAG(s) dict_keys(['dataquality_pipeline_v4']) retrieved from /opt/airflow/dags/dataquality_pipeline_v4.py
[2022-07-29 02:28:22,134] {logging_mixin.py:115} INFO - [2022-07-29 02:28:22,134] {dag.py:2420} INFO - Sync 1 DAGs
[2022-07-29 02:28:22,161] {logging_mixin.py:115} INFO - [2022-07-29 02:28:22,161] {dag.py:2972} INFO - Setting next_dagrun for dataquality_pipeline_v4 to None, run_after=None
[2022-07-29 02:28:22,178] {processor.py:161} INFO - Processing /opt/airflow/dags/dataquality_pipeline_v4.py took 0.860 seconds
[2022-07-29 02:28:54,551] {processor.py:153} INFO - Started process (PID=1734) to work on /opt/airflow/dags/dataquality_pipeline_v4.py
[2022-07-29 02:28:54,552] {processor.py:641} INFO - Processing file /opt/airflow/dags/dataquality_pipeline_v4.py for tasks to queue
[2022-07-29 02:28:54,553] {logging_mixin.py:115} INFO - [2022-07-29 02:28:54,553] {dagbag.py:508} INFO - Filling up the DagBag from /opt/airflow/dags/dataquality_pipeline_v4.py
[2022-07-29 02:28:55,907] {processor.py:651} INFO - DAG(s) dict_keys(['dataquality_pipeline_v4']) retrieved from /opt/airflow/dags/dataquality_pipeline_v4.py
[2022-07-29 02:28:55,951] {logging_mixin.py:115} INFO - [2022-07-29 02:28:55,950] {dag.py:2420} INFO - Sync 1 DAGs
[2022-07-29 02:28:55,989] {logging_mixin.py:115} INFO - [2022-07-29 02:28:55,989] {dag.py:2972} INFO - Setting next_dagrun for dataquality_pipeline_v4 to None, run_after=None
[2022-07-29 02:28:56,014] {processor.py:161} INFO - Processing /opt/airflow/dags/dataquality_pipeline_v4.py took 1.471 seconds
[2022-07-29 02:29:26,112] {processor.py:153} INFO - Started process (PID=1817) to work on /opt/airflow/dags/dataquality_pipeline_v4.py
[2022-07-29 02:29:26,113] {processor.py:641} INFO - Processing file /opt/airflow/dags/dataquality_pipeline_v4.py for tasks to queue
[2022-07-29 02:29:26,114] {logging_mixin.py:115} INFO - [2022-07-29 02:29:26,114] {dagbag.py:508} INFO - Filling up the DagBag from /opt/airflow/dags/dataquality_pipeline_v4.py
[2022-07-29 02:29:27,313] {processor.py:651} INFO - DAG(s) dict_keys(['dataquality_pipeline_v4']) retrieved from /opt/airflow/dags/dataquality_pipeline_v4.py
[2022-07-29 02:29:27,342] {logging_mixin.py:115} INFO - [2022-07-29 02:29:27,341] {dag.py:2420} INFO - Sync 1 DAGs
[2022-07-29 02:29:27,366] {logging_mixin.py:115} INFO - [2022-07-29 02:29:27,366] {dag.py:2972} INFO - Setting next_dagrun for dataquality_pipeline_v4 to None, run_after=None
[2022-07-29 02:29:27,388] {processor.py:161} INFO - Processing /opt/airflow/dags/dataquality_pipeline_v4.py took 1.283 seconds
[2022-07-29 02:29:57,949] {processor.py:153} INFO - Started process (PID=1890) to work on /opt/airflow/dags/dataquality_pipeline_v4.py
[2022-07-29 02:29:57,950] {processor.py:641} INFO - Processing file /opt/airflow/dags/dataquality_pipeline_v4.py for tasks to queue
[2022-07-29 02:29:57,950] {logging_mixin.py:115} INFO - [2022-07-29 02:29:57,950] {dagbag.py:508} INFO - Filling up the DagBag from /opt/airflow/dags/dataquality_pipeline_v4.py
[2022-07-29 02:29:59,126] {processor.py:651} INFO - DAG(s) dict_keys(['dataquality_pipeline_v4']) retrieved from /opt/airflow/dags/dataquality_pipeline_v4.py
[2022-07-29 02:29:59,154] {logging_mixin.py:115} INFO - [2022-07-29 02:29:59,154] {dag.py:2420} INFO - Sync 1 DAGs
[2022-07-29 02:29:59,177] {logging_mixin.py:115} INFO - [2022-07-29 02:29:59,177] {dag.py:2972} INFO - Setting next_dagrun for dataquality_pipeline_v4 to None, run_after=None
[2022-07-29 02:29:59,190] {processor.py:161} INFO - Processing /opt/airflow/dags/dataquality_pipeline_v4.py took 1.248 seconds
[2022-07-29 02:30:30,678] {processor.py:153} INFO - Started process (PID=1962) to work on /opt/airflow/dags/dataquality_pipeline_v4.py
[2022-07-29 02:30:30,688] {processor.py:641} INFO - Processing file /opt/airflow/dags/dataquality_pipeline_v4.py for tasks to queue
[2022-07-29 02:30:30,689] {logging_mixin.py:115} INFO - [2022-07-29 02:30:30,689] {dagbag.py:508} INFO - Filling up the DagBag from /opt/airflow/dags/dataquality_pipeline_v4.py
[2022-07-29 02:30:32,744] {processor.py:651} INFO - DAG(s) dict_keys(['dataquality_pipeline_v4']) retrieved from /opt/airflow/dags/dataquality_pipeline_v4.py
[2022-07-29 02:30:32,791] {logging_mixin.py:115} INFO - [2022-07-29 02:30:32,791] {dag.py:2420} INFO - Sync 1 DAGs
[2022-07-29 02:30:32,829] {logging_mixin.py:115} INFO - [2022-07-29 02:30:32,829] {dag.py:2972} INFO - Setting next_dagrun for dataquality_pipeline_v4 to None, run_after=None
[2022-07-29 02:30:32,852] {processor.py:161} INFO - Processing /opt/airflow/dags/dataquality_pipeline_v4.py took 2.201 seconds
[2022-07-29 02:31:03,007] {processor.py:153} INFO - Started process (PID=2043) to work on /opt/airflow/dags/dataquality_pipeline_v4.py
[2022-07-29 02:31:03,016] {processor.py:641} INFO - Processing file /opt/airflow/dags/dataquality_pipeline_v4.py for tasks to queue
[2022-07-29 02:31:03,017] {logging_mixin.py:115} INFO - [2022-07-29 02:31:03,017] {dagbag.py:508} INFO - Filling up the DagBag from /opt/airflow/dags/dataquality_pipeline_v4.py
[2022-07-29 02:31:05,089] {processor.py:651} INFO - DAG(s) dict_keys(['dataquality_pipeline_v4']) retrieved from /opt/airflow/dags/dataquality_pipeline_v4.py
[2022-07-29 02:31:05,133] {logging_mixin.py:115} INFO - [2022-07-29 02:31:05,133] {dag.py:2420} INFO - Sync 1 DAGs
[2022-07-29 02:31:05,176] {logging_mixin.py:115} INFO - [2022-07-29 02:31:05,176] {dag.py:2972} INFO - Setting next_dagrun for dataquality_pipeline_v4 to None, run_after=None
[2022-07-29 02:31:05,193] {processor.py:161} INFO - Processing /opt/airflow/dags/dataquality_pipeline_v4.py took 2.200 seconds
[2022-07-29 02:31:35,369] {processor.py:153} INFO - Started process (PID=2117) to work on /opt/airflow/dags/dataquality_pipeline_v4.py
[2022-07-29 02:31:35,369] {processor.py:641} INFO - Processing file /opt/airflow/dags/dataquality_pipeline_v4.py for tasks to queue
[2022-07-29 02:31:35,370] {logging_mixin.py:115} INFO - [2022-07-29 02:31:35,370] {dagbag.py:508} INFO - Filling up the DagBag from /opt/airflow/dags/dataquality_pipeline_v4.py
[2022-07-29 02:31:37,151] {processor.py:651} INFO - DAG(s) dict_keys(['dataquality_pipeline_v4']) retrieved from /opt/airflow/dags/dataquality_pipeline_v4.py
[2022-07-29 02:31:37,187] {logging_mixin.py:115} INFO - [2022-07-29 02:31:37,187] {dag.py:2420} INFO - Sync 1 DAGs
[2022-07-29 02:31:37,217] {logging_mixin.py:115} INFO - [2022-07-29 02:31:37,217] {dag.py:2972} INFO - Setting next_dagrun for dataquality_pipeline_v4 to None, run_after=None
[2022-07-29 02:31:37,234] {processor.py:161} INFO - Processing /opt/airflow/dags/dataquality_pipeline_v4.py took 1.899 seconds
[2022-07-29 02:32:09,097] {processor.py:153} INFO - Started process (PID=2199) to work on /opt/airflow/dags/dataquality_pipeline_v4.py
[2022-07-29 02:32:09,098] {processor.py:641} INFO - Processing file /opt/airflow/dags/dataquality_pipeline_v4.py for tasks to queue
[2022-07-29 02:32:09,099] {logging_mixin.py:115} INFO - [2022-07-29 02:32:09,099] {dagbag.py:508} INFO - Filling up the DagBag from /opt/airflow/dags/dataquality_pipeline_v4.py
[2022-07-29 02:32:11,076] {processor.py:651} INFO - DAG(s) dict_keys(['dataquality_pipeline_v4']) retrieved from /opt/airflow/dags/dataquality_pipeline_v4.py
[2022-07-29 02:32:11,148] {logging_mixin.py:115} INFO - [2022-07-29 02:32:11,148] {dag.py:2420} INFO - Sync 1 DAGs
[2022-07-29 02:32:11,196] {logging_mixin.py:115} INFO - [2022-07-29 02:32:11,196] {dag.py:2972} INFO - Setting next_dagrun for dataquality_pipeline_v4 to None, run_after=None
[2022-07-29 02:32:11,213] {processor.py:161} INFO - Processing /opt/airflow/dags/dataquality_pipeline_v4.py took 2.131 seconds
[2022-07-29 02:32:41,487] {processor.py:153} INFO - Started process (PID=2272) to work on /opt/airflow/dags/dataquality_pipeline_v4.py
[2022-07-29 02:32:41,488] {processor.py:641} INFO - Processing file /opt/airflow/dags/dataquality_pipeline_v4.py for tasks to queue
[2022-07-29 02:32:41,489] {logging_mixin.py:115} INFO - [2022-07-29 02:32:41,488] {dagbag.py:508} INFO - Filling up the DagBag from /opt/airflow/dags/dataquality_pipeline_v4.py
[2022-07-29 02:32:42,710] {processor.py:651} INFO - DAG(s) dict_keys(['dataquality_pipeline_v4']) retrieved from /opt/airflow/dags/dataquality_pipeline_v4.py
[2022-07-29 02:32:42,761] {logging_mixin.py:115} INFO - [2022-07-29 02:32:42,761] {dag.py:2420} INFO - Sync 1 DAGs
[2022-07-29 02:32:42,797] {logging_mixin.py:115} INFO - [2022-07-29 02:32:42,797] {dag.py:2972} INFO - Setting next_dagrun for dataquality_pipeline_v4 to None, run_after=None
[2022-07-29 02:32:42,815] {processor.py:161} INFO - Processing /opt/airflow/dags/dataquality_pipeline_v4.py took 1.334 seconds
[2022-07-29 02:33:13,113] {processor.py:153} INFO - Started process (PID=2345) to work on /opt/airflow/dags/dataquality_pipeline_v4.py
[2022-07-29 02:33:13,115] {processor.py:641} INFO - Processing file /opt/airflow/dags/dataquality_pipeline_v4.py for tasks to queue
[2022-07-29 02:33:13,115] {logging_mixin.py:115} INFO - [2022-07-29 02:33:13,115] {dagbag.py:508} INFO - Filling up the DagBag from /opt/airflow/dags/dataquality_pipeline_v4.py
[2022-07-29 02:33:14,309] {processor.py:651} INFO - DAG(s) dict_keys(['dataquality_pipeline_v4']) retrieved from /opt/airflow/dags/dataquality_pipeline_v4.py
[2022-07-29 02:33:14,348] {logging_mixin.py:115} INFO - [2022-07-29 02:33:14,348] {dag.py:2420} INFO - Sync 1 DAGs
[2022-07-29 02:33:14,383] {logging_mixin.py:115} INFO - [2022-07-29 02:33:14,382] {dag.py:2972} INFO - Setting next_dagrun for dataquality_pipeline_v4 to None, run_after=None
[2022-07-29 02:33:14,406] {processor.py:161} INFO - Processing /opt/airflow/dags/dataquality_pipeline_v4.py took 1.299 seconds
[2022-07-29 02:33:46,705] {processor.py:153} INFO - Started process (PID=2428) to work on /opt/airflow/dags/dataquality_pipeline_v4.py
[2022-07-29 02:33:46,708] {processor.py:641} INFO - Processing file /opt/airflow/dags/dataquality_pipeline_v4.py for tasks to queue
[2022-07-29 02:33:46,709] {logging_mixin.py:115} INFO - [2022-07-29 02:33:46,709] {dagbag.py:508} INFO - Filling up the DagBag from /opt/airflow/dags/dataquality_pipeline_v4.py
[2022-07-29 02:33:48,694] {processor.py:651} INFO - DAG(s) dict_keys(['dataquality_pipeline_v4']) retrieved from /opt/airflow/dags/dataquality_pipeline_v4.py
[2022-07-29 02:33:48,757] {logging_mixin.py:115} INFO - [2022-07-29 02:33:48,756] {dag.py:2420} INFO - Sync 1 DAGs
[2022-07-29 02:33:48,795] {logging_mixin.py:115} INFO - [2022-07-29 02:33:48,795] {dag.py:2972} INFO - Setting next_dagrun for dataquality_pipeline_v4 to None, run_after=None
[2022-07-29 02:33:48,813] {processor.py:161} INFO - Processing /opt/airflow/dags/dataquality_pipeline_v4.py took 2.123 seconds
[2022-07-29 02:34:19,256] {processor.py:153} INFO - Started process (PID=2508) to work on /opt/airflow/dags/dataquality_pipeline_v4.py
[2022-07-29 02:34:19,264] {processor.py:641} INFO - Processing file /opt/airflow/dags/dataquality_pipeline_v4.py for tasks to queue
[2022-07-29 02:34:19,265] {logging_mixin.py:115} INFO - [2022-07-29 02:34:19,265] {dagbag.py:508} INFO - Filling up the DagBag from /opt/airflow/dags/dataquality_pipeline_v4.py
[2022-07-29 02:34:21,327] {processor.py:651} INFO - DAG(s) dict_keys(['dataquality_pipeline_v4']) retrieved from /opt/airflow/dags/dataquality_pipeline_v4.py
[2022-07-29 02:34:21,400] {logging_mixin.py:115} INFO - [2022-07-29 02:34:21,400] {dag.py:2420} INFO - Sync 1 DAGs
[2022-07-29 02:34:21,472] {logging_mixin.py:115} INFO - [2022-07-29 02:34:21,472] {dag.py:2972} INFO - Setting next_dagrun for dataquality_pipeline_v4 to None, run_after=None
[2022-07-29 02:34:21,507] {processor.py:161} INFO - Processing /opt/airflow/dags/dataquality_pipeline_v4.py took 2.270 seconds
[2022-07-29 02:34:51,949] {processor.py:153} INFO - Started process (PID=2583) to work on /opt/airflow/dags/dataquality_pipeline_v4.py
[2022-07-29 02:34:51,952] {processor.py:641} INFO - Processing file /opt/airflow/dags/dataquality_pipeline_v4.py for tasks to queue
[2022-07-29 02:34:51,953] {logging_mixin.py:115} INFO - [2022-07-29 02:34:51,953] {dagbag.py:508} INFO - Filling up the DagBag from /opt/airflow/dags/dataquality_pipeline_v4.py
[2022-07-29 02:34:53,819] {processor.py:651} INFO - DAG(s) dict_keys(['dataquality_pipeline_v4']) retrieved from /opt/airflow/dags/dataquality_pipeline_v4.py
[2022-07-29 02:34:53,881] {logging_mixin.py:115} INFO - [2022-07-29 02:34:53,880] {dag.py:2420} INFO - Sync 1 DAGs
[2022-07-29 02:34:53,917] {logging_mixin.py:115} INFO - [2022-07-29 02:34:53,917] {dag.py:2972} INFO - Setting next_dagrun for dataquality_pipeline_v4 to None, run_after=None
[2022-07-29 02:34:53,934] {processor.py:161} INFO - Processing /opt/airflow/dags/dataquality_pipeline_v4.py took 2.000 seconds
[2022-07-29 02:35:24,022] {processor.py:153} INFO - Started process (PID=2666) to work on /opt/airflow/dags/dataquality_pipeline_v4.py
[2022-07-29 02:35:24,023] {processor.py:641} INFO - Processing file /opt/airflow/dags/dataquality_pipeline_v4.py for tasks to queue
[2022-07-29 02:35:24,025] {logging_mixin.py:115} INFO - [2022-07-29 02:35:24,024] {dagbag.py:508} INFO - Filling up the DagBag from /opt/airflow/dags/dataquality_pipeline_v4.py
[2022-07-29 02:35:25,794] {processor.py:651} INFO - DAG(s) dict_keys(['dataquality_pipeline_v4']) retrieved from /opt/airflow/dags/dataquality_pipeline_v4.py
[2022-07-29 02:35:25,890] {logging_mixin.py:115} INFO - [2022-07-29 02:35:25,890] {dag.py:2420} INFO - Sync 1 DAGs
[2022-07-29 02:35:25,952] {logging_mixin.py:115} INFO - [2022-07-29 02:35:25,952] {dag.py:2972} INFO - Setting next_dagrun for dataquality_pipeline_v4 to None, run_after=None
[2022-07-29 02:35:25,980] {processor.py:161} INFO - Processing /opt/airflow/dags/dataquality_pipeline_v4.py took 1.967 seconds
[2022-07-29 02:35:56,070] {processor.py:153} INFO - Started process (PID=2739) to work on /opt/airflow/dags/dataquality_pipeline_v4.py
[2022-07-29 02:35:56,071] {processor.py:641} INFO - Processing file /opt/airflow/dags/dataquality_pipeline_v4.py for tasks to queue
[2022-07-29 02:35:56,072] {logging_mixin.py:115} INFO - [2022-07-29 02:35:56,072] {dagbag.py:508} INFO - Filling up the DagBag from /opt/airflow/dags/dataquality_pipeline_v4.py
[2022-07-29 02:35:57,426] {processor.py:651} INFO - DAG(s) dict_keys(['dataquality_pipeline_v4']) retrieved from /opt/airflow/dags/dataquality_pipeline_v4.py
[2022-07-29 02:35:57,499] {logging_mixin.py:115} INFO - [2022-07-29 02:35:57,498] {dag.py:2420} INFO - Sync 1 DAGs
[2022-07-29 02:35:57,544] {logging_mixin.py:115} INFO - [2022-07-29 02:35:57,544] {dag.py:2972} INFO - Setting next_dagrun for dataquality_pipeline_v4 to None, run_after=None
[2022-07-29 02:35:57,611] {processor.py:161} INFO - Processing /opt/airflow/dags/dataquality_pipeline_v4.py took 1.548 seconds
[2022-07-29 02:36:28,145] {processor.py:153} INFO - Started process (PID=2812) to work on /opt/airflow/dags/dataquality_pipeline_v4.py
[2022-07-29 02:36:28,146] {processor.py:641} INFO - Processing file /opt/airflow/dags/dataquality_pipeline_v4.py for tasks to queue
[2022-07-29 02:36:28,147] {logging_mixin.py:115} INFO - [2022-07-29 02:36:28,147] {dagbag.py:508} INFO - Filling up the DagBag from /opt/airflow/dags/dataquality_pipeline_v4.py
[2022-07-29 02:36:30,608] {processor.py:651} INFO - DAG(s) dict_keys(['dataquality_pipeline_v4']) retrieved from /opt/airflow/dags/dataquality_pipeline_v4.py
[2022-07-29 02:36:30,662] {logging_mixin.py:115} INFO - [2022-07-29 02:36:30,661] {dag.py:2420} INFO - Sync 1 DAGs
[2022-07-29 02:36:30,699] {logging_mixin.py:115} INFO - [2022-07-29 02:36:30,699] {dag.py:2972} INFO - Setting next_dagrun for dataquality_pipeline_v4 to None, run_after=None
[2022-07-29 02:36:30,717] {processor.py:161} INFO - Processing /opt/airflow/dags/dataquality_pipeline_v4.py took 2.594 seconds
[2022-07-29 02:37:00,874] {processor.py:153} INFO - Started process (PID=2892) to work on /opt/airflow/dags/dataquality_pipeline_v4.py
[2022-07-29 02:37:00,875] {processor.py:641} INFO - Processing file /opt/airflow/dags/dataquality_pipeline_v4.py for tasks to queue
[2022-07-29 02:37:00,876] {logging_mixin.py:115} INFO - [2022-07-29 02:37:00,876] {dagbag.py:508} INFO - Filling up the DagBag from /opt/airflow/dags/dataquality_pipeline_v4.py
[2022-07-29 02:37:02,164] {processor.py:651} INFO - DAG(s) dict_keys(['dataquality_pipeline_v4']) retrieved from /opt/airflow/dags/dataquality_pipeline_v4.py
[2022-07-29 02:37:02,205] {logging_mixin.py:115} INFO - [2022-07-29 02:37:02,204] {dag.py:2420} INFO - Sync 1 DAGs
[2022-07-29 02:37:02,228] {logging_mixin.py:115} INFO - [2022-07-29 02:37:02,228] {dag.py:2972} INFO - Setting next_dagrun for dataquality_pipeline_v4 to None, run_after=None
[2022-07-29 02:37:02,240] {processor.py:161} INFO - Processing /opt/airflow/dags/dataquality_pipeline_v4.py took 1.373 seconds
[2022-07-29 02:37:32,693] {processor.py:153} INFO - Started process (PID=2964) to work on /opt/airflow/dags/dataquality_pipeline_v4.py
[2022-07-29 02:37:32,694] {processor.py:641} INFO - Processing file /opt/airflow/dags/dataquality_pipeline_v4.py for tasks to queue
[2022-07-29 02:37:32,695] {logging_mixin.py:115} INFO - [2022-07-29 02:37:32,695] {dagbag.py:508} INFO - Filling up the DagBag from /opt/airflow/dags/dataquality_pipeline_v4.py
[2022-07-29 02:37:33,976] {processor.py:651} INFO - DAG(s) dict_keys(['dataquality_pipeline_v4']) retrieved from /opt/airflow/dags/dataquality_pipeline_v4.py
[2022-07-29 02:37:34,061] {logging_mixin.py:115} INFO - [2022-07-29 02:37:34,060] {dag.py:2420} INFO - Sync 1 DAGs
[2022-07-29 02:37:34,129] {logging_mixin.py:115} INFO - [2022-07-29 02:37:34,129] {dag.py:2972} INFO - Setting next_dagrun for dataquality_pipeline_v4 to None, run_after=None
[2022-07-29 02:37:34,147] {processor.py:161} INFO - Processing /opt/airflow/dags/dataquality_pipeline_v4.py took 1.461 seconds
[2022-07-29 02:38:04,434] {processor.py:153} INFO - Started process (PID=3044) to work on /opt/airflow/dags/dataquality_pipeline_v4.py
[2022-07-29 02:38:04,436] {processor.py:641} INFO - Processing file /opt/airflow/dags/dataquality_pipeline_v4.py for tasks to queue
[2022-07-29 02:38:04,437] {logging_mixin.py:115} INFO - [2022-07-29 02:38:04,437] {dagbag.py:508} INFO - Filling up the DagBag from /opt/airflow/dags/dataquality_pipeline_v4.py
[2022-07-29 02:38:06,372] {processor.py:651} INFO - DAG(s) dict_keys(['dataquality_pipeline_v4']) retrieved from /opt/airflow/dags/dataquality_pipeline_v4.py
[2022-07-29 02:38:06,416] {logging_mixin.py:115} INFO - [2022-07-29 02:38:06,415] {dag.py:2420} INFO - Sync 1 DAGs
[2022-07-29 02:38:06,452] {logging_mixin.py:115} INFO - [2022-07-29 02:38:06,452] {dag.py:2972} INFO - Setting next_dagrun for dataquality_pipeline_v4 to None, run_after=None
[2022-07-29 02:38:06,469] {processor.py:161} INFO - Processing /opt/airflow/dags/dataquality_pipeline_v4.py took 2.056 seconds
[2022-07-29 02:38:36,666] {processor.py:153} INFO - Started process (PID=3120) to work on /opt/airflow/dags/dataquality_pipeline_v4.py
[2022-07-29 02:38:36,667] {processor.py:641} INFO - Processing file /opt/airflow/dags/dataquality_pipeline_v4.py for tasks to queue
[2022-07-29 02:38:36,667] {logging_mixin.py:115} INFO - [2022-07-29 02:38:36,667] {dagbag.py:508} INFO - Filling up the DagBag from /opt/airflow/dags/dataquality_pipeline_v4.py
[2022-07-29 02:38:37,984] {processor.py:651} INFO - DAG(s) dict_keys(['dataquality_pipeline_v4']) retrieved from /opt/airflow/dags/dataquality_pipeline_v4.py
[2022-07-29 02:38:38,018] {logging_mixin.py:115} INFO - [2022-07-29 02:38:38,017] {dag.py:2420} INFO - Sync 1 DAGs
[2022-07-29 02:38:38,041] {logging_mixin.py:115} INFO - [2022-07-29 02:38:38,041] {dag.py:2972} INFO - Setting next_dagrun for dataquality_pipeline_v4 to None, run_after=None
[2022-07-29 02:38:38,054] {processor.py:161} INFO - Processing /opt/airflow/dags/dataquality_pipeline_v4.py took 1.396 seconds
[2022-07-29 02:39:08,893] {processor.py:153} INFO - Started process (PID=3192) to work on /opt/airflow/dags/dataquality_pipeline_v4.py
[2022-07-29 02:39:08,896] {processor.py:641} INFO - Processing file /opt/airflow/dags/dataquality_pipeline_v4.py for tasks to queue
[2022-07-29 02:39:08,897] {logging_mixin.py:115} INFO - [2022-07-29 02:39:08,897] {dagbag.py:508} INFO - Filling up the DagBag from /opt/airflow/dags/dataquality_pipeline_v4.py
[2022-07-29 02:39:10,257] {processor.py:651} INFO - DAG(s) dict_keys(['dataquality_pipeline_v4']) retrieved from /opt/airflow/dags/dataquality_pipeline_v4.py
[2022-07-29 02:39:10,305] {logging_mixin.py:115} INFO - [2022-07-29 02:39:10,304] {dag.py:2420} INFO - Sync 1 DAGs
[2022-07-29 02:39:10,340] {logging_mixin.py:115} INFO - [2022-07-29 02:39:10,339] {dag.py:2972} INFO - Setting next_dagrun for dataquality_pipeline_v4 to None, run_after=None
[2022-07-29 02:39:10,354] {processor.py:161} INFO - Processing /opt/airflow/dags/dataquality_pipeline_v4.py took 1.468 seconds
[2022-07-29 02:39:41,237] {processor.py:153} INFO - Started process (PID=3274) to work on /opt/airflow/dags/dataquality_pipeline_v4.py
[2022-07-29 02:39:41,238] {processor.py:641} INFO - Processing file /opt/airflow/dags/dataquality_pipeline_v4.py for tasks to queue
[2022-07-29 02:39:41,239] {logging_mixin.py:115} INFO - [2022-07-29 02:39:41,238] {dagbag.py:508} INFO - Filling up the DagBag from /opt/airflow/dags/dataquality_pipeline_v4.py
[2022-07-29 02:39:43,619] {processor.py:651} INFO - DAG(s) dict_keys(['dataquality_pipeline_v4']) retrieved from /opt/airflow/dags/dataquality_pipeline_v4.py
[2022-07-29 02:39:43,667] {logging_mixin.py:115} INFO - [2022-07-29 02:39:43,666] {dag.py:2420} INFO - Sync 1 DAGs
[2022-07-29 02:39:43,706] {logging_mixin.py:115} INFO - [2022-07-29 02:39:43,706] {dag.py:2972} INFO - Setting next_dagrun for dataquality_pipeline_v4 to None, run_after=None
[2022-07-29 02:39:43,731] {processor.py:161} INFO - Processing /opt/airflow/dags/dataquality_pipeline_v4.py took 2.500 seconds
[2022-07-29 02:40:14,176] {processor.py:153} INFO - Started process (PID=3347) to work on /opt/airflow/dags/dataquality_pipeline_v4.py
[2022-07-29 02:40:14,177] {processor.py:641} INFO - Processing file /opt/airflow/dags/dataquality_pipeline_v4.py for tasks to queue
[2022-07-29 02:40:14,178] {logging_mixin.py:115} INFO - [2022-07-29 02:40:14,178] {dagbag.py:508} INFO - Filling up the DagBag from /opt/airflow/dags/dataquality_pipeline_v4.py
[2022-07-29 02:40:15,374] {processor.py:651} INFO - DAG(s) dict_keys(['dataquality_pipeline_v4']) retrieved from /opt/airflow/dags/dataquality_pipeline_v4.py
[2022-07-29 02:40:15,418] {logging_mixin.py:115} INFO - [2022-07-29 02:40:15,417] {dag.py:2420} INFO - Sync 1 DAGs
[2022-07-29 02:40:15,450] {logging_mixin.py:115} INFO - [2022-07-29 02:40:15,450] {dag.py:2972} INFO - Setting next_dagrun for dataquality_pipeline_v4 to None, run_after=None
[2022-07-29 02:40:15,466] {processor.py:161} INFO - Processing /opt/airflow/dags/dataquality_pipeline_v4.py took 1.301 seconds
[2022-07-29 02:40:46,063] {processor.py:153} INFO - Started process (PID=3428) to work on /opt/airflow/dags/dataquality_pipeline_v4.py
[2022-07-29 02:40:46,064] {processor.py:641} INFO - Processing file /opt/airflow/dags/dataquality_pipeline_v4.py for tasks to queue
[2022-07-29 02:40:46,065] {logging_mixin.py:115} INFO - [2022-07-29 02:40:46,065] {dagbag.py:508} INFO - Filling up the DagBag from /opt/airflow/dags/dataquality_pipeline_v4.py
[2022-07-29 02:40:47,259] {processor.py:651} INFO - DAG(s) dict_keys(['dataquality_pipeline_v4']) retrieved from /opt/airflow/dags/dataquality_pipeline_v4.py
[2022-07-29 02:40:47,301] {logging_mixin.py:115} INFO - [2022-07-29 02:40:47,301] {dag.py:2420} INFO - Sync 1 DAGs
[2022-07-29 02:40:47,333] {logging_mixin.py:115} INFO - [2022-07-29 02:40:47,333] {dag.py:2972} INFO - Setting next_dagrun for dataquality_pipeline_v4 to None, run_after=None
[2022-07-29 02:40:47,350] {processor.py:161} INFO - Processing /opt/airflow/dags/dataquality_pipeline_v4.py took 1.294 seconds
[2022-07-29 02:41:18,353] {processor.py:153} INFO - Started process (PID=3502) to work on /opt/airflow/dags/dataquality_pipeline_v4.py
[2022-07-29 02:41:18,354] {processor.py:641} INFO - Processing file /opt/airflow/dags/dataquality_pipeline_v4.py for tasks to queue
[2022-07-29 02:41:18,355] {logging_mixin.py:115} INFO - [2022-07-29 02:41:18,355] {dagbag.py:508} INFO - Filling up the DagBag from /opt/airflow/dags/dataquality_pipeline_v4.py
[2022-07-29 02:41:21,017] {processor.py:651} INFO - DAG(s) dict_keys(['dataquality_pipeline_v4']) retrieved from /opt/airflow/dags/dataquality_pipeline_v4.py
[2022-07-29 02:41:21,066] {logging_mixin.py:115} INFO - [2022-07-29 02:41:21,066] {dag.py:2420} INFO - Sync 1 DAGs
[2022-07-29 02:41:21,104] {logging_mixin.py:115} INFO - [2022-07-29 02:41:21,104] {dag.py:2972} INFO - Setting next_dagrun for dataquality_pipeline_v4 to None, run_after=None
[2022-07-29 02:41:21,144] {processor.py:161} INFO - Processing /opt/airflow/dags/dataquality_pipeline_v4.py took 2.818 seconds
[2022-07-29 02:41:51,275] {processor.py:153} INFO - Started process (PID=3584) to work on /opt/airflow/dags/dataquality_pipeline_v4.py
[2022-07-29 02:41:51,276] {processor.py:641} INFO - Processing file /opt/airflow/dags/dataquality_pipeline_v4.py for tasks to queue
[2022-07-29 02:41:51,277] {logging_mixin.py:115} INFO - [2022-07-29 02:41:51,277] {dagbag.py:508} INFO - Filling up the DagBag from /opt/airflow/dags/dataquality_pipeline_v4.py
[2022-07-29 02:41:52,449] {processor.py:651} INFO - DAG(s) dict_keys(['dataquality_pipeline_v4']) retrieved from /opt/airflow/dags/dataquality_pipeline_v4.py
[2022-07-29 02:41:52,478] {logging_mixin.py:115} INFO - [2022-07-29 02:41:52,478] {dag.py:2420} INFO - Sync 1 DAGs
[2022-07-29 02:41:52,502] {logging_mixin.py:115} INFO - [2022-07-29 02:41:52,502] {dag.py:2972} INFO - Setting next_dagrun for dataquality_pipeline_v4 to None, run_after=None
[2022-07-29 02:41:52,515] {processor.py:161} INFO - Processing /opt/airflow/dags/dataquality_pipeline_v4.py took 1.247 seconds
[2022-07-29 02:42:22,641] {processor.py:153} INFO - Started process (PID=3659) to work on /opt/airflow/dags/dataquality_pipeline_v4.py
[2022-07-29 02:42:22,642] {processor.py:641} INFO - Processing file /opt/airflow/dags/dataquality_pipeline_v4.py for tasks to queue
[2022-07-29 02:42:22,643] {logging_mixin.py:115} INFO - [2022-07-29 02:42:22,642] {dagbag.py:508} INFO - Filling up the DagBag from /opt/airflow/dags/dataquality_pipeline_v4.py
[2022-07-29 02:42:23,499] {processor.py:651} INFO - DAG(s) dict_keys(['dataquality_pipeline_v4']) retrieved from /opt/airflow/dags/dataquality_pipeline_v4.py
[2022-07-29 02:42:23,528] {logging_mixin.py:115} INFO - [2022-07-29 02:42:23,528] {dag.py:2420} INFO - Sync 1 DAGs
[2022-07-29 02:42:23,551] {logging_mixin.py:115} INFO - [2022-07-29 02:42:23,551] {dag.py:2972} INFO - Setting next_dagrun for dataquality_pipeline_v4 to None, run_after=None
[2022-07-29 02:42:23,564] {processor.py:161} INFO - Processing /opt/airflow/dags/dataquality_pipeline_v4.py took 0.929 seconds
[2022-07-29 02:42:54,908] {processor.py:153} INFO - Started process (PID=3731) to work on /opt/airflow/dags/dataquality_pipeline_v4.py
[2022-07-29 02:42:54,912] {processor.py:641} INFO - Processing file /opt/airflow/dags/dataquality_pipeline_v4.py for tasks to queue
[2022-07-29 02:42:54,913] {logging_mixin.py:115} INFO - [2022-07-29 02:42:54,913] {dagbag.py:508} INFO - Filling up the DagBag from /opt/airflow/dags/dataquality_pipeline_v4.py
[2022-07-29 02:42:56,951] {processor.py:651} INFO - DAG(s) dict_keys(['dataquality_pipeline_v4']) retrieved from /opt/airflow/dags/dataquality_pipeline_v4.py
[2022-07-29 02:42:57,005] {logging_mixin.py:115} INFO - [2022-07-29 02:42:57,005] {dag.py:2420} INFO - Sync 1 DAGs
[2022-07-29 02:42:57,044] {logging_mixin.py:115} INFO - [2022-07-29 02:42:57,044] {dag.py:2972} INFO - Setting next_dagrun for dataquality_pipeline_v4 to None, run_after=None
[2022-07-29 02:42:57,061] {processor.py:161} INFO - Processing /opt/airflow/dags/dataquality_pipeline_v4.py took 2.168 seconds
[2022-07-29 02:43:27,538] {processor.py:153} INFO - Started process (PID=3812) to work on /opt/airflow/dags/dataquality_pipeline_v4.py
[2022-07-29 02:43:27,539] {processor.py:641} INFO - Processing file /opt/airflow/dags/dataquality_pipeline_v4.py for tasks to queue
[2022-07-29 02:43:27,539] {logging_mixin.py:115} INFO - [2022-07-29 02:43:27,539] {dagbag.py:508} INFO - Filling up the DagBag from /opt/airflow/dags/dataquality_pipeline_v4.py
[2022-07-29 02:43:28,281] {processor.py:651} INFO - DAG(s) dict_keys(['dataquality_pipeline_v4']) retrieved from /opt/airflow/dags/dataquality_pipeline_v4.py
[2022-07-29 02:43:28,310] {logging_mixin.py:115} INFO - [2022-07-29 02:43:28,310] {dag.py:2420} INFO - Sync 1 DAGs
[2022-07-29 02:43:28,333] {logging_mixin.py:115} INFO - [2022-07-29 02:43:28,332] {dag.py:2972} INFO - Setting next_dagrun for dataquality_pipeline_v4 to None, run_after=None
[2022-07-29 02:43:28,350] {processor.py:161} INFO - Processing /opt/airflow/dags/dataquality_pipeline_v4.py took 0.817 seconds
[2022-07-29 02:43:58,598] {processor.py:153} INFO - Started process (PID=3885) to work on /opt/airflow/dags/dataquality_pipeline_v4.py
[2022-07-29 02:43:58,599] {processor.py:641} INFO - Processing file /opt/airflow/dags/dataquality_pipeline_v4.py for tasks to queue
[2022-07-29 02:43:58,600] {logging_mixin.py:115} INFO - [2022-07-29 02:43:58,600] {dagbag.py:508} INFO - Filling up the DagBag from /opt/airflow/dags/dataquality_pipeline_v4.py
[2022-07-29 02:43:59,366] {processor.py:651} INFO - DAG(s) dict_keys(['dataquality_pipeline_v4']) retrieved from /opt/airflow/dags/dataquality_pipeline_v4.py
[2022-07-29 02:43:59,394] {logging_mixin.py:115} INFO - [2022-07-29 02:43:59,394] {dag.py:2420} INFO - Sync 1 DAGs
[2022-07-29 02:43:59,417] {logging_mixin.py:115} INFO - [2022-07-29 02:43:59,417] {dag.py:2972} INFO - Setting next_dagrun for dataquality_pipeline_v4 to None, run_after=None
[2022-07-29 02:43:59,429] {processor.py:161} INFO - Processing /opt/airflow/dags/dataquality_pipeline_v4.py took 0.836 seconds
[2022-07-29 02:44:29,630] {processor.py:153} INFO - Started process (PID=3958) to work on /opt/airflow/dags/dataquality_pipeline_v4.py
[2022-07-29 02:44:29,631] {processor.py:641} INFO - Processing file /opt/airflow/dags/dataquality_pipeline_v4.py for tasks to queue
[2022-07-29 02:44:29,640] {logging_mixin.py:115} INFO - [2022-07-29 02:44:29,640] {dagbag.py:508} INFO - Filling up the DagBag from /opt/airflow/dags/dataquality_pipeline_v4.py
[2022-07-29 02:44:31,084] {processor.py:651} INFO - DAG(s) dict_keys(['dataquality_pipeline_v4']) retrieved from /opt/airflow/dags/dataquality_pipeline_v4.py
[2022-07-29 02:44:31,131] {logging_mixin.py:115} INFO - [2022-07-29 02:44:31,131] {dag.py:2420} INFO - Sync 1 DAGs
[2022-07-29 02:44:31,164] {logging_mixin.py:115} INFO - [2022-07-29 02:44:31,164] {dag.py:2972} INFO - Setting next_dagrun for dataquality_pipeline_v4 to None, run_after=None
[2022-07-29 02:44:31,186] {processor.py:161} INFO - Processing /opt/airflow/dags/dataquality_pipeline_v4.py took 1.571 seconds
[2022-07-29 02:45:02,006] {processor.py:153} INFO - Started process (PID=4041) to work on /opt/airflow/dags/dataquality_pipeline_v4.py
[2022-07-29 02:45:02,006] {processor.py:641} INFO - Processing file /opt/airflow/dags/dataquality_pipeline_v4.py for tasks to queue
[2022-07-29 02:45:02,007] {logging_mixin.py:115} INFO - [2022-07-29 02:45:02,007] {dagbag.py:508} INFO - Filling up the DagBag from /opt/airflow/dags/dataquality_pipeline_v4.py
[2022-07-29 02:45:03,245] {processor.py:651} INFO - DAG(s) dict_keys(['dataquality_pipeline_v4']) retrieved from /opt/airflow/dags/dataquality_pipeline_v4.py
[2022-07-29 02:45:03,289] {logging_mixin.py:115} INFO - [2022-07-29 02:45:03,289] {dag.py:2420} INFO - Sync 1 DAGs
[2022-07-29 02:45:03,327] {logging_mixin.py:115} INFO - [2022-07-29 02:45:03,327] {dag.py:2972} INFO - Setting next_dagrun for dataquality_pipeline_v4 to None, run_after=None
[2022-07-29 02:45:03,347] {processor.py:161} INFO - Processing /opt/airflow/dags/dataquality_pipeline_v4.py took 1.356 seconds
[2022-07-29 02:45:33,564] {processor.py:153} INFO - Started process (PID=4114) to work on /opt/airflow/dags/dataquality_pipeline_v4.py
[2022-07-29 02:45:33,565] {processor.py:641} INFO - Processing file /opt/airflow/dags/dataquality_pipeline_v4.py for tasks to queue
[2022-07-29 02:45:33,566] {logging_mixin.py:115} INFO - [2022-07-29 02:45:33,566] {dagbag.py:508} INFO - Filling up the DagBag from /opt/airflow/dags/dataquality_pipeline_v4.py
[2022-07-29 02:45:34,926] {processor.py:651} INFO - DAG(s) dict_keys(['dataquality_pipeline_v4']) retrieved from /opt/airflow/dags/dataquality_pipeline_v4.py
[2022-07-29 02:45:35,011] {logging_mixin.py:115} INFO - [2022-07-29 02:45:35,011] {dag.py:2420} INFO - Sync 1 DAGs
[2022-07-29 02:45:35,076] {logging_mixin.py:115} INFO - [2022-07-29 02:45:35,076] {dag.py:2972} INFO - Setting next_dagrun for dataquality_pipeline_v4 to None, run_after=None
[2022-07-29 02:45:35,112] {processor.py:161} INFO - Processing /opt/airflow/dags/dataquality_pipeline_v4.py took 1.556 seconds
[2022-07-29 02:46:05,854] {processor.py:153} INFO - Started process (PID=4193) to work on /opt/airflow/dags/dataquality_pipeline_v4.py
[2022-07-29 02:46:05,855] {processor.py:641} INFO - Processing file /opt/airflow/dags/dataquality_pipeline_v4.py for tasks to queue
[2022-07-29 02:46:05,868] {logging_mixin.py:115} INFO - [2022-07-29 02:46:05,855] {dagbag.py:508} INFO - Filling up the DagBag from /opt/airflow/dags/dataquality_pipeline_v4.py
[2022-07-29 02:46:08,179] {processor.py:651} INFO - DAG(s) dict_keys(['dataquality_pipeline_v4']) retrieved from /opt/airflow/dags/dataquality_pipeline_v4.py
[2022-07-29 02:46:08,231] {logging_mixin.py:115} INFO - [2022-07-29 02:46:08,231] {dag.py:2420} INFO - Sync 1 DAGs
[2022-07-29 02:46:08,279] {logging_mixin.py:115} INFO - [2022-07-29 02:46:08,279] {dag.py:2972} INFO - Setting next_dagrun for dataquality_pipeline_v4 to None, run_after=None
[2022-07-29 02:46:08,307] {processor.py:161} INFO - Processing /opt/airflow/dags/dataquality_pipeline_v4.py took 2.476 seconds
[2022-07-29 02:46:38,497] {processor.py:153} INFO - Started process (PID=4270) to work on /opt/airflow/dags/dataquality_pipeline_v4.py
[2022-07-29 02:46:38,497] {processor.py:641} INFO - Processing file /opt/airflow/dags/dataquality_pipeline_v4.py for tasks to queue
[2022-07-29 02:46:38,498] {logging_mixin.py:115} INFO - [2022-07-29 02:46:38,498] {dagbag.py:508} INFO - Filling up the DagBag from /opt/airflow/dags/dataquality_pipeline_v4.py
[2022-07-29 02:46:39,577] {processor.py:651} INFO - DAG(s) dict_keys(['dataquality_pipeline_v4']) retrieved from /opt/airflow/dags/dataquality_pipeline_v4.py
[2022-07-29 02:46:39,621] {logging_mixin.py:115} INFO - [2022-07-29 02:46:39,620] {dag.py:2420} INFO - Sync 1 DAGs
[2022-07-29 02:46:39,659] {logging_mixin.py:115} INFO - [2022-07-29 02:46:39,659] {dag.py:2972} INFO - Setting next_dagrun for dataquality_pipeline_v4 to None, run_after=None
[2022-07-29 02:46:39,674] {processor.py:161} INFO - Processing /opt/airflow/dags/dataquality_pipeline_v4.py took 1.185 seconds
[2022-07-29 02:47:10,009] {processor.py:153} INFO - Started process (PID=4344) to work on /opt/airflow/dags/dataquality_pipeline_v4.py
[2022-07-29 02:47:10,010] {processor.py:641} INFO - Processing file /opt/airflow/dags/dataquality_pipeline_v4.py for tasks to queue
[2022-07-29 02:47:10,011] {logging_mixin.py:115} INFO - [2022-07-29 02:47:10,011] {dagbag.py:508} INFO - Filling up the DagBag from /opt/airflow/dags/dataquality_pipeline_v4.py
[2022-07-29 02:47:10,711] {processor.py:651} INFO - DAG(s) dict_keys(['dataquality_pipeline_v4']) retrieved from /opt/airflow/dags/dataquality_pipeline_v4.py
[2022-07-29 02:47:10,746] {logging_mixin.py:115} INFO - [2022-07-29 02:47:10,746] {dag.py:2420} INFO - Sync 1 DAGs
[2022-07-29 02:47:10,772] {logging_mixin.py:115} INFO - [2022-07-29 02:47:10,771] {dag.py:2972} INFO - Setting next_dagrun for dataquality_pipeline_v4 to None, run_after=None
[2022-07-29 02:47:10,794] {processor.py:161} INFO - Processing /opt/airflow/dags/dataquality_pipeline_v4.py took 0.793 seconds
[2022-07-29 02:47:40,937] {processor.py:153} INFO - Started process (PID=4427) to work on /opt/airflow/dags/dataquality_pipeline_v4.py
[2022-07-29 02:47:40,937] {processor.py:641} INFO - Processing file /opt/airflow/dags/dataquality_pipeline_v4.py for tasks to queue
[2022-07-29 02:47:40,938] {logging_mixin.py:115} INFO - [2022-07-29 02:47:40,938] {dagbag.py:508} INFO - Filling up the DagBag from /opt/airflow/dags/dataquality_pipeline_v4.py
[2022-07-29 02:47:41,625] {processor.py:651} INFO - DAG(s) dict_keys(['dataquality_pipeline_v4']) retrieved from /opt/airflow/dags/dataquality_pipeline_v4.py
[2022-07-29 02:47:41,661] {logging_mixin.py:115} INFO - [2022-07-29 02:47:41,661] {dag.py:2420} INFO - Sync 1 DAGs
[2022-07-29 02:47:41,687] {logging_mixin.py:115} INFO - [2022-07-29 02:47:41,686] {dag.py:2972} INFO - Setting next_dagrun for dataquality_pipeline_v4 to None, run_after=None
[2022-07-29 02:47:41,755] {processor.py:161} INFO - Processing /opt/airflow/dags/dataquality_pipeline_v4.py took 0.825 seconds
[2022-07-29 02:48:12,129] {processor.py:153} INFO - Started process (PID=4501) to work on /opt/airflow/dags/dataquality_pipeline_v4.py
[2022-07-29 02:48:12,129] {processor.py:641} INFO - Processing file /opt/airflow/dags/dataquality_pipeline_v4.py for tasks to queue
[2022-07-29 02:48:12,130] {logging_mixin.py:115} INFO - [2022-07-29 02:48:12,130] {dagbag.py:508} INFO - Filling up the DagBag from /opt/airflow/dags/dataquality_pipeline_v4.py
[2022-07-29 02:48:12,722] {processor.py:651} INFO - DAG(s) dict_keys(['dataquality_pipeline_v4']) retrieved from /opt/airflow/dags/dataquality_pipeline_v4.py
[2022-07-29 02:48:12,758] {logging_mixin.py:115} INFO - [2022-07-29 02:48:12,757] {dag.py:2420} INFO - Sync 1 DAGs
[2022-07-29 02:48:12,784] {logging_mixin.py:115} INFO - [2022-07-29 02:48:12,784] {dag.py:2972} INFO - Setting next_dagrun for dataquality_pipeline_v4 to None, run_after=None
[2022-07-29 02:48:12,800] {processor.py:161} INFO - Processing /opt/airflow/dags/dataquality_pipeline_v4.py took 0.676 seconds
[2022-07-29 02:48:43,154] {processor.py:153} INFO - Started process (PID=4583) to work on /opt/airflow/dags/dataquality_pipeline_v4.py
[2022-07-29 02:48:43,154] {processor.py:641} INFO - Processing file /opt/airflow/dags/dataquality_pipeline_v4.py for tasks to queue
[2022-07-29 02:48:43,155] {logging_mixin.py:115} INFO - [2022-07-29 02:48:43,155] {dagbag.py:508} INFO - Filling up the DagBag from /opt/airflow/dags/dataquality_pipeline_v4.py
[2022-07-29 02:48:44,038] {processor.py:651} INFO - DAG(s) dict_keys(['dataquality_pipeline_v4']) retrieved from /opt/airflow/dags/dataquality_pipeline_v4.py
[2022-07-29 02:48:44,083] {logging_mixin.py:115} INFO - [2022-07-29 02:48:44,083] {dag.py:2420} INFO - Sync 1 DAGs
[2022-07-29 02:48:44,109] {logging_mixin.py:115} INFO - [2022-07-29 02:48:44,109] {dag.py:2972} INFO - Setting next_dagrun for dataquality_pipeline_v4 to None, run_after=None
[2022-07-29 02:48:44,127] {processor.py:161} INFO - Processing /opt/airflow/dags/dataquality_pipeline_v4.py took 0.983 seconds
[2022-07-29 02:49:14,657] {processor.py:153} INFO - Started process (PID=4655) to work on /opt/airflow/dags/dataquality_pipeline_v4.py
[2022-07-29 02:49:14,657] {processor.py:641} INFO - Processing file /opt/airflow/dags/dataquality_pipeline_v4.py for tasks to queue
[2022-07-29 02:49:14,658] {logging_mixin.py:115} INFO - [2022-07-29 02:49:14,658] {dagbag.py:508} INFO - Filling up the DagBag from /opt/airflow/dags/dataquality_pipeline_v4.py
[2022-07-29 02:49:15,531] {processor.py:651} INFO - DAG(s) dict_keys(['dataquality_pipeline_v4']) retrieved from /opt/airflow/dags/dataquality_pipeline_v4.py
[2022-07-29 02:49:15,581] {logging_mixin.py:115} INFO - [2022-07-29 02:49:15,581] {dag.py:2420} INFO - Sync 1 DAGs
[2022-07-29 02:49:15,620] {logging_mixin.py:115} INFO - [2022-07-29 02:49:15,620] {dag.py:2972} INFO - Setting next_dagrun for dataquality_pipeline_v4 to None, run_after=None
[2022-07-29 02:49:15,641] {processor.py:161} INFO - Processing /opt/airflow/dags/dataquality_pipeline_v4.py took 0.989 seconds
[2022-07-29 02:49:45,737] {processor.py:153} INFO - Started process (PID=4736) to work on /opt/airflow/dags/dataquality_pipeline_v4.py
[2022-07-29 02:49:45,738] {processor.py:641} INFO - Processing file /opt/airflow/dags/dataquality_pipeline_v4.py for tasks to queue
[2022-07-29 02:49:45,739] {logging_mixin.py:115} INFO - [2022-07-29 02:49:45,739] {dagbag.py:508} INFO - Filling up the DagBag from /opt/airflow/dags/dataquality_pipeline_v4.py
[2022-07-29 02:49:46,435] {processor.py:651} INFO - DAG(s) dict_keys(['dataquality_pipeline_v4']) retrieved from /opt/airflow/dags/dataquality_pipeline_v4.py
[2022-07-29 02:49:46,470] {logging_mixin.py:115} INFO - [2022-07-29 02:49:46,470] {dag.py:2420} INFO - Sync 1 DAGs
[2022-07-29 02:49:46,497] {logging_mixin.py:115} INFO - [2022-07-29 02:49:46,497] {dag.py:2972} INFO - Setting next_dagrun for dataquality_pipeline_v4 to None, run_after=None
[2022-07-29 02:49:46,514] {processor.py:161} INFO - Processing /opt/airflow/dags/dataquality_pipeline_v4.py took 0.783 seconds
[2022-07-29 02:50:17,117] {processor.py:153} INFO - Started process (PID=4818) to work on /opt/airflow/dags/dataquality_pipeline_v4.py
[2022-07-29 02:50:17,128] {processor.py:641} INFO - Processing file /opt/airflow/dags/dataquality_pipeline_v4.py for tasks to queue
[2022-07-29 02:50:17,129] {logging_mixin.py:115} INFO - [2022-07-29 02:50:17,128] {dagbag.py:508} INFO - Filling up the DagBag from /opt/airflow/dags/dataquality_pipeline_v4.py
[2022-07-29 02:50:18,205] {processor.py:651} INFO - DAG(s) dict_keys(['dataquality_pipeline_v4']) retrieved from /opt/airflow/dags/dataquality_pipeline_v4.py
[2022-07-29 02:50:18,257] {logging_mixin.py:115} INFO - [2022-07-29 02:50:18,256] {dag.py:2420} INFO - Sync 1 DAGs
[2022-07-29 02:50:18,297] {logging_mixin.py:115} INFO - [2022-07-29 02:50:18,297] {dag.py:2972} INFO - Setting next_dagrun for dataquality_pipeline_v4 to None, run_after=None
[2022-07-29 02:50:18,318] {processor.py:161} INFO - Processing /opt/airflow/dags/dataquality_pipeline_v4.py took 1.216 seconds
[2022-07-29 02:50:49,200] {processor.py:153} INFO - Started process (PID=4892) to work on /opt/airflow/dags/dataquality_pipeline_v4.py
[2022-07-29 02:50:49,202] {processor.py:641} INFO - Processing file /opt/airflow/dags/dataquality_pipeline_v4.py for tasks to queue
[2022-07-29 02:50:49,202] {logging_mixin.py:115} INFO - [2022-07-29 02:50:49,202] {dagbag.py:508} INFO - Filling up the DagBag from /opt/airflow/dags/dataquality_pipeline_v4.py
[2022-07-29 02:50:50,310] {processor.py:651} INFO - DAG(s) dict_keys(['dataquality_pipeline_v4']) retrieved from /opt/airflow/dags/dataquality_pipeline_v4.py
[2022-07-29 02:50:50,383] {logging_mixin.py:115} INFO - [2022-07-29 02:50:50,383] {dag.py:2420} INFO - Sync 1 DAGs
[2022-07-29 02:50:50,423] {logging_mixin.py:115} INFO - [2022-07-29 02:50:50,423] {dag.py:2972} INFO - Setting next_dagrun for dataquality_pipeline_v4 to None, run_after=None
[2022-07-29 02:50:50,443] {processor.py:161} INFO - Processing /opt/airflow/dags/dataquality_pipeline_v4.py took 1.250 seconds
[2022-07-29 02:51:21,350] {processor.py:153} INFO - Started process (PID=4974) to work on /opt/airflow/dags/dataquality_pipeline_v4.py
[2022-07-29 02:51:21,351] {processor.py:641} INFO - Processing file /opt/airflow/dags/dataquality_pipeline_v4.py for tasks to queue
[2022-07-29 02:51:21,352] {logging_mixin.py:115} INFO - [2022-07-29 02:51:21,352] {dagbag.py:508} INFO - Filling up the DagBag from /opt/airflow/dags/dataquality_pipeline_v4.py
[2022-07-29 02:51:21,952] {processor.py:651} INFO - DAG(s) dict_keys(['dataquality_pipeline_v4']) retrieved from /opt/airflow/dags/dataquality_pipeline_v4.py
[2022-07-29 02:51:21,987] {logging_mixin.py:115} INFO - [2022-07-29 02:51:21,987] {dag.py:2420} INFO - Sync 1 DAGs
[2022-07-29 02:51:22,012] {logging_mixin.py:115} INFO - [2022-07-29 02:51:22,012] {dag.py:2972} INFO - Setting next_dagrun for dataquality_pipeline_v4 to None, run_after=None
[2022-07-29 02:51:22,029] {processor.py:161} INFO - Processing /opt/airflow/dags/dataquality_pipeline_v4.py took 0.684 seconds
[2022-07-29 02:51:52,123] {processor.py:153} INFO - Started process (PID=5047) to work on /opt/airflow/dags/dataquality_pipeline_v4.py
[2022-07-29 02:51:52,125] {processor.py:641} INFO - Processing file /opt/airflow/dags/dataquality_pipeline_v4.py for tasks to queue
[2022-07-29 02:51:52,125] {logging_mixin.py:115} INFO - [2022-07-29 02:51:52,125] {dagbag.py:508} INFO - Filling up the DagBag from /opt/airflow/dags/dataquality_pipeline_v4.py
[2022-07-29 02:51:53,211] {processor.py:651} INFO - DAG(s) dict_keys(['dataquality_pipeline_v4']) retrieved from /opt/airflow/dags/dataquality_pipeline_v4.py
[2022-07-29 02:51:53,262] {logging_mixin.py:115} INFO - [2022-07-29 02:51:53,261] {dag.py:2420} INFO - Sync 1 DAGs
[2022-07-29 02:51:53,301] {logging_mixin.py:115} INFO - [2022-07-29 02:51:53,301] {dag.py:2972} INFO - Setting next_dagrun for dataquality_pipeline_v4 to None, run_after=None
[2022-07-29 02:51:53,321] {processor.py:161} INFO - Processing /opt/airflow/dags/dataquality_pipeline_v4.py took 1.204 seconds
[2022-07-29 02:52:23,664] {processor.py:153} INFO - Started process (PID=5130) to work on /opt/airflow/dags/dataquality_pipeline_v4.py
[2022-07-29 02:52:23,672] {processor.py:641} INFO - Processing file /opt/airflow/dags/dataquality_pipeline_v4.py for tasks to queue
[2022-07-29 02:52:23,673] {logging_mixin.py:115} INFO - [2022-07-29 02:52:23,673] {dagbag.py:508} INFO - Filling up the DagBag from /opt/airflow/dags/dataquality_pipeline_v4.py
[2022-07-29 02:52:24,367] {processor.py:651} INFO - DAG(s) dict_keys(['dataquality_pipeline_v4']) retrieved from /opt/airflow/dags/dataquality_pipeline_v4.py
[2022-07-29 02:52:24,402] {logging_mixin.py:115} INFO - [2022-07-29 02:52:24,401] {dag.py:2420} INFO - Sync 1 DAGs
[2022-07-29 02:52:24,427] {logging_mixin.py:115} INFO - [2022-07-29 02:52:24,427] {dag.py:2972} INFO - Setting next_dagrun for dataquality_pipeline_v4 to None, run_after=None
[2022-07-29 02:52:24,443] {processor.py:161} INFO - Processing /opt/airflow/dags/dataquality_pipeline_v4.py took 0.785 seconds
[2022-07-29 02:52:54,671] {processor.py:153} INFO - Started process (PID=5203) to work on /opt/airflow/dags/dataquality_pipeline_v4.py
[2022-07-29 02:52:54,680] {processor.py:641} INFO - Processing file /opt/airflow/dags/dataquality_pipeline_v4.py for tasks to queue
[2022-07-29 02:52:54,681] {logging_mixin.py:115} INFO - [2022-07-29 02:52:54,680] {dagbag.py:508} INFO - Filling up the DagBag from /opt/airflow/dags/dataquality_pipeline_v4.py
[2022-07-29 02:52:57,392] {processor.py:651} INFO - DAG(s) dict_keys(['dataquality_pipeline_v4']) retrieved from /opt/airflow/dags/dataquality_pipeline_v4.py
[2022-07-29 02:52:57,449] {logging_mixin.py:115} INFO - [2022-07-29 02:52:57,448] {dag.py:2420} INFO - Sync 1 DAGs
[2022-07-29 02:52:57,490] {logging_mixin.py:115} INFO - [2022-07-29 02:52:57,489] {dag.py:2972} INFO - Setting next_dagrun for dataquality_pipeline_v4 to None, run_after=None
[2022-07-29 02:52:57,514] {processor.py:161} INFO - Processing /opt/airflow/dags/dataquality_pipeline_v4.py took 2.858 seconds
[2022-07-29 02:53:27,959] {processor.py:153} INFO - Started process (PID=5286) to work on /opt/airflow/dags/dataquality_pipeline_v4.py
[2022-07-29 02:53:27,960] {processor.py:641} INFO - Processing file /opt/airflow/dags/dataquality_pipeline_v4.py for tasks to queue
[2022-07-29 02:53:27,960] {logging_mixin.py:115} INFO - [2022-07-29 02:53:27,960] {dagbag.py:508} INFO - Filling up the DagBag from /opt/airflow/dags/dataquality_pipeline_v4.py
[2022-07-29 02:53:28,574] {processor.py:651} INFO - DAG(s) dict_keys(['dataquality_pipeline_v4']) retrieved from /opt/airflow/dags/dataquality_pipeline_v4.py
[2022-07-29 02:53:28,609] {logging_mixin.py:115} INFO - [2022-07-29 02:53:28,608] {dag.py:2420} INFO - Sync 1 DAGs
[2022-07-29 02:53:28,635] {logging_mixin.py:115} INFO - [2022-07-29 02:53:28,635] {dag.py:2972} INFO - Setting next_dagrun for dataquality_pipeline_v4 to None, run_after=None
[2022-07-29 02:53:28,653] {processor.py:161} INFO - Processing /opt/airflow/dags/dataquality_pipeline_v4.py took 0.699 seconds
[2022-07-29 02:53:59,266] {processor.py:153} INFO - Started process (PID=5359) to work on /opt/airflow/dags/dataquality_pipeline_v4.py
[2022-07-29 02:53:59,267] {processor.py:641} INFO - Processing file /opt/airflow/dags/dataquality_pipeline_v4.py for tasks to queue
[2022-07-29 02:53:59,280] {logging_mixin.py:115} INFO - [2022-07-29 02:53:59,280] {dagbag.py:508} INFO - Filling up the DagBag from /opt/airflow/dags/dataquality_pipeline_v4.py
[2022-07-29 02:54:01,506] {processor.py:651} INFO - DAG(s) dict_keys(['dataquality_pipeline_v4']) retrieved from /opt/airflow/dags/dataquality_pipeline_v4.py
[2022-07-29 02:54:01,821] {logging_mixin.py:115} INFO - [2022-07-29 02:54:01,820] {dag.py:2420} INFO - Sync 1 DAGs
[2022-07-29 02:54:02,027] {logging_mixin.py:115} INFO - [2022-07-29 02:54:02,027] {dag.py:2972} INFO - Setting next_dagrun for dataquality_pipeline_v4 to None, run_after=None
[2022-07-29 02:54:02,143] {processor.py:161} INFO - Processing /opt/airflow/dags/dataquality_pipeline_v4.py took 2.900 seconds
[2022-07-29 02:54:32,385] {processor.py:153} INFO - Started process (PID=5446) to work on /opt/airflow/dags/dataquality_pipeline_v4.py
[2022-07-29 02:54:32,386] {processor.py:641} INFO - Processing file /opt/airflow/dags/dataquality_pipeline_v4.py for tasks to queue
[2022-07-29 02:54:32,387] {logging_mixin.py:115} INFO - [2022-07-29 02:54:32,387] {dagbag.py:508} INFO - Filling up the DagBag from /opt/airflow/dags/dataquality_pipeline_v4.py
[2022-07-29 02:54:33,679] {processor.py:651} INFO - DAG(s) dict_keys(['dataquality_pipeline_v4']) retrieved from /opt/airflow/dags/dataquality_pipeline_v4.py
[2022-07-29 02:54:33,730] {logging_mixin.py:115} INFO - [2022-07-29 02:54:33,729] {dag.py:2420} INFO - Sync 1 DAGs
[2022-07-29 02:54:33,769] {logging_mixin.py:115} INFO - [2022-07-29 02:54:33,769] {dag.py:2972} INFO - Setting next_dagrun for dataquality_pipeline_v4 to None, run_after=None
[2022-07-29 02:54:33,789] {processor.py:161} INFO - Processing /opt/airflow/dags/dataquality_pipeline_v4.py took 1.411 seconds
[2022-07-29 02:55:04,316] {processor.py:153} INFO - Started process (PID=5519) to work on /opt/airflow/dags/dataquality_pipeline_v4.py
[2022-07-29 02:55:04,317] {processor.py:641} INFO - Processing file /opt/airflow/dags/dataquality_pipeline_v4.py for tasks to queue
[2022-07-29 02:55:04,317] {logging_mixin.py:115} INFO - [2022-07-29 02:55:04,317] {dagbag.py:508} INFO - Filling up the DagBag from /opt/airflow/dags/dataquality_pipeline_v4.py
[2022-07-29 02:55:04,931] {processor.py:651} INFO - DAG(s) dict_keys(['dataquality_pipeline_v4']) retrieved from /opt/airflow/dags/dataquality_pipeline_v4.py
[2022-07-29 02:55:04,967] {logging_mixin.py:115} INFO - [2022-07-29 02:55:04,967] {dag.py:2420} INFO - Sync 1 DAGs
[2022-07-29 02:55:04,993] {logging_mixin.py:115} INFO - [2022-07-29 02:55:04,993] {dag.py:2972} INFO - Setting next_dagrun for dataquality_pipeline_v4 to None, run_after=None
[2022-07-29 02:55:05,010] {processor.py:161} INFO - Processing /opt/airflow/dags/dataquality_pipeline_v4.py took 0.700 seconds
[2022-07-29 02:55:36,050] {processor.py:153} INFO - Started process (PID=5592) to work on /opt/airflow/dags/dataquality_pipeline_v4.py
[2022-07-29 02:55:36,051] {processor.py:641} INFO - Processing file /opt/airflow/dags/dataquality_pipeline_v4.py for tasks to queue
[2022-07-29 02:55:36,052] {logging_mixin.py:115} INFO - [2022-07-29 02:55:36,052] {dagbag.py:508} INFO - Filling up the DagBag from /opt/airflow/dags/dataquality_pipeline_v4.py
[2022-07-29 02:55:37,476] {processor.py:651} INFO - DAG(s) dict_keys(['dataquality_pipeline_v4']) retrieved from /opt/airflow/dags/dataquality_pipeline_v4.py
[2022-07-29 02:55:37,563] {logging_mixin.py:115} INFO - [2022-07-29 02:55:37,561] {dag.py:2420} INFO - Sync 1 DAGs
[2022-07-29 02:55:37,640] {logging_mixin.py:115} INFO - [2022-07-29 02:55:37,640] {dag.py:2972} INFO - Setting next_dagrun for dataquality_pipeline_v4 to None, run_after=None
[2022-07-29 02:55:37,663] {processor.py:161} INFO - Processing /opt/airflow/dags/dataquality_pipeline_v4.py took 1.627 seconds
[2022-07-29 02:56:07,977] {processor.py:153} INFO - Started process (PID=5674) to work on /opt/airflow/dags/dataquality_pipeline_v4.py
[2022-07-29 02:56:07,978] {processor.py:641} INFO - Processing file /opt/airflow/dags/dataquality_pipeline_v4.py for tasks to queue
[2022-07-29 02:56:07,979] {logging_mixin.py:115} INFO - [2022-07-29 02:56:07,979] {dagbag.py:508} INFO - Filling up the DagBag from /opt/airflow/dags/dataquality_pipeline_v4.py
[2022-07-29 02:56:08,590] {processor.py:651} INFO - DAG(s) dict_keys(['dataquality_pipeline_v4']) retrieved from /opt/airflow/dags/dataquality_pipeline_v4.py
[2022-07-29 02:56:08,630] {logging_mixin.py:115} INFO - [2022-07-29 02:56:08,630] {dag.py:2420} INFO - Sync 1 DAGs
[2022-07-29 02:56:08,656] {logging_mixin.py:115} INFO - [2022-07-29 02:56:08,656] {dag.py:2972} INFO - Setting next_dagrun for dataquality_pipeline_v4 to None, run_after=None
[2022-07-29 02:56:08,673] {processor.py:161} INFO - Processing /opt/airflow/dags/dataquality_pipeline_v4.py took 0.701 seconds
[2022-07-29 02:56:38,908] {processor.py:153} INFO - Started process (PID=5748) to work on /opt/airflow/dags/dataquality_pipeline_v4.py
[2022-07-29 02:56:38,909] {processor.py:641} INFO - Processing file /opt/airflow/dags/dataquality_pipeline_v4.py for tasks to queue
[2022-07-29 02:56:38,910] {logging_mixin.py:115} INFO - [2022-07-29 02:56:38,909] {dagbag.py:508} INFO - Filling up the DagBag from /opt/airflow/dags/dataquality_pipeline_v4.py
[2022-07-29 02:56:39,514] {processor.py:651} INFO - DAG(s) dict_keys(['dataquality_pipeline_v4']) retrieved from /opt/airflow/dags/dataquality_pipeline_v4.py
[2022-07-29 02:56:39,560] {logging_mixin.py:115} INFO - [2022-07-29 02:56:39,560] {dag.py:2420} INFO - Sync 1 DAGs
[2022-07-29 02:56:39,586] {logging_mixin.py:115} INFO - [2022-07-29 02:56:39,586] {dag.py:2972} INFO - Setting next_dagrun for dataquality_pipeline_v4 to None, run_after=None
[2022-07-29 02:56:39,602] {processor.py:161} INFO - Processing /opt/airflow/dags/dataquality_pipeline_v4.py took 0.699 seconds
[2022-07-29 02:57:10,187] {processor.py:153} INFO - Started process (PID=5830) to work on /opt/airflow/dags/dataquality_pipeline_v4.py
[2022-07-29 02:57:10,196] {processor.py:641} INFO - Processing file /opt/airflow/dags/dataquality_pipeline_v4.py for tasks to queue
[2022-07-29 02:57:10,197] {logging_mixin.py:115} INFO - [2022-07-29 02:57:10,197] {dagbag.py:508} INFO - Filling up the DagBag from /opt/airflow/dags/dataquality_pipeline_v4.py
[2022-07-29 02:57:11,921] {processor.py:651} INFO - DAG(s) dict_keys(['dataquality_pipeline_v4']) retrieved from /opt/airflow/dags/dataquality_pipeline_v4.py
[2022-07-29 02:57:11,968] {logging_mixin.py:115} INFO - [2022-07-29 02:57:11,968] {dag.py:2420} INFO - Sync 1 DAGs
[2022-07-29 02:57:12,008] {logging_mixin.py:115} INFO - [2022-07-29 02:57:12,008] {dag.py:2972} INFO - Setting next_dagrun for dataquality_pipeline_v4 to None, run_after=None
[2022-07-29 02:57:12,501] {processor.py:161} INFO - Processing /opt/airflow/dags/dataquality_pipeline_v4.py took 2.324 seconds
[2022-07-29 02:57:42,860] {processor.py:153} INFO - Started process (PID=5904) to work on /opt/airflow/dags/dataquality_pipeline_v4.py
[2022-07-29 02:57:42,861] {processor.py:641} INFO - Processing file /opt/airflow/dags/dataquality_pipeline_v4.py for tasks to queue
[2022-07-29 02:57:42,861] {logging_mixin.py:115} INFO - [2022-07-29 02:57:42,861] {dagbag.py:508} INFO - Filling up the DagBag from /opt/airflow/dags/dataquality_pipeline_v4.py
[2022-07-29 02:57:43,546] {processor.py:651} INFO - DAG(s) dict_keys(['dataquality_pipeline_v4']) retrieved from /opt/airflow/dags/dataquality_pipeline_v4.py
[2022-07-29 02:57:43,582] {logging_mixin.py:115} INFO - [2022-07-29 02:57:43,582] {dag.py:2420} INFO - Sync 1 DAGs
[2022-07-29 02:57:43,608] {logging_mixin.py:115} INFO - [2022-07-29 02:57:43,608] {dag.py:2972} INFO - Setting next_dagrun for dataquality_pipeline_v4 to None, run_after=None
[2022-07-29 02:57:43,624] {processor.py:161} INFO - Processing /opt/airflow/dags/dataquality_pipeline_v4.py took 0.770 seconds
[2022-07-29 02:58:14,395] {processor.py:153} INFO - Started process (PID=5977) to work on /opt/airflow/dags/dataquality_pipeline_v4.py
[2022-07-29 02:58:14,409] {processor.py:641} INFO - Processing file /opt/airflow/dags/dataquality_pipeline_v4.py for tasks to queue
[2022-07-29 02:58:14,410] {logging_mixin.py:115} INFO - [2022-07-29 02:58:14,410] {dagbag.py:508} INFO - Filling up the DagBag from /opt/airflow/dags/dataquality_pipeline_v4.py
[2022-07-29 02:58:15,328] {processor.py:651} INFO - DAG(s) dict_keys(['dataquality_pipeline_v4']) retrieved from /opt/airflow/dags/dataquality_pipeline_v4.py
[2022-07-29 02:58:15,396] {logging_mixin.py:115} INFO - [2022-07-29 02:58:15,395] {dag.py:2420} INFO - Sync 1 DAGs
[2022-07-29 02:58:15,452] {logging_mixin.py:115} INFO - [2022-07-29 02:58:15,452] {dag.py:2972} INFO - Setting next_dagrun for dataquality_pipeline_v4 to None, run_after=None
[2022-07-29 02:58:15,500] {processor.py:161} INFO - Processing /opt/airflow/dags/dataquality_pipeline_v4.py took 1.118 seconds
