[2022-07-29 02:17:14,513] {processor.py:153} INFO - Started process (PID=67) to work on /opt/airflow/dags/localtosnowflake.py
[2022-07-29 02:17:14,522] {processor.py:641} INFO - Processing file /opt/airflow/dags/localtosnowflake.py for tasks to queue
[2022-07-29 02:17:14,523] {logging_mixin.py:115} INFO - [2022-07-29 02:17:14,523] {dagbag.py:508} INFO - Filling up the DagBag from /opt/airflow/dags/localtosnowflake.py
[2022-07-29 02:17:18,352] {processor.py:651} INFO - DAG(s) dict_keys(['local_to_snowflake']) retrieved from /opt/airflow/dags/localtosnowflake.py
[2022-07-29 02:17:18,509] {logging_mixin.py:115} INFO - [2022-07-29 02:17:18,508] {dag.py:2420} INFO - Sync 1 DAGs
[2022-07-29 02:17:18,636] {logging_mixin.py:115} INFO - [2022-07-29 02:17:18,636] {dag.py:2972} INFO - Setting next_dagrun for local_to_snowflake to None, run_after=None
[2022-07-29 02:17:18,692] {processor.py:161} INFO - Processing /opt/airflow/dags/localtosnowflake.py took 4.199 seconds
[2022-07-29 02:17:48,961] {processor.py:153} INFO - Started process (PID=139) to work on /opt/airflow/dags/localtosnowflake.py
[2022-07-29 02:17:48,962] {processor.py:641} INFO - Processing file /opt/airflow/dags/localtosnowflake.py for tasks to queue
[2022-07-29 02:17:48,963] {logging_mixin.py:115} INFO - [2022-07-29 02:17:48,963] {dagbag.py:508} INFO - Filling up the DagBag from /opt/airflow/dags/localtosnowflake.py
[2022-07-29 02:17:49,921] {processor.py:651} INFO - DAG(s) dict_keys(['local_to_snowflake']) retrieved from /opt/airflow/dags/localtosnowflake.py
[2022-07-29 02:17:49,962] {logging_mixin.py:115} INFO - [2022-07-29 02:17:49,961] {dag.py:2420} INFO - Sync 1 DAGs
[2022-07-29 02:17:49,998] {logging_mixin.py:115} INFO - [2022-07-29 02:17:49,998] {dag.py:2972} INFO - Setting next_dagrun for local_to_snowflake to None, run_after=None
[2022-07-29 02:17:50,022] {processor.py:161} INFO - Processing /opt/airflow/dags/localtosnowflake.py took 1.066 seconds
[2022-07-29 02:18:20,380] {processor.py:153} INFO - Started process (PID=211) to work on /opt/airflow/dags/localtosnowflake.py
[2022-07-29 02:18:20,380] {processor.py:641} INFO - Processing file /opt/airflow/dags/localtosnowflake.py for tasks to queue
[2022-07-29 02:18:20,381] {logging_mixin.py:115} INFO - [2022-07-29 02:18:20,381] {dagbag.py:508} INFO - Filling up the DagBag from /opt/airflow/dags/localtosnowflake.py
[2022-07-29 02:18:21,196] {processor.py:651} INFO - DAG(s) dict_keys(['local_to_snowflake']) retrieved from /opt/airflow/dags/localtosnowflake.py
[2022-07-29 02:18:21,220] {logging_mixin.py:115} INFO - [2022-07-29 02:18:21,220] {dag.py:2420} INFO - Sync 1 DAGs
[2022-07-29 02:18:21,243] {logging_mixin.py:115} INFO - [2022-07-29 02:18:21,243] {dag.py:2972} INFO - Setting next_dagrun for local_to_snowflake to None, run_after=None
[2022-07-29 02:18:21,257] {processor.py:161} INFO - Processing /opt/airflow/dags/localtosnowflake.py took 0.882 seconds
[2022-07-29 02:18:51,717] {processor.py:153} INFO - Started process (PID=292) to work on /opt/airflow/dags/localtosnowflake.py
[2022-07-29 02:18:51,718] {processor.py:641} INFO - Processing file /opt/airflow/dags/localtosnowflake.py for tasks to queue
[2022-07-29 02:18:51,719] {logging_mixin.py:115} INFO - [2022-07-29 02:18:51,719] {dagbag.py:508} INFO - Filling up the DagBag from /opt/airflow/dags/localtosnowflake.py
[2022-07-29 02:18:53,066] {processor.py:651} INFO - DAG(s) dict_keys(['local_to_snowflake']) retrieved from /opt/airflow/dags/localtosnowflake.py
[2022-07-29 02:18:53,128] {logging_mixin.py:115} INFO - [2022-07-29 02:18:53,128] {dag.py:2420} INFO - Sync 1 DAGs
[2022-07-29 02:18:53,196] {logging_mixin.py:115} INFO - [2022-07-29 02:18:53,196] {dag.py:2972} INFO - Setting next_dagrun for local_to_snowflake to None, run_after=None
[2022-07-29 02:18:53,228] {processor.py:161} INFO - Processing /opt/airflow/dags/localtosnowflake.py took 1.520 seconds
[2022-07-29 02:19:23,892] {processor.py:153} INFO - Started process (PID=367) to work on /opt/airflow/dags/localtosnowflake.py
[2022-07-29 02:19:23,893] {processor.py:641} INFO - Processing file /opt/airflow/dags/localtosnowflake.py for tasks to queue
[2022-07-29 02:19:23,894] {logging_mixin.py:115} INFO - [2022-07-29 02:19:23,894] {dagbag.py:508} INFO - Filling up the DagBag from /opt/airflow/dags/localtosnowflake.py
[2022-07-29 02:19:25,364] {processor.py:651} INFO - DAG(s) dict_keys(['local_to_snowflake']) retrieved from /opt/airflow/dags/localtosnowflake.py
[2022-07-29 02:19:25,400] {logging_mixin.py:115} INFO - [2022-07-29 02:19:25,400] {dag.py:2420} INFO - Sync 1 DAGs
[2022-07-29 02:19:25,438] {logging_mixin.py:115} INFO - [2022-07-29 02:19:25,438] {dag.py:2972} INFO - Setting next_dagrun for local_to_snowflake to None, run_after=None
[2022-07-29 02:19:25,459] {processor.py:161} INFO - Processing /opt/airflow/dags/localtosnowflake.py took 1.573 seconds
[2022-07-29 02:19:55,779] {processor.py:153} INFO - Started process (PID=442) to work on /opt/airflow/dags/localtosnowflake.py
[2022-07-29 02:19:55,780] {processor.py:641} INFO - Processing file /opt/airflow/dags/localtosnowflake.py for tasks to queue
[2022-07-29 02:19:55,781] {logging_mixin.py:115} INFO - [2022-07-29 02:19:55,781] {dagbag.py:508} INFO - Filling up the DagBag from /opt/airflow/dags/localtosnowflake.py
[2022-07-29 02:19:57,235] {processor.py:651} INFO - DAG(s) dict_keys(['local_to_snowflake']) retrieved from /opt/airflow/dags/localtosnowflake.py
[2022-07-29 02:19:57,308] {logging_mixin.py:115} INFO - [2022-07-29 02:19:57,308] {dag.py:2420} INFO - Sync 1 DAGs
[2022-07-29 02:19:57,372] {logging_mixin.py:115} INFO - [2022-07-29 02:19:57,372] {dag.py:2972} INFO - Setting next_dagrun for local_to_snowflake to None, run_after=None
[2022-07-29 02:19:57,399] {processor.py:161} INFO - Processing /opt/airflow/dags/localtosnowflake.py took 1.624 seconds
[2022-07-29 02:20:28,214] {processor.py:153} INFO - Started process (PID=524) to work on /opt/airflow/dags/localtosnowflake.py
[2022-07-29 02:20:28,216] {processor.py:641} INFO - Processing file /opt/airflow/dags/localtosnowflake.py for tasks to queue
[2022-07-29 02:20:28,216] {logging_mixin.py:115} INFO - [2022-07-29 02:20:28,216] {dagbag.py:508} INFO - Filling up the DagBag from /opt/airflow/dags/localtosnowflake.py
[2022-07-29 02:20:31,330] {processor.py:651} INFO - DAG(s) dict_keys(['local_to_snowflake']) retrieved from /opt/airflow/dags/localtosnowflake.py
[2022-07-29 02:20:31,401] {logging_mixin.py:115} INFO - [2022-07-29 02:20:31,400] {dag.py:2420} INFO - Sync 1 DAGs
[2022-07-29 02:20:31,468] {logging_mixin.py:115} INFO - [2022-07-29 02:20:31,468] {dag.py:2972} INFO - Setting next_dagrun for local_to_snowflake to None, run_after=None
[2022-07-29 02:20:31,500] {processor.py:161} INFO - Processing /opt/airflow/dags/localtosnowflake.py took 3.307 seconds
[2022-07-29 02:21:01,569] {processor.py:153} INFO - Started process (PID=608) to work on /opt/airflow/dags/localtosnowflake.py
[2022-07-29 02:21:01,580] {processor.py:641} INFO - Processing file /opt/airflow/dags/localtosnowflake.py for tasks to queue
[2022-07-29 02:21:01,581] {logging_mixin.py:115} INFO - [2022-07-29 02:21:01,581] {dagbag.py:508} INFO - Filling up the DagBag from /opt/airflow/dags/localtosnowflake.py
[2022-07-29 02:21:02,797] {processor.py:651} INFO - DAG(s) dict_keys(['local_to_snowflake']) retrieved from /opt/airflow/dags/localtosnowflake.py
[2022-07-29 02:21:02,872] {logging_mixin.py:115} INFO - [2022-07-29 02:21:02,872] {dag.py:2420} INFO - Sync 1 DAGs
[2022-07-29 02:21:02,940] {logging_mixin.py:115} INFO - [2022-07-29 02:21:02,940] {dag.py:2972} INFO - Setting next_dagrun for local_to_snowflake to None, run_after=None
[2022-07-29 02:21:02,971] {processor.py:161} INFO - Processing /opt/airflow/dags/localtosnowflake.py took 1.408 seconds
[2022-07-29 02:21:33,437] {processor.py:153} INFO - Started process (PID=681) to work on /opt/airflow/dags/localtosnowflake.py
[2022-07-29 02:21:33,438] {processor.py:641} INFO - Processing file /opt/airflow/dags/localtosnowflake.py for tasks to queue
[2022-07-29 02:21:33,438] {logging_mixin.py:115} INFO - [2022-07-29 02:21:33,438] {dagbag.py:508} INFO - Filling up the DagBag from /opt/airflow/dags/localtosnowflake.py
[2022-07-29 02:21:34,186] {processor.py:651} INFO - DAG(s) dict_keys(['local_to_snowflake']) retrieved from /opt/airflow/dags/localtosnowflake.py
[2022-07-29 02:21:34,225] {logging_mixin.py:115} INFO - [2022-07-29 02:21:34,224] {dag.py:2420} INFO - Sync 1 DAGs
[2022-07-29 02:21:34,250] {logging_mixin.py:115} INFO - [2022-07-29 02:21:34,250] {dag.py:2972} INFO - Setting next_dagrun for local_to_snowflake to None, run_after=None
[2022-07-29 02:21:34,270] {processor.py:161} INFO - Processing /opt/airflow/dags/localtosnowflake.py took 0.840 seconds
[2022-07-29 02:22:09,587] {processor.py:153} INFO - Started process (PID=763) to work on /opt/airflow/dags/localtosnowflake.py
[2022-07-29 02:22:09,596] {processor.py:641} INFO - Processing file /opt/airflow/dags/localtosnowflake.py for tasks to queue
[2022-07-29 02:22:09,597] {logging_mixin.py:115} INFO - [2022-07-29 02:22:09,597] {dagbag.py:508} INFO - Filling up the DagBag from /opt/airflow/dags/localtosnowflake.py
[2022-07-29 02:22:11,437] {processor.py:651} INFO - DAG(s) dict_keys(['local_to_snowflake']) retrieved from /opt/airflow/dags/localtosnowflake.py
[2022-07-29 02:22:11,508] {logging_mixin.py:115} INFO - [2022-07-29 02:22:11,508] {dag.py:2420} INFO - Sync 1 DAGs
[2022-07-29 02:22:11,577] {logging_mixin.py:115} INFO - [2022-07-29 02:22:11,577] {dag.py:2972} INFO - Setting next_dagrun for local_to_snowflake to None, run_after=None
[2022-07-29 02:22:11,608] {processor.py:161} INFO - Processing /opt/airflow/dags/localtosnowflake.py took 2.027 seconds
[2022-07-29 02:22:42,282] {processor.py:153} INFO - Started process (PID=836) to work on /opt/airflow/dags/localtosnowflake.py
[2022-07-29 02:22:42,283] {processor.py:641} INFO - Processing file /opt/airflow/dags/localtosnowflake.py for tasks to queue
[2022-07-29 02:22:42,284] {logging_mixin.py:115} INFO - [2022-07-29 02:22:42,284] {dagbag.py:508} INFO - Filling up the DagBag from /opt/airflow/dags/localtosnowflake.py
[2022-07-29 02:22:43,452] {processor.py:651} INFO - DAG(s) dict_keys(['local_to_snowflake']) retrieved from /opt/airflow/dags/localtosnowflake.py
[2022-07-29 02:22:43,493] {logging_mixin.py:115} INFO - [2022-07-29 02:22:43,492] {dag.py:2420} INFO - Sync 1 DAGs
[2022-07-29 02:22:43,529] {logging_mixin.py:115} INFO - [2022-07-29 02:22:43,528] {dag.py:2972} INFO - Setting next_dagrun for local_to_snowflake to None, run_after=None
[2022-07-29 02:22:43,549] {processor.py:161} INFO - Processing /opt/airflow/dags/localtosnowflake.py took 1.292 seconds
[2022-07-29 02:23:13,952] {processor.py:153} INFO - Started process (PID=909) to work on /opt/airflow/dags/localtosnowflake.py
[2022-07-29 02:23:13,956] {processor.py:641} INFO - Processing file /opt/airflow/dags/localtosnowflake.py for tasks to queue
[2022-07-29 02:23:13,957] {logging_mixin.py:115} INFO - [2022-07-29 02:23:13,957] {dagbag.py:508} INFO - Filling up the DagBag from /opt/airflow/dags/localtosnowflake.py
[2022-07-29 02:23:16,497] {processor.py:651} INFO - DAG(s) dict_keys(['local_to_snowflake']) retrieved from /opt/airflow/dags/localtosnowflake.py
[2022-07-29 02:23:16,569] {logging_mixin.py:115} INFO - [2022-07-29 02:23:16,568] {dag.py:2420} INFO - Sync 1 DAGs
[2022-07-29 02:23:16,610] {logging_mixin.py:115} INFO - [2022-07-29 02:23:16,610] {dag.py:2972} INFO - Setting next_dagrun for local_to_snowflake to None, run_after=None
[2022-07-29 02:23:16,647] {processor.py:161} INFO - Processing /opt/airflow/dags/localtosnowflake.py took 2.709 seconds
[2022-07-29 02:23:47,165] {processor.py:153} INFO - Started process (PID=991) to work on /opt/airflow/dags/localtosnowflake.py
[2022-07-29 02:23:47,166] {processor.py:641} INFO - Processing file /opt/airflow/dags/localtosnowflake.py for tasks to queue
[2022-07-29 02:23:47,167] {logging_mixin.py:115} INFO - [2022-07-29 02:23:47,167] {dagbag.py:508} INFO - Filling up the DagBag from /opt/airflow/dags/localtosnowflake.py
[2022-07-29 02:23:49,375] {processor.py:651} INFO - DAG(s) dict_keys(['local_to_snowflake']) retrieved from /opt/airflow/dags/localtosnowflake.py
[2022-07-29 02:23:49,453] {logging_mixin.py:115} INFO - [2022-07-29 02:23:49,452] {dag.py:2420} INFO - Sync 1 DAGs
[2022-07-29 02:23:49,532] {logging_mixin.py:115} INFO - [2022-07-29 02:23:49,532] {dag.py:2972} INFO - Setting next_dagrun for local_to_snowflake to None, run_after=None
[2022-07-29 02:23:49,562] {processor.py:161} INFO - Processing /opt/airflow/dags/localtosnowflake.py took 2.420 seconds
[2022-07-29 02:24:19,837] {processor.py:153} INFO - Started process (PID=1064) to work on /opt/airflow/dags/localtosnowflake.py
[2022-07-29 02:24:19,839] {processor.py:641} INFO - Processing file /opt/airflow/dags/localtosnowflake.py for tasks to queue
[2022-07-29 02:24:19,840] {logging_mixin.py:115} INFO - [2022-07-29 02:24:19,840] {dagbag.py:508} INFO - Filling up the DagBag from /opt/airflow/dags/localtosnowflake.py
[2022-07-29 02:24:20,561] {processor.py:651} INFO - DAG(s) dict_keys(['local_to_snowflake']) retrieved from /opt/airflow/dags/localtosnowflake.py
[2022-07-29 02:24:20,595] {logging_mixin.py:115} INFO - [2022-07-29 02:24:20,594] {dag.py:2420} INFO - Sync 1 DAGs
[2022-07-29 02:24:20,647] {logging_mixin.py:115} INFO - [2022-07-29 02:24:20,647] {dag.py:2972} INFO - Setting next_dagrun for local_to_snowflake to None, run_after=None
[2022-07-29 02:24:20,669] {processor.py:161} INFO - Processing /opt/airflow/dags/localtosnowflake.py took 0.839 seconds
[2022-07-29 02:24:51,652] {processor.py:153} INFO - Started process (PID=1145) to work on /opt/airflow/dags/localtosnowflake.py
[2022-07-29 02:24:51,656] {processor.py:641} INFO - Processing file /opt/airflow/dags/localtosnowflake.py for tasks to queue
[2022-07-29 02:24:51,657] {logging_mixin.py:115} INFO - [2022-07-29 02:24:51,657] {dagbag.py:508} INFO - Filling up the DagBag from /opt/airflow/dags/localtosnowflake.py
[2022-07-29 02:24:53,019] {processor.py:651} INFO - DAG(s) dict_keys(['local_to_snowflake']) retrieved from /opt/airflow/dags/localtosnowflake.py
[2022-07-29 02:24:53,056] {logging_mixin.py:115} INFO - [2022-07-29 02:24:53,056] {dag.py:2420} INFO - Sync 1 DAGs
[2022-07-29 02:24:53,101] {logging_mixin.py:115} INFO - [2022-07-29 02:24:53,101] {dag.py:2972} INFO - Setting next_dagrun for local_to_snowflake to None, run_after=None
[2022-07-29 02:24:53,128] {processor.py:161} INFO - Processing /opt/airflow/dags/localtosnowflake.py took 1.495 seconds
[2022-07-29 02:25:23,431] {processor.py:153} INFO - Started process (PID=1220) to work on /opt/airflow/dags/localtosnowflake.py
[2022-07-29 02:25:23,432] {processor.py:641} INFO - Processing file /opt/airflow/dags/localtosnowflake.py for tasks to queue
[2022-07-29 02:25:23,433] {logging_mixin.py:115} INFO - [2022-07-29 02:25:23,433] {dagbag.py:508} INFO - Filling up the DagBag from /opt/airflow/dags/localtosnowflake.py
[2022-07-29 02:25:24,548] {processor.py:651} INFO - DAG(s) dict_keys(['local_to_snowflake']) retrieved from /opt/airflow/dags/localtosnowflake.py
[2022-07-29 02:25:24,583] {logging_mixin.py:115} INFO - [2022-07-29 02:25:24,583] {dag.py:2420} INFO - Sync 1 DAGs
[2022-07-29 02:25:24,620] {logging_mixin.py:115} INFO - [2022-07-29 02:25:24,620] {dag.py:2972} INFO - Setting next_dagrun for local_to_snowflake to None, run_after=None
[2022-07-29 02:25:24,638] {processor.py:161} INFO - Processing /opt/airflow/dags/localtosnowflake.py took 1.213 seconds
[2022-07-29 02:25:54,823] {processor.py:153} INFO - Started process (PID=1294) to work on /opt/airflow/dags/localtosnowflake.py
[2022-07-29 02:25:54,824] {processor.py:641} INFO - Processing file /opt/airflow/dags/localtosnowflake.py for tasks to queue
[2022-07-29 02:25:54,825] {logging_mixin.py:115} INFO - [2022-07-29 02:25:54,825] {dagbag.py:508} INFO - Filling up the DagBag from /opt/airflow/dags/localtosnowflake.py
[2022-07-29 02:25:56,118] {processor.py:651} INFO - DAG(s) dict_keys(['local_to_snowflake']) retrieved from /opt/airflow/dags/localtosnowflake.py
[2022-07-29 02:25:56,155] {logging_mixin.py:115} INFO - [2022-07-29 02:25:56,155] {dag.py:2420} INFO - Sync 1 DAGs
[2022-07-29 02:25:56,191] {logging_mixin.py:115} INFO - [2022-07-29 02:25:56,191] {dag.py:2972} INFO - Setting next_dagrun for local_to_snowflake to None, run_after=None
[2022-07-29 02:25:56,207] {processor.py:161} INFO - Processing /opt/airflow/dags/localtosnowflake.py took 1.390 seconds
[2022-07-29 02:26:26,459] {processor.py:153} INFO - Started process (PID=1376) to work on /opt/airflow/dags/localtosnowflake.py
[2022-07-29 02:26:26,460] {processor.py:641} INFO - Processing file /opt/airflow/dags/localtosnowflake.py for tasks to queue
[2022-07-29 02:26:26,461] {logging_mixin.py:115} INFO - [2022-07-29 02:26:26,461] {dagbag.py:508} INFO - Filling up the DagBag from /opt/airflow/dags/localtosnowflake.py
[2022-07-29 02:26:27,662] {processor.py:651} INFO - DAG(s) dict_keys(['local_to_snowflake']) retrieved from /opt/airflow/dags/localtosnowflake.py
[2022-07-29 02:26:27,737] {logging_mixin.py:115} INFO - [2022-07-29 02:26:27,736] {dag.py:2420} INFO - Sync 1 DAGs
[2022-07-29 02:26:27,781] {logging_mixin.py:115} INFO - [2022-07-29 02:26:27,781] {dag.py:2972} INFO - Setting next_dagrun for local_to_snowflake to None, run_after=None
[2022-07-29 02:26:27,824] {processor.py:161} INFO - Processing /opt/airflow/dags/localtosnowflake.py took 1.371 seconds
[2022-07-29 02:26:57,962] {processor.py:153} INFO - Started process (PID=1449) to work on /opt/airflow/dags/localtosnowflake.py
[2022-07-29 02:26:57,963] {processor.py:641} INFO - Processing file /opt/airflow/dags/localtosnowflake.py for tasks to queue
[2022-07-29 02:26:57,963] {logging_mixin.py:115} INFO - [2022-07-29 02:26:57,963] {dagbag.py:508} INFO - Filling up the DagBag from /opt/airflow/dags/localtosnowflake.py
[2022-07-29 02:26:58,752] {processor.py:651} INFO - DAG(s) dict_keys(['local_to_snowflake']) retrieved from /opt/airflow/dags/localtosnowflake.py
[2022-07-29 02:26:58,776] {logging_mixin.py:115} INFO - [2022-07-29 02:26:58,776] {dag.py:2420} INFO - Sync 1 DAGs
[2022-07-29 02:26:58,799] {logging_mixin.py:115} INFO - [2022-07-29 02:26:58,799] {dag.py:2972} INFO - Setting next_dagrun for local_to_snowflake to None, run_after=None
[2022-07-29 02:26:58,813] {processor.py:161} INFO - Processing /opt/airflow/dags/localtosnowflake.py took 0.857 seconds
[2022-07-29 02:27:30,018] {processor.py:153} INFO - Started process (PID=1531) to work on /opt/airflow/dags/localtosnowflake.py
[2022-07-29 02:27:30,028] {processor.py:641} INFO - Processing file /opt/airflow/dags/localtosnowflake.py for tasks to queue
[2022-07-29 02:27:30,029] {logging_mixin.py:115} INFO - [2022-07-29 02:27:30,029] {dagbag.py:508} INFO - Filling up the DagBag from /opt/airflow/dags/localtosnowflake.py
[2022-07-29 02:27:32,787] {processor.py:651} INFO - DAG(s) dict_keys(['local_to_snowflake']) retrieved from /opt/airflow/dags/localtosnowflake.py
[2022-07-29 02:27:32,870] {logging_mixin.py:115} INFO - [2022-07-29 02:27:32,870] {dag.py:2420} INFO - Sync 1 DAGs
[2022-07-29 02:27:32,926] {logging_mixin.py:115} INFO - [2022-07-29 02:27:32,926] {dag.py:2972} INFO - Setting next_dagrun for local_to_snowflake to None, run_after=None
[2022-07-29 02:27:32,961] {processor.py:161} INFO - Processing /opt/airflow/dags/localtosnowflake.py took 2.952 seconds
[2022-07-29 02:28:03,703] {processor.py:153} INFO - Started process (PID=1604) to work on /opt/airflow/dags/localtosnowflake.py
[2022-07-29 02:28:03,704] {processor.py:641} INFO - Processing file /opt/airflow/dags/localtosnowflake.py for tasks to queue
[2022-07-29 02:28:03,705] {logging_mixin.py:115} INFO - [2022-07-29 02:28:03,705] {dagbag.py:508} INFO - Filling up the DagBag from /opt/airflow/dags/localtosnowflake.py
[2022-07-29 02:28:04,872] {processor.py:651} INFO - DAG(s) dict_keys(['local_to_snowflake']) retrieved from /opt/airflow/dags/localtosnowflake.py
[2022-07-29 02:28:04,906] {logging_mixin.py:115} INFO - [2022-07-29 02:28:04,906] {dag.py:2420} INFO - Sync 1 DAGs
[2022-07-29 02:28:04,943] {logging_mixin.py:115} INFO - [2022-07-29 02:28:04,943] {dag.py:2972} INFO - Setting next_dagrun for local_to_snowflake to None, run_after=None
[2022-07-29 02:28:04,959] {processor.py:161} INFO - Processing /opt/airflow/dags/localtosnowflake.py took 1.263 seconds
[2022-07-29 02:28:35,693] {processor.py:153} INFO - Started process (PID=1686) to work on /opt/airflow/dags/localtosnowflake.py
[2022-07-29 02:28:35,694] {processor.py:641} INFO - Processing file /opt/airflow/dags/localtosnowflake.py for tasks to queue
[2022-07-29 02:28:35,695] {logging_mixin.py:115} INFO - [2022-07-29 02:28:35,695] {dagbag.py:508} INFO - Filling up the DagBag from /opt/airflow/dags/localtosnowflake.py
[2022-07-29 02:28:37,112] {processor.py:651} INFO - DAG(s) dict_keys(['local_to_snowflake']) retrieved from /opt/airflow/dags/localtosnowflake.py
[2022-07-29 02:28:37,151] {logging_mixin.py:115} INFO - [2022-07-29 02:28:37,150] {dag.py:2420} INFO - Sync 1 DAGs
[2022-07-29 02:28:37,187] {logging_mixin.py:115} INFO - [2022-07-29 02:28:37,187] {dag.py:2972} INFO - Setting next_dagrun for local_to_snowflake to None, run_after=None
[2022-07-29 02:28:37,203] {processor.py:161} INFO - Processing /opt/airflow/dags/localtosnowflake.py took 1.517 seconds
[2022-07-29 02:29:08,409] {processor.py:153} INFO - Started process (PID=1758) to work on /opt/airflow/dags/localtosnowflake.py
[2022-07-29 02:29:08,411] {processor.py:641} INFO - Processing file /opt/airflow/dags/localtosnowflake.py for tasks to queue
[2022-07-29 02:29:08,412] {logging_mixin.py:115} INFO - [2022-07-29 02:29:08,412] {dagbag.py:508} INFO - Filling up the DagBag from /opt/airflow/dags/localtosnowflake.py
[2022-07-29 02:29:10,032] {processor.py:651} INFO - DAG(s) dict_keys(['local_to_snowflake']) retrieved from /opt/airflow/dags/localtosnowflake.py
[2022-07-29 02:29:10,089] {logging_mixin.py:115} INFO - [2022-07-29 02:29:10,088] {dag.py:2420} INFO - Sync 1 DAGs
[2022-07-29 02:29:10,164] {logging_mixin.py:115} INFO - [2022-07-29 02:29:10,164] {dag.py:2972} INFO - Setting next_dagrun for local_to_snowflake to None, run_after=None
[2022-07-29 02:29:10,235] {processor.py:161} INFO - Processing /opt/airflow/dags/localtosnowflake.py took 1.833 seconds
[2022-07-29 02:29:40,391] {processor.py:153} INFO - Started process (PID=1840) to work on /opt/airflow/dags/localtosnowflake.py
[2022-07-29 02:29:40,392] {processor.py:641} INFO - Processing file /opt/airflow/dags/localtosnowflake.py for tasks to queue
[2022-07-29 02:29:40,393] {logging_mixin.py:115} INFO - [2022-07-29 02:29:40,392] {dagbag.py:508} INFO - Filling up the DagBag from /opt/airflow/dags/localtosnowflake.py
[2022-07-29 02:29:41,215] {processor.py:651} INFO - DAG(s) dict_keys(['local_to_snowflake']) retrieved from /opt/airflow/dags/localtosnowflake.py
[2022-07-29 02:29:41,239] {logging_mixin.py:115} INFO - [2022-07-29 02:29:41,239] {dag.py:2420} INFO - Sync 1 DAGs
[2022-07-29 02:29:41,262] {logging_mixin.py:115} INFO - [2022-07-29 02:29:41,262] {dag.py:2972} INFO - Setting next_dagrun for local_to_snowflake to None, run_after=None
[2022-07-29 02:29:41,325] {processor.py:161} INFO - Processing /opt/airflow/dags/localtosnowflake.py took 0.942 seconds
[2022-07-29 02:30:12,154] {processor.py:153} INFO - Started process (PID=1912) to work on /opt/airflow/dags/localtosnowflake.py
[2022-07-29 02:30:12,155] {processor.py:641} INFO - Processing file /opt/airflow/dags/localtosnowflake.py for tasks to queue
[2022-07-29 02:30:12,156] {logging_mixin.py:115} INFO - [2022-07-29 02:30:12,156] {dagbag.py:508} INFO - Filling up the DagBag from /opt/airflow/dags/localtosnowflake.py
[2022-07-29 02:30:13,385] {processor.py:651} INFO - DAG(s) dict_keys(['local_to_snowflake']) retrieved from /opt/airflow/dags/localtosnowflake.py
[2022-07-29 02:30:13,421] {logging_mixin.py:115} INFO - [2022-07-29 02:30:13,420] {dag.py:2420} INFO - Sync 1 DAGs
[2022-07-29 02:30:13,456] {logging_mixin.py:115} INFO - [2022-07-29 02:30:13,456] {dag.py:2972} INFO - Setting next_dagrun for local_to_snowflake to None, run_after=None
[2022-07-29 02:30:13,473] {processor.py:161} INFO - Processing /opt/airflow/dags/localtosnowflake.py took 1.324 seconds
[2022-07-29 02:30:45,232] {processor.py:153} INFO - Started process (PID=1989) to work on /opt/airflow/dags/localtosnowflake.py
[2022-07-29 02:30:45,233] {processor.py:641} INFO - Processing file /opt/airflow/dags/localtosnowflake.py for tasks to queue
[2022-07-29 02:30:45,234] {logging_mixin.py:115} INFO - [2022-07-29 02:30:45,233] {dagbag.py:508} INFO - Filling up the DagBag from /opt/airflow/dags/localtosnowflake.py
[2022-07-29 02:30:46,983] {processor.py:651} INFO - DAG(s) dict_keys(['local_to_snowflake']) retrieved from /opt/airflow/dags/localtosnowflake.py
[2022-07-29 02:30:47,053] {logging_mixin.py:115} INFO - [2022-07-29 02:30:47,052] {dag.py:2420} INFO - Sync 1 DAGs
[2022-07-29 02:30:47,136] {logging_mixin.py:115} INFO - [2022-07-29 02:30:47,136] {dag.py:2972} INFO - Setting next_dagrun for local_to_snowflake to None, run_after=None
[2022-07-29 02:30:47,160] {processor.py:161} INFO - Processing /opt/airflow/dags/localtosnowflake.py took 1.935 seconds
[2022-07-29 02:31:18,200] {processor.py:153} INFO - Started process (PID=2065) to work on /opt/airflow/dags/localtosnowflake.py
[2022-07-29 02:31:18,205] {processor.py:641} INFO - Processing file /opt/airflow/dags/localtosnowflake.py for tasks to queue
[2022-07-29 02:31:18,206] {logging_mixin.py:115} INFO - [2022-07-29 02:31:18,206] {dagbag.py:508} INFO - Filling up the DagBag from /opt/airflow/dags/localtosnowflake.py
[2022-07-29 02:31:19,365] {processor.py:651} INFO - DAG(s) dict_keys(['local_to_snowflake']) retrieved from /opt/airflow/dags/localtosnowflake.py
[2022-07-29 02:31:19,402] {logging_mixin.py:115} INFO - [2022-07-29 02:31:19,402] {dag.py:2420} INFO - Sync 1 DAGs
[2022-07-29 02:31:19,437] {logging_mixin.py:115} INFO - [2022-07-29 02:31:19,437] {dag.py:2972} INFO - Setting next_dagrun for local_to_snowflake to None, run_after=None
[2022-07-29 02:31:19,453] {processor.py:161} INFO - Processing /opt/airflow/dags/localtosnowflake.py took 1.268 seconds
[2022-07-29 02:31:49,822] {processor.py:153} INFO - Started process (PID=2138) to work on /opt/airflow/dags/localtosnowflake.py
[2022-07-29 02:31:49,823] {processor.py:641} INFO - Processing file /opt/airflow/dags/localtosnowflake.py for tasks to queue
[2022-07-29 02:31:49,824] {logging_mixin.py:115} INFO - [2022-07-29 02:31:49,823] {dagbag.py:508} INFO - Filling up the DagBag from /opt/airflow/dags/localtosnowflake.py
[2022-07-29 02:31:51,064] {processor.py:651} INFO - DAG(s) dict_keys(['local_to_snowflake']) retrieved from /opt/airflow/dags/localtosnowflake.py
[2022-07-29 02:31:51,101] {logging_mixin.py:115} INFO - [2022-07-29 02:31:51,100] {dag.py:2420} INFO - Sync 1 DAGs
[2022-07-29 02:31:51,137] {logging_mixin.py:115} INFO - [2022-07-29 02:31:51,137] {dag.py:2972} INFO - Setting next_dagrun for local_to_snowflake to None, run_after=None
[2022-07-29 02:31:51,153] {processor.py:161} INFO - Processing /opt/airflow/dags/localtosnowflake.py took 1.339 seconds
[2022-07-29 02:32:22,008] {processor.py:153} INFO - Started process (PID=2218) to work on /opt/airflow/dags/localtosnowflake.py
[2022-07-29 02:32:22,009] {processor.py:641} INFO - Processing file /opt/airflow/dags/localtosnowflake.py for tasks to queue
[2022-07-29 02:32:22,010] {logging_mixin.py:115} INFO - [2022-07-29 02:32:22,010] {dagbag.py:508} INFO - Filling up the DagBag from /opt/airflow/dags/localtosnowflake.py
[2022-07-29 02:32:23,592] {processor.py:651} INFO - DAG(s) dict_keys(['local_to_snowflake']) retrieved from /opt/airflow/dags/localtosnowflake.py
[2022-07-29 02:32:23,660] {logging_mixin.py:115} INFO - [2022-07-29 02:32:23,660] {dag.py:2420} INFO - Sync 1 DAGs
[2022-07-29 02:32:23,728] {logging_mixin.py:115} INFO - [2022-07-29 02:32:23,728] {dag.py:2972} INFO - Setting next_dagrun for local_to_snowflake to None, run_after=None
[2022-07-29 02:32:23,758] {processor.py:161} INFO - Processing /opt/airflow/dags/localtosnowflake.py took 1.769 seconds
[2022-07-29 02:32:54,106] {processor.py:153} INFO - Started process (PID=2293) to work on /opt/airflow/dags/localtosnowflake.py
[2022-07-29 02:32:54,107] {processor.py:641} INFO - Processing file /opt/airflow/dags/localtosnowflake.py for tasks to queue
[2022-07-29 02:32:54,107] {logging_mixin.py:115} INFO - [2022-07-29 02:32:54,107] {dagbag.py:508} INFO - Filling up the DagBag from /opt/airflow/dags/localtosnowflake.py
[2022-07-29 02:32:55,221] {processor.py:651} INFO - DAG(s) dict_keys(['local_to_snowflake']) retrieved from /opt/airflow/dags/localtosnowflake.py
[2022-07-29 02:32:55,257] {logging_mixin.py:115} INFO - [2022-07-29 02:32:55,256] {dag.py:2420} INFO - Sync 1 DAGs
[2022-07-29 02:32:55,293] {logging_mixin.py:115} INFO - [2022-07-29 02:32:55,293] {dag.py:2972} INFO - Setting next_dagrun for local_to_snowflake to None, run_after=None
[2022-07-29 02:32:55,314] {processor.py:161} INFO - Processing /opt/airflow/dags/localtosnowflake.py took 1.215 seconds
[2022-07-29 02:33:26,275] {processor.py:153} INFO - Started process (PID=2366) to work on /opt/airflow/dags/localtosnowflake.py
[2022-07-29 02:33:26,276] {processor.py:641} INFO - Processing file /opt/airflow/dags/localtosnowflake.py for tasks to queue
[2022-07-29 02:33:26,277] {logging_mixin.py:115} INFO - [2022-07-29 02:33:26,277] {dagbag.py:508} INFO - Filling up the DagBag from /opt/airflow/dags/localtosnowflake.py
[2022-07-29 02:33:27,525] {processor.py:651} INFO - DAG(s) dict_keys(['local_to_snowflake']) retrieved from /opt/airflow/dags/localtosnowflake.py
[2022-07-29 02:33:27,677] {logging_mixin.py:115} INFO - [2022-07-29 02:33:27,676] {dag.py:2420} INFO - Sync 1 DAGs
[2022-07-29 02:33:27,760] {logging_mixin.py:115} INFO - [2022-07-29 02:33:27,760] {dag.py:2972} INFO - Setting next_dagrun for local_to_snowflake to None, run_after=None
[2022-07-29 02:33:27,787] {processor.py:161} INFO - Processing /opt/airflow/dags/localtosnowflake.py took 1.518 seconds
[2022-07-29 02:33:58,879] {processor.py:153} INFO - Started process (PID=2449) to work on /opt/airflow/dags/localtosnowflake.py
[2022-07-29 02:33:58,880] {processor.py:641} INFO - Processing file /opt/airflow/dags/localtosnowflake.py for tasks to queue
[2022-07-29 02:33:58,881] {logging_mixin.py:115} INFO - [2022-07-29 02:33:58,881] {dagbag.py:508} INFO - Filling up the DagBag from /opt/airflow/dags/localtosnowflake.py
[2022-07-29 02:34:01,210] {processor.py:651} INFO - DAG(s) dict_keys(['local_to_snowflake']) retrieved from /opt/airflow/dags/localtosnowflake.py
[2022-07-29 02:34:01,245] {logging_mixin.py:115} INFO - [2022-07-29 02:34:01,244] {dag.py:2420} INFO - Sync 1 DAGs
[2022-07-29 02:34:01,281] {logging_mixin.py:115} INFO - [2022-07-29 02:34:01,281] {dag.py:2972} INFO - Setting next_dagrun for local_to_snowflake to None, run_after=None
[2022-07-29 02:34:01,302] {processor.py:161} INFO - Processing /opt/airflow/dags/localtosnowflake.py took 2.445 seconds
[2022-07-29 02:34:31,436] {processor.py:153} INFO - Started process (PID=2522) to work on /opt/airflow/dags/localtosnowflake.py
[2022-07-29 02:34:31,437] {processor.py:641} INFO - Processing file /opt/airflow/dags/localtosnowflake.py for tasks to queue
[2022-07-29 02:34:31,438] {logging_mixin.py:115} INFO - [2022-07-29 02:34:31,437] {dagbag.py:508} INFO - Filling up the DagBag from /opt/airflow/dags/localtosnowflake.py
[2022-07-29 02:34:32,426] {processor.py:651} INFO - DAG(s) dict_keys(['local_to_snowflake']) retrieved from /opt/airflow/dags/localtosnowflake.py
[2022-07-29 02:34:32,463] {logging_mixin.py:115} INFO - [2022-07-29 02:34:32,463] {dag.py:2420} INFO - Sync 1 DAGs
[2022-07-29 02:34:32,500] {logging_mixin.py:115} INFO - [2022-07-29 02:34:32,500] {dag.py:2972} INFO - Setting next_dagrun for local_to_snowflake to None, run_after=None
[2022-07-29 02:34:32,517] {processor.py:161} INFO - Processing /opt/airflow/dags/localtosnowflake.py took 1.086 seconds
[2022-07-29 02:35:02,886] {processor.py:153} INFO - Started process (PID=2605) to work on /opt/airflow/dags/localtosnowflake.py
[2022-07-29 02:35:02,887] {processor.py:641} INFO - Processing file /opt/airflow/dags/localtosnowflake.py for tasks to queue
[2022-07-29 02:35:02,888] {logging_mixin.py:115} INFO - [2022-07-29 02:35:02,888] {dagbag.py:508} INFO - Filling up the DagBag from /opt/airflow/dags/localtosnowflake.py
[2022-07-29 02:35:05,738] {processor.py:651} INFO - DAG(s) dict_keys(['local_to_snowflake']) retrieved from /opt/airflow/dags/localtosnowflake.py
[2022-07-29 02:35:05,812] {logging_mixin.py:115} INFO - [2022-07-29 02:35:05,812] {dag.py:2420} INFO - Sync 1 DAGs
[2022-07-29 02:35:05,882] {logging_mixin.py:115} INFO - [2022-07-29 02:35:05,882] {dag.py:2972} INFO - Setting next_dagrun for local_to_snowflake to None, run_after=None
[2022-07-29 02:35:05,912] {processor.py:161} INFO - Processing /opt/airflow/dags/localtosnowflake.py took 3.033 seconds
[2022-07-29 02:35:36,280] {processor.py:153} INFO - Started process (PID=2679) to work on /opt/airflow/dags/localtosnowflake.py
[2022-07-29 02:35:36,281] {processor.py:641} INFO - Processing file /opt/airflow/dags/localtosnowflake.py for tasks to queue
[2022-07-29 02:35:36,281] {logging_mixin.py:115} INFO - [2022-07-29 02:35:36,281] {dagbag.py:508} INFO - Filling up the DagBag from /opt/airflow/dags/localtosnowflake.py
[2022-07-29 02:35:37,590] {processor.py:651} INFO - DAG(s) dict_keys(['local_to_snowflake']) retrieved from /opt/airflow/dags/localtosnowflake.py
[2022-07-29 02:35:37,664] {logging_mixin.py:115} INFO - [2022-07-29 02:35:37,664] {dag.py:2420} INFO - Sync 1 DAGs
[2022-07-29 02:35:37,736] {logging_mixin.py:115} INFO - [2022-07-29 02:35:37,736] {dag.py:2972} INFO - Setting next_dagrun for local_to_snowflake to None, run_after=None
[2022-07-29 02:35:37,765] {processor.py:161} INFO - Processing /opt/airflow/dags/localtosnowflake.py took 1.490 seconds
[2022-07-29 02:36:07,899] {processor.py:153} INFO - Started process (PID=2761) to work on /opt/airflow/dags/localtosnowflake.py
[2022-07-29 02:36:07,900] {processor.py:641} INFO - Processing file /opt/airflow/dags/localtosnowflake.py for tasks to queue
[2022-07-29 02:36:07,900] {logging_mixin.py:115} INFO - [2022-07-29 02:36:07,900] {dagbag.py:508} INFO - Filling up the DagBag from /opt/airflow/dags/localtosnowflake.py
[2022-07-29 02:36:08,636] {processor.py:651} INFO - DAG(s) dict_keys(['local_to_snowflake']) retrieved from /opt/airflow/dags/localtosnowflake.py
[2022-07-29 02:36:08,661] {logging_mixin.py:115} INFO - [2022-07-29 02:36:08,661] {dag.py:2420} INFO - Sync 1 DAGs
[2022-07-29 02:36:08,685] {logging_mixin.py:115} INFO - [2022-07-29 02:36:08,685] {dag.py:2972} INFO - Setting next_dagrun for local_to_snowflake to None, run_after=None
[2022-07-29 02:36:08,698] {processor.py:161} INFO - Processing /opt/airflow/dags/localtosnowflake.py took 0.804 seconds
[2022-07-29 02:36:38,753] {processor.py:153} INFO - Started process (PID=2833) to work on /opt/airflow/dags/localtosnowflake.py
[2022-07-29 02:36:38,754] {processor.py:641} INFO - Processing file /opt/airflow/dags/localtosnowflake.py for tasks to queue
[2022-07-29 02:36:38,754] {logging_mixin.py:115} INFO - [2022-07-29 02:36:38,754] {dagbag.py:508} INFO - Filling up the DagBag from /opt/airflow/dags/localtosnowflake.py
[2022-07-29 02:36:40,521] {processor.py:651} INFO - DAG(s) dict_keys(['local_to_snowflake']) retrieved from /opt/airflow/dags/localtosnowflake.py
[2022-07-29 02:36:40,657] {logging_mixin.py:115} INFO - [2022-07-29 02:36:40,656] {dag.py:2420} INFO - Sync 1 DAGs
[2022-07-29 02:36:40,764] {logging_mixin.py:115} INFO - [2022-07-29 02:36:40,764] {dag.py:2972} INFO - Setting next_dagrun for local_to_snowflake to None, run_after=None
[2022-07-29 02:36:40,804] {processor.py:161} INFO - Processing /opt/airflow/dags/localtosnowflake.py took 2.058 seconds
[2022-07-29 02:37:11,155] {processor.py:153} INFO - Started process (PID=2915) to work on /opt/airflow/dags/localtosnowflake.py
[2022-07-29 02:37:11,160] {processor.py:641} INFO - Processing file /opt/airflow/dags/localtosnowflake.py for tasks to queue
[2022-07-29 02:37:11,161] {logging_mixin.py:115} INFO - [2022-07-29 02:37:11,160] {dagbag.py:508} INFO - Filling up the DagBag from /opt/airflow/dags/localtosnowflake.py
[2022-07-29 02:37:12,774] {processor.py:651} INFO - DAG(s) dict_keys(['local_to_snowflake']) retrieved from /opt/airflow/dags/localtosnowflake.py
[2022-07-29 02:37:12,872] {logging_mixin.py:115} INFO - [2022-07-29 02:37:12,871] {dag.py:2420} INFO - Sync 1 DAGs
[2022-07-29 02:37:13,001] {logging_mixin.py:115} INFO - [2022-07-29 02:37:13,001] {dag.py:2972} INFO - Setting next_dagrun for local_to_snowflake to None, run_after=None
[2022-07-29 02:37:13,069] {processor.py:161} INFO - Processing /opt/airflow/dags/localtosnowflake.py took 1.939 seconds
[2022-07-29 02:37:43,303] {processor.py:153} INFO - Started process (PID=2988) to work on /opt/airflow/dags/localtosnowflake.py
[2022-07-29 02:37:43,304] {processor.py:641} INFO - Processing file /opt/airflow/dags/localtosnowflake.py for tasks to queue
[2022-07-29 02:37:43,305] {logging_mixin.py:115} INFO - [2022-07-29 02:37:43,305] {dagbag.py:508} INFO - Filling up the DagBag from /opt/airflow/dags/localtosnowflake.py
[2022-07-29 02:37:44,682] {processor.py:651} INFO - DAG(s) dict_keys(['local_to_snowflake']) retrieved from /opt/airflow/dags/localtosnowflake.py
[2022-07-29 02:37:44,716] {logging_mixin.py:115} INFO - [2022-07-29 02:37:44,715] {dag.py:2420} INFO - Sync 1 DAGs
[2022-07-29 02:37:44,741] {logging_mixin.py:115} INFO - [2022-07-29 02:37:44,740] {dag.py:2972} INFO - Setting next_dagrun for local_to_snowflake to None, run_after=None
[2022-07-29 02:37:44,763] {processor.py:161} INFO - Processing /opt/airflow/dags/localtosnowflake.py took 1.467 seconds
[2022-07-29 02:38:15,087] {processor.py:153} INFO - Started process (PID=3063) to work on /opt/airflow/dags/localtosnowflake.py
[2022-07-29 02:38:15,088] {processor.py:641} INFO - Processing file /opt/airflow/dags/localtosnowflake.py for tasks to queue
[2022-07-29 02:38:15,088] {logging_mixin.py:115} INFO - [2022-07-29 02:38:15,088] {dagbag.py:508} INFO - Filling up the DagBag from /opt/airflow/dags/localtosnowflake.py
[2022-07-29 02:38:15,839] {processor.py:651} INFO - DAG(s) dict_keys(['local_to_snowflake']) retrieved from /opt/airflow/dags/localtosnowflake.py
[2022-07-29 02:38:15,863] {logging_mixin.py:115} INFO - [2022-07-29 02:38:15,863] {dag.py:2420} INFO - Sync 1 DAGs
[2022-07-29 02:38:15,887] {logging_mixin.py:115} INFO - [2022-07-29 02:38:15,887] {dag.py:2972} INFO - Setting next_dagrun for local_to_snowflake to None, run_after=None
[2022-07-29 02:38:15,900] {processor.py:161} INFO - Processing /opt/airflow/dags/localtosnowflake.py took 0.818 seconds
[2022-07-29 02:38:46,791] {processor.py:153} INFO - Started process (PID=3145) to work on /opt/airflow/dags/localtosnowflake.py
[2022-07-29 02:38:46,793] {processor.py:641} INFO - Processing file /opt/airflow/dags/localtosnowflake.py for tasks to queue
[2022-07-29 02:38:46,794] {logging_mixin.py:115} INFO - [2022-07-29 02:38:46,794] {dagbag.py:508} INFO - Filling up the DagBag from /opt/airflow/dags/localtosnowflake.py
[2022-07-29 02:38:48,685] {processor.py:651} INFO - DAG(s) dict_keys(['local_to_snowflake']) retrieved from /opt/airflow/dags/localtosnowflake.py
[2022-07-29 02:38:48,723] {logging_mixin.py:115} INFO - [2022-07-29 02:38:48,722] {dag.py:2420} INFO - Sync 1 DAGs
[2022-07-29 02:38:48,760] {logging_mixin.py:115} INFO - [2022-07-29 02:38:48,760] {dag.py:2972} INFO - Setting next_dagrun for local_to_snowflake to None, run_after=None
[2022-07-29 02:38:48,781] {processor.py:161} INFO - Processing /opt/airflow/dags/localtosnowflake.py took 2.023 seconds
[2022-07-29 02:39:19,579] {processor.py:153} INFO - Started process (PID=3218) to work on /opt/airflow/dags/localtosnowflake.py
[2022-07-29 02:39:19,580] {processor.py:641} INFO - Processing file /opt/airflow/dags/localtosnowflake.py for tasks to queue
[2022-07-29 02:39:19,581] {logging_mixin.py:115} INFO - [2022-07-29 02:39:19,581] {dagbag.py:508} INFO - Filling up the DagBag from /opt/airflow/dags/localtosnowflake.py
[2022-07-29 02:39:20,885] {processor.py:651} INFO - DAG(s) dict_keys(['local_to_snowflake']) retrieved from /opt/airflow/dags/localtosnowflake.py
[2022-07-29 02:39:20,922] {logging_mixin.py:115} INFO - [2022-07-29 02:39:20,922] {dag.py:2420} INFO - Sync 1 DAGs
[2022-07-29 02:39:20,959] {logging_mixin.py:115} INFO - [2022-07-29 02:39:20,959] {dag.py:2972} INFO - Setting next_dagrun for local_to_snowflake to None, run_after=None
[2022-07-29 02:39:20,977] {processor.py:161} INFO - Processing /opt/airflow/dags/localtosnowflake.py took 1.405 seconds
[2022-07-29 02:39:51,791] {processor.py:153} INFO - Started process (PID=3291) to work on /opt/airflow/dags/localtosnowflake.py
[2022-07-29 02:39:51,792] {processor.py:641} INFO - Processing file /opt/airflow/dags/localtosnowflake.py for tasks to queue
[2022-07-29 02:39:51,793] {logging_mixin.py:115} INFO - [2022-07-29 02:39:51,793] {dagbag.py:508} INFO - Filling up the DagBag from /opt/airflow/dags/localtosnowflake.py
[2022-07-29 02:39:52,925] {processor.py:651} INFO - DAG(s) dict_keys(['local_to_snowflake']) retrieved from /opt/airflow/dags/localtosnowflake.py
[2022-07-29 02:39:52,961] {logging_mixin.py:115} INFO - [2022-07-29 02:39:52,961] {dag.py:2420} INFO - Sync 1 DAGs
[2022-07-29 02:39:52,999] {logging_mixin.py:115} INFO - [2022-07-29 02:39:52,999] {dag.py:2972} INFO - Setting next_dagrun for local_to_snowflake to None, run_after=None
[2022-07-29 02:39:53,016] {processor.py:161} INFO - Processing /opt/airflow/dags/localtosnowflake.py took 1.232 seconds
[2022-07-29 02:40:23,592] {processor.py:153} INFO - Started process (PID=3373) to work on /opt/airflow/dags/localtosnowflake.py
[2022-07-29 02:40:23,593] {processor.py:641} INFO - Processing file /opt/airflow/dags/localtosnowflake.py for tasks to queue
[2022-07-29 02:40:23,594] {logging_mixin.py:115} INFO - [2022-07-29 02:40:23,593] {dagbag.py:508} INFO - Filling up the DagBag from /opt/airflow/dags/localtosnowflake.py
[2022-07-29 02:40:26,201] {processor.py:651} INFO - DAG(s) dict_keys(['local_to_snowflake']) retrieved from /opt/airflow/dags/localtosnowflake.py
[2022-07-29 02:40:26,239] {logging_mixin.py:115} INFO - [2022-07-29 02:40:26,238] {dag.py:2420} INFO - Sync 1 DAGs
[2022-07-29 02:40:26,274] {logging_mixin.py:115} INFO - [2022-07-29 02:40:26,274] {dag.py:2972} INFO - Setting next_dagrun for local_to_snowflake to None, run_after=None
[2022-07-29 02:40:26,294] {processor.py:161} INFO - Processing /opt/airflow/dags/localtosnowflake.py took 2.729 seconds
[2022-07-29 02:40:56,519] {processor.py:153} INFO - Started process (PID=3454) to work on /opt/airflow/dags/localtosnowflake.py
[2022-07-29 02:40:56,520] {processor.py:641} INFO - Processing file /opt/airflow/dags/localtosnowflake.py for tasks to queue
[2022-07-29 02:40:56,521] {logging_mixin.py:115} INFO - [2022-07-29 02:40:56,521] {dagbag.py:508} INFO - Filling up the DagBag from /opt/airflow/dags/localtosnowflake.py
[2022-07-29 02:40:58,059] {processor.py:651} INFO - DAG(s) dict_keys(['local_to_snowflake']) retrieved from /opt/airflow/dags/localtosnowflake.py
[2022-07-29 02:40:58,098] {logging_mixin.py:115} INFO - [2022-07-29 02:40:58,098] {dag.py:2420} INFO - Sync 1 DAGs
[2022-07-29 02:40:58,133] {logging_mixin.py:115} INFO - [2022-07-29 02:40:58,133] {dag.py:2972} INFO - Setting next_dagrun for local_to_snowflake to None, run_after=None
[2022-07-29 02:40:58,150] {processor.py:161} INFO - Processing /opt/airflow/dags/localtosnowflake.py took 1.638 seconds
[2022-07-29 02:41:28,631] {processor.py:153} INFO - Started process (PID=3527) to work on /opt/airflow/dags/localtosnowflake.py
[2022-07-29 02:41:28,632] {processor.py:641} INFO - Processing file /opt/airflow/dags/localtosnowflake.py for tasks to queue
[2022-07-29 02:41:28,633] {logging_mixin.py:115} INFO - [2022-07-29 02:41:28,632] {dagbag.py:508} INFO - Filling up the DagBag from /opt/airflow/dags/localtosnowflake.py
[2022-07-29 02:41:30,914] {processor.py:651} INFO - DAG(s) dict_keys(['local_to_snowflake']) retrieved from /opt/airflow/dags/localtosnowflake.py
[2022-07-29 02:41:31,028] {logging_mixin.py:115} INFO - [2022-07-29 02:41:31,028] {dag.py:2420} INFO - Sync 1 DAGs
[2022-07-29 02:41:31,128] {logging_mixin.py:115} INFO - [2022-07-29 02:41:31,128] {dag.py:2972} INFO - Setting next_dagrun for local_to_snowflake to None, run_after=None
[2022-07-29 02:41:31,180] {processor.py:161} INFO - Processing /opt/airflow/dags/localtosnowflake.py took 2.556 seconds
[2022-07-29 02:42:01,318] {processor.py:153} INFO - Started process (PID=3609) to work on /opt/airflow/dags/localtosnowflake.py
[2022-07-29 02:42:01,319] {processor.py:641} INFO - Processing file /opt/airflow/dags/localtosnowflake.py for tasks to queue
[2022-07-29 02:42:01,320] {logging_mixin.py:115} INFO - [2022-07-29 02:42:01,320] {dagbag.py:508} INFO - Filling up the DagBag from /opt/airflow/dags/localtosnowflake.py
[2022-07-29 02:42:03,544] {processor.py:651} INFO - DAG(s) dict_keys(['local_to_snowflake']) retrieved from /opt/airflow/dags/localtosnowflake.py
[2022-07-29 02:42:03,605] {logging_mixin.py:115} INFO - [2022-07-29 02:42:03,604] {dag.py:2420} INFO - Sync 1 DAGs
[2022-07-29 02:42:03,676] {logging_mixin.py:115} INFO - [2022-07-29 02:42:03,676] {dag.py:2972} INFO - Setting next_dagrun for local_to_snowflake to None, run_after=None
[2022-07-29 02:42:03,705] {processor.py:161} INFO - Processing /opt/airflow/dags/localtosnowflake.py took 2.406 seconds
[2022-07-29 02:42:33,867] {processor.py:153} INFO - Started process (PID=3681) to work on /opt/airflow/dags/localtosnowflake.py
[2022-07-29 02:42:33,868] {processor.py:641} INFO - Processing file /opt/airflow/dags/localtosnowflake.py for tasks to queue
[2022-07-29 02:42:33,869] {logging_mixin.py:115} INFO - [2022-07-29 02:42:33,869] {dagbag.py:508} INFO - Filling up the DagBag from /opt/airflow/dags/localtosnowflake.py
[2022-07-29 02:42:35,014] {processor.py:651} INFO - DAG(s) dict_keys(['local_to_snowflake']) retrieved from /opt/airflow/dags/localtosnowflake.py
[2022-07-29 02:42:35,051] {logging_mixin.py:115} INFO - [2022-07-29 02:42:35,050] {dag.py:2420} INFO - Sync 1 DAGs
[2022-07-29 02:42:35,089] {logging_mixin.py:115} INFO - [2022-07-29 02:42:35,089] {dag.py:2972} INFO - Setting next_dagrun for local_to_snowflake to None, run_after=None
[2022-07-29 02:42:35,107] {processor.py:161} INFO - Processing /opt/airflow/dags/localtosnowflake.py took 1.247 seconds
[2022-07-29 02:43:05,429] {processor.py:153} INFO - Started process (PID=3754) to work on /opt/airflow/dags/localtosnowflake.py
[2022-07-29 02:43:05,430] {processor.py:641} INFO - Processing file /opt/airflow/dags/localtosnowflake.py for tasks to queue
[2022-07-29 02:43:05,431] {logging_mixin.py:115} INFO - [2022-07-29 02:43:05,431] {dagbag.py:508} INFO - Filling up the DagBag from /opt/airflow/dags/localtosnowflake.py
[2022-07-29 02:43:07,001] {processor.py:651} INFO - DAG(s) dict_keys(['local_to_snowflake']) retrieved from /opt/airflow/dags/localtosnowflake.py
[2022-07-29 02:43:07,068] {logging_mixin.py:115} INFO - [2022-07-29 02:43:07,068] {dag.py:2420} INFO - Sync 1 DAGs
[2022-07-29 02:43:07,114] {logging_mixin.py:115} INFO - [2022-07-29 02:43:07,113] {dag.py:2972} INFO - Setting next_dagrun for local_to_snowflake to None, run_after=None
[2022-07-29 02:43:07,140] {processor.py:161} INFO - Processing /opt/airflow/dags/localtosnowflake.py took 1.718 seconds
[2022-07-29 02:43:37,865] {processor.py:153} INFO - Started process (PID=3833) to work on /opt/airflow/dags/localtosnowflake.py
[2022-07-29 02:43:37,865] {processor.py:641} INFO - Processing file /opt/airflow/dags/localtosnowflake.py for tasks to queue
[2022-07-29 02:43:37,866] {logging_mixin.py:115} INFO - [2022-07-29 02:43:37,866] {dagbag.py:508} INFO - Filling up the DagBag from /opt/airflow/dags/localtosnowflake.py
[2022-07-29 02:43:40,069] {processor.py:651} INFO - DAG(s) dict_keys(['local_to_snowflake']) retrieved from /opt/airflow/dags/localtosnowflake.py
[2022-07-29 02:43:40,152] {logging_mixin.py:115} INFO - [2022-07-29 02:43:40,152] {dag.py:2420} INFO - Sync 1 DAGs
[2022-07-29 02:43:40,189] {logging_mixin.py:115} INFO - [2022-07-29 02:43:40,189] {dag.py:2972} INFO - Setting next_dagrun for local_to_snowflake to None, run_after=None
[2022-07-29 02:43:40,213] {processor.py:161} INFO - Processing /opt/airflow/dags/localtosnowflake.py took 2.383 seconds
[2022-07-29 02:44:10,761] {processor.py:153} INFO - Started process (PID=3908) to work on /opt/airflow/dags/localtosnowflake.py
[2022-07-29 02:44:10,762] {processor.py:641} INFO - Processing file /opt/airflow/dags/localtosnowflake.py for tasks to queue
[2022-07-29 02:44:10,763] {logging_mixin.py:115} INFO - [2022-07-29 02:44:10,763] {dagbag.py:508} INFO - Filling up the DagBag from /opt/airflow/dags/localtosnowflake.py
[2022-07-29 02:44:12,657] {processor.py:651} INFO - DAG(s) dict_keys(['local_to_snowflake']) retrieved from /opt/airflow/dags/localtosnowflake.py
[2022-07-29 02:44:12,730] {logging_mixin.py:115} INFO - [2022-07-29 02:44:12,729] {dag.py:2420} INFO - Sync 1 DAGs
[2022-07-29 02:44:12,765] {logging_mixin.py:115} INFO - [2022-07-29 02:44:12,765] {dag.py:2972} INFO - Setting next_dagrun for local_to_snowflake to None, run_after=None
[2022-07-29 02:44:12,790] {processor.py:161} INFO - Processing /opt/airflow/dags/localtosnowflake.py took 2.036 seconds
[2022-07-29 02:44:43,716] {processor.py:153} INFO - Started process (PID=3989) to work on /opt/airflow/dags/localtosnowflake.py
[2022-07-29 02:44:43,722] {processor.py:641} INFO - Processing file /opt/airflow/dags/localtosnowflake.py for tasks to queue
[2022-07-29 02:44:43,723] {logging_mixin.py:115} INFO - [2022-07-29 02:44:43,722] {dagbag.py:508} INFO - Filling up the DagBag from /opt/airflow/dags/localtosnowflake.py
[2022-07-29 02:44:45,471] {processor.py:651} INFO - DAG(s) dict_keys(['local_to_snowflake']) retrieved from /opt/airflow/dags/localtosnowflake.py
[2022-07-29 02:44:45,508] {logging_mixin.py:115} INFO - [2022-07-29 02:44:45,507] {dag.py:2420} INFO - Sync 1 DAGs
[2022-07-29 02:44:45,544] {logging_mixin.py:115} INFO - [2022-07-29 02:44:45,544] {dag.py:2972} INFO - Setting next_dagrun for local_to_snowflake to None, run_after=None
[2022-07-29 02:44:45,570] {processor.py:161} INFO - Processing /opt/airflow/dags/localtosnowflake.py took 1.872 seconds
[2022-07-29 02:45:15,879] {processor.py:153} INFO - Started process (PID=4064) to work on /opt/airflow/dags/localtosnowflake.py
[2022-07-29 02:45:15,880] {processor.py:641} INFO - Processing file /opt/airflow/dags/localtosnowflake.py for tasks to queue
[2022-07-29 02:45:15,881] {logging_mixin.py:115} INFO - [2022-07-29 02:45:15,881] {dagbag.py:508} INFO - Filling up the DagBag from /opt/airflow/dags/localtosnowflake.py
[2022-07-29 02:45:16,925] {processor.py:651} INFO - DAG(s) dict_keys(['local_to_snowflake']) retrieved from /opt/airflow/dags/localtosnowflake.py
[2022-07-29 02:45:16,963] {logging_mixin.py:115} INFO - [2022-07-29 02:45:16,962] {dag.py:2420} INFO - Sync 1 DAGs
[2022-07-29 02:45:17,002] {logging_mixin.py:115} INFO - [2022-07-29 02:45:17,002] {dag.py:2972} INFO - Setting next_dagrun for local_to_snowflake to None, run_after=None
[2022-07-29 02:45:17,020] {processor.py:161} INFO - Processing /opt/airflow/dags/localtosnowflake.py took 1.147 seconds
[2022-07-29 02:45:47,143] {processor.py:153} INFO - Started process (PID=4137) to work on /opt/airflow/dags/localtosnowflake.py
[2022-07-29 02:45:47,144] {processor.py:641} INFO - Processing file /opt/airflow/dags/localtosnowflake.py for tasks to queue
[2022-07-29 02:45:47,144] {logging_mixin.py:115} INFO - [2022-07-29 02:45:47,144] {dagbag.py:508} INFO - Filling up the DagBag from /opt/airflow/dags/localtosnowflake.py
[2022-07-29 02:45:48,696] {processor.py:651} INFO - DAG(s) dict_keys(['local_to_snowflake']) retrieved from /opt/airflow/dags/localtosnowflake.py
[2022-07-29 02:45:48,734] {logging_mixin.py:115} INFO - [2022-07-29 02:45:48,734] {dag.py:2420} INFO - Sync 1 DAGs
[2022-07-29 02:45:48,772] {logging_mixin.py:115} INFO - [2022-07-29 02:45:48,771] {dag.py:2972} INFO - Setting next_dagrun for local_to_snowflake to None, run_after=None
[2022-07-29 02:45:48,788] {processor.py:161} INFO - Processing /opt/airflow/dags/localtosnowflake.py took 1.663 seconds
[2022-07-29 02:46:18,986] {processor.py:153} INFO - Started process (PID=4210) to work on /opt/airflow/dags/localtosnowflake.py
[2022-07-29 02:46:18,987] {processor.py:641} INFO - Processing file /opt/airflow/dags/localtosnowflake.py for tasks to queue
[2022-07-29 02:46:18,988] {logging_mixin.py:115} INFO - [2022-07-29 02:46:18,988] {dagbag.py:508} INFO - Filling up the DagBag from /opt/airflow/dags/localtosnowflake.py
[2022-07-29 02:46:20,362] {processor.py:651} INFO - DAG(s) dict_keys(['local_to_snowflake']) retrieved from /opt/airflow/dags/localtosnowflake.py
[2022-07-29 02:46:20,397] {logging_mixin.py:115} INFO - [2022-07-29 02:46:20,397] {dag.py:2420} INFO - Sync 1 DAGs
[2022-07-29 02:46:20,433] {logging_mixin.py:115} INFO - [2022-07-29 02:46:20,433] {dag.py:2972} INFO - Setting next_dagrun for local_to_snowflake to None, run_after=None
[2022-07-29 02:46:20,450] {processor.py:161} INFO - Processing /opt/airflow/dags/localtosnowflake.py took 1.470 seconds
[2022-07-29 02:46:51,478] {processor.py:153} INFO - Started process (PID=4293) to work on /opt/airflow/dags/localtosnowflake.py
[2022-07-29 02:46:51,479] {processor.py:641} INFO - Processing file /opt/airflow/dags/localtosnowflake.py for tasks to queue
[2022-07-29 02:46:51,480] {logging_mixin.py:115} INFO - [2022-07-29 02:46:51,480] {dagbag.py:508} INFO - Filling up the DagBag from /opt/airflow/dags/localtosnowflake.py
[2022-07-29 02:46:52,622] {processor.py:651} INFO - DAG(s) dict_keys(['local_to_snowflake']) retrieved from /opt/airflow/dags/localtosnowflake.py
[2022-07-29 02:46:52,659] {logging_mixin.py:115} INFO - [2022-07-29 02:46:52,658] {dag.py:2420} INFO - Sync 1 DAGs
[2022-07-29 02:46:52,695] {logging_mixin.py:115} INFO - [2022-07-29 02:46:52,695] {dag.py:2972} INFO - Setting next_dagrun for local_to_snowflake to None, run_after=None
[2022-07-29 02:46:52,713] {processor.py:161} INFO - Processing /opt/airflow/dags/localtosnowflake.py took 1.241 seconds
[2022-07-29 02:47:22,756] {processor.py:153} INFO - Started process (PID=4366) to work on /opt/airflow/dags/localtosnowflake.py
[2022-07-29 02:47:22,757] {processor.py:641} INFO - Processing file /opt/airflow/dags/localtosnowflake.py for tasks to queue
[2022-07-29 02:47:22,758] {logging_mixin.py:115} INFO - [2022-07-29 02:47:22,757] {dagbag.py:508} INFO - Filling up the DagBag from /opt/airflow/dags/localtosnowflake.py
[2022-07-29 02:47:23,463] {processor.py:651} INFO - DAG(s) dict_keys(['local_to_snowflake']) retrieved from /opt/airflow/dags/localtosnowflake.py
[2022-07-29 02:47:23,501] {logging_mixin.py:115} INFO - [2022-07-29 02:47:23,500] {dag.py:2420} INFO - Sync 1 DAGs
[2022-07-29 02:47:23,528] {logging_mixin.py:115} INFO - [2022-07-29 02:47:23,528] {dag.py:2972} INFO - Setting next_dagrun for local_to_snowflake to None, run_after=None
[2022-07-29 02:47:23,541] {processor.py:161} INFO - Processing /opt/airflow/dags/localtosnowflake.py took 0.792 seconds
[2022-07-29 02:47:54,195] {processor.py:153} INFO - Started process (PID=4450) to work on /opt/airflow/dags/localtosnowflake.py
[2022-07-29 02:47:54,196] {processor.py:641} INFO - Processing file /opt/airflow/dags/localtosnowflake.py for tasks to queue
[2022-07-29 02:47:54,196] {logging_mixin.py:115} INFO - [2022-07-29 02:47:54,196] {dagbag.py:508} INFO - Filling up the DagBag from /opt/airflow/dags/localtosnowflake.py
[2022-07-29 02:47:55,075] {processor.py:651} INFO - DAG(s) dict_keys(['local_to_snowflake']) retrieved from /opt/airflow/dags/localtosnowflake.py
[2022-07-29 02:47:55,120] {logging_mixin.py:115} INFO - [2022-07-29 02:47:55,119] {dag.py:2420} INFO - Sync 1 DAGs
[2022-07-29 02:47:55,159] {logging_mixin.py:115} INFO - [2022-07-29 02:47:55,159] {dag.py:2972} INFO - Setting next_dagrun for local_to_snowflake to None, run_after=None
[2022-07-29 02:47:55,180] {processor.py:161} INFO - Processing /opt/airflow/dags/localtosnowflake.py took 0.992 seconds
[2022-07-29 02:48:25,335] {processor.py:153} INFO - Started process (PID=4524) to work on /opt/airflow/dags/localtosnowflake.py
[2022-07-29 02:48:25,336] {processor.py:641} INFO - Processing file /opt/airflow/dags/localtosnowflake.py for tasks to queue
[2022-07-29 02:48:25,337] {logging_mixin.py:115} INFO - [2022-07-29 02:48:25,336] {dagbag.py:508} INFO - Filling up the DagBag from /opt/airflow/dags/localtosnowflake.py
[2022-07-29 02:48:26,368] {processor.py:651} INFO - DAG(s) dict_keys(['local_to_snowflake']) retrieved from /opt/airflow/dags/localtosnowflake.py
[2022-07-29 02:48:26,412] {logging_mixin.py:115} INFO - [2022-07-29 02:48:26,412] {dag.py:2420} INFO - Sync 1 DAGs
[2022-07-29 02:48:26,451] {logging_mixin.py:115} INFO - [2022-07-29 02:48:26,451] {dag.py:2972} INFO - Setting next_dagrun for local_to_snowflake to None, run_after=None
[2022-07-29 02:48:26,469] {processor.py:161} INFO - Processing /opt/airflow/dags/localtosnowflake.py took 1.141 seconds
[2022-07-29 02:48:56,777] {processor.py:153} INFO - Started process (PID=4608) to work on /opt/airflow/dags/localtosnowflake.py
[2022-07-29 02:48:56,778] {processor.py:641} INFO - Processing file /opt/airflow/dags/localtosnowflake.py for tasks to queue
[2022-07-29 02:48:56,778] {logging_mixin.py:115} INFO - [2022-07-29 02:48:56,778] {dagbag.py:508} INFO - Filling up the DagBag from /opt/airflow/dags/localtosnowflake.py
[2022-07-29 02:48:57,741] {processor.py:651} INFO - DAG(s) dict_keys(['local_to_snowflake']) retrieved from /opt/airflow/dags/localtosnowflake.py
[2022-07-29 02:48:57,786] {logging_mixin.py:115} INFO - [2022-07-29 02:48:57,786] {dag.py:2420} INFO - Sync 1 DAGs
[2022-07-29 02:48:57,826] {logging_mixin.py:115} INFO - [2022-07-29 02:48:57,826] {dag.py:2972} INFO - Setting next_dagrun for local_to_snowflake to None, run_after=None
[2022-07-29 02:48:57,844] {processor.py:161} INFO - Processing /opt/airflow/dags/localtosnowflake.py took 1.074 seconds
[2022-07-29 02:49:28,861] {processor.py:153} INFO - Started process (PID=4688) to work on /opt/airflow/dags/localtosnowflake.py
[2022-07-29 02:49:28,862] {processor.py:641} INFO - Processing file /opt/airflow/dags/localtosnowflake.py for tasks to queue
[2022-07-29 02:49:28,862] {logging_mixin.py:115} INFO - [2022-07-29 02:49:28,862] {dagbag.py:508} INFO - Filling up the DagBag from /opt/airflow/dags/localtosnowflake.py
[2022-07-29 02:49:29,805] {processor.py:651} INFO - DAG(s) dict_keys(['local_to_snowflake']) retrieved from /opt/airflow/dags/localtosnowflake.py
[2022-07-29 02:49:29,852] {logging_mixin.py:115} INFO - [2022-07-29 02:49:29,851] {dag.py:2420} INFO - Sync 1 DAGs
[2022-07-29 02:49:29,891] {logging_mixin.py:115} INFO - [2022-07-29 02:49:29,891] {dag.py:2972} INFO - Setting next_dagrun for local_to_snowflake to None, run_after=None
[2022-07-29 02:49:29,909] {processor.py:161} INFO - Processing /opt/airflow/dags/localtosnowflake.py took 1.056 seconds
[2022-07-29 02:50:00,017] {processor.py:153} INFO - Started process (PID=4764) to work on /opt/airflow/dags/localtosnowflake.py
[2022-07-29 02:50:00,018] {processor.py:641} INFO - Processing file /opt/airflow/dags/localtosnowflake.py for tasks to queue
[2022-07-29 02:50:00,019] {logging_mixin.py:115} INFO - [2022-07-29 02:50:00,019] {dagbag.py:508} INFO - Filling up the DagBag from /opt/airflow/dags/localtosnowflake.py
[2022-07-29 02:50:01,597] {processor.py:651} INFO - DAG(s) dict_keys(['local_to_snowflake']) retrieved from /opt/airflow/dags/localtosnowflake.py
[2022-07-29 02:50:01,629] {logging_mixin.py:115} INFO - [2022-07-29 02:50:01,628] {dag.py:2420} INFO - Sync 1 DAGs
[2022-07-29 02:50:01,656] {logging_mixin.py:115} INFO - [2022-07-29 02:50:01,656] {dag.py:2972} INFO - Setting next_dagrun for local_to_snowflake to None, run_after=None
[2022-07-29 02:50:01,673] {processor.py:161} INFO - Processing /opt/airflow/dags/localtosnowflake.py took 1.671 seconds
[2022-07-29 02:50:31,830] {processor.py:153} INFO - Started process (PID=4849) to work on /opt/airflow/dags/localtosnowflake.py
[2022-07-29 02:50:31,831] {processor.py:641} INFO - Processing file /opt/airflow/dags/localtosnowflake.py for tasks to queue
[2022-07-29 02:50:31,832] {logging_mixin.py:115} INFO - [2022-07-29 02:50:31,832] {dagbag.py:508} INFO - Filling up the DagBag from /opt/airflow/dags/localtosnowflake.py
[2022-07-29 02:50:32,773] {processor.py:651} INFO - DAG(s) dict_keys(['local_to_snowflake']) retrieved from /opt/airflow/dags/localtosnowflake.py
[2022-07-29 02:50:32,806] {logging_mixin.py:115} INFO - [2022-07-29 02:50:32,806] {dag.py:2420} INFO - Sync 1 DAGs
[2022-07-29 02:50:32,833] {logging_mixin.py:115} INFO - [2022-07-29 02:50:32,833] {dag.py:2972} INFO - Setting next_dagrun for local_to_snowflake to None, run_after=None
[2022-07-29 02:50:32,847] {processor.py:161} INFO - Processing /opt/airflow/dags/localtosnowflake.py took 1.024 seconds
[2022-07-29 02:51:03,115] {processor.py:153} INFO - Started process (PID=4926) to work on /opt/airflow/dags/localtosnowflake.py
[2022-07-29 02:51:03,119] {processor.py:641} INFO - Processing file /opt/airflow/dags/localtosnowflake.py for tasks to queue
[2022-07-29 02:51:03,120] {logging_mixin.py:115} INFO - [2022-07-29 02:51:03,120] {dagbag.py:508} INFO - Filling up the DagBag from /opt/airflow/dags/localtosnowflake.py
[2022-07-29 02:51:04,092] {processor.py:651} INFO - DAG(s) dict_keys(['local_to_snowflake']) retrieved from /opt/airflow/dags/localtosnowflake.py
[2022-07-29 02:51:04,137] {logging_mixin.py:115} INFO - [2022-07-29 02:51:04,136] {dag.py:2420} INFO - Sync 1 DAGs
[2022-07-29 02:51:04,186] {logging_mixin.py:115} INFO - [2022-07-29 02:51:04,185] {dag.py:2972} INFO - Setting next_dagrun for local_to_snowflake to None, run_after=None
[2022-07-29 02:51:04,203] {processor.py:161} INFO - Processing /opt/airflow/dags/localtosnowflake.py took 1.101 seconds
[2022-07-29 02:51:34,783] {processor.py:153} INFO - Started process (PID=5008) to work on /opt/airflow/dags/localtosnowflake.py
[2022-07-29 02:51:34,784] {processor.py:641} INFO - Processing file /opt/airflow/dags/localtosnowflake.py for tasks to queue
[2022-07-29 02:51:34,784] {logging_mixin.py:115} INFO - [2022-07-29 02:51:34,784] {dagbag.py:508} INFO - Filling up the DagBag from /opt/airflow/dags/localtosnowflake.py
[2022-07-29 02:51:35,514] {processor.py:651} INFO - DAG(s) dict_keys(['local_to_snowflake']) retrieved from /opt/airflow/dags/localtosnowflake.py
[2022-07-29 02:51:35,558] {logging_mixin.py:115} INFO - [2022-07-29 02:51:35,557] {dag.py:2420} INFO - Sync 1 DAGs
[2022-07-29 02:51:35,597] {logging_mixin.py:115} INFO - [2022-07-29 02:51:35,597] {dag.py:2972} INFO - Setting next_dagrun for local_to_snowflake to None, run_after=None
[2022-07-29 02:51:35,624] {processor.py:161} INFO - Processing /opt/airflow/dags/localtosnowflake.py took 0.846 seconds
[2022-07-29 02:52:06,188] {processor.py:153} INFO - Started process (PID=5088) to work on /opt/airflow/dags/localtosnowflake.py
[2022-07-29 02:52:06,189] {processor.py:641} INFO - Processing file /opt/airflow/dags/localtosnowflake.py for tasks to queue
[2022-07-29 02:52:06,190] {logging_mixin.py:115} INFO - [2022-07-29 02:52:06,190] {dagbag.py:508} INFO - Filling up the DagBag from /opt/airflow/dags/localtosnowflake.py
[2022-07-29 02:52:07,576] {processor.py:651} INFO - DAG(s) dict_keys(['local_to_snowflake']) retrieved from /opt/airflow/dags/localtosnowflake.py
[2022-07-29 02:52:07,675] {logging_mixin.py:115} INFO - [2022-07-29 02:52:07,675] {dag.py:2420} INFO - Sync 1 DAGs
[2022-07-29 02:52:07,715] {logging_mixin.py:115} INFO - [2022-07-29 02:52:07,714] {dag.py:2972} INFO - Setting next_dagrun for local_to_snowflake to None, run_after=None
[2022-07-29 02:52:07,740] {processor.py:161} INFO - Processing /opt/airflow/dags/localtosnowflake.py took 1.563 seconds
[2022-07-29 02:52:38,517] {processor.py:153} INFO - Started process (PID=5166) to work on /opt/airflow/dags/localtosnowflake.py
[2022-07-29 02:52:38,525] {processor.py:641} INFO - Processing file /opt/airflow/dags/localtosnowflake.py for tasks to queue
[2022-07-29 02:52:38,526] {logging_mixin.py:115} INFO - [2022-07-29 02:52:38,526] {dagbag.py:508} INFO - Filling up the DagBag from /opt/airflow/dags/localtosnowflake.py
[2022-07-29 02:52:40,406] {processor.py:651} INFO - DAG(s) dict_keys(['local_to_snowflake']) retrieved from /opt/airflow/dags/localtosnowflake.py
[2022-07-29 02:52:40,564] {logging_mixin.py:115} INFO - [2022-07-29 02:52:40,563] {dag.py:2420} INFO - Sync 1 DAGs
[2022-07-29 02:52:40,720] {logging_mixin.py:115} INFO - [2022-07-29 02:52:40,720] {dag.py:2972} INFO - Setting next_dagrun for local_to_snowflake to None, run_after=None
[2022-07-29 02:52:40,817] {processor.py:161} INFO - Processing /opt/airflow/dags/localtosnowflake.py took 2.314 seconds
[2022-07-29 02:53:11,269] {processor.py:153} INFO - Started process (PID=5252) to work on /opt/airflow/dags/localtosnowflake.py
[2022-07-29 02:53:11,277] {processor.py:641} INFO - Processing file /opt/airflow/dags/localtosnowflake.py for tasks to queue
[2022-07-29 02:53:11,278] {logging_mixin.py:115} INFO - [2022-07-29 02:53:11,278] {dagbag.py:508} INFO - Filling up the DagBag from /opt/airflow/dags/localtosnowflake.py
[2022-07-29 02:53:13,009] {processor.py:651} INFO - DAG(s) dict_keys(['local_to_snowflake']) retrieved from /opt/airflow/dags/localtosnowflake.py
[2022-07-29 02:53:13,102] {logging_mixin.py:115} INFO - [2022-07-29 02:53:13,101] {dag.py:2420} INFO - Sync 1 DAGs
[2022-07-29 02:53:13,173] {logging_mixin.py:115} INFO - [2022-07-29 02:53:13,173] {dag.py:2972} INFO - Setting next_dagrun for local_to_snowflake to None, run_after=None
[2022-07-29 02:53:13,199] {processor.py:161} INFO - Processing /opt/airflow/dags/localtosnowflake.py took 1.940 seconds
[2022-07-29 02:53:43,498] {processor.py:153} INFO - Started process (PID=5329) to work on /opt/airflow/dags/localtosnowflake.py
[2022-07-29 02:53:43,499] {processor.py:641} INFO - Processing file /opt/airflow/dags/localtosnowflake.py for tasks to queue
[2022-07-29 02:53:43,500] {logging_mixin.py:115} INFO - [2022-07-29 02:53:43,500] {dagbag.py:508} INFO - Filling up the DagBag from /opt/airflow/dags/localtosnowflake.py
[2022-07-29 02:53:44,438] {processor.py:651} INFO - DAG(s) dict_keys(['local_to_snowflake']) retrieved from /opt/airflow/dags/localtosnowflake.py
[2022-07-29 02:53:44,490] {logging_mixin.py:115} INFO - [2022-07-29 02:53:44,489] {dag.py:2420} INFO - Sync 1 DAGs
[2022-07-29 02:53:44,529] {logging_mixin.py:115} INFO - [2022-07-29 02:53:44,529] {dag.py:2972} INFO - Setting next_dagrun for local_to_snowflake to None, run_after=None
[2022-07-29 02:53:44,547] {processor.py:161} INFO - Processing /opt/airflow/dags/localtosnowflake.py took 1.057 seconds
[2022-07-29 02:54:16,161] {processor.py:153} INFO - Started process (PID=5413) to work on /opt/airflow/dags/localtosnowflake.py
[2022-07-29 02:54:16,172] {processor.py:641} INFO - Processing file /opt/airflow/dags/localtosnowflake.py for tasks to queue
[2022-07-29 02:54:16,173] {logging_mixin.py:115} INFO - [2022-07-29 02:54:16,173] {dagbag.py:508} INFO - Filling up the DagBag from /opt/airflow/dags/localtosnowflake.py
[2022-07-29 02:54:18,578] {processor.py:651} INFO - DAG(s) dict_keys(['local_to_snowflake']) retrieved from /opt/airflow/dags/localtosnowflake.py
[2022-07-29 02:54:18,658] {logging_mixin.py:115} INFO - [2022-07-29 02:54:18,657] {dag.py:2420} INFO - Sync 1 DAGs
[2022-07-29 02:54:18,736] {logging_mixin.py:115} INFO - [2022-07-29 02:54:18,736] {dag.py:2972} INFO - Setting next_dagrun for local_to_snowflake to None, run_after=None
[2022-07-29 02:54:18,765] {processor.py:161} INFO - Processing /opt/airflow/dags/localtosnowflake.py took 2.643 seconds
[2022-07-29 02:54:49,223] {processor.py:153} INFO - Started process (PID=5488) to work on /opt/airflow/dags/localtosnowflake.py
[2022-07-29 02:54:49,224] {processor.py:641} INFO - Processing file /opt/airflow/dags/localtosnowflake.py for tasks to queue
[2022-07-29 02:54:49,225] {logging_mixin.py:115} INFO - [2022-07-29 02:54:49,224] {dagbag.py:508} INFO - Filling up the DagBag from /opt/airflow/dags/localtosnowflake.py
[2022-07-29 02:54:50,077] {processor.py:651} INFO - DAG(s) dict_keys(['local_to_snowflake']) retrieved from /opt/airflow/dags/localtosnowflake.py
[2022-07-29 02:54:50,122] {logging_mixin.py:115} INFO - [2022-07-29 02:54:50,122] {dag.py:2420} INFO - Sync 1 DAGs
[2022-07-29 02:54:50,163] {logging_mixin.py:115} INFO - [2022-07-29 02:54:50,162] {dag.py:2972} INFO - Setting next_dagrun for local_to_snowflake to None, run_after=None
[2022-07-29 02:54:50,181] {processor.py:161} INFO - Processing /opt/airflow/dags/localtosnowflake.py took 0.963 seconds
[2022-07-29 02:55:20,292] {processor.py:153} INFO - Started process (PID=5561) to work on /opt/airflow/dags/localtosnowflake.py
[2022-07-29 02:55:20,293] {processor.py:641} INFO - Processing file /opt/airflow/dags/localtosnowflake.py for tasks to queue
[2022-07-29 02:55:20,293] {logging_mixin.py:115} INFO - [2022-07-29 02:55:20,293] {dagbag.py:508} INFO - Filling up the DagBag from /opt/airflow/dags/localtosnowflake.py
[2022-07-29 02:55:21,122] {processor.py:651} INFO - DAG(s) dict_keys(['local_to_snowflake']) retrieved from /opt/airflow/dags/localtosnowflake.py
[2022-07-29 02:55:21,168] {logging_mixin.py:115} INFO - [2022-07-29 02:55:21,167] {dag.py:2420} INFO - Sync 1 DAGs
[2022-07-29 02:55:21,208] {logging_mixin.py:115} INFO - [2022-07-29 02:55:21,208] {dag.py:2972} INFO - Setting next_dagrun for local_to_snowflake to None, run_after=None
[2022-07-29 02:55:21,233] {processor.py:161} INFO - Processing /opt/airflow/dags/localtosnowflake.py took 0.946 seconds
[2022-07-29 02:55:51,332] {processor.py:153} INFO - Started process (PID=5642) to work on /opt/airflow/dags/localtosnowflake.py
[2022-07-29 02:55:51,336] {processor.py:641} INFO - Processing file /opt/airflow/dags/localtosnowflake.py for tasks to queue
[2022-07-29 02:55:51,337] {logging_mixin.py:115} INFO - [2022-07-29 02:55:51,337] {dagbag.py:508} INFO - Filling up the DagBag from /opt/airflow/dags/localtosnowflake.py
[2022-07-29 02:55:53,561] {processor.py:651} INFO - DAG(s) dict_keys(['local_to_snowflake']) retrieved from /opt/airflow/dags/localtosnowflake.py
[2022-07-29 02:55:53,653] {logging_mixin.py:115} INFO - [2022-07-29 02:55:53,652] {dag.py:2420} INFO - Sync 1 DAGs
[2022-07-29 02:55:53,728] {logging_mixin.py:115} INFO - [2022-07-29 02:55:53,728] {dag.py:2972} INFO - Setting next_dagrun for local_to_snowflake to None, run_after=None
[2022-07-29 02:55:53,758] {processor.py:161} INFO - Processing /opt/airflow/dags/localtosnowflake.py took 2.444 seconds
[2022-07-29 02:56:24,236] {processor.py:153} INFO - Started process (PID=5720) to work on /opt/airflow/dags/localtosnowflake.py
[2022-07-29 02:56:24,237] {processor.py:641} INFO - Processing file /opt/airflow/dags/localtosnowflake.py for tasks to queue
[2022-07-29 02:56:24,244] {logging_mixin.py:115} INFO - [2022-07-29 02:56:24,244] {dagbag.py:508} INFO - Filling up the DagBag from /opt/airflow/dags/localtosnowflake.py
[2022-07-29 02:56:26,221] {processor.py:651} INFO - DAG(s) dict_keys(['local_to_snowflake']) retrieved from /opt/airflow/dags/localtosnowflake.py
[2022-07-29 02:56:26,265] {logging_mixin.py:115} INFO - [2022-07-29 02:56:26,265] {dag.py:2420} INFO - Sync 1 DAGs
[2022-07-29 02:56:26,305] {logging_mixin.py:115} INFO - [2022-07-29 02:56:26,305] {dag.py:2972} INFO - Setting next_dagrun for local_to_snowflake to None, run_after=None
[2022-07-29 02:56:26,324] {processor.py:161} INFO - Processing /opt/airflow/dags/localtosnowflake.py took 2.107 seconds
[2022-07-29 02:56:56,627] {processor.py:153} INFO - Started process (PID=5802) to work on /opt/airflow/dags/localtosnowflake.py
[2022-07-29 02:56:56,628] {processor.py:641} INFO - Processing file /opt/airflow/dags/localtosnowflake.py for tasks to queue
[2022-07-29 02:56:56,629] {logging_mixin.py:115} INFO - [2022-07-29 02:56:56,629] {dagbag.py:508} INFO - Filling up the DagBag from /opt/airflow/dags/localtosnowflake.py
[2022-07-29 02:56:58,242] {processor.py:651} INFO - DAG(s) dict_keys(['local_to_snowflake']) retrieved from /opt/airflow/dags/localtosnowflake.py
[2022-07-29 02:56:58,317] {logging_mixin.py:115} INFO - [2022-07-29 02:56:58,317] {dag.py:2420} INFO - Sync 1 DAGs
[2022-07-29 02:56:58,368] {logging_mixin.py:115} INFO - [2022-07-29 02:56:58,368] {dag.py:2972} INFO - Setting next_dagrun for local_to_snowflake to None, run_after=None
[2022-07-29 02:56:58,404] {processor.py:161} INFO - Processing /opt/airflow/dags/localtosnowflake.py took 1.799 seconds
[2022-07-29 02:57:29,027] {processor.py:153} INFO - Started process (PID=5875) to work on /opt/airflow/dags/localtosnowflake.py
[2022-07-29 02:57:29,028] {processor.py:641} INFO - Processing file /opt/airflow/dags/localtosnowflake.py for tasks to queue
[2022-07-29 02:57:29,029] {logging_mixin.py:115} INFO - [2022-07-29 02:57:29,029] {dagbag.py:508} INFO - Filling up the DagBag from /opt/airflow/dags/localtosnowflake.py
[2022-07-29 02:57:30,069] {processor.py:651} INFO - DAG(s) dict_keys(['local_to_snowflake']) retrieved from /opt/airflow/dags/localtosnowflake.py
[2022-07-29 02:57:30,114] {logging_mixin.py:115} INFO - [2022-07-29 02:57:30,113] {dag.py:2420} INFO - Sync 1 DAGs
[2022-07-29 02:57:30,153] {logging_mixin.py:115} INFO - [2022-07-29 02:57:30,153] {dag.py:2972} INFO - Setting next_dagrun for local_to_snowflake to None, run_after=None
[2022-07-29 02:57:30,170] {processor.py:161} INFO - Processing /opt/airflow/dags/localtosnowflake.py took 1.150 seconds
[2022-07-29 02:58:00,633] {processor.py:153} INFO - Started process (PID=5948) to work on /opt/airflow/dags/localtosnowflake.py
[2022-07-29 02:58:00,634] {processor.py:641} INFO - Processing file /opt/airflow/dags/localtosnowflake.py for tasks to queue
[2022-07-29 02:58:00,635] {logging_mixin.py:115} INFO - [2022-07-29 02:58:00,635] {dagbag.py:508} INFO - Filling up the DagBag from /opt/airflow/dags/localtosnowflake.py
[2022-07-29 02:58:01,784] {processor.py:651} INFO - DAG(s) dict_keys(['local_to_snowflake']) retrieved from /opt/airflow/dags/localtosnowflake.py
[2022-07-29 02:58:01,837] {logging_mixin.py:115} INFO - [2022-07-29 02:58:01,837] {dag.py:2420} INFO - Sync 1 DAGs
[2022-07-29 02:58:01,888] {logging_mixin.py:115} INFO - [2022-07-29 02:58:01,888] {dag.py:2972} INFO - Setting next_dagrun for local_to_snowflake to None, run_after=None
[2022-07-29 02:58:01,951] {processor.py:161} INFO - Processing /opt/airflow/dags/localtosnowflake.py took 1.325 seconds
