[2022-07-29 02:17:14,778] {processor.py:153} INFO - Started process (PID=68) to work on /opt/airflow/dags/localtos3.py
[2022-07-29 02:17:14,779] {processor.py:641} INFO - Processing file /opt/airflow/dags/localtos3.py for tasks to queue
[2022-07-29 02:17:14,800] {logging_mixin.py:115} INFO - [2022-07-29 02:17:14,800] {dagbag.py:508} INFO - Filling up the DagBag from /opt/airflow/dags/localtos3.py
[2022-07-29 02:17:18,766] {processor.py:651} INFO - DAG(s) dict_keys(['Data_Quality_Pipeline']) retrieved from /opt/airflow/dags/localtos3.py
[2022-07-29 02:17:18,875] {logging_mixin.py:115} INFO - [2022-07-29 02:17:18,874] {dag.py:2420} INFO - Sync 1 DAGs
[2022-07-29 02:17:18,996] {logging_mixin.py:115} INFO - [2022-07-29 02:17:18,996] {dag.py:2972} INFO - Setting next_dagrun for Data_Quality_Pipeline to None, run_after=None
[2022-07-29 02:17:19,029] {processor.py:161} INFO - Processing /opt/airflow/dags/localtos3.py took 4.259 seconds
[2022-07-29 02:17:49,520] {processor.py:153} INFO - Started process (PID=141) to work on /opt/airflow/dags/localtos3.py
[2022-07-29 02:17:49,521] {processor.py:641} INFO - Processing file /opt/airflow/dags/localtos3.py for tasks to queue
[2022-07-29 02:17:49,522] {logging_mixin.py:115} INFO - [2022-07-29 02:17:49,522] {dagbag.py:508} INFO - Filling up the DagBag from /opt/airflow/dags/localtos3.py
[2022-07-29 02:17:50,544] {processor.py:651} INFO - DAG(s) dict_keys(['Data_Quality_Pipeline']) retrieved from /opt/airflow/dags/localtos3.py
[2022-07-29 02:17:50,568] {logging_mixin.py:115} INFO - [2022-07-29 02:17:50,567] {dag.py:2420} INFO - Sync 1 DAGs
[2022-07-29 02:17:50,590] {logging_mixin.py:115} INFO - [2022-07-29 02:17:50,590] {dag.py:2972} INFO - Setting next_dagrun for Data_Quality_Pipeline to None, run_after=None
[2022-07-29 02:17:50,603] {processor.py:161} INFO - Processing /opt/airflow/dags/localtos3.py took 1.089 seconds
[2022-07-29 02:18:21,285] {processor.py:153} INFO - Started process (PID=213) to work on /opt/airflow/dags/localtos3.py
[2022-07-29 02:18:21,286] {processor.py:641} INFO - Processing file /opt/airflow/dags/localtos3.py for tasks to queue
[2022-07-29 02:18:21,287] {logging_mixin.py:115} INFO - [2022-07-29 02:18:21,287] {dagbag.py:508} INFO - Filling up the DagBag from /opt/airflow/dags/localtos3.py
[2022-07-29 02:18:22,278] {processor.py:651} INFO - DAG(s) dict_keys(['Data_Quality_Pipeline']) retrieved from /opt/airflow/dags/localtos3.py
[2022-07-29 02:18:22,302] {logging_mixin.py:115} INFO - [2022-07-29 02:18:22,302] {dag.py:2420} INFO - Sync 1 DAGs
[2022-07-29 02:18:22,324] {logging_mixin.py:115} INFO - [2022-07-29 02:18:22,324] {dag.py:2972} INFO - Setting next_dagrun for Data_Quality_Pipeline to None, run_after=None
[2022-07-29 02:18:22,337] {processor.py:161} INFO - Processing /opt/airflow/dags/localtos3.py took 1.056 seconds
[2022-07-29 02:18:52,740] {processor.py:153} INFO - Started process (PID=296) to work on /opt/airflow/dags/localtos3.py
[2022-07-29 02:18:52,741] {processor.py:641} INFO - Processing file /opt/airflow/dags/localtos3.py for tasks to queue
[2022-07-29 02:18:52,741] {logging_mixin.py:115} INFO - [2022-07-29 02:18:52,741] {dagbag.py:508} INFO - Filling up the DagBag from /opt/airflow/dags/localtos3.py
[2022-07-29 02:18:54,393] {processor.py:651} INFO - DAG(s) dict_keys(['Data_Quality_Pipeline']) retrieved from /opt/airflow/dags/localtos3.py
[2022-07-29 02:18:54,473] {logging_mixin.py:115} INFO - [2022-07-29 02:18:54,472] {dag.py:2420} INFO - Sync 1 DAGs
[2022-07-29 02:18:54,534] {logging_mixin.py:115} INFO - [2022-07-29 02:18:54,534] {dag.py:2972} INFO - Setting next_dagrun for Data_Quality_Pipeline to None, run_after=None
[2022-07-29 02:18:54,553] {processor.py:161} INFO - Processing /opt/airflow/dags/localtos3.py took 1.831 seconds
[2022-07-29 02:19:25,017] {processor.py:153} INFO - Started process (PID=370) to work on /opt/airflow/dags/localtos3.py
[2022-07-29 02:19:25,018] {processor.py:641} INFO - Processing file /opt/airflow/dags/localtos3.py for tasks to queue
[2022-07-29 02:19:25,019] {logging_mixin.py:115} INFO - [2022-07-29 02:19:25,019] {dagbag.py:508} INFO - Filling up the DagBag from /opt/airflow/dags/localtos3.py
[2022-07-29 02:19:26,201] {processor.py:651} INFO - DAG(s) dict_keys(['Data_Quality_Pipeline']) retrieved from /opt/airflow/dags/localtos3.py
[2022-07-29 02:19:26,234] {logging_mixin.py:115} INFO - [2022-07-29 02:19:26,234] {dag.py:2420} INFO - Sync 1 DAGs
[2022-07-29 02:19:26,267] {logging_mixin.py:115} INFO - [2022-07-29 02:19:26,267] {dag.py:2972} INFO - Setting next_dagrun for Data_Quality_Pipeline to None, run_after=None
[2022-07-29 02:19:26,284] {processor.py:161} INFO - Processing /opt/airflow/dags/localtos3.py took 1.274 seconds
[2022-07-29 02:19:56,420] {processor.py:153} INFO - Started process (PID=451) to work on /opt/airflow/dags/localtos3.py
[2022-07-29 02:19:56,424] {processor.py:641} INFO - Processing file /opt/airflow/dags/localtos3.py for tasks to queue
[2022-07-29 02:19:56,425] {logging_mixin.py:115} INFO - [2022-07-29 02:19:56,425] {dagbag.py:508} INFO - Filling up the DagBag from /opt/airflow/dags/localtos3.py
[2022-07-29 02:19:58,211] {processor.py:651} INFO - DAG(s) dict_keys(['Data_Quality_Pipeline']) retrieved from /opt/airflow/dags/localtos3.py
[2022-07-29 02:19:58,285] {logging_mixin.py:115} INFO - [2022-07-29 02:19:58,284] {dag.py:2420} INFO - Sync 1 DAGs
[2022-07-29 02:19:58,346] {logging_mixin.py:115} INFO - [2022-07-29 02:19:58,346] {dag.py:2972} INFO - Setting next_dagrun for Data_Quality_Pipeline to None, run_after=None
[2022-07-29 02:19:58,378] {processor.py:161} INFO - Processing /opt/airflow/dags/localtos3.py took 1.973 seconds
[2022-07-29 02:20:29,021] {processor.py:153} INFO - Started process (PID=527) to work on /opt/airflow/dags/localtos3.py
[2022-07-29 02:20:29,022] {processor.py:641} INFO - Processing file /opt/airflow/dags/localtos3.py for tasks to queue
[2022-07-29 02:20:29,022] {logging_mixin.py:115} INFO - [2022-07-29 02:20:29,022] {dagbag.py:508} INFO - Filling up the DagBag from /opt/airflow/dags/localtos3.py
[2022-07-29 02:20:31,876] {processor.py:651} INFO - DAG(s) dict_keys(['Data_Quality_Pipeline']) retrieved from /opt/airflow/dags/localtos3.py
[2022-07-29 02:20:31,949] {logging_mixin.py:115} INFO - [2022-07-29 02:20:31,948] {dag.py:2420} INFO - Sync 1 DAGs
[2022-07-29 02:20:32,031] {logging_mixin.py:115} INFO - [2022-07-29 02:20:32,031] {dag.py:2972} INFO - Setting next_dagrun for Data_Quality_Pipeline to None, run_after=None
[2022-07-29 02:20:32,085] {processor.py:161} INFO - Processing /opt/airflow/dags/localtos3.py took 3.079 seconds
[2022-07-29 02:21:02,596] {processor.py:153} INFO - Started process (PID=610) to work on /opt/airflow/dags/localtos3.py
[2022-07-29 02:21:02,620] {processor.py:641} INFO - Processing file /opt/airflow/dags/localtos3.py for tasks to queue
[2022-07-29 02:21:02,621] {logging_mixin.py:115} INFO - [2022-07-29 02:21:02,621] {dagbag.py:508} INFO - Filling up the DagBag from /opt/airflow/dags/localtos3.py
[2022-07-29 02:21:04,286] {processor.py:651} INFO - DAG(s) dict_keys(['Data_Quality_Pipeline']) retrieved from /opt/airflow/dags/localtos3.py
[2022-07-29 02:21:04,332] {logging_mixin.py:115} INFO - [2022-07-29 02:21:04,331] {dag.py:2420} INFO - Sync 1 DAGs
[2022-07-29 02:21:04,371] {logging_mixin.py:115} INFO - [2022-07-29 02:21:04,371] {dag.py:2972} INFO - Setting next_dagrun for Data_Quality_Pipeline to None, run_after=None
[2022-07-29 02:21:04,396] {processor.py:161} INFO - Processing /opt/airflow/dags/localtos3.py took 1.823 seconds
[2022-07-29 02:21:34,876] {processor.py:153} INFO - Started process (PID=685) to work on /opt/airflow/dags/localtos3.py
[2022-07-29 02:21:34,876] {processor.py:641} INFO - Processing file /opt/airflow/dags/localtos3.py for tasks to queue
[2022-07-29 02:21:34,877] {logging_mixin.py:115} INFO - [2022-07-29 02:21:34,877] {dagbag.py:508} INFO - Filling up the DagBag from /opt/airflow/dags/localtos3.py
[2022-07-29 02:21:38,556] {processor.py:651} INFO - DAG(s) dict_keys(['Data_Quality_Pipeline']) retrieved from /opt/airflow/dags/localtos3.py
[2022-07-29 02:21:38,672] {logging_mixin.py:115} INFO - [2022-07-29 02:21:38,668] {dag.py:2420} INFO - Sync 1 DAGs
[2022-07-29 02:21:38,846] {logging_mixin.py:115} INFO - [2022-07-29 02:21:38,846] {dag.py:2972} INFO - Setting next_dagrun for Data_Quality_Pipeline to None, run_after=None
[2022-07-29 02:21:38,948] {processor.py:161} INFO - Processing /opt/airflow/dags/localtos3.py took 4.092 seconds
[2022-07-29 02:22:09,759] {processor.py:153} INFO - Started process (PID=764) to work on /opt/airflow/dags/localtos3.py
[2022-07-29 02:22:09,772] {processor.py:641} INFO - Processing file /opt/airflow/dags/localtos3.py for tasks to queue
[2022-07-29 02:22:09,773] {logging_mixin.py:115} INFO - [2022-07-29 02:22:09,772] {dagbag.py:508} INFO - Filling up the DagBag from /opt/airflow/dags/localtos3.py
[2022-07-29 02:22:11,731] {processor.py:651} INFO - DAG(s) dict_keys(['Data_Quality_Pipeline']) retrieved from /opt/airflow/dags/localtos3.py
[2022-07-29 02:22:11,770] {logging_mixin.py:115} INFO - [2022-07-29 02:22:11,769] {dag.py:2420} INFO - Sync 1 DAGs
[2022-07-29 02:22:11,809] {logging_mixin.py:115} INFO - [2022-07-29 02:22:11,808] {dag.py:2972} INFO - Setting next_dagrun for Data_Quality_Pipeline to None, run_after=None
[2022-07-29 02:22:11,829] {processor.py:161} INFO - Processing /opt/airflow/dags/localtos3.py took 2.077 seconds
[2022-07-29 02:22:42,293] {processor.py:153} INFO - Started process (PID=837) to work on /opt/airflow/dags/localtos3.py
[2022-07-29 02:22:42,294] {processor.py:641} INFO - Processing file /opt/airflow/dags/localtos3.py for tasks to queue
[2022-07-29 02:22:42,294] {logging_mixin.py:115} INFO - [2022-07-29 02:22:42,294] {dagbag.py:508} INFO - Filling up the DagBag from /opt/airflow/dags/localtos3.py
[2022-07-29 02:22:43,482] {processor.py:651} INFO - DAG(s) dict_keys(['Data_Quality_Pipeline']) retrieved from /opt/airflow/dags/localtos3.py
[2022-07-29 02:22:43,517] {logging_mixin.py:115} INFO - [2022-07-29 02:22:43,517] {dag.py:2420} INFO - Sync 1 DAGs
[2022-07-29 02:22:43,549] {logging_mixin.py:115} INFO - [2022-07-29 02:22:43,549] {dag.py:2972} INFO - Setting next_dagrun for Data_Quality_Pipeline to None, run_after=None
[2022-07-29 02:22:43,565] {processor.py:161} INFO - Processing /opt/airflow/dags/localtos3.py took 1.285 seconds
[2022-07-29 02:23:13,960] {processor.py:153} INFO - Started process (PID=910) to work on /opt/airflow/dags/localtos3.py
[2022-07-29 02:23:13,968] {processor.py:641} INFO - Processing file /opt/airflow/dags/localtos3.py for tasks to queue
[2022-07-29 02:23:13,969] {logging_mixin.py:115} INFO - [2022-07-29 02:23:13,969] {dagbag.py:508} INFO - Filling up the DagBag from /opt/airflow/dags/localtos3.py
[2022-07-29 02:23:16,541] {processor.py:651} INFO - DAG(s) dict_keys(['Data_Quality_Pipeline']) retrieved from /opt/airflow/dags/localtos3.py
[2022-07-29 02:23:16,618] {logging_mixin.py:115} INFO - [2022-07-29 02:23:16,618] {dag.py:2420} INFO - Sync 1 DAGs
[2022-07-29 02:23:16,688] {logging_mixin.py:115} INFO - [2022-07-29 02:23:16,688] {dag.py:2972} INFO - Setting next_dagrun for Data_Quality_Pipeline to None, run_after=None
[2022-07-29 02:23:16,736] {processor.py:161} INFO - Processing /opt/airflow/dags/localtos3.py took 2.791 seconds
[2022-07-29 02:23:47,153] {processor.py:153} INFO - Started process (PID=992) to work on /opt/airflow/dags/localtos3.py
[2022-07-29 02:23:47,154] {processor.py:641} INFO - Processing file /opt/airflow/dags/localtos3.py for tasks to queue
[2022-07-29 02:23:47,155] {logging_mixin.py:115} INFO - [2022-07-29 02:23:47,155] {dagbag.py:508} INFO - Filling up the DagBag from /opt/airflow/dags/localtos3.py
[2022-07-29 02:23:49,596] {processor.py:651} INFO - DAG(s) dict_keys(['Data_Quality_Pipeline']) retrieved from /opt/airflow/dags/localtos3.py
[2022-07-29 02:23:49,700] {logging_mixin.py:115} INFO - [2022-07-29 02:23:49,690] {dag.py:2420} INFO - Sync 1 DAGs
[2022-07-29 02:23:49,805] {logging_mixin.py:115} INFO - [2022-07-29 02:23:49,805] {dag.py:2972} INFO - Setting next_dagrun for Data_Quality_Pipeline to None, run_after=None
[2022-07-29 02:23:49,860] {processor.py:161} INFO - Processing /opt/airflow/dags/localtos3.py took 2.714 seconds
[2022-07-29 02:24:20,740] {processor.py:153} INFO - Started process (PID=1066) to work on /opt/airflow/dags/localtos3.py
[2022-07-29 02:24:20,741] {processor.py:641} INFO - Processing file /opt/airflow/dags/localtos3.py for tasks to queue
[2022-07-29 02:24:20,742] {logging_mixin.py:115} INFO - [2022-07-29 02:24:20,742] {dagbag.py:508} INFO - Filling up the DagBag from /opt/airflow/dags/localtos3.py
[2022-07-29 02:24:22,137] {processor.py:651} INFO - DAG(s) dict_keys(['Data_Quality_Pipeline']) retrieved from /opt/airflow/dags/localtos3.py
[2022-07-29 02:24:22,193] {logging_mixin.py:115} INFO - [2022-07-29 02:24:22,192] {dag.py:2420} INFO - Sync 1 DAGs
[2022-07-29 02:24:22,242] {logging_mixin.py:115} INFO - [2022-07-29 02:24:22,242] {dag.py:2972} INFO - Setting next_dagrun for Data_Quality_Pipeline to None, run_after=None
[2022-07-29 02:24:22,267] {processor.py:161} INFO - Processing /opt/airflow/dags/localtos3.py took 1.544 seconds
[2022-07-29 02:24:52,662] {processor.py:153} INFO - Started process (PID=1149) to work on /opt/airflow/dags/localtos3.py
[2022-07-29 02:24:52,663] {processor.py:641} INFO - Processing file /opt/airflow/dags/localtos3.py for tasks to queue
[2022-07-29 02:24:52,663] {logging_mixin.py:115} INFO - [2022-07-29 02:24:52,663] {dagbag.py:508} INFO - Filling up the DagBag from /opt/airflow/dags/localtos3.py
[2022-07-29 02:24:53,677] {processor.py:651} INFO - DAG(s) dict_keys(['Data_Quality_Pipeline']) retrieved from /opt/airflow/dags/localtos3.py
[2022-07-29 02:24:53,703] {logging_mixin.py:115} INFO - [2022-07-29 02:24:53,702] {dag.py:2420} INFO - Sync 1 DAGs
[2022-07-29 02:24:53,725] {logging_mixin.py:115} INFO - [2022-07-29 02:24:53,725] {dag.py:2972} INFO - Setting next_dagrun for Data_Quality_Pipeline to None, run_after=None
[2022-07-29 02:24:53,739] {processor.py:161} INFO - Processing /opt/airflow/dags/localtos3.py took 1.083 seconds
[2022-07-29 02:25:24,011] {processor.py:153} INFO - Started process (PID=1223) to work on /opt/airflow/dags/localtos3.py
[2022-07-29 02:25:24,012] {processor.py:641} INFO - Processing file /opt/airflow/dags/localtos3.py for tasks to queue
[2022-07-29 02:25:24,013] {logging_mixin.py:115} INFO - [2022-07-29 02:25:24,013] {dagbag.py:508} INFO - Filling up the DagBag from /opt/airflow/dags/localtos3.py
[2022-07-29 02:25:24,946] {processor.py:651} INFO - DAG(s) dict_keys(['Data_Quality_Pipeline']) retrieved from /opt/airflow/dags/localtos3.py
[2022-07-29 02:25:24,974] {logging_mixin.py:115} INFO - [2022-07-29 02:25:24,973] {dag.py:2420} INFO - Sync 1 DAGs
[2022-07-29 02:25:25,008] {logging_mixin.py:115} INFO - [2022-07-29 02:25:25,008] {dag.py:2972} INFO - Setting next_dagrun for Data_Quality_Pipeline to None, run_after=None
[2022-07-29 02:25:25,021] {processor.py:161} INFO - Processing /opt/airflow/dags/localtos3.py took 1.016 seconds
[2022-07-29 02:25:55,460] {processor.py:153} INFO - Started process (PID=1296) to work on /opt/airflow/dags/localtos3.py
[2022-07-29 02:25:55,468] {processor.py:641} INFO - Processing file /opt/airflow/dags/localtos3.py for tasks to queue
[2022-07-29 02:25:55,469] {logging_mixin.py:115} INFO - [2022-07-29 02:25:55,469] {dagbag.py:508} INFO - Filling up the DagBag from /opt/airflow/dags/localtos3.py
[2022-07-29 02:25:56,742] {processor.py:651} INFO - DAG(s) dict_keys(['Data_Quality_Pipeline']) retrieved from /opt/airflow/dags/localtos3.py
[2022-07-29 02:25:56,789] {logging_mixin.py:115} INFO - [2022-07-29 02:25:56,788] {dag.py:2420} INFO - Sync 1 DAGs
[2022-07-29 02:25:56,828] {logging_mixin.py:115} INFO - [2022-07-29 02:25:56,828] {dag.py:2972} INFO - Setting next_dagrun for Data_Quality_Pipeline to None, run_after=None
[2022-07-29 02:25:56,845] {processor.py:161} INFO - Processing /opt/airflow/dags/localtos3.py took 1.404 seconds
[2022-07-29 02:26:27,487] {processor.py:153} INFO - Started process (PID=1378) to work on /opt/airflow/dags/localtos3.py
[2022-07-29 02:26:27,488] {processor.py:641} INFO - Processing file /opt/airflow/dags/localtos3.py for tasks to queue
[2022-07-29 02:26:27,488] {logging_mixin.py:115} INFO - [2022-07-29 02:26:27,488] {dagbag.py:508} INFO - Filling up the DagBag from /opt/airflow/dags/localtos3.py
[2022-07-29 02:26:28,473] {processor.py:651} INFO - DAG(s) dict_keys(['Data_Quality_Pipeline']) retrieved from /opt/airflow/dags/localtos3.py
[2022-07-29 02:26:28,498] {logging_mixin.py:115} INFO - [2022-07-29 02:26:28,497] {dag.py:2420} INFO - Sync 1 DAGs
[2022-07-29 02:26:28,521] {logging_mixin.py:115} INFO - [2022-07-29 02:26:28,521] {dag.py:2972} INFO - Setting next_dagrun for Data_Quality_Pipeline to None, run_after=None
[2022-07-29 02:26:28,534] {processor.py:161} INFO - Processing /opt/airflow/dags/localtos3.py took 1.062 seconds
[2022-07-29 02:26:58,843] {processor.py:153} INFO - Started process (PID=1451) to work on /opt/airflow/dags/localtos3.py
[2022-07-29 02:26:58,844] {processor.py:641} INFO - Processing file /opt/airflow/dags/localtos3.py for tasks to queue
[2022-07-29 02:26:58,844] {logging_mixin.py:115} INFO - [2022-07-29 02:26:58,844] {dagbag.py:508} INFO - Filling up the DagBag from /opt/airflow/dags/localtos3.py
[2022-07-29 02:26:59,627] {processor.py:651} INFO - DAG(s) dict_keys(['Data_Quality_Pipeline']) retrieved from /opt/airflow/dags/localtos3.py
[2022-07-29 02:26:59,651] {logging_mixin.py:115} INFO - [2022-07-29 02:26:59,651] {dag.py:2420} INFO - Sync 1 DAGs
[2022-07-29 02:26:59,675] {logging_mixin.py:115} INFO - [2022-07-29 02:26:59,675] {dag.py:2972} INFO - Setting next_dagrun for Data_Quality_Pipeline to None, run_after=None
[2022-07-29 02:26:59,688] {processor.py:161} INFO - Processing /opt/airflow/dags/localtos3.py took 0.850 seconds
[2022-07-29 02:27:30,702] {processor.py:153} INFO - Started process (PID=1532) to work on /opt/airflow/dags/localtos3.py
[2022-07-29 02:27:30,703] {processor.py:641} INFO - Processing file /opt/airflow/dags/localtos3.py for tasks to queue
[2022-07-29 02:27:30,704] {logging_mixin.py:115} INFO - [2022-07-29 02:27:30,704] {dagbag.py:508} INFO - Filling up the DagBag from /opt/airflow/dags/localtos3.py
[2022-07-29 02:27:32,910] {processor.py:651} INFO - DAG(s) dict_keys(['Data_Quality_Pipeline']) retrieved from /opt/airflow/dags/localtos3.py
[2022-07-29 02:27:32,945] {logging_mixin.py:115} INFO - [2022-07-29 02:27:32,944] {dag.py:2420} INFO - Sync 1 DAGs
[2022-07-29 02:27:32,979] {logging_mixin.py:115} INFO - [2022-07-29 02:27:32,979] {dag.py:2972} INFO - Setting next_dagrun for Data_Quality_Pipeline to None, run_after=None
[2022-07-29 02:27:32,999] {processor.py:161} INFO - Processing /opt/airflow/dags/localtos3.py took 2.312 seconds
[2022-07-29 02:28:03,713] {processor.py:153} INFO - Started process (PID=1605) to work on /opt/airflow/dags/localtos3.py
[2022-07-29 02:28:03,714] {processor.py:641} INFO - Processing file /opt/airflow/dags/localtos3.py for tasks to queue
[2022-07-29 02:28:03,715] {logging_mixin.py:115} INFO - [2022-07-29 02:28:03,715] {dagbag.py:508} INFO - Filling up the DagBag from /opt/airflow/dags/localtos3.py
[2022-07-29 02:28:04,862] {processor.py:651} INFO - DAG(s) dict_keys(['Data_Quality_Pipeline']) retrieved from /opt/airflow/dags/localtos3.py
[2022-07-29 02:28:04,898] {logging_mixin.py:115} INFO - [2022-07-29 02:28:04,897] {dag.py:2420} INFO - Sync 1 DAGs
[2022-07-29 02:28:04,933] {logging_mixin.py:115} INFO - [2022-07-29 02:28:04,933] {dag.py:2972} INFO - Setting next_dagrun for Data_Quality_Pipeline to None, run_after=None
[2022-07-29 02:28:04,949] {processor.py:161} INFO - Processing /opt/airflow/dags/localtos3.py took 1.243 seconds
[2022-07-29 02:28:35,703] {processor.py:153} INFO - Started process (PID=1687) to work on /opt/airflow/dags/localtos3.py
[2022-07-29 02:28:35,703] {processor.py:641} INFO - Processing file /opt/airflow/dags/localtos3.py for tasks to queue
[2022-07-29 02:28:35,704] {logging_mixin.py:115} INFO - [2022-07-29 02:28:35,704] {dagbag.py:508} INFO - Filling up the DagBag from /opt/airflow/dags/localtos3.py
[2022-07-29 02:28:36,924] {processor.py:651} INFO - DAG(s) dict_keys(['Data_Quality_Pipeline']) retrieved from /opt/airflow/dags/localtos3.py
[2022-07-29 02:28:36,993] {logging_mixin.py:115} INFO - [2022-07-29 02:28:36,992] {dag.py:2420} INFO - Sync 1 DAGs
[2022-07-29 02:28:37,060] {logging_mixin.py:115} INFO - [2022-07-29 02:28:37,060] {dag.py:2972} INFO - Setting next_dagrun for Data_Quality_Pipeline to None, run_after=None
[2022-07-29 02:28:37,086] {processor.py:161} INFO - Processing /opt/airflow/dags/localtos3.py took 1.391 seconds
[2022-07-29 02:29:08,822] {processor.py:153} INFO - Started process (PID=1760) to work on /opt/airflow/dags/localtos3.py
[2022-07-29 02:29:08,823] {processor.py:641} INFO - Processing file /opt/airflow/dags/localtos3.py for tasks to queue
[2022-07-29 02:29:08,824] {logging_mixin.py:115} INFO - [2022-07-29 02:29:08,824] {dagbag.py:508} INFO - Filling up the DagBag from /opt/airflow/dags/localtos3.py
[2022-07-29 02:29:10,739] {processor.py:651} INFO - DAG(s) dict_keys(['Data_Quality_Pipeline']) retrieved from /opt/airflow/dags/localtos3.py
[2022-07-29 02:29:10,801] {logging_mixin.py:115} INFO - [2022-07-29 02:29:10,800] {dag.py:2420} INFO - Sync 1 DAGs
[2022-07-29 02:29:10,872] {logging_mixin.py:115} INFO - [2022-07-29 02:29:10,872] {dag.py:2972} INFO - Setting next_dagrun for Data_Quality_Pipeline to None, run_after=None
[2022-07-29 02:29:10,907] {processor.py:161} INFO - Processing /opt/airflow/dags/localtos3.py took 2.092 seconds
[2022-07-29 02:29:41,393] {processor.py:153} INFO - Started process (PID=1842) to work on /opt/airflow/dags/localtos3.py
[2022-07-29 02:29:41,394] {processor.py:641} INFO - Processing file /opt/airflow/dags/localtos3.py for tasks to queue
[2022-07-29 02:29:41,395] {logging_mixin.py:115} INFO - [2022-07-29 02:29:41,395] {dagbag.py:508} INFO - Filling up the DagBag from /opt/airflow/dags/localtos3.py
[2022-07-29 02:29:42,380] {processor.py:651} INFO - DAG(s) dict_keys(['Data_Quality_Pipeline']) retrieved from /opt/airflow/dags/localtos3.py
[2022-07-29 02:29:42,404] {logging_mixin.py:115} INFO - [2022-07-29 02:29:42,403] {dag.py:2420} INFO - Sync 1 DAGs
[2022-07-29 02:29:42,427] {logging_mixin.py:115} INFO - [2022-07-29 02:29:42,426] {dag.py:2972} INFO - Setting next_dagrun for Data_Quality_Pipeline to None, run_after=None
[2022-07-29 02:29:42,450] {processor.py:161} INFO - Processing /opt/airflow/dags/localtos3.py took 1.064 seconds
[2022-07-29 02:30:12,624] {processor.py:153} INFO - Started process (PID=1915) to work on /opt/airflow/dags/localtos3.py
[2022-07-29 02:30:12,625] {processor.py:641} INFO - Processing file /opt/airflow/dags/localtos3.py for tasks to queue
[2022-07-29 02:30:12,625] {logging_mixin.py:115} INFO - [2022-07-29 02:30:12,625] {dagbag.py:508} INFO - Filling up the DagBag from /opt/airflow/dags/localtos3.py
[2022-07-29 02:30:13,848] {processor.py:651} INFO - DAG(s) dict_keys(['Data_Quality_Pipeline']) retrieved from /opt/airflow/dags/localtos3.py
[2022-07-29 02:30:13,913] {logging_mixin.py:115} INFO - [2022-07-29 02:30:13,912] {dag.py:2420} INFO - Sync 1 DAGs
[2022-07-29 02:30:14,016] {logging_mixin.py:115} INFO - [2022-07-29 02:30:14,016] {dag.py:2972} INFO - Setting next_dagrun for Data_Quality_Pipeline to None, run_after=None
[2022-07-29 02:30:14,060] {processor.py:161} INFO - Processing /opt/airflow/dags/localtos3.py took 1.443 seconds
[2022-07-29 02:30:46,180] {processor.py:153} INFO - Started process (PID=1993) to work on /opt/airflow/dags/localtos3.py
[2022-07-29 02:30:46,181] {processor.py:641} INFO - Processing file /opt/airflow/dags/localtos3.py for tasks to queue
[2022-07-29 02:30:46,182] {logging_mixin.py:115} INFO - [2022-07-29 02:30:46,182] {dagbag.py:508} INFO - Filling up the DagBag from /opt/airflow/dags/localtos3.py
[2022-07-29 02:30:47,810] {processor.py:651} INFO - DAG(s) dict_keys(['Data_Quality_Pipeline']) retrieved from /opt/airflow/dags/localtos3.py
[2022-07-29 02:30:47,869] {logging_mixin.py:115} INFO - [2022-07-29 02:30:47,868] {dag.py:2420} INFO - Sync 1 DAGs
[2022-07-29 02:30:47,947] {logging_mixin.py:115} INFO - [2022-07-29 02:30:47,947] {dag.py:2972} INFO - Setting next_dagrun for Data_Quality_Pipeline to None, run_after=None
[2022-07-29 02:30:47,977] {processor.py:161} INFO - Processing /opt/airflow/dags/localtos3.py took 1.811 seconds
[2022-07-29 02:31:18,210] {processor.py:153} INFO - Started process (PID=2066) to work on /opt/airflow/dags/localtos3.py
[2022-07-29 02:31:18,212] {processor.py:641} INFO - Processing file /opt/airflow/dags/localtos3.py for tasks to queue
[2022-07-29 02:31:18,213] {logging_mixin.py:115} INFO - [2022-07-29 02:31:18,213] {dagbag.py:508} INFO - Filling up the DagBag from /opt/airflow/dags/localtos3.py
[2022-07-29 02:31:19,382] {processor.py:651} INFO - DAG(s) dict_keys(['Data_Quality_Pipeline']) retrieved from /opt/airflow/dags/localtos3.py
[2022-07-29 02:31:19,416] {logging_mixin.py:115} INFO - [2022-07-29 02:31:19,416] {dag.py:2420} INFO - Sync 1 DAGs
[2022-07-29 02:31:19,449] {logging_mixin.py:115} INFO - [2022-07-29 02:31:19,449] {dag.py:2972} INFO - Setting next_dagrun for Data_Quality_Pipeline to None, run_after=None
[2022-07-29 02:31:19,466] {processor.py:161} INFO - Processing /opt/airflow/dags/localtos3.py took 1.263 seconds
[2022-07-29 02:31:50,211] {processor.py:153} INFO - Started process (PID=2140) to work on /opt/airflow/dags/localtos3.py
[2022-07-29 02:31:50,212] {processor.py:641} INFO - Processing file /opt/airflow/dags/localtos3.py for tasks to queue
[2022-07-29 02:31:50,213] {logging_mixin.py:115} INFO - [2022-07-29 02:31:50,213] {dagbag.py:508} INFO - Filling up the DagBag from /opt/airflow/dags/localtos3.py
[2022-07-29 02:31:51,398] {processor.py:651} INFO - DAG(s) dict_keys(['Data_Quality_Pipeline']) retrieved from /opt/airflow/dags/localtos3.py
[2022-07-29 02:31:51,431] {logging_mixin.py:115} INFO - [2022-07-29 02:31:51,430] {dag.py:2420} INFO - Sync 1 DAGs
[2022-07-29 02:31:51,464] {logging_mixin.py:115} INFO - [2022-07-29 02:31:51,464] {dag.py:2972} INFO - Setting next_dagrun for Data_Quality_Pipeline to None, run_after=None
[2022-07-29 02:31:51,482] {processor.py:161} INFO - Processing /opt/airflow/dags/localtos3.py took 1.277 seconds
[2022-07-29 02:32:22,452] {processor.py:153} INFO - Started process (PID=2221) to work on /opt/airflow/dags/localtos3.py
[2022-07-29 02:32:22,453] {processor.py:641} INFO - Processing file /opt/airflow/dags/localtos3.py for tasks to queue
[2022-07-29 02:32:22,454] {logging_mixin.py:115} INFO - [2022-07-29 02:32:22,454] {dagbag.py:508} INFO - Filling up the DagBag from /opt/airflow/dags/localtos3.py
[2022-07-29 02:32:24,113] {processor.py:651} INFO - DAG(s) dict_keys(['Data_Quality_Pipeline']) retrieved from /opt/airflow/dags/localtos3.py
[2022-07-29 02:32:24,169] {logging_mixin.py:115} INFO - [2022-07-29 02:32:24,168] {dag.py:2420} INFO - Sync 1 DAGs
[2022-07-29 02:32:24,240] {logging_mixin.py:115} INFO - [2022-07-29 02:32:24,240] {dag.py:2972} INFO - Setting next_dagrun for Data_Quality_Pipeline to None, run_after=None
[2022-07-29 02:32:24,269] {processor.py:161} INFO - Processing /opt/airflow/dags/localtos3.py took 1.832 seconds
[2022-07-29 02:32:54,746] {processor.py:153} INFO - Started process (PID=2295) to work on /opt/airflow/dags/localtos3.py
[2022-07-29 02:32:54,747] {processor.py:641} INFO - Processing file /opt/airflow/dags/localtos3.py for tasks to queue
[2022-07-29 02:32:54,748] {logging_mixin.py:115} INFO - [2022-07-29 02:32:54,748] {dagbag.py:508} INFO - Filling up the DagBag from /opt/airflow/dags/localtos3.py
[2022-07-29 02:32:56,086] {processor.py:651} INFO - DAG(s) dict_keys(['Data_Quality_Pipeline']) retrieved from /opt/airflow/dags/localtos3.py
[2022-07-29 02:32:56,185] {logging_mixin.py:115} INFO - [2022-07-29 02:32:56,184] {dag.py:2420} INFO - Sync 1 DAGs
[2022-07-29 02:32:56,292] {logging_mixin.py:115} INFO - [2022-07-29 02:32:56,292] {dag.py:2972} INFO - Setting next_dagrun for Data_Quality_Pipeline to None, run_after=None
[2022-07-29 02:32:56,321] {processor.py:161} INFO - Processing /opt/airflow/dags/localtos3.py took 1.582 seconds
[2022-07-29 02:33:26,695] {processor.py:153} INFO - Started process (PID=2369) to work on /opt/airflow/dags/localtos3.py
[2022-07-29 02:33:26,696] {processor.py:641} INFO - Processing file /opt/airflow/dags/localtos3.py for tasks to queue
[2022-07-29 02:33:26,697] {logging_mixin.py:115} INFO - [2022-07-29 02:33:26,697] {dagbag.py:508} INFO - Filling up the DagBag from /opt/airflow/dags/localtos3.py
[2022-07-29 02:33:28,166] {processor.py:651} INFO - DAG(s) dict_keys(['Data_Quality_Pipeline']) retrieved from /opt/airflow/dags/localtos3.py
[2022-07-29 02:33:28,225] {logging_mixin.py:115} INFO - [2022-07-29 02:33:28,225] {dag.py:2420} INFO - Sync 1 DAGs
[2022-07-29 02:33:28,302] {logging_mixin.py:115} INFO - [2022-07-29 02:33:28,302] {dag.py:2972} INFO - Setting next_dagrun for Data_Quality_Pipeline to None, run_after=None
[2022-07-29 02:33:28,334] {processor.py:161} INFO - Processing /opt/airflow/dags/localtos3.py took 1.645 seconds
[2022-07-29 02:33:59,450] {processor.py:153} INFO - Started process (PID=2450) to work on /opt/airflow/dags/localtos3.py
[2022-07-29 02:33:59,456] {processor.py:641} INFO - Processing file /opt/airflow/dags/localtos3.py for tasks to queue
[2022-07-29 02:33:59,457] {logging_mixin.py:115} INFO - [2022-07-29 02:33:59,457] {dagbag.py:508} INFO - Filling up the DagBag from /opt/airflow/dags/localtos3.py
[2022-07-29 02:34:01,600] {processor.py:651} INFO - DAG(s) dict_keys(['Data_Quality_Pipeline']) retrieved from /opt/airflow/dags/localtos3.py
[2022-07-29 02:34:01,632] {logging_mixin.py:115} INFO - [2022-07-29 02:34:01,631] {dag.py:2420} INFO - Sync 1 DAGs
[2022-07-29 02:34:01,668] {logging_mixin.py:115} INFO - [2022-07-29 02:34:01,667] {dag.py:2972} INFO - Setting next_dagrun for Data_Quality_Pipeline to None, run_after=None
[2022-07-29 02:34:01,685] {processor.py:161} INFO - Processing /opt/airflow/dags/localtos3.py took 2.241 seconds
[2022-07-29 02:34:31,770] {processor.py:153} INFO - Started process (PID=2524) to work on /opt/airflow/dags/localtos3.py
[2022-07-29 02:34:31,770] {processor.py:641} INFO - Processing file /opt/airflow/dags/localtos3.py for tasks to queue
[2022-07-29 02:34:31,771] {logging_mixin.py:115} INFO - [2022-07-29 02:34:31,771] {dagbag.py:508} INFO - Filling up the DagBag from /opt/airflow/dags/localtos3.py
[2022-07-29 02:34:32,925] {processor.py:651} INFO - DAG(s) dict_keys(['Data_Quality_Pipeline']) retrieved from /opt/airflow/dags/localtos3.py
[2022-07-29 02:34:32,965] {logging_mixin.py:115} INFO - [2022-07-29 02:34:32,964] {dag.py:2420} INFO - Sync 1 DAGs
[2022-07-29 02:34:33,032] {logging_mixin.py:115} INFO - [2022-07-29 02:34:33,032] {dag.py:2972} INFO - Setting next_dagrun for Data_Quality_Pipeline to None, run_after=None
[2022-07-29 02:34:33,049] {processor.py:161} INFO - Processing /opt/airflow/dags/localtos3.py took 1.286 seconds
[2022-07-29 02:35:03,307] {processor.py:153} INFO - Started process (PID=2607) to work on /opt/airflow/dags/localtos3.py
[2022-07-29 02:35:03,308] {processor.py:641} INFO - Processing file /opt/airflow/dags/localtos3.py for tasks to queue
[2022-07-29 02:35:03,309] {logging_mixin.py:115} INFO - [2022-07-29 02:35:03,309] {dagbag.py:508} INFO - Filling up the DagBag from /opt/airflow/dags/localtos3.py
[2022-07-29 02:35:06,278] {processor.py:651} INFO - DAG(s) dict_keys(['Data_Quality_Pipeline']) retrieved from /opt/airflow/dags/localtos3.py
[2022-07-29 02:35:06,353] {logging_mixin.py:115} INFO - [2022-07-29 02:35:06,352] {dag.py:2420} INFO - Sync 1 DAGs
[2022-07-29 02:35:06,416] {logging_mixin.py:115} INFO - [2022-07-29 02:35:06,416] {dag.py:2972} INFO - Setting next_dagrun for Data_Quality_Pipeline to None, run_after=None
[2022-07-29 02:35:06,448] {processor.py:161} INFO - Processing /opt/airflow/dags/localtos3.py took 3.159 seconds
[2022-07-29 02:35:36,539] {processor.py:153} INFO - Started process (PID=2681) to work on /opt/airflow/dags/localtos3.py
[2022-07-29 02:35:36,540] {processor.py:641} INFO - Processing file /opt/airflow/dags/localtos3.py for tasks to queue
[2022-07-29 02:35:36,541] {logging_mixin.py:115} INFO - [2022-07-29 02:35:36,541] {dagbag.py:508} INFO - Filling up the DagBag from /opt/airflow/dags/localtos3.py
[2022-07-29 02:35:38,386] {processor.py:651} INFO - DAG(s) dict_keys(['Data_Quality_Pipeline']) retrieved from /opt/airflow/dags/localtos3.py
[2022-07-29 02:35:38,421] {logging_mixin.py:115} INFO - [2022-07-29 02:35:38,420] {dag.py:2420} INFO - Sync 1 DAGs
[2022-07-29 02:35:38,464] {logging_mixin.py:115} INFO - [2022-07-29 02:35:38,464] {dag.py:2972} INFO - Setting next_dagrun for Data_Quality_Pipeline to None, run_after=None
[2022-07-29 02:35:38,495] {processor.py:161} INFO - Processing /opt/airflow/dags/localtos3.py took 1.962 seconds
[2022-07-29 02:36:08,730] {processor.py:153} INFO - Started process (PID=2763) to work on /opt/airflow/dags/localtos3.py
[2022-07-29 02:36:08,731] {processor.py:641} INFO - Processing file /opt/airflow/dags/localtos3.py for tasks to queue
[2022-07-29 02:36:08,732] {logging_mixin.py:115} INFO - [2022-07-29 02:36:08,732] {dagbag.py:508} INFO - Filling up the DagBag from /opt/airflow/dags/localtos3.py
[2022-07-29 02:36:09,930] {processor.py:651} INFO - DAG(s) dict_keys(['Data_Quality_Pipeline']) retrieved from /opt/airflow/dags/localtos3.py
[2022-07-29 02:36:09,964] {logging_mixin.py:115} INFO - [2022-07-29 02:36:09,963] {dag.py:2420} INFO - Sync 1 DAGs
[2022-07-29 02:36:10,001] {logging_mixin.py:115} INFO - [2022-07-29 02:36:10,001] {dag.py:2972} INFO - Setting next_dagrun for Data_Quality_Pipeline to None, run_after=None
[2022-07-29 02:36:10,018] {processor.py:161} INFO - Processing /opt/airflow/dags/localtos3.py took 1.294 seconds
[2022-07-29 02:36:40,928] {processor.py:153} INFO - Started process (PID=2837) to work on /opt/airflow/dags/localtos3.py
[2022-07-29 02:36:40,929] {processor.py:641} INFO - Processing file /opt/airflow/dags/localtos3.py for tasks to queue
[2022-07-29 02:36:40,930] {logging_mixin.py:115} INFO - [2022-07-29 02:36:40,930] {dagbag.py:508} INFO - Filling up the DagBag from /opt/airflow/dags/localtos3.py
[2022-07-29 02:36:43,835] {processor.py:651} INFO - DAG(s) dict_keys(['Data_Quality_Pipeline']) retrieved from /opt/airflow/dags/localtos3.py
[2022-07-29 02:36:43,905] {logging_mixin.py:115} INFO - [2022-07-29 02:36:43,904] {dag.py:2420} INFO - Sync 1 DAGs
[2022-07-29 02:36:43,972] {logging_mixin.py:115} INFO - [2022-07-29 02:36:43,972] {dag.py:2972} INFO - Setting next_dagrun for Data_Quality_Pipeline to None, run_after=None
[2022-07-29 02:36:44,004] {processor.py:161} INFO - Processing /opt/airflow/dags/localtos3.py took 3.099 seconds
[2022-07-29 02:37:14,138] {processor.py:153} INFO - Started process (PID=2919) to work on /opt/airflow/dags/localtos3.py
[2022-07-29 02:37:14,139] {processor.py:641} INFO - Processing file /opt/airflow/dags/localtos3.py for tasks to queue
[2022-07-29 02:37:14,140] {logging_mixin.py:115} INFO - [2022-07-29 02:37:14,140] {dagbag.py:508} INFO - Filling up the DagBag from /opt/airflow/dags/localtos3.py
[2022-07-29 02:37:14,872] {processor.py:651} INFO - DAG(s) dict_keys(['Data_Quality_Pipeline']) retrieved from /opt/airflow/dags/localtos3.py
[2022-07-29 02:37:14,896] {logging_mixin.py:115} INFO - [2022-07-29 02:37:14,895] {dag.py:2420} INFO - Sync 1 DAGs
[2022-07-29 02:37:14,919] {logging_mixin.py:115} INFO - [2022-07-29 02:37:14,918] {dag.py:2972} INFO - Setting next_dagrun for Data_Quality_Pipeline to None, run_after=None
[2022-07-29 02:37:14,931] {processor.py:161} INFO - Processing /opt/airflow/dags/localtos3.py took 0.798 seconds
[2022-07-29 02:37:45,733] {processor.py:153} INFO - Started process (PID=2991) to work on /opt/airflow/dags/localtos3.py
[2022-07-29 02:37:45,734] {processor.py:641} INFO - Processing file /opt/airflow/dags/localtos3.py for tasks to queue
[2022-07-29 02:37:45,735] {logging_mixin.py:115} INFO - [2022-07-29 02:37:45,735] {dagbag.py:508} INFO - Filling up the DagBag from /opt/airflow/dags/localtos3.py
[2022-07-29 02:37:46,632] {processor.py:651} INFO - DAG(s) dict_keys(['Data_Quality_Pipeline']) retrieved from /opt/airflow/dags/localtos3.py
[2022-07-29 02:37:46,656] {logging_mixin.py:115} INFO - [2022-07-29 02:37:46,655] {dag.py:2420} INFO - Sync 1 DAGs
[2022-07-29 02:37:46,678] {logging_mixin.py:115} INFO - [2022-07-29 02:37:46,678] {dag.py:2972} INFO - Setting next_dagrun for Data_Quality_Pipeline to None, run_after=None
[2022-07-29 02:37:46,707] {processor.py:161} INFO - Processing /opt/airflow/dags/localtos3.py took 0.981 seconds
[2022-07-29 02:38:16,763] {processor.py:153} INFO - Started process (PID=3065) to work on /opt/airflow/dags/localtos3.py
[2022-07-29 02:38:16,763] {processor.py:641} INFO - Processing file /opt/airflow/dags/localtos3.py for tasks to queue
[2022-07-29 02:38:16,764] {logging_mixin.py:115} INFO - [2022-07-29 02:38:16,764] {dagbag.py:508} INFO - Filling up the DagBag from /opt/airflow/dags/localtos3.py
[2022-07-29 02:38:17,977] {processor.py:651} INFO - DAG(s) dict_keys(['Data_Quality_Pipeline']) retrieved from /opt/airflow/dags/localtos3.py
[2022-07-29 02:38:18,012] {logging_mixin.py:115} INFO - [2022-07-29 02:38:18,011] {dag.py:2420} INFO - Sync 1 DAGs
[2022-07-29 02:38:18,049] {logging_mixin.py:115} INFO - [2022-07-29 02:38:18,049] {dag.py:2972} INFO - Setting next_dagrun for Data_Quality_Pipeline to None, run_after=None
[2022-07-29 02:38:18,066] {processor.py:161} INFO - Processing /opt/airflow/dags/localtos3.py took 1.311 seconds
[2022-07-29 02:38:48,641] {processor.py:153} INFO - Started process (PID=3148) to work on /opt/airflow/dags/localtos3.py
[2022-07-29 02:38:48,642] {processor.py:641} INFO - Processing file /opt/airflow/dags/localtos3.py for tasks to queue
[2022-07-29 02:38:48,643] {logging_mixin.py:115} INFO - [2022-07-29 02:38:48,643] {dagbag.py:508} INFO - Filling up the DagBag from /opt/airflow/dags/localtos3.py
[2022-07-29 02:38:49,464] {processor.py:651} INFO - DAG(s) dict_keys(['Data_Quality_Pipeline']) retrieved from /opt/airflow/dags/localtos3.py
[2022-07-29 02:38:49,524] {logging_mixin.py:115} INFO - [2022-07-29 02:38:49,523] {dag.py:2420} INFO - Sync 1 DAGs
[2022-07-29 02:38:49,553] {logging_mixin.py:115} INFO - [2022-07-29 02:38:49,553] {dag.py:2972} INFO - Setting next_dagrun for Data_Quality_Pipeline to None, run_after=None
[2022-07-29 02:38:49,565] {processor.py:161} INFO - Processing /opt/airflow/dags/localtos3.py took 0.931 seconds
[2022-07-29 02:39:20,451] {processor.py:153} INFO - Started process (PID=3220) to work on /opt/airflow/dags/localtos3.py
[2022-07-29 02:39:20,452] {processor.py:641} INFO - Processing file /opt/airflow/dags/localtos3.py for tasks to queue
[2022-07-29 02:39:20,453] {logging_mixin.py:115} INFO - [2022-07-29 02:39:20,453] {dagbag.py:508} INFO - Filling up the DagBag from /opt/airflow/dags/localtos3.py
[2022-07-29 02:39:21,588] {processor.py:651} INFO - DAG(s) dict_keys(['Data_Quality_Pipeline']) retrieved from /opt/airflow/dags/localtos3.py
[2022-07-29 02:39:21,627] {logging_mixin.py:115} INFO - [2022-07-29 02:39:21,626] {dag.py:2420} INFO - Sync 1 DAGs
[2022-07-29 02:39:21,663] {logging_mixin.py:115} INFO - [2022-07-29 02:39:21,663] {dag.py:2972} INFO - Setting next_dagrun for Data_Quality_Pipeline to None, run_after=None
[2022-07-29 02:39:21,681] {processor.py:161} INFO - Processing /opt/airflow/dags/localtos3.py took 1.236 seconds
[2022-07-29 02:39:51,801] {processor.py:153} INFO - Started process (PID=3292) to work on /opt/airflow/dags/localtos3.py
[2022-07-29 02:39:51,801] {processor.py:641} INFO - Processing file /opt/airflow/dags/localtos3.py for tasks to queue
[2022-07-29 02:39:51,802] {logging_mixin.py:115} INFO - [2022-07-29 02:39:51,802] {dagbag.py:508} INFO - Filling up the DagBag from /opt/airflow/dags/localtos3.py
[2022-07-29 02:39:52,969] {processor.py:651} INFO - DAG(s) dict_keys(['Data_Quality_Pipeline']) retrieved from /opt/airflow/dags/localtos3.py
[2022-07-29 02:39:53,005] {logging_mixin.py:115} INFO - [2022-07-29 02:39:53,004] {dag.py:2420} INFO - Sync 1 DAGs
[2022-07-29 02:39:53,037] {logging_mixin.py:115} INFO - [2022-07-29 02:39:53,037] {dag.py:2972} INFO - Setting next_dagrun for Data_Quality_Pipeline to None, run_after=None
[2022-07-29 02:39:53,054] {processor.py:161} INFO - Processing /opt/airflow/dags/localtos3.py took 1.261 seconds
[2022-07-29 02:40:23,605] {processor.py:153} INFO - Started process (PID=3374) to work on /opt/airflow/dags/localtos3.py
[2022-07-29 02:40:23,608] {processor.py:641} INFO - Processing file /opt/airflow/dags/localtos3.py for tasks to queue
[2022-07-29 02:40:23,609] {logging_mixin.py:115} INFO - [2022-07-29 02:40:23,609] {dagbag.py:508} INFO - Filling up the DagBag from /opt/airflow/dags/localtos3.py
[2022-07-29 02:40:26,169] {processor.py:651} INFO - DAG(s) dict_keys(['Data_Quality_Pipeline']) retrieved from /opt/airflow/dags/localtos3.py
[2022-07-29 02:40:26,261] {logging_mixin.py:115} INFO - [2022-07-29 02:40:26,260] {dag.py:2420} INFO - Sync 1 DAGs
[2022-07-29 02:40:26,341] {logging_mixin.py:115} INFO - [2022-07-29 02:40:26,340] {dag.py:2972} INFO - Setting next_dagrun for Data_Quality_Pipeline to None, run_after=None
[2022-07-29 02:40:26,379] {processor.py:161} INFO - Processing /opt/airflow/dags/localtos3.py took 2.791 seconds
[2022-07-29 02:40:56,540] {processor.py:153} INFO - Started process (PID=3455) to work on /opt/airflow/dags/localtos3.py
[2022-07-29 02:40:56,541] {processor.py:641} INFO - Processing file /opt/airflow/dags/localtos3.py for tasks to queue
[2022-07-29 02:40:56,542] {logging_mixin.py:115} INFO - [2022-07-29 02:40:56,542] {dagbag.py:508} INFO - Filling up the DagBag from /opt/airflow/dags/localtos3.py
[2022-07-29 02:40:58,117] {processor.py:651} INFO - DAG(s) dict_keys(['Data_Quality_Pipeline']) retrieved from /opt/airflow/dags/localtos3.py
[2022-07-29 02:40:58,151] {logging_mixin.py:115} INFO - [2022-07-29 02:40:58,150] {dag.py:2420} INFO - Sync 1 DAGs
[2022-07-29 02:40:58,186] {logging_mixin.py:115} INFO - [2022-07-29 02:40:58,186] {dag.py:2972} INFO - Setting next_dagrun for Data_Quality_Pipeline to None, run_after=None
[2022-07-29 02:40:58,204] {processor.py:161} INFO - Processing /opt/airflow/dags/localtos3.py took 1.674 seconds
[2022-07-29 02:41:28,640] {processor.py:153} INFO - Started process (PID=3528) to work on /opt/airflow/dags/localtos3.py
[2022-07-29 02:41:28,641] {processor.py:641} INFO - Processing file /opt/airflow/dags/localtos3.py for tasks to queue
[2022-07-29 02:41:28,642] {logging_mixin.py:115} INFO - [2022-07-29 02:41:28,642] {dagbag.py:508} INFO - Filling up the DagBag from /opt/airflow/dags/localtos3.py
[2022-07-29 02:41:31,165] {processor.py:651} INFO - DAG(s) dict_keys(['Data_Quality_Pipeline']) retrieved from /opt/airflow/dags/localtos3.py
[2022-07-29 02:41:31,211] {logging_mixin.py:115} INFO - [2022-07-29 02:41:31,211] {dag.py:2420} INFO - Sync 1 DAGs
[2022-07-29 02:41:31,288] {logging_mixin.py:115} INFO - [2022-07-29 02:41:31,288] {dag.py:2972} INFO - Setting next_dagrun for Data_Quality_Pipeline to None, run_after=None
[2022-07-29 02:41:31,347] {processor.py:161} INFO - Processing /opt/airflow/dags/localtos3.py took 2.714 seconds
[2022-07-29 02:42:01,665] {processor.py:153} INFO - Started process (PID=3610) to work on /opt/airflow/dags/localtos3.py
[2022-07-29 02:42:01,667] {processor.py:641} INFO - Processing file /opt/airflow/dags/localtos3.py for tasks to queue
[2022-07-29 02:42:01,670] {logging_mixin.py:115} INFO - [2022-07-29 02:42:01,669] {dagbag.py:508} INFO - Filling up the DagBag from /opt/airflow/dags/localtos3.py
[2022-07-29 02:42:03,674] {processor.py:651} INFO - DAG(s) dict_keys(['Data_Quality_Pipeline']) retrieved from /opt/airflow/dags/localtos3.py
[2022-07-29 02:42:03,709] {logging_mixin.py:115} INFO - [2022-07-29 02:42:03,708] {dag.py:2420} INFO - Sync 1 DAGs
[2022-07-29 02:42:03,772] {logging_mixin.py:115} INFO - [2022-07-29 02:42:03,772] {dag.py:2972} INFO - Setting next_dagrun for Data_Quality_Pipeline to None, run_after=None
[2022-07-29 02:42:03,790] {processor.py:161} INFO - Processing /opt/airflow/dags/localtos3.py took 2.145 seconds
[2022-07-29 02:42:33,876] {processor.py:153} INFO - Started process (PID=3682) to work on /opt/airflow/dags/localtos3.py
[2022-07-29 02:42:33,877] {processor.py:641} INFO - Processing file /opt/airflow/dags/localtos3.py for tasks to queue
[2022-07-29 02:42:33,878] {logging_mixin.py:115} INFO - [2022-07-29 02:42:33,878] {dagbag.py:508} INFO - Filling up the DagBag from /opt/airflow/dags/localtos3.py
[2022-07-29 02:42:35,057] {processor.py:651} INFO - DAG(s) dict_keys(['Data_Quality_Pipeline']) retrieved from /opt/airflow/dags/localtos3.py
[2022-07-29 02:42:35,092] {logging_mixin.py:115} INFO - [2022-07-29 02:42:35,091] {dag.py:2420} INFO - Sync 1 DAGs
[2022-07-29 02:42:35,125] {logging_mixin.py:115} INFO - [2022-07-29 02:42:35,125] {dag.py:2972} INFO - Setting next_dagrun for Data_Quality_Pipeline to None, run_after=None
[2022-07-29 02:42:35,142] {processor.py:161} INFO - Processing /opt/airflow/dags/localtos3.py took 1.272 seconds
[2022-07-29 02:43:05,439] {processor.py:153} INFO - Started process (PID=3755) to work on /opt/airflow/dags/localtos3.py
[2022-07-29 02:43:05,440] {processor.py:641} INFO - Processing file /opt/airflow/dags/localtos3.py for tasks to queue
[2022-07-29 02:43:05,440] {logging_mixin.py:115} INFO - [2022-07-29 02:43:05,440] {dagbag.py:508} INFO - Filling up the DagBag from /opt/airflow/dags/localtos3.py
[2022-07-29 02:43:07,063] {processor.py:651} INFO - DAG(s) dict_keys(['Data_Quality_Pipeline']) retrieved from /opt/airflow/dags/localtos3.py
[2022-07-29 02:43:07,151] {logging_mixin.py:115} INFO - [2022-07-29 02:43:07,150] {dag.py:2420} INFO - Sync 1 DAGs
[2022-07-29 02:43:07,187] {logging_mixin.py:115} INFO - [2022-07-29 02:43:07,187] {dag.py:2972} INFO - Setting next_dagrun for Data_Quality_Pipeline to None, run_after=None
[2022-07-29 02:43:07,208] {processor.py:161} INFO - Processing /opt/airflow/dags/localtos3.py took 1.776 seconds
[2022-07-29 02:43:38,741] {processor.py:153} INFO - Started process (PID=3837) to work on /opt/airflow/dags/localtos3.py
[2022-07-29 02:43:38,748] {processor.py:641} INFO - Processing file /opt/airflow/dags/localtos3.py for tasks to queue
[2022-07-29 02:43:38,749] {logging_mixin.py:115} INFO - [2022-07-29 02:43:38,749] {dagbag.py:508} INFO - Filling up the DagBag from /opt/airflow/dags/localtos3.py
[2022-07-29 02:43:40,497] {processor.py:651} INFO - DAG(s) dict_keys(['Data_Quality_Pipeline']) retrieved from /opt/airflow/dags/localtos3.py
[2022-07-29 02:43:40,565] {logging_mixin.py:115} INFO - [2022-07-29 02:43:40,564] {dag.py:2420} INFO - Sync 1 DAGs
[2022-07-29 02:43:40,626] {logging_mixin.py:115} INFO - [2022-07-29 02:43:40,626] {dag.py:2972} INFO - Setting next_dagrun for Data_Quality_Pipeline to None, run_after=None
[2022-07-29 02:43:40,667] {processor.py:161} INFO - Processing /opt/airflow/dags/localtos3.py took 1.945 seconds
[2022-07-29 02:44:10,770] {processor.py:153} INFO - Started process (PID=3909) to work on /opt/airflow/dags/localtos3.py
[2022-07-29 02:44:10,771] {processor.py:641} INFO - Processing file /opt/airflow/dags/localtos3.py for tasks to queue
[2022-07-29 02:44:10,772] {logging_mixin.py:115} INFO - [2022-07-29 02:44:10,772] {dagbag.py:508} INFO - Filling up the DagBag from /opt/airflow/dags/localtos3.py
[2022-07-29 02:44:12,572] {processor.py:651} INFO - DAG(s) dict_keys(['Data_Quality_Pipeline']) retrieved from /opt/airflow/dags/localtos3.py
[2022-07-29 02:44:12,641] {logging_mixin.py:115} INFO - [2022-07-29 02:44:12,640] {dag.py:2420} INFO - Sync 1 DAGs
[2022-07-29 02:44:12,691] {logging_mixin.py:115} INFO - [2022-07-29 02:44:12,690] {dag.py:2972} INFO - Setting next_dagrun for Data_Quality_Pipeline to None, run_after=None
[2022-07-29 02:44:12,716] {processor.py:161} INFO - Processing /opt/airflow/dags/localtos3.py took 1.953 seconds
[2022-07-29 02:44:43,719] {processor.py:153} INFO - Started process (PID=3990) to work on /opt/airflow/dags/localtos3.py
[2022-07-29 02:44:43,720] {processor.py:641} INFO - Processing file /opt/airflow/dags/localtos3.py for tasks to queue
[2022-07-29 02:44:43,721] {logging_mixin.py:115} INFO - [2022-07-29 02:44:43,721] {dagbag.py:508} INFO - Filling up the DagBag from /opt/airflow/dags/localtos3.py
[2022-07-29 02:44:45,921] {processor.py:651} INFO - DAG(s) dict_keys(['Data_Quality_Pipeline']) retrieved from /opt/airflow/dags/localtos3.py
[2022-07-29 02:44:45,982] {logging_mixin.py:115} INFO - [2022-07-29 02:44:45,982] {dag.py:2420} INFO - Sync 1 DAGs
[2022-07-29 02:44:46,056] {logging_mixin.py:115} INFO - [2022-07-29 02:44:46,056] {dag.py:2972} INFO - Setting next_dagrun for Data_Quality_Pipeline to None, run_after=None
[2022-07-29 02:44:46,084] {processor.py:161} INFO - Processing /opt/airflow/dags/localtos3.py took 2.376 seconds
[2022-07-29 02:45:16,903] {processor.py:153} INFO - Started process (PID=4066) to work on /opt/airflow/dags/localtos3.py
[2022-07-29 02:45:16,904] {processor.py:641} INFO - Processing file /opt/airflow/dags/localtos3.py for tasks to queue
[2022-07-29 02:45:16,905] {logging_mixin.py:115} INFO - [2022-07-29 02:45:16,905] {dagbag.py:508} INFO - Filling up the DagBag from /opt/airflow/dags/localtos3.py
[2022-07-29 02:45:18,150] {processor.py:651} INFO - DAG(s) dict_keys(['Data_Quality_Pipeline']) retrieved from /opt/airflow/dags/localtos3.py
[2022-07-29 02:45:18,184] {logging_mixin.py:115} INFO - [2022-07-29 02:45:18,184] {dag.py:2420} INFO - Sync 1 DAGs
[2022-07-29 02:45:18,221] {logging_mixin.py:115} INFO - [2022-07-29 02:45:18,221] {dag.py:2972} INFO - Setting next_dagrun for Data_Quality_Pipeline to None, run_after=None
[2022-07-29 02:45:18,241] {processor.py:161} INFO - Processing /opt/airflow/dags/localtos3.py took 1.352 seconds
[2022-07-29 02:45:48,826] {processor.py:153} INFO - Started process (PID=4141) to work on /opt/airflow/dags/localtos3.py
[2022-07-29 02:45:48,827] {processor.py:641} INFO - Processing file /opt/airflow/dags/localtos3.py for tasks to queue
[2022-07-29 02:45:48,827] {logging_mixin.py:115} INFO - [2022-07-29 02:45:48,827] {dagbag.py:508} INFO - Filling up the DagBag from /opt/airflow/dags/localtos3.py
[2022-07-29 02:45:49,652] {processor.py:651} INFO - DAG(s) dict_keys(['Data_Quality_Pipeline']) retrieved from /opt/airflow/dags/localtos3.py
[2022-07-29 02:45:49,688] {logging_mixin.py:115} INFO - [2022-07-29 02:45:49,687] {dag.py:2420} INFO - Sync 1 DAGs
[2022-07-29 02:45:49,744] {logging_mixin.py:115} INFO - [2022-07-29 02:45:49,743] {dag.py:2972} INFO - Setting next_dagrun for Data_Quality_Pipeline to None, run_after=None
[2022-07-29 02:45:49,781] {processor.py:161} INFO - Processing /opt/airflow/dags/localtos3.py took 0.961 seconds
[2022-07-29 02:46:20,020] {processor.py:153} INFO - Started process (PID=4220) to work on /opt/airflow/dags/localtos3.py
[2022-07-29 02:46:20,021] {processor.py:641} INFO - Processing file /opt/airflow/dags/localtos3.py for tasks to queue
[2022-07-29 02:46:20,022] {logging_mixin.py:115} INFO - [2022-07-29 02:46:20,021] {dagbag.py:508} INFO - Filling up the DagBag from /opt/airflow/dags/localtos3.py
[2022-07-29 02:46:21,921] {processor.py:651} INFO - DAG(s) dict_keys(['Data_Quality_Pipeline']) retrieved from /opt/airflow/dags/localtos3.py
[2022-07-29 02:46:21,972] {logging_mixin.py:115} INFO - [2022-07-29 02:46:21,971] {dag.py:2420} INFO - Sync 1 DAGs
[2022-07-29 02:46:22,045] {logging_mixin.py:115} INFO - [2022-07-29 02:46:22,045] {dag.py:2972} INFO - Setting next_dagrun for Data_Quality_Pipeline to None, run_after=None
[2022-07-29 02:46:22,076] {processor.py:161} INFO - Processing /opt/airflow/dags/localtos3.py took 2.071 seconds
[2022-07-29 02:46:52,316] {processor.py:153} INFO - Started process (PID=4297) to work on /opt/airflow/dags/localtos3.py
[2022-07-29 02:46:52,317] {processor.py:641} INFO - Processing file /opt/airflow/dags/localtos3.py for tasks to queue
[2022-07-29 02:46:52,317] {logging_mixin.py:115} INFO - [2022-07-29 02:46:52,317] {dagbag.py:508} INFO - Filling up the DagBag from /opt/airflow/dags/localtos3.py
[2022-07-29 02:46:54,037] {processor.py:651} INFO - DAG(s) dict_keys(['Data_Quality_Pipeline']) retrieved from /opt/airflow/dags/localtos3.py
[2022-07-29 02:46:54,108] {logging_mixin.py:115} INFO - [2022-07-29 02:46:54,107] {dag.py:2420} INFO - Sync 1 DAGs
[2022-07-29 02:46:54,175] {logging_mixin.py:115} INFO - [2022-07-29 02:46:54,175] {dag.py:2972} INFO - Setting next_dagrun for Data_Quality_Pipeline to None, run_after=None
[2022-07-29 02:46:54,204] {processor.py:161} INFO - Processing /opt/airflow/dags/localtos3.py took 1.895 seconds
[2022-07-29 02:47:24,595] {processor.py:153} INFO - Started process (PID=4380) to work on /opt/airflow/dags/localtos3.py
[2022-07-29 02:47:24,601] {processor.py:641} INFO - Processing file /opt/airflow/dags/localtos3.py for tasks to queue
[2022-07-29 02:47:24,601] {logging_mixin.py:115} INFO - [2022-07-29 02:47:24,601] {dagbag.py:508} INFO - Filling up the DagBag from /opt/airflow/dags/localtos3.py
[2022-07-29 02:47:25,711] {processor.py:651} INFO - DAG(s) dict_keys(['Data_Quality_Pipeline']) retrieved from /opt/airflow/dags/localtos3.py
[2022-07-29 02:47:25,762] {logging_mixin.py:115} INFO - [2022-07-29 02:47:25,761] {dag.py:2420} INFO - Sync 1 DAGs
[2022-07-29 02:47:25,803] {logging_mixin.py:115} INFO - [2022-07-29 02:47:25,803] {dag.py:2972} INFO - Setting next_dagrun for Data_Quality_Pipeline to None, run_after=None
[2022-07-29 02:47:25,831] {processor.py:161} INFO - Processing /opt/airflow/dags/localtos3.py took 1.250 seconds
[2022-07-29 02:47:56,391] {processor.py:153} INFO - Started process (PID=4454) to work on /opt/airflow/dags/localtos3.py
[2022-07-29 02:47:56,396] {processor.py:641} INFO - Processing file /opt/airflow/dags/localtos3.py for tasks to queue
[2022-07-29 02:47:56,404] {logging_mixin.py:115} INFO - [2022-07-29 02:47:56,403] {dagbag.py:508} INFO - Filling up the DagBag from /opt/airflow/dags/localtos3.py
[2022-07-29 02:47:57,496] {processor.py:651} INFO - DAG(s) dict_keys(['Data_Quality_Pipeline']) retrieved from /opt/airflow/dags/localtos3.py
[2022-07-29 02:47:57,595] {logging_mixin.py:115} INFO - [2022-07-29 02:47:57,593] {dag.py:2420} INFO - Sync 1 DAGs
[2022-07-29 02:47:57,669] {logging_mixin.py:115} INFO - [2022-07-29 02:47:57,669] {dag.py:2972} INFO - Setting next_dagrun for Data_Quality_Pipeline to None, run_after=None
[2022-07-29 02:47:57,706] {processor.py:161} INFO - Processing /opt/airflow/dags/localtos3.py took 1.329 seconds
[2022-07-29 02:48:28,153] {processor.py:153} INFO - Started process (PID=4541) to work on /opt/airflow/dags/localtos3.py
[2022-07-29 02:48:28,154] {processor.py:641} INFO - Processing file /opt/airflow/dags/localtos3.py for tasks to queue
[2022-07-29 02:48:28,155] {logging_mixin.py:115} INFO - [2022-07-29 02:48:28,155] {dagbag.py:508} INFO - Filling up the DagBag from /opt/airflow/dags/localtos3.py
[2022-07-29 02:48:28,964] {processor.py:651} INFO - DAG(s) dict_keys(['Data_Quality_Pipeline']) retrieved from /opt/airflow/dags/localtos3.py
[2022-07-29 02:48:29,002] {logging_mixin.py:115} INFO - [2022-07-29 02:48:29,000] {dag.py:2420} INFO - Sync 1 DAGs
[2022-07-29 02:48:29,052] {logging_mixin.py:115} INFO - [2022-07-29 02:48:29,052] {dag.py:2972} INFO - Setting next_dagrun for Data_Quality_Pipeline to None, run_after=None
[2022-07-29 02:48:29,104] {processor.py:161} INFO - Processing /opt/airflow/dags/localtos3.py took 0.957 seconds
[2022-07-29 02:48:59,813] {processor.py:153} INFO - Started process (PID=4617) to work on /opt/airflow/dags/localtos3.py
[2022-07-29 02:48:59,813] {processor.py:641} INFO - Processing file /opt/airflow/dags/localtos3.py for tasks to queue
[2022-07-29 02:48:59,814] {logging_mixin.py:115} INFO - [2022-07-29 02:48:59,814] {dagbag.py:508} INFO - Filling up the DagBag from /opt/airflow/dags/localtos3.py
[2022-07-29 02:49:00,484] {processor.py:651} INFO - DAG(s) dict_keys(['Data_Quality_Pipeline']) retrieved from /opt/airflow/dags/localtos3.py
[2022-07-29 02:49:00,515] {logging_mixin.py:115} INFO - [2022-07-29 02:49:00,514] {dag.py:2420} INFO - Sync 1 DAGs
[2022-07-29 02:49:00,540] {logging_mixin.py:115} INFO - [2022-07-29 02:49:00,540] {dag.py:2972} INFO - Setting next_dagrun for Data_Quality_Pipeline to None, run_after=None
[2022-07-29 02:49:00,554] {processor.py:161} INFO - Processing /opt/airflow/dags/localtos3.py took 0.746 seconds
[2022-07-29 02:49:31,144] {processor.py:153} INFO - Started process (PID=4697) to work on /opt/airflow/dags/localtos3.py
[2022-07-29 02:49:31,145] {processor.py:641} INFO - Processing file /opt/airflow/dags/localtos3.py for tasks to queue
[2022-07-29 02:49:31,146] {logging_mixin.py:115} INFO - [2022-07-29 02:49:31,145] {dagbag.py:508} INFO - Filling up the DagBag from /opt/airflow/dags/localtos3.py
[2022-07-29 02:49:32,492] {processor.py:651} INFO - DAG(s) dict_keys(['Data_Quality_Pipeline']) retrieved from /opt/airflow/dags/localtos3.py
[2022-07-29 02:49:32,535] {logging_mixin.py:115} INFO - [2022-07-29 02:49:32,533] {dag.py:2420} INFO - Sync 1 DAGs
[2022-07-29 02:49:32,575] {logging_mixin.py:115} INFO - [2022-07-29 02:49:32,575] {dag.py:2972} INFO - Setting next_dagrun for Data_Quality_Pipeline to None, run_after=None
[2022-07-29 02:49:32,611] {processor.py:161} INFO - Processing /opt/airflow/dags/localtos3.py took 1.481 seconds
[2022-07-29 02:50:02,859] {processor.py:153} INFO - Started process (PID=4781) to work on /opt/airflow/dags/localtos3.py
[2022-07-29 02:50:02,859] {processor.py:641} INFO - Processing file /opt/airflow/dags/localtos3.py for tasks to queue
[2022-07-29 02:50:02,860] {logging_mixin.py:115} INFO - [2022-07-29 02:50:02,860] {dagbag.py:508} INFO - Filling up the DagBag from /opt/airflow/dags/localtos3.py
[2022-07-29 02:50:03,919] {processor.py:651} INFO - DAG(s) dict_keys(['Data_Quality_Pipeline']) retrieved from /opt/airflow/dags/localtos3.py
[2022-07-29 02:50:03,993] {logging_mixin.py:115} INFO - [2022-07-29 02:50:03,983] {dag.py:2420} INFO - Sync 1 DAGs
[2022-07-29 02:50:04,072] {logging_mixin.py:115} INFO - [2022-07-29 02:50:04,072] {dag.py:2972} INFO - Setting next_dagrun for Data_Quality_Pipeline to None, run_after=None
[2022-07-29 02:50:04,107] {processor.py:161} INFO - Processing /opt/airflow/dags/localtos3.py took 1.273 seconds
[2022-07-29 02:50:34,680] {processor.py:153} INFO - Started process (PID=4855) to work on /opt/airflow/dags/localtos3.py
[2022-07-29 02:50:34,681] {processor.py:641} INFO - Processing file /opt/airflow/dags/localtos3.py for tasks to queue
[2022-07-29 02:50:34,682] {logging_mixin.py:115} INFO - [2022-07-29 02:50:34,682] {dagbag.py:508} INFO - Filling up the DagBag from /opt/airflow/dags/localtos3.py
[2022-07-29 02:50:36,239] {processor.py:651} INFO - DAG(s) dict_keys(['Data_Quality_Pipeline']) retrieved from /opt/airflow/dags/localtos3.py
[2022-07-29 02:50:36,279] {logging_mixin.py:115} INFO - [2022-07-29 02:50:36,277] {dag.py:2420} INFO - Sync 1 DAGs
[2022-07-29 02:50:36,317] {logging_mixin.py:115} INFO - [2022-07-29 02:50:36,317] {dag.py:2972} INFO - Setting next_dagrun for Data_Quality_Pipeline to None, run_after=None
[2022-07-29 02:50:36,373] {processor.py:161} INFO - Processing /opt/airflow/dags/localtos3.py took 1.707 seconds
[2022-07-29 02:51:06,640] {processor.py:153} INFO - Started process (PID=4941) to work on /opt/airflow/dags/localtos3.py
[2022-07-29 02:51:06,641] {processor.py:641} INFO - Processing file /opt/airflow/dags/localtos3.py for tasks to queue
[2022-07-29 02:51:06,642] {logging_mixin.py:115} INFO - [2022-07-29 02:51:06,642] {dagbag.py:508} INFO - Filling up the DagBag from /opt/airflow/dags/localtos3.py
[2022-07-29 02:51:07,818] {processor.py:651} INFO - DAG(s) dict_keys(['Data_Quality_Pipeline']) retrieved from /opt/airflow/dags/localtos3.py
[2022-07-29 02:51:07,849] {logging_mixin.py:115} INFO - [2022-07-29 02:51:07,848] {dag.py:2420} INFO - Sync 1 DAGs
[2022-07-29 02:51:07,875] {logging_mixin.py:115} INFO - [2022-07-29 02:51:07,875] {dag.py:2972} INFO - Setting next_dagrun for Data_Quality_Pipeline to None, run_after=None
[2022-07-29 02:51:07,893] {processor.py:161} INFO - Processing /opt/airflow/dags/localtos3.py took 1.268 seconds
[2022-07-29 02:51:38,551] {processor.py:153} INFO - Started process (PID=5016) to work on /opt/airflow/dags/localtos3.py
[2022-07-29 02:51:38,557] {processor.py:641} INFO - Processing file /opt/airflow/dags/localtos3.py for tasks to queue
[2022-07-29 02:51:38,558] {logging_mixin.py:115} INFO - [2022-07-29 02:51:38,557] {dagbag.py:508} INFO - Filling up the DagBag from /opt/airflow/dags/localtos3.py
[2022-07-29 02:51:39,905] {processor.py:651} INFO - DAG(s) dict_keys(['Data_Quality_Pipeline']) retrieved from /opt/airflow/dags/localtos3.py
[2022-07-29 02:51:39,947] {logging_mixin.py:115} INFO - [2022-07-29 02:51:39,945] {dag.py:2420} INFO - Sync 1 DAGs
[2022-07-29 02:51:39,986] {logging_mixin.py:115} INFO - [2022-07-29 02:51:39,986] {dag.py:2972} INFO - Setting next_dagrun for Data_Quality_Pipeline to None, run_after=None
[2022-07-29 02:51:40,004] {processor.py:161} INFO - Processing /opt/airflow/dags/localtos3.py took 1.468 seconds
[2022-07-29 02:52:10,376] {processor.py:153} INFO - Started process (PID=5101) to work on /opt/airflow/dags/localtos3.py
[2022-07-29 02:52:10,377] {processor.py:641} INFO - Processing file /opt/airflow/dags/localtos3.py for tasks to queue
[2022-07-29 02:52:10,378] {logging_mixin.py:115} INFO - [2022-07-29 02:52:10,378] {dagbag.py:508} INFO - Filling up the DagBag from /opt/airflow/dags/localtos3.py
[2022-07-29 02:52:11,211] {processor.py:651} INFO - DAG(s) dict_keys(['Data_Quality_Pipeline']) retrieved from /opt/airflow/dags/localtos3.py
[2022-07-29 02:52:11,242] {logging_mixin.py:115} INFO - [2022-07-29 02:52:11,240] {dag.py:2420} INFO - Sync 1 DAGs
[2022-07-29 02:52:11,268] {logging_mixin.py:115} INFO - [2022-07-29 02:52:11,268] {dag.py:2972} INFO - Setting next_dagrun for Data_Quality_Pipeline to None, run_after=None
[2022-07-29 02:52:11,282] {processor.py:161} INFO - Processing /opt/airflow/dags/localtos3.py took 0.913 seconds
[2022-07-29 02:52:41,546] {processor.py:153} INFO - Started process (PID=5177) to work on /opt/airflow/dags/localtos3.py
[2022-07-29 02:52:41,560] {processor.py:641} INFO - Processing file /opt/airflow/dags/localtos3.py for tasks to queue
[2022-07-29 02:52:41,561] {logging_mixin.py:115} INFO - [2022-07-29 02:52:41,561] {dagbag.py:508} INFO - Filling up the DagBag from /opt/airflow/dags/localtos3.py
[2022-07-29 02:52:42,784] {processor.py:651} INFO - DAG(s) dict_keys(['Data_Quality_Pipeline']) retrieved from /opt/airflow/dags/localtos3.py
[2022-07-29 02:52:42,828] {logging_mixin.py:115} INFO - [2022-07-29 02:52:42,826] {dag.py:2420} INFO - Sync 1 DAGs
[2022-07-29 02:52:42,869] {logging_mixin.py:115} INFO - [2022-07-29 02:52:42,868] {dag.py:2972} INFO - Setting next_dagrun for Data_Quality_Pipeline to None, run_after=None
[2022-07-29 02:52:42,891] {processor.py:161} INFO - Processing /opt/airflow/dags/localtos3.py took 1.357 seconds
[2022-07-29 02:53:13,241] {processor.py:153} INFO - Started process (PID=5261) to work on /opt/airflow/dags/localtos3.py
[2022-07-29 02:53:13,241] {processor.py:641} INFO - Processing file /opt/airflow/dags/localtos3.py for tasks to queue
[2022-07-29 02:53:13,242] {logging_mixin.py:115} INFO - [2022-07-29 02:53:13,242] {dagbag.py:508} INFO - Filling up the DagBag from /opt/airflow/dags/localtos3.py
[2022-07-29 02:53:13,996] {processor.py:651} INFO - DAG(s) dict_keys(['Data_Quality_Pipeline']) retrieved from /opt/airflow/dags/localtos3.py
[2022-07-29 02:53:14,027] {logging_mixin.py:115} INFO - [2022-07-29 02:53:14,026] {dag.py:2420} INFO - Sync 1 DAGs
[2022-07-29 02:53:14,052] {logging_mixin.py:115} INFO - [2022-07-29 02:53:14,052] {dag.py:2972} INFO - Setting next_dagrun for Data_Quality_Pipeline to None, run_after=None
[2022-07-29 02:53:14,066] {processor.py:161} INFO - Processing /opt/airflow/dags/localtos3.py took 0.832 seconds
[2022-07-29 02:53:44,137] {processor.py:153} INFO - Started process (PID=5334) to work on /opt/airflow/dags/localtos3.py
[2022-07-29 02:53:44,137] {processor.py:641} INFO - Processing file /opt/airflow/dags/localtos3.py for tasks to queue
[2022-07-29 02:53:44,138] {logging_mixin.py:115} INFO - [2022-07-29 02:53:44,138] {dagbag.py:508} INFO - Filling up the DagBag from /opt/airflow/dags/localtos3.py
[2022-07-29 02:53:44,969] {processor.py:651} INFO - DAG(s) dict_keys(['Data_Quality_Pipeline']) retrieved from /opt/airflow/dags/localtos3.py
[2022-07-29 02:53:45,024] {logging_mixin.py:115} INFO - [2022-07-29 02:53:45,023] {dag.py:2420} INFO - Sync 1 DAGs
[2022-07-29 02:53:45,063] {logging_mixin.py:115} INFO - [2022-07-29 02:53:45,063] {dag.py:2972} INFO - Setting next_dagrun for Data_Quality_Pipeline to None, run_after=None
[2022-07-29 02:53:45,084] {processor.py:161} INFO - Processing /opt/airflow/dags/localtos3.py took 0.954 seconds
[2022-07-29 02:54:16,529] {processor.py:153} INFO - Started process (PID=5414) to work on /opt/airflow/dags/localtos3.py
[2022-07-29 02:54:16,540] {processor.py:641} INFO - Processing file /opt/airflow/dags/localtos3.py for tasks to queue
[2022-07-29 02:54:16,541] {logging_mixin.py:115} INFO - [2022-07-29 02:54:16,541] {dagbag.py:508} INFO - Filling up the DagBag from /opt/airflow/dags/localtos3.py
[2022-07-29 02:54:19,055] {processor.py:651} INFO - DAG(s) dict_keys(['Data_Quality_Pipeline']) retrieved from /opt/airflow/dags/localtos3.py
[2022-07-29 02:54:19,181] {logging_mixin.py:115} INFO - [2022-07-29 02:54:19,173] {dag.py:2420} INFO - Sync 1 DAGs
[2022-07-29 02:54:19,293] {logging_mixin.py:115} INFO - [2022-07-29 02:54:19,292] {dag.py:2972} INFO - Setting next_dagrun for Data_Quality_Pipeline to None, run_after=None
[2022-07-29 02:54:19,328] {processor.py:161} INFO - Processing /opt/airflow/dags/localtos3.py took 2.822 seconds
[2022-07-29 02:54:49,577] {processor.py:153} INFO - Started process (PID=5490) to work on /opt/airflow/dags/localtos3.py
[2022-07-29 02:54:49,578] {processor.py:641} INFO - Processing file /opt/airflow/dags/localtos3.py for tasks to queue
[2022-07-29 02:54:49,579] {logging_mixin.py:115} INFO - [2022-07-29 02:54:49,579] {dagbag.py:508} INFO - Filling up the DagBag from /opt/airflow/dags/localtos3.py
[2022-07-29 02:54:50,677] {processor.py:651} INFO - DAG(s) dict_keys(['Data_Quality_Pipeline']) retrieved from /opt/airflow/dags/localtos3.py
[2022-07-29 02:54:50,723] {logging_mixin.py:115} INFO - [2022-07-29 02:54:50,721] {dag.py:2420} INFO - Sync 1 DAGs
[2022-07-29 02:54:50,762] {logging_mixin.py:115} INFO - [2022-07-29 02:54:50,762] {dag.py:2972} INFO - Setting next_dagrun for Data_Quality_Pipeline to None, run_after=None
[2022-07-29 02:54:50,796] {processor.py:161} INFO - Processing /opt/airflow/dags/localtos3.py took 1.226 seconds
[2022-07-29 02:55:21,053] {processor.py:153} INFO - Started process (PID=5565) to work on /opt/airflow/dags/localtos3.py
[2022-07-29 02:55:21,054] {processor.py:641} INFO - Processing file /opt/airflow/dags/localtos3.py for tasks to queue
[2022-07-29 02:55:21,055] {logging_mixin.py:115} INFO - [2022-07-29 02:55:21,055] {dagbag.py:508} INFO - Filling up the DagBag from /opt/airflow/dags/localtos3.py
[2022-07-29 02:55:21,827] {processor.py:651} INFO - DAG(s) dict_keys(['Data_Quality_Pipeline']) retrieved from /opt/airflow/dags/localtos3.py
[2022-07-29 02:55:21,871] {logging_mixin.py:115} INFO - [2022-07-29 02:55:21,869] {dag.py:2420} INFO - Sync 1 DAGs
[2022-07-29 02:55:21,913] {logging_mixin.py:115} INFO - [2022-07-29 02:55:21,912] {dag.py:2972} INFO - Setting next_dagrun for Data_Quality_Pipeline to None, run_after=None
[2022-07-29 02:55:21,932] {processor.py:161} INFO - Processing /opt/airflow/dags/localtos3.py took 0.886 seconds
[2022-07-29 02:55:52,290] {processor.py:153} INFO - Started process (PID=5648) to work on /opt/airflow/dags/localtos3.py
[2022-07-29 02:55:52,304] {processor.py:641} INFO - Processing file /opt/airflow/dags/localtos3.py for tasks to queue
[2022-07-29 02:55:52,305] {logging_mixin.py:115} INFO - [2022-07-29 02:55:52,305] {dagbag.py:508} INFO - Filling up the DagBag from /opt/airflow/dags/localtos3.py
[2022-07-29 02:55:53,996] {processor.py:651} INFO - DAG(s) dict_keys(['Data_Quality_Pipeline']) retrieved from /opt/airflow/dags/localtos3.py
[2022-07-29 02:55:54,085] {logging_mixin.py:115} INFO - [2022-07-29 02:55:54,083] {dag.py:2420} INFO - Sync 1 DAGs
[2022-07-29 02:55:54,132] {logging_mixin.py:115} INFO - [2022-07-29 02:55:54,132] {dag.py:2972} INFO - Setting next_dagrun for Data_Quality_Pipeline to None, run_after=None
[2022-07-29 02:55:54,160] {processor.py:161} INFO - Processing /opt/airflow/dags/localtos3.py took 1.909 seconds
[2022-07-29 02:56:24,240] {processor.py:153} INFO - Started process (PID=5721) to work on /opt/airflow/dags/localtos3.py
[2022-07-29 02:56:24,241] {processor.py:641} INFO - Processing file /opt/airflow/dags/localtos3.py for tasks to queue
[2022-07-29 02:56:24,242] {logging_mixin.py:115} INFO - [2022-07-29 02:56:24,242] {dagbag.py:508} INFO - Filling up the DagBag from /opt/airflow/dags/localtos3.py
[2022-07-29 02:56:26,064] {processor.py:651} INFO - DAG(s) dict_keys(['Data_Quality_Pipeline']) retrieved from /opt/airflow/dags/localtos3.py
[2022-07-29 02:56:26,138] {logging_mixin.py:115} INFO - [2022-07-29 02:56:26,136] {dag.py:2420} INFO - Sync 1 DAGs
[2022-07-29 02:56:26,186] {logging_mixin.py:115} INFO - [2022-07-29 02:56:26,186] {dag.py:2972} INFO - Setting next_dagrun for Data_Quality_Pipeline to None, run_after=None
[2022-07-29 02:56:26,210] {processor.py:161} INFO - Processing /opt/airflow/dags/localtos3.py took 1.983 seconds
[2022-07-29 02:56:56,625] {processor.py:153} INFO - Started process (PID=5803) to work on /opt/airflow/dags/localtos3.py
[2022-07-29 02:56:56,632] {processor.py:641} INFO - Processing file /opt/airflow/dags/localtos3.py for tasks to queue
[2022-07-29 02:56:56,633] {logging_mixin.py:115} INFO - [2022-07-29 02:56:56,633] {dagbag.py:508} INFO - Filling up the DagBag from /opt/airflow/dags/localtos3.py
[2022-07-29 02:56:58,078] {processor.py:651} INFO - DAG(s) dict_keys(['Data_Quality_Pipeline']) retrieved from /opt/airflow/dags/localtos3.py
[2022-07-29 02:56:58,150] {logging_mixin.py:115} INFO - [2022-07-29 02:56:58,148] {dag.py:2420} INFO - Sync 1 DAGs
[2022-07-29 02:56:58,212] {logging_mixin.py:115} INFO - [2022-07-29 02:56:58,212] {dag.py:2972} INFO - Setting next_dagrun for Data_Quality_Pipeline to None, run_after=None
[2022-07-29 02:56:58,253] {processor.py:161} INFO - Processing /opt/airflow/dags/localtos3.py took 1.640 seconds
[2022-07-29 02:57:29,038] {processor.py:153} INFO - Started process (PID=5876) to work on /opt/airflow/dags/localtos3.py
[2022-07-29 02:57:29,039] {processor.py:641} INFO - Processing file /opt/airflow/dags/localtos3.py for tasks to queue
[2022-07-29 02:57:29,040] {logging_mixin.py:115} INFO - [2022-07-29 02:57:29,040] {dagbag.py:508} INFO - Filling up the DagBag from /opt/airflow/dags/localtos3.py
[2022-07-29 02:57:30,057] {processor.py:651} INFO - DAG(s) dict_keys(['Data_Quality_Pipeline']) retrieved from /opt/airflow/dags/localtos3.py
[2022-07-29 02:57:30,102] {logging_mixin.py:115} INFO - [2022-07-29 02:57:30,100] {dag.py:2420} INFO - Sync 1 DAGs
[2022-07-29 02:57:30,142] {logging_mixin.py:115} INFO - [2022-07-29 02:57:30,141] {dag.py:2972} INFO - Setting next_dagrun for Data_Quality_Pipeline to None, run_after=None
[2022-07-29 02:57:30,162] {processor.py:161} INFO - Processing /opt/airflow/dags/localtos3.py took 1.132 seconds
[2022-07-29 02:58:00,638] {processor.py:153} INFO - Started process (PID=5949) to work on /opt/airflow/dags/localtos3.py
[2022-07-29 02:58:00,639] {processor.py:641} INFO - Processing file /opt/airflow/dags/localtos3.py for tasks to queue
[2022-07-29 02:58:00,640] {logging_mixin.py:115} INFO - [2022-07-29 02:58:00,640] {dagbag.py:508} INFO - Filling up the DagBag from /opt/airflow/dags/localtos3.py
[2022-07-29 02:58:01,563] {processor.py:651} INFO - DAG(s) dict_keys(['Data_Quality_Pipeline']) retrieved from /opt/airflow/dags/localtos3.py
[2022-07-29 02:58:01,616] {logging_mixin.py:115} INFO - [2022-07-29 02:58:01,615] {dag.py:2420} INFO - Sync 1 DAGs
[2022-07-29 02:58:01,666] {logging_mixin.py:115} INFO - [2022-07-29 02:58:01,666] {dag.py:2972} INFO - Setting next_dagrun for Data_Quality_Pipeline to None, run_after=None
[2022-07-29 02:58:01,701] {processor.py:161} INFO - Processing /opt/airflow/dags/localtos3.py took 1.070 seconds
