[2022-07-26 09:31:36,093] {taskinstance.py:1179} INFO - Dependencies all met for <TaskInstance: dataquality_pipeline_v1.upload_to_s3_2019-02 manual__2022-07-26T09:31:20.211065+00:00 [queued]>
[2022-07-26 09:31:36,173] {taskinstance.py:1179} INFO - Dependencies all met for <TaskInstance: dataquality_pipeline_v1.upload_to_s3_2019-02 manual__2022-07-26T09:31:20.211065+00:00 [queued]>
[2022-07-26 09:31:36,173] {taskinstance.py:1376} INFO - 
--------------------------------------------------------------------------------
[2022-07-26 09:31:36,173] {taskinstance.py:1377} INFO - Starting attempt 1 of 1
[2022-07-26 09:31:36,173] {taskinstance.py:1378} INFO - 
--------------------------------------------------------------------------------
[2022-07-26 09:31:36,257] {taskinstance.py:1397} INFO - Executing <Task(LocalFilesystemToS3Operator): upload_to_s3_2019-02> on 2022-07-26 09:31:20.211065+00:00
[2022-07-26 09:31:36,285] {standard_task_runner.py:52} INFO - Started process 1543 to run task
[2022-07-26 09:31:36,350] {standard_task_runner.py:79} INFO - Running: ['***', 'tasks', 'run', 'dataquality_pipeline_v1', 'upload_to_s3_2019-02', 'manual__2022-07-26T09:31:20.211065+00:00', '--job-id', '109', '--raw', '--subdir', 'DAGS_FOLDER/dataquality_pipeline_v1.py', '--cfg-path', '/tmp/tmpgtfc5dr0', '--error-file', '/tmp/tmp6gdppt0o']
[2022-07-26 09:31:36,367] {standard_task_runner.py:80} INFO - Job 109: Subtask upload_to_s3_2019-02
[2022-07-26 09:31:36,810] {task_command.py:371} INFO - Running <TaskInstance: dataquality_pipeline_v1.upload_to_s3_2019-02 manual__2022-07-26T09:31:20.211065+00:00 [running]> on host d19767594dfa
[2022-07-26 09:31:37,172] {taskinstance.py:1591} INFO - Exporting the following env vars:
AIRFLOW_CTX_DAG_OWNER=***
AIRFLOW_CTX_DAG_ID=dataquality_pipeline_v1
AIRFLOW_CTX_TASK_ID=upload_to_s3_2019-02
AIRFLOW_CTX_EXECUTION_DATE=2022-07-26T09:31:20.211065+00:00
AIRFLOW_CTX_TRY_NUMBER=1
AIRFLOW_CTX_DAG_RUN_ID=manual__2022-07-26T09:31:20.211065+00:00
[2022-07-26 09:31:37,210] {base.py:68} INFO - Using connection ID 'aws-conn' for task execution.
[2022-07-26 09:31:37,213] {base_aws.py:206} INFO - Credentials retrieved from login
[2022-07-26 09:31:38,961] {taskinstance.py:1420} INFO - Marking task as SUCCESS. dag_id=dataquality_pipeline_v1, task_id=upload_to_s3_2019-02, execution_date=20220726T093120, start_date=20220726T093136, end_date=20220726T093138
[2022-07-26 09:31:39,031] {local_task_job.py:156} INFO - Task exited with return code 0
[2022-07-26 09:31:39,181] {local_task_job.py:273} INFO - 1 downstream tasks scheduled from follow-on schedule check
