[2022-07-23 09:06:47,164] {taskinstance.py:1179} INFO - Dependencies all met for <TaskInstance: local_to_snowflake.add_upload_date manual__2022-07-23T09:06:34.194905+00:00 [queued]>
[2022-07-23 09:06:47,202] {taskinstance.py:1179} INFO - Dependencies all met for <TaskInstance: local_to_snowflake.add_upload_date manual__2022-07-23T09:06:34.194905+00:00 [queued]>
[2022-07-23 09:06:47,202] {taskinstance.py:1376} INFO - 
--------------------------------------------------------------------------------
[2022-07-23 09:06:47,202] {taskinstance.py:1377} INFO - Starting attempt 1 of 1
[2022-07-23 09:06:47,202] {taskinstance.py:1378} INFO - 
--------------------------------------------------------------------------------
[2022-07-23 09:06:47,265] {taskinstance.py:1397} INFO - Executing <Task(_PythonDecoratedOperator): add_upload_date> on 2022-07-23 09:06:34.194905+00:00
[2022-07-23 09:06:47,285] {standard_task_runner.py:52} INFO - Started process 154 to run task
[2022-07-23 09:06:47,301] {standard_task_runner.py:79} INFO - Running: ['***', 'tasks', 'run', 'local_to_snowflake', 'add_upload_date', 'manual__2022-07-23T09:06:34.194905+00:00', '--job-id', '46', '--raw', '--subdir', 'DAGS_FOLDER/localtosnowflake.py', '--cfg-path', '/tmp/tmpp190gaqw', '--error-file', '/tmp/tmp2e9axh1y']
[2022-07-23 09:06:47,308] {standard_task_runner.py:80} INFO - Job 46: Subtask add_upload_date
[2022-07-23 09:06:47,588] {task_command.py:371} INFO - Running <TaskInstance: local_to_snowflake.add_upload_date manual__2022-07-23T09:06:34.194905+00:00 [running]> on host cbd64c50b1d6
[2022-07-23 09:06:47,961] {taskinstance.py:1591} INFO - Exporting the following env vars:
AIRFLOW_CTX_DAG_OWNER=***
AIRFLOW_CTX_DAG_ID=local_to_snowflake
AIRFLOW_CTX_TASK_ID=add_upload_date
AIRFLOW_CTX_EXECUTION_DATE=2022-07-23T09:06:34.194905+00:00
AIRFLOW_CTX_TRY_NUMBER=1
AIRFLOW_CTX_DAG_RUN_ID=manual__2022-07-23T09:06:34.194905+00:00
[2022-07-23 09:06:48,451] {python.py:173} INFO - Done. Returned value was: None
[2022-07-23 09:06:48,562] {taskinstance.py:1420} INFO - Marking task as SUCCESS. dag_id=local_to_snowflake, task_id=add_upload_date, execution_date=20220723T090634, start_date=20220723T090647, end_date=20220723T090648
[2022-07-23 09:06:48,627] {local_task_job.py:156} INFO - Task exited with return code 0
[2022-07-23 09:06:48,871] {local_task_job.py:273} INFO - 0 downstream tasks scheduled from follow-on schedule check
