[2022-07-23 09:20:59,293] {taskinstance.py:1179} INFO - Dependencies all met for <TaskInstance: local_to_snowflake.upload_to_s3_2019-01 manual__2022-07-23T09:20:46.397960+00:00 [queued]>
[2022-07-23 09:20:59,373] {taskinstance.py:1179} INFO - Dependencies all met for <TaskInstance: local_to_snowflake.upload_to_s3_2019-01 manual__2022-07-23T09:20:46.397960+00:00 [queued]>
[2022-07-23 09:20:59,373] {taskinstance.py:1376} INFO - 
--------------------------------------------------------------------------------
[2022-07-23 09:20:59,373] {taskinstance.py:1377} INFO - Starting attempt 1 of 1
[2022-07-23 09:20:59,373] {taskinstance.py:1378} INFO - 
--------------------------------------------------------------------------------
[2022-07-23 09:20:59,486] {taskinstance.py:1397} INFO - Executing <Task(LocalFilesystemToS3Operator): upload_to_s3_2019-01> on 2022-07-23 09:20:46.397960+00:00
[2022-07-23 09:20:59,505] {standard_task_runner.py:52} INFO - Started process 808 to run task
[2022-07-23 09:20:59,524] {standard_task_runner.py:79} INFO - Running: ['***', 'tasks', 'run', 'local_to_snowflake', 'upload_to_s3_2019-01', 'manual__2022-07-23T09:20:46.397960+00:00', '--job-id', '58', '--raw', '--subdir', 'DAGS_FOLDER/localtosnowflake.py', '--cfg-path', '/tmp/tmpzj_2smnu', '--error-file', '/tmp/tmpooj_0j1p']
[2022-07-23 09:20:59,532] {standard_task_runner.py:80} INFO - Job 58: Subtask upload_to_s3_2019-01
[2022-07-23 09:20:59,813] {task_command.py:371} INFO - Running <TaskInstance: local_to_snowflake.upload_to_s3_2019-01 manual__2022-07-23T09:20:46.397960+00:00 [running]> on host cbd64c50b1d6
[2022-07-23 09:21:00,138] {taskinstance.py:1591} INFO - Exporting the following env vars:
AIRFLOW_CTX_DAG_OWNER=***
AIRFLOW_CTX_DAG_ID=local_to_snowflake
AIRFLOW_CTX_TASK_ID=upload_to_s3_2019-01
AIRFLOW_CTX_EXECUTION_DATE=2022-07-23T09:20:46.397960+00:00
AIRFLOW_CTX_TRY_NUMBER=1
AIRFLOW_CTX_DAG_RUN_ID=manual__2022-07-23T09:20:46.397960+00:00
[2022-07-23 09:21:00,164] {base.py:68} INFO - Using connection ID 'aws-conn' for task execution.
[2022-07-23 09:21:00,165] {base_aws.py:206} INFO - Credentials retrieved from login
[2022-07-23 09:21:01,276] {taskinstance.py:1420} INFO - Marking task as SUCCESS. dag_id=local_to_snowflake, task_id=upload_to_s3_2019-01, execution_date=20220723T092046, start_date=20220723T092059, end_date=20220723T092101
[2022-07-23 09:21:01,321] {local_task_job.py:156} INFO - Task exited with return code 0
[2022-07-23 09:21:01,416] {local_task_job.py:273} INFO - 1 downstream tasks scheduled from follow-on schedule check
