[2022-07-23 14:26:41,244] {taskinstance.py:1179} INFO - Dependencies all met for <TaskInstance: local_to_snowflake.add_upload_date manual__2022-07-23T14:26:36.128276+00:00 [queued]>
[2022-07-23 14:26:41,286] {taskinstance.py:1179} INFO - Dependencies all met for <TaskInstance: local_to_snowflake.add_upload_date manual__2022-07-23T14:26:36.128276+00:00 [queued]>
[2022-07-23 14:26:41,287] {taskinstance.py:1376} INFO - 
--------------------------------------------------------------------------------
[2022-07-23 14:26:41,287] {taskinstance.py:1377} INFO - Starting attempt 1 of 1
[2022-07-23 14:26:41,287] {taskinstance.py:1378} INFO - 
--------------------------------------------------------------------------------
[2022-07-23 14:26:41,350] {taskinstance.py:1397} INFO - Executing <Task(_PythonDecoratedOperator): add_upload_date> on 2022-07-23 14:26:36.128276+00:00
[2022-07-23 14:26:41,375] {standard_task_runner.py:52} INFO - Started process 13673 to run task
[2022-07-23 14:26:41,407] {standard_task_runner.py:79} INFO - Running: ['***', 'tasks', 'run', 'local_to_snowflake', 'add_upload_date', 'manual__2022-07-23T14:26:36.128276+00:00', '--job-id', '61', '--raw', '--subdir', 'DAGS_FOLDER/localtosnowflake.py', '--cfg-path', '/tmp/tmpe86jczjq', '--error-file', '/tmp/tmpzxed179w']
[2022-07-23 14:26:41,410] {standard_task_runner.py:80} INFO - Job 61: Subtask add_upload_date
[2022-07-23 14:26:41,686] {task_command.py:371} INFO - Running <TaskInstance: local_to_snowflake.add_upload_date manual__2022-07-23T14:26:36.128276+00:00 [running]> on host cbd64c50b1d6
[2022-07-23 14:26:42,033] {taskinstance.py:1591} INFO - Exporting the following env vars:
AIRFLOW_CTX_DAG_OWNER=***
AIRFLOW_CTX_DAG_ID=local_to_snowflake
AIRFLOW_CTX_TASK_ID=add_upload_date
AIRFLOW_CTX_EXECUTION_DATE=2022-07-23T14:26:36.128276+00:00
AIRFLOW_CTX_TRY_NUMBER=1
AIRFLOW_CTX_DAG_RUN_ID=manual__2022-07-23T14:26:36.128276+00:00
[2022-07-23 14:26:42,682] {python.py:173} INFO - Done. Returned value was: None
[2022-07-23 14:26:42,733] {taskinstance.py:1420} INFO - Marking task as SUCCESS. dag_id=local_to_snowflake, task_id=add_upload_date, execution_date=20220723T142636, start_date=20220723T142641, end_date=20220723T142642
[2022-07-23 14:26:42,793] {local_task_job.py:156} INFO - Task exited with return code 0
[2022-07-23 14:26:42,970] {local_task_job.py:273} INFO - 0 downstream tasks scheduled from follow-on schedule check
