[2022-07-27 15:49:54,201] {taskinstance.py:1179} INFO - Dependencies all met for <TaskInstance: dataquality_pipeline_v2.add_upload_date manual__2022-07-27T15:49:45.667788+00:00 [queued]>
[2022-07-27 15:49:54,223] {taskinstance.py:1179} INFO - Dependencies all met for <TaskInstance: dataquality_pipeline_v2.add_upload_date manual__2022-07-27T15:49:45.667788+00:00 [queued]>
[2022-07-27 15:49:54,223] {taskinstance.py:1376} INFO - 
--------------------------------------------------------------------------------
[2022-07-27 15:49:54,223] {taskinstance.py:1377} INFO - Starting attempt 1 of 1
[2022-07-27 15:49:54,223] {taskinstance.py:1378} INFO - 
--------------------------------------------------------------------------------
[2022-07-27 15:49:54,257] {taskinstance.py:1397} INFO - Executing <Task(_PythonDecoratedOperator): add_upload_date> on 2022-07-27 15:49:45.667788+00:00
[2022-07-27 15:49:54,266] {standard_task_runner.py:52} INFO - Started process 251 to run task
[2022-07-27 15:49:54,279] {standard_task_runner.py:79} INFO - Running: ['***', 'tasks', 'run', 'dataquality_pipeline_v2', 'add_upload_date', 'manual__2022-07-27T15:49:45.667788+00:00', '--job-id', '129', '--raw', '--subdir', 'DAGS_FOLDER/dataquality_pipeline_v2.py', '--cfg-path', '/tmp/tmpdqk15j52', '--error-file', '/tmp/tmpcfiesy0h']
[2022-07-27 15:49:54,282] {standard_task_runner.py:80} INFO - Job 129: Subtask add_upload_date
[2022-07-27 15:49:54,385] {task_command.py:371} INFO - Running <TaskInstance: dataquality_pipeline_v2.add_upload_date manual__2022-07-27T15:49:45.667788+00:00 [running]> on host 2c2de32fb47f
[2022-07-27 15:49:54,737] {taskinstance.py:1591} INFO - Exporting the following env vars:
AIRFLOW_CTX_DAG_EMAIL=abin404@yopmail.com
AIRFLOW_CTX_DAG_OWNER=***
AIRFLOW_CTX_DAG_ID=dataquality_pipeline_v2
AIRFLOW_CTX_TASK_ID=add_upload_date
AIRFLOW_CTX_EXECUTION_DATE=2022-07-27T15:49:45.667788+00:00
AIRFLOW_CTX_TRY_NUMBER=1
AIRFLOW_CTX_DAG_RUN_ID=manual__2022-07-27T15:49:45.667788+00:00
[2022-07-27 15:49:55,495] {python.py:173} INFO - Done. Returned value was: None
[2022-07-27 15:49:55,567] {taskinstance.py:1420} INFO - Marking task as SUCCESS. dag_id=dataquality_pipeline_v2, task_id=add_upload_date, execution_date=20220727T154945, start_date=20220727T154954, end_date=20220727T154955
[2022-07-27 15:49:55,683] {local_task_job.py:156} INFO - Task exited with return code 0
[2022-07-27 15:49:55,979] {local_task_job.py:273} INFO - 1 downstream tasks scheduled from follow-on schedule check
