[2022-07-25 09:13:21,233] {taskinstance.py:1179} INFO - Dependencies all met for <TaskInstance: dataquality_pipeline_v1.load_to_snowflake manual__2022-07-25T09:12:48.190901+00:00 [queued]>
[2022-07-25 09:13:21,248] {taskinstance.py:1179} INFO - Dependencies all met for <TaskInstance: dataquality_pipeline_v1.load_to_snowflake manual__2022-07-25T09:12:48.190901+00:00 [queued]>
[2022-07-25 09:13:21,249] {taskinstance.py:1376} INFO - 
--------------------------------------------------------------------------------
[2022-07-25 09:13:21,249] {taskinstance.py:1377} INFO - Starting attempt 1 of 1
[2022-07-25 09:13:21,249] {taskinstance.py:1378} INFO - 
--------------------------------------------------------------------------------
[2022-07-25 09:13:21,279] {taskinstance.py:1397} INFO - Executing <Task(S3ToSnowflakeOperator): load_to_snowflake> on 2022-07-25 09:12:48.190901+00:00
[2022-07-25 09:13:21,291] {standard_task_runner.py:52} INFO - Started process 9887 to run task
[2022-07-25 09:13:21,302] {standard_task_runner.py:79} INFO - Running: ['***', 'tasks', 'run', 'dataquality_pipeline_v1', 'load_to_snowflake', 'manual__2022-07-25T09:12:48.190901+00:00', '--job-id', '95', '--raw', '--subdir', 'DAGS_FOLDER/dataquality_pipeline_v1.py', '--cfg-path', '/tmp/tmpecsnz1g8', '--error-file', '/tmp/tmpuf1bk_xc']
[2022-07-25 09:13:21,305] {standard_task_runner.py:80} INFO - Job 95: Subtask load_to_snowflake
[2022-07-25 09:13:21,490] {task_command.py:371} INFO - Running <TaskInstance: dataquality_pipeline_v1.load_to_snowflake manual__2022-07-25T09:12:48.190901+00:00 [running]> on host d19767594dfa
[2022-07-25 09:13:21,699] {taskinstance.py:1591} INFO - Exporting the following env vars:
AIRFLOW_CTX_DAG_OWNER=***
AIRFLOW_CTX_DAG_ID=dataquality_pipeline_v1
AIRFLOW_CTX_TASK_ID=load_to_snowflake
AIRFLOW_CTX_EXECUTION_DATE=2022-07-25T09:12:48.190901+00:00
AIRFLOW_CTX_TRY_NUMBER=1
AIRFLOW_CTX_DAG_RUN_ID=manual__2022-07-25T09:12:48.190901+00:00
[2022-07-25 09:13:21,701] {s3_to_snowflake.py:128} INFO - Executing COPY command...
[2022-07-25 09:13:21,721] {base.py:68} INFO - Using connection ID 'snowflake_default' for task execution.
[2022-07-25 09:13:21,735] {connection.py:262} INFO - Snowflake Connector for Python Version: 2.7.9, Python Version: 3.7.13, Platform: Linux-5.15.0-1014-azure-x86_64-with-debian-11.4
[2022-07-25 09:13:21,736] {connection.py:877} INFO - This connection is in OCSP Fail Open Mode. TLS Certificates would be checked for validity and revocation status. Any other Certificate Revocation related exceptions or OCSP Responder failures would be disregarded in favor of connectivity.
[2022-07-25 09:13:21,736] {connection.py:894} INFO - Setting use_openssl_only mode to False
[2022-07-25 09:13:23,530] {cursor.py:710} INFO - query: [ALTER SESSION SET autocommit=True]
[2022-07-25 09:13:23,807] {cursor.py:734} INFO - query execution done
[2022-07-25 09:13:23,808] {snowflake.py:328} INFO - Running statement: COPY INTO YELLOW_TRIPDATA
FROM @YELLOW_TRIPDATA_STAGE/
file_format=(type = 'CSV', skip_header = 1, time_format = 'YYYY-MM-DD HH24:MI:SS'), parameters: None
[2022-07-25 09:13:23,808] {cursor.py:710} INFO - query: [COPY INTO YELLOW_TRIPDATA FROM @YELLOW_TRIPDATA_STAGE/ file_format=(type = 'CSV'...]
[2022-07-25 09:13:28,031] {cursor.py:734} INFO - query execution done
[2022-07-25 09:13:28,031] {snowflake.py:338} INFO - Statement execution info - {'file': 's3://snowflakedata212/yellow_tripdata_sample_2019-02.csv', 'status': 'LOADED', 'rows_parsed': 10000, 'rows_loaded': 10000, 'error_limit': 1, 'errors_seen': 0, 'first_error': None, 'first_error_line': None, 'first_error_character': None, 'first_error_column_name': None}
[2022-07-25 09:13:28,032] {snowflake.py:338} INFO - Statement execution info - {'file': 's3://snowflakedata212/yellow_tripdata_sample_2019-01.csv', 'status': 'LOADED', 'rows_parsed': 10000, 'rows_loaded': 10000, 'error_limit': 1, 'errors_seen': 0, 'first_error': None, 'first_error_line': None, 'first_error_character': None, 'first_error_column_name': None}
[2022-07-25 09:13:28,032] {snowflake.py:342} INFO - Rows affected: 2
[2022-07-25 09:13:28,032] {snowflake.py:343} INFO - Snowflake query id: 01a5d6e9-0000-da87-0000-2259000593c6
[2022-07-25 09:13:28,032] {connection.py:507} INFO - closed
[2022-07-25 09:13:28,263] {connection.py:510} INFO - No async queries seem to be running, deleting session
[2022-07-25 09:13:28,526] {s3_to_snowflake.py:130} INFO - COPY command completed
[2022-07-25 09:13:28,559] {taskinstance.py:1420} INFO - Marking task as SUCCESS. dag_id=dataquality_pipeline_v1, task_id=load_to_snowflake, execution_date=20220725T091248, start_date=20220725T091321, end_date=20220725T091328
[2022-07-25 09:13:28,606] {local_task_job.py:156} INFO - Task exited with return code 0
[2022-07-25 09:13:28,702] {local_task_job.py:273} INFO - 8 downstream tasks scheduled from follow-on schedule check
