[2022-07-27 18:45:40,206] {taskinstance.py:1179} INFO - Dependencies all met for <TaskInstance: dataquality_pipeline_v3.upload_to_s3_2020-05 manual__2022-07-27T18:45:32.236182+00:00 [queued]>
[2022-07-27 18:45:40,220] {taskinstance.py:1179} INFO - Dependencies all met for <TaskInstance: dataquality_pipeline_v3.upload_to_s3_2020-05 manual__2022-07-27T18:45:32.236182+00:00 [queued]>
[2022-07-27 18:45:40,221] {taskinstance.py:1376} INFO - 
--------------------------------------------------------------------------------
[2022-07-27 18:45:40,221] {taskinstance.py:1377} INFO - Starting attempt 1 of 1
[2022-07-27 18:45:40,221] {taskinstance.py:1378} INFO - 
--------------------------------------------------------------------------------
[2022-07-27 18:45:40,244] {taskinstance.py:1397} INFO - Executing <Task(LocalFilesystemToS3Operator): upload_to_s3_2020-05> on 2022-07-27 18:45:32.236182+00:00
[2022-07-27 18:45:40,253] {standard_task_runner.py:52} INFO - Started process 7937 to run task
[2022-07-27 18:45:40,264] {standard_task_runner.py:79} INFO - Running: ['***', 'tasks', 'run', 'dataquality_pipeline_v3', 'upload_to_s3_2020-05', 'manual__2022-07-27T18:45:32.236182+00:00', '--job-id', '148', '--raw', '--subdir', 'DAGS_FOLDER/dataquality_pipeline_v3.py', '--cfg-path', '/tmp/tmpxeuhkeb7', '--error-file', '/tmp/tmpleswyzpc']
[2022-07-27 18:45:40,266] {standard_task_runner.py:80} INFO - Job 148: Subtask upload_to_s3_2020-05
[2022-07-27 18:45:40,381] {task_command.py:371} INFO - Running <TaskInstance: dataquality_pipeline_v3.upload_to_s3_2020-05 manual__2022-07-27T18:45:32.236182+00:00 [running]> on host 2c2de32fb47f
[2022-07-27 18:45:40,524] {taskinstance.py:1591} INFO - Exporting the following env vars:
AIRFLOW_CTX_DAG_EMAIL=abin404@yopmail.com
AIRFLOW_CTX_DAG_OWNER=***
AIRFLOW_CTX_DAG_ID=dataquality_pipeline_v3
AIRFLOW_CTX_TASK_ID=upload_to_s3_2020-05
AIRFLOW_CTX_EXECUTION_DATE=2022-07-27T18:45:32.236182+00:00
AIRFLOW_CTX_TRY_NUMBER=1
AIRFLOW_CTX_DAG_RUN_ID=manual__2022-07-27T18:45:32.236182+00:00
[2022-07-27 18:45:40,545] {base.py:68} INFO - Using connection ID 'aws-conn' for task execution.
[2022-07-27 18:45:40,547] {base_aws.py:206} INFO - Credentials retrieved from login
[2022-07-27 18:45:41,556] {taskinstance.py:1420} INFO - Marking task as SUCCESS. dag_id=dataquality_pipeline_v3, task_id=upload_to_s3_2020-05, execution_date=20220727T184532, start_date=20220727T184540, end_date=20220727T184541
[2022-07-27 18:45:41,609] {local_task_job.py:156} INFO - Task exited with return code 0
[2022-07-27 18:45:41,810] {local_task_job.py:273} INFO - 1 downstream tasks scheduled from follow-on schedule check
