[2022-07-25 09:13:46,066] {taskinstance.py:1179} INFO - Dependencies all met for <TaskInstance: dataquality_pipeline_v1.check_threshold manual__2022-07-25T09:12:48.190901+00:00 [queued]>
[2022-07-25 09:13:46,212] {taskinstance.py:1179} INFO - Dependencies all met for <TaskInstance: dataquality_pipeline_v1.check_threshold manual__2022-07-25T09:12:48.190901+00:00 [queued]>
[2022-07-25 09:13:46,212] {taskinstance.py:1376} INFO - 
--------------------------------------------------------------------------------
[2022-07-25 09:13:46,213] {taskinstance.py:1377} INFO - Starting attempt 1 of 1
[2022-07-25 09:13:46,213] {taskinstance.py:1378} INFO - 
--------------------------------------------------------------------------------
[2022-07-25 09:13:46,369] {taskinstance.py:1397} INFO - Executing <Task(SnowflakeThresholdCheckOperator): check_threshold> on 2022-07-25 09:12:48.190901+00:00
[2022-07-25 09:13:46,457] {standard_task_runner.py:52} INFO - Started process 9919 to run task
[2022-07-25 09:13:46,517] {standard_task_runner.py:79} INFO - Running: ['***', 'tasks', 'run', 'dataquality_pipeline_v1', 'check_threshold', 'manual__2022-07-25T09:12:48.190901+00:00', '--job-id', '101', '--raw', '--subdir', 'DAGS_FOLDER/dataquality_pipeline_v1.py', '--cfg-path', '/tmp/tmpkxi1aek4', '--error-file', '/tmp/tmpgpj5uwac']
[2022-07-25 09:13:46,579] {standard_task_runner.py:80} INFO - Job 101: Subtask check_threshold
[2022-07-25 09:13:47,426] {task_command.py:371} INFO - Running <TaskInstance: dataquality_pipeline_v1.check_threshold manual__2022-07-25T09:12:48.190901+00:00 [running]> on host d19767594dfa
[2022-07-25 09:13:48,531] {taskinstance.py:1591} INFO - Exporting the following env vars:
AIRFLOW_CTX_DAG_OWNER=***
AIRFLOW_CTX_DAG_ID=dataquality_pipeline_v1
AIRFLOW_CTX_TASK_ID=check_threshold
AIRFLOW_CTX_EXECUTION_DATE=2022-07-25T09:12:48.190901+00:00
AIRFLOW_CTX_TRY_NUMBER=1
AIRFLOW_CTX_DAG_RUN_ID=manual__2022-07-25T09:12:48.190901+00:00
[2022-07-25 09:13:48,574] {base.py:68} INFO - Using connection ID 'my_snowflake_conn' for task execution.
[2022-07-25 09:13:48,611] {connection.py:262} INFO - Snowflake Connector for Python Version: 2.7.9, Python Version: 3.7.13, Platform: Linux-5.15.0-1014-azure-x86_64-with-debian-11.4
[2022-07-25 09:13:48,612] {connection.py:877} INFO - This connection is in OCSP Fail Open Mode. TLS Certificates would be checked for validity and revocation status. Any other Certificate Revocation related exceptions or OCSP Responder failures would be disregarded in favor of connectivity.
[2022-07-25 09:13:48,612] {connection.py:894} INFO - Setting use_openssl_only mode to False
[2022-07-25 09:13:54,159] {cursor.py:710} INFO - query: [SELECT MAX(passenger_count) FROM YELLOW_TRIPDATA;]
[2022-07-25 09:13:54,464] {cursor.py:734} INFO - query execution done
[2022-07-25 09:13:54,484] {connection.py:507} INFO - closed
[2022-07-25 09:13:54,718] {connection.py:510} INFO - No async queries seem to be running, deleting session
[2022-07-25 09:13:54,991] {sql.py:467} INFO - Log from dataquality_pipeline_v1:
result: 6
task_id: check_threshold
min_threshold: 1.0
max_threshold: 8.0
within_threshold: True
[2022-07-25 09:13:54,992] {sql.py:459} INFO - Test check_threshold Successful.
[2022-07-25 09:13:55,118] {taskinstance.py:1420} INFO - Marking task as SUCCESS. dag_id=dataquality_pipeline_v1, task_id=check_threshold, execution_date=20220725T091248, start_date=20220725T091346, end_date=20220725T091355
[2022-07-25 09:13:55,285] {local_task_job.py:156} INFO - Task exited with return code 0
[2022-07-25 09:13:55,643] {local_task_job.py:273} INFO - 0 downstream tasks scheduled from follow-on schedule check
