[2022-07-22 17:48:38,598] {taskinstance.py:1179} INFO - Dependencies all met for <TaskInstance: Data_Quality_Pipeline.add_upload_date manual__2022-07-22T17:48:35.066785+00:00 [queued]>
[2022-07-22 17:48:38,622] {taskinstance.py:1179} INFO - Dependencies all met for <TaskInstance: Data_Quality_Pipeline.add_upload_date manual__2022-07-22T17:48:35.066785+00:00 [queued]>
[2022-07-22 17:48:38,622] {taskinstance.py:1376} INFO - 
--------------------------------------------------------------------------------
[2022-07-22 17:48:38,622] {taskinstance.py:1377} INFO - Starting attempt 1 of 1
[2022-07-22 17:48:38,622] {taskinstance.py:1378} INFO - 
--------------------------------------------------------------------------------
[2022-07-22 17:48:38,654] {taskinstance.py:1397} INFO - Executing <Task(_PythonDecoratedOperator): add_upload_date> on 2022-07-22 17:48:35.066785+00:00
[2022-07-22 17:48:38,663] {standard_task_runner.py:52} INFO - Started process 8940 to run task
[2022-07-22 17:48:38,677] {standard_task_runner.py:79} INFO - Running: ['***', 'tasks', 'run', 'Data_Quality_Pipeline', 'add_upload_date', 'manual__2022-07-22T17:48:35.066785+00:00', '--job-id', '30', '--raw', '--subdir', 'DAGS_FOLDER/localtos3.py', '--cfg-path', '/tmp/tmpxy05sar6', '--error-file', '/tmp/tmpu3gou16a']
[2022-07-22 17:48:38,680] {standard_task_runner.py:80} INFO - Job 30: Subtask add_upload_date
[2022-07-22 17:48:38,833] {task_command.py:371} INFO - Running <TaskInstance: Data_Quality_Pipeline.add_upload_date manual__2022-07-22T17:48:35.066785+00:00 [running]> on host d30608300872
[2022-07-22 17:48:39,088] {taskinstance.py:1591} INFO - Exporting the following env vars:
AIRFLOW_CTX_DAG_OWNER=***
AIRFLOW_CTX_DAG_ID=Data_Quality_Pipeline
AIRFLOW_CTX_TASK_ID=add_upload_date
AIRFLOW_CTX_EXECUTION_DATE=2022-07-22T17:48:35.066785+00:00
AIRFLOW_CTX_TRY_NUMBER=1
AIRFLOW_CTX_DAG_RUN_ID=manual__2022-07-22T17:48:35.066785+00:00
[2022-07-22 17:48:39,513] {python.py:173} INFO - Done. Returned value was: None
[2022-07-22 17:48:39,597] {taskinstance.py:1420} INFO - Marking task as SUCCESS. dag_id=Data_Quality_Pipeline, task_id=add_upload_date, execution_date=20220722T174835, start_date=20220722T174838, end_date=20220722T174839
[2022-07-22 17:48:39,660] {local_task_job.py:156} INFO - Task exited with return code 0
[2022-07-22 17:48:39,731] {local_task_job.py:273} INFO - 1 downstream tasks scheduled from follow-on schedule check
